2023-11-08 00:09:50,968 [INFO] MainUpdater:2868 - connection check result : 10
2023-11-08 00:09:51,267 [INFO] McuFinderGlobals:76 - Set McuFinderConnectedMode to true
2023-11-08 00:09:51,275 [INFO] MultiScanPanel:200 - Auto-refresh data requested => check proxy status ongoing
2023-11-08 00:09:51,278 [INFO] FinderPluginLoader:95 - Searching for filters in installed packs
2023-11-08 00:09:51,921 [INFO] LoadUrlFilesThread:185 - End of LoadServerUrlFiles without Thread
2023-11-08 00:09:51,921 [INFO] DetailPanel:341 - Set advertising image to C:/Users/erkan/STM32Cube/Repository/\en.prom-stm32h5-mcu-finder.jpg
2023-11-08 00:10:11,950 [INFO] MainUpdater:2868 - connection check result : 10
2023-11-08 00:10:11,950 [INFO] MainUpdater:2868 - connection check result : 10
2023-11-08 00:10:11,967 [INFO] MicroXplorer:468 - Change Database Path : 
2023-11-08 00:10:11,967 [INFO] MicroXplorer:498 - Change Database Version : DB.6.0.92
2023-11-08 00:10:12,010 [WARN] ThirdParty:871 - waiting for thirdparty lock release [close project]
2023-11-08 00:10:12,010 [INFO] ThirdParty:873 - entering critical section [close project]
2023-11-08 00:10:12,010 [INFO] ThirdParty:883 - exiting critical section [close project]
2023-11-08 00:10:12,011 [INFO] PinOutPanel:1499 - setPackage(No Configuration,No Configuration)
2023-11-08 00:10:12,019 [WARN] IpParametersView:151 - Warning: This peripheral hasn't parameters
2023-11-08 00:10:12,029 [WARN] MainPanel:272 - <html><b><center>Warning: This peripheral has no parameters to be configured<br></b></html>
2023-11-08 00:10:12,031 [INFO] UtilMem:75 - Begin LoadConfig() Used Memory: 545576984 Bytes (1020264448)
2023-11-08 00:10:12,032 [INFO] MicroXplorer:468 - Change Database Path : 
2023-11-08 00:10:12,032 [INFO] MicroXplorer:498 - Change Database Version : DB.6.0.92
2023-11-08 00:10:12,032 [INFO] OpenFileManager:308 - Change cursor
2023-11-08 00:10:12,047 [INFO] RulesReader:64 - Compatibility file has been processed (293 Rules)
2023-11-08 00:10:12,053 [INFO] Mcu:1946 - Initializing MCU STM32F407VGTx STM32F407VGTx STM32F407VGT6
2023-11-08 00:10:13,219 [INFO] Context:659 - Trying to add GPIOservice into a context  which must be forbidden
2023-11-08 00:10:13,440 [INFO] ImportTextPane:194 - (OptionalMessage_ERROR) Unable to find key (Mcu.ThirdPartyNb) in loaded IOC file
2023-11-08 00:10:13,440 [INFO] ImportTextPane:194 - (OptionalMessage_ERROR) Unable to find key (Mcu.PinsNb) in loaded IOC file
2023-11-08 00:10:13,440 [INFO] ImportTextPane:194 - (OptionalMessage_ERROR) Unable to find key (Mcu.IPNb) in loaded IOC file
2023-11-08 00:10:13,542 [INFO] RtosManager:555 - Registered RTOS mode: class=CMSIS, group=RTOS, mode=CMSIS_V1, owner=FREERTOS
2023-11-08 00:10:13,542 [INFO] RtosManager:555 - Registered RTOS mode: class=CMSIS, group=RTOS2, mode=CMSIS_V2, owner=FREERTOS
2023-11-08 00:10:13,542 [INFO] RtosManager:555 - Registered RTOS mode: class=RTOS, group=Core, mode=CMSIS_V1, owner=FREERTOS
2023-11-08 00:10:13,542 [INFO] RtosManager:555 - Registered RTOS mode: class=RTOS, group=Core, mode=CMSIS_V2, owner=FREERTOS
2023-11-08 00:10:13,542 [WARN] ModelIntegratedComponent:184 - Missing modes for component STMicroelectronics:FreeRTOS:0.0.1:STMicroelectronics:RTOS:FreeRTOS:Core:::10.2.0:
2023-11-08 00:10:13,551 [WARN] ModelIntegratedComponent:63 - No mode defined for component null
2023-11-08 00:10:13,551 [WARN] ModelIntegratedComponent:63 - No mode defined for component null
2023-11-08 00:10:13,551 [WARN] ModelIntegratedComponent:63 - No mode defined for component null
2023-11-08 00:10:13,551 [WARN] ModelIntegratedComponent:63 - No mode defined for component null
2023-11-08 00:10:13,551 [WARN] ModelIntegratedComponent:63 - No mode defined for component null
2023-11-08 00:10:13,551 [WARN] ModelIntegratedComponent:63 - No mode defined for component null
2023-11-08 00:10:13,551 [WARN] ModelIntegratedComponent:63 - No mode defined for component null
2023-11-08 00:10:13,551 [WARN] ModelIntegratedComponent:63 - No mode defined for component null
2023-11-08 00:10:13,552 [WARN] ModelIntegratedComponent:63 - No mode defined for component null
2023-11-08 00:10:13,552 [WARN] ModelIntegratedComponent:63 - No mode defined for component null
2023-11-08 00:10:13,552 [WARN] ModelIntegratedComponent:63 - No mode defined for component null
2023-11-08 00:10:13,552 [WARN] ModelIntegratedComponent:63 - No mode defined for component null
2023-11-08 00:10:13,552 [WARN] ModelIntegratedComponent:63 - No mode defined for component null
2023-11-08 00:10:13,552 [WARN] ModelIntegratedComponent:63 - No mode defined for component null
2023-11-08 00:10:13,552 [WARN] ModelIntegratedComponent:63 - No mode defined for component null
2023-11-08 00:10:13,552 [WARN] ModelIntegratedComponent:63 - No mode defined for component null
2023-11-08 00:10:13,552 [WARN] ModelIntegratedComponent:63 - No mode defined for component null
2023-11-08 00:10:13,552 [WARN] ModelIntegratedComponent:63 - No mode defined for component null
2023-11-08 00:10:13,552 [WARN] ModelIntegratedComponent:63 - No mode defined for component null
2023-11-08 00:10:13,552 [WARN] ModelIntegratedComponent:63 - No mode defined for component null
2023-11-08 00:10:13,552 [WARN] ModelIntegratedComponent:63 - No mode defined for component null
2023-11-08 00:10:13,552 [WARN] ModelIntegratedComponent:63 - No mode defined for component null
2023-11-08 00:10:13,552 [WARN] ModelIntegratedComponent:63 - No mode defined for component null
2023-11-08 00:10:13,552 [WARN] ModelIntegratedComponent:63 - No mode defined for component null
2023-11-08 00:10:13,552 [WARN] ModelIntegratedComponent:63 - No mode defined for component null
2023-11-08 00:10:13,552 [WARN] ModelIntegratedComponent:63 - No mode defined for component null
2023-11-08 00:10:13,552 [WARN] ModelIntegratedComponent:63 - No mode defined for component null
2023-11-08 00:10:13,552 [WARN] ModelIntegratedComponent:63 - No mode defined for component null
2023-11-08 00:10:13,552 [WARN] ModelIntegratedComponent:63 - No mode defined for component null
2023-11-08 00:10:13,552 [WARN] ModelIntegratedComponent:63 - No mode defined for component null
2023-11-08 00:10:13,552 [WARN] ModelIntegratedComponent:63 - No mode defined for component null
2023-11-08 00:10:13,552 [WARN] ModelIntegratedComponent:63 - No mode defined for component null
2023-11-08 00:10:13,552 [WARN] ModelIntegratedComponent:63 - No mode defined for component null
2023-11-08 00:10:13,665 [INFO] ThirdPartyModel:298 - Start build external matchings
2023-11-08 00:10:14,588 [INFO] ThirdPartyModel:316 - End build external matchings
2023-11-08 00:10:14,877 [INFO] UtilMem:75 - End LoadConfig() Used Memory: 311841496 Bytes (1020264448)
2023-11-08 00:10:14,893 [WARN] ThirdParty:833 - waiting for thirdparty lock release [change project]
2023-11-08 00:10:14,893 [INFO] ThirdParty:835 - entering critical section [change project]
2023-11-08 00:10:14,893 [INFO] ThirdParty:1030 - CMSIS Pack Vendor :STMicroelectronics X-CUBE-ISPU 1.1.0
2023-11-08 00:10:14,893 [INFO] ThirdParty:1030 - CMSIS Pack Vendor :STMicroelectronics USBPD 4.1
2023-11-08 00:10:14,893 [INFO] ThirdParty:1030 - CMSIS Pack Vendor :RoweBots I-CUBE-UNISONRTOS 5.5.0-4
2023-11-08 00:10:14,893 [INFO] ThirdParty:1030 - CMSIS Pack Vendor :STMicroelectronics X-CUBE-GNSS1 6.0.0
2023-11-08 00:10:14,893 [INFO] ThirdParty:1030 - CMSIS Pack Vendor :STMicroelectronics USB_HOST 2.0.0
2023-11-08 00:10:14,893 [INFO] ThirdParty:1030 - CMSIS Pack Vendor :STMicroelectronics X-CUBE-AZRTOS-F4 1.1.0
2023-11-08 00:10:14,894 [INFO] ThirdParty:1030 - CMSIS Pack Vendor :STMicroelectronics LIBJPEG 8.0.0
2023-11-08 00:10:14,894 [INFO] ThirdParty:1030 - CMSIS Pack Vendor :STMicroelectronics X-CUBE-SMBUS 2.1.0
2023-11-08 00:10:14,894 [INFO] ThirdParty:1030 - CMSIS Pack Vendor :STMicroelectronics USB_DEVICE 3.0.0
2023-11-08 00:10:14,894 [INFO] ThirdParty:1030 - CMSIS Pack Vendor :STMicroelectronics X-CUBE-AI 8.0.0
2023-11-08 00:10:14,894 [INFO] ThirdParty:1030 - CMSIS Pack Vendor :STMicroelectronics X-CUBE-AZRTOS-WB 2.0.0
2023-11-08 00:10:14,894 [INFO] ThirdParty:1030 - CMSIS Pack Vendor :STMicroelectronics X-CUBE-FREERTOS 1.0.1
2023-11-08 00:10:14,894 [INFO] ThirdParty:1030 - CMSIS Pack Vendor :STMicroelectronics X-CUBE-TOUCHGFX 4.21.1
2023-11-08 00:10:14,894 [INFO] ThirdParty:1030 - CMSIS Pack Vendor :STMicroelectronics X-CUBE-AZRTOS-F7 1.1.0
2023-11-08 00:10:14,894 [INFO] ThirdParty:1030 - CMSIS Pack Vendor :STMicroelectronics X-CUBE-AZRTOS-L5 2.0.0
2023-11-08 00:10:14,894 [INFO] ThirdParty:1030 - CMSIS Pack Vendor :STMicroelectronics USB_DEVICE 2.0.0
2023-11-08 00:10:14,894 [INFO] ThirdParty:1030 - CMSIS Pack Vendor :STMicroelectronics X-CUBE-AI 7.3.0
2023-11-08 00:10:14,894 [INFO] ThirdParty:1030 - CMSIS Pack Vendor :STMicroelectronics X-CUBE-MEMS1 9.6.0
2023-11-08 00:10:14,894 [INFO] ThirdParty:1030 - CMSIS Pack Vendor :STMicroelectronics X-CUBE-EEPRMA1 4.2.0
2023-11-08 00:10:14,894 [INFO] ThirdParty:1030 - CMSIS Pack Vendor :ITTIA_DB I-CUBE-ITTIADB 8.8.0
2023-11-08 00:10:14,894 [INFO] ThirdParty:1030 - CMSIS Pack Vendor :STMicroelectronics FP-SNS-MOTENV1 4.3.2
2023-11-08 00:10:14,894 [INFO] ThirdParty:1030 - CMSIS Pack Vendor :STMicroelectronics X-CUBE-ALGOBUILD 1.3.0
2023-11-08 00:10:14,894 [INFO] ThirdParty:1030 - CMSIS Pack Vendor :STMicroelectronics X-CUBE-BLE1 6.2.4
2023-11-08 00:10:14,894 [INFO] ThirdParty:1030 - CMSIS Pack Vendor :STMicroelectronics X-CUBE-AZRTOS-L5 1.1.0
2023-11-08 00:10:14,894 [INFO] ThirdParty:1030 - CMSIS Pack Vendor :STMicroelectronics FreeRTOS 0.0.1
2023-11-08 00:10:14,894 [INFO] ThirdParty:1030 - CMSIS Pack Vendor :STMicroelectronics X-CUBE-AZRTOS-G0 1.1.0
2023-11-08 00:10:14,894 [INFO] ThirdParty:1030 - CMSIS Pack Vendor :emotas I-CUBE-CANOPEN 1.1.3
2023-11-08 00:10:14,894 [INFO] ThirdParty:1030 - CMSIS Pack Vendor :STMicroelectronics X-CUBE-BLEMGR 2.0.0
2023-11-08 00:10:14,894 [INFO] ThirdParty:1030 - CMSIS Pack Vendor :STMicroelectronics X-CUBE-NFC4 3.0.0
2023-11-08 00:10:14,894 [INFO] ThirdParty:1030 - CMSIS Pack Vendor :STMicroelectronics X-CUBE-SUBG2 5.0.0
2023-11-08 00:10:14,894 [INFO] ThirdParty:1030 - CMSIS Pack Vendor :STMicroelectronics STM32_WPAN 1.0.0
2023-11-08 00:10:14,894 [INFO] ThirdParty:1030 - CMSIS Pack Vendor :STMicroelectronics lwIP 2.0.3
2023-11-08 00:10:14,894 [INFO] ThirdParty:1030 - CMSIS Pack Vendor :STMicroelectronics FP-SNS-FLIGHT1 5.0.2
2023-11-08 00:10:14,894 [INFO] ThirdParty:1030 - CMSIS Pack Vendor :STMicroelectronics USB_HOST 1.0.0
2023-11-08 00:10:14,894 [INFO] ThirdParty:1030 - CMSIS Pack Vendor :STMicroelectronics X-CUBE-TOF1 3.3.1
2023-11-08 00:10:14,894 [INFO] ThirdParty:1030 - CMSIS Pack Vendor :STMicroelectronics X-CUBE-AZRTOS-G4 2.0.0
2023-11-08 00:10:14,894 [INFO] ThirdParty:1030 - CMSIS Pack Vendor :STMicroelectronics PDM2PCM 3.1.0
2023-11-08 00:10:14,894 [INFO] ThirdParty:1030 - CMSIS Pack Vendor :STMicroelectronics X-CUBE-AZRTOS-H7 3.1.0
2023-11-08 00:10:14,894 [INFO] ThirdParty:1030 - CMSIS Pack Vendor :STMicroelectronics FP-ATR-ASTRA1 1.1.1
2023-11-08 00:10:14,894 [INFO] ThirdParty:1030 - CMSIS Pack Vendor :Infineon AIROC-Wi-Fi-Bluetooth-STM32 1.5.1
2023-11-08 00:10:14,894 [INFO] ThirdParty:1030 - CMSIS Pack Vendor :STMicroelectronics X-CUBE-BLEMGR 3.0.0
2023-11-08 00:10:14,894 [INFO] ThirdParty:1030 - CMSIS Pack Vendor :STMicroelectronics PDM2PCM 3.3.0
2023-11-08 00:10:14,894 [INFO] ThirdParty:1030 - CMSIS Pack Vendor :STMicroelectronics X-CUBE-DISPLAY 3.0.0
2023-11-08 00:10:14,894 [INFO] ThirdParty:1030 - CMSIS Pack Vendor :STMicroelectronics X-CUBE-BLEMGR 1.3.0
2023-11-08 00:10:14,894 [INFO] ThirdParty:1030 - CMSIS Pack Vendor :STMicroelectronics X-CUBE-BLE1 7.0.0
2023-11-08 00:10:14,894 [INFO] ThirdParty:1030 - CMSIS Pack Vendor :STMicroelectronics FP-ATR-SIGFOX1 3.2.0
2023-11-08 00:10:14,894 [INFO] ThirdParty:1030 - CMSIS Pack Vendor :STMicroelectronics X-CUBE-AZRTOS-G4 1.0.0
2023-11-08 00:10:14,894 [INFO] ThirdParty:1030 - CMSIS Pack Vendor :wolfSSL I-CUBE-wolfSSL 5.5.4
2023-11-08 00:10:14,894 [INFO] ThirdParty:1030 - CMSIS Pack Vendor :STMicroelectronics X-CUBE-AZRTOS-L4 1.0.0
2023-11-08 00:10:14,894 [INFO] ThirdParty:1030 - CMSIS Pack Vendor :STMicroelectronics HAL Drivers 0.0.0
2023-11-08 00:10:14,894 [INFO] ThirdParty:1030 - CMSIS Pack Vendor :STMicroelectronics MBEDTLS 2.16.2
2023-11-08 00:10:14,894 [INFO] ThirdParty:1030 - CMSIS Pack Vendor :STMicroelectronics X-CUBE-MEMS1 10.0.0
2023-11-08 00:10:14,894 [INFO] ThirdParty:1030 - CMSIS Pack Vendor :STMicroelectronics X-CUBE-FREERTOS 1.1.0
2023-11-08 00:10:14,894 [INFO] ThirdParty:1030 - CMSIS Pack Vendor :STMicroelectronics X-CUBE-TOUCHGFX 4.22.0
2023-11-08 00:10:14,894 [INFO] ThirdParty:1030 - CMSIS Pack Vendor :STMicroelectronics X-CUBE-NFC7 1.0.1
2023-11-08 00:10:14,894 [INFO] ThirdParty:1030 - CMSIS Pack Vendor :STMicroelectronics MBEDTLS 2.14.1
2023-11-08 00:10:14,894 [INFO] ThirdParty:1030 - CMSIS Pack Vendor :STMicroelectronics X-CUBE-NFC7 1.0.0
2023-11-08 00:10:14,894 [INFO] ThirdParty:1030 - CMSIS Pack Vendor :STMicroelectronics X-CUBE-TOUCHGFX 4.22.1
2023-11-08 00:10:14,894 [INFO] ThirdParty:1030 - CMSIS Pack Vendor :STMicroelectronics X-CUBE-AZRTOS-WL 1.0.0
2023-11-08 00:10:14,894 [INFO] ThirdParty:1030 - CMSIS Pack Vendor :STMicroelectronics X-CUBE-NFC6 3.0.0
2023-11-08 00:10:14,894 [INFO] ThirdParty:1030 - CMSIS Pack Vendor :STMicroelectronics X-CUBE-EEPRMA1 4.1.0
2023-11-08 00:10:14,894 [INFO] ThirdParty:1030 - CMSIS Pack Vendor :portGmbH I-Cube-SoM-uGOAL 1.1.0
2023-11-08 00:10:14,894 [INFO] ThirdParty:1030 - CMSIS Pack Vendor :STMicroelectronics X-CUBE-ALS 1.0.1
2023-11-08 00:10:14,895 [INFO] ThirdParty:1030 - CMSIS Pack Vendor :STMicroelectronics X-CUBE-MEMS1 9.5.0
2023-11-08 00:10:14,895 [INFO] ThirdParty:1030 - CMSIS Pack Vendor :STMicroelectronics ThreadX 1.0.0
2023-11-08 00:10:14,895 [INFO] ThirdParty:1030 - CMSIS Pack Vendor :STMicroelectronics FP-SNS-SMARTAG2 1.2.0
2023-11-08 00:10:14,895 [INFO] ThirdParty:1030 - CMSIS Pack Vendor :STMicroelectronics X-CUBE-AZRTOS-WB 1.1.0
2023-11-08 00:10:14,895 [INFO] ThirdParty:1030 - CMSIS Pack Vendor :STMicroelectronics X-CUBE-AZRTOS-WL 2.0.0
2023-11-08 00:10:14,895 [INFO] ThirdParty:1030 - CMSIS Pack Vendor :SEGGER I-CUBE-embOS 1.3.1
2023-11-08 00:10:14,895 [INFO] ThirdParty:1030 - CMSIS Pack Vendor :STMicroelectronics USB_DEVICE 1.0.0
2023-11-08 00:10:14,895 [INFO] ThirdParty:1030 - CMSIS Pack Vendor :STMicroelectronics X-CUBE-AI 8.1.0
2023-11-08 00:10:14,895 [INFO] ThirdParty:1030 - CMSIS Pack Vendor :STMicroelectronics X-CUBE-AZRTOS-L4 2.0.0
2023-11-08 00:10:14,895 [INFO] ThirdParty:1030 - CMSIS Pack Vendor :STMicroelectronics ThreadX 0.0.2
2023-11-08 00:10:14,895 [INFO] ThirdParty:1030 - CMSIS Pack Vendor :WES I-CUBE-Cesium 1.3.0
2023-11-08 00:10:14,895 [INFO] ThirdParty:1030 - CMSIS Pack Vendor :STMicroelectronics FP-ATR-ASTRA1 2.0.0
2023-11-08 00:10:14,895 [INFO] ThirdParty:1030 - CMSIS Pack Vendor :STMicroelectronics lwIP 2.1.2
2023-11-08 00:10:14,895 [INFO] ThirdParty:1030 - CMSIS Pack Vendor :STMicroelectronics X-CUBE-SFXS2LP1 4.0.0
2023-11-08 00:10:14,895 [INFO] ThirdParty:1030 - CMSIS Pack Vendor :STMicroelectronics X-CUBE-BLE2 3.3.0
2023-11-08 00:10:14,895 [INFO] ThirdParty:1030 - CMSIS Pack Vendor :STMicroelectronics X-CUBE-TOF1 3.2.0
2023-11-08 00:10:14,895 [INFO] ThirdParty:1030 - CMSIS Pack Vendor :STMicroelectronics PDM2PCM 3.2.0
2023-11-08 00:10:14,895 [INFO] ThirdParty:1030 - CMSIS Pack Vendor :STMicroelectronics X-CUBE-AZRTOS-H7 3.0.0
2023-11-08 00:10:14,895 [INFO] ThirdParty:841 - exiting critical section [change project]
2023-11-08 00:10:15,031 [INFO] PinOutPanel:1499 - setPackage(No Configuration,No Configuration)
2023-11-08 00:10:15,033 [INFO] PinOutPanel:1499 - setPackage(STM32F407VGTx,LQFP100)
2023-11-08 00:10:15,204 [INFO] UtilMem:75 - Before build in PCC Used Memory: 337444160 Bytes (1042284544)
2023-11-08 00:10:15,367 [INFO] UtilMem:75 - After build in PCC Used Memory: 382004080 Bytes (1042284544)
2023-11-08 00:10:15,384 [INFO] IPUIPlugin:80 - create IPUIPlugin
2023-11-08 00:10:15,384 [INFO] IPUIPlugin:80 - create IPUIPlugin
2023-11-08 00:10:15,384 [INFO] IPUIPlugin:80 - create IPUIPlugin
2023-11-08 00:10:15,384 [INFO] IPUIPlugin:80 - create IPUIPlugin
2023-11-08 00:10:15,384 [INFO] IPUIPlugin:80 - create IPUIPlugin
2023-11-08 00:10:15,384 [INFO] IPUIPlugin:80 - create IPUIPlugin
2023-11-08 00:10:15,385 [INFO] IPUIPlugin:80 - create IPUIPlugin
2023-11-08 00:10:15,385 [INFO] IPUIPlugin:80 - create IPUIPlugin
2023-11-08 00:10:15,385 [INFO] IPUIPlugin:80 - create IPUIPlugin
2023-11-08 00:10:15,385 [INFO] IPUIPlugin:80 - create IPUIPlugin
2023-11-08 00:10:15,385 [INFO] IPUIPlugin:80 - create IPUIPlugin
2023-11-08 00:10:15,385 [INFO] IPUIPlugin:80 - create IPUIPlugin
2023-11-08 00:10:15,385 [INFO] IPUIPlugin:80 - create IPUIPlugin
2023-11-08 00:10:15,385 [INFO] IPUIPlugin:80 - create IPUIPlugin
2023-11-08 00:10:15,385 [INFO] IPUIPlugin:80 - create IPUIPlugin
2023-11-08 00:10:15,385 [INFO] IPUIPlugin:80 - create IPUIPlugin
2023-11-08 00:10:15,385 [INFO] IPUIPlugin:80 - create IPUIPlugin
2023-11-08 00:10:15,385 [INFO] IPUIPlugin:80 - create IPUIPlugin
2023-11-08 00:10:15,385 [INFO] IPUIPlugin:80 - create IPUIPlugin
2023-11-08 00:10:15,385 [INFO] IPUIPlugin:80 - create IPUIPlugin
2023-11-08 00:10:15,386 [INFO] IPUIPlugin:80 - create IPUIPlugin
2023-11-08 00:10:15,386 [INFO] IPUIPlugin:80 - create IPUIPlugin
2023-11-08 00:10:15,386 [INFO] IPUIPlugin:80 - create IPUIPlugin
2023-11-08 00:10:15,386 [INFO] IPUIPlugin:80 - create IPUIPlugin
2023-11-08 00:10:15,386 [INFO] IPUIPlugin:80 - create IPUIPlugin
2023-11-08 00:10:15,386 [INFO] IPUIPlugin:80 - create IPUIPlugin
2023-11-08 00:10:15,386 [INFO] IPUIPlugin:80 - create IPUIPlugin
2023-11-08 00:10:15,386 [INFO] IPUIPlugin:80 - create IPUIPlugin
2023-11-08 00:10:15,386 [INFO] IPUIPlugin:80 - create IPUIPlugin
2023-11-08 00:10:15,387 [INFO] IPUIPlugin:80 - create IPUIPlugin
2023-11-08 00:10:15,387 [INFO] IPUIPlugin:80 - create IPUIPlugin
2023-11-08 00:10:15,387 [INFO] IPUIPlugin:80 - create IPUIPlugin
2023-11-08 00:10:15,387 [INFO] IPUIPlugin:80 - create IPUIPlugin
2023-11-08 00:10:15,387 [INFO] IPUIPlugin:80 - create IPUIPlugin
2023-11-08 00:10:15,387 [INFO] IPUIPlugin:80 - create IPUIPlugin
2023-11-08 00:10:15,387 [INFO] IPUIPlugin:80 - create IPUIPlugin
2023-11-08 00:10:15,387 [INFO] IPUIPlugin:80 - create IPUIPlugin
2023-11-08 00:10:15,387 [INFO] IPUIPlugin:80 - create IPUIPlugin
2023-11-08 00:10:15,387 [INFO] IPUIPlugin:80 - create IPUIPlugin
2023-11-08 00:10:15,387 [INFO] IPUIPlugin:80 - create IPUIPlugin
2023-11-08 00:10:15,387 [INFO] IPUIPlugin:80 - create IPUIPlugin
2023-11-08 00:10:15,388 [INFO] IPUIPlugin:80 - create IPUIPlugin
2023-11-08 00:10:15,388 [INFO] IPUIPlugin:80 - create IPUIPlugin
2023-11-08 00:10:15,388 [INFO] IPUIPlugin:80 - create IPUIPlugin
2023-11-08 00:10:15,388 [INFO] IPUIPlugin:80 - create IPUIPlugin
2023-11-08 00:10:15,388 [INFO] IPUIPlugin:80 - create IPUIPlugin
2023-11-08 00:10:15,388 [INFO] IPUIPlugin:80 - create IPUIPlugin
2023-11-08 00:10:15,389 [INFO] IPUIPlugin:80 - create IPUIPlugin
2023-11-08 00:10:15,389 [INFO] IPUIPlugin:80 - create IPUIPlugin
2023-11-08 00:10:15,389 [INFO] IPUIPlugin:80 - create IPUIPlugin
2023-11-08 00:10:15,389 [INFO] IPUIPlugin:80 - create IPUIPlugin
2023-11-08 00:10:15,389 [INFO] IPUIPlugin:80 - create IPUIPlugin
2023-11-08 00:10:15,390 [INFO] IPUIPlugin:80 - create IPUIPlugin
2023-11-08 00:10:15,390 [INFO] IPUIPlugin:80 - create IPUIPlugin
2023-11-08 00:10:15,390 [INFO] IPUIPlugin:80 - create IPUIPlugin
2023-11-08 00:10:15,391 [INFO] IPUIPlugin:80 - create IPUIPlugin
2023-11-08 00:10:15,391 [INFO] IPUIPlugin:80 - create IPUIPlugin
2023-11-08 00:10:15,391 [INFO] IPUIPlugin:80 - create IPUIPlugin
2023-11-08 00:10:15,394 [INFO] ApiDbMcu:507 - Load IP Config File for PDM2PCM
2023-11-08 00:10:15,417 [INFO] CADModel:165 - CPN selected for project levelSTM32F407VGT6
2023-11-08 00:10:15,417 [INFO] CADModel:114 - Register for checkConnection events
2023-11-08 00:10:15,466 [INFO] OpenFileManager:328 - Restore cursor
2023-11-08 00:10:15,802 [INFO] UtilMem:75 - End SaveConfig() Used Memory: 485813104 Bytes (1042284544)
2023-11-08 00:10:15,873 [INFO] UtilMem:75 - End SaveConfig() Used Memory: 511501168 Bytes (1042284544)
2023-11-08 00:10:16,036 [INFO] BlockDiagram:2759 - set Specific Code input for plugin: RCC
2023-11-08 00:10:16,036 [INFO] BlockDiagram:2759 - set Specific Code input for plugin: NVIC
2023-11-08 00:10:16,038 [INFO] CodeGenerator:799 - code generatio: config db path: C:\ST\STM32CubeIDE_1.11.2\STM32CubeIDE\plugins\com.st.stm32cube.common.mx_6.9.2.202309101412\\db\
2023-11-08 00:10:16,148 [INFO] CodeEngine:255 - oldGeneratedFile, C:\Users\erkan\STM32CubeIDE\workspace_1.11.2\MFK_HAL_TIM_014\MXTmpFiles\license.tmp_save
2023-11-08 00:10:16,231 [INFO] CodeEngine:279 - Generated code: C:\Users\erkan\STM32CubeIDE\workspace_1.11.2\MFK_HAL_TIM_014\MXTmpFiles\license.tmp
2023-11-08 00:10:16,244 [INFO] CodeEngine:255 - oldGeneratedFile, C:\Users\erkan\STM32CubeIDE\workspace_1.11.2\MFK_HAL_TIM_014\Core\Src\stm32f4xx_it.c_save
2023-11-08 00:10:16,389 [INFO] CodeEngine:279 - Generated code: C:\Users\erkan\STM32CubeIDE\workspace_1.11.2\MFK_HAL_TIM_014\Core\Src\stm32f4xx_it.c
2023-11-08 00:10:16,395 [INFO] CodeEngine:255 - oldGeneratedFile, C:\Users\erkan\STM32CubeIDE\workspace_1.11.2\MFK_HAL_TIM_014\Core\Inc\stm32f4xx_it.h_save
2023-11-08 00:10:16,459 [INFO] CodeEngine:279 - Generated code: C:\Users\erkan\STM32CubeIDE\workspace_1.11.2\MFK_HAL_TIM_014\Core\Inc\stm32f4xx_it.h
2023-11-08 00:10:16,487 [INFO] CodeEngine:255 - oldGeneratedFile, C:\Users\erkan\STM32CubeIDE\workspace_1.11.2\MFK_HAL_TIM_014\Core\Src\stm32f4xx_hal_msp.c_save
2023-11-08 00:10:16,586 [INFO] CodeEngine:279 - Generated code: C:\Users\erkan\STM32CubeIDE\workspace_1.11.2\MFK_HAL_TIM_014\Core\Src\stm32f4xx_hal_msp.c
2023-11-08 00:10:16,591 [INFO] CodeEngine:255 - oldGeneratedFile, C:\Users\erkan\STM32CubeIDE\workspace_1.11.2\MFK_HAL_TIM_014\MXTmpFiles\system.tmp_save
2023-11-08 00:10:16,662 [INFO] CodeEngine:279 - Generated code: C:\Users\erkan\STM32CubeIDE\workspace_1.11.2\MFK_HAL_TIM_014\MXTmpFiles\system.tmp
2023-11-08 00:10:16,674 [INFO] CodeEngine:311 - oldGeneratedFile, C:\Users\erkan\STM32CubeIDE\workspace_1.11.2\MFK_HAL_TIM_014\Core\Inc\stm32f4xx_hal_conf.h_save
2023-11-08 00:10:16,785 [INFO] CodeEngine:335 - Generated code: C:\Users\erkan\STM32CubeIDE\workspace_1.11.2\MFK_HAL_TIM_014\Core\Inc\stm32f4xx_hal_conf.h
2023-11-08 00:10:16,819 [INFO] CodeEngine:255 - oldGeneratedFile, C:\Users\erkan\STM32CubeIDE\workspace_1.11.2\MFK_HAL_TIM_014\Core\Inc\main.h_save
2023-11-08 00:10:16,922 [INFO] CodeEngine:279 - Generated code: C:\Users\erkan\STM32CubeIDE\workspace_1.11.2\MFK_HAL_TIM_014\Core\Inc\main.h
2023-11-08 00:10:16,927 [INFO] CodeEngine:255 - oldGeneratedFile, C:\Users\erkan\STM32CubeIDE\workspace_1.11.2\MFK_HAL_TIM_014\Core\Src\main.c_save
2023-11-08 00:10:17,028 [INFO] CodeEngine:279 - Generated code: C:\Users\erkan\STM32CubeIDE\workspace_1.11.2\MFK_HAL_TIM_014\Core\Src\main.c
2023-11-08 00:10:17,728 [INFO] ProjectBuilder:3064 - Time for Copy HAL[1] : 196mS.
2023-11-08 00:10:17,732 [INFO] ProjectBuilder:4404 - Project Generator version: 4.1.0
2023-11-08 00:10:17,920 [INFO] ConfigFileManager:1457 - The Die is : DIE413
2023-11-08 00:10:17,925 [INFO] ApiDbMcu:507 - Load IP Config File for FATFS
2023-11-08 00:10:17,929 [INFO] ApiDbMcu:507 - Load IP Config File for FREERTOS
2023-11-08 00:10:17,931 [INFO] ApiDbMcu:507 - Load IP Config File for LIBJPEG
2023-11-08 00:10:17,936 [INFO] ApiDbMcu:507 - Load IP Config File for LWIP
2023-11-08 00:10:17,941 [INFO] ApiDbMcu:507 - Load IP Config File for MBEDTLS
2023-11-08 00:10:17,946 [INFO] ApiDbMcu:507 - Load IP Config File for USB_DEVICE
2023-11-08 00:10:17,950 [INFO] ApiDbMcu:507 - Load IP Config File for USB_HOST
2023-11-08 00:10:20,373 [INFO] ProjectBuilder:4626 - Time for Generating toolchain IDE Files: 2641mS.
2023-11-08 00:10:20,375 [INFO] ProjectBuilder:2935 - Time for Copy CMSIS : 1mS.
2023-11-08 00:10:20,378 [INFO] ProjectBuilder:2935 - Time for Copy CMSIS : 0mS.
2023-11-08 00:10:20,731 [INFO] McuFinderGlobals:76 - Set McuFinderConnectedMode to true
2023-11-08 00:10:20,734 [INFO] ApiDb:448 - Save user favorites file C:\Users\erkan/.stm32cubeide/favorites.mcus.txt: 0 item(s)
2023-11-08 00:10:20,734 [INFO] ApiDb:452 - User favorites MCUs=[]
2023-11-08 00:18:05,210 [INFO] NvicIntPanel:101 - NVIC parent = com.st.microxplorer.plugins.ip.nvic.MultiNvicIntPanel[,0,0,0x0,invalid,layout=javax.swing.BoxLayout,alignmentX=0.0,alignmentY=0.0,border=,flags=9,maximumSize=,minimumSize=,preferredSize=]
2023-11-08 00:19:38,440 [INFO] NvicIntPanel:101 - NVIC parent = com.st.microxplorer.plugins.ip.nvic.MultiNvicIntPanel[,0,0,0x0,invalid,layout=javax.swing.BoxLayout,alignmentX=0.0,alignmentY=0.0,border=,flags=9,maximumSize=,minimumSize=,preferredSize=]
2023-11-08 00:19:41,517 [INFO] NvicIntPanel:101 - NVIC parent = com.st.microxplorer.plugins.ip.nvic.MultiNvicIntPanel[,0,0,0x0,invalid,layout=javax.swing.BoxLayout,alignmentX=0.0,alignmentY=0.0,border=,flags=9,maximumSize=,minimumSize=,preferredSize=]
2023-11-08 00:19:44,562 [INFO] NvicIntPanel:101 - NVIC parent = com.st.microxplorer.plugins.ip.nvic.MultiNvicIntPanel[,0,0,0x0,invalid,layout=javax.swing.BoxLayout,alignmentX=0.0,alignmentY=0.0,border=,flags=9,maximumSize=,minimumSize=,preferredSize=]
2023-11-08 00:19:47,690 [INFO] NvicIntPanel:101 - NVIC parent = com.st.microxplorer.plugins.ip.nvic.MultiNvicIntPanel[,0,0,0x0,invalid,layout=javax.swing.BoxLayout,alignmentX=0.0,alignmentY=0.0,border=,flags=9,maximumSize=,minimumSize=,preferredSize=]
2023-11-08 00:23:14,512 [INFO] NvicIntPanel:101 - NVIC parent = com.st.microxplorer.plugins.ip.nvic.MultiNvicIntPanel[,0,0,0x0,invalid,layout=javax.swing.BoxLayout,alignmentX=0.0,alignmentY=0.0,border=,flags=9,maximumSize=,minimumSize=,preferredSize=]
2023-11-08 00:23:16,452 [INFO] NvicIntPanel:101 - NVIC parent = com.st.microxplorer.plugins.ip.nvic.MultiNvicIntPanel[,0,0,0x0,invalid,layout=javax.swing.BoxLayout,alignmentX=0.0,alignmentY=0.0,border=,flags=9,maximumSize=,minimumSize=,preferredSize=]
2023-11-08 00:23:18,251 [INFO] NvicIntPanel:101 - NVIC parent = com.st.microxplorer.plugins.ip.nvic.MultiNvicIntPanel[,0,0,0x0,invalid,layout=javax.swing.BoxLayout,alignmentX=0.0,alignmentY=0.0,border=,flags=9,maximumSize=,minimumSize=,preferredSize=]
2023-11-08 00:23:22,274 [INFO] NvicIntPanel:101 - NVIC parent = com.st.microxplorer.plugins.ip.nvic.MultiNvicIntPanel[,0,0,0x0,invalid,layout=javax.swing.BoxLayout,alignmentX=0.0,alignmentY=0.0,border=,flags=9,maximumSize=,minimumSize=,preferredSize=]
2023-11-08 00:24:01,250 [INFO] UtilMem:75 - End SaveConfig() Used Memory: 375530168 Bytes (954204160)
2023-11-08 00:24:02,471 [INFO] UtilMem:75 - End SaveConfig() Used Memory: 402793200 Bytes (954204160)
2023-11-08 00:24:03,574 [INFO] UtilMem:75 - End SaveConfig() Used Memory: 520760048 Bytes (954204160)
2023-11-08 00:24:03,768 [INFO] BlockDiagram:2759 - set Specific Code input for plugin: TIM1_8
2023-11-08 00:24:03,769 [INFO] BlockDiagram:2759 - set Specific Code input for plugin: SYS
2023-11-08 00:24:03,769 [INFO] BlockDiagram:2759 - set Specific Code input for plugin: RCC
2023-11-08 00:24:03,769 [INFO] BlockDiagram:2759 - set Specific Code input for plugin: NVIC
2023-11-08 00:24:03,769 [INFO] BlockDiagram:2759 - set Specific Code input for plugin: GPIO
2023-11-08 00:24:03,771 [INFO] CodeGenerator:799 - code generatio: config db path: C:\ST\STM32CubeIDE_1.11.2\STM32CubeIDE\plugins\com.st.stm32cube.common.mx_6.9.2.202309101412\\db\
2023-11-08 00:24:03,910 [INFO] CodeEngine:255 - oldGeneratedFile, C:\Users\erkan\STM32CubeIDE\workspace_1.11.2\MFK_HAL_TIM_014\MXTmpFiles\license.tmp_save
2023-11-08 00:24:04,000 [INFO] CodeEngine:279 - Generated code: C:\Users\erkan\STM32CubeIDE\workspace_1.11.2\MFK_HAL_TIM_014\MXTmpFiles\license.tmp
2023-11-08 00:24:04,030 [INFO] CodeEngine:255 - oldGeneratedFile, C:\Users\erkan\STM32CubeIDE\workspace_1.11.2\MFK_HAL_TIM_014\MXTmpFiles\gpio.tmp_save
2023-11-08 00:24:04,128 [INFO] CodeEngine:279 - Generated code: C:\Users\erkan\STM32CubeIDE\workspace_1.11.2\MFK_HAL_TIM_014\MXTmpFiles\gpio.tmp
2023-11-08 00:24:04,188 [INFO] CodeEngine:255 - oldGeneratedFile, C:\Users\erkan\STM32CubeIDE\workspace_1.11.2\MFK_HAL_TIM_014\Core\Src\stm32f4xx_it.c_save
2023-11-08 00:24:04,315 [INFO] CodeEngine:279 - Generated code: C:\Users\erkan\STM32CubeIDE\workspace_1.11.2\MFK_HAL_TIM_014\Core\Src\stm32f4xx_it.c
2023-11-08 00:24:04,326 [INFO] CodeEngine:255 - oldGeneratedFile, C:\Users\erkan\STM32CubeIDE\workspace_1.11.2\MFK_HAL_TIM_014\Core\Inc\stm32f4xx_it.h_save
2023-11-08 00:24:04,395 [INFO] CodeEngine:279 - Generated code: C:\Users\erkan\STM32CubeIDE\workspace_1.11.2\MFK_HAL_TIM_014\Core\Inc\stm32f4xx_it.h
2023-11-08 00:24:04,420 [INFO] CodeEngine:255 - oldGeneratedFile, C:\Users\erkan\STM32CubeIDE\workspace_1.11.2\MFK_HAL_TIM_014\Core\Src\stm32f4xx_hal_msp.c_save
2023-11-08 00:24:04,530 [INFO] CodeEngine:279 - Generated code: C:\Users\erkan\STM32CubeIDE\workspace_1.11.2\MFK_HAL_TIM_014\Core\Src\stm32f4xx_hal_msp.c
2023-11-08 00:24:04,536 [INFO] CodeEngine:255 - oldGeneratedFile, C:\Users\erkan\STM32CubeIDE\workspace_1.11.2\MFK_HAL_TIM_014\MXTmpFiles\system.tmp_save
2023-11-08 00:24:04,591 [INFO] CodeEngine:279 - Generated code: C:\Users\erkan\STM32CubeIDE\workspace_1.11.2\MFK_HAL_TIM_014\MXTmpFiles\system.tmp
2023-11-08 00:24:04,609 [INFO] CodeEngine:311 - oldGeneratedFile, C:\Users\erkan\STM32CubeIDE\workspace_1.11.2\MFK_HAL_TIM_014\Core\Inc\stm32f4xx_hal_conf.h_save
2023-11-08 00:24:04,705 [INFO] CodeEngine:335 - Generated code: C:\Users\erkan\STM32CubeIDE\workspace_1.11.2\MFK_HAL_TIM_014\Core\Inc\stm32f4xx_hal_conf.h
2023-11-08 00:24:04,733 [WARN] IPConfigManager:3431 - IP not found : TIM
2023-11-08 00:24:04,733 [WARN] CodeGenerator:3764 - IP not found : null
2023-11-08 00:24:04,749 [INFO] CodeEngine:255 - oldGeneratedFile, C:\Users\erkan\STM32CubeIDE\workspace_1.11.2\MFK_HAL_TIM_014\Core\Inc\main.h_save
2023-11-08 00:24:04,845 [INFO] CodeEngine:279 - Generated code: C:\Users\erkan\STM32CubeIDE\workspace_1.11.2\MFK_HAL_TIM_014\Core\Inc\main.h
2023-11-08 00:24:04,862 [INFO] CodeEngine:255 - oldGeneratedFile, C:\Users\erkan\STM32CubeIDE\workspace_1.11.2\MFK_HAL_TIM_014\Core\Src\main.c_save
2023-11-08 00:24:04,979 [INFO] CodeEngine:279 - Generated code: C:\Users\erkan\STM32CubeIDE\workspace_1.11.2\MFK_HAL_TIM_014\Core\Src\main.c
2023-11-08 00:24:05,705 [INFO] ProjectBuilder:3064 - Time for Copy HAL[1] : 271mS.
2023-11-08 00:24:05,709 [INFO] ProjectBuilder:4404 - Project Generator version: 4.1.0
2023-11-08 00:24:05,894 [INFO] ConfigFileManager:1457 - The Die is : DIE413
2023-11-08 00:24:06,976 [INFO] ProjectBuilder:4626 - Time for Generating toolchain IDE Files: 1267mS.
2023-11-08 00:24:06,977 [INFO] ProjectBuilder:2935 - Time for Copy CMSIS : 1mS.
2023-11-08 00:24:06,980 [INFO] ProjectBuilder:2935 - Time for Copy CMSIS : 0mS.
2023-11-08 00:29:34,203 [INFO] NvicIntPanel:101 - NVIC parent = com.st.microxplorer.plugins.ip.nvic.MultiNvicIntPanel[,0,0,0x0,invalid,layout=javax.swing.BoxLayout,alignmentX=0.0,alignmentY=0.0,border=,flags=9,maximumSize=,minimumSize=,preferredSize=]
2023-11-08 00:29:37,097 [INFO] NvicIntPanel:101 - NVIC parent = com.st.microxplorer.plugins.ip.nvic.MultiNvicIntPanel[,0,0,0x0,invalid,layout=javax.swing.BoxLayout,alignmentX=0.0,alignmentY=0.0,border=,flags=9,maximumSize=,minimumSize=,preferredSize=]
2023-11-08 00:29:39,915 [INFO] UtilMem:75 - End SaveConfig() Used Memory: 681113632 Bytes (1016070144)
2023-11-08 00:29:43,807 [INFO] UtilMem:75 - End SaveConfig() Used Memory: 709951520 Bytes (1016070144)
2023-11-08 00:29:44,253 [INFO] UtilMem:75 - End SaveConfig() Used Memory: 789151200 Bytes (1016070144)
2023-11-08 00:29:44,412 [INFO] BlockDiagram:2759 - set Specific Code input for plugin: TIM1_8
2023-11-08 00:29:44,412 [INFO] BlockDiagram:2759 - set Specific Code input for plugin: SYS
2023-11-08 00:29:44,412 [INFO] BlockDiagram:2759 - set Specific Code input for plugin: RCC
2023-11-08 00:29:44,412 [INFO] BlockDiagram:2759 - set Specific Code input for plugin: NVIC
2023-11-08 00:29:44,412 [INFO] BlockDiagram:2759 - set Specific Code input for plugin: GPIO
2023-11-08 00:29:44,414 [INFO] CodeGenerator:799 - code generatio: config db path: C:\ST\STM32CubeIDE_1.11.2\STM32CubeIDE\plugins\com.st.stm32cube.common.mx_6.9.2.202309101412\\db\
2023-11-08 00:29:44,599 [INFO] CodeEngine:255 - oldGeneratedFile, C:\Users\erkan\STM32CubeIDE\workspace_1.11.2\MFK_HAL_TIM_014\MXTmpFiles\license.tmp_save
2023-11-08 00:29:44,675 [INFO] CodeEngine:279 - Generated code: C:\Users\erkan\STM32CubeIDE\workspace_1.11.2\MFK_HAL_TIM_014\MXTmpFiles\license.tmp
2023-11-08 00:29:44,708 [INFO] CodeEngine:255 - oldGeneratedFile, C:\Users\erkan\STM32CubeIDE\workspace_1.11.2\MFK_HAL_TIM_014\MXTmpFiles\gpio.tmp_save
2023-11-08 00:29:44,784 [INFO] CodeEngine:279 - Generated code: C:\Users\erkan\STM32CubeIDE\workspace_1.11.2\MFK_HAL_TIM_014\MXTmpFiles\gpio.tmp
2023-11-08 00:29:44,838 [INFO] CodeEngine:255 - oldGeneratedFile, C:\Users\erkan\STM32CubeIDE\workspace_1.11.2\MFK_HAL_TIM_014\Core\Src\stm32f4xx_it.c_save
2023-11-08 00:29:44,913 [INFO] CodeEngine:279 - Generated code: C:\Users\erkan\STM32CubeIDE\workspace_1.11.2\MFK_HAL_TIM_014\Core\Src\stm32f4xx_it.c
2023-11-08 00:29:44,920 [INFO] CodeEngine:255 - oldGeneratedFile, C:\Users\erkan\STM32CubeIDE\workspace_1.11.2\MFK_HAL_TIM_014\Core\Inc\stm32f4xx_it.h_save
2023-11-08 00:29:44,979 [INFO] CodeEngine:279 - Generated code: C:\Users\erkan\STM32CubeIDE\workspace_1.11.2\MFK_HAL_TIM_014\Core\Inc\stm32f4xx_it.h
2023-11-08 00:29:45,002 [INFO] CodeEngine:255 - oldGeneratedFile, C:\Users\erkan\STM32CubeIDE\workspace_1.11.2\MFK_HAL_TIM_014\Core\Src\stm32f4xx_hal_msp.c_save
2023-11-08 00:29:45,084 [INFO] CodeEngine:279 - Generated code: C:\Users\erkan\STM32CubeIDE\workspace_1.11.2\MFK_HAL_TIM_014\Core\Src\stm32f4xx_hal_msp.c
2023-11-08 00:29:45,089 [INFO] CodeEngine:255 - oldGeneratedFile, C:\Users\erkan\STM32CubeIDE\workspace_1.11.2\MFK_HAL_TIM_014\MXTmpFiles\system.tmp_save
2023-11-08 00:29:45,153 [INFO] CodeEngine:279 - Generated code: C:\Users\erkan\STM32CubeIDE\workspace_1.11.2\MFK_HAL_TIM_014\MXTmpFiles\system.tmp
2023-11-08 00:29:45,174 [INFO] CodeEngine:311 - oldGeneratedFile, C:\Users\erkan\STM32CubeIDE\workspace_1.11.2\MFK_HAL_TIM_014\Core\Inc\stm32f4xx_hal_conf.h_save
2023-11-08 00:29:45,260 [INFO] CodeEngine:335 - Generated code: C:\Users\erkan\STM32CubeIDE\workspace_1.11.2\MFK_HAL_TIM_014\Core\Inc\stm32f4xx_hal_conf.h
2023-11-08 00:29:45,280 [WARN] IPConfigManager:3431 - IP not found : TIM
2023-11-08 00:29:45,280 [WARN] CodeGenerator:3764 - IP not found : null
2023-11-08 00:29:45,296 [INFO] CodeEngine:255 - oldGeneratedFile, C:\Users\erkan\STM32CubeIDE\workspace_1.11.2\MFK_HAL_TIM_014\Core\Inc\main.h_save
2023-11-08 00:29:45,369 [INFO] CodeEngine:279 - Generated code: C:\Users\erkan\STM32CubeIDE\workspace_1.11.2\MFK_HAL_TIM_014\Core\Inc\main.h
2023-11-08 00:29:45,383 [INFO] CodeEngine:255 - oldGeneratedFile, C:\Users\erkan\STM32CubeIDE\workspace_1.11.2\MFK_HAL_TIM_014\Core\Src\main.c_save
2023-11-08 00:29:45,483 [INFO] CodeEngine:279 - Generated code: C:\Users\erkan\STM32CubeIDE\workspace_1.11.2\MFK_HAL_TIM_014\Core\Src\main.c
2023-11-08 00:29:45,944 [INFO] ProjectBuilder:3064 - Time for Copy HAL[1] : 204mS.
2023-11-08 00:29:45,947 [INFO] ProjectBuilder:4404 - Project Generator version: 4.1.0
2023-11-08 00:29:46,219 [INFO] ConfigFileManager:1457 - The Die is : DIE413
2023-11-08 00:29:47,295 [INFO] ProjectBuilder:4626 - Time for Generating toolchain IDE Files: 1348mS.
2023-11-08 00:29:47,297 [INFO] ProjectBuilder:2935 - Time for Copy CMSIS : 1mS.
2023-11-08 00:29:47,300 [INFO] ProjectBuilder:2935 - Time for Copy CMSIS : 0mS.
2023-11-08 00:32:32,589 [INFO] NvicIntPanel:101 - NVIC parent = com.st.microxplorer.plugins.ip.nvic.MultiNvicIntPanel[,0,0,0x0,invalid,layout=javax.swing.BoxLayout,alignmentX=0.0,alignmentY=0.0,border=,flags=9,maximumSize=,minimumSize=,preferredSize=]
2023-11-08 00:32:47,266 [INFO] UtilMem:75 - End SaveConfig() Used Memory: 375098240 Bytes (1049624576)
2023-11-08 00:32:48,072 [INFO] UtilMem:75 - End SaveConfig() Used Memory: 402361216 Bytes (1049624576)
2023-11-08 00:32:48,550 [INFO] UtilMem:75 - End SaveConfig() Used Memory: 441684864 Bytes (1049624576)
2023-11-08 00:32:48,743 [INFO] BlockDiagram:2759 - set Specific Code input for plugin: TIM1_8
2023-11-08 00:32:48,743 [INFO] BlockDiagram:2759 - set Specific Code input for plugin: SYS
2023-11-08 00:32:48,743 [INFO] BlockDiagram:2759 - set Specific Code input for plugin: RCC
2023-11-08 00:32:48,743 [INFO] BlockDiagram:2759 - set Specific Code input for plugin: NVIC
2023-11-08 00:32:48,744 [INFO] BlockDiagram:2759 - set Specific Code input for plugin: GPIO
2023-11-08 00:32:48,746 [INFO] CodeGenerator:799 - code generatio: config db path: C:\ST\STM32CubeIDE_1.11.2\STM32CubeIDE\plugins\com.st.stm32cube.common.mx_6.9.2.202309101412\\db\
2023-11-08 00:32:48,900 [INFO] CodeEngine:255 - oldGeneratedFile, C:\Users\erkan\STM32CubeIDE\workspace_1.11.2\MFK_HAL_TIM_014\MXTmpFiles\license.tmp_save
2023-11-08 00:32:48,973 [INFO] CodeEngine:279 - Generated code: C:\Users\erkan\STM32CubeIDE\workspace_1.11.2\MFK_HAL_TIM_014\MXTmpFiles\license.tmp
2023-11-08 00:32:48,989 [INFO] CodeEngine:255 - oldGeneratedFile, C:\Users\erkan\STM32CubeIDE\workspace_1.11.2\MFK_HAL_TIM_014\MXTmpFiles\gpio.tmp_save
2023-11-08 00:32:49,062 [INFO] CodeEngine:279 - Generated code: C:\Users\erkan\STM32CubeIDE\workspace_1.11.2\MFK_HAL_TIM_014\MXTmpFiles\gpio.tmp
2023-11-08 00:32:49,112 [INFO] CodeEngine:255 - oldGeneratedFile, C:\Users\erkan\STM32CubeIDE\workspace_1.11.2\MFK_HAL_TIM_014\Core\Src\stm32f4xx_it.c_save
2023-11-08 00:32:49,183 [INFO] CodeEngine:279 - Generated code: C:\Users\erkan\STM32CubeIDE\workspace_1.11.2\MFK_HAL_TIM_014\Core\Src\stm32f4xx_it.c
2023-11-08 00:32:49,189 [INFO] CodeEngine:255 - oldGeneratedFile, C:\Users\erkan\STM32CubeIDE\workspace_1.11.2\MFK_HAL_TIM_014\Core\Inc\stm32f4xx_it.h_save
2023-11-08 00:32:49,246 [INFO] CodeEngine:279 - Generated code: C:\Users\erkan\STM32CubeIDE\workspace_1.11.2\MFK_HAL_TIM_014\Core\Inc\stm32f4xx_it.h
2023-11-08 00:32:49,265 [INFO] CodeEngine:255 - oldGeneratedFile, C:\Users\erkan\STM32CubeIDE\workspace_1.11.2\MFK_HAL_TIM_014\Core\Src\stm32f4xx_hal_msp.c_save
2023-11-08 00:32:49,346 [INFO] CodeEngine:279 - Generated code: C:\Users\erkan\STM32CubeIDE\workspace_1.11.2\MFK_HAL_TIM_014\Core\Src\stm32f4xx_hal_msp.c
2023-11-08 00:32:49,351 [INFO] CodeEngine:255 - oldGeneratedFile, C:\Users\erkan\STM32CubeIDE\workspace_1.11.2\MFK_HAL_TIM_014\MXTmpFiles\system.tmp_save
2023-11-08 00:32:49,408 [INFO] CodeEngine:279 - Generated code: C:\Users\erkan\STM32CubeIDE\workspace_1.11.2\MFK_HAL_TIM_014\MXTmpFiles\system.tmp
2023-11-08 00:32:49,427 [INFO] CodeEngine:311 - oldGeneratedFile, C:\Users\erkan\STM32CubeIDE\workspace_1.11.2\MFK_HAL_TIM_014\Core\Inc\stm32f4xx_hal_conf.h_save
2023-11-08 00:32:49,526 [INFO] CodeEngine:335 - Generated code: C:\Users\erkan\STM32CubeIDE\workspace_1.11.2\MFK_HAL_TIM_014\Core\Inc\stm32f4xx_hal_conf.h
2023-11-08 00:32:49,548 [WARN] IPConfigManager:3431 - IP not found : TIM
2023-11-08 00:32:49,549 [WARN] CodeGenerator:3764 - IP not found : null
2023-11-08 00:32:49,567 [INFO] CodeEngine:255 - oldGeneratedFile, C:\Users\erkan\STM32CubeIDE\workspace_1.11.2\MFK_HAL_TIM_014\Core\Inc\main.h_save
2023-11-08 00:32:49,637 [INFO] CodeEngine:279 - Generated code: C:\Users\erkan\STM32CubeIDE\workspace_1.11.2\MFK_HAL_TIM_014\Core\Inc\main.h
2023-11-08 00:32:49,653 [INFO] CodeEngine:255 - oldGeneratedFile, C:\Users\erkan\STM32CubeIDE\workspace_1.11.2\MFK_HAL_TIM_014\Core\Src\main.c_save
2023-11-08 00:32:49,754 [INFO] CodeEngine:279 - Generated code: C:\Users\erkan\STM32CubeIDE\workspace_1.11.2\MFK_HAL_TIM_014\Core\Src\main.c
2023-11-08 00:32:50,344 [INFO] ProjectBuilder:3064 - Time for Copy HAL[1] : 218mS.
2023-11-08 00:32:50,347 [INFO] ProjectBuilder:4404 - Project Generator version: 4.1.0
2023-11-08 00:32:50,531 [INFO] ConfigFileManager:1457 - The Die is : DIE413
2023-11-08 00:32:51,670 [INFO] ProjectBuilder:4626 - Time for Generating toolchain IDE Files: 1323mS.
2023-11-08 00:32:51,672 [INFO] ProjectBuilder:2935 - Time for Copy CMSIS : 1mS.
2023-11-08 00:32:51,677 [INFO] ProjectBuilder:2935 - Time for Copy CMSIS : 0mS.
2023-11-08 00:34:29,292 [INFO] NvicIntPanel:101 - NVIC parent = com.st.microxplorer.plugins.ip.nvic.MultiNvicIntPanel[,0,0,0x0,invalid,layout=javax.swing.BoxLayout,alignmentX=0.0,alignmentY=0.0,border=,flags=9,maximumSize=,minimumSize=,preferredSize=]
2023-11-08 00:34:30,730 [INFO] UtilMem:75 - End SaveConfig() Used Memory: 425162560 Bytes (1065353216)
2023-11-08 00:34:31,913 [INFO] UtilMem:75 - End SaveConfig() Used Memory: 452947776 Bytes (1065353216)
2023-11-08 00:34:32,369 [INFO] UtilMem:75 - End SaveConfig() Used Memory: 492793664 Bytes (1065353216)
2023-11-08 00:34:32,547 [INFO] BlockDiagram:2759 - set Specific Code input for plugin: TIM1_8
2023-11-08 00:34:32,548 [INFO] BlockDiagram:2759 - set Specific Code input for plugin: SYS
2023-11-08 00:34:32,548 [INFO] BlockDiagram:2759 - set Specific Code input for plugin: RCC
2023-11-08 00:34:32,548 [INFO] BlockDiagram:2759 - set Specific Code input for plugin: NVIC
2023-11-08 00:34:32,548 [INFO] BlockDiagram:2759 - set Specific Code input for plugin: GPIO
2023-11-08 00:34:32,549 [INFO] CodeGenerator:799 - code generatio: config db path: C:\ST\STM32CubeIDE_1.11.2\STM32CubeIDE\plugins\com.st.stm32cube.common.mx_6.9.2.202309101412\\db\
2023-11-08 00:34:32,689 [INFO] CodeEngine:255 - oldGeneratedFile, C:\Users\erkan\STM32CubeIDE\workspace_1.11.2\MFK_HAL_TIM_014\MXTmpFiles\license.tmp_save
2023-11-08 00:34:32,763 [INFO] CodeEngine:279 - Generated code: C:\Users\erkan\STM32CubeIDE\workspace_1.11.2\MFK_HAL_TIM_014\MXTmpFiles\license.tmp
2023-11-08 00:34:32,783 [INFO] CodeEngine:255 - oldGeneratedFile, C:\Users\erkan\STM32CubeIDE\workspace_1.11.2\MFK_HAL_TIM_014\MXTmpFiles\gpio.tmp_save
2023-11-08 00:34:32,857 [INFO] CodeEngine:279 - Generated code: C:\Users\erkan\STM32CubeIDE\workspace_1.11.2\MFK_HAL_TIM_014\MXTmpFiles\gpio.tmp
2023-11-08 00:34:32,922 [INFO] CodeEngine:255 - oldGeneratedFile, C:\Users\erkan\STM32CubeIDE\workspace_1.11.2\MFK_HAL_TIM_014\Core\Src\stm32f4xx_it.c_save
2023-11-08 00:34:33,006 [INFO] CodeEngine:279 - Generated code: C:\Users\erkan\STM32CubeIDE\workspace_1.11.2\MFK_HAL_TIM_014\Core\Src\stm32f4xx_it.c
2023-11-08 00:34:33,013 [INFO] CodeEngine:255 - oldGeneratedFile, C:\Users\erkan\STM32CubeIDE\workspace_1.11.2\MFK_HAL_TIM_014\Core\Inc\stm32f4xx_it.h_save
2023-11-08 00:34:33,068 [INFO] CodeEngine:279 - Generated code: C:\Users\erkan\STM32CubeIDE\workspace_1.11.2\MFK_HAL_TIM_014\Core\Inc\stm32f4xx_it.h
2023-11-08 00:34:33,088 [INFO] CodeEngine:255 - oldGeneratedFile, C:\Users\erkan\STM32CubeIDE\workspace_1.11.2\MFK_HAL_TIM_014\Core\Src\stm32f4xx_hal_msp.c_save
2023-11-08 00:34:33,164 [INFO] CodeEngine:279 - Generated code: C:\Users\erkan\STM32CubeIDE\workspace_1.11.2\MFK_HAL_TIM_014\Core\Src\stm32f4xx_hal_msp.c
2023-11-08 00:34:33,169 [INFO] CodeEngine:255 - oldGeneratedFile, C:\Users\erkan\STM32CubeIDE\workspace_1.11.2\MFK_HAL_TIM_014\MXTmpFiles\system.tmp_save
2023-11-08 00:34:33,226 [INFO] CodeEngine:279 - Generated code: C:\Users\erkan\STM32CubeIDE\workspace_1.11.2\MFK_HAL_TIM_014\MXTmpFiles\system.tmp
2023-11-08 00:34:33,245 [INFO] CodeEngine:311 - oldGeneratedFile, C:\Users\erkan\STM32CubeIDE\workspace_1.11.2\MFK_HAL_TIM_014\Core\Inc\stm32f4xx_hal_conf.h_save
2023-11-08 00:34:33,332 [INFO] CodeEngine:335 - Generated code: C:\Users\erkan\STM32CubeIDE\workspace_1.11.2\MFK_HAL_TIM_014\Core\Inc\stm32f4xx_hal_conf.h
2023-11-08 00:34:33,354 [WARN] IPConfigManager:3431 - IP not found : TIM
2023-11-08 00:34:33,354 [WARN] CodeGenerator:3764 - IP not found : null
2023-11-08 00:34:33,373 [INFO] CodeEngine:255 - oldGeneratedFile, C:\Users\erkan\STM32CubeIDE\workspace_1.11.2\MFK_HAL_TIM_014\Core\Inc\main.h_save
2023-11-08 00:34:33,442 [INFO] CodeEngine:279 - Generated code: C:\Users\erkan\STM32CubeIDE\workspace_1.11.2\MFK_HAL_TIM_014\Core\Inc\main.h
2023-11-08 00:34:33,458 [INFO] CodeEngine:255 - oldGeneratedFile, C:\Users\erkan\STM32CubeIDE\workspace_1.11.2\MFK_HAL_TIM_014\Core\Src\main.c_save
2023-11-08 00:34:33,559 [INFO] CodeEngine:279 - Generated code: C:\Users\erkan\STM32CubeIDE\workspace_1.11.2\MFK_HAL_TIM_014\Core\Src\main.c
2023-11-08 00:34:34,175 [INFO] ProjectBuilder:3064 - Time for Copy HAL[1] : 229mS.
2023-11-08 00:34:34,179 [INFO] ProjectBuilder:4404 - Project Generator version: 4.1.0
2023-11-08 00:34:34,356 [INFO] ConfigFileManager:1457 - The Die is : DIE413
2023-11-08 00:34:35,424 [INFO] ProjectBuilder:4626 - Time for Generating toolchain IDE Files: 1245mS.
2023-11-08 00:34:35,426 [INFO] ProjectBuilder:2935 - Time for Copy CMSIS : 1mS.
2023-11-08 00:34:35,429 [INFO] ProjectBuilder:2935 - Time for Copy CMSIS : 0mS.
2023-11-08 00:36:46,896 [INFO] NvicIntPanel:101 - NVIC parent = com.st.microxplorer.plugins.ip.nvic.MultiNvicIntPanel[,0,0,0x0,invalid,layout=javax.swing.BoxLayout,alignmentX=0.0,alignmentY=0.0,border=,flags=9,maximumSize=,minimumSize=,preferredSize=]
2023-11-08 00:36:49,845 [INFO] NvicIntPanel:101 - NVIC parent = com.st.microxplorer.plugins.ip.nvic.MultiNvicIntPanel[,0,0,0x0,invalid,layout=javax.swing.BoxLayout,alignmentX=0.0,alignmentY=0.0,border=,flags=9,maximumSize=,minimumSize=,preferredSize=]
2023-11-08 00:36:53,045 [INFO] UtilMem:75 - End SaveConfig() Used Memory: 607296112 Bytes (1069547520)
2023-11-08 00:36:55,069 [INFO] UtilMem:75 - End SaveConfig() Used Memory: 634559088 Bytes (1069547520)
2023-11-08 00:36:55,502 [INFO] UtilMem:75 - End SaveConfig() Used Memory: 674931312 Bytes (1069547520)
2023-11-08 00:36:55,705 [INFO] BlockDiagram:2759 - set Specific Code input for plugin: TIM1_8
2023-11-08 00:36:55,706 [INFO] BlockDiagram:2759 - set Specific Code input for plugin: SYS
2023-11-08 00:36:55,706 [INFO] BlockDiagram:2759 - set Specific Code input for plugin: RCC
2023-11-08 00:36:55,706 [INFO] BlockDiagram:2759 - set Specific Code input for plugin: NVIC
2023-11-08 00:36:55,706 [INFO] BlockDiagram:2759 - set Specific Code input for plugin: GPIO
2023-11-08 00:36:55,708 [INFO] CodeGenerator:799 - code generatio: config db path: C:\ST\STM32CubeIDE_1.11.2\STM32CubeIDE\plugins\com.st.stm32cube.common.mx_6.9.2.202309101412\\db\
2023-11-08 00:36:55,851 [INFO] CodeEngine:255 - oldGeneratedFile, C:\Users\erkan\STM32CubeIDE\workspace_1.11.2\MFK_HAL_TIM_014\MXTmpFiles\license.tmp_save
2023-11-08 00:36:55,925 [INFO] CodeEngine:279 - Generated code: C:\Users\erkan\STM32CubeIDE\workspace_1.11.2\MFK_HAL_TIM_014\MXTmpFiles\license.tmp
2023-11-08 00:36:55,940 [INFO] CodeEngine:255 - oldGeneratedFile, C:\Users\erkan\STM32CubeIDE\workspace_1.11.2\MFK_HAL_TIM_014\MXTmpFiles\gpio.tmp_save
2023-11-08 00:36:56,014 [INFO] CodeEngine:279 - Generated code: C:\Users\erkan\STM32CubeIDE\workspace_1.11.2\MFK_HAL_TIM_014\MXTmpFiles\gpio.tmp
2023-11-08 00:36:56,065 [INFO] CodeEngine:255 - oldGeneratedFile, C:\Users\erkan\STM32CubeIDE\workspace_1.11.2\MFK_HAL_TIM_014\Core\Src\stm32f4xx_it.c_save
2023-11-08 00:36:56,136 [INFO] CodeEngine:279 - Generated code: C:\Users\erkan\STM32CubeIDE\workspace_1.11.2\MFK_HAL_TIM_014\Core\Src\stm32f4xx_it.c
2023-11-08 00:36:56,144 [INFO] CodeEngine:255 - oldGeneratedFile, C:\Users\erkan\STM32CubeIDE\workspace_1.11.2\MFK_HAL_TIM_014\Core\Inc\stm32f4xx_it.h_save
2023-11-08 00:36:56,202 [INFO] CodeEngine:279 - Generated code: C:\Users\erkan\STM32CubeIDE\workspace_1.11.2\MFK_HAL_TIM_014\Core\Inc\stm32f4xx_it.h
2023-11-08 00:36:56,222 [INFO] CodeEngine:255 - oldGeneratedFile, C:\Users\erkan\STM32CubeIDE\workspace_1.11.2\MFK_HAL_TIM_014\Core\Src\stm32f4xx_hal_msp.c_save
2023-11-08 00:36:56,300 [INFO] CodeEngine:279 - Generated code: C:\Users\erkan\STM32CubeIDE\workspace_1.11.2\MFK_HAL_TIM_014\Core\Src\stm32f4xx_hal_msp.c
2023-11-08 00:36:56,304 [INFO] CodeEngine:255 - oldGeneratedFile, C:\Users\erkan\STM32CubeIDE\workspace_1.11.2\MFK_HAL_TIM_014\MXTmpFiles\system.tmp_save
2023-11-08 00:36:56,361 [INFO] CodeEngine:279 - Generated code: C:\Users\erkan\STM32CubeIDE\workspace_1.11.2\MFK_HAL_TIM_014\MXTmpFiles\system.tmp
2023-11-08 00:36:56,378 [INFO] CodeEngine:311 - oldGeneratedFile, C:\Users\erkan\STM32CubeIDE\workspace_1.11.2\MFK_HAL_TIM_014\Core\Inc\stm32f4xx_hal_conf.h_save
2023-11-08 00:36:56,464 [INFO] CodeEngine:335 - Generated code: C:\Users\erkan\STM32CubeIDE\workspace_1.11.2\MFK_HAL_TIM_014\Core\Inc\stm32f4xx_hal_conf.h
2023-11-08 00:36:56,486 [WARN] IPConfigManager:3431 - IP not found : TIM
2023-11-08 00:36:56,487 [WARN] CodeGenerator:3764 - IP not found : null
2023-11-08 00:36:56,502 [INFO] CodeEngine:255 - oldGeneratedFile, C:\Users\erkan\STM32CubeIDE\workspace_1.11.2\MFK_HAL_TIM_014\Core\Inc\main.h_save
2023-11-08 00:36:56,574 [INFO] CodeEngine:279 - Generated code: C:\Users\erkan\STM32CubeIDE\workspace_1.11.2\MFK_HAL_TIM_014\Core\Inc\main.h
2023-11-08 00:36:56,586 [INFO] CodeEngine:255 - oldGeneratedFile, C:\Users\erkan\STM32CubeIDE\workspace_1.11.2\MFK_HAL_TIM_014\Core\Src\main.c_save
2023-11-08 00:36:56,686 [INFO] CodeEngine:279 - Generated code: C:\Users\erkan\STM32CubeIDE\workspace_1.11.2\MFK_HAL_TIM_014\Core\Src\main.c
2023-11-08 00:36:57,137 [INFO] ProjectBuilder:3064 - Time for Copy HAL[1] : 175mS.
2023-11-08 00:36:57,139 [INFO] ProjectBuilder:4404 - Project Generator version: 4.1.0
2023-11-08 00:36:57,439 [INFO] ConfigFileManager:1457 - The Die is : DIE413
2023-11-08 00:36:58,561 [INFO] ProjectBuilder:4626 - Time for Generating toolchain IDE Files: 1422mS.
2023-11-08 00:36:58,562 [INFO] ProjectBuilder:2935 - Time for Copy CMSIS : 0mS.
2023-11-08 00:36:58,566 [INFO] ProjectBuilder:2935 - Time for Copy CMSIS : 1mS.
2023-11-08 00:38:13,074 [INFO] NvicIntPanel:101 - NVIC parent = com.st.microxplorer.plugins.ip.nvic.MultiNvicIntPanel[,0,0,0x0,invalid,layout=javax.swing.BoxLayout,alignmentX=0.0,alignmentY=0.0,border=,flags=9,maximumSize=,minimumSize=,preferredSize=]
2023-11-08 00:38:15,699 [INFO] UtilMem:75 - End SaveConfig() Used Memory: 612067648 Bytes (1071644672)
2023-11-08 00:38:17,011 [INFO] UtilMem:75 - End SaveConfig() Used Memory: 639852864 Bytes (1071644672)
2023-11-08 00:38:17,449 [INFO] UtilMem:75 - End SaveConfig() Used Memory: 678650176 Bytes (1071644672)
2023-11-08 00:38:17,674 [INFO] BlockDiagram:2759 - set Specific Code input for plugin: TIM1_8
2023-11-08 00:38:17,675 [INFO] BlockDiagram:2759 - set Specific Code input for plugin: SYS
2023-11-08 00:38:17,675 [INFO] BlockDiagram:2759 - set Specific Code input for plugin: RCC
2023-11-08 00:38:17,675 [INFO] BlockDiagram:2759 - set Specific Code input for plugin: NVIC
2023-11-08 00:38:17,675 [INFO] BlockDiagram:2759 - set Specific Code input for plugin: GPIO
2023-11-08 00:38:17,677 [INFO] CodeGenerator:799 - code generatio: config db path: C:\ST\STM32CubeIDE_1.11.2\STM32CubeIDE\plugins\com.st.stm32cube.common.mx_6.9.2.202309101412\\db\
2023-11-08 00:38:17,805 [INFO] CodeEngine:255 - oldGeneratedFile, C:\Users\erkan\STM32CubeIDE\workspace_1.11.2\MFK_HAL_TIM_014\MXTmpFiles\license.tmp_save
2023-11-08 00:38:17,881 [INFO] CodeEngine:279 - Generated code: C:\Users\erkan\STM32CubeIDE\workspace_1.11.2\MFK_HAL_TIM_014\MXTmpFiles\license.tmp
2023-11-08 00:38:17,897 [INFO] CodeEngine:255 - oldGeneratedFile, C:\Users\erkan\STM32CubeIDE\workspace_1.11.2\MFK_HAL_TIM_014\MXTmpFiles\gpio.tmp_save
2023-11-08 00:38:17,973 [INFO] CodeEngine:279 - Generated code: C:\Users\erkan\STM32CubeIDE\workspace_1.11.2\MFK_HAL_TIM_014\MXTmpFiles\gpio.tmp
2023-11-08 00:38:18,025 [INFO] CodeEngine:255 - oldGeneratedFile, C:\Users\erkan\STM32CubeIDE\workspace_1.11.2\MFK_HAL_TIM_014\Core\Src\stm32f4xx_it.c_save
2023-11-08 00:38:18,099 [INFO] CodeEngine:279 - Generated code: C:\Users\erkan\STM32CubeIDE\workspace_1.11.2\MFK_HAL_TIM_014\Core\Src\stm32f4xx_it.c
2023-11-08 00:38:18,108 [INFO] CodeEngine:255 - oldGeneratedFile, C:\Users\erkan\STM32CubeIDE\workspace_1.11.2\MFK_HAL_TIM_014\Core\Inc\stm32f4xx_it.h_save
2023-11-08 00:38:18,176 [INFO] CodeEngine:279 - Generated code: C:\Users\erkan\STM32CubeIDE\workspace_1.11.2\MFK_HAL_TIM_014\Core\Inc\stm32f4xx_it.h
2023-11-08 00:38:18,196 [INFO] CodeEngine:255 - oldGeneratedFile, C:\Users\erkan\STM32CubeIDE\workspace_1.11.2\MFK_HAL_TIM_014\Core\Src\stm32f4xx_hal_msp.c_save
2023-11-08 00:38:18,274 [INFO] CodeEngine:279 - Generated code: C:\Users\erkan\STM32CubeIDE\workspace_1.11.2\MFK_HAL_TIM_014\Core\Src\stm32f4xx_hal_msp.c
2023-11-08 00:38:18,279 [INFO] CodeEngine:255 - oldGeneratedFile, C:\Users\erkan\STM32CubeIDE\workspace_1.11.2\MFK_HAL_TIM_014\MXTmpFiles\system.tmp_save
2023-11-08 00:38:18,336 [INFO] CodeEngine:279 - Generated code: C:\Users\erkan\STM32CubeIDE\workspace_1.11.2\MFK_HAL_TIM_014\MXTmpFiles\system.tmp
2023-11-08 00:38:18,355 [INFO] CodeEngine:311 - oldGeneratedFile, C:\Users\erkan\STM32CubeIDE\workspace_1.11.2\MFK_HAL_TIM_014\Core\Inc\stm32f4xx_hal_conf.h_save
2023-11-08 00:38:18,439 [INFO] CodeEngine:335 - Generated code: C:\Users\erkan\STM32CubeIDE\workspace_1.11.2\MFK_HAL_TIM_014\Core\Inc\stm32f4xx_hal_conf.h
2023-11-08 00:38:18,461 [WARN] IPConfigManager:3431 - IP not found : TIM
2023-11-08 00:38:18,461 [WARN] CodeGenerator:3764 - IP not found : null
2023-11-08 00:38:18,476 [INFO] CodeEngine:255 - oldGeneratedFile, C:\Users\erkan\STM32CubeIDE\workspace_1.11.2\MFK_HAL_TIM_014\Core\Inc\main.h_save
2023-11-08 00:38:18,557 [INFO] CodeEngine:279 - Generated code: C:\Users\erkan\STM32CubeIDE\workspace_1.11.2\MFK_HAL_TIM_014\Core\Inc\main.h
2023-11-08 00:38:18,571 [INFO] CodeEngine:255 - oldGeneratedFile, C:\Users\erkan\STM32CubeIDE\workspace_1.11.2\MFK_HAL_TIM_014\Core\Src\main.c_save
2023-11-08 00:38:18,690 [INFO] CodeEngine:279 - Generated code: C:\Users\erkan\STM32CubeIDE\workspace_1.11.2\MFK_HAL_TIM_014\Core\Src\main.c
2023-11-08 00:38:19,293 [INFO] ProjectBuilder:3064 - Time for Copy HAL[1] : 228mS.
2023-11-08 00:38:19,296 [INFO] ProjectBuilder:4404 - Project Generator version: 4.1.0
2023-11-08 00:38:19,444 [INFO] ConfigFileManager:1457 - The Die is : DIE413
2023-11-08 00:38:20,503 [INFO] ProjectBuilder:4626 - Time for Generating toolchain IDE Files: 1207mS.
2023-11-08 00:38:20,505 [INFO] ProjectBuilder:2935 - Time for Copy CMSIS : 1mS.
2023-11-08 00:38:20,508 [INFO] ProjectBuilder:2935 - Time for Copy CMSIS : 0mS.
2023-11-08 00:42:24,065 [INFO] NvicIntPanel:101 - NVIC parent = com.st.microxplorer.plugins.ip.nvic.MultiNvicIntPanel[,0,0,0x0,invalid,layout=javax.swing.BoxLayout,alignmentX=0.0,alignmentY=0.0,border=,flags=9,maximumSize=,minimumSize=,preferredSize=]
2023-11-08 00:42:26,202 [INFO] NvicIntPanel:101 - NVIC parent = com.st.microxplorer.plugins.ip.nvic.MultiNvicIntPanel[,0,0,0x0,invalid,layout=javax.swing.BoxLayout,alignmentX=0.0,alignmentY=0.0,border=,flags=9,maximumSize=,minimumSize=,preferredSize=]
2023-11-08 00:42:28,369 [INFO] UtilMem:75 - End SaveConfig() Used Memory: 637339640 Bytes (1073741824)
2023-11-08 00:42:29,239 [INFO] UtilMem:75 - End SaveConfig() Used Memory: 664602616 Bytes (1073741824)
2023-11-08 00:42:29,713 [INFO] UtilMem:75 - End SaveConfig() Used Memory: 372560944 Bytes (1073741824)
2023-11-08 00:42:29,864 [INFO] BlockDiagram:2759 - set Specific Code input for plugin: TIM1_8
2023-11-08 00:42:29,865 [INFO] BlockDiagram:2759 - set Specific Code input for plugin: SYS
2023-11-08 00:42:29,865 [INFO] BlockDiagram:2759 - set Specific Code input for plugin: RCC
2023-11-08 00:42:29,865 [INFO] BlockDiagram:2759 - set Specific Code input for plugin: NVIC
2023-11-08 00:42:29,865 [INFO] BlockDiagram:2759 - set Specific Code input for plugin: GPIO
2023-11-08 00:42:29,866 [INFO] CodeGenerator:799 - code generatio: config db path: C:\ST\STM32CubeIDE_1.11.2\STM32CubeIDE\plugins\com.st.stm32cube.common.mx_6.9.2.202309101412\\db\
2023-11-08 00:42:29,967 [INFO] CodeEngine:255 - oldGeneratedFile, C:\Users\erkan\STM32CubeIDE\workspace_1.11.2\MFK_HAL_TIM_014\MXTmpFiles\license.tmp_save
2023-11-08 00:42:30,045 [INFO] CodeEngine:279 - Generated code: C:\Users\erkan\STM32CubeIDE\workspace_1.11.2\MFK_HAL_TIM_014\MXTmpFiles\license.tmp
2023-11-08 00:42:30,060 [INFO] CodeEngine:255 - oldGeneratedFile, C:\Users\erkan\STM32CubeIDE\workspace_1.11.2\MFK_HAL_TIM_014\MXTmpFiles\gpio.tmp_save
2023-11-08 00:42:30,140 [INFO] CodeEngine:279 - Generated code: C:\Users\erkan\STM32CubeIDE\workspace_1.11.2\MFK_HAL_TIM_014\MXTmpFiles\gpio.tmp
2023-11-08 00:42:30,201 [INFO] CodeEngine:255 - oldGeneratedFile, C:\Users\erkan\STM32CubeIDE\workspace_1.11.2\MFK_HAL_TIM_014\Core\Src\stm32f4xx_it.c_save
2023-11-08 00:42:30,275 [INFO] CodeEngine:279 - Generated code: C:\Users\erkan\STM32CubeIDE\workspace_1.11.2\MFK_HAL_TIM_014\Core\Src\stm32f4xx_it.c
2023-11-08 00:42:30,281 [INFO] CodeEngine:255 - oldGeneratedFile, C:\Users\erkan\STM32CubeIDE\workspace_1.11.2\MFK_HAL_TIM_014\Core\Inc\stm32f4xx_it.h_save
2023-11-08 00:42:30,338 [INFO] CodeEngine:279 - Generated code: C:\Users\erkan\STM32CubeIDE\workspace_1.11.2\MFK_HAL_TIM_014\Core\Inc\stm32f4xx_it.h
2023-11-08 00:42:30,360 [INFO] CodeEngine:255 - oldGeneratedFile, C:\Users\erkan\STM32CubeIDE\workspace_1.11.2\MFK_HAL_TIM_014\Core\Src\stm32f4xx_hal_msp.c_save
2023-11-08 00:42:30,434 [INFO] CodeEngine:279 - Generated code: C:\Users\erkan\STM32CubeIDE\workspace_1.11.2\MFK_HAL_TIM_014\Core\Src\stm32f4xx_hal_msp.c
2023-11-08 00:42:30,440 [INFO] CodeEngine:255 - oldGeneratedFile, C:\Users\erkan\STM32CubeIDE\workspace_1.11.2\MFK_HAL_TIM_014\MXTmpFiles\system.tmp_save
2023-11-08 00:42:30,497 [INFO] CodeEngine:279 - Generated code: C:\Users\erkan\STM32CubeIDE\workspace_1.11.2\MFK_HAL_TIM_014\MXTmpFiles\system.tmp
2023-11-08 00:42:30,516 [INFO] CodeEngine:311 - oldGeneratedFile, C:\Users\erkan\STM32CubeIDE\workspace_1.11.2\MFK_HAL_TIM_014\Core\Inc\stm32f4xx_hal_conf.h_save
2023-11-08 00:42:30,608 [INFO] CodeEngine:335 - Generated code: C:\Users\erkan\STM32CubeIDE\workspace_1.11.2\MFK_HAL_TIM_014\Core\Inc\stm32f4xx_hal_conf.h
2023-11-08 00:42:30,629 [WARN] IPConfigManager:3431 - IP not found : TIM
2023-11-08 00:42:30,629 [WARN] CodeGenerator:3764 - IP not found : null
2023-11-08 00:42:30,647 [INFO] CodeEngine:255 - oldGeneratedFile, C:\Users\erkan\STM32CubeIDE\workspace_1.11.2\MFK_HAL_TIM_014\Core\Inc\main.h_save
2023-11-08 00:42:30,712 [INFO] CodeEngine:279 - Generated code: C:\Users\erkan\STM32CubeIDE\workspace_1.11.2\MFK_HAL_TIM_014\Core\Inc\main.h
2023-11-08 00:42:30,727 [INFO] CodeEngine:255 - oldGeneratedFile, C:\Users\erkan\STM32CubeIDE\workspace_1.11.2\MFK_HAL_TIM_014\Core\Src\main.c_save
2023-11-08 00:42:30,825 [INFO] CodeEngine:279 - Generated code: C:\Users\erkan\STM32CubeIDE\workspace_1.11.2\MFK_HAL_TIM_014\Core\Src\main.c
2023-11-08 00:42:31,416 [INFO] ProjectBuilder:3064 - Time for Copy HAL[1] : 192mS.
2023-11-08 00:42:31,419 [INFO] ProjectBuilder:4404 - Project Generator version: 4.1.0
2023-11-08 00:42:31,573 [INFO] ConfigFileManager:1457 - The Die is : DIE413
2023-11-08 00:42:32,640 [INFO] ProjectBuilder:4626 - Time for Generating toolchain IDE Files: 1222mS.
2023-11-08 00:42:32,642 [INFO] ProjectBuilder:2935 - Time for Copy CMSIS : 1mS.
2023-11-08 00:42:32,645 [INFO] ProjectBuilder:2935 - Time for Copy CMSIS : 0mS.
