2024-01-29 15:00:06,892 [INFO] Activator:176 - 


2024-01-29 15:00:06,899 [INFO] Activator:177 - !SESSION log4j initialized
2024-01-29 15:00:14,610 [INFO] LogOutputStream:77 - [STDOUT_REDIRECT] 
2024-01-29 15:00:17,287 [INFO] ApplicationProperties:184 - Using Application install path: C:\ST\STM32CubeIDE_1.11.2\STM32CubeIDE\plugins\com.st.stm32cube.common.mx_6.9.2.202309101412
2024-01-29 15:00:17,312 [INFO] DbMcusXml:78 - Set database path to: C:\ST\STM32CubeIDE_1.11.2\STM32CubeIDE\plugins\com.st.stm32cube.common.mx_6.9.2.202309101412\\db\/mcu/
2024-01-29 15:00:17,312 [INFO] ApiDb:274 - Set plugin database path to: C:\ST\STM32CubeIDE_1.11.2\STM32CubeIDE\plugins\com.st.stm32cube.common.mx_6.9.2.202309101412\\db\/plugins/boardmanager/
2024-01-29 15:00:17,312 [WARN] ApiDb:259 - Overriding images path with different value:  => C:\ST\STM32CubeIDE_1.11.2\STM32CubeIDE\plugins\com.st.stm32cube.common.mx_6.9.2.202309101412\\db\/plugins/mcufinder/images/
2024-01-29 15:00:17,330 [INFO] ApiDb:250 - Set database path to: C:\Users\erkan\.stmcufinder\plugins\mcufinder//mcu/
2024-01-29 15:00:17,331 [INFO] DbMcusAds:125 - Set database path to: C:\Users\erkan\.stmcufinder\plugins\mcufinder//mcu/
2024-01-29 15:00:17,333 [INFO] CrossReferenceDbSqlite:203 - Set database path to: C:\Users\erkan\.stmcufinder\plugins\mcufinder//mcu/cs/
2024-01-29 15:00:17,451 [INFO] RulesReader:64 - Compatibility file has been processed (293 Rules)
2024-01-29 15:00:17,557 [INFO] DbMcusXml:78 - Set database path to: C:\ST\STM32CubeIDE_1.11.2\STM32CubeIDE\plugins\com.st.stm32cube.common.mx_6.9.2.202309101412\\db\/mcu/
2024-01-29 15:00:17,557 [INFO] ApiDb:274 - Set plugin database path to: C:\ST\STM32CubeIDE_1.11.2\STM32CubeIDE\plugins\com.st.stm32cube.common.mx_6.9.2.202309101412\\db\/plugins/boardmanager/
2024-01-29 15:00:17,557 [INFO] ApiDb:261 - Set plugin images path to: C:\ST\STM32CubeIDE_1.11.2\STM32CubeIDE\plugins\com.st.stm32cube.common.mx_6.9.2.202309101412\\db\/plugins/mcufinder/images/
2024-01-29 15:00:17,557 [WARN] DbFile:41 - Overriding database path with different value: C:\Users\erkan\.stmcufinder\plugins\mcufinder/ => C:\Users\erkan\.stmcufinder\plugins\mcufinder
2024-01-29 15:00:17,557 [INFO] ApiDb:250 - Set database path to: C:\Users\erkan\.stmcufinder\plugins\mcufinder//mcu/
2024-01-29 15:00:17,557 [WARN] DbFile:41 - Overriding database path with different value: C:\Users\erkan\.stmcufinder\plugins\mcufinder/ => C:\Users\erkan\.stmcufinder\plugins\mcufinder
2024-01-29 15:00:17,557 [INFO] DbMcusAds:125 - Set database path to: C:\Users\erkan\.stmcufinder\plugins\mcufinder//mcu/
2024-01-29 15:00:17,557 [WARN] DbFile:41 - Overriding database path with different value: C:\Users\erkan\.stmcufinder\plugins\mcufinder/ => C:\Users\erkan\.stmcufinder\plugins\mcufinder
2024-01-29 15:00:17,557 [WARN] DbFile:41 - Overriding database path with different value: C:\Users\erkan\.stmcufinder\plugins\mcufinder/ => C:\Users\erkan\.stmcufinder\plugins\mcufinder
2024-01-29 15:00:17,558 [INFO] CrossReferenceDbSqlite:203 - Set database path to: C:\Users\erkan\.stmcufinder\plugins\mcufinder//mcu/cs/
2024-01-29 15:00:17,639 [INFO] MainPanel:262 - HeapMemory: 268435456
2024-01-29 15:00:17,741 [INFO] DbMcusXml:78 - Set database path to: C:\ST\STM32CubeIDE_1.11.2\STM32CubeIDE\plugins\com.st.stm32cube.common.mx_6.9.2.202309101412\\db\/mcu/
2024-01-29 15:00:17,741 [INFO] ApiDb:274 - Set plugin database path to: C:\ST\STM32CubeIDE_1.11.2\STM32CubeIDE\plugins\com.st.stm32cube.common.mx_6.9.2.202309101412\\db\/plugins/boardmanager/
2024-01-29 15:00:17,741 [INFO] ApiDb:261 - Set plugin images path to: C:\ST\STM32CubeIDE_1.11.2\STM32CubeIDE\plugins\com.st.stm32cube.common.mx_6.9.2.202309101412\\db\/plugins/mcufinder/images/
2024-01-29 15:00:17,741 [WARN] DbFile:41 - Overriding database path with different value: C:\Users\erkan\.stmcufinder\plugins\mcufinder/ => C:\Users\erkan\.stmcufinder\plugins\mcufinder
2024-01-29 15:00:17,741 [INFO] ApiDb:250 - Set database path to: C:\Users\erkan\.stmcufinder\plugins\mcufinder//mcu/
2024-01-29 15:00:17,742 [WARN] DbFile:41 - Overriding database path with different value: C:\Users\erkan\.stmcufinder\plugins\mcufinder/ => C:\Users\erkan\.stmcufinder\plugins\mcufinder
2024-01-29 15:00:17,742 [INFO] DbMcusAds:125 - Set database path to: C:\Users\erkan\.stmcufinder\plugins\mcufinder//mcu/
2024-01-29 15:00:17,742 [WARN] DbFile:41 - Overriding database path with different value: C:\Users\erkan\.stmcufinder\plugins\mcufinder/ => C:\Users\erkan\.stmcufinder\plugins\mcufinder
2024-01-29 15:00:17,742 [WARN] DbFile:41 - Overriding database path with different value: C:\Users\erkan\.stmcufinder\plugins\mcufinder/ => C:\Users\erkan\.stmcufinder\plugins\mcufinder
2024-01-29 15:00:17,742 [INFO] CrossReferenceDbSqlite:203 - Set database path to: C:\Users\erkan\.stmcufinder\plugins\mcufinder//mcu/cs/
2024-01-29 15:00:17,763 [INFO] ApplicationProperties:184 - Using Application install path: C:\ST\STM32CubeIDE_1.11.2\STM32CubeIDE\plugins\com.st.stm32cube.common.mx_6.9.2.202309101412
2024-01-29 15:00:17,764 [INFO] PluginManage:196 - Search for loadable plugins [exclusion list=, ]
2024-01-29 15:00:17,766 [INFO] PluginManage:310 - Check plugin analytics
2024-01-29 15:00:17,960 [INFO] AnalyticsPlugin:253 - Accepted Software Licenses: STM32CubeMX.6.9.2
2024-01-29 15:00:17,960 [INFO] AnalyticsPlugin:255 - Accepted CMSIS Pack Licenses: 
2024-01-29 15:00:17,960 [INFO] AnalyticsPlugin:257 - Accepted Firmware Licenses: 
2024-01-29 15:00:17,963 [INFO] PluginManage:359 - Loaded plugin analytics (category:tool,tabindex:-1)
2024-01-29 15:00:17,964 [INFO] PluginManage:310 - Check plugin cadmodel
2024-01-29 15:00:17,978 [INFO] CADModel:105 - Init CAD model plugin
2024-01-29 15:00:17,978 [INFO] PluginManage:359 - Loaded plugin cadmodel (category:power,tabindex:5)
2024-01-29 15:00:17,978 [INFO] PluginManage:310 - Check plugin clock
2024-01-29 15:00:18,000 [INFO] PluginManage:359 - Loaded plugin clock (category:base,tabindex:2)
2024-01-29 15:00:18,000 [INFO] PluginManage:310 - Check plugin ddr
2024-01-29 15:00:18,003 [INFO] PluginManage:359 - Loaded plugin ddr (category:tool,tabindex:6)
2024-01-29 15:00:18,003 [INFO] PluginManage:310 - Check plugin filemanager
2024-01-29 15:00:18,158 [INFO] PluginManage:359 - Loaded plugin filemanager (category:base,tabindex:10)
2024-01-29 15:00:18,158 [INFO] PluginManage:310 - Check plugin ipmanager
2024-01-29 15:00:18,166 [INFO] PluginManage:359 - Loaded plugin ipmanager (category:base,tabindex:5)
2024-01-29 15:00:18,166 [INFO] PluginManage:310 - Check plugin lpbam
2024-01-29 15:00:18,182 [INFO] PluginManage:359 - Loaded plugin lpbam (category:base,tabindex:0)
2024-01-29 15:00:18,182 [INFO] PluginManage:310 - Check plugin memorymap
2024-01-29 15:00:18,210 [INFO] PluginManage:359 - Loaded plugin memorymap (category:base,tabindex:4)
2024-01-29 15:00:18,210 [INFO] PluginManage:310 - Check plugin pinoutandconfiguration
2024-01-29 15:00:18,227 [INFO] PluginManage:359 - Loaded plugin pinoutandconfiguration (category:base,tabindex:1)
2024-01-29 15:00:18,227 [INFO] PluginManage:310 - Check plugin pinoutconfig
2024-01-29 15:00:18,324 [WARN] SupportedApi:132 - Cannot load RTOS API schema: s4s-elt-must-match.1: The content of 'definitions' must match (annotation?, (simpleType | complexType)?, (unique | key | keyref)*)). A problem was found starting at: attribute.
2024-01-29 15:00:18,490 [INFO] PluginManage:359 - Loaded plugin pinoutconfig (category:base,tabindex:0)
2024-01-29 15:00:18,490 [INFO] PluginManage:310 - Check plugin power
2024-01-29 15:00:18,516 [INFO] PluginManage:359 - Loaded plugin power (category:power,tabindex:4)
2024-01-29 15:00:18,516 [INFO] PluginManage:310 - Check plugin projectmanager
2024-01-29 15:00:18,534 [INFO] PluginManage:359 - Loaded plugin projectmanager (category:projectmanager,tabindex:3)
2024-01-29 15:00:18,534 [INFO] PluginManage:310 - Check plugin thirdparty
2024-01-29 15:00:18,817 [INFO] PluginManage:359 - Loaded plugin thirdparty (category:base,tabindex:-1)
2024-01-29 15:00:18,816 [WARN] IntegrityCheckThread:84 - waiting for thirdparty lock release [integrity check]
2024-01-29 15:00:18,817 [INFO] PluginManage:310 - Check plugin tools
2024-01-29 15:00:18,817 [INFO] IntegrityCheckThread:86 - entering critical section [integrity check]
2024-01-29 15:00:18,817 [INFO] ThirdPartyUpdaterWithRetryManager:70 - Updater plugin not ready yet. [1/15]
2024-01-29 15:00:18,852 [INFO] PluginManage:359 - Loaded plugin tools (category:base,tabindex:7)
2024-01-29 15:00:18,853 [INFO] PluginManage:310 - Check plugin tutovideos
2024-01-29 15:00:19,045 [INFO] PluginManage:359 - Loaded plugin tutovideos (category:base,tabindex:-1)
2024-01-29 15:00:19,045 [INFO] PluginManage:310 - Check plugin updater
2024-01-29 15:00:19,057 [INFO] PluginManage:359 - Loaded plugin updater (category:base,tabindex:12)
2024-01-29 15:00:19,057 [INFO] PluginManage:310 - Check plugin userauth
2024-01-29 15:00:19,063 [INFO] UserAuth:113 - Init User Auth plugin
2024-01-29 15:00:19,063 [INFO] PluginManage:359 - Loaded plugin userauth (category:base,tabindex:14)
2024-01-29 15:00:19,063 [INFO] PluginManage:283 - PluginManage : Loaded plugins [17]
2024-01-29 15:00:19,347 [INFO] PinOutPanel:1499 - setPackage(No Configuration,No Configuration)
2024-01-29 15:00:19,487 [INFO] CADModel:165 - CPN selected for project level
2024-01-29 15:00:19,487 [INFO] CADModel:114 - Register for checkConnection events
2024-01-29 15:00:19,516 [INFO] IPUIPlugin:80 - create IPUIPlugin
2024-01-29 15:00:19,517 [INFO] PluginManager:220 - loadIPPluginJar : add adc
2024-01-29 15:00:19,555 [INFO] IPUIPlugin:80 - create IPUIPlugin
2024-01-29 15:00:19,555 [INFO] PluginManager:220 - loadIPPluginJar : add aes
2024-01-29 15:00:19,597 [INFO] IPUIPlugin:80 - create IPUIPlugin
2024-01-29 15:00:19,597 [INFO] PluginManager:220 - loadIPPluginJar : add can
2024-01-29 15:00:19,622 [INFO] IPUIPlugin:80 - create IPUIPlugin
2024-01-29 15:00:19,623 [INFO] PluginManager:220 - loadIPPluginJar : add comp
2024-01-29 15:00:19,659 [INFO] IPUIPlugin:80 - create IPUIPlugin
2024-01-29 15:00:19,659 [INFO] PluginManager:220 - loadIPPluginJar : add cryp
2024-01-29 15:00:19,693 [INFO] IPUIPlugin:80 - create IPUIPlugin
2024-01-29 15:00:19,693 [INFO] PluginManager:220 - loadIPPluginJar : add dfsdm
2024-01-29 15:00:19,709 [INFO] IPUIPlugin:80 - create IPUIPlugin
2024-01-29 15:00:19,710 [INFO] PluginManager:220 - loadIPPluginJar : add dma
2024-01-29 15:00:19,757 [INFO] IPUIPlugin:80 - create IPUIPlugin
2024-01-29 15:00:19,757 [INFO] PluginManager:220 - loadIPPluginJar : add dma3
2024-01-29 15:00:19,780 [INFO] IPUIPlugin:80 - create IPUIPlugin
2024-01-29 15:00:19,780 [INFO] PluginManager:220 - loadIPPluginJar : add fatfs
2024-01-29 15:00:19,833 [INFO] IPUIPlugin:80 - create IPUIPlugin
2024-01-29 15:00:19,834 [INFO] PluginManager:220 - loadIPPluginJar : add fmc
2024-01-29 15:00:19,850 [INFO] IPUIPlugin:80 - create IPUIPlugin
2024-01-29 15:00:19,850 [INFO] PluginManager:220 - loadIPPluginJar : add freertos
2024-01-29 15:00:19,871 [INFO] IPUIPlugin:80 - create IPUIPlugin
2024-01-29 15:00:19,871 [INFO] PluginManager:220 - loadIPPluginJar : add genericplugin
2024-01-29 15:00:19,964 [INFO] IPUIPlugin:80 - create IPUIPlugin
2024-01-29 15:00:19,964 [INFO] PluginManager:220 - loadIPPluginJar : add gfxmmu
2024-01-29 15:00:20,096 [INFO] IPUIPlugin:80 - create IPUIPlugin
2024-01-29 15:00:20,096 [INFO] PluginManager:220 - loadIPPluginJar : add gic
2024-01-29 15:00:20,108 [INFO] IPUIPlugin:80 - create IPUIPlugin
2024-01-29 15:00:20,108 [INFO] PluginManager:220 - loadIPPluginJar : add gpio
2024-01-29 15:00:20,195 [INFO] IPUIPlugin:80 - create IPUIPlugin
2024-01-29 15:00:20,195 [INFO] PluginManager:220 - loadIPPluginJar : add gtzc
2024-01-29 15:00:20,226 [INFO] IPUIPlugin:80 - create IPUIPlugin
2024-01-29 15:00:20,226 [INFO] PluginManager:220 - loadIPPluginJar : add hash
2024-01-29 15:00:20,277 [INFO] IPUIPlugin:80 - create IPUIPlugin
2024-01-29 15:00:20,277 [INFO] PluginManager:220 - loadIPPluginJar : add i2c
2024-01-29 15:00:20,314 [INFO] IPUIPlugin:80 - create IPUIPlugin
2024-01-29 15:00:20,314 [INFO] PluginManager:220 - loadIPPluginJar : add i2s
2024-01-29 15:00:20,353 [INFO] IPUIPlugin:80 - create IPUIPlugin
2024-01-29 15:00:20,353 [INFO] PluginManager:220 - loadIPPluginJar : add i3c
2024-01-29 15:00:20,450 [INFO] IPUIPlugin:80 - create IPUIPlugin
2024-01-29 15:00:20,450 [INFO] PluginManager:220 - loadIPPluginJar : add ipddr
2024-01-29 15:00:20,538 [INFO] IPUIPlugin:80 - create IPUIPlugin
2024-01-29 15:00:20,538 [INFO] PluginManager:220 - loadIPPluginJar : add linkedlist
2024-01-29 15:00:20,571 [INFO] IPUIPlugin:80 - create IPUIPlugin
2024-01-29 15:00:20,571 [INFO] PluginManager:220 - loadIPPluginJar : add lorawan
2024-01-29 15:00:20,605 [INFO] IPUIPlugin:80 - create IPUIPlugin
2024-01-29 15:00:20,605 [INFO] PluginManager:220 - loadIPPluginJar : add ltdc
2024-01-29 15:00:20,620 [INFO] IPUIPlugin:80 - create IPUIPlugin
2024-01-29 15:00:20,620 [INFO] PluginManager:220 - loadIPPluginJar : add mdma
2024-01-29 15:00:20,630 [INFO] IPUIPlugin:80 - create IPUIPlugin
2024-01-29 15:00:20,631 [INFO] PluginManager:220 - loadIPPluginJar : add nvic
2024-01-29 15:00:20,665 [INFO] IPUIPlugin:80 - create IPUIPlugin
2024-01-29 15:00:20,665 [INFO] PluginManager:220 - loadIPPluginJar : add opamp
2024-01-29 15:00:20,724 [INFO] IPUIPlugin:80 - create IPUIPlugin
2024-01-29 15:00:20,724 [INFO] PluginManager:220 - loadIPPluginJar : add openamp
2024-01-29 15:00:20,769 [INFO] IPUIPlugin:80 - create IPUIPlugin
2024-01-29 15:00:20,769 [INFO] PluginManager:220 - loadIPPluginJar : add pdm2pcm
2024-01-29 15:00:20,783 [INFO] IPUIPlugin:80 - create IPUIPlugin
2024-01-29 15:00:20,786 [INFO] PluginManager:220 - loadIPPluginJar : add plateformsettings
2024-01-29 15:00:20,807 [INFO] IPUIPlugin:80 - create IPUIPlugin
2024-01-29 15:00:20,808 [INFO] PluginManager:220 - loadIPPluginJar : add quadspi
2024-01-29 15:00:20,820 [INFO] IPUIPlugin:80 - create IPUIPlugin
2024-01-29 15:00:20,821 [INFO] PluginManager:220 - loadIPPluginJar : add resmgrutility
2024-01-29 15:00:20,870 [INFO] IPUIPlugin:80 - create IPUIPlugin
2024-01-29 15:00:20,870 [INFO] PluginManager:220 - loadIPPluginJar : add sai
2024-01-29 15:00:20,908 [INFO] IPUIPlugin:80 - create IPUIPlugin
2024-01-29 15:00:20,908 [INFO] PluginManager:220 - loadIPPluginJar : add spi
2024-01-29 15:00:20,964 [INFO] IPUIPlugin:80 - create IPUIPlugin
2024-01-29 15:00:20,964 [INFO] PluginManager:220 - loadIPPluginJar : add stm32_wpan
2024-01-29 15:00:20,986 [INFO] IPUIPlugin:80 - create IPUIPlugin
2024-01-29 15:00:20,986 [INFO] PluginManager:220 - loadIPPluginJar : add tim
2024-01-29 15:00:21,042 [INFO] IPUIPlugin:80 - create IPUIPlugin
2024-01-29 15:00:21,042 [INFO] PluginManager:220 - loadIPPluginJar : add touchsensing
2024-01-29 15:00:21,065 [INFO] IPUIPlugin:80 - create IPUIPlugin
2024-01-29 15:00:21,065 [INFO] PluginManager:220 - loadIPPluginJar : add tracer_emb
2024-01-29 15:00:21,086 [INFO] IPUIPlugin:80 - create IPUIPlugin
2024-01-29 15:00:21,086 [INFO] PluginManager:220 - loadIPPluginJar : add ts
2024-01-29 15:00:21,107 [INFO] IPUIPlugin:80 - create IPUIPlugin
2024-01-29 15:00:21,107 [INFO] PluginManager:220 - loadIPPluginJar : add tsc
2024-01-29 15:00:21,128 [INFO] IPUIPlugin:80 - create IPUIPlugin
2024-01-29 15:00:21,129 [INFO] PluginManager:220 - loadIPPluginJar : add ucpd
2024-01-29 15:00:21,170 [INFO] IPUIPlugin:80 - create IPUIPlugin
2024-01-29 15:00:21,170 [INFO] PluginManager:220 - loadIPPluginJar : add usart
2024-01-29 15:00:21,212 [INFO] IPUIPlugin:80 - create IPUIPlugin
2024-01-29 15:00:21,212 [INFO] PluginManager:220 - loadIPPluginJar : add usbx
2024-01-29 15:00:21,353 [INFO] CADModel:165 - CPN selected for project level
2024-01-29 15:00:21,353 [INFO] CADModel:114 - Register for checkConnection events
2024-01-29 15:00:21,353 [FATAL] Updater:308 - Updater called before beeing initialized
2024-01-29 15:00:21,354 [ERROR] CADModel:125 - Updater not yet initialized, retry later 
2024-01-29 15:00:21,528 [INFO] CADModel:165 - CPN selected for project level
2024-01-29 15:00:21,528 [INFO] CADModel:114 - Register for checkConnection events
2024-01-29 15:00:21,528 [FATAL] Updater:308 - Updater called before beeing initialized
2024-01-29 15:00:21,528 [ERROR] CADModel:125 - Updater not yet initialized, retry later 
2024-01-29 15:00:21,532 [FATAL] Updater:308 - Updater called before beeing initialized
2024-01-29 15:00:21,660 [FATAL] Updater:308 - Updater called before beeing initialized
2024-01-29 15:00:21,671 [INFO] DbMcusAds:53 - JSON generation date=Wed Nov 29 11:52:27 CET 2023 (1701255147200)
2024-01-29 15:00:21,671 [FATAL] Updater:308 - Updater called before beeing initialized
2024-01-29 15:00:21,750 [WARN] DetailPanel:346 - Failed to get advertising image, set to default
2024-01-29 15:00:21,820 [INFO] ThirdPartyUpdaterWithRetryManager:70 - Updater plugin not ready yet. [2/15]
2024-01-29 15:00:21,845 [FATAL] Updater:308 - Updater called before beeing initialized
2024-01-29 15:00:21,847 [FATAL] Updater:308 - Updater called before beeing initialized
2024-01-29 15:00:21,847 [FATAL] Updater:308 - Updater called before beeing initialized
2024-01-29 15:00:21,847 [WARN] DetailPanel:346 - Failed to get advertising image, set to default
2024-01-29 15:00:21,848 [FATAL] Updater:308 - Updater called before beeing initialized
2024-01-29 15:00:21,904 [ERROR] Updater:1120 - MainUpdater not yet initialized. External WinMGr cannot be set.
2024-01-29 15:00:21,914 [INFO] Updater:1056 - Updater Version found : 6.9.2
2024-01-29 15:00:21,934 [INFO] ApplicationProperties:184 - Using Application install path: C:\ST\STM32CubeIDE_1.11.2\STM32CubeIDE\plugins\com.st.stm32cube.common.mx_6.9.2.202309101412
2024-01-29 15:00:22,268 [INFO] MainUpdater:2868 - connection check result : 10
2024-01-29 15:00:22,269 [INFO] MainUpdater:285 - Updater Check For Update Now.
2024-01-29 15:00:22,270 [INFO] MicroXplorer:498 - Change Database Version : DB.6.0.92
2024-01-29 15:00:22,287 [INFO] McuFinderGlobals:63 - Set McuFinder mode to 2 (CubeIDE integrated)
2024-01-29 15:00:22,288 [INFO] UserAuth:179 - activating auth plugin
2024-01-29 15:00:22,291 [INFO] UserAuth:393 - Internet connection configuration mode: 1
2024-01-29 15:00:22,328 [INFO] JxBrowserEngine:151 - Initiate JxBrowser Engine with user profile folder
2024-01-29 15:00:22,492 [INFO] CheckServerUpdateThread:120 - End of CheckServer Thread
2024-01-29 15:00:23,996 [INFO] McuFinderGlobals:63 - Set McuFinder mode to 2 (CubeIDE integrated)
2024-01-29 15:00:24,023 [INFO] MainUpdater:2868 - connection check result : 10
2024-01-29 15:00:24,029 [INFO] MainUpdater:2868 - connection check result : 10
2024-01-29 15:00:24,204 [INFO] MicroXplorer:468 - Change Database Path : 
2024-01-29 15:00:24,204 [INFO] MicroXplorer:498 - Change Database Version : DB.6.0.92
2024-01-29 15:00:24,208 [WARN] ThirdParty:871 - waiting for thirdparty lock release [close project]
2024-01-29 15:00:25,048 [INFO] WebApp:157 - Instantiating new browser for Auth
2024-01-29 15:00:25,148 [WARN] PackLoader:240 - Cannot read IP mode file for STMicroelectronics.X-CUBE-SMBUS.2.1.0
2024-01-29 15:00:25,167 [WARN] PackLoader:240 - Cannot read IP mode file for STMicroelectronics.X-CUBE-TOUCHGFX.4.23.0
2024-01-29 15:00:25,218 [WARN] PackLoader:240 - Cannot read IP mode file for STMicroelectronics.X-CUBE-AZRTOS-F7.1.1.0
2024-01-29 15:00:25,247 [WARN] PackLoader:240 - Cannot read IP mode file for STMicroelectronics.FP-SNS-MOTENV1.4.3.2
2024-01-29 15:00:25,270 [WARN] PackLoader:240 - Cannot read IP mode file for STMicroelectronics.X-CUBE-BLE1.6.2.4
2024-01-29 15:00:25,288 [WARN] PackLoader:240 - Cannot read IP mode file for STMicroelectronics.FP-SNS-FLIGHT1.5.0.2
2024-01-29 15:00:25,309 [WARN] PackLoader:240 - Cannot read IP mode file for STMicroelectronics.X-CUBE-DISPLAY.3.0.0
2024-01-29 15:00:25,331 [WARN] PackLoader:240 - Cannot read IP mode file for STMicroelectronics.X-CUBE-BLE1.7.0.0
2024-01-29 15:00:25,345 [WARN] PackLoader:240 - Cannot read IP mode file for STMicroelectronics.X-CUBE-TOUCHGFX.4.22.0
2024-01-29 15:00:25,358 [WARN] PackLoader:240 - Cannot read IP mode file for STMicroelectronics.X-CUBE-TOUCHGFX.4.22.1
2024-01-29 15:00:25,373 [WARN] PackLoader:240 - Cannot read IP mode file for STMicroelectronics.FP-SNS-SMARTAG2.1.2.0
2024-01-29 15:00:25,398 [INFO] LogOutputStream:77 - [STDOUT_REDIRECT] 1 : Invalid condition id : UX_CORESTACK_Condition cause : null
2024-01-29 15:00:25,398 [INFO] LogOutputStream:77 - [STDOUT_REDIRECT] 1 : Invalid condition id : UX_CORESTACK_Condition cause : null
2024-01-29 15:00:25,399 [INFO] LogOutputStream:77 - [STDOUT_REDIRECT] 1 : Invalid condition id : UX_CORESTACK_Condition cause : null
2024-01-29 15:00:25,401 [INFO] LogOutputStream:77 - [STDOUT_REDIRECT] 1 : Invalid condition id : UX_CORESTACK_Condition cause : null
2024-01-29 15:00:25,403 [INFO] LogOutputStream:77 - [STDOUT_REDIRECT] 1 : Invalid condition id : UX_CORESTACK_Condition cause : null
2024-01-29 15:00:25,406 [WARN] PackLoader:240 - Cannot read IP mode file for STMicroelectronics.X-CUBE-AZRTOS-WL.2.0.0
2024-01-29 15:00:25,431 [WARN] PackLoader:240 - Cannot read IP mode file for WES.I-CUBE-Cesium.1.3.0
2024-01-29 15:00:25,447 [WARN] PackLoader:240 - Cannot read IP mode file for STMicroelectronics.X-CUBE-BLE2.3.3.0
2024-01-29 15:00:25,476 [WARN] PackLoader:240 - Cannot read IP mode file for STMicroelectronics.X-CUBE-TOF1.3.2.0
2024-01-29 15:00:25,494 [WARN] PackLoader:240 - Cannot read IP mode file for STMicroelectronics.X-CUBE-TOUCHGFX.4.21.1
2024-01-29 15:00:25,507 [WARN] PackLoader:240 - Cannot read IP mode file for STMicroelectronics.X-CUBE-AI.7.3.0
2024-01-29 15:00:25,523 [WARN] PackLoader:240 - Cannot read IP mode file for STMicroelectronics.X-CUBE-ALGOBUILD.1.3.0
2024-01-29 15:00:25,558 [WARN] PackLoader:240 - Cannot read IP mode file for STMicroelectronics.X-CUBE-AZRTOS-G0.1.1.0
2024-01-29 15:00:25,582 [WARN] PackLoader:240 - Cannot read IP mode file for STMicroelectronics.X-CUBE-NFC4.3.0.0
2024-01-29 15:00:25,606 [WARN] PackLoader:240 - Cannot read IP mode file for STMicroelectronics.X-CUBE-BLEMGR.3.0.0
2024-01-29 15:00:25,628 [WARN] PackLoader:240 - Cannot read IP mode file for STMicroelectronics.X-CUBE-BLEMGR.1.3.0
2024-01-29 15:00:25,653 [WARN] PackLoader:240 - Cannot read IP mode file for STMicroelectronics.FP-ATR-SIGFOX1.3.2.0
2024-01-29 15:00:25,674 [WARN] PackLoader:240 - Cannot read IP mode file for STMicroelectronics.X-CUBE-EEPRMA1.5.1.0
2024-01-29 15:00:25,722 [WARN] PackLoader:240 - Cannot read IP mode file for STMicroelectronics.X-CUBE-MEMS1.9.5.0
2024-01-29 15:00:25,916 [WARN] PackLoader:240 - Cannot read IP mode file for SEGGER.I-CUBE-embOS.1.3.1
2024-01-29 15:00:25,938 [INFO] WebApp:753 - Register for checkConnection events
2024-01-29 15:00:25,940 [INFO] WebApp:390 - Apply proxy settings
2024-01-29 15:00:25,940 [INFO] WebApp:475 - Chromium requires no authentication
2024-01-29 15:00:25,954 [INFO] WebApp:418 - Direct internet connection detected
2024-01-29 15:00:26,001 [WARN] PackLoader:240 - Cannot read IP mode file for STMicroelectronics.X-CUBE-GNSS1.6.0.0
2024-01-29 15:00:26,042 [WARN] PackLoader:240 - Cannot read IP mode file for STMicroelectronics.X-CUBE-AZRTOS-F4.1.1.0
2024-01-29 15:00:26,071 [WARN] PackLoader:240 - Cannot read IP mode file for STMicroelectronics.X-CUBE-AZRTOS-L5.2.0.0
2024-01-29 15:00:26,119 [WARN] PackLoader:240 - Cannot read IP mode file for STMicroelectronics.X-CUBE-MEMS1.9.6.0
2024-01-29 15:00:26,230 [WARN] PackLoader:240 - Cannot read IP mode file for STMicroelectronics.X-CUBE-EEPRMA1.4.2.0
2024-01-29 15:00:26,241 [INFO] WebApp:188 - Starting web application
2024-01-29 15:00:26,242 [INFO] WebApp:520 - Web application path used C:\ST\STM32CubeIDE_1.11.2\STM32CubeIDE\plugins\com.st.stm32cube.common.mx_6.9.2.202309101412\db\plugins\mcufinder\reactClient1\index.html
2024-01-29 15:00:26,248 [WARN] PackLoader:240 - Cannot read IP mode file for ITTIA_DB.I-CUBE-ITTIADB.8.8.0
2024-01-29 15:00:26,269 [WARN] PackLoader:240 - Cannot read IP mode file for emotas.I-CUBE-CANOPEN.1.1.3
2024-01-29 15:00:26,293 [WARN] PackLoader:240 - Cannot read IP mode file for STMicroelectronics.X-CUBE-BLEMGR.2.0.0
2024-01-29 15:00:26,327 [WARN] ConditionMgr:438 - getConditionDescription Invalid condition id : UX DEVICE CLASS RTOS Condition cause : null
2024-01-29 15:00:26,328 [WARN] ConditionMgr:438 - getConditionDescription Invalid condition id : UX DEVICE CLASS RTOS Condition cause : null
2024-01-29 15:00:26,329 [WARN] PackLoader:240 - Cannot read IP mode file for STMicroelectronics.X-CUBE-AZRTOS-H7.3.1.0
2024-01-29 15:00:26,331 [WARN] ConditionMgr:1039 - genDependencies : Invalid condition id : UX DEVICE CLASS RTOS Condition cause : null
2024-01-29 15:00:26,332 [WARN] ConditionMgr:1039 - genDependencies : Invalid condition id : UX DEVICE CLASS RTOS Condition cause : null
2024-01-29 15:00:26,332 [WARN] ConditionMgr:1039 - genDependencies : Invalid condition id : UX DEVICE CLASS RTOS Condition cause : null
2024-01-29 15:00:26,333 [WARN] ConditionMgr:1039 - genDependencies : Invalid condition id : UX DEVICE CLASS RTOS Condition cause : null
2024-01-29 15:00:26,333 [WARN] ConditionMgr:1039 - genDependencies : Invalid condition id : UX DEVICE CLASS RTOS Condition cause : null
2024-01-29 15:00:26,348 [WARN] PackLoader:240 - Cannot read IP mode file for wolfSSL.I-CUBE-wolfSSL.5.5.4
2024-01-29 15:00:26,365 [WARN] PackLoader:240 - Cannot read IP mode file for STMicroelectronics.X-CUBE-NFC7.1.0.1
2024-01-29 15:00:26,381 [WARN] PackLoader:240 - Cannot read IP mode file for STMicroelectronics.X-CUBE-NFC7.1.0.0
2024-01-29 15:00:26,400 [WARN] PackLoader:240 - Cannot read IP mode file for STMicroelectronics.X-CUBE-NFC6.3.0.0
2024-01-29 15:00:26,420 [WARN] PackLoader:240 - Cannot read IP mode file for STMicroelectronics.X-CUBE-EEPRMA1.4.1.0
2024-01-29 15:00:26,438 [WARN] PackLoader:240 - Cannot read IP mode file for STMicroelectronics.X-CUBE-AI.8.1.0
2024-01-29 15:00:26,478 [WARN] ConditionMgr:438 - getConditionDescription Invalid condition id : LAN8742 Phy interface Condition cause : null
2024-01-29 15:00:26,479 [WARN] PackLoader:240 - Cannot read IP mode file for STMicroelectronics.X-CUBE-AZRTOS-L4.2.0.0
2024-01-29 15:00:26,480 [WARN] ConditionMgr:1039 - genDependencies : Invalid condition id : LAN8742 Phy interface Condition cause : null
2024-01-29 15:00:26,481 [WARN] ConditionMgr:1039 - genDependencies : Invalid condition id : LAN8742 Phy interface Condition cause : null
2024-01-29 15:00:26,481 [WARN] ConditionMgr:1039 - genDependencies : Invalid condition id : LAN8742 Phy interface Condition cause : null
2024-01-29 15:00:26,505 [WARN] PackLoader:240 - Cannot read IP mode file for STMicroelectronics.X-CUBE-SFXS2LP1.4.0.0
2024-01-29 15:00:26,544 [WARN] PackLoader:240 - Cannot read IP mode file for STMicroelectronics.X-CUBE-AZRTOS-H7.3.0.0
2024-01-29 15:00:26,567 [WARN] PackLoader:240 - Cannot read IP mode file for STMicroelectronics.X-CUBE-ISPU.1.1.0
2024-01-29 15:00:26,585 [WARN] PackLoader:240 - Cannot read IP mode file for RoweBots.I-CUBE-UNISONRTOS.5.5.0-4
2024-01-29 15:00:26,604 [WARN] PackLoader:240 - Cannot read IP mode file for STMicroelectronics.X-CUBE-AI.8.0.0
2024-01-29 15:00:26,631 [WARN] ConditionMgr:438 - getConditionDescription Invalid condition id : UX DEVICE CLASS RTOS Condition cause : null
2024-01-29 15:00:26,632 [WARN] ConditionMgr:438 - getConditionDescription Invalid condition id : UX DEVICE CLASS RTOS Condition cause : null
2024-01-29 15:00:26,638 [WARN] PackLoader:240 - Cannot read IP mode file for STMicroelectronics.X-CUBE-AZRTOS-WB.2.0.0
2024-01-29 15:00:26,639 [WARN] ConditionMgr:1039 - genDependencies : Invalid condition id : UX DEVICE CLASS RTOS Condition cause : null
2024-01-29 15:00:26,640 [WARN] ConditionMgr:1039 - genDependencies : Invalid condition id : UX DEVICE CLASS RTOS Condition cause : null
2024-01-29 15:00:26,641 [WARN] ConditionMgr:1039 - genDependencies : Invalid condition id : UX DEVICE CLASS RTOS Condition cause : null
2024-01-29 15:00:26,641 [WARN] ConditionMgr:1039 - genDependencies : Invalid condition id : UX DEVICE CLASS RTOS Condition cause : null
2024-01-29 15:00:26,642 [WARN] ConditionMgr:1039 - genDependencies : Invalid condition id : UX DEVICE CLASS RTOS Condition cause : null
2024-01-29 15:00:26,657 [WARN] PackLoader:240 - Cannot read IP mode file for STMicroelectronics.X-CUBE-FREERTOS.1.0.1
2024-01-29 15:00:26,686 [WARN] PackLoader:240 - Cannot read IP mode file for STMicroelectronics.X-CUBE-AZRTOS-L5.1.1.0
2024-01-29 15:00:26,713 [WARN] PackLoader:240 - Cannot read IP mode file for STMicroelectronics.X-CUBE-SUBG2.5.0.0
2024-01-29 15:00:26,734 [WARN] PackLoader:240 - Cannot read IP mode file for STMicroelectronics.X-CUBE-TOF1.3.3.1
2024-01-29 15:00:26,767 [WARN] PackLoader:240 - Cannot read IP mode file for STMicroelectronics.X-CUBE-AZRTOS-G4.2.0.0
2024-01-29 15:00:26,781 [WARN] PackLoader:240 - Cannot read IP mode file for STMicroelectronics.FP-ATR-ASTRA1.1.1.1
2024-01-29 15:00:26,804 [WARN] PackLoader:240 - Cannot read IP mode file for Infineon.AIROC-Wi-Fi-Bluetooth-STM32.1.5.1
2024-01-29 15:00:26,820 [WARN] PackLoader:240 - Cannot read IP mode file for STMicroelectronics.FP-SNS-MOTENVWB1.1.3.0
2024-01-29 15:00:26,832 [WARN] PackLoader:240 - Cannot read IP mode file for STMicroelectronics.FP-SNS-MOTENVWB1.1.3.1
2024-01-29 15:00:26,853 [WARN] PackLoader:240 - Cannot read IP mode file for STMicroelectronics.X-CUBE-AZRTOS-G4.1.0.0
2024-01-29 15:00:26,879 [WARN] PackLoader:240 - Cannot read IP mode file for STMicroelectronics.X-CUBE-AZRTOS-L4.1.0.0
2024-01-29 15:00:26,893 [WARN] PackLoader:240 - Cannot read IP mode file for STMicroelectronics.X-CUBE-ISPU.2.0.0
2024-01-29 15:00:26,933 [WARN] PackLoader:240 - Cannot read IP mode file for STMicroelectronics.X-CUBE-MEMS1.10.0.0
2024-01-29 15:00:27,041 [WARN] PackLoader:240 - Cannot read IP mode file for STMicroelectronics.X-CUBE-FREERTOS.1.1.0
2024-01-29 15:00:27,063 [WARN] PackLoader:240 - Cannot read IP mode file for STMicroelectronics.X-CUBE-AZRTOS-WL.1.0.0
2024-01-29 15:00:27,087 [WARN] PackLoader:240 - Cannot read IP mode file for portGmbH.I-Cube-SoM-uGOAL.1.1.0
2024-01-29 15:00:27,102 [WARN] PackLoader:240 - Cannot read IP mode file for STMicroelectronics.X-CUBE-ALS.1.0.1
2024-01-29 15:00:27,129 [WARN] PackLoader:240 - Cannot read IP mode file for STMicroelectronics.X-CUBE-AZRTOS-WB.1.1.0
2024-01-29 15:00:27,145 [WARN] PackLoader:240 - Cannot read IP mode file for STMicroelectronics.FP-ATR-ASTRA1.2.0.0
2024-01-29 15:00:27,167 [WARN] PackLoader:240 - Cannot read IP mode file for STMicroelectronics.X-CUBE-TOF1.3.4.0
2024-01-29 15:00:27,208 [WARN] PackLoader:240 - Cannot read IP mode file for STMicroelectronics.X-CUBE-AZRTOS-H7.3.2.0
2024-01-29 15:00:27,211 [INFO] ThirdParty:978 - Integrity check success = true
2024-01-29 15:00:27,211 [INFO] IntegrityCheckThread:100 - exiting critical section [integrity check]
2024-01-29 15:00:27,211 [INFO] IntegrityCheckThread:103 - End integrity checks thread
2024-01-29 15:00:27,211 [INFO] ThirdParty:873 - entering critical section [close project]
2024-01-29 15:00:27,212 [INFO] ThirdParty:883 - exiting critical section [close project]
2024-01-29 15:00:27,215 [INFO] PinOutPanel:1499 - setPackage(No Configuration,No Configuration)
2024-01-29 15:00:27,227 [INFO] UtilMem:75 - Begin LoadConfig() Used Memory: 213664712 Bytes (309329920)
2024-01-29 15:00:27,229 [INFO] MicroXplorer:468 - Change Database Path : 
2024-01-29 15:00:27,229 [INFO] MicroXplorer:498 - Change Database Version : DB.6.0.92
2024-01-29 15:00:27,229 [INFO] OpenFileManager:308 - Change cursor
2024-01-29 15:00:27,271 [INFO] Mcu:1946 - Initializing MCU STM32F407V(E-G)Tx STM32F407VGTx STM32F407VGT6
2024-01-29 15:00:29,247 [INFO] Context:659 - Trying to add GPIOservice into a context  which must be forbidden
2024-01-29 15:00:29,860 [INFO] RtosManager:555 - Registered RTOS mode: class=CMSIS, group=RTOS, mode=CMSIS_V1, owner=FREERTOS
2024-01-29 15:00:29,860 [INFO] RtosManager:555 - Registered RTOS mode: class=CMSIS, group=RTOS2, mode=CMSIS_V2, owner=FREERTOS
2024-01-29 15:00:29,861 [INFO] RtosManager:555 - Registered RTOS mode: class=RTOS, group=Core, mode=CMSIS_V1, owner=FREERTOS
2024-01-29 15:00:29,861 [INFO] RtosManager:555 - Registered RTOS mode: class=RTOS, group=Core, mode=CMSIS_V2, owner=FREERTOS
2024-01-29 15:00:29,861 [WARN] ModelIntegratedComponent:184 - Missing modes for component STMicroelectronics:FreeRTOS:0.0.1:STMicroelectronics:RTOS:FreeRTOS:Core:::10.2.0:
2024-01-29 15:00:29,881 [WARN] ModelIntegratedComponent:63 - No mode defined for component null
2024-01-29 15:00:29,882 [WARN] ModelIntegratedComponent:63 - No mode defined for component null
2024-01-29 15:00:29,882 [WARN] ModelIntegratedComponent:63 - No mode defined for component null
2024-01-29 15:00:29,882 [WARN] ModelIntegratedComponent:63 - No mode defined for component null
2024-01-29 15:00:29,882 [WARN] ModelIntegratedComponent:63 - No mode defined for component null
2024-01-29 15:00:29,882 [WARN] ModelIntegratedComponent:63 - No mode defined for component null
2024-01-29 15:00:29,882 [WARN] ModelIntegratedComponent:63 - No mode defined for component null
2024-01-29 15:00:29,882 [WARN] ModelIntegratedComponent:63 - No mode defined for component null
2024-01-29 15:00:29,882 [WARN] ModelIntegratedComponent:63 - No mode defined for component null
2024-01-29 15:00:29,882 [WARN] ModelIntegratedComponent:63 - No mode defined for component null
2024-01-29 15:00:29,882 [WARN] ModelIntegratedComponent:63 - No mode defined for component null
2024-01-29 15:00:29,882 [WARN] ModelIntegratedComponent:63 - No mode defined for component null
2024-01-29 15:00:29,882 [WARN] ModelIntegratedComponent:63 - No mode defined for component null
2024-01-29 15:00:29,882 [WARN] ModelIntegratedComponent:63 - No mode defined for component null
2024-01-29 15:00:29,882 [WARN] ModelIntegratedComponent:63 - No mode defined for component null
2024-01-29 15:00:29,882 [WARN] ModelIntegratedComponent:63 - No mode defined for component null
2024-01-29 15:00:29,882 [WARN] ModelIntegratedComponent:63 - No mode defined for component null
2024-01-29 15:00:29,882 [WARN] ModelIntegratedComponent:63 - No mode defined for component null
2024-01-29 15:00:29,882 [WARN] ModelIntegratedComponent:63 - No mode defined for component null
2024-01-29 15:00:29,883 [WARN] ModelIntegratedComponent:63 - No mode defined for component null
2024-01-29 15:00:29,883 [WARN] ModelIntegratedComponent:63 - No mode defined for component null
2024-01-29 15:00:29,883 [WARN] ModelIntegratedComponent:63 - No mode defined for component null
2024-01-29 15:00:29,883 [WARN] ModelIntegratedComponent:63 - No mode defined for component null
2024-01-29 15:00:29,883 [WARN] ModelIntegratedComponent:63 - No mode defined for component null
2024-01-29 15:00:29,883 [WARN] ModelIntegratedComponent:63 - No mode defined for component null
2024-01-29 15:00:29,883 [WARN] ModelIntegratedComponent:63 - No mode defined for component null
2024-01-29 15:00:29,883 [WARN] ModelIntegratedComponent:63 - No mode defined for component null
2024-01-29 15:00:29,883 [WARN] ModelIntegratedComponent:63 - No mode defined for component null
2024-01-29 15:00:29,883 [WARN] ModelIntegratedComponent:63 - No mode defined for component null
2024-01-29 15:00:29,883 [WARN] ModelIntegratedComponent:63 - No mode defined for component null
2024-01-29 15:00:29,883 [WARN] ModelIntegratedComponent:63 - No mode defined for component null
2024-01-29 15:00:29,883 [WARN] ModelIntegratedComponent:63 - No mode defined for component null
2024-01-29 15:00:29,883 [WARN] ModelIntegratedComponent:63 - No mode defined for component null
2024-01-29 15:00:30,023 [INFO] ThirdPartyModel:298 - Start build external matchings
2024-01-29 15:00:31,200 [INFO] ThirdPartyModel:316 - End build external matchings
2024-01-29 15:00:31,229 [INFO] ImportTextPane:194 - (OptionalMessage_ERROR) IP (RCC) : Parameter (48MHZClocksFreq_Value) has invalid value (84000000)
2024-01-29 15:00:31,230 [INFO] ImportTextPane:194 - (OptionalMessage_ERROR) IP (RCC) : Parameter (RTCHSEDivFreq_Value) has invalid value (4000000)
2024-01-29 15:00:31,638 [INFO] UtilMem:75 - End LoadConfig() Used Memory: 284297496 Bytes (429916160)
2024-01-29 15:00:31,747 [INFO] ApiDb:581 - Connected to CubeFinder SQLite database (C:\Users\erkan\.stmcufinder\plugins\mcufinder\mcu\cube-finder-db.db)
2024-01-29 15:00:31,844 [INFO] ApiDb:668 - CubeFinder database Data Model version=2.1
2024-01-29 15:00:31,844 [INFO] ApiDb:669 - CubeFinder database Configuration version=3.0.39
2024-01-29 15:00:31,844 [INFO] ApiDb:670 - CubeFinder database generation date=2024-01-11 (1704964531)
2024-01-29 15:00:31,844 [INFO] ApiDb:671 - CubeFinder database FW Pack versions=[FP-ATR-ASTRA1_V2.0.0, FP-SNS-FLIGHT1_V5.0.1, FP-SNS-FLIGHT1_V5.0.2, FP-SNS-MOTENV1_V4.3.1, FP-SNS-MOTENV1_V4.3.2, FP-SNS-MOTENVWB1_V1.3.1, FP-SNS-SMARTAG2_V1.2.0, STM32Cube_FW_C0_V1.1.0, STM32Cube_FW_F4_V1.28.0, STM32Cube_FW_F7_V1.17.0, STM32Cube_FW_G0_V1.6.2, STM32Cube_FW_G4_V1.5.2, STM32Cube_FW_H5_V0.5.1, STM32Cube_FW_H5_V1.1.1, STM32Cube_FW_H5_V1.2.0RC2, STM32Cube_FW_H7_V1.11.0, STM32Cube_FW_L0_V1.12.2, STM32Cube_FW_L5_V1.5.0, STM32Cube_FW_U5_V1.3.0RC4, STM32Cube_FW_U5_V1.4.0, STM32Cube_FW_WBA_V1.0.0RC1, STM32Cube_FW_WBA_V1.1.0RC1, STM32Cube_FW_WBA_V1.2.0, STM32Cube_FW_WBA_V1.2.0RC2, STM32Cube_FW_WB_V1.15.0RC1, STM32Cube_FW_WB_V1.16.0, STM32Cube_FW_WB_V1.16.0RC2, STM32Cube_FW_WB_V1.18.0, STM32Cube_FW_WL_V1.3.0, X-CUBE-ALGOBUILD_V1.3.0, X-CUBE-ALS_V1.0.1, X-CUBE-AZRTOS-F4_V1.1.0, X-CUBE-AZRTOS-F7_V1.1.0, X-CUBE-AZRTOS-G0_V1.1.0, X-CUBE-AZRTOS-G4_V2.0.0, X-CUBE-AZRTOS-H7_V3.2.0, X-CUBE-AZRTOS-L4_V1.0.0, X-CUBE-AZRTOS-L4_V2.0.0, X-CUBE-AZRTOS-L5_V1.1.0, X-CUBE-AZRTOS-WB_V2.0.0, X-CUBE-AZRTOS-WL_V2.0.0, X-CUBE-BLE1_V7.0.0, X-CUBE-BLE2_V3.3.0, X-CUBE-BLEMGR_V3.0.0, X-CUBE-EEPRMA1_V4.1.0, X-CUBE-EEPRMA1_V4.2.0, X-CUBE-FREERTOS_V1.1.0, X-CUBE-GNSS1_V6.0.0, X-CUBE-MEMS1_V10.0.0, X-CUBE-MEMS1_V9.1.0, X-CUBE-MEMS1_V9.4.0, X-CUBE-MEMS1_V9.6.0, X-CUBE-NFC4_V3.0.0, X-CUBE-NFC7_V1.0.1, X-CUBE-SFXS2LP1_V4.0.0, X-CUBE-SUBG2_V5.0.0, X-CUBE-TOF1_V3.4.0]
2024-01-29 15:00:33,951 [INFO] ApiDb:240 - Found 323 in-development CPN: [B-G473E-ZEST1S, B-WB1M-WPAN1, B-WL5M-SUBG1, NUCLEO-C031C6, NUCLEO-H503RB, NUCLEO-H563ZI, NUCLEO-U545RE-Q, NUCLEO-U5A5ZJ-Q, NUCLEO-WBA52CG, STEVAL-PROTEUS1, STEVAL-SMARTAG2, STEVAL-STWINBX1, STM320518-EVAL, STM32C0116-DK, STM32C011D6Y3TR, STM32C011D6Y6TR, STM32C011F4P3, STM32C011F4P6, STM32C011F4U3, STM32C011F4U6TR, STM32C011F6P3, STM32C011F6P6, STM32C011F6U3, STM32C011F6U6TR, STM32C011J4M3, STM32C011J4M6, STM32C011J6M3, STM32C011J6M6, STM32C0316-DK, STM32C031C4T3, STM32C031C4T6, STM32C031C4U3, STM32C031C4U6, STM32C031C6T3, STM32C031C6T6, STM32C031C6U3, STM32C031C6U6, STM32C031F4P3, STM32C031F4P6, STM32C031F6P3, STM32C031F6P6, STM32C031G4U3, STM32C031G4U6, STM32C031G6U3, STM32C031G6U6, STM32C031K4T3, STM32C031K4T6, STM32C031K4U3, STM32C031K4U6, STM32C031K6T3, STM32C031K6T6, STM32C031K6U3, STM32C031K6U6, STM32G071K8TXN, STM32G071K8UXN, STM32G081GBU6N, STM32G081KBT6N, STM32G081KBUXN, STM32G0B1CCT6N, STM32G0B1KCT6, STM32G0B1NEY6TR, STM32G0B1RCT6N, STM32G0C1CCT6, STM32G0C1CCT6N, STM32G0C1CCU6N, STM32G0C1CET6N, STM32G0C1CEU6N, STM32G0C1KCT6, STM32G0C1NEY6TR, STM32G0C1RCI6N, STM32G0C1RCT6N, STM32G0C1REI6N, STM32G0C1RET6N, STM32G0C1VCI6, STM32G0C1VEI6, STM32G471CCT6, STM32G471CCU6, STM32G471CET3, STM32G471CET6, STM32G471CEU3, STM32G471CEU6, STM32G471MCT6, STM32G471MET3, STM32G471MET6, STM32G471MEY6TR, STM32G471QCT6, STM32G471QET3, STM32G471RCT6, STM32G471RET3, STM32G471RET6, STM32G471VCH6, STM32G471VCI6, STM32G471VCT6, STM32G471VEH3, STM32G471VEH6, STM32G471VEI3, STM32G471VEI6, STM32G471VET3, STM32G471VET6, STM32G474CCT6, STM32H503CBT6, STM32H503CBU6, STM32H503EBY6TR, STM32H503KBU6, STM32H503RBT6, STM32H562AGI6, STM32H562AII6, STM32H562IGK6, STM32H562IGT6, STM32H562IIK6, STM32H562IIT6, STM32H562RGT6, STM32H562RGV6, STM32H562RIT6, STM32H562RIV6, STM32H562VGT6, STM32H562VIT6, STM32H562ZGT6, STM32H562ZIT6, STM32H563AGI6, STM32H563AII3Q, STM32H563AII6, STM32H563IGK6, STM32H563IGT6, STM32H563IIK3Q, STM32H563IIK6, STM32H563IIT3Q, STM32H563IIT6, STM32H563MIY3QTR, STM32H563RGT6, STM32H563RGV6, STM32H563RIT6, STM32H563RIV6, STM32H563VGT6, STM32H563VIT3Q, STM32H563VIT6, STM32H563ZGT6, STM32H563ZIT3Q, STM32H563ZIT6, STM32H573AII3Q, STM32H573AII6, STM32H573I-DK, STM32H573IIK3Q, STM32H573IIK6, STM32H573IIT3Q, STM32H573IIT6, STM32H573MIY3QTR, STM32H573RIT6, STM32H573RIV6, STM32H573VIT3Q, STM32H573VIT6, STM32H573ZIT3Q, STM32H573ZIT6, STM32L4R5QGI6STR, STM32MP131AAE3, STM32MP131AAF3, STM32MP131AAG3, STM32MP131CAE3, STM32MP131CAF3, STM32MP131CAG3, STM32MP131DAE7, STM32MP131DAF7, STM32MP131DAG7, STM32MP131FAE7, STM32MP131FAF7, STM32MP131FAG7, STM32MP133AAE3, STM32MP133AAF3, STM32MP133AAG3, STM32MP133CAE3, STM32MP133CAF3, STM32MP133CAG3, STM32MP133DAE7, STM32MP133DAF7, STM32MP133DAG7, STM32MP133FAE7, STM32MP133FAF7, STM32MP133FAG7, STM32MP135AAE3, STM32MP135AAF3, STM32MP135AAG3, STM32MP135CAE3, STM32MP135CAF3, STM32MP135CAG3, STM32MP135DAE7, STM32MP135DAF7, STM32MP135DAG7, STM32MP135F-DK, STM32MP135FAE7, STM32MP135FAF7, STM32MP135FAF7T, STM32MP135FAF7U, STM32MP135FAG7, STM32U535CBT6, STM32U535CBT6Q, STM32U535CBU6, STM32U535CBU6Q, STM32U535CCT6, STM32U535CCT6Q, STM32U535CCU6, STM32U535CCU6Q, STM32U535CET6, STM32U535CET6Q, STM32U535CEU6, STM32U535CEU6Q, STM32U535JEY6QTR, STM32U535NCY6QTR, STM32U535NEY6QTR, STM32U535RBI6, STM32U535RBI6Q, STM32U535RBT6, STM32U535RBT6Q, STM32U535RCI6, STM32U535RCI6Q, STM32U535RCT6, STM32U535RCT6Q, STM32U535REI6, STM32U535REI6Q, STM32U535RET6, STM32U535RET6Q, STM32U535VCI6, STM32U535VCI6Q, STM32U535VCT6, STM32U535VCT6Q, STM32U535VEI6, STM32U535VEI6Q, STM32U535VET6, STM32U535VET6Q, STM32U545CET6, STM32U545CET6Q, STM32U545CEU6, STM32U545CEU6Q, STM32U545JEY6QTR, STM32U545NEY6QTR, STM32U545REI6, STM32U545REI6Q, STM32U545RET6, STM32U545RET6Q, STM32U545VEI6, STM32U545VEI6Q, STM32U545VET6, STM32U545VET6Q, STM32U595AIH6, STM32U595AIH6Q, STM32U595AJH6, STM32U595AJH6Q, STM32U595QII6, STM32U595QII6Q, STM32U595QJI6, STM32U595QJI6Q, STM32U595RIT6, STM32U595RIT6Q, STM32U595RJT6, STM32U595RJT6Q, STM32U595VIT6, STM32U595VIT6Q, STM32U595VJT6, STM32U595VJT6Q, STM32U595ZIT6, STM32U595ZIT6Q, STM32U595ZIY6QTR, STM32U595ZJT6, STM32U595ZJT6Q, STM32U595ZJY6QTR, STM32U599BJY6QTR, STM32U599NIH6Q, STM32U599NJH6Q, STM32U599VIT6Q, STM32U599VJT6, STM32U599VJT6Q, STM32U599ZIT6Q, STM32U599ZIY6QTR, STM32U599ZJT6Q, STM32U599ZJY6QTR, STM32U5A5AJH6, STM32U5A5AJH6Q, STM32U5A5QJI6, STM32U5A5QJI6Q, STM32U5A5RJT6, STM32U5A5RJT6Q, STM32U5A5VJT6, STM32U5A5VJT6Q, STM32U5A5ZJT6, STM32U5A5ZJT6Q, STM32U5A5ZJY6QTR, STM32U5A9BJY6QTR, STM32U5A9J-DK, STM32U5A9NJH6Q, STM32U5A9VJT6Q, STM32U5A9ZJT6Q, STM32U5A9ZJY6QTR, STM32U5F7VIT6, STM32U5F7VIT6Q, STM32U5F7VJT6, STM32U5F7VJT6Q, STM32U5F9BJY6QTR, STM32U5F9NJH6Q, STM32U5F9VIT6Q, STM32U5F9VJT6Q, STM32U5F9ZIJ6QTR, STM32U5F9ZIT6Q, STM32U5F9ZJJ6QTR, STM32U5F9ZJT6Q, STM32U5G7VJT6, STM32U5G7VJT6Q, STM32U5G9BJY6QTR, STM32U5G9J-DK1, STM32U5G9J-DK2, STM32U5G9NJH6Q, STM32U5G9VJT6Q, STM32U5G9ZJJ6QTR, STM32U5G9ZJT6Q, STM32WB1MMCH6, STM32WBA52CEU6, STM32WBA52CEU6T, STM32WBA52CGU6, STM32WBA52CGU6T, STM32WBA52KEU6, STM32WBA52KEU6T, STM32WBA52KGU6, STM32WBA52KGU6T, STM32WL5MOCH6, STM32WL5MOCH6TR]
2024-01-29 15:00:33,956 [INFO] DbMcus:217 - Found 3882 MCUs, 3882 are supported
2024-01-29 15:00:33,957 [INFO] ApiDb:423 - Load user favorites file C:\Users\erkan/.stm32cubeide/favorites.mcus.txt: 0 item(s)
2024-01-29 15:00:33,957 [INFO] ApiDb:427 - User favorites MCUs=[]
2024-01-29 15:00:33,957 [INFO] DbMcus:223 - Set 0 / 0 favorites MCUs
2024-01-29 15:00:34,257 [WARN] ThirdParty:833 - waiting for thirdparty lock release [change project]
2024-01-29 15:00:34,257 [INFO] ThirdParty:835 - entering critical section [change project]
2024-01-29 15:00:34,257 [INFO] ThirdParty:1030 - CMSIS Pack Vendor :STMicroelectronics X-CUBE-ISPU 1.1.0
2024-01-29 15:00:34,257 [INFO] ThirdParty:1030 - CMSIS Pack Vendor :STMicroelectronics USBPD 4.1
2024-01-29 15:00:34,257 [INFO] ThirdParty:1030 - CMSIS Pack Vendor :RoweBots I-CUBE-UNISONRTOS 5.5.0-4
2024-01-29 15:00:34,257 [INFO] ThirdParty:1030 - CMSIS Pack Vendor :STMicroelectronics X-CUBE-GNSS1 6.0.0
2024-01-29 15:00:34,257 [INFO] ThirdParty:1030 - CMSIS Pack Vendor :STMicroelectronics USB_HOST 2.0.0
2024-01-29 15:00:34,257 [INFO] ThirdParty:1030 - CMSIS Pack Vendor :STMicroelectronics X-CUBE-AZRTOS-F4 1.1.0
2024-01-29 15:00:34,257 [INFO] ThirdParty:1030 - CMSIS Pack Vendor :STMicroelectronics LIBJPEG 8.0.0
2024-01-29 15:00:34,257 [INFO] ThirdParty:1030 - CMSIS Pack Vendor :STMicroelectronics X-CUBE-SMBUS 2.1.0
2024-01-29 15:00:34,257 [INFO] ThirdParty:1030 - CMSIS Pack Vendor :STMicroelectronics USB_DEVICE 3.0.0
2024-01-29 15:00:34,257 [INFO] ThirdParty:1030 - CMSIS Pack Vendor :STMicroelectronics X-CUBE-AI 8.0.0
2024-01-29 15:00:34,257 [INFO] ThirdParty:1030 - CMSIS Pack Vendor :STMicroelectronics X-CUBE-AZRTOS-WB 2.0.0
2024-01-29 15:00:34,257 [INFO] ThirdParty:1030 - CMSIS Pack Vendor :STMicroelectronics X-CUBE-FREERTOS 1.0.1
2024-01-29 15:00:34,257 [INFO] ThirdParty:1030 - CMSIS Pack Vendor :STMicroelectronics X-CUBE-TOUCHGFX 4.21.1
2024-01-29 15:00:34,257 [INFO] ThirdParty:1030 - CMSIS Pack Vendor :STMicroelectronics X-CUBE-TOUCHGFX 4.23.0
2024-01-29 15:00:34,257 [INFO] ThirdParty:1030 - CMSIS Pack Vendor :STMicroelectronics X-CUBE-AZRTOS-F7 1.1.0
2024-01-29 15:00:34,258 [INFO] ThirdParty:1030 - CMSIS Pack Vendor :STMicroelectronics X-CUBE-AZRTOS-L5 2.0.0
2024-01-29 15:00:34,258 [INFO] ThirdParty:1030 - CMSIS Pack Vendor :STMicroelectronics USB_DEVICE 2.0.0
2024-01-29 15:00:34,258 [INFO] ThirdParty:1030 - CMSIS Pack Vendor :STMicroelectronics X-CUBE-AI 7.3.0
2024-01-29 15:00:34,258 [INFO] ThirdParty:1030 - CMSIS Pack Vendor :STMicroelectronics X-CUBE-MEMS1 9.6.0
2024-01-29 15:00:34,258 [INFO] ThirdParty:1030 - CMSIS Pack Vendor :STMicroelectronics X-CUBE-EEPRMA1 4.2.0
2024-01-29 15:00:34,258 [INFO] ThirdParty:1030 - CMSIS Pack Vendor :ITTIA_DB I-CUBE-ITTIADB 8.8.0
2024-01-29 15:00:34,258 [INFO] ThirdParty:1030 - CMSIS Pack Vendor :STMicroelectronics FP-SNS-MOTENV1 4.3.2
2024-01-29 15:00:34,258 [INFO] ThirdParty:1030 - CMSIS Pack Vendor :STMicroelectronics X-CUBE-ALGOBUILD 1.3.0
2024-01-29 15:00:34,258 [INFO] ThirdParty:1030 - CMSIS Pack Vendor :STMicroelectronics X-CUBE-BLE1 6.2.4
2024-01-29 15:00:34,258 [INFO] ThirdParty:1030 - CMSIS Pack Vendor :STMicroelectronics X-CUBE-AZRTOS-L5 1.1.0
2024-01-29 15:00:34,258 [INFO] ThirdParty:1030 - CMSIS Pack Vendor :STMicroelectronics FreeRTOS 0.0.1
2024-01-29 15:00:34,258 [INFO] ThirdParty:1030 - CMSIS Pack Vendor :STMicroelectronics X-CUBE-AZRTOS-G0 1.1.0
2024-01-29 15:00:34,258 [INFO] ThirdParty:1030 - CMSIS Pack Vendor :emotas I-CUBE-CANOPEN 1.1.3
2024-01-29 15:00:34,258 [INFO] ThirdParty:1030 - CMSIS Pack Vendor :STMicroelectronics X-CUBE-BLEMGR 2.0.0
2024-01-29 15:00:34,258 [INFO] ThirdParty:1030 - CMSIS Pack Vendor :STMicroelectronics X-CUBE-NFC4 3.0.0
2024-01-29 15:00:34,258 [INFO] ThirdParty:1030 - CMSIS Pack Vendor :STMicroelectronics X-CUBE-SUBG2 5.0.0
2024-01-29 15:00:34,258 [INFO] ThirdParty:1030 - CMSIS Pack Vendor :STMicroelectronics STM32_WPAN 1.0.0
2024-01-29 15:00:34,258 [INFO] ThirdParty:1030 - CMSIS Pack Vendor :STMicroelectronics lwIP 2.0.3
2024-01-29 15:00:34,258 [INFO] ThirdParty:1030 - CMSIS Pack Vendor :STMicroelectronics FP-SNS-FLIGHT1 5.0.2
2024-01-29 15:00:34,258 [INFO] ThirdParty:1030 - CMSIS Pack Vendor :STMicroelectronics USB_HOST 1.0.0
2024-01-29 15:00:34,258 [INFO] ThirdParty:1030 - CMSIS Pack Vendor :STMicroelectronics X-CUBE-TOF1 3.3.1
2024-01-29 15:00:34,258 [INFO] ThirdParty:1030 - CMSIS Pack Vendor :STMicroelectronics X-CUBE-AZRTOS-G4 2.0.0
2024-01-29 15:00:34,258 [INFO] ThirdParty:1030 - CMSIS Pack Vendor :STMicroelectronics PDM2PCM 3.1.0
2024-01-29 15:00:34,258 [INFO] ThirdParty:1030 - CMSIS Pack Vendor :STMicroelectronics X-CUBE-AZRTOS-H7 3.1.0
2024-01-29 15:00:34,258 [INFO] ThirdParty:1030 - CMSIS Pack Vendor :STMicroelectronics FP-ATR-ASTRA1 1.1.1
2024-01-29 15:00:34,259 [INFO] ThirdParty:1030 - CMSIS Pack Vendor :Infineon AIROC-Wi-Fi-Bluetooth-STM32 1.5.1
2024-01-29 15:00:34,259 [INFO] ThirdParty:1030 - CMSIS Pack Vendor :STMicroelectronics X-CUBE-BLEMGR 3.0.0
2024-01-29 15:00:34,259 [INFO] ThirdParty:1030 - CMSIS Pack Vendor :STMicroelectronics PDM2PCM 3.3.0
2024-01-29 15:00:34,259 [INFO] ThirdParty:1030 - CMSIS Pack Vendor :STMicroelectronics X-CUBE-DISPLAY 3.0.0
2024-01-29 15:00:34,259 [INFO] ThirdParty:1030 - CMSIS Pack Vendor :STMicroelectronics X-CUBE-BLEMGR 1.3.0
2024-01-29 15:00:34,259 [INFO] ThirdParty:1030 - CMSIS Pack Vendor :STMicroelectronics FP-SNS-MOTENVWB1 1.3.0
2024-01-29 15:00:34,259 [INFO] ThirdParty:1030 - CMSIS Pack Vendor :STMicroelectronics FP-SNS-MOTENVWB1 1.3.1
2024-01-29 15:00:34,259 [INFO] ThirdParty:1030 - CMSIS Pack Vendor :STMicroelectronics X-CUBE-BLE1 7.0.0
2024-01-29 15:00:34,259 [INFO] ThirdParty:1030 - CMSIS Pack Vendor :STMicroelectronics FP-ATR-SIGFOX1 3.2.0
2024-01-29 15:00:34,259 [INFO] ThirdParty:1030 - CMSIS Pack Vendor :STMicroelectronics X-CUBE-AZRTOS-G4 1.0.0
2024-01-29 15:00:34,259 [INFO] ThirdParty:1030 - CMSIS Pack Vendor :wolfSSL I-CUBE-wolfSSL 5.5.4
2024-01-29 15:00:34,259 [INFO] ThirdParty:1030 - CMSIS Pack Vendor :STMicroelectronics X-CUBE-AZRTOS-L4 1.0.0
2024-01-29 15:00:34,259 [INFO] ThirdParty:1030 - CMSIS Pack Vendor :STMicroelectronics X-CUBE-ISPU 2.0.0
2024-01-29 15:00:34,259 [INFO] ThirdParty:1030 - CMSIS Pack Vendor :STMicroelectronics X-CUBE-EEPRMA1 5.1.0
2024-01-29 15:00:34,259 [INFO] ThirdParty:1030 - CMSIS Pack Vendor :STMicroelectronics HAL Drivers 0.0.0
2024-01-29 15:00:34,259 [INFO] ThirdParty:1030 - CMSIS Pack Vendor :STMicroelectronics MBEDTLS 2.16.2
2024-01-29 15:00:34,259 [INFO] ThirdParty:1030 - CMSIS Pack Vendor :STMicroelectronics X-CUBE-MEMS1 10.0.0
2024-01-29 15:00:34,259 [INFO] ThirdParty:1030 - CMSIS Pack Vendor :STMicroelectronics X-CUBE-FREERTOS 1.1.0
2024-01-29 15:00:34,259 [INFO] ThirdParty:1030 - CMSIS Pack Vendor :STMicroelectronics X-CUBE-TOUCHGFX 4.22.0
2024-01-29 15:00:34,259 [INFO] ThirdParty:1030 - CMSIS Pack Vendor :STMicroelectronics X-CUBE-NFC7 1.0.1
2024-01-29 15:00:34,259 [INFO] ThirdParty:1030 - CMSIS Pack Vendor :STMicroelectronics MBEDTLS 2.14.1
2024-01-29 15:00:34,259 [INFO] ThirdParty:1030 - CMSIS Pack Vendor :STMicroelectronics X-CUBE-NFC7 1.0.0
2024-01-29 15:00:34,259 [INFO] ThirdParty:1030 - CMSIS Pack Vendor :STMicroelectronics X-CUBE-TOUCHGFX 4.22.1
2024-01-29 15:00:34,259 [INFO] ThirdParty:1030 - CMSIS Pack Vendor :STMicroelectronics X-CUBE-AZRTOS-WL 1.0.0
2024-01-29 15:00:34,259 [INFO] ThirdParty:1030 - CMSIS Pack Vendor :STMicroelectronics X-CUBE-NFC6 3.0.0
2024-01-29 15:00:34,259 [INFO] ThirdParty:1030 - CMSIS Pack Vendor :STMicroelectronics X-CUBE-EEPRMA1 4.1.0
2024-01-29 15:00:34,259 [INFO] ThirdParty:1030 - CMSIS Pack Vendor :portGmbH I-Cube-SoM-uGOAL 1.1.0
2024-01-29 15:00:34,259 [INFO] ThirdParty:1030 - CMSIS Pack Vendor :STMicroelectronics X-CUBE-ALS 1.0.1
2024-01-29 15:00:34,260 [INFO] ThirdParty:1030 - CMSIS Pack Vendor :STMicroelectronics X-CUBE-MEMS1 9.5.0
2024-01-29 15:00:34,260 [INFO] ThirdParty:1030 - CMSIS Pack Vendor :STMicroelectronics ThreadX 1.0.0
2024-01-29 15:00:34,260 [INFO] ThirdParty:1030 - CMSIS Pack Vendor :STMicroelectronics FP-SNS-SMARTAG2 1.2.0
2024-01-29 15:00:34,260 [INFO] ThirdParty:1030 - CMSIS Pack Vendor :STMicroelectronics X-CUBE-AZRTOS-WB 1.1.0
2024-01-29 15:00:34,260 [INFO] ThirdParty:1030 - CMSIS Pack Vendor :STMicroelectronics X-CUBE-AZRTOS-WL 2.0.0
2024-01-29 15:00:34,260 [INFO] ThirdParty:1030 - CMSIS Pack Vendor :SEGGER I-CUBE-embOS 1.3.1
2024-01-29 15:00:34,260 [INFO] ThirdParty:1030 - CMSIS Pack Vendor :STMicroelectronics USB_DEVICE 1.0.0
2024-01-29 15:00:34,260 [INFO] ThirdParty:1030 - CMSIS Pack Vendor :STMicroelectronics X-CUBE-AI 8.1.0
2024-01-29 15:00:34,260 [INFO] ThirdParty:1030 - CMSIS Pack Vendor :STMicroelectronics X-CUBE-AZRTOS-L4 2.0.0
2024-01-29 15:00:34,260 [INFO] ThirdParty:1030 - CMSIS Pack Vendor :STMicroelectronics ThreadX 0.0.2
2024-01-29 15:00:34,260 [INFO] ThirdParty:1030 - CMSIS Pack Vendor :WES I-CUBE-Cesium 1.3.0
2024-01-29 15:00:34,260 [INFO] ThirdParty:1030 - CMSIS Pack Vendor :STMicroelectronics FP-ATR-ASTRA1 2.0.0
2024-01-29 15:00:34,260 [INFO] ThirdParty:1030 - CMSIS Pack Vendor :STMicroelectronics lwIP 2.1.2
2024-01-29 15:00:34,260 [INFO] ThirdParty:1030 - CMSIS Pack Vendor :STMicroelectronics X-CUBE-SFXS2LP1 4.0.0
2024-01-29 15:00:34,260 [INFO] ThirdParty:1030 - CMSIS Pack Vendor :STMicroelectronics X-CUBE-BLE2 3.3.0
2024-01-29 15:00:34,260 [INFO] ThirdParty:1030 - CMSIS Pack Vendor :STMicroelectronics X-CUBE-TOF1 3.4.0
2024-01-29 15:00:34,260 [INFO] ThirdParty:1030 - CMSIS Pack Vendor :STMicroelectronics X-CUBE-TOF1 3.2.0
2024-01-29 15:00:34,260 [INFO] ThirdParty:1030 - CMSIS Pack Vendor :STMicroelectronics X-CUBE-AZRTOS-H7 3.2.0
2024-01-29 15:00:34,260 [INFO] ThirdParty:1030 - CMSIS Pack Vendor :STMicroelectronics PDM2PCM 3.2.0
2024-01-29 15:00:34,260 [INFO] ThirdParty:1030 - CMSIS Pack Vendor :STMicroelectronics X-CUBE-AZRTOS-H7 3.0.0
2024-01-29 15:00:34,260 [INFO] ThirdParty:841 - exiting critical section [change project]
2024-01-29 15:00:34,666 [INFO] PinOutPanel:1499 - setPackage(No Configuration,No Configuration)
2024-01-29 15:00:34,667 [INFO] PinOutPanel:1499 - setPackage(STM32F407VGTx,LQFP100)
2024-01-29 15:00:35,090 [INFO] UtilMem:75 - Before build in PCC Used Memory: 288297232 Bytes (429916160)
2024-01-29 15:00:35,862 [INFO] UtilMem:75 - After build in PCC Used Memory: 204370864 Bytes (429916160)
2024-01-29 15:00:35,888 [INFO] IPUIPlugin:80 - create IPUIPlugin
2024-01-29 15:00:35,888 [INFO] IPUIPlugin:80 - create IPUIPlugin
2024-01-29 15:00:35,888 [INFO] IPUIPlugin:80 - create IPUIPlugin
2024-01-29 15:00:35,888 [INFO] IPUIPlugin:80 - create IPUIPlugin
2024-01-29 15:00:35,888 [INFO] IPUIPlugin:80 - create IPUIPlugin
2024-01-29 15:00:35,888 [INFO] IPUIPlugin:80 - create IPUIPlugin
2024-01-29 15:00:35,888 [INFO] IPUIPlugin:80 - create IPUIPlugin
2024-01-29 15:00:35,888 [INFO] IPUIPlugin:80 - create IPUIPlugin
2024-01-29 15:00:35,889 [INFO] IPUIPlugin:80 - create IPUIPlugin
2024-01-29 15:00:35,889 [INFO] IPUIPlugin:80 - create IPUIPlugin
2024-01-29 15:00:35,889 [INFO] IPUIPlugin:80 - create IPUIPlugin
2024-01-29 15:00:35,889 [INFO] IPUIPlugin:80 - create IPUIPlugin
2024-01-29 15:00:35,890 [INFO] IPUIPlugin:80 - create IPUIPlugin
2024-01-29 15:00:35,890 [INFO] IPUIPlugin:80 - create IPUIPlugin
2024-01-29 15:00:35,890 [INFO] IPUIPlugin:80 - create IPUIPlugin
2024-01-29 15:00:35,890 [INFO] IPUIPlugin:80 - create IPUIPlugin
2024-01-29 15:00:35,890 [INFO] IPUIPlugin:80 - create IPUIPlugin
2024-01-29 15:00:35,890 [INFO] IPUIPlugin:80 - create IPUIPlugin
2024-01-29 15:00:35,890 [INFO] IPUIPlugin:80 - create IPUIPlugin
2024-01-29 15:00:35,890 [INFO] IPUIPlugin:80 - create IPUIPlugin
2024-01-29 15:00:35,890 [INFO] IPUIPlugin:80 - create IPUIPlugin
2024-01-29 15:00:35,891 [INFO] IPUIPlugin:80 - create IPUIPlugin
2024-01-29 15:00:35,891 [INFO] IPUIPlugin:80 - create IPUIPlugin
2024-01-29 15:00:35,891 [INFO] IPUIPlugin:80 - create IPUIPlugin
2024-01-29 15:00:35,891 [INFO] IPUIPlugin:80 - create IPUIPlugin
2024-01-29 15:00:35,891 [INFO] IPUIPlugin:80 - create IPUIPlugin
2024-01-29 15:00:35,891 [INFO] IPUIPlugin:80 - create IPUIPlugin
2024-01-29 15:00:35,892 [INFO] IPUIPlugin:80 - create IPUIPlugin
2024-01-29 15:00:35,892 [INFO] IPUIPlugin:80 - create IPUIPlugin
2024-01-29 15:00:35,892 [INFO] IPUIPlugin:80 - create IPUIPlugin
2024-01-29 15:00:35,892 [INFO] IPUIPlugin:80 - create IPUIPlugin
2024-01-29 15:00:35,892 [INFO] IPUIPlugin:80 - create IPUIPlugin
2024-01-29 15:00:35,892 [INFO] IPUIPlugin:80 - create IPUIPlugin
2024-01-29 15:00:35,893 [INFO] IPUIPlugin:80 - create IPUIPlugin
2024-01-29 15:00:35,893 [INFO] IPUIPlugin:80 - create IPUIPlugin
2024-01-29 15:00:35,893 [INFO] IPUIPlugin:80 - create IPUIPlugin
2024-01-29 15:00:35,893 [INFO] IPUIPlugin:80 - create IPUIPlugin
2024-01-29 15:00:35,893 [INFO] IPUIPlugin:80 - create IPUIPlugin
2024-01-29 15:00:35,893 [INFO] IPUIPlugin:80 - create IPUIPlugin
2024-01-29 15:00:35,894 [INFO] IPUIPlugin:80 - create IPUIPlugin
2024-01-29 15:00:35,894 [INFO] IPUIPlugin:80 - create IPUIPlugin
2024-01-29 15:00:35,894 [INFO] IPUIPlugin:80 - create IPUIPlugin
2024-01-29 15:00:35,894 [INFO] IPUIPlugin:80 - create IPUIPlugin
2024-01-29 15:00:35,894 [INFO] IPUIPlugin:80 - create IPUIPlugin
2024-01-29 15:00:35,895 [INFO] IPUIPlugin:80 - create IPUIPlugin
2024-01-29 15:00:35,895 [INFO] IPUIPlugin:80 - create IPUIPlugin
2024-01-29 15:00:35,895 [INFO] IPUIPlugin:80 - create IPUIPlugin
2024-01-29 15:00:35,895 [INFO] IPUIPlugin:80 - create IPUIPlugin
2024-01-29 15:00:35,895 [INFO] IPUIPlugin:80 - create IPUIPlugin
2024-01-29 15:00:35,896 [INFO] IPUIPlugin:80 - create IPUIPlugin
2024-01-29 15:00:35,896 [INFO] IPUIPlugin:80 - create IPUIPlugin
2024-01-29 15:00:35,896 [INFO] IPUIPlugin:80 - create IPUIPlugin
2024-01-29 15:00:35,896 [INFO] IPUIPlugin:80 - create IPUIPlugin
2024-01-29 15:00:35,897 [INFO] IPUIPlugin:80 - create IPUIPlugin
2024-01-29 15:00:35,897 [INFO] IPUIPlugin:80 - create IPUIPlugin
2024-01-29 15:00:35,898 [INFO] IPUIPlugin:80 - create IPUIPlugin
2024-01-29 15:00:35,898 [INFO] IPUIPlugin:80 - create IPUIPlugin
2024-01-29 15:00:35,898 [INFO] IPUIPlugin:80 - create IPUIPlugin
2024-01-29 15:00:35,980 [INFO] ApiDbMcu:507 - Load IP Config File for PDM2PCM
2024-01-29 15:00:35,991 [INFO] Can:71 - Can Add PropertyChangeListener com.st.microxplorer.plugins.ip.can.Can@3781c15b
2024-01-29 15:00:36,195 [INFO] CADModel:165 - CPN selected for project levelSTM32F407VGT6
2024-01-29 15:00:36,196 [INFO] CADModel:114 - Register for checkConnection events
2024-01-29 15:00:36,250 [INFO] OpenFileManager:328 - Restore cursor
2024-01-29 15:00:47,271 [ERROR] LogOutputStream:75 - [STDERR_REDIRECT] SLF4J: Failed to load class "org.slf4j.impl.StaticLoggerBinder".
2024-01-29 15:00:47,271 [ERROR] LogOutputStream:75 - [STDERR_REDIRECT] SLF4J: Defaulting to no-operation (NOP) logger implementation
2024-01-29 15:00:47,273 [ERROR] LogOutputStream:75 - [STDERR_REDIRECT] SLF4J: See http://www.slf4j.org/codes.html#StaticLoggerBinder for further details.
2024-01-29 16:24:34,058 [ERROR] LogOutputStream:75 - [STDERR_REDIRECT] 
