2024-02-18 22:10:11,037 [INFO] Activator:176 - 


2024-02-18 22:10:11,046 [INFO] Activator:177 - !SESSION log4j initialized
2024-02-18 22:10:18,504 [INFO] LogOutputStream:77 - [STDOUT_REDIRECT] 
2024-02-18 22:10:20,541 [INFO] ApplicationProperties:184 - Using Application install path: C:\ST\STM32CubeIDE_1.11.2\STM32CubeIDE\plugins\com.st.stm32cube.common.mx_6.9.2.202309101412
2024-02-18 22:10:20,560 [INFO] DbMcusXml:78 - Set database path to: C:\ST\STM32CubeIDE_1.11.2\STM32CubeIDE\plugins\com.st.stm32cube.common.mx_6.9.2.202309101412\\db\/mcu/
2024-02-18 22:10:20,560 [INFO] ApiDb:274 - Set plugin database path to: C:\ST\STM32CubeIDE_1.11.2\STM32CubeIDE\plugins\com.st.stm32cube.common.mx_6.9.2.202309101412\\db\/plugins/boardmanager/
2024-02-18 22:10:20,561 [WARN] ApiDb:259 - Overriding images path with different value:  => C:\ST\STM32CubeIDE_1.11.2\STM32CubeIDE\plugins\com.st.stm32cube.common.mx_6.9.2.202309101412\\db\/plugins/mcufinder/images/
2024-02-18 22:10:20,579 [INFO] ApiDb:250 - Set database path to: C:\Users\erkan\.stmcufinder\plugins\mcufinder//mcu/
2024-02-18 22:10:20,580 [INFO] DbMcusAds:125 - Set database path to: C:\Users\erkan\.stmcufinder\plugins\mcufinder//mcu/
2024-02-18 22:10:20,583 [INFO] CrossReferenceDbSqlite:203 - Set database path to: C:\Users\erkan\.stmcufinder\plugins\mcufinder//mcu/cs/
2024-02-18 22:10:20,701 [INFO] RulesReader:64 - Compatibility file has been processed (293 Rules)
2024-02-18 22:10:20,806 [INFO] DbMcusXml:78 - Set database path to: C:\ST\STM32CubeIDE_1.11.2\STM32CubeIDE\plugins\com.st.stm32cube.common.mx_6.9.2.202309101412\\db\/mcu/
2024-02-18 22:10:20,806 [INFO] ApiDb:274 - Set plugin database path to: C:\ST\STM32CubeIDE_1.11.2\STM32CubeIDE\plugins\com.st.stm32cube.common.mx_6.9.2.202309101412\\db\/plugins/boardmanager/
2024-02-18 22:10:20,806 [INFO] ApiDb:261 - Set plugin images path to: C:\ST\STM32CubeIDE_1.11.2\STM32CubeIDE\plugins\com.st.stm32cube.common.mx_6.9.2.202309101412\\db\/plugins/mcufinder/images/
2024-02-18 22:10:20,806 [WARN] DbFile:41 - Overriding database path with different value: C:\Users\erkan\.stmcufinder\plugins\mcufinder/ => C:\Users\erkan\.stmcufinder\plugins\mcufinder
2024-02-18 22:10:20,806 [INFO] ApiDb:250 - Set database path to: C:\Users\erkan\.stmcufinder\plugins\mcufinder//mcu/
2024-02-18 22:10:20,806 [WARN] DbFile:41 - Overriding database path with different value: C:\Users\erkan\.stmcufinder\plugins\mcufinder/ => C:\Users\erkan\.stmcufinder\plugins\mcufinder
2024-02-18 22:10:20,806 [INFO] DbMcusAds:125 - Set database path to: C:\Users\erkan\.stmcufinder\plugins\mcufinder//mcu/
2024-02-18 22:10:20,807 [WARN] DbFile:41 - Overriding database path with different value: C:\Users\erkan\.stmcufinder\plugins\mcufinder/ => C:\Users\erkan\.stmcufinder\plugins\mcufinder
2024-02-18 22:10:20,807 [WARN] DbFile:41 - Overriding database path with different value: C:\Users\erkan\.stmcufinder\plugins\mcufinder/ => C:\Users\erkan\.stmcufinder\plugins\mcufinder
2024-02-18 22:10:20,807 [INFO] CrossReferenceDbSqlite:203 - Set database path to: C:\Users\erkan\.stmcufinder\plugins\mcufinder//mcu/cs/
2024-02-18 22:10:20,910 [INFO] MainPanel:262 - HeapMemory: 268435456
2024-02-18 22:10:21,018 [INFO] DbMcusXml:78 - Set database path to: C:\ST\STM32CubeIDE_1.11.2\STM32CubeIDE\plugins\com.st.stm32cube.common.mx_6.9.2.202309101412\\db\/mcu/
2024-02-18 22:10:21,019 [INFO] ApiDb:274 - Set plugin database path to: C:\ST\STM32CubeIDE_1.11.2\STM32CubeIDE\plugins\com.st.stm32cube.common.mx_6.9.2.202309101412\\db\/plugins/boardmanager/
2024-02-18 22:10:21,019 [INFO] ApiDb:261 - Set plugin images path to: C:\ST\STM32CubeIDE_1.11.2\STM32CubeIDE\plugins\com.st.stm32cube.common.mx_6.9.2.202309101412\\db\/plugins/mcufinder/images/
2024-02-18 22:10:21,019 [WARN] DbFile:41 - Overriding database path with different value: C:\Users\erkan\.stmcufinder\plugins\mcufinder/ => C:\Users\erkan\.stmcufinder\plugins\mcufinder
2024-02-18 22:10:21,019 [INFO] ApiDb:250 - Set database path to: C:\Users\erkan\.stmcufinder\plugins\mcufinder//mcu/
2024-02-18 22:10:21,019 [WARN] DbFile:41 - Overriding database path with different value: C:\Users\erkan\.stmcufinder\plugins\mcufinder/ => C:\Users\erkan\.stmcufinder\plugins\mcufinder
2024-02-18 22:10:21,019 [INFO] DbMcusAds:125 - Set database path to: C:\Users\erkan\.stmcufinder\plugins\mcufinder//mcu/
2024-02-18 22:10:21,019 [WARN] DbFile:41 - Overriding database path with different value: C:\Users\erkan\.stmcufinder\plugins\mcufinder/ => C:\Users\erkan\.stmcufinder\plugins\mcufinder
2024-02-18 22:10:21,019 [WARN] DbFile:41 - Overriding database path with different value: C:\Users\erkan\.stmcufinder\plugins\mcufinder/ => C:\Users\erkan\.stmcufinder\plugins\mcufinder
2024-02-18 22:10:21,019 [INFO] CrossReferenceDbSqlite:203 - Set database path to: C:\Users\erkan\.stmcufinder\plugins\mcufinder//mcu/cs/
2024-02-18 22:10:21,044 [INFO] ApplicationProperties:184 - Using Application install path: C:\ST\STM32CubeIDE_1.11.2\STM32CubeIDE\plugins\com.st.stm32cube.common.mx_6.9.2.202309101412
2024-02-18 22:10:21,046 [INFO] PluginManage:196 - Search for loadable plugins [exclusion list=, ]
2024-02-18 22:10:21,049 [INFO] PluginManage:310 - Check plugin analytics
2024-02-18 22:10:21,231 [INFO] AnalyticsPlugin:253 - Accepted Software Licenses: STM32CubeMX.6.9.2
2024-02-18 22:10:21,231 [INFO] AnalyticsPlugin:255 - Accepted CMSIS Pack Licenses: 
2024-02-18 22:10:21,231 [INFO] AnalyticsPlugin:257 - Accepted Firmware Licenses: 
2024-02-18 22:10:21,234 [INFO] PluginManage:359 - Loaded plugin analytics (category:tool,tabindex:-1)
2024-02-18 22:10:21,235 [INFO] PluginManage:310 - Check plugin cadmodel
2024-02-18 22:10:21,248 [INFO] CADModel:105 - Init CAD model plugin
2024-02-18 22:10:21,248 [INFO] PluginManage:359 - Loaded plugin cadmodel (category:power,tabindex:5)
2024-02-18 22:10:21,249 [INFO] PluginManage:310 - Check plugin clock
2024-02-18 22:10:21,269 [INFO] PluginManage:359 - Loaded plugin clock (category:base,tabindex:2)
2024-02-18 22:10:21,270 [INFO] PluginManage:310 - Check plugin ddr
2024-02-18 22:10:21,272 [INFO] PluginManage:359 - Loaded plugin ddr (category:tool,tabindex:6)
2024-02-18 22:10:21,272 [INFO] PluginManage:310 - Check plugin filemanager
2024-02-18 22:10:21,417 [INFO] PluginManage:359 - Loaded plugin filemanager (category:base,tabindex:10)
2024-02-18 22:10:21,417 [INFO] PluginManage:310 - Check plugin ipmanager
2024-02-18 22:10:21,427 [INFO] PluginManage:359 - Loaded plugin ipmanager (category:base,tabindex:5)
2024-02-18 22:10:21,427 [INFO] PluginManage:310 - Check plugin lpbam
2024-02-18 22:10:21,444 [INFO] PluginManage:359 - Loaded plugin lpbam (category:base,tabindex:0)
2024-02-18 22:10:21,444 [INFO] PluginManage:310 - Check plugin memorymap
2024-02-18 22:10:21,468 [INFO] PluginManage:359 - Loaded plugin memorymap (category:base,tabindex:4)
2024-02-18 22:10:21,468 [INFO] PluginManage:310 - Check plugin pinoutandconfiguration
2024-02-18 22:10:21,488 [INFO] PluginManage:359 - Loaded plugin pinoutandconfiguration (category:base,tabindex:1)
2024-02-18 22:10:21,488 [INFO] PluginManage:310 - Check plugin pinoutconfig
2024-02-18 22:10:21,585 [WARN] SupportedApi:132 - Cannot load RTOS API schema: s4s-elt-must-match.1: The content of 'definitions' must match (annotation?, (simpleType | complexType)?, (unique | key | keyref)*)). A problem was found starting at: attribute.
2024-02-18 22:10:21,754 [INFO] PluginManage:359 - Loaded plugin pinoutconfig (category:base,tabindex:0)
2024-02-18 22:10:21,754 [INFO] PluginManage:310 - Check plugin power
2024-02-18 22:10:21,778 [INFO] PluginManage:359 - Loaded plugin power (category:power,tabindex:4)
2024-02-18 22:10:21,778 [INFO] PluginManage:310 - Check plugin projectmanager
2024-02-18 22:10:21,795 [INFO] PluginManage:359 - Loaded plugin projectmanager (category:projectmanager,tabindex:3)
2024-02-18 22:10:21,795 [INFO] PluginManage:310 - Check plugin thirdparty
2024-02-18 22:10:22,260 [WARN] IntegrityCheckThread:84 - waiting for thirdparty lock release [integrity check]
2024-02-18 22:10:22,261 [INFO] IntegrityCheckThread:86 - entering critical section [integrity check]
2024-02-18 22:10:22,262 [INFO] PluginManage:359 - Loaded plugin thirdparty (category:base,tabindex:-1)
2024-02-18 22:10:22,263 [INFO] PluginManage:310 - Check plugin tools
2024-02-18 22:10:22,263 [INFO] ThirdPartyUpdaterWithRetryManager:70 - Updater plugin not ready yet. [1/15]
2024-02-18 22:10:22,331 [INFO] PluginManage:359 - Loaded plugin tools (category:base,tabindex:7)
2024-02-18 22:10:22,331 [INFO] PluginManage:310 - Check plugin tutovideos
2024-02-18 22:10:22,688 [INFO] PluginManage:359 - Loaded plugin tutovideos (category:base,tabindex:-1)
2024-02-18 22:10:22,688 [INFO] PluginManage:310 - Check plugin updater
2024-02-18 22:10:22,704 [INFO] PluginManage:359 - Loaded plugin updater (category:base,tabindex:12)
2024-02-18 22:10:22,704 [INFO] PluginManage:310 - Check plugin userauth
2024-02-18 22:10:22,712 [INFO] UserAuth:113 - Init User Auth plugin
2024-02-18 22:10:22,713 [INFO] PluginManage:359 - Loaded plugin userauth (category:base,tabindex:14)
2024-02-18 22:10:22,714 [INFO] PluginManage:283 - PluginManage : Loaded plugins [17]
2024-02-18 22:10:23,064 [INFO] PinOutPanel:1499 - setPackage(No Configuration,No Configuration)
2024-02-18 22:10:23,267 [INFO] CADModel:165 - CPN selected for project level
2024-02-18 22:10:23,267 [INFO] CADModel:114 - Register for checkConnection events
2024-02-18 22:10:23,319 [INFO] IPUIPlugin:80 - create IPUIPlugin
2024-02-18 22:10:23,319 [INFO] PluginManager:220 - loadIPPluginJar : add adc
2024-02-18 22:10:23,366 [INFO] IPUIPlugin:80 - create IPUIPlugin
2024-02-18 22:10:23,366 [INFO] PluginManager:220 - loadIPPluginJar : add aes
2024-02-18 22:10:23,418 [INFO] IPUIPlugin:80 - create IPUIPlugin
2024-02-18 22:10:23,418 [INFO] PluginManager:220 - loadIPPluginJar : add can
2024-02-18 22:10:23,450 [INFO] IPUIPlugin:80 - create IPUIPlugin
2024-02-18 22:10:23,451 [INFO] PluginManager:220 - loadIPPluginJar : add comp
2024-02-18 22:10:23,488 [INFO] IPUIPlugin:80 - create IPUIPlugin
2024-02-18 22:10:23,489 [INFO] PluginManager:220 - loadIPPluginJar : add cryp
2024-02-18 22:10:23,517 [INFO] IPUIPlugin:80 - create IPUIPlugin
2024-02-18 22:10:23,517 [INFO] PluginManager:220 - loadIPPluginJar : add dfsdm
2024-02-18 22:10:23,532 [INFO] IPUIPlugin:80 - create IPUIPlugin
2024-02-18 22:10:23,532 [INFO] PluginManager:220 - loadIPPluginJar : add dma
2024-02-18 22:10:23,574 [INFO] IPUIPlugin:80 - create IPUIPlugin
2024-02-18 22:10:23,574 [INFO] PluginManager:220 - loadIPPluginJar : add dma3
2024-02-18 22:10:23,593 [INFO] IPUIPlugin:80 - create IPUIPlugin
2024-02-18 22:10:23,594 [INFO] PluginManager:220 - loadIPPluginJar : add fatfs
2024-02-18 22:10:23,639 [INFO] IPUIPlugin:80 - create IPUIPlugin
2024-02-18 22:10:23,639 [INFO] PluginManager:220 - loadIPPluginJar : add fmc
2024-02-18 22:10:23,653 [INFO] IPUIPlugin:80 - create IPUIPlugin
2024-02-18 22:10:23,653 [INFO] PluginManager:220 - loadIPPluginJar : add freertos
2024-02-18 22:10:23,672 [INFO] IPUIPlugin:80 - create IPUIPlugin
2024-02-18 22:10:23,673 [INFO] PluginManager:220 - loadIPPluginJar : add genericplugin
2024-02-18 22:10:23,763 [INFO] IPUIPlugin:80 - create IPUIPlugin
2024-02-18 22:10:23,763 [INFO] PluginManager:220 - loadIPPluginJar : add gfxmmu
2024-02-18 22:10:23,897 [INFO] IPUIPlugin:80 - create IPUIPlugin
2024-02-18 22:10:23,897 [INFO] PluginManager:220 - loadIPPluginJar : add gic
2024-02-18 22:10:23,910 [INFO] IPUIPlugin:80 - create IPUIPlugin
2024-02-18 22:10:23,910 [INFO] PluginManager:220 - loadIPPluginJar : add gpio
2024-02-18 22:10:24,005 [INFO] IPUIPlugin:80 - create IPUIPlugin
2024-02-18 22:10:24,005 [INFO] PluginManager:220 - loadIPPluginJar : add gtzc
2024-02-18 22:10:24,039 [INFO] IPUIPlugin:80 - create IPUIPlugin
2024-02-18 22:10:24,039 [INFO] PluginManager:220 - loadIPPluginJar : add hash
2024-02-18 22:10:24,108 [INFO] IPUIPlugin:80 - create IPUIPlugin
2024-02-18 22:10:24,108 [INFO] PluginManager:220 - loadIPPluginJar : add i2c
2024-02-18 22:10:24,149 [INFO] IPUIPlugin:80 - create IPUIPlugin
2024-02-18 22:10:24,149 [INFO] PluginManager:220 - loadIPPluginJar : add i2s
2024-02-18 22:10:24,189 [INFO] IPUIPlugin:80 - create IPUIPlugin
2024-02-18 22:10:24,189 [INFO] PluginManager:220 - loadIPPluginJar : add i3c
2024-02-18 22:10:24,284 [INFO] IPUIPlugin:80 - create IPUIPlugin
2024-02-18 22:10:24,284 [INFO] PluginManager:220 - loadIPPluginJar : add ipddr
2024-02-18 22:10:24,369 [INFO] IPUIPlugin:80 - create IPUIPlugin
2024-02-18 22:10:24,369 [INFO] PluginManager:220 - loadIPPluginJar : add linkedlist
2024-02-18 22:10:24,401 [INFO] IPUIPlugin:80 - create IPUIPlugin
2024-02-18 22:10:24,401 [INFO] PluginManager:220 - loadIPPluginJar : add lorawan
2024-02-18 22:10:24,435 [INFO] IPUIPlugin:80 - create IPUIPlugin
2024-02-18 22:10:24,435 [INFO] PluginManager:220 - loadIPPluginJar : add ltdc
2024-02-18 22:10:24,449 [INFO] IPUIPlugin:80 - create IPUIPlugin
2024-02-18 22:10:24,449 [INFO] PluginManager:220 - loadIPPluginJar : add mdma
2024-02-18 22:10:24,462 [INFO] IPUIPlugin:80 - create IPUIPlugin
2024-02-18 22:10:24,462 [INFO] PluginManager:220 - loadIPPluginJar : add nvic
2024-02-18 22:10:24,495 [INFO] IPUIPlugin:80 - create IPUIPlugin
2024-02-18 22:10:24,495 [INFO] PluginManager:220 - loadIPPluginJar : add opamp
2024-02-18 22:10:24,557 [INFO] IPUIPlugin:80 - create IPUIPlugin
2024-02-18 22:10:24,558 [INFO] PluginManager:220 - loadIPPluginJar : add openamp
2024-02-18 22:10:24,598 [INFO] IPUIPlugin:80 - create IPUIPlugin
2024-02-18 22:10:24,598 [INFO] PluginManager:220 - loadIPPluginJar : add pdm2pcm
2024-02-18 22:10:24,612 [INFO] IPUIPlugin:80 - create IPUIPlugin
2024-02-18 22:10:24,614 [INFO] PluginManager:220 - loadIPPluginJar : add plateformsettings
2024-02-18 22:10:24,636 [INFO] IPUIPlugin:80 - create IPUIPlugin
2024-02-18 22:10:24,636 [INFO] PluginManager:220 - loadIPPluginJar : add quadspi
2024-02-18 22:10:24,648 [INFO] IPUIPlugin:80 - create IPUIPlugin
2024-02-18 22:10:24,648 [INFO] PluginManager:220 - loadIPPluginJar : add resmgrutility
2024-02-18 22:10:24,697 [INFO] IPUIPlugin:80 - create IPUIPlugin
2024-02-18 22:10:24,697 [INFO] PluginManager:220 - loadIPPluginJar : add sai
2024-02-18 22:10:24,734 [INFO] IPUIPlugin:80 - create IPUIPlugin
2024-02-18 22:10:24,734 [INFO] PluginManager:220 - loadIPPluginJar : add spi
2024-02-18 22:10:24,792 [INFO] IPUIPlugin:80 - create IPUIPlugin
2024-02-18 22:10:24,792 [INFO] PluginManager:220 - loadIPPluginJar : add stm32_wpan
2024-02-18 22:10:24,813 [INFO] IPUIPlugin:80 - create IPUIPlugin
2024-02-18 22:10:24,813 [INFO] PluginManager:220 - loadIPPluginJar : add tim
2024-02-18 22:10:24,865 [INFO] IPUIPlugin:80 - create IPUIPlugin
2024-02-18 22:10:24,865 [INFO] PluginManager:220 - loadIPPluginJar : add touchsensing
2024-02-18 22:10:24,887 [INFO] IPUIPlugin:80 - create IPUIPlugin
2024-02-18 22:10:24,887 [INFO] PluginManager:220 - loadIPPluginJar : add tracer_emb
2024-02-18 22:10:24,907 [INFO] IPUIPlugin:80 - create IPUIPlugin
2024-02-18 22:10:24,908 [INFO] PluginManager:220 - loadIPPluginJar : add ts
2024-02-18 22:10:24,927 [INFO] IPUIPlugin:80 - create IPUIPlugin
2024-02-18 22:10:24,927 [INFO] PluginManager:220 - loadIPPluginJar : add tsc
2024-02-18 22:10:24,949 [INFO] IPUIPlugin:80 - create IPUIPlugin
2024-02-18 22:10:24,949 [INFO] PluginManager:220 - loadIPPluginJar : add ucpd
2024-02-18 22:10:24,987 [INFO] IPUIPlugin:80 - create IPUIPlugin
2024-02-18 22:10:24,987 [INFO] PluginManager:220 - loadIPPluginJar : add usart
2024-02-18 22:10:25,029 [INFO] IPUIPlugin:80 - create IPUIPlugin
2024-02-18 22:10:25,029 [INFO] PluginManager:220 - loadIPPluginJar : add usbx
2024-02-18 22:10:25,168 [INFO] CADModel:165 - CPN selected for project level
2024-02-18 22:10:25,169 [INFO] CADModel:114 - Register for checkConnection events
2024-02-18 22:10:25,169 [FATAL] Updater:308 - Updater called before beeing initialized
2024-02-18 22:10:25,169 [ERROR] CADModel:125 - Updater not yet initialized, retry later 
2024-02-18 22:10:25,265 [INFO] ThirdPartyUpdaterWithRetryManager:70 - Updater plugin not ready yet. [2/15]
2024-02-18 22:10:25,327 [INFO] CADModel:165 - CPN selected for project level
2024-02-18 22:10:25,327 [INFO] CADModel:114 - Register for checkConnection events
2024-02-18 22:10:25,327 [FATAL] Updater:308 - Updater called before beeing initialized
2024-02-18 22:10:25,327 [ERROR] CADModel:125 - Updater not yet initialized, retry later 
2024-02-18 22:10:25,331 [FATAL] Updater:308 - Updater called before beeing initialized
2024-02-18 22:10:25,462 [FATAL] Updater:308 - Updater called before beeing initialized
2024-02-18 22:10:25,473 [INFO] DbMcusAds:53 - JSON generation date=Wed Nov 29 11:52:27 CET 2023 (1701255147200)
2024-02-18 22:10:25,473 [FATAL] Updater:308 - Updater called before beeing initialized
2024-02-18 22:10:25,561 [WARN] DetailPanel:346 - Failed to get advertising image, set to default
2024-02-18 22:10:25,664 [FATAL] Updater:308 - Updater called before beeing initialized
2024-02-18 22:10:25,667 [FATAL] Updater:308 - Updater called before beeing initialized
2024-02-18 22:10:25,667 [FATAL] Updater:308 - Updater called before beeing initialized
2024-02-18 22:10:25,667 [WARN] DetailPanel:346 - Failed to get advertising image, set to default
2024-02-18 22:10:25,668 [FATAL] Updater:308 - Updater called before beeing initialized
2024-02-18 22:10:25,736 [ERROR] Updater:1120 - MainUpdater not yet initialized. External WinMGr cannot be set.
2024-02-18 22:10:25,746 [INFO] Updater:1056 - Updater Version found : 6.9.2
2024-02-18 22:10:25,769 [INFO] ApplicationProperties:184 - Using Application install path: C:\ST\STM32CubeIDE_1.11.2\STM32CubeIDE\plugins\com.st.stm32cube.common.mx_6.9.2.202309101412
2024-02-18 22:10:26,179 [INFO] MainUpdater:2868 - connection check result : 10
2024-02-18 22:10:26,179 [INFO] MainUpdater:3562 - Updater definition file requires update
2024-02-18 22:10:26,180 [INFO] MainUpdater:285 - Updater Check For Update Now.
2024-02-18 22:10:26,181 [INFO] MicroXplorer:498 - Change Database Version : DB.6.0.92
2024-02-18 22:10:26,195 [INFO] McuFinderGlobals:63 - Set McuFinder mode to 2 (CubeIDE integrated)
2024-02-18 22:10:26,195 [INFO] UserAuth:179 - activating auth plugin
2024-02-18 22:10:26,197 [INFO] UserAuth:393 - Internet connection configuration mode: 1
2024-02-18 22:10:26,220 [INFO] JxBrowserEngine:151 - Initiate JxBrowser Engine with user profile folder
2024-02-18 22:10:26,267 [INFO] ServerAccessManage:473 - Download File updaters.zip
2024-02-18 22:10:26,350 [INFO] FileExtend:240 - Unzip File : updaters.zip
2024-02-18 22:10:26,350 [INFO] FileExtend:255 - Standard Zip Deflate
2024-02-18 22:10:27,288 [INFO] ServerAccessManage:473 - Download File PacksControlFlags.xml
2024-02-18 22:10:27,508 [INFO] ServerAccessManage:473 - Download File cubemx.pidx
2024-02-18 22:10:27,614 [INFO] LoadServerUpdatesThread:373 - End of LoadServerUpdate Thread
2024-02-18 22:10:27,782 [INFO] CheckServerUpdateThread:120 - End of CheckServer Thread
2024-02-18 22:10:28,547 [WARN] PackLoader:240 - Cannot read IP mode file for STMicroelectronics.X-CUBE-SMBUS.2.1.0
2024-02-18 22:10:28,563 [WARN] PackLoader:240 - Cannot read IP mode file for STMicroelectronics.X-CUBE-TOUCHGFX.4.23.0
2024-02-18 22:10:28,600 [WARN] PackLoader:240 - Cannot read IP mode file for STMicroelectronics.X-CUBE-AZRTOS-F7.1.1.0
2024-02-18 22:10:28,619 [WARN] PackLoader:240 - Cannot read IP mode file for STMicroelectronics.FP-SNS-MOTENV1.4.3.2
2024-02-18 22:10:28,640 [WARN] PackLoader:240 - Cannot read IP mode file for STMicroelectronics.X-CUBE-BLE1.6.2.4
2024-02-18 22:10:28,654 [WARN] PackLoader:240 - Cannot read IP mode file for STMicroelectronics.FP-SNS-FLIGHT1.5.0.2
2024-02-18 22:10:28,671 [WARN] PackLoader:240 - Cannot read IP mode file for STMicroelectronics.X-CUBE-DISPLAY.3.0.0
2024-02-18 22:10:28,690 [WARN] PackLoader:240 - Cannot read IP mode file for STMicroelectronics.X-CUBE-BLE1.7.0.0
2024-02-18 22:10:28,706 [WARN] PackLoader:240 - Cannot read IP mode file for STMicroelectronics.X-CUBE-TOUCHGFX.4.22.0
2024-02-18 22:10:28,720 [WARN] PackLoader:240 - Cannot read IP mode file for STMicroelectronics.X-CUBE-TOUCHGFX.4.22.1
2024-02-18 22:10:28,731 [WARN] PackLoader:240 - Cannot read IP mode file for STMicroelectronics.FP-SNS-SMARTAG2.1.2.0
2024-02-18 22:10:28,750 [INFO] LogOutputStream:77 - [STDOUT_REDIRECT] 1 : Invalid condition id : UX_CORESTACK_Condition cause : null
2024-02-18 22:10:28,750 [INFO] LogOutputStream:77 - [STDOUT_REDIRECT] 1 : Invalid condition id : UX_CORESTACK_Condition cause : null
2024-02-18 22:10:28,751 [INFO] LogOutputStream:77 - [STDOUT_REDIRECT] 1 : Invalid condition id : UX_CORESTACK_Condition cause : null
2024-02-18 22:10:28,752 [INFO] LogOutputStream:77 - [STDOUT_REDIRECT] 1 : Invalid condition id : UX_CORESTACK_Condition cause : null
2024-02-18 22:10:28,753 [INFO] LogOutputStream:77 - [STDOUT_REDIRECT] 1 : Invalid condition id : UX_CORESTACK_Condition cause : null
2024-02-18 22:10:28,757 [WARN] PackLoader:240 - Cannot read IP mode file for STMicroelectronics.X-CUBE-AZRTOS-WL.2.0.0
2024-02-18 22:10:28,772 [WARN] PackLoader:240 - Cannot read IP mode file for WES.I-CUBE-Cesium.1.3.0
2024-02-18 22:10:28,783 [WARN] PackLoader:240 - Cannot read IP mode file for STMicroelectronics.X-CUBE-BLE2.3.3.0
2024-02-18 22:10:28,802 [WARN] PackLoader:240 - Cannot read IP mode file for STMicroelectronics.X-CUBE-TOF1.3.2.0
2024-02-18 22:10:28,821 [WARN] PackLoader:240 - Cannot read IP mode file for STMicroelectronics.X-CUBE-TOUCHGFX.4.21.1
2024-02-18 22:10:28,835 [WARN] PackLoader:240 - Cannot read IP mode file for STMicroelectronics.X-CUBE-AI.7.3.0
2024-02-18 22:10:28,855 [WARN] PackLoader:240 - Cannot read IP mode file for STMicroelectronics.X-CUBE-ALGOBUILD.1.3.0
2024-02-18 22:10:28,901 [WARN] PackLoader:240 - Cannot read IP mode file for STMicroelectronics.X-CUBE-AZRTOS-G0.1.1.0
2024-02-18 22:10:28,930 [WARN] PackLoader:240 - Cannot read IP mode file for STMicroelectronics.X-CUBE-NFC4.3.0.0
2024-02-18 22:10:28,964 [WARN] PackLoader:240 - Cannot read IP mode file for STMicroelectronics.X-CUBE-BLEMGR.3.0.0
2024-02-18 22:10:28,992 [WARN] PackLoader:240 - Cannot read IP mode file for STMicroelectronics.X-CUBE-BLEMGR.1.3.0
2024-02-18 22:10:29,013 [WARN] PackLoader:240 - Cannot read IP mode file for STMicroelectronics.FP-ATR-SIGFOX1.3.2.0
2024-02-18 22:10:29,032 [WARN] PackLoader:240 - Cannot read IP mode file for STMicroelectronics.X-CUBE-EEPRMA1.5.1.0
2024-02-18 22:10:29,089 [WARN] PackLoader:240 - Cannot read IP mode file for STMicroelectronics.X-CUBE-MEMS1.9.5.0
2024-02-18 22:10:29,286 [WARN] PackLoader:240 - Cannot read IP mode file for SEGGER.I-CUBE-embOS.1.3.1
2024-02-18 22:10:29,337 [WARN] PackLoader:240 - Cannot read IP mode file for STMicroelectronics.X-CUBE-GNSS1.6.0.0
2024-02-18 22:10:29,372 [WARN] PackLoader:240 - Cannot read IP mode file for STMicroelectronics.X-CUBE-AZRTOS-F4.1.1.0
2024-02-18 22:10:29,408 [WARN] PackLoader:240 - Cannot read IP mode file for STMicroelectronics.X-CUBE-AZRTOS-L5.2.0.0
2024-02-18 22:10:29,468 [WARN] PackLoader:240 - Cannot read IP mode file for STMicroelectronics.X-CUBE-MEMS1.9.6.0
2024-02-18 22:10:29,652 [WARN] PackLoader:240 - Cannot read IP mode file for STMicroelectronics.X-CUBE-EEPRMA1.4.2.0
2024-02-18 22:10:29,675 [WARN] PackLoader:240 - Cannot read IP mode file for ITTIA_DB.I-CUBE-ITTIADB.8.8.0
2024-02-18 22:10:29,697 [WARN] PackLoader:240 - Cannot read IP mode file for emotas.I-CUBE-CANOPEN.1.1.3
2024-02-18 22:10:29,717 [WARN] PackLoader:240 - Cannot read IP mode file for STMicroelectronics.X-CUBE-BLEMGR.2.0.0
2024-02-18 22:10:29,755 [WARN] ConditionMgr:438 - getConditionDescription Invalid condition id : UX DEVICE CLASS RTOS Condition cause : null
2024-02-18 22:10:29,755 [WARN] ConditionMgr:438 - getConditionDescription Invalid condition id : UX DEVICE CLASS RTOS Condition cause : null
2024-02-18 22:10:29,759 [WARN] PackLoader:240 - Cannot read IP mode file for STMicroelectronics.X-CUBE-AZRTOS-H7.3.1.0
2024-02-18 22:10:29,760 [WARN] ConditionMgr:1039 - genDependencies : Invalid condition id : UX DEVICE CLASS RTOS Condition cause : null
2024-02-18 22:10:29,760 [WARN] ConditionMgr:1039 - genDependencies : Invalid condition id : UX DEVICE CLASS RTOS Condition cause : null
2024-02-18 22:10:29,761 [WARN] ConditionMgr:1039 - genDependencies : Invalid condition id : UX DEVICE CLASS RTOS Condition cause : null
2024-02-18 22:10:29,761 [WARN] ConditionMgr:1039 - genDependencies : Invalid condition id : UX DEVICE CLASS RTOS Condition cause : null
2024-02-18 22:10:29,761 [WARN] ConditionMgr:1039 - genDependencies : Invalid condition id : UX DEVICE CLASS RTOS Condition cause : null
2024-02-18 22:10:29,780 [WARN] PackLoader:240 - Cannot read IP mode file for wolfSSL.I-CUBE-wolfSSL.5.5.4
2024-02-18 22:10:29,800 [WARN] PackLoader:240 - Cannot read IP mode file for STMicroelectronics.X-CUBE-NFC7.1.0.1
2024-02-18 22:10:29,816 [WARN] PackLoader:240 - Cannot read IP mode file for STMicroelectronics.X-CUBE-NFC7.1.0.0
2024-02-18 22:10:29,835 [WARN] PackLoader:240 - Cannot read IP mode file for STMicroelectronics.X-CUBE-NFC6.3.0.0
2024-02-18 22:10:29,855 [WARN] PackLoader:240 - Cannot read IP mode file for STMicroelectronics.X-CUBE-EEPRMA1.4.1.0
2024-02-18 22:10:29,864 [INFO] WebApp:157 - Instantiating new browser for Auth
2024-02-18 22:10:29,869 [WARN] PackLoader:240 - Cannot read IP mode file for STMicroelectronics.X-CUBE-AI.8.1.0
2024-02-18 22:10:29,920 [WARN] ConditionMgr:438 - getConditionDescription Invalid condition id : LAN8742 Phy interface Condition cause : null
2024-02-18 22:10:29,923 [WARN] PackLoader:240 - Cannot read IP mode file for STMicroelectronics.X-CUBE-AZRTOS-L4.2.0.0
2024-02-18 22:10:29,926 [WARN] ConditionMgr:1039 - genDependencies : Invalid condition id : LAN8742 Phy interface Condition cause : null
2024-02-18 22:10:29,927 [WARN] ConditionMgr:1039 - genDependencies : Invalid condition id : LAN8742 Phy interface Condition cause : null
2024-02-18 22:10:29,928 [WARN] ConditionMgr:1039 - genDependencies : Invalid condition id : LAN8742 Phy interface Condition cause : null
2024-02-18 22:10:29,947 [WARN] PackLoader:240 - Cannot read IP mode file for STMicroelectronics.X-CUBE-SFXS2LP1.4.0.0
2024-02-18 22:10:29,983 [WARN] PackLoader:240 - Cannot read IP mode file for STMicroelectronics.X-CUBE-AZRTOS-H7.3.0.0
2024-02-18 22:10:30,004 [WARN] PackLoader:240 - Cannot read IP mode file for STMicroelectronics.X-CUBE-ISPU.1.1.0
2024-02-18 22:10:30,026 [WARN] PackLoader:240 - Cannot read IP mode file for RoweBots.I-CUBE-UNISONRTOS.5.5.0-4
2024-02-18 22:10:30,042 [WARN] PackLoader:240 - Cannot read IP mode file for STMicroelectronics.X-CUBE-AI.8.0.0
2024-02-18 22:10:30,075 [WARN] ConditionMgr:438 - getConditionDescription Invalid condition id : UX DEVICE CLASS RTOS Condition cause : null
2024-02-18 22:10:30,075 [WARN] ConditionMgr:438 - getConditionDescription Invalid condition id : UX DEVICE CLASS RTOS Condition cause : null
2024-02-18 22:10:30,079 [WARN] PackLoader:240 - Cannot read IP mode file for STMicroelectronics.X-CUBE-AZRTOS-WB.2.0.0
2024-02-18 22:10:30,080 [WARN] ConditionMgr:1039 - genDependencies : Invalid condition id : UX DEVICE CLASS RTOS Condition cause : null
2024-02-18 22:10:30,080 [WARN] ConditionMgr:1039 - genDependencies : Invalid condition id : UX DEVICE CLASS RTOS Condition cause : null
2024-02-18 22:10:30,080 [WARN] ConditionMgr:1039 - genDependencies : Invalid condition id : UX DEVICE CLASS RTOS Condition cause : null
2024-02-18 22:10:30,081 [WARN] ConditionMgr:1039 - genDependencies : Invalid condition id : UX DEVICE CLASS RTOS Condition cause : null
2024-02-18 22:10:30,081 [WARN] ConditionMgr:1039 - genDependencies : Invalid condition id : UX DEVICE CLASS RTOS Condition cause : null
2024-02-18 22:10:30,101 [WARN] PackLoader:240 - Cannot read IP mode file for STMicroelectronics.X-CUBE-FREERTOS.1.0.1
2024-02-18 22:10:30,139 [WARN] PackLoader:240 - Cannot read IP mode file for STMicroelectronics.X-CUBE-AZRTOS-L5.1.1.0
2024-02-18 22:10:30,165 [WARN] PackLoader:240 - Cannot read IP mode file for STMicroelectronics.X-CUBE-SUBG2.5.0.0
2024-02-18 22:10:30,192 [WARN] PackLoader:240 - Cannot read IP mode file for STMicroelectronics.X-CUBE-TOF1.3.3.1
2024-02-18 22:10:30,228 [WARN] PackLoader:240 - Cannot read IP mode file for STMicroelectronics.X-CUBE-AZRTOS-G4.2.0.0
2024-02-18 22:10:30,244 [WARN] PackLoader:240 - Cannot read IP mode file for STMicroelectronics.FP-ATR-ASTRA1.1.1.1
2024-02-18 22:10:30,271 [WARN] PackLoader:240 - Cannot read IP mode file for Infineon.AIROC-Wi-Fi-Bluetooth-STM32.1.5.1
2024-02-18 22:10:30,291 [WARN] PackLoader:240 - Cannot read IP mode file for STMicroelectronics.FP-SNS-MOTENVWB1.1.3.0
2024-02-18 22:10:30,305 [WARN] PackLoader:240 - Cannot read IP mode file for STMicroelectronics.FP-SNS-MOTENVWB1.1.3.1
2024-02-18 22:10:30,328 [WARN] PackLoader:240 - Cannot read IP mode file for STMicroelectronics.X-CUBE-AZRTOS-G4.1.0.0
2024-02-18 22:10:30,356 [WARN] PackLoader:240 - Cannot read IP mode file for STMicroelectronics.X-CUBE-AZRTOS-L4.1.0.0
2024-02-18 22:10:30,376 [WARN] PackLoader:240 - Cannot read IP mode file for STMicroelectronics.X-CUBE-ISPU.2.0.0
2024-02-18 22:10:30,456 [WARN] PackLoader:240 - Cannot read IP mode file for STMicroelectronics.X-CUBE-MEMS1.10.0.0
2024-02-18 22:10:30,582 [WARN] PackLoader:240 - Cannot read IP mode file for STMicroelectronics.X-CUBE-FREERTOS.1.1.0
2024-02-18 22:10:30,613 [WARN] PackLoader:240 - Cannot read IP mode file for STMicroelectronics.X-CUBE-AZRTOS-WL.1.0.0
2024-02-18 22:10:30,629 [WARN] PackLoader:240 - Cannot read IP mode file for portGmbH.I-Cube-SoM-uGOAL.1.1.0
2024-02-18 22:10:30,644 [WARN] PackLoader:240 - Cannot read IP mode file for STMicroelectronics.X-CUBE-ALS.1.0.1
2024-02-18 22:10:30,668 [WARN] PackLoader:240 - Cannot read IP mode file for STMicroelectronics.X-CUBE-AZRTOS-WB.1.1.0
2024-02-18 22:10:30,683 [WARN] PackLoader:240 - Cannot read IP mode file for STMicroelectronics.FP-ATR-ASTRA1.2.0.0
2024-02-18 22:10:30,710 [WARN] PackLoader:240 - Cannot read IP mode file for STMicroelectronics.X-CUBE-TOF1.3.4.0
2024-02-18 22:10:30,782 [WARN] PackLoader:240 - Cannot read IP mode file for STMicroelectronics.X-CUBE-AZRTOS-H7.3.2.0
2024-02-18 22:10:30,787 [INFO] ThirdParty:978 - Integrity check success = true
2024-02-18 22:10:30,787 [INFO] IntegrityCheckThread:100 - exiting critical section [integrity check]
2024-02-18 22:10:30,787 [INFO] IntegrityCheckThread:103 - End integrity checks thread
2024-02-18 22:10:30,814 [INFO] WebApp:753 - Register for checkConnection events
2024-02-18 22:10:30,814 [INFO] WebApp:390 - Apply proxy settings
2024-02-18 22:10:30,814 [INFO] WebApp:475 - Chromium requires no authentication
2024-02-18 22:10:30,827 [INFO] WebApp:418 - Direct internet connection detected
2024-02-18 22:10:31,104 [INFO] WebApp:188 - Starting web application
2024-02-18 22:10:31,104 [INFO] WebApp:520 - Web application path used C:\ST\STM32CubeIDE_1.11.2\STM32CubeIDE\plugins\com.st.stm32cube.common.mx_6.9.2.202309101412\db\plugins\mcufinder\reactClient1\index.html
2024-02-18 22:10:52,127 [ERROR] LogOutputStream:75 - [STDERR_REDIRECT] SLF4J: Failed to load class "org.slf4j.impl.StaticLoggerBinder".
2024-02-18 22:10:52,127 [ERROR] LogOutputStream:75 - [STDERR_REDIRECT] SLF4J: Defaulting to no-operation (NOP) logger implementation
2024-02-18 22:10:52,128 [ERROR] LogOutputStream:75 - [STDERR_REDIRECT] SLF4J: See http://www.slf4j.org/codes.html#StaticLoggerBinder for further details.
2024-02-18 22:15:08,072 [INFO] McuFinderGlobals:63 - Set McuFinder mode to 2 (CubeIDE integrated)
2024-02-18 22:15:08,117 [INFO] MainUpdater:2868 - connection check result : 10
2024-02-18 22:15:08,127 [INFO] MainUpdater:2868 - connection check result : 10
2024-02-18 22:15:08,365 [INFO] MicroXplorer:468 - Change Database Path : 
2024-02-18 22:15:08,365 [INFO] MicroXplorer:498 - Change Database Version : DB.6.0.92
2024-02-18 22:15:08,374 [WARN] ThirdParty:871 - waiting for thirdparty lock release [close project]
2024-02-18 22:15:08,375 [INFO] ThirdParty:873 - entering critical section [close project]
2024-02-18 22:15:08,380 [INFO] ThirdParty:883 - exiting critical section [close project]
2024-02-18 22:15:08,385 [INFO] PinOutPanel:1499 - setPackage(No Configuration,No Configuration)
2024-02-18 22:15:08,409 [INFO] UtilMem:75 - Begin LoadConfig() Used Memory: 643832216 Bytes (969932800)
2024-02-18 22:15:08,413 [INFO] MicroXplorer:468 - Change Database Path : 
2024-02-18 22:15:08,413 [INFO] MicroXplorer:498 - Change Database Version : DB.6.0.92
2024-02-18 22:15:08,413 [INFO] OpenFileManager:308 - Change cursor
2024-02-18 22:15:08,484 [INFO] Mcu:1946 - Initializing MCU STM32F407V(E-G)Tx STM32F407VGTx STM32F407VGT6
2024-02-18 22:15:10,966 [INFO] Context:659 - Trying to add GPIOservice into a context  which must be forbidden
2024-02-18 22:15:11,699 [INFO] RtosManager:555 - Registered RTOS mode: class=CMSIS, group=RTOS, mode=CMSIS_V1, owner=FREERTOS
2024-02-18 22:15:11,699 [INFO] RtosManager:555 - Registered RTOS mode: class=CMSIS, group=RTOS2, mode=CMSIS_V2, owner=FREERTOS
2024-02-18 22:15:11,699 [INFO] RtosManager:555 - Registered RTOS mode: class=RTOS, group=Core, mode=CMSIS_V1, owner=FREERTOS
2024-02-18 22:15:11,699 [INFO] RtosManager:555 - Registered RTOS mode: class=RTOS, group=Core, mode=CMSIS_V2, owner=FREERTOS
2024-02-18 22:15:11,700 [WARN] ModelIntegratedComponent:184 - Missing modes for component STMicroelectronics:FreeRTOS:0.0.1:STMicroelectronics:RTOS:FreeRTOS:Core:::10.2.0:
2024-02-18 22:15:11,723 [WARN] ModelIntegratedComponent:63 - No mode defined for component null
2024-02-18 22:15:11,723 [WARN] ModelIntegratedComponent:63 - No mode defined for component null
2024-02-18 22:15:11,723 [WARN] ModelIntegratedComponent:63 - No mode defined for component null
2024-02-18 22:15:11,723 [WARN] ModelIntegratedComponent:63 - No mode defined for component null
2024-02-18 22:15:11,723 [WARN] ModelIntegratedComponent:63 - No mode defined for component null
2024-02-18 22:15:11,723 [WARN] ModelIntegratedComponent:63 - No mode defined for component null
2024-02-18 22:15:11,723 [WARN] ModelIntegratedComponent:63 - No mode defined for component null
2024-02-18 22:15:11,723 [WARN] ModelIntegratedComponent:63 - No mode defined for component null
2024-02-18 22:15:11,723 [WARN] ModelIntegratedComponent:63 - No mode defined for component null
2024-02-18 22:15:11,723 [WARN] ModelIntegratedComponent:63 - No mode defined for component null
2024-02-18 22:15:11,723 [WARN] ModelIntegratedComponent:63 - No mode defined for component null
2024-02-18 22:15:11,723 [WARN] ModelIntegratedComponent:63 - No mode defined for component null
2024-02-18 22:15:11,723 [WARN] ModelIntegratedComponent:63 - No mode defined for component null
2024-02-18 22:15:11,723 [WARN] ModelIntegratedComponent:63 - No mode defined for component null
2024-02-18 22:15:11,723 [WARN] ModelIntegratedComponent:63 - No mode defined for component null
2024-02-18 22:15:11,723 [WARN] ModelIntegratedComponent:63 - No mode defined for component null
2024-02-18 22:15:11,724 [WARN] ModelIntegratedComponent:63 - No mode defined for component null
2024-02-18 22:15:11,724 [WARN] ModelIntegratedComponent:63 - No mode defined for component null
2024-02-18 22:15:11,724 [WARN] ModelIntegratedComponent:63 - No mode defined for component null
2024-02-18 22:15:11,724 [WARN] ModelIntegratedComponent:63 - No mode defined for component null
2024-02-18 22:15:11,724 [WARN] ModelIntegratedComponent:63 - No mode defined for component null
2024-02-18 22:15:11,724 [WARN] ModelIntegratedComponent:63 - No mode defined for component null
2024-02-18 22:15:11,724 [WARN] ModelIntegratedComponent:63 - No mode defined for component null
2024-02-18 22:15:11,724 [WARN] ModelIntegratedComponent:63 - No mode defined for component null
2024-02-18 22:15:11,724 [WARN] ModelIntegratedComponent:63 - No mode defined for component null
2024-02-18 22:15:11,724 [WARN] ModelIntegratedComponent:63 - No mode defined for component null
2024-02-18 22:15:11,724 [WARN] ModelIntegratedComponent:63 - No mode defined for component null
2024-02-18 22:15:11,724 [WARN] ModelIntegratedComponent:63 - No mode defined for component null
2024-02-18 22:15:11,724 [WARN] ModelIntegratedComponent:63 - No mode defined for component null
2024-02-18 22:15:11,724 [WARN] ModelIntegratedComponent:63 - No mode defined for component null
2024-02-18 22:15:11,724 [WARN] ModelIntegratedComponent:63 - No mode defined for component null
2024-02-18 22:15:11,724 [WARN] ModelIntegratedComponent:63 - No mode defined for component null
2024-02-18 22:15:11,724 [WARN] ModelIntegratedComponent:63 - No mode defined for component null
2024-02-18 22:15:11,975 [INFO] ThirdPartyModel:298 - Start build external matchings
2024-02-18 22:15:13,220 [INFO] ThirdPartyModel:316 - End build external matchings
2024-02-18 22:15:13,253 [INFO] ImportTextPane:194 - (OptionalMessage_ERROR) IP (RCC) : Parameter (48MHZClocksFreq_Value) has invalid value (84000000)
2024-02-18 22:15:13,253 [INFO] ImportTextPane:194 - (OptionalMessage_ERROR) IP (RCC) : Parameter (RTCHSEDivFreq_Value) has invalid value (4000000)
2024-02-18 22:15:13,675 [INFO] UtilMem:75 - End LoadConfig() Used Memory: 859112312 Bytes (1073741824)
2024-02-18 22:15:13,838 [INFO] ApiDb:581 - Connected to CubeFinder SQLite database (C:\Users\erkan\.stmcufinder\plugins\mcufinder\mcu\cube-finder-db.db)
2024-02-18 22:15:13,938 [INFO] ApiDb:668 - CubeFinder database Data Model version=2.1
2024-02-18 22:15:13,939 [INFO] ApiDb:669 - CubeFinder database Configuration version=3.0.39
2024-02-18 22:15:13,939 [INFO] ApiDb:670 - CubeFinder database generation date=2024-01-11 (1704964531)
2024-02-18 22:15:13,939 [INFO] ApiDb:671 - CubeFinder database FW Pack versions=[FP-ATR-ASTRA1_V2.0.0, FP-SNS-FLIGHT1_V5.0.1, FP-SNS-FLIGHT1_V5.0.2, FP-SNS-MOTENV1_V4.3.1, FP-SNS-MOTENV1_V4.3.2, FP-SNS-MOTENVWB1_V1.3.1, FP-SNS-SMARTAG2_V1.2.0, STM32Cube_FW_C0_V1.1.0, STM32Cube_FW_F4_V1.28.0, STM32Cube_FW_F7_V1.17.0, STM32Cube_FW_G0_V1.6.2, STM32Cube_FW_G4_V1.5.2, STM32Cube_FW_H5_V0.5.1, STM32Cube_FW_H5_V1.1.1, STM32Cube_FW_H5_V1.2.0RC2, STM32Cube_FW_H7_V1.11.0, STM32Cube_FW_L0_V1.12.2, STM32Cube_FW_L5_V1.5.0, STM32Cube_FW_U5_V1.3.0RC4, STM32Cube_FW_U5_V1.4.0, STM32Cube_FW_WBA_V1.0.0RC1, STM32Cube_FW_WBA_V1.1.0RC1, STM32Cube_FW_WBA_V1.2.0, STM32Cube_FW_WBA_V1.2.0RC2, STM32Cube_FW_WB_V1.15.0RC1, STM32Cube_FW_WB_V1.16.0, STM32Cube_FW_WB_V1.16.0RC2, STM32Cube_FW_WB_V1.18.0, STM32Cube_FW_WL_V1.3.0, X-CUBE-ALGOBUILD_V1.3.0, X-CUBE-ALS_V1.0.1, X-CUBE-AZRTOS-F4_V1.1.0, X-CUBE-AZRTOS-F7_V1.1.0, X-CUBE-AZRTOS-G0_V1.1.0, X-CUBE-AZRTOS-G4_V2.0.0, X-CUBE-AZRTOS-H7_V3.2.0, X-CUBE-AZRTOS-L4_V1.0.0, X-CUBE-AZRTOS-L4_V2.0.0, X-CUBE-AZRTOS-L5_V1.1.0, X-CUBE-AZRTOS-WB_V2.0.0, X-CUBE-AZRTOS-WL_V2.0.0, X-CUBE-BLE1_V7.0.0, X-CUBE-BLE2_V3.3.0, X-CUBE-BLEMGR_V3.0.0, X-CUBE-EEPRMA1_V4.1.0, X-CUBE-EEPRMA1_V4.2.0, X-CUBE-FREERTOS_V1.1.0, X-CUBE-GNSS1_V6.0.0, X-CUBE-MEMS1_V10.0.0, X-CUBE-MEMS1_V9.1.0, X-CUBE-MEMS1_V9.4.0, X-CUBE-MEMS1_V9.6.0, X-CUBE-NFC4_V3.0.0, X-CUBE-NFC7_V1.0.1, X-CUBE-SFXS2LP1_V4.0.0, X-CUBE-SUBG2_V5.0.0, X-CUBE-TOF1_V3.4.0]
2024-02-18 22:15:16,244 [INFO] ApiDb:240 - Found 323 in-development CPN: [B-G473E-ZEST1S, B-WB1M-WPAN1, B-WL5M-SUBG1, NUCLEO-C031C6, NUCLEO-H503RB, NUCLEO-H563ZI, NUCLEO-U545RE-Q, NUCLEO-U5A5ZJ-Q, NUCLEO-WBA52CG, STEVAL-PROTEUS1, STEVAL-SMARTAG2, STEVAL-STWINBX1, STM320518-EVAL, STM32C0116-DK, STM32C011D6Y3TR, STM32C011D6Y6TR, STM32C011F4P3, STM32C011F4P6, STM32C011F4U3, STM32C011F4U6TR, STM32C011F6P3, STM32C011F6P6, STM32C011F6U3, STM32C011F6U6TR, STM32C011J4M3, STM32C011J4M6, STM32C011J6M3, STM32C011J6M6, STM32C0316-DK, STM32C031C4T3, STM32C031C4T6, STM32C031C4U3, STM32C031C4U6, STM32C031C6T3, STM32C031C6T6, STM32C031C6U3, STM32C031C6U6, STM32C031F4P3, STM32C031F4P6, STM32C031F6P3, STM32C031F6P6, STM32C031G4U3, STM32C031G4U6, STM32C031G6U3, STM32C031G6U6, STM32C031K4T3, STM32C031K4T6, STM32C031K4U3, STM32C031K4U6, STM32C031K6T3, STM32C031K6T6, STM32C031K6U3, STM32C031K6U6, STM32G071K8TXN, STM32G071K8UXN, STM32G081GBU6N, STM32G081KBT6N, STM32G081KBUXN, STM32G0B1CCT6N, STM32G0B1KCT6, STM32G0B1NEY6TR, STM32G0B1RCT6N, STM32G0C1CCT6, STM32G0C1CCT6N, STM32G0C1CCU6N, STM32G0C1CET6N, STM32G0C1CEU6N, STM32G0C1KCT6, STM32G0C1NEY6TR, STM32G0C1RCI6N, STM32G0C1RCT6N, STM32G0C1REI6N, STM32G0C1RET6N, STM32G0C1VCI6, STM32G0C1VEI6, STM32G471CCT6, STM32G471CCU6, STM32G471CET3, STM32G471CET6, STM32G471CEU3, STM32G471CEU6, STM32G471MCT6, STM32G471MET3, STM32G471MET6, STM32G471MEY6TR, STM32G471QCT6, STM32G471QET3, STM32G471RCT6, STM32G471RET3, STM32G471RET6, STM32G471VCH6, STM32G471VCI6, STM32G471VCT6, STM32G471VEH3, STM32G471VEH6, STM32G471VEI3, STM32G471VEI6, STM32G471VET3, STM32G471VET6, STM32G474CCT6, STM32H503CBT6, STM32H503CBU6, STM32H503EBY6TR, STM32H503KBU6, STM32H503RBT6, STM32H562AGI6, STM32H562AII6, STM32H562IGK6, STM32H562IGT6, STM32H562IIK6, STM32H562IIT6, STM32H562RGT6, STM32H562RGV6, STM32H562RIT6, STM32H562RIV6, STM32H562VGT6, STM32H562VIT6, STM32H562ZGT6, STM32H562ZIT6, STM32H563AGI6, STM32H563AII3Q, STM32H563AII6, STM32H563IGK6, STM32H563IGT6, STM32H563IIK3Q, STM32H563IIK6, STM32H563IIT3Q, STM32H563IIT6, STM32H563MIY3QTR, STM32H563RGT6, STM32H563RGV6, STM32H563RIT6, STM32H563RIV6, STM32H563VGT6, STM32H563VIT3Q, STM32H563VIT6, STM32H563ZGT6, STM32H563ZIT3Q, STM32H563ZIT6, STM32H573AII3Q, STM32H573AII6, STM32H573I-DK, STM32H573IIK3Q, STM32H573IIK6, STM32H573IIT3Q, STM32H573IIT6, STM32H573MIY3QTR, STM32H573RIT6, STM32H573RIV6, STM32H573VIT3Q, STM32H573VIT6, STM32H573ZIT3Q, STM32H573ZIT6, STM32L4R5QGI6STR, STM32MP131AAE3, STM32MP131AAF3, STM32MP131AAG3, STM32MP131CAE3, STM32MP131CAF3, STM32MP131CAG3, STM32MP131DAE7, STM32MP131DAF7, STM32MP131DAG7, STM32MP131FAE7, STM32MP131FAF7, STM32MP131FAG7, STM32MP133AAE3, STM32MP133AAF3, STM32MP133AAG3, STM32MP133CAE3, STM32MP133CAF3, STM32MP133CAG3, STM32MP133DAE7, STM32MP133DAF7, STM32MP133DAG7, STM32MP133FAE7, STM32MP133FAF7, STM32MP133FAG7, STM32MP135AAE3, STM32MP135AAF3, STM32MP135AAG3, STM32MP135CAE3, STM32MP135CAF3, STM32MP135CAG3, STM32MP135DAE7, STM32MP135DAF7, STM32MP135DAG7, STM32MP135F-DK, STM32MP135FAE7, STM32MP135FAF7, STM32MP135FAF7T, STM32MP135FAF7U, STM32MP135FAG7, STM32U535CBT6, STM32U535CBT6Q, STM32U535CBU6, STM32U535CBU6Q, STM32U535CCT6, STM32U535CCT6Q, STM32U535CCU6, STM32U535CCU6Q, STM32U535CET6, STM32U535CET6Q, STM32U535CEU6, STM32U535CEU6Q, STM32U535JEY6QTR, STM32U535NCY6QTR, STM32U535NEY6QTR, STM32U535RBI6, STM32U535RBI6Q, STM32U535RBT6, STM32U535RBT6Q, STM32U535RCI6, STM32U535RCI6Q, STM32U535RCT6, STM32U535RCT6Q, STM32U535REI6, STM32U535REI6Q, STM32U535RET6, STM32U535RET6Q, STM32U535VCI6, STM32U535VCI6Q, STM32U535VCT6, STM32U535VCT6Q, STM32U535VEI6, STM32U535VEI6Q, STM32U535VET6, STM32U535VET6Q, STM32U545CET6, STM32U545CET6Q, STM32U545CEU6, STM32U545CEU6Q, STM32U545JEY6QTR, STM32U545NEY6QTR, STM32U545REI6, STM32U545REI6Q, STM32U545RET6, STM32U545RET6Q, STM32U545VEI6, STM32U545VEI6Q, STM32U545VET6, STM32U545VET6Q, STM32U595AIH6, STM32U595AIH6Q, STM32U595AJH6, STM32U595AJH6Q, STM32U595QII6, STM32U595QII6Q, STM32U595QJI6, STM32U595QJI6Q, STM32U595RIT6, STM32U595RIT6Q, STM32U595RJT6, STM32U595RJT6Q, STM32U595VIT6, STM32U595VIT6Q, STM32U595VJT6, STM32U595VJT6Q, STM32U595ZIT6, STM32U595ZIT6Q, STM32U595ZIY6QTR, STM32U595ZJT6, STM32U595ZJT6Q, STM32U595ZJY6QTR, STM32U599BJY6QTR, STM32U599NIH6Q, STM32U599NJH6Q, STM32U599VIT6Q, STM32U599VJT6, STM32U599VJT6Q, STM32U599ZIT6Q, STM32U599ZIY6QTR, STM32U599ZJT6Q, STM32U599ZJY6QTR, STM32U5A5AJH6, STM32U5A5AJH6Q, STM32U5A5QJI6, STM32U5A5QJI6Q, STM32U5A5RJT6, STM32U5A5RJT6Q, STM32U5A5VJT6, STM32U5A5VJT6Q, STM32U5A5ZJT6, STM32U5A5ZJT6Q, STM32U5A5ZJY6QTR, STM32U5A9BJY6QTR, STM32U5A9J-DK, STM32U5A9NJH6Q, STM32U5A9VJT6Q, STM32U5A9ZJT6Q, STM32U5A9ZJY6QTR, STM32U5F7VIT6, STM32U5F7VIT6Q, STM32U5F7VJT6, STM32U5F7VJT6Q, STM32U5F9BJY6QTR, STM32U5F9NJH6Q, STM32U5F9VIT6Q, STM32U5F9VJT6Q, STM32U5F9ZIJ6QTR, STM32U5F9ZIT6Q, STM32U5F9ZJJ6QTR, STM32U5F9ZJT6Q, STM32U5G7VJT6, STM32U5G7VJT6Q, STM32U5G9BJY6QTR, STM32U5G9J-DK1, STM32U5G9J-DK2, STM32U5G9NJH6Q, STM32U5G9VJT6Q, STM32U5G9ZJJ6QTR, STM32U5G9ZJT6Q, STM32WB1MMCH6, STM32WBA52CEU6, STM32WBA52CEU6T, STM32WBA52CGU6, STM32WBA52CGU6T, STM32WBA52KEU6, STM32WBA52KEU6T, STM32WBA52KGU6, STM32WBA52KGU6T, STM32WL5MOCH6, STM32WL5MOCH6TR]
2024-02-18 22:15:16,248 [INFO] DbMcus:217 - Found 3882 MCUs, 3882 are supported
2024-02-18 22:15:16,249 [INFO] ApiDb:423 - Load user favorites file C:\Users\erkan/.stm32cubeide/favorites.mcus.txt: 0 item(s)
2024-02-18 22:15:16,249 [INFO] ApiDb:427 - User favorites MCUs=[]
2024-02-18 22:15:16,249 [INFO] DbMcus:223 - Set 0 / 0 favorites MCUs
2024-02-18 22:15:16,588 [WARN] ThirdParty:833 - waiting for thirdparty lock release [change project]
2024-02-18 22:15:16,589 [INFO] ThirdParty:835 - entering critical section [change project]
2024-02-18 22:15:16,589 [INFO] ThirdParty:1030 - CMSIS Pack Vendor :STMicroelectronics X-CUBE-ISPU 1.1.0
2024-02-18 22:15:16,589 [INFO] ThirdParty:1030 - CMSIS Pack Vendor :STMicroelectronics USBPD 4.1
2024-02-18 22:15:16,589 [INFO] ThirdParty:1030 - CMSIS Pack Vendor :RoweBots I-CUBE-UNISONRTOS 5.5.0-4
2024-02-18 22:15:16,589 [INFO] ThirdParty:1030 - CMSIS Pack Vendor :STMicroelectronics X-CUBE-GNSS1 6.0.0
2024-02-18 22:15:16,589 [INFO] ThirdParty:1030 - CMSIS Pack Vendor :STMicroelectronics USB_HOST 2.0.0
2024-02-18 22:15:16,589 [INFO] ThirdParty:1030 - CMSIS Pack Vendor :STMicroelectronics X-CUBE-AZRTOS-F4 1.1.0
2024-02-18 22:15:16,589 [INFO] ThirdParty:1030 - CMSIS Pack Vendor :STMicroelectronics LIBJPEG 8.0.0
2024-02-18 22:15:16,589 [INFO] ThirdParty:1030 - CMSIS Pack Vendor :STMicroelectronics X-CUBE-SMBUS 2.1.0
2024-02-18 22:15:16,589 [INFO] ThirdParty:1030 - CMSIS Pack Vendor :STMicroelectronics USB_DEVICE 3.0.0
2024-02-18 22:15:16,589 [INFO] ThirdParty:1030 - CMSIS Pack Vendor :STMicroelectronics X-CUBE-AI 8.0.0
2024-02-18 22:15:16,589 [INFO] ThirdParty:1030 - CMSIS Pack Vendor :STMicroelectronics X-CUBE-AZRTOS-WB 2.0.0
2024-02-18 22:15:16,589 [INFO] ThirdParty:1030 - CMSIS Pack Vendor :STMicroelectronics X-CUBE-FREERTOS 1.0.1
2024-02-18 22:15:16,590 [INFO] ThirdParty:1030 - CMSIS Pack Vendor :STMicroelectronics X-CUBE-TOUCHGFX 4.21.1
2024-02-18 22:15:16,590 [INFO] ThirdParty:1030 - CMSIS Pack Vendor :STMicroelectronics X-CUBE-TOUCHGFX 4.23.0
2024-02-18 22:15:16,590 [INFO] ThirdParty:1030 - CMSIS Pack Vendor :STMicroelectronics X-CUBE-AZRTOS-F7 1.1.0
2024-02-18 22:15:16,590 [INFO] ThirdParty:1030 - CMSIS Pack Vendor :STMicroelectronics X-CUBE-AZRTOS-L5 2.0.0
2024-02-18 22:15:16,590 [INFO] ThirdParty:1030 - CMSIS Pack Vendor :STMicroelectronics USB_DEVICE 2.0.0
2024-02-18 22:15:16,590 [INFO] ThirdParty:1030 - CMSIS Pack Vendor :STMicroelectronics X-CUBE-AI 7.3.0
2024-02-18 22:15:16,590 [INFO] ThirdParty:1030 - CMSIS Pack Vendor :STMicroelectronics X-CUBE-MEMS1 9.6.0
2024-02-18 22:15:16,590 [INFO] ThirdParty:1030 - CMSIS Pack Vendor :STMicroelectronics X-CUBE-EEPRMA1 4.2.0
2024-02-18 22:15:16,590 [INFO] ThirdParty:1030 - CMSIS Pack Vendor :ITTIA_DB I-CUBE-ITTIADB 8.8.0
2024-02-18 22:15:16,590 [INFO] ThirdParty:1030 - CMSIS Pack Vendor :STMicroelectronics FP-SNS-MOTENV1 4.3.2
2024-02-18 22:15:16,590 [INFO] ThirdParty:1030 - CMSIS Pack Vendor :STMicroelectronics X-CUBE-ALGOBUILD 1.3.0
2024-02-18 22:15:16,590 [INFO] ThirdParty:1030 - CMSIS Pack Vendor :STMicroelectronics X-CUBE-BLE1 6.2.4
2024-02-18 22:15:16,590 [INFO] ThirdParty:1030 - CMSIS Pack Vendor :STMicroelectronics X-CUBE-AZRTOS-L5 1.1.0
2024-02-18 22:15:16,590 [INFO] ThirdParty:1030 - CMSIS Pack Vendor :STMicroelectronics FreeRTOS 0.0.1
2024-02-18 22:15:16,590 [INFO] ThirdParty:1030 - CMSIS Pack Vendor :STMicroelectronics X-CUBE-AZRTOS-G0 1.1.0
2024-02-18 22:15:16,590 [INFO] ThirdParty:1030 - CMSIS Pack Vendor :emotas I-CUBE-CANOPEN 1.1.3
2024-02-18 22:15:16,590 [INFO] ThirdParty:1030 - CMSIS Pack Vendor :STMicroelectronics X-CUBE-BLEMGR 2.0.0
2024-02-18 22:15:16,590 [INFO] ThirdParty:1030 - CMSIS Pack Vendor :STMicroelectronics X-CUBE-NFC4 3.0.0
2024-02-18 22:15:16,590 [INFO] ThirdParty:1030 - CMSIS Pack Vendor :STMicroelectronics X-CUBE-SUBG2 5.0.0
2024-02-18 22:15:16,590 [INFO] ThirdParty:1030 - CMSIS Pack Vendor :STMicroelectronics STM32_WPAN 1.0.0
2024-02-18 22:15:16,590 [INFO] ThirdParty:1030 - CMSIS Pack Vendor :STMicroelectronics lwIP 2.0.3
2024-02-18 22:15:16,590 [INFO] ThirdParty:1030 - CMSIS Pack Vendor :STMicroelectronics FP-SNS-FLIGHT1 5.0.2
2024-02-18 22:15:16,590 [INFO] ThirdParty:1030 - CMSIS Pack Vendor :STMicroelectronics USB_HOST 1.0.0
2024-02-18 22:15:16,590 [INFO] ThirdParty:1030 - CMSIS Pack Vendor :STMicroelectronics X-CUBE-TOF1 3.3.1
2024-02-18 22:15:16,590 [INFO] ThirdParty:1030 - CMSIS Pack Vendor :STMicroelectronics X-CUBE-AZRTOS-G4 2.0.0
2024-02-18 22:15:16,591 [INFO] ThirdParty:1030 - CMSIS Pack Vendor :STMicroelectronics PDM2PCM 3.1.0
2024-02-18 22:15:16,591 [INFO] ThirdParty:1030 - CMSIS Pack Vendor :STMicroelectronics X-CUBE-AZRTOS-H7 3.1.0
2024-02-18 22:15:16,591 [INFO] ThirdParty:1030 - CMSIS Pack Vendor :STMicroelectronics FP-ATR-ASTRA1 1.1.1
2024-02-18 22:15:16,591 [INFO] ThirdParty:1030 - CMSIS Pack Vendor :Infineon AIROC-Wi-Fi-Bluetooth-STM32 1.5.1
2024-02-18 22:15:16,591 [INFO] ThirdParty:1030 - CMSIS Pack Vendor :STMicroelectronics X-CUBE-BLEMGR 3.0.0
2024-02-18 22:15:16,591 [INFO] ThirdParty:1030 - CMSIS Pack Vendor :STMicroelectronics PDM2PCM 3.3.0
2024-02-18 22:15:16,591 [INFO] ThirdParty:1030 - CMSIS Pack Vendor :STMicroelectronics X-CUBE-DISPLAY 3.0.0
2024-02-18 22:15:16,591 [INFO] ThirdParty:1030 - CMSIS Pack Vendor :STMicroelectronics X-CUBE-BLEMGR 1.3.0
2024-02-18 22:15:16,591 [INFO] ThirdParty:1030 - CMSIS Pack Vendor :STMicroelectronics FP-SNS-MOTENVWB1 1.3.0
2024-02-18 22:15:16,591 [INFO] ThirdParty:1030 - CMSIS Pack Vendor :STMicroelectronics FP-SNS-MOTENVWB1 1.3.1
2024-02-18 22:15:16,591 [INFO] ThirdParty:1030 - CMSIS Pack Vendor :STMicroelectronics X-CUBE-BLE1 7.0.0
2024-02-18 22:15:16,591 [INFO] ThirdParty:1030 - CMSIS Pack Vendor :STMicroelectronics FP-ATR-SIGFOX1 3.2.0
2024-02-18 22:15:16,591 [INFO] ThirdParty:1030 - CMSIS Pack Vendor :STMicroelectronics X-CUBE-AZRTOS-G4 1.0.0
2024-02-18 22:15:16,591 [INFO] ThirdParty:1030 - CMSIS Pack Vendor :wolfSSL I-CUBE-wolfSSL 5.5.4
2024-02-18 22:15:16,591 [INFO] ThirdParty:1030 - CMSIS Pack Vendor :STMicroelectronics X-CUBE-AZRTOS-L4 1.0.0
2024-02-18 22:15:16,591 [INFO] ThirdParty:1030 - CMSIS Pack Vendor :STMicroelectronics X-CUBE-ISPU 2.0.0
2024-02-18 22:15:16,591 [INFO] ThirdParty:1030 - CMSIS Pack Vendor :STMicroelectronics X-CUBE-EEPRMA1 5.1.0
2024-02-18 22:15:16,591 [INFO] ThirdParty:1030 - CMSIS Pack Vendor :STMicroelectronics HAL Drivers 0.0.0
2024-02-18 22:15:16,591 [INFO] ThirdParty:1030 - CMSIS Pack Vendor :STMicroelectronics MBEDTLS 2.16.2
2024-02-18 22:15:16,591 [INFO] ThirdParty:1030 - CMSIS Pack Vendor :STMicroelectronics X-CUBE-MEMS1 10.0.0
2024-02-18 22:15:16,591 [INFO] ThirdParty:1030 - CMSIS Pack Vendor :STMicroelectronics X-CUBE-FREERTOS 1.1.0
2024-02-18 22:15:16,591 [INFO] ThirdParty:1030 - CMSIS Pack Vendor :STMicroelectronics X-CUBE-TOUCHGFX 4.22.0
2024-02-18 22:15:16,592 [INFO] ThirdParty:1030 - CMSIS Pack Vendor :STMicroelectronics X-CUBE-NFC7 1.0.1
2024-02-18 22:15:16,592 [INFO] ThirdParty:1030 - CMSIS Pack Vendor :STMicroelectronics MBEDTLS 2.14.1
2024-02-18 22:15:16,592 [INFO] ThirdParty:1030 - CMSIS Pack Vendor :STMicroelectronics X-CUBE-NFC7 1.0.0
2024-02-18 22:15:16,592 [INFO] ThirdParty:1030 - CMSIS Pack Vendor :STMicroelectronics X-CUBE-TOUCHGFX 4.22.1
2024-02-18 22:15:16,592 [INFO] ThirdParty:1030 - CMSIS Pack Vendor :STMicroelectronics X-CUBE-AZRTOS-WL 1.0.0
2024-02-18 22:15:16,592 [INFO] ThirdParty:1030 - CMSIS Pack Vendor :STMicroelectronics X-CUBE-NFC6 3.0.0
2024-02-18 22:15:16,592 [INFO] ThirdParty:1030 - CMSIS Pack Vendor :STMicroelectronics X-CUBE-EEPRMA1 4.1.0
2024-02-18 22:15:16,592 [INFO] ThirdParty:1030 - CMSIS Pack Vendor :portGmbH I-Cube-SoM-uGOAL 1.1.0
2024-02-18 22:15:16,592 [INFO] ThirdParty:1030 - CMSIS Pack Vendor :STMicroelectronics X-CUBE-ALS 1.0.1
2024-02-18 22:15:16,592 [INFO] ThirdParty:1030 - CMSIS Pack Vendor :STMicroelectronics X-CUBE-MEMS1 9.5.0
2024-02-18 22:15:16,592 [INFO] ThirdParty:1030 - CMSIS Pack Vendor :STMicroelectronics ThreadX 1.0.0
2024-02-18 22:15:16,592 [INFO] ThirdParty:1030 - CMSIS Pack Vendor :STMicroelectronics FP-SNS-SMARTAG2 1.2.0
2024-02-18 22:15:16,592 [INFO] ThirdParty:1030 - CMSIS Pack Vendor :STMicroelectronics X-CUBE-AZRTOS-WB 1.1.0
2024-02-18 22:15:16,592 [INFO] ThirdParty:1030 - CMSIS Pack Vendor :STMicroelectronics X-CUBE-AZRTOS-WL 2.0.0
2024-02-18 22:15:16,592 [INFO] ThirdParty:1030 - CMSIS Pack Vendor :SEGGER I-CUBE-embOS 1.3.1
2024-02-18 22:15:16,592 [INFO] ThirdParty:1030 - CMSIS Pack Vendor :STMicroelectronics USB_DEVICE 1.0.0
2024-02-18 22:15:16,592 [INFO] ThirdParty:1030 - CMSIS Pack Vendor :STMicroelectronics X-CUBE-AI 8.1.0
2024-02-18 22:15:16,592 [INFO] ThirdParty:1030 - CMSIS Pack Vendor :STMicroelectronics X-CUBE-AZRTOS-L4 2.0.0
2024-02-18 22:15:16,592 [INFO] ThirdParty:1030 - CMSIS Pack Vendor :STMicroelectronics ThreadX 0.0.2
2024-02-18 22:15:16,592 [INFO] ThirdParty:1030 - CMSIS Pack Vendor :WES I-CUBE-Cesium 1.3.0
2024-02-18 22:15:16,592 [INFO] ThirdParty:1030 - CMSIS Pack Vendor :STMicroelectronics FP-ATR-ASTRA1 2.0.0
2024-02-18 22:15:16,592 [INFO] ThirdParty:1030 - CMSIS Pack Vendor :STMicroelectronics lwIP 2.1.2
2024-02-18 22:15:16,592 [INFO] ThirdParty:1030 - CMSIS Pack Vendor :STMicroelectronics X-CUBE-SFXS2LP1 4.0.0
2024-02-18 22:15:16,592 [INFO] ThirdParty:1030 - CMSIS Pack Vendor :STMicroelectronics X-CUBE-BLE2 3.3.0
2024-02-18 22:15:16,592 [INFO] ThirdParty:1030 - CMSIS Pack Vendor :STMicroelectronics X-CUBE-TOF1 3.4.0
2024-02-18 22:15:16,593 [INFO] ThirdParty:1030 - CMSIS Pack Vendor :STMicroelectronics X-CUBE-TOF1 3.2.0
2024-02-18 22:15:16,593 [INFO] ThirdParty:1030 - CMSIS Pack Vendor :STMicroelectronics X-CUBE-AZRTOS-H7 3.2.0
2024-02-18 22:15:16,593 [INFO] ThirdParty:1030 - CMSIS Pack Vendor :STMicroelectronics PDM2PCM 3.2.0
2024-02-18 22:15:16,593 [INFO] ThirdParty:1030 - CMSIS Pack Vendor :STMicroelectronics X-CUBE-AZRTOS-H7 3.0.0
2024-02-18 22:15:16,593 [INFO] ThirdParty:841 - exiting critical section [change project]
2024-02-18 22:15:17,074 [INFO] PinOutPanel:1499 - setPackage(No Configuration,No Configuration)
2024-02-18 22:15:17,076 [INFO] PinOutPanel:1499 - setPackage(STM32F407VGTx,LQFP100)
2024-02-18 22:15:17,630 [INFO] UtilMem:75 - Before build in PCC Used Memory: 887884920 Bytes (1073741824)
2024-02-18 22:15:18,759 [INFO] UtilMem:75 - After build in PCC Used Memory: 622519800 Bytes (1073741824)
2024-02-18 22:15:18,805 [INFO] IPUIPlugin:80 - create IPUIPlugin
2024-02-18 22:15:18,805 [INFO] IPUIPlugin:80 - create IPUIPlugin
2024-02-18 22:15:18,805 [INFO] IPUIPlugin:80 - create IPUIPlugin
2024-02-18 22:15:18,805 [INFO] IPUIPlugin:80 - create IPUIPlugin
2024-02-18 22:15:18,805 [INFO] IPUIPlugin:80 - create IPUIPlugin
2024-02-18 22:15:18,807 [INFO] IPUIPlugin:80 - create IPUIPlugin
2024-02-18 22:15:18,808 [INFO] IPUIPlugin:80 - create IPUIPlugin
2024-02-18 22:15:18,808 [INFO] IPUIPlugin:80 - create IPUIPlugin
2024-02-18 22:15:18,809 [INFO] IPUIPlugin:80 - create IPUIPlugin
2024-02-18 22:15:18,809 [INFO] IPUIPlugin:80 - create IPUIPlugin
2024-02-18 22:15:18,810 [INFO] IPUIPlugin:80 - create IPUIPlugin
2024-02-18 22:15:18,810 [INFO] IPUIPlugin:80 - create IPUIPlugin
2024-02-18 22:15:18,810 [INFO] IPUIPlugin:80 - create IPUIPlugin
2024-02-18 22:15:18,810 [INFO] IPUIPlugin:80 - create IPUIPlugin
2024-02-18 22:15:18,811 [INFO] IPUIPlugin:80 - create IPUIPlugin
2024-02-18 22:15:18,811 [INFO] IPUIPlugin:80 - create IPUIPlugin
2024-02-18 22:15:18,811 [INFO] IPUIPlugin:80 - create IPUIPlugin
2024-02-18 22:15:18,811 [INFO] IPUIPlugin:80 - create IPUIPlugin
2024-02-18 22:15:18,811 [INFO] IPUIPlugin:80 - create IPUIPlugin
2024-02-18 22:15:18,811 [INFO] IPUIPlugin:80 - create IPUIPlugin
2024-02-18 22:15:18,812 [INFO] IPUIPlugin:80 - create IPUIPlugin
2024-02-18 22:15:18,812 [INFO] IPUIPlugin:80 - create IPUIPlugin
2024-02-18 22:15:18,812 [INFO] IPUIPlugin:80 - create IPUIPlugin
2024-02-18 22:15:18,812 [INFO] IPUIPlugin:80 - create IPUIPlugin
2024-02-18 22:15:18,812 [INFO] IPUIPlugin:80 - create IPUIPlugin
2024-02-18 22:15:18,812 [INFO] IPUIPlugin:80 - create IPUIPlugin
2024-02-18 22:15:18,812 [INFO] IPUIPlugin:80 - create IPUIPlugin
2024-02-18 22:15:18,812 [INFO] IPUIPlugin:80 - create IPUIPlugin
2024-02-18 22:15:18,812 [INFO] IPUIPlugin:80 - create IPUIPlugin
2024-02-18 22:15:18,814 [INFO] IPUIPlugin:80 - create IPUIPlugin
2024-02-18 22:15:18,815 [INFO] IPUIPlugin:80 - create IPUIPlugin
2024-02-18 22:15:18,815 [INFO] IPUIPlugin:80 - create IPUIPlugin
2024-02-18 22:15:18,815 [INFO] IPUIPlugin:80 - create IPUIPlugin
2024-02-18 22:15:18,815 [INFO] IPUIPlugin:80 - create IPUIPlugin
2024-02-18 22:15:18,816 [INFO] IPUIPlugin:80 - create IPUIPlugin
2024-02-18 22:15:18,816 [INFO] IPUIPlugin:80 - create IPUIPlugin
2024-02-18 22:15:18,816 [INFO] IPUIPlugin:80 - create IPUIPlugin
2024-02-18 22:15:18,816 [INFO] IPUIPlugin:80 - create IPUIPlugin
2024-02-18 22:15:18,816 [INFO] IPUIPlugin:80 - create IPUIPlugin
2024-02-18 22:15:18,816 [INFO] IPUIPlugin:80 - create IPUIPlugin
2024-02-18 22:15:18,817 [INFO] IPUIPlugin:80 - create IPUIPlugin
2024-02-18 22:15:18,817 [INFO] IPUIPlugin:80 - create IPUIPlugin
2024-02-18 22:15:18,817 [INFO] IPUIPlugin:80 - create IPUIPlugin
2024-02-18 22:15:18,817 [INFO] IPUIPlugin:80 - create IPUIPlugin
2024-02-18 22:15:18,817 [INFO] IPUIPlugin:80 - create IPUIPlugin
2024-02-18 22:15:18,817 [INFO] IPUIPlugin:80 - create IPUIPlugin
2024-02-18 22:15:18,818 [INFO] IPUIPlugin:80 - create IPUIPlugin
2024-02-18 22:15:18,818 [INFO] IPUIPlugin:80 - create IPUIPlugin
2024-02-18 22:15:18,818 [INFO] IPUIPlugin:80 - create IPUIPlugin
2024-02-18 22:15:18,818 [INFO] IPUIPlugin:80 - create IPUIPlugin
2024-02-18 22:15:18,819 [INFO] IPUIPlugin:80 - create IPUIPlugin
2024-02-18 22:15:18,819 [INFO] IPUIPlugin:80 - create IPUIPlugin
2024-02-18 22:15:18,820 [INFO] IPUIPlugin:80 - create IPUIPlugin
2024-02-18 22:15:18,820 [INFO] IPUIPlugin:80 - create IPUIPlugin
2024-02-18 22:15:18,821 [INFO] IPUIPlugin:80 - create IPUIPlugin
2024-02-18 22:15:18,821 [INFO] IPUIPlugin:80 - create IPUIPlugin
2024-02-18 22:15:18,821 [INFO] IPUIPlugin:80 - create IPUIPlugin
2024-02-18 22:15:18,822 [INFO] IPUIPlugin:80 - create IPUIPlugin
2024-02-18 22:15:18,919 [INFO] ApiDbMcu:507 - Load IP Config File for PDM2PCM
2024-02-18 22:15:18,934 [INFO] Can:71 - Can Add PropertyChangeListener com.st.microxplorer.plugins.ip.can.Can@408cd4ee
2024-02-18 22:15:19,219 [INFO] CADModel:165 - CPN selected for project levelSTM32F407VGT6
2024-02-18 22:15:19,219 [INFO] CADModel:114 - Register for checkConnection events
2024-02-18 22:15:19,258 [INFO] OpenFileManager:328 - Restore cursor
2024-02-18 22:16:18,680 [INFO] UtilMem:75 - End SaveConfig() Used Memory: 880759992 Bytes (1073741824)
2024-02-18 22:16:19,376 [INFO] UtilMem:75 - End SaveConfig() Used Memory: 912163528 Bytes (1073741824)
2024-02-18 22:16:20,094 [INFO] UtilMem:75 - End SaveConfig() Used Memory: 577707696 Bytes (1073741824)
2024-02-18 22:16:20,598 [INFO] BlockDiagram:2759 - set Specific Code input for plugin: SPI
2024-02-18 22:16:20,599 [INFO] BlockDiagram:2759 - set Specific Code input for plugin: SYS
2024-02-18 22:16:20,599 [INFO] BlockDiagram:2759 - set Specific Code input for plugin: RCC
2024-02-18 22:16:20,599 [INFO] BlockDiagram:2759 - set Specific Code input for plugin: NVIC
2024-02-18 22:16:20,599 [INFO] BlockDiagram:2759 - set Specific Code input for plugin: GPIO
2024-02-18 22:16:20,601 [INFO] CodeGenerator:799 - code generatio: config db path: C:\ST\STM32CubeIDE_1.11.2\STM32CubeIDE\plugins\com.st.stm32cube.common.mx_6.9.2.202309101412\\db\
2024-02-18 22:16:21,047 [INFO] CodeEngine:255 - oldGeneratedFile, C:\Users\erkan\STM32CubeIDE\workspace_1.11.2\HAL_CANBUS_004\MXTmpFiles\license.tmp_save
2024-02-18 22:16:21,498 [INFO] CodeEngine:279 - Generated code: C:\Users\erkan\STM32CubeIDE\workspace_1.11.2\HAL_CANBUS_004\MXTmpFiles\license.tmp
2024-02-18 22:16:21,594 [INFO] CodeEngine:255 - oldGeneratedFile, C:\Users\erkan\STM32CubeIDE\workspace_1.11.2\HAL_CANBUS_004\MXTmpFiles\gpio.tmp_save
2024-02-18 22:16:21,769 [INFO] CodeEngine:279 - Generated code: C:\Users\erkan\STM32CubeIDE\workspace_1.11.2\HAL_CANBUS_004\MXTmpFiles\gpio.tmp
2024-02-18 22:16:21,926 [INFO] CodeEngine:255 - oldGeneratedFile, C:\Users\erkan\STM32CubeIDE\workspace_1.11.2\HAL_CANBUS_004\Core\Src\stm32f4xx_it.c_save
2024-02-18 22:16:22,105 [INFO] CodeEngine:279 - Generated code: C:\Users\erkan\STM32CubeIDE\workspace_1.11.2\HAL_CANBUS_004\Core\Src\stm32f4xx_it.c
2024-02-18 22:16:22,143 [INFO] CodeEngine:255 - oldGeneratedFile, C:\Users\erkan\STM32CubeIDE\workspace_1.11.2\HAL_CANBUS_004\Core\Inc\stm32f4xx_it.h_save
2024-02-18 22:16:22,278 [INFO] CodeEngine:279 - Generated code: C:\Users\erkan\STM32CubeIDE\workspace_1.11.2\HAL_CANBUS_004\Core\Inc\stm32f4xx_it.h
2024-02-18 22:16:22,330 [INFO] CodeEngine:255 - oldGeneratedFile, C:\Users\erkan\STM32CubeIDE\workspace_1.11.2\HAL_CANBUS_004\Core\Src\stm32f4xx_hal_msp.c_save
2024-02-18 22:16:22,528 [INFO] CodeEngine:279 - Generated code: C:\Users\erkan\STM32CubeIDE\workspace_1.11.2\HAL_CANBUS_004\Core\Src\stm32f4xx_hal_msp.c
2024-02-18 22:16:22,546 [INFO] CodeEngine:255 - oldGeneratedFile, C:\Users\erkan\STM32CubeIDE\workspace_1.11.2\HAL_CANBUS_004\MXTmpFiles\system.tmp_save
2024-02-18 22:16:22,622 [INFO] CodeEngine:279 - Generated code: C:\Users\erkan\STM32CubeIDE\workspace_1.11.2\HAL_CANBUS_004\MXTmpFiles\system.tmp
2024-02-18 22:16:22,653 [INFO] CodeEngine:311 - oldGeneratedFile, C:\Users\erkan\STM32CubeIDE\workspace_1.11.2\HAL_CANBUS_004\Core\Inc\stm32f4xx_hal_conf.h_save
2024-02-18 22:16:22,766 [INFO] CodeEngine:335 - Generated code: C:\Users\erkan\STM32CubeIDE\workspace_1.11.2\HAL_CANBUS_004\Core\Inc\stm32f4xx_hal_conf.h
2024-02-18 22:16:22,858 [INFO] CodeEngine:255 - oldGeneratedFile, C:\Users\erkan\STM32CubeIDE\workspace_1.11.2\HAL_CANBUS_004\Core\Inc\main.h_save
2024-02-18 22:16:22,982 [INFO] CodeEngine:279 - Generated code: C:\Users\erkan\STM32CubeIDE\workspace_1.11.2\HAL_CANBUS_004\Core\Inc\main.h
2024-02-18 22:16:23,010 [INFO] CodeEngine:255 - oldGeneratedFile, C:\Users\erkan\STM32CubeIDE\workspace_1.11.2\HAL_CANBUS_004\Core\Src\main.c_save
2024-02-18 22:16:23,150 [INFO] CodeEngine:279 - Generated code: C:\Users\erkan\STM32CubeIDE\workspace_1.11.2\HAL_CANBUS_004\Core\Src\main.c
2024-02-18 22:16:24,510 [INFO] ProjectBuilder:3064 - Time for Copy HAL[1] : 739mS.
2024-02-18 22:16:24,517 [INFO] ProjectBuilder:4404 - Project Generator version: 4.1.0
2024-02-18 22:16:24,804 [INFO] ConfigFileManager:1457 - The Die is : DIE413
2024-02-18 22:16:24,833 [INFO] ApiDbMcu:507 - Load IP Config File for FATFS
2024-02-18 22:16:24,854 [INFO] ApiDbMcu:507 - Load IP Config File for FREERTOS
2024-02-18 22:16:24,868 [INFO] ApiDbMcu:507 - Load IP Config File for LIBJPEG
2024-02-18 22:16:24,889 [INFO] ApiDbMcu:507 - Load IP Config File for LWIP
2024-02-18 22:16:24,913 [INFO] ApiDbMcu:507 - Load IP Config File for MBEDTLS
2024-02-18 22:16:24,937 [INFO] ApiDbMcu:507 - Load IP Config File for USB_DEVICE
2024-02-18 22:16:24,952 [INFO] ApiDbMcu:507 - Load IP Config File for USB_HOST
2024-02-18 22:16:26,294 [INFO] LogOutputStream:77 - [STDOUT_REDIRECT] 
2024-02-18 22:16:28,441 [INFO] ProjectBuilder:4626 - Time for Generating toolchain IDE Files: 3924mS.
2024-02-18 22:16:28,444 [INFO] ProjectBuilder:2935 - Time for Copy CMSIS : 2mS.
2024-02-18 22:16:28,448 [INFO] ProjectBuilder:2935 - Time for Copy CMSIS : 0mS.
2024-02-18 23:59:00,788 [ERROR] LogOutputStream:75 - [STDERR_REDIRECT] 
