2024-09-04 20:03:49,064 [INFO] Activator:176 - 


2024-09-04 20:03:49,072 [INFO] Activator:177 - !SESSION log4j initialized
2024-09-04 20:03:56,927 [INFO] LogOutputStream:77 - [STDOUT_REDIRECT] 
2024-09-04 20:03:59,660 [INFO] ApplicationProperties:184 - Using Application install path: C:\ST\STM32CubeIDE_1.11.2\STM32CubeIDE\plugins\com.st.stm32cube.common.mx_6.11.1.202404110753
2024-09-04 20:03:59,702 [INFO] DbMcusXml:78 - Set database path to: C:\ST\STM32CubeIDE_1.11.2\STM32CubeIDE\plugins\com.st.stm32cube.common.mx_6.11.1.202404110753\\db\/mcu/
2024-09-04 20:03:59,703 [INFO] ApiDb:274 - Set plugin database path to: C:\ST\STM32CubeIDE_1.11.2\STM32CubeIDE\plugins\com.st.stm32cube.common.mx_6.11.1.202404110753\\db\/plugins/boardmanager/
2024-09-04 20:03:59,703 [WARN] ApiDb:259 - Overriding images path with different value:  => C:\ST\STM32CubeIDE_1.11.2\STM32CubeIDE\plugins\com.st.stm32cube.common.mx_6.11.1.202404110753\\db\/plugins/mcufinder/images/
2024-09-04 20:03:59,727 [INFO] ApiDb:250 - Set database path to: C:\Users\erkan\.stmcufinder\plugins\mcufinder//mcu/
2024-09-04 20:03:59,729 [INFO] DbMcusAds:125 - Set database path to: C:\Users\erkan\.stmcufinder\plugins\mcufinder//mcu/
2024-09-04 20:03:59,731 [INFO] CrossReferenceDbSqlite:203 - Set database path to: C:\Users\erkan\.stmcufinder\plugins\mcufinder//mcu/cs/
2024-09-04 20:03:59,899 [INFO] RulesReader:64 - Compatibility file has been processed (297 Rules)
2024-09-04 20:04:00,043 [INFO] DbMcusXml:78 - Set database path to: C:\ST\STM32CubeIDE_1.11.2\STM32CubeIDE\plugins\com.st.stm32cube.common.mx_6.11.1.202404110753\\db\/mcu/
2024-09-04 20:04:00,044 [INFO] ApiDb:274 - Set plugin database path to: C:\ST\STM32CubeIDE_1.11.2\STM32CubeIDE\plugins\com.st.stm32cube.common.mx_6.11.1.202404110753\\db\/plugins/boardmanager/
2024-09-04 20:04:00,044 [INFO] ApiDb:261 - Set plugin images path to: C:\ST\STM32CubeIDE_1.11.2\STM32CubeIDE\plugins\com.st.stm32cube.common.mx_6.11.1.202404110753\\db\/plugins/mcufinder/images/
2024-09-04 20:04:00,044 [WARN] DbFile:41 - Overriding database path with different value: C:\Users\erkan\.stmcufinder\plugins\mcufinder/ => C:\Users\erkan\.stmcufinder\plugins\mcufinder
2024-09-04 20:04:00,044 [INFO] ApiDb:250 - Set database path to: C:\Users\erkan\.stmcufinder\plugins\mcufinder//mcu/
2024-09-04 20:04:00,044 [WARN] DbFile:41 - Overriding database path with different value: C:\Users\erkan\.stmcufinder\plugins\mcufinder/ => C:\Users\erkan\.stmcufinder\plugins\mcufinder
2024-09-04 20:04:00,044 [INFO] DbMcusAds:125 - Set database path to: C:\Users\erkan\.stmcufinder\plugins\mcufinder//mcu/
2024-09-04 20:04:00,044 [WARN] DbFile:41 - Overriding database path with different value: C:\Users\erkan\.stmcufinder\plugins\mcufinder/ => C:\Users\erkan\.stmcufinder\plugins\mcufinder
2024-09-04 20:04:00,044 [WARN] DbFile:41 - Overriding database path with different value: C:\Users\erkan\.stmcufinder\plugins\mcufinder/ => C:\Users\erkan\.stmcufinder\plugins\mcufinder
2024-09-04 20:04:00,045 [INFO] CrossReferenceDbSqlite:203 - Set database path to: C:\Users\erkan\.stmcufinder\plugins\mcufinder//mcu/cs/
2024-09-04 20:04:00,149 [INFO] MainPanel:264 - HeapMemory: 268435456
2024-09-04 20:04:00,320 [INFO] DbMcusXml:78 - Set database path to: C:\ST\STM32CubeIDE_1.11.2\STM32CubeIDE\plugins\com.st.stm32cube.common.mx_6.11.1.202404110753\\db\/mcu/
2024-09-04 20:04:00,320 [INFO] ApiDb:274 - Set plugin database path to: C:\ST\STM32CubeIDE_1.11.2\STM32CubeIDE\plugins\com.st.stm32cube.common.mx_6.11.1.202404110753\\db\/plugins/boardmanager/
2024-09-04 20:04:00,321 [INFO] ApiDb:261 - Set plugin images path to: C:\ST\STM32CubeIDE_1.11.2\STM32CubeIDE\plugins\com.st.stm32cube.common.mx_6.11.1.202404110753\\db\/plugins/mcufinder/images/
2024-09-04 20:04:00,322 [WARN] DbFile:41 - Overriding database path with different value: C:\Users\erkan\.stmcufinder\plugins\mcufinder/ => C:\Users\erkan\.stmcufinder\plugins\mcufinder
2024-09-04 20:04:00,322 [INFO] ApiDb:250 - Set database path to: C:\Users\erkan\.stmcufinder\plugins\mcufinder//mcu/
2024-09-04 20:04:00,322 [WARN] DbFile:41 - Overriding database path with different value: C:\Users\erkan\.stmcufinder\plugins\mcufinder/ => C:\Users\erkan\.stmcufinder\plugins\mcufinder
2024-09-04 20:04:00,322 [INFO] DbMcusAds:125 - Set database path to: C:\Users\erkan\.stmcufinder\plugins\mcufinder//mcu/
2024-09-04 20:04:00,322 [WARN] DbFile:41 - Overriding database path with different value: C:\Users\erkan\.stmcufinder\plugins\mcufinder/ => C:\Users\erkan\.stmcufinder\plugins\mcufinder
2024-09-04 20:04:00,322 [WARN] DbFile:41 - Overriding database path with different value: C:\Users\erkan\.stmcufinder\plugins\mcufinder/ => C:\Users\erkan\.stmcufinder\plugins\mcufinder
2024-09-04 20:04:00,324 [INFO] CrossReferenceDbSqlite:203 - Set database path to: C:\Users\erkan\.stmcufinder\plugins\mcufinder//mcu/cs/
2024-09-04 20:04:00,368 [INFO] ApplicationProperties:184 - Using Application install path: C:\ST\STM32CubeIDE_1.11.2\STM32CubeIDE\plugins\com.st.stm32cube.common.mx_6.11.1.202404110753
2024-09-04 20:04:00,373 [INFO] PluginManage:196 - Search for loadable plugins [exclusion list=, ]
2024-09-04 20:04:00,375 [INFO] PluginManage:310 - Check plugin analytics
2024-09-04 20:04:00,591 [INFO] AnalyticsPlugin:253 - Accepted Software Licenses: STM32CubeMX.6.9.2
2024-09-04 20:04:00,591 [INFO] AnalyticsPlugin:255 - Accepted CMSIS Pack Licenses: 
2024-09-04 20:04:00,591 [INFO] AnalyticsPlugin:257 - Accepted Firmware Licenses: 
2024-09-04 20:04:00,594 [INFO] PluginManage:359 - Loaded plugin analytics (category:tool,tabindex:-1)
2024-09-04 20:04:00,595 [INFO] PluginManage:310 - Check plugin cadmodel
2024-09-04 20:04:00,614 [INFO] CADModel:105 - Init CAD model plugin
2024-09-04 20:04:00,614 [INFO] PluginManage:359 - Loaded plugin cadmodel (category:power,tabindex:5)
2024-09-04 20:04:00,614 [INFO] PluginManage:310 - Check plugin clock
2024-09-04 20:04:00,641 [INFO] PluginManage:359 - Loaded plugin clock (category:base,tabindex:2)
2024-09-04 20:04:00,641 [INFO] PluginManage:310 - Check plugin ddr
2024-09-04 20:04:00,644 [INFO] PluginManage:359 - Loaded plugin ddr (category:tool,tabindex:6)
2024-09-04 20:04:00,644 [INFO] PluginManage:310 - Check plugin filemanager
2024-09-04 20:04:00,863 [INFO] PluginManage:359 - Loaded plugin filemanager (category:base,tabindex:10)
2024-09-04 20:04:00,865 [INFO] PluginManage:310 - Check plugin ipmanager
2024-09-04 20:04:00,876 [INFO] PluginManage:359 - Loaded plugin ipmanager (category:base,tabindex:5)
2024-09-04 20:04:00,876 [INFO] PluginManage:310 - Check plugin lpbam
2024-09-04 20:04:00,899 [INFO] PluginManage:359 - Loaded plugin lpbam (category:base,tabindex:0)
2024-09-04 20:04:00,899 [INFO] PluginManage:310 - Check plugin memorymap
2024-09-04 20:04:00,928 [INFO] PluginManage:359 - Loaded plugin memorymap (category:base,tabindex:4)
2024-09-04 20:04:00,928 [INFO] PluginManage:310 - Check plugin pinoutandconfiguration
2024-09-04 20:04:00,948 [INFO] PluginManage:359 - Loaded plugin pinoutandconfiguration (category:base,tabindex:1)
2024-09-04 20:04:00,948 [INFO] PluginManage:310 - Check plugin pinoutconfig
2024-09-04 20:04:01,071 [WARN] SupportedApi:132 - Cannot load RTOS API schema: s4s-elt-must-match.1: The content of 'definitions' must match (annotation?, (simpleType | complexType)?, (unique | key | keyref)*)). A problem was found starting at: attribute.
2024-09-04 20:04:01,246 [INFO] PluginManage:359 - Loaded plugin pinoutconfig (category:base,tabindex:0)
2024-09-04 20:04:01,247 [INFO] PluginManage:310 - Check plugin power
2024-09-04 20:04:01,278 [INFO] PluginManage:359 - Loaded plugin power (category:power,tabindex:4)
2024-09-04 20:04:01,278 [INFO] PluginManage:310 - Check plugin projectmanager
2024-09-04 20:04:01,300 [INFO] PluginManage:359 - Loaded plugin projectmanager (category:projectmanager,tabindex:3)
2024-09-04 20:04:01,300 [INFO] PluginManage:310 - Check plugin thirdparty
2024-09-04 20:04:01,655 [INFO] PluginManage:359 - Loaded plugin thirdparty (category:base,tabindex:-1)
2024-09-04 20:04:01,655 [WARN] IntegrityCheckThread:84 - waiting for thirdparty lock release [integrity check]
2024-09-04 20:04:01,655 [INFO] PluginManage:310 - Check plugin tools
2024-09-04 20:04:01,656 [INFO] IntegrityCheckThread:86 - entering critical section [integrity check]
2024-09-04 20:04:01,656 [INFO] ThirdPartyUpdaterWithRetryManager:70 - Updater plugin not ready yet. [1/15]
2024-09-04 20:04:01,702 [INFO] PluginManage:359 - Loaded plugin tools (category:base,tabindex:7)
2024-09-04 20:04:01,702 [INFO] PluginManage:310 - Check plugin tutovideos
2024-09-04 20:04:01,927 [INFO] PluginManage:359 - Loaded plugin tutovideos (category:base,tabindex:-1)
2024-09-04 20:04:01,927 [INFO] PluginManage:310 - Check plugin updater
2024-09-04 20:04:01,942 [INFO] PluginManage:359 - Loaded plugin updater (category:base,tabindex:12)
2024-09-04 20:04:01,942 [INFO] PluginManage:310 - Check plugin userauth
2024-09-04 20:04:01,948 [INFO] UserAuth:114 - Init User Auth plugin
2024-09-04 20:04:01,948 [INFO] PluginManage:359 - Loaded plugin userauth (category:base,tabindex:14)
2024-09-04 20:04:01,949 [INFO] PluginManage:283 - PluginManage : Loaded plugins [17]
2024-09-04 20:04:02,230 [INFO] PinOutPanel:1561 - setPackage(No Configuration,No Configuration)
2024-09-04 20:04:02,351 [INFO] CADModel:165 - CPN selected for project level
2024-09-04 20:04:02,352 [INFO] CADModel:114 - Register for checkConnection events
2024-09-04 20:04:02,382 [INFO] IPUIPlugin:80 - create IPUIPlugin
2024-09-04 20:04:02,382 [INFO] PluginManager:220 - loadIPPluginJar : add adc
2024-09-04 20:04:02,435 [INFO] IPUIPlugin:80 - create IPUIPlugin
2024-09-04 20:04:02,435 [INFO] PluginManager:220 - loadIPPluginJar : add aes
2024-09-04 20:04:02,483 [INFO] IPUIPlugin:80 - create IPUIPlugin
2024-09-04 20:04:02,483 [INFO] PluginManager:220 - loadIPPluginJar : add can
2024-09-04 20:04:02,510 [INFO] IPUIPlugin:80 - create IPUIPlugin
2024-09-04 20:04:02,510 [INFO] PluginManager:220 - loadIPPluginJar : add comp
2024-09-04 20:04:02,550 [INFO] IPUIPlugin:80 - create IPUIPlugin
2024-09-04 20:04:02,550 [INFO] PluginManager:220 - loadIPPluginJar : add cryp
2024-09-04 20:04:02,585 [INFO] IPUIPlugin:80 - create IPUIPlugin
2024-09-04 20:04:02,585 [INFO] PluginManager:220 - loadIPPluginJar : add dfsdm
2024-09-04 20:04:02,600 [INFO] IPUIPlugin:80 - create IPUIPlugin
2024-09-04 20:04:02,600 [INFO] PluginManager:220 - loadIPPluginJar : add dma
2024-09-04 20:04:02,649 [INFO] IPUIPlugin:80 - create IPUIPlugin
2024-09-04 20:04:02,649 [INFO] PluginManager:220 - loadIPPluginJar : add dma3
2024-09-04 20:04:02,700 [INFO] IPUIPlugin:80 - create IPUIPlugin
2024-09-04 20:04:02,700 [INFO] PluginManager:220 - loadIPPluginJar : add extmemmanager
2024-09-04 20:04:02,725 [INFO] IPUIPlugin:80 - create IPUIPlugin
2024-09-04 20:04:02,725 [INFO] PluginManager:220 - loadIPPluginJar : add fatfs
2024-09-04 20:04:02,779 [INFO] IPUIPlugin:80 - create IPUIPlugin
2024-09-04 20:04:02,779 [INFO] PluginManager:220 - loadIPPluginJar : add fmc
2024-09-04 20:04:02,797 [INFO] IPUIPlugin:80 - create IPUIPlugin
2024-09-04 20:04:02,797 [INFO] PluginManager:220 - loadIPPluginJar : add freertos
2024-09-04 20:04:02,826 [INFO] IPUIPlugin:80 - create IPUIPlugin
2024-09-04 20:04:02,826 [INFO] PluginManager:220 - loadIPPluginJar : add genericplugin
2024-09-04 20:04:03,032 [INFO] IPUIPlugin:80 - create IPUIPlugin
2024-09-04 20:04:03,033 [INFO] PluginManager:220 - loadIPPluginJar : add gfxmmu
2024-09-04 20:04:03,212 [INFO] IPUIPlugin:80 - create IPUIPlugin
2024-09-04 20:04:03,212 [INFO] PluginManager:220 - loadIPPluginJar : add gic
2024-09-04 20:04:03,236 [INFO] IPUIPlugin:80 - create IPUIPlugin
2024-09-04 20:04:03,236 [INFO] PluginManager:220 - loadIPPluginJar : add gpio
2024-09-04 20:04:03,413 [INFO] IPUIPlugin:80 - create IPUIPlugin
2024-09-04 20:04:03,414 [INFO] PluginManager:220 - loadIPPluginJar : add gtzc
2024-09-04 20:04:03,462 [INFO] IPUIPlugin:80 - create IPUIPlugin
2024-09-04 20:04:03,462 [INFO] PluginManager:220 - loadIPPluginJar : add hash
2024-09-04 20:04:03,545 [INFO] IPUIPlugin:80 - create IPUIPlugin
2024-09-04 20:04:03,545 [INFO] PluginManager:220 - loadIPPluginJar : add i2c
2024-09-04 20:04:03,605 [INFO] IPUIPlugin:80 - create IPUIPlugin
2024-09-04 20:04:03,605 [INFO] PluginManager:220 - loadIPPluginJar : add i2s
2024-09-04 20:04:03,707 [INFO] IPUIPlugin:80 - create IPUIPlugin
2024-09-04 20:04:03,708 [INFO] PluginManager:220 - loadIPPluginJar : add i3c
2024-09-04 20:04:03,849 [INFO] IPUIPlugin:80 - create IPUIPlugin
2024-09-04 20:04:03,849 [INFO] PluginManager:220 - loadIPPluginJar : add ipddr
2024-09-04 20:04:03,997 [INFO] IPUIPlugin:80 - create IPUIPlugin
2024-09-04 20:04:03,997 [INFO] PluginManager:220 - loadIPPluginJar : add linkedlist
2024-09-04 20:04:04,082 [INFO] IPUIPlugin:80 - create IPUIPlugin
2024-09-04 20:04:04,082 [INFO] PluginManager:220 - loadIPPluginJar : add lorawan
2024-09-04 20:04:04,149 [INFO] IPUIPlugin:80 - create IPUIPlugin
2024-09-04 20:04:04,149 [INFO] PluginManager:220 - loadIPPluginJar : add ltdc
2024-09-04 20:04:04,168 [INFO] IPUIPlugin:80 - create IPUIPlugin
2024-09-04 20:04:04,168 [INFO] PluginManager:220 - loadIPPluginJar : add mdma
2024-09-04 20:04:04,184 [INFO] IPUIPlugin:80 - create IPUIPlugin
2024-09-04 20:04:04,184 [INFO] PluginManager:220 - loadIPPluginJar : add nvic
2024-09-04 20:04:04,227 [INFO] IPUIPlugin:80 - create IPUIPlugin
2024-09-04 20:04:04,228 [INFO] PluginManager:220 - loadIPPluginJar : add opamp
2024-09-04 20:04:04,305 [INFO] IPUIPlugin:80 - create IPUIPlugin
2024-09-04 20:04:04,306 [INFO] PluginManager:220 - loadIPPluginJar : add openamp
2024-09-04 20:04:04,361 [INFO] IPUIPlugin:80 - create IPUIPlugin
2024-09-04 20:04:04,361 [INFO] PluginManager:220 - loadIPPluginJar : add pdm2pcm
2024-09-04 20:04:04,380 [INFO] IPUIPlugin:80 - create IPUIPlugin
2024-09-04 20:04:04,383 [INFO] PluginManager:220 - loadIPPluginJar : add plateformsettings
2024-09-04 20:04:04,413 [INFO] IPUIPlugin:80 - create IPUIPlugin
2024-09-04 20:04:04,413 [INFO] PluginManager:220 - loadIPPluginJar : add quadspi
2024-09-04 20:04:04,429 [INFO] IPUIPlugin:80 - create IPUIPlugin
2024-09-04 20:04:04,429 [INFO] PluginManager:220 - loadIPPluginJar : add resmgrutility
2024-09-04 20:04:04,498 [INFO] IPUIPlugin:80 - create IPUIPlugin
2024-09-04 20:04:04,499 [INFO] PluginManager:220 - loadIPPluginJar : add sai
2024-09-04 20:04:04,548 [INFO] IPUIPlugin:80 - create IPUIPlugin
2024-09-04 20:04:04,548 [INFO] PluginManager:220 - loadIPPluginJar : add spi
2024-09-04 20:04:04,645 [INFO] IPUIPlugin:80 - create IPUIPlugin
2024-09-04 20:04:04,645 [INFO] PluginManager:220 - loadIPPluginJar : add stm32_wpan
2024-09-04 20:04:04,657 [INFO] ThirdPartyUpdaterWithRetryManager:70 - Updater plugin not ready yet. [2/15]
2024-09-04 20:04:04,684 [INFO] IPUIPlugin:80 - create IPUIPlugin
2024-09-04 20:04:04,684 [INFO] PluginManager:220 - loadIPPluginJar : add tim
2024-09-04 20:04:04,767 [INFO] IPUIPlugin:80 - create IPUIPlugin
2024-09-04 20:04:04,767 [INFO] PluginManager:220 - loadIPPluginJar : add touchsensing
2024-09-04 20:04:04,792 [INFO] IPUIPlugin:80 - create IPUIPlugin
2024-09-04 20:04:04,792 [INFO] PluginManager:220 - loadIPPluginJar : add tracer_emb
2024-09-04 20:04:04,822 [INFO] IPUIPlugin:80 - create IPUIPlugin
2024-09-04 20:04:04,822 [INFO] PluginManager:220 - loadIPPluginJar : add ts
2024-09-04 20:04:04,849 [INFO] IPUIPlugin:80 - create IPUIPlugin
2024-09-04 20:04:04,849 [INFO] PluginManager:220 - loadIPPluginJar : add tsc
2024-09-04 20:04:04,879 [INFO] IPUIPlugin:80 - create IPUIPlugin
2024-09-04 20:04:04,879 [INFO] PluginManager:220 - loadIPPluginJar : add ucpd
2024-09-04 20:04:04,930 [INFO] IPUIPlugin:80 - create IPUIPlugin
2024-09-04 20:04:04,930 [INFO] PluginManager:220 - loadIPPluginJar : add usart
2024-09-04 20:04:04,980 [INFO] IPUIPlugin:80 - create IPUIPlugin
2024-09-04 20:04:04,981 [INFO] PluginManager:220 - loadIPPluginJar : add usbx
2024-09-04 20:04:05,126 [INFO] CADModel:165 - CPN selected for project level
2024-09-04 20:04:05,126 [INFO] CADModel:114 - Register for checkConnection events
2024-09-04 20:04:05,126 [FATAL] Updater:308 - Updater called before beeing initialized
2024-09-04 20:04:05,126 [ERROR] CADModel:125 - Updater not yet initialized, retry later 
2024-09-04 20:04:05,320 [INFO] CADModel:165 - CPN selected for project level
2024-09-04 20:04:05,320 [INFO] CADModel:114 - Register for checkConnection events
2024-09-04 20:04:05,320 [FATAL] Updater:308 - Updater called before beeing initialized
2024-09-04 20:04:05,321 [ERROR] CADModel:125 - Updater not yet initialized, retry later 
2024-09-04 20:04:05,325 [FATAL] Updater:308 - Updater called before beeing initialized
2024-09-04 20:04:05,448 [FATAL] Updater:308 - Updater called before beeing initialized
2024-09-04 20:04:05,458 [INFO] DbMcusAds:53 - JSON generation date=Thu May 16 11:22:00 CEST 2024 (1715851320667)
2024-09-04 20:04:05,459 [FATAL] Updater:308 - Updater called before beeing initialized
2024-09-04 20:04:05,511 [WARN] DetailPanel:346 - Failed to get advertising image, set to default
2024-09-04 20:04:05,682 [FATAL] Updater:308 - Updater called before beeing initialized
2024-09-04 20:04:05,686 [FATAL] Updater:308 - Updater called before beeing initialized
2024-09-04 20:04:05,686 [FATAL] Updater:308 - Updater called before beeing initialized
2024-09-04 20:04:05,686 [WARN] DetailPanel:346 - Failed to get advertising image, set to default
2024-09-04 20:04:05,687 [FATAL] Updater:308 - Updater called before beeing initialized
2024-09-04 20:04:05,876 [ERROR] Updater:1120 - MainUpdater not yet initialized. External WinMGr cannot be set.
2024-09-04 20:04:05,889 [INFO] Updater:1056 - Updater Version found : 6.11.1
2024-09-04 20:04:05,914 [INFO] ApplicationProperties:184 - Using Application install path: C:\ST\STM32CubeIDE_1.11.2\STM32CubeIDE\plugins\com.st.stm32cube.common.mx_6.11.1.202404110753
2024-09-04 20:04:06,683 [INFO] MainUpdater:2873 - connection check result : 10
2024-09-04 20:04:06,683 [INFO] MainUpdater:3567 - Updater definition file requires update
2024-09-04 20:04:06,685 [INFO] MainUpdater:290 - Updater Check For Update Now.
2024-09-04 20:04:06,685 [INFO] MicroXplorer:498 - Change Database Version : DB.6.0.111
2024-09-04 20:04:06,708 [INFO] McuFinderGlobals:63 - Set McuFinder mode to 2 (CubeIDE integrated)
2024-09-04 20:04:06,708 [INFO] UserAuth:179 - activating auth plugin
2024-09-04 20:04:06,710 [INFO] UserAuth:415 - Internet connection configuration mode: 1
2024-09-04 20:04:06,740 [INFO] JxBrowserEngine:152 - Initiate JxBrowser Engine with user profile folder
2024-09-04 20:04:06,899 [INFO] ServerAccessManage:473 - Download File updaters.zip
2024-09-04 20:04:07,054 [INFO] FileExtend:240 - Unzip File : updaters.zip
2024-09-04 20:04:07,055 [INFO] FileExtend:255 - Standard Zip Deflate
2024-09-04 20:04:07,679 [WARN] MainUpdater:1194 - Updater busy. Cannot search thirdparties
2024-09-04 20:04:07,685 [INFO] ThirdPartyUpdaterWithRetryManager:96 - Updater plugin is busy. [1/15]
2024-09-04 20:04:08,349 [INFO] ServerAccessManage:473 - Download File PacksControlFlags.xml
2024-09-04 20:04:08,652 [INFO] ServerAccessManage:473 - Download File cubemx.pidx
2024-09-04 20:04:08,785 [INFO] LoadServerUpdatesThread:375 - End of LoadServerUpdate Thread
2024-09-04 20:04:08,972 [INFO] CheckServerUpdateThread:120 - End of CheckServer Thread
2024-09-04 20:04:11,066 [WARN] PackLoader:240 - Cannot read IP mode file for STMicroelectronics.FP-SNS-MOTENVWB1.1.4.0
2024-09-04 20:04:11,090 [WARN] PackLoader:240 - Cannot read IP mode file for STMicroelectronics.X-CUBE-SMBUS.2.1.0
2024-09-04 20:04:11,108 [WARN] PackLoader:240 - Cannot read IP mode file for STMicroelectronics.X-CUBE-TOUCHGFX.4.23.0
2024-09-04 20:04:11,124 [WARN] PackLoader:240 - Cannot read IP mode file for STMicroelectronics.X-CUBE-TOUCHGFX.4.23.2
2024-09-04 20:04:11,167 [WARN] PackLoader:240 - Cannot read IP mode file for STMicroelectronics.X-CUBE-AZRTOS-F7.1.1.0
2024-09-04 20:04:11,187 [WARN] PackLoader:240 - Cannot read IP mode file for STMicroelectronics.FP-SNS-MOTENV1.4.3.2
2024-09-04 20:04:11,262 [WARN] PackLoader:240 - Cannot read IP mode file for STMicroelectronics.X-CUBE-MEMS1.11.0.0
2024-09-04 20:04:11,417 [WARN] PackLoader:240 - Cannot read IP mode file for STMicroelectronics.X-CUBE-BLE1.6.2.4
2024-09-04 20:04:11,431 [WARN] PackLoader:240 - Cannot read IP mode file for STMicroelectronics.FP-SNS-FLIGHT1.5.0.2
2024-09-04 20:04:11,447 [WARN] PackLoader:240 - Cannot read IP mode file for STMicroelectronics.X-CUBE-DISPLAY.3.0.0
2024-09-04 20:04:11,469 [WARN] PackLoader:240 - Cannot read IP mode file for STMicroelectronics.X-CUBE-BLE1.7.0.0
2024-09-04 20:04:11,485 [WARN] PackLoader:240 - Cannot read IP mode file for STMicroelectronics.X-CUBE-TOUCHGFX.4.22.0
2024-09-04 20:04:11,503 [WARN] PackLoader:240 - Cannot read IP mode file for STMicroelectronics.X-CUBE-TOUCHGFX.4.22.1
2024-09-04 20:04:11,531 [WARN] PackLoader:240 - Cannot read IP mode file for STMicroelectronics.X-CUBE-BLEMGR.3.1.0
2024-09-04 20:04:11,553 [WARN] PackLoader:240 - Cannot read IP mode file for STMicroelectronics.FP-SNS-SMARTAG2.1.2.0
2024-09-04 20:04:11,575 [INFO] LogOutputStream:77 - [STDOUT_REDIRECT] 1 : Invalid condition id : UX_CORESTACK_Condition cause : null
2024-09-04 20:04:11,575 [INFO] LogOutputStream:77 - [STDOUT_REDIRECT] 1 : Invalid condition id : UX_CORESTACK_Condition cause : null
2024-09-04 20:04:11,576 [INFO] LogOutputStream:77 - [STDOUT_REDIRECT] 1 : Invalid condition id : UX_CORESTACK_Condition cause : null
2024-09-04 20:04:11,577 [INFO] LogOutputStream:77 - [STDOUT_REDIRECT] 1 : Invalid condition id : UX_CORESTACK_Condition cause : null
2024-09-04 20:04:11,579 [INFO] LogOutputStream:77 - [STDOUT_REDIRECT] 1 : Invalid condition id : UX_CORESTACK_Condition cause : null
2024-09-04 20:04:11,581 [WARN] PackLoader:240 - Cannot read IP mode file for STMicroelectronics.X-CUBE-AZRTOS-WL.2.0.0
2024-09-04 20:04:11,594 [WARN] PackLoader:240 - Cannot read IP mode file for STMicroelectronics.FP-SNS-MOTENV1.5.0.0
2024-09-04 20:04:11,608 [WARN] PackLoader:240 - Cannot read IP mode file for wolfSSL.I-CUBE-wolfMQTT.1.19.0
2024-09-04 20:04:11,624 [WARN] PackLoader:240 - Cannot read IP mode file for WES.I-CUBE-Cesium.1.3.0
2024-09-04 20:04:11,638 [WARN] PackLoader:240 - Cannot read IP mode file for STMicroelectronics.X-CUBE-BLE2.3.3.0
2024-09-04 20:04:11,657 [WARN] PackLoader:240 - Cannot read IP mode file for STMicroelectronics.X-CUBE-TOF1.3.2.0
2024-09-04 20:04:11,676 [WARN] PackLoader:240 - Cannot read IP mode file for STMicroelectronics.X-CUBE-TCPP.4.1.0
2024-09-04 20:04:11,689 [WARN] PackLoader:240 - Cannot read IP mode file for STMicroelectronics.X-CUBE-TOUCHGFX.4.21.1
2024-09-04 20:04:11,702 [WARN] PackLoader:240 - Cannot read IP mode file for STMicroelectronics.X-CUBE-AI.7.3.0
2024-09-04 20:04:11,715 [WARN] PackLoader:240 - Cannot read IP mode file for STMicroelectronics.X-CUBE-ALGOBUILD.1.3.0
2024-09-04 20:04:11,740 [WARN] PackLoader:240 - Cannot read IP mode file for STMicroelectronics.X-CUBE-AZRTOS-G0.1.1.0
2024-09-04 20:04:11,759 [WARN] PackLoader:240 - Cannot read IP mode file for STMicroelectronics.X-CUBE-SAFEA1.1.2.2
2024-09-04 20:04:11,772 [WARN] PackLoader:240 - Cannot read IP mode file for STMicroelectronics.X-CUBE-NFC4.3.0.0
2024-09-04 20:04:11,784 [WARN] PackLoader:240 - Cannot read IP mode file for wolfSSL.I-CUBE-wolfMQTT.1.18.0
2024-09-04 20:04:11,802 [WARN] PackLoader:240 - Cannot read IP mode file for EmbeddedOffice.I-CUBE-FS-RTOS.1.0.1
2024-09-04 20:04:11,803 [ERROR] ConditionMgr:805 - Attr not supported : Dmpu
2024-09-04 20:04:11,803 [ERROR] ConditionMgr:805 - Attr not supported : Dmpu
2024-09-04 20:04:11,803 [ERROR] ConditionMgr:805 - Attr not supported : Dmpu
2024-09-04 20:04:11,803 [ERROR] ConditionMgr:805 - Attr not supported : Dmpu
2024-09-04 20:04:11,803 [ERROR] ConditionMgr:805 - Attr not supported : Dmpu
2024-09-04 20:04:11,803 [ERROR] ConditionMgr:805 - Attr not supported : Dmpu
2024-09-04 20:04:11,803 [ERROR] ConditionMgr:805 - Attr not supported : Dmpu
2024-09-04 20:04:11,803 [ERROR] ConditionMgr:805 - Attr not supported : Dmpu
2024-09-04 20:04:11,803 [ERROR] ConditionMgr:805 - Attr not supported : Dmpu
2024-09-04 20:04:11,803 [ERROR] ConditionMgr:805 - Attr not supported : Dmpu
2024-09-04 20:04:11,803 [ERROR] ConditionMgr:805 - Attr not supported : Dmpu
2024-09-04 20:04:11,803 [ERROR] ConditionMgr:805 - Attr not supported : Dmpu
2024-09-04 20:04:11,803 [ERROR] ConditionMgr:805 - Attr not supported : Dmpu
2024-09-04 20:04:11,803 [ERROR] ConditionMgr:805 - Attr not supported : Dmpu
2024-09-04 20:04:11,803 [ERROR] ConditionMgr:805 - Attr not supported : Dmpu
2024-09-04 20:04:11,803 [ERROR] ConditionMgr:805 - Attr not supported : Dmpu
2024-09-04 20:04:11,803 [ERROR] ConditionMgr:805 - Attr not supported : Dmpu
2024-09-04 20:04:11,804 [ERROR] ConditionMgr:805 - Attr not supported : Dmpu
2024-09-04 20:04:11,804 [ERROR] ConditionMgr:805 - Attr not supported : Dmpu
2024-09-04 20:04:11,804 [ERROR] ConditionMgr:805 - Attr not supported : Dmpu
2024-09-04 20:04:11,804 [ERROR] ConditionMgr:805 - Attr not supported : Dmpu
2024-09-04 20:04:11,804 [ERROR] ConditionMgr:805 - Attr not supported : Dmpu
2024-09-04 20:04:11,804 [ERROR] ConditionMgr:805 - Attr not supported : Dmpu
2024-09-04 20:04:11,804 [ERROR] ConditionMgr:805 - Attr not supported : Dmpu
2024-09-04 20:04:11,804 [ERROR] ConditionMgr:805 - Attr not supported : Dmpu
2024-09-04 20:04:11,804 [ERROR] ConditionMgr:805 - Attr not supported : Dmpu
2024-09-04 20:04:11,804 [ERROR] ConditionMgr:805 - Attr not supported : Dmpu
2024-09-04 20:04:11,804 [ERROR] ConditionMgr:805 - Attr not supported : Dmpu
2024-09-04 20:04:11,804 [ERROR] ConditionMgr:805 - Attr not supported : Dmpu
2024-09-04 20:04:11,804 [ERROR] ConditionMgr:805 - Attr not supported : Dmpu
2024-09-04 20:04:11,804 [ERROR] ConditionMgr:805 - Attr not supported : Dmpu
2024-09-04 20:04:11,804 [ERROR] ConditionMgr:805 - Attr not supported : Dmpu
2024-09-04 20:04:11,804 [ERROR] ConditionMgr:805 - Attr not supported : Dmpu
2024-09-04 20:04:11,804 [ERROR] ConditionMgr:805 - Attr not supported : Dmpu
2024-09-04 20:04:11,804 [ERROR] ConditionMgr:805 - Attr not supported : Dmpu
2024-09-04 20:04:11,805 [ERROR] ConditionMgr:805 - Attr not supported : Dmpu
2024-09-04 20:04:11,805 [ERROR] ConditionMgr:805 - Attr not supported : Dmpu
2024-09-04 20:04:11,805 [ERROR] ConditionMgr:805 - Attr not supported : Dmpu
2024-09-04 20:04:11,805 [ERROR] ConditionMgr:805 - Attr not supported : Dmpu
2024-09-04 20:04:11,805 [ERROR] ConditionMgr:805 - Attr not supported : Dmpu
2024-09-04 20:04:11,805 [ERROR] ConditionMgr:805 - Attr not supported : Dmpu
2024-09-04 20:04:11,805 [ERROR] ConditionMgr:805 - Attr not supported : Dmpu
2024-09-04 20:04:11,805 [ERROR] ConditionMgr:805 - Attr not supported : Dmpu
2024-09-04 20:04:11,805 [ERROR] ConditionMgr:805 - Attr not supported : Dmpu
2024-09-04 20:04:11,805 [ERROR] ConditionMgr:805 - Attr not supported : Dmpu
2024-09-04 20:04:11,805 [ERROR] ConditionMgr:805 - Attr not supported : Dmpu
2024-09-04 20:04:11,805 [ERROR] ConditionMgr:805 - Attr not supported : Dmpu
2024-09-04 20:04:11,805 [ERROR] ConditionMgr:805 - Attr not supported : Dmpu
2024-09-04 20:04:11,805 [ERROR] ConditionMgr:805 - Attr not supported : Dmpu
2024-09-04 20:04:11,805 [ERROR] ConditionMgr:805 - Attr not supported : Dmpu
2024-09-04 20:04:11,805 [ERROR] ConditionMgr:805 - Attr not supported : Dmpu
2024-09-04 20:04:11,805 [ERROR] ConditionMgr:805 - Attr not supported : Dmpu
2024-09-04 20:04:11,805 [ERROR] ConditionMgr:805 - Attr not supported : Dmpu
2024-09-04 20:04:11,806 [ERROR] ConditionMgr:805 - Attr not supported : Dmpu
2024-09-04 20:04:11,806 [ERROR] ConditionMgr:805 - Attr not supported : Dmpu
2024-09-04 20:04:11,806 [ERROR] ConditionMgr:805 - Attr not supported : Dmpu
2024-09-04 20:04:11,806 [ERROR] ConditionMgr:805 - Attr not supported : Dmpu
2024-09-04 20:04:11,806 [ERROR] ConditionMgr:805 - Attr not supported : Dmpu
2024-09-04 20:04:11,806 [ERROR] ConditionMgr:805 - Attr not supported : Dmpu
2024-09-04 20:04:11,806 [ERROR] ConditionMgr:805 - Attr not supported : Dmpu
2024-09-04 20:04:11,806 [ERROR] ConditionMgr:805 - Attr not supported : Dmpu
2024-09-04 20:04:11,806 [ERROR] ConditionMgr:805 - Attr not supported : Dmpu
2024-09-04 20:04:11,806 [ERROR] ConditionMgr:805 - Attr not supported : Dmpu
2024-09-04 20:04:11,806 [ERROR] ConditionMgr:805 - Attr not supported : Dmpu
2024-09-04 20:04:11,825 [WARN] PackLoader:240 - Cannot read IP mode file for STMicroelectronics.X-CUBE-BLEMGR.3.0.0
2024-09-04 20:04:11,842 [WARN] PackLoader:240 - Cannot read IP mode file for STMicroelectronics.X-CUBE-BLEMGR.1.3.0
2024-09-04 20:04:11,857 [WARN] PackLoader:240 - Cannot read IP mode file for RealThread.X-CUBE-RT-Thread_Nano.4.1.1
2024-09-04 20:04:11,870 [WARN] PackLoader:240 - Cannot read IP mode file for STMicroelectronics.FP-ATR-SIGFOX1.3.2.0
2024-09-04 20:04:11,886 [WARN] PackLoader:240 - Cannot read IP mode file for STMicroelectronics.X-CUBE-EEPRMA1.5.1.0
2024-09-04 20:04:11,989 [WARN] PackLoader:240 - Cannot read IP mode file for STMicroelectronics.X-CUBE-MEMS1.9.5.0
2024-09-04 20:04:12,170 [WARN] PackLoader:240 - Cannot read IP mode file for SEGGER.I-CUBE-embOS.1.3.1
2024-09-04 20:04:12,240 [WARN] PackLoader:240 - Cannot read IP mode file for STMicroelectronics.X-CUBE-ALGOBUILD.1.4.0
2024-09-04 20:04:12,259 [WARN] PackLoader:240 - Cannot read IP mode file for STMicroelectronics.X-CUBE-GNSS1.6.0.0
2024-09-04 20:04:12,293 [WARN] PackLoader:240 - Cannot read IP mode file for STMicroelectronics.X-CUBE-AZRTOS-F4.1.1.0
2024-09-04 20:04:12,317 [WARN] PackLoader:240 - Cannot read IP mode file for STMicroelectronics.X-CUBE-FREERTOS.1.2.0
2024-09-04 20:04:12,383 [WARN] PackLoader:240 - Cannot read IP mode file for STMicroelectronics.X-CUBE-AZRTOS-L5.2.0.0
2024-09-04 20:04:12,484 [WARN] PackLoader:240 - Cannot read IP mode file for STMicroelectronics.X-CUBE-MEMS1.9.6.0
2024-09-04 20:04:12,942 [WARN] PackLoader:240 - Cannot read IP mode file for STMicroelectronics.X-CUBE-EEPRMA1.4.2.0
2024-09-04 20:04:12,965 [WARN] PackLoader:240 - Cannot read IP mode file for STMicroelectronics.X-CUBE-NFC6.3.1.0
2024-09-04 20:04:12,986 [WARN] PackLoader:240 - Cannot read IP mode file for ITTIA_DB.I-CUBE-ITTIADB.8.8.0
2024-09-04 20:04:13,004 [WARN] PackLoader:240 - Cannot read IP mode file for emotas.I-CUBE-CANOPEN.1.1.3
2024-09-04 20:04:13,022 [WARN] PackLoader:240 - Cannot read IP mode file for STMicroelectronics.X-CUBE-BLEMGR.2.0.0
2024-09-04 20:04:13,042 [WARN] PackLoader:240 - Cannot read IP mode file for STMicroelectronics.X-CUBE-DPower.1.2.0
2024-09-04 20:04:13,057 [WARN] PackLoader:240 - Cannot read IP mode file for STMicroelectronics.X-CUBE-AI.9.0.0
2024-09-04 20:04:13,091 [WARN] ConditionMgr:438 - getConditionDescription Invalid condition id : UX DEVICE CLASS RTOS Condition cause : null
2024-09-04 20:04:13,091 [WARN] ConditionMgr:438 - getConditionDescription Invalid condition id : UX DEVICE CLASS RTOS Condition cause : null
2024-09-04 20:04:13,094 [WARN] PackLoader:240 - Cannot read IP mode file for STMicroelectronics.X-CUBE-AZRTOS-H7.3.1.0
2024-09-04 20:04:13,095 [WARN] ConditionMgr:1039 - genDependencies : Invalid condition id : UX DEVICE CLASS RTOS Condition cause : null
2024-09-04 20:04:13,095 [WARN] ConditionMgr:1039 - genDependencies : Invalid condition id : UX DEVICE CLASS RTOS Condition cause : null
2024-09-04 20:04:13,095 [WARN] ConditionMgr:1039 - genDependencies : Invalid condition id : UX DEVICE CLASS RTOS Condition cause : null
2024-09-04 20:04:13,096 [WARN] ConditionMgr:1039 - genDependencies : Invalid condition id : UX DEVICE CLASS RTOS Condition cause : null
2024-09-04 20:04:13,096 [WARN] ConditionMgr:1039 - genDependencies : Invalid condition id : UX DEVICE CLASS RTOS Condition cause : null
2024-09-04 20:04:13,118 [WARN] PackLoader:240 - Cannot read IP mode file for wolfSSL.I-CUBE-wolfSSL.5.5.4
2024-09-04 20:04:13,137 [WARN] PackLoader:240 - Cannot read IP mode file for STMicroelectronics.X-CUBE-NFC7.1.0.1
2024-09-04 20:04:13,153 [WARN] PackLoader:240 - Cannot read IP mode file for STMicroelectronics.X-CUBE-NFC7.1.0.0
2024-09-04 20:04:13,154 [INFO] WebApp:161 - Instantiating new browser for Auth
2024-09-04 20:04:13,170 [WARN] PackLoader:240 - Cannot read IP mode file for wolfSSL.I-CUBE-wolfTPM.3.2.0
2024-09-04 20:04:13,234 [WARN] PackLoader:240 - Cannot read IP mode file for STMicroelectronics.X-CUBE-NFC6.3.0.0
2024-09-04 20:04:13,268 [WARN] PackLoader:240 - Cannot read IP mode file for STMicroelectronics.X-CUBE-EEPRMA1.4.1.0
2024-09-04 20:04:13,290 [WARN] PackLoader:240 - Cannot read IP mode file for STMicroelectronics.X-CUBE-AI.8.1.0
2024-09-04 20:04:13,334 [WARN] ConditionMgr:438 - getConditionDescription Invalid condition id : LAN8742 Phy interface Condition cause : null
2024-09-04 20:04:13,335 [WARN] PackLoader:240 - Cannot read IP mode file for STMicroelectronics.X-CUBE-AZRTOS-L4.2.0.0
2024-09-04 20:04:13,337 [WARN] ConditionMgr:1039 - genDependencies : Invalid condition id : LAN8742 Phy interface Condition cause : null
2024-09-04 20:04:13,337 [WARN] ConditionMgr:1039 - genDependencies : Invalid condition id : LAN8742 Phy interface Condition cause : null
2024-09-04 20:04:13,338 [WARN] ConditionMgr:1039 - genDependencies : Invalid condition id : LAN8742 Phy interface Condition cause : null
2024-09-04 20:04:13,365 [WARN] PackLoader:240 - Cannot read IP mode file for STMicroelectronics.X-CUBE-SFXS2LP1.4.0.0
2024-09-04 20:04:13,413 [WARN] PackLoader:240 - Cannot read IP mode file for STMicroelectronics.X-CUBE-AZRTOS-H7.3.0.0
2024-09-04 20:04:13,436 [WARN] PackLoader:240 - Cannot read IP mode file for STMicroelectronics.X-CUBE-ISPU.1.1.0
2024-09-04 20:04:13,479 [WARN] PackLoader:240 - Cannot read IP mode file for STMicroelectronics.X-CUBE-AZRTOS-H7.3.3.0
2024-09-04 20:04:13,505 [WARN] PackLoader:240 - Cannot read IP mode file for RoweBots.I-CUBE-UNISONRTOS.5.5.0-4
2024-09-04 20:04:13,523 [WARN] PackLoader:240 - Cannot read IP mode file for STMicroelectronics.X-CUBE-AI.8.0.0
2024-09-04 20:04:13,551 [WARN] ConditionMgr:438 - getConditionDescription Invalid condition id : UX DEVICE CLASS RTOS Condition cause : null
2024-09-04 20:04:13,551 [WARN] ConditionMgr:438 - getConditionDescription Invalid condition id : UX DEVICE CLASS RTOS Condition cause : null
2024-09-04 20:04:13,552 [WARN] PackLoader:240 - Cannot read IP mode file for STMicroelectronics.X-CUBE-AZRTOS-WB.2.0.0
2024-09-04 20:04:13,553 [WARN] ConditionMgr:1039 - genDependencies : Invalid condition id : UX DEVICE CLASS RTOS Condition cause : null
2024-09-04 20:04:13,553 [WARN] ConditionMgr:1039 - genDependencies : Invalid condition id : UX DEVICE CLASS RTOS Condition cause : null
2024-09-04 20:04:13,553 [WARN] ConditionMgr:1039 - genDependencies : Invalid condition id : UX DEVICE CLASS RTOS Condition cause : null
2024-09-04 20:04:13,554 [WARN] ConditionMgr:1039 - genDependencies : Invalid condition id : UX DEVICE CLASS RTOS Condition cause : null
2024-09-04 20:04:13,554 [WARN] ConditionMgr:1039 - genDependencies : Invalid condition id : UX DEVICE CLASS RTOS Condition cause : null
2024-09-04 20:04:13,572 [WARN] PackLoader:240 - Cannot read IP mode file for STMicroelectronics.X-CUBE-FREERTOS.1.0.1
2024-09-04 20:04:13,592 [WARN] PackLoader:240 - Cannot read IP mode file for STMicroelectronics.FP-SNS-STBOX1.2.0.0
2024-09-04 20:04:13,623 [WARN] PackLoader:240 - Cannot read IP mode file for STMicroelectronics.X-CUBE-AZRTOS-L5.1.1.0
2024-09-04 20:04:13,648 [WARN] PackLoader:240 - Cannot read IP mode file for STMicroelectronics.X-CUBE-SUBG2.5.0.0
2024-09-04 20:04:13,679 [WARN] PackLoader:240 - Cannot read IP mode file for STMicroelectronics.X-CUBE-TOF1.3.3.1
2024-09-04 20:04:13,741 [WARN] PackLoader:240 - Cannot read IP mode file for STMicroelectronics.X-CUBE-AZRTOS-G4.2.0.0
2024-09-04 20:04:13,765 [WARN] PackLoader:240 - Cannot read IP mode file for STMicroelectronics.FP-ATR-ASTRA1.1.1.1
2024-09-04 20:04:13,802 [WARN] PackLoader:240 - Cannot read IP mode file for Infineon.AIROC-Wi-Fi-Bluetooth-STM32.1.5.1
2024-09-04 20:04:13,828 [WARN] PackLoader:240 - Cannot read IP mode file for STMicroelectronics.FP-SNS-MOTENVWB1.1.3.0
2024-09-04 20:04:13,845 [WARN] PackLoader:240 - Cannot read IP mode file for STMicroelectronics.FP-SNS-MOTENVWB1.1.3.1
2024-09-04 20:04:13,877 [WARN] PackLoader:240 - Cannot read IP mode file for STMicroelectronics.X-CUBE-AZRTOS-G4.1.0.0
2024-09-04 20:04:13,906 [WARN] PackLoader:240 - Cannot read IP mode file for STMicroelectronics.X-CUBE-AZRTOS-L4.1.0.0
2024-09-04 20:04:13,923 [WARN] PackLoader:240 - Cannot read IP mode file for STMicroelectronics.X-CUBE-ISPU.2.0.0
2024-09-04 20:04:13,941 [WARN] PackLoader:240 - Cannot read IP mode file for STMicroelectronics.X-CUBE-ALS.1.0.2
2024-09-04 20:04:14,016 [WARN] PackLoader:240 - Cannot read IP mode file for STMicroelectronics.X-CUBE-MEMS1.10.0.0
2024-09-04 20:04:14,165 [WARN] PackLoader:240 - Cannot read IP mode file for STMicroelectronics.X-CUBE-FREERTOS.1.1.0
2024-09-04 20:04:14,184 [WARN] PackLoader:240 - Cannot read IP mode file for STMicroelectronics.X-CUBE-TOUCHGFX.4.24.0
2024-09-04 20:04:14,206 [WARN] PackLoader:240 - Cannot read IP mode file for STMicroelectronics.X-CUBE-AZRTOS-WL.1.0.0
2024-09-04 20:04:14,227 [WARN] PackLoader:240 - Cannot read IP mode file for portGmbH.I-Cube-SoM-uGOAL.1.1.0
2024-09-04 20:04:14,244 [WARN] PackLoader:240 - Cannot read IP mode file for STMicroelectronics.X-CUBE-ALS.1.0.1
2024-09-04 20:04:14,271 [WARN] PackLoader:240 - Cannot read IP mode file for STMicroelectronics.X-CUBE-AZRTOS-WB.1.1.0
2024-09-04 20:04:14,311 [WARN] PackLoader:240 - Cannot read IP mode file for STMicroelectronics.X-CUBE-AZRTOS-H7RS.1.0.0
2024-09-04 20:04:14,326 [WARN] PackLoader:240 - Cannot read IP mode file for STMicroelectronics.FP-ATR-ASTRA1.2.0.0
2024-09-04 20:04:14,346 [WARN] PackLoader:240 - Cannot read IP mode file for STMicroelectronics.X-CUBE-TOF1.3.4.2
2024-09-04 20:04:14,378 [WARN] PackLoader:240 - Cannot read IP mode file for STMicroelectronics.X-CUBE-TOF1.3.4.0
2024-09-04 20:04:14,406 [WARN] PackLoader:240 - Cannot read IP mode file for STMicroelectronics.X-CUBE-TOF1.3.4.1
2024-09-04 20:04:14,450 [WARN] PackLoader:240 - Cannot read IP mode file for STMicroelectronics.X-CUBE-AZRTOS-H7.3.2.0
2024-09-04 20:04:14,466 [WARN] PackLoader:240 - Cannot read IP mode file for wolfSSL.I-CUBE-wolfSSH.1.4.17
2024-09-04 20:04:14,468 [INFO] ThirdParty:978 - Integrity check success = true
2024-09-04 20:04:14,468 [INFO] IntegrityCheckThread:100 - exiting critical section [integrity check]
2024-09-04 20:04:14,468 [INFO] IntegrityCheckThread:103 - End integrity checks thread
2024-09-04 20:04:14,561 [INFO] WebApp:779 - Register for checkConnection events
2024-09-04 20:04:14,561 [INFO] WebApp:414 - Apply proxy settings
2024-09-04 20:04:14,562 [INFO] WebApp:499 - Chromium requires no authentication
2024-09-04 20:04:14,581 [INFO] WebApp:442 - Direct internet connection detected
2024-09-04 20:04:14,841 [INFO] WebApp:192 - Starting web application
2024-09-04 20:04:14,841 [INFO] WebApp:544 - Web application path used C:\ST\STM32CubeIDE_1.11.2\STM32CubeIDE\plugins\com.st.stm32cube.common.mx_6.11.1.202404110753\db\plugins\mcufinder\reactClient1\index.html
2024-09-04 20:04:34,417 [INFO] McuFinderGlobals:63 - Set McuFinder mode to 2 (CubeIDE integrated)
2024-09-04 20:04:34,449 [INFO] MainUpdater:2873 - connection check result : 10
2024-09-04 20:04:34,477 [INFO] McuFinderGlobals:76 - Set McuFinderConnectedMode to true
2024-09-04 20:04:34,846 [INFO] ServerAccessManage:473 - Download File mcusAds.json._tmp_
2024-09-04 20:04:34,964 [INFO] LoadUrlFilesThread:156 - End of LoadUrlFiles Thread
2024-09-04 20:04:35,202 [INFO] ServerAccessManage:473 - Download File cube-finder-db.zip
2024-09-04 20:04:36,631 [INFO] FileExtend:240 - Unzip File : cube-finder-db.zip
2024-09-04 20:04:36,632 [INFO] FileExtend:255 - Standard Zip Deflate
2024-09-04 20:04:37,987 [INFO] LoadUrlFilesThread:156 - End of LoadUrlFiles Thread
2024-09-04 20:04:38,243 [INFO] ServerAccessManage:473 - Download File crdb.zip
2024-09-04 20:04:38,588 [INFO] FileExtend:240 - Unzip File : crdb.zip
2024-09-04 20:04:38,589 [INFO] FileExtend:255 - Standard Zip Deflate
2024-09-04 20:04:38,724 [INFO] LoadUrlFilesThread:156 - End of LoadUrlFiles Thread
2024-09-04 20:04:38,914 [INFO] ServerAccessManage:473 - Download File tutoVideoDB.zip
2024-09-04 20:04:38,942 [INFO] FileExtend:240 - Unzip File : tutoVideoDB.zip
2024-09-04 20:04:38,942 [INFO] FileExtend:255 - Standard Zip Deflate
2024-09-04 20:04:39,066 [INFO] LoadUrlFilesThread:156 - End of LoadUrlFiles Thread
2024-09-04 20:04:39,068 [WARN] DbFile:41 - Overriding database path with different value: C:\Users\erkan\.stmcufinder\plugins\mcufinder/ => C:\Users\erkan\.stmcufinder\plugins\mcufinder
2024-09-04 20:04:39,222 [INFO] ServerAccessManage:473 - Download File api_config.json
2024-09-04 20:04:39,339 [INFO] LoadUrlFilesThread:156 - End of LoadUrlFiles Thread
2024-09-04 20:04:39,340 [INFO] DbMcusAds:53 - JSON generation date=Thu May 16 11:22:00 CEST 2024 (1715851320667)
2024-09-04 20:04:39,369 [INFO] LoadUrlFilesThread:185 - End of LoadServerUrlFiles without Thread
2024-09-04 20:04:39,369 [INFO] TargetSelectorAdapter:259 - Refresh data is successful
2024-09-04 20:04:39,597 [INFO] ApiDb:581 - Connected to CubeFinder SQLite database (C:\Users\erkan\.stmcufinder\plugins\mcufinder\mcu\cube-finder-db.db)
2024-09-04 20:04:39,687 [INFO] ApiDb:668 - CubeFinder database Data Model version=2.1
2024-09-04 20:04:39,687 [INFO] ApiDb:669 - CubeFinder database Configuration version=3.0.39
2024-09-04 20:04:39,687 [INFO] ApiDb:670 - CubeFinder database generation date=2024-08-06 (1722941618)
2024-09-04 20:04:39,687 [INFO] ApiDb:671 - CubeFinder database FW Pack versions=[FP-ATR-ASTRA1_V2.0.0, FP-SNS-FLIGHT1_V5.0.2, FP-SNS-MOTENV1_V5.0.0, FP-SNS-MOTENVWB1_V1.4.0, FP-SNS-SMARTAG2_V1.2.0, FP-SNS-STBOX1_V2.0.0, STM32Cube_FW_C0_V1.2.0, STM32Cube_FW_F4_V1.28.0, STM32Cube_FW_F7_V1.17.2, STM32Cube_FW_G0_V1.6.2, STM32Cube_FW_G4_V1.6.0, STM32Cube_FW_H5_V1.3.0, STM32Cube_FW_H7RS_V1.1.0, STM32Cube_FW_H7_V1.11.2, STM32Cube_FW_L0_V1.12.2, STM32Cube_FW_L5_V1.5.1, STM32Cube_FW_U0_V1.1.0, STM32Cube_FW_U5_V1.6.0, STM32Cube_FW_WB0_V1.0.0, STM32Cube_FW_WBA_V1.4.1, STM32Cube_FW_WB_V1.20.0, STM32Cube_FW_WL_V1.3.0, X-CUBE-ALGOBUILD_V1.4.0, X-CUBE-ALS_V1.0.2, X-CUBE-AZRTOS-F4_V1.1.0, X-CUBE-AZRTOS-F7_V1.1.0, X-CUBE-AZRTOS-G0_V1.1.0, X-CUBE-AZRTOS-G4_V2.0.0, X-CUBE-AZRTOS-H7RS_V1.0.0, X-CUBE-AZRTOS-H7_V3.2.0, X-CUBE-AZRTOS-L4_V2.0.0, X-CUBE-AZRTOS-L5_V1.1.0, X-CUBE-AZRTOS-WB_V2.0.0, X-CUBE-AZRTOS-WL_V2.0.0, X-CUBE-BLE1_V7.0.0, X-CUBE-BLE2_V3.3.0, X-CUBE-BLEMGR_V3.1.0, X-CUBE-EEPRMA1_V5.1.0, X-CUBE-FREERTOS_V1.2.0, X-CUBE-GNSS1_V6.0.0, X-CUBE-MEMS1_V10.0.0, X-CUBE-NFC4_V3.0.0, X-CUBE-NFC7_V1.0.1, X-CUBE-SFXS2LP1_V4.0.0, X-CUBE-SUBG2_V5.0.0, X-CUBE-TOF1_V3.4.2]
2024-09-04 20:04:42,525 [INFO] ApiDb:240 - Found 483 in-development CPN: [B-G473E-ZEST1S, B-WB1M-WPAN1, B-WL5M-SUBG1, NUCLEO-C031C6, NUCLEO-H503RB, NUCLEO-H533RE, NUCLEO-H563ZI, NUCLEO-H7S3L8, NUCLEO-U031R8, NUCLEO-U083RC, NUCLEO-U545RE-Q, NUCLEO-U5A5ZJ-Q, NUCLEO-WBA52CG, NUCLEO-WBA55CG, STEVAL-PROTEUS1, STEVAL-SMARTAG2, STEVAL-STWINBX1, STM320518-EVAL, STM32C0116-DK, STM32C011D6Y3TR, STM32C011D6Y6TR, STM32C011F4P3, STM32C011F4P6, STM32C011F4U3, STM32C011F4U6TR, STM32C011F6P3, STM32C011F6P6, STM32C011F6U3, STM32C011F6U6TR, STM32C011J4M3, STM32C011J4M6, STM32C011J6M3, STM32C011J6M6, STM32C0316-DK, STM32C031C4T3, STM32C031C4T6, STM32C031C4U3, STM32C031C4U6, STM32C031C6T3, STM32C031C6T6, STM32C031C6U3, STM32C031C6U6, STM32C031F4P3, STM32C031F4P6, STM32C031F6P3, STM32C031F6P6, STM32C031G4U3, STM32C031G4U6, STM32C031G6U3, STM32C031G6U6, STM32C031K4T3, STM32C031K4T6, STM32C031K4U3, STM32C031K4U6, STM32C031K6T3, STM32C031K6T6, STM32C031K6U3, STM32C031K6U6, STM32G071K8TXN, STM32G071K8UXN, STM32G081GBU6N, STM32G081KBT6N, STM32G081KBUXN, STM32G0B1CCT6N, STM32G0B1KCT6, STM32G0B1NEY6TR, STM32G0B1RCT6N, STM32G0C1CCT6, STM32G0C1CCT6N, STM32G0C1CCU6N, STM32G0C1CET6N, STM32G0C1CEU6N, STM32G0C1KCT6, STM32G0C1NEY6TR, STM32G0C1RCI6N, STM32G0C1RCT6N, STM32G0C1REI6N, STM32G0C1RET6N, STM32G0C1VCI6, STM32G0C1VEI6, STM32G471CCT6, STM32G471CCU6, STM32G471CET3, STM32G471CET6, STM32G471CEU3, STM32G471CEU6, STM32G471MCT6, STM32G471MET3, STM32G471MET6, STM32G471MEY6TR, STM32G471QCT6, STM32G471QET3, STM32G471RCT6, STM32G471RET3, STM32G471RET6, STM32G471VCH6, STM32G471VCI6, STM32G471VCT6, STM32G471VEH3, STM32G471VEH6, STM32G471VEI3, STM32G471VEI6, STM32G471VET3, STM32G471VET6, STM32G474CCT6, STM32H503CBT6, STM32H503CBU6, STM32H503EBY6TR, STM32H503KBU6, STM32H503RBT6, STM32H523CCT6, STM32H523CCU6, STM32H523CET6, STM32H523CEU6, STM32H523HEY6TR, STM32H523RCT6, STM32H523RET6, STM32H523VCI6, STM32H523VCT6, STM32H523VEI6, STM32H523VET6, STM32H523ZCJ6, STM32H523ZCT6, STM32H523ZEJ6, STM32H523ZET6, STM32H533CET6, STM32H533CEU6, STM32H533HEY6TR, STM32H533RET6, STM32H533VEI6, STM32H533VET6, STM32H533ZEJ6, STM32H533ZET6, STM32H562AGI6, STM32H562AII6, STM32H562IGK6, STM32H562IGT6, STM32H562IIK6, STM32H562IIT6, STM32H562RGT6, STM32H562RGV6, STM32H562RIT6, STM32H562RIV6, STM32H562VGT6, STM32H562VIT6, STM32H562ZGT6, STM32H562ZIT6, STM32H563AGI6, STM32H563AII3Q, STM32H563AII6, STM32H563IGK6, STM32H563IGT6, STM32H563IIK3Q, STM32H563IIK6, STM32H563IIT3Q, STM32H563IIT6, STM32H563MIY3QTR, STM32H563RGT6, STM32H563RGV6, STM32H563RIT6, STM32H563RIV6, STM32H563VGT6, STM32H563VIT3Q, STM32H563VIT6, STM32H563ZGT6, STM32H563ZIT3Q, STM32H563ZIT6, STM32H573AII3Q, STM32H573AII6, STM32H573I-DK, STM32H573IIK3Q, STM32H573IIK6, STM32H573IIT3Q, STM32H573IIT6, STM32H573MIY3QTR, STM32H573RIT6, STM32H573RIV6, STM32H573VIT3Q, STM32H573VIT6, STM32H573ZIT3Q, STM32H573ZIT6, STM32H7R3A8I6, STM32H7R3I8K6, STM32H7R3I8T6, STM32H7R3L8H6, STM32H7R3L8H6H, STM32H7R3R8V6, STM32H7R3V8H6, STM32H7R3V8T6, STM32H7R3V8Y6, STM32H7R3Z8J6, STM32H7R3Z8T6, STM32H7R7A8I6, STM32H7R7I8K6, STM32H7R7I8T6, STM32H7R7L8H6, STM32H7R7L8H6H, STM32H7R7Z8J6, STM32H7S3A8I6, STM32H7S3I8K6, STM32H7S3I8T6, STM32H7S3L8H6, STM32H7S3L8H6H, STM32H7S3R8V6, STM32H7S3V8H6, STM32H7S3V8T6, STM32H7S3V8Y6, STM32H7S3Z8J6, STM32H7S3Z8T6, STM32H7S78-DK, STM32H7S7A8I6, STM32H7S7I8K6, STM32H7S7I8T6, STM32H7S7L8H6, STM32H7S7L8H6H, STM32H7S7Z8J6, STM32L4R5QGI6STR, STM32MP131AAE3, STM32MP131AAF3, STM32MP131AAG3, STM32MP131CAE3, STM32MP131CAF3, STM32MP131CAG3, STM32MP131DAE7, STM32MP131DAF7, STM32MP131DAG7, STM32MP131FAE7, STM32MP131FAF7, STM32MP131FAG7, STM32MP133AAE3, STM32MP133AAF3, STM32MP133AAG3, STM32MP133CAE3, STM32MP133CAF3, STM32MP133CAG3, STM32MP133DAE7, STM32MP133DAF7, STM32MP133DAG7, STM32MP133FAE7, STM32MP133FAF7, STM32MP133FAG7, STM32MP135AAE3, STM32MP135AAF3, STM32MP135AAG3, STM32MP135CAE3, STM32MP135CAF3, STM32MP135CAG3, STM32MP135DAE7, STM32MP135DAF7, STM32MP135DAG7, STM32MP135F-DK, STM32MP135FAE7, STM32MP135FAF7, STM32MP135FAF7T, STM32MP135FAF7U, STM32MP135FAG7, STM32U031C6T6, STM32U031C6U6, STM32U031C8T6, STM32U031C8U6, STM32U031F4P6, STM32U031F6P6, STM32U031F8P6, STM32U031G6Y6TR, STM32U031G8Y6TR, STM32U031K4U6, STM32U031K6U6, STM32U031K8U6, STM32U031R6I6, STM32U031R6T6, STM32U031R8I6, STM32U031R8T6, STM32U073C8T6, STM32U073C8U6, STM32U073CBT6, STM32U073CBU6, STM32U073CCT6, STM32U073CCU6, STM32U073H8Y6TR, STM32U073HBY6TR, STM32U073HCY6TR, STM32U073K8U6, STM32U073KBU6, STM32U073KCU6, STM32U073M8I6, STM32U073M8T6, STM32U073MBI6, STM32U073MBT6, STM32U073MCI6, STM32U073MCT6, STM32U073R8I6, STM32U073R8T6, STM32U073RBI6, STM32U073RBT6, STM32U073RCI6, STM32U073RCT6, STM32U083C-DK, STM32U083CCT6, STM32U083CCU6, STM32U083HCY6TR, STM32U083KCU6, STM32U083MCI6, STM32U083MCT6, STM32U083RCI6, STM32U083RCT6, STM32U535CBT6, STM32U535CBT6Q, STM32U535CBU6, STM32U535CBU6Q, STM32U535CCT6, STM32U535CCT6Q, STM32U535CCU6, STM32U535CCU6Q, STM32U535CET6, STM32U535CET6Q, STM32U535CEU6, STM32U535CEU6Q, STM32U535JEY6QTR, STM32U535NCY6QTR, STM32U535NEY6QTR, STM32U535RBI6, STM32U535RBI6Q, STM32U535RBT6, STM32U535RBT6Q, STM32U535RCI6, STM32U535RCI6Q, STM32U535RCT6, STM32U535RCT6Q, STM32U535REI6, STM32U535REI6Q, STM32U535RET6, STM32U535RET6Q, STM32U535VCI6, STM32U535VCI6Q, STM32U535VCT6, STM32U535VCT6Q, STM32U535VEI6, STM32U535VEI6Q, STM32U535VET6, STM32U535VET6Q, STM32U545CET6, STM32U545CET6Q, STM32U545CEU6, STM32U545CEU6Q, STM32U545JEY6QTR, STM32U545NEY6QTR, STM32U545REI6, STM32U545REI6Q, STM32U545RET6, STM32U545RET6Q, STM32U545VEI6, STM32U545VEI6Q, STM32U545VET6, STM32U545VET6Q, STM32U595AIH6, STM32U595AIH6Q, STM32U595AJH6, STM32U595AJH6Q, STM32U595QII6, STM32U595QII6Q, STM32U595QJI6, STM32U595QJI6Q, STM32U595RIT6, STM32U595RIT6Q, STM32U595RJT6, STM32U595RJT6Q, STM32U595VIT6, STM32U595VIT6Q, STM32U595VJT6, STM32U595VJT6Q, STM32U595ZIT6, STM32U595ZIT6Q, STM32U595ZIY6QTR, STM32U595ZJT6, STM32U595ZJT6Q, STM32U595ZJY6QTR, STM32U599BJY6QTR, STM32U599NIH6Q, STM32U599NJH6Q, STM32U599VIT6Q, STM32U599VJT6, STM32U599VJT6Q, STM32U599ZIT6Q, STM32U599ZIY6QTR, STM32U599ZJT6Q, STM32U599ZJY6QTR, STM32U5A5AJH6, STM32U5A5AJH6Q, STM32U5A5QII3Q , STM32U5A5QJI6, STM32U5A5QJI6Q, STM32U5A5RJT6, STM32U5A5RJT6Q, STM32U5A5VJT6, STM32U5A5VJT6Q, STM32U5A5ZJT6, STM32U5A5ZJT6Q, STM32U5A5ZJY6QTR, STM32U5A9BJY6QTR, STM32U5A9J-DK, STM32U5A9NJH6Q, STM32U5A9VJT6Q, STM32U5A9ZJT6Q, STM32U5A9ZJY6QTR, STM32U5F7VIT6, STM32U5F7VIT6Q, STM32U5F7VJT6, STM32U5F7VJT6Q, STM32U5F9BJY6QTR, STM32U5F9NJH6Q, STM32U5F9VIT6Q, STM32U5F9VJT6Q, STM32U5F9ZIJ6QTR, STM32U5F9ZIT6Q, STM32U5F9ZJJ6QTR, STM32U5F9ZJT6Q, STM32U5G7VJT6, STM32U5G7VJT6Q, STM32U5G9BJY6QTR, STM32U5G9J-DK1, STM32U5G9J-DK2, STM32U5G9NJH6Q, STM32U5G9VJT6Q, STM32U5G9ZJJ6QTR, STM32U5G9ZJT6Q, STM32WB1MMCH6, STM32WBA50KEU6, STM32WBA50KEU6TR, STM32WBA50KGU6, STM32WBA50KGU6TR, STM32WBA52CEU6, STM32WBA52CEU6TR, STM32WBA52CEU7, STM32WBA52CEU7TR, STM32WBA52CGU6, STM32WBA52CGU6TR, STM32WBA52CGU6U, STM32WBA52CGU7, STM32WBA52CGU7TR, STM32WBA52KEU6, STM32WBA52KEU6TR, STM32WBA52KGU6, STM32WBA52KGU6TR, STM32WBA54CEU6, STM32WBA54CEU6TR, STM32WBA54CEU7, STM32WBA54CEU7TR, STM32WBA54CGU6, STM32WBA54CGU6TR, STM32WBA54CGU7, STM32WBA54CGU7TR, STM32WBA54KEU6, STM32WBA54KEU6TR, STM32WBA54KEU7, STM32WBA54KEU7TR, STM32WBA54KGU6, STM32WBA54KGU6TR, STM32WBA54KGU7, STM32WBA54KGU7TR, STM32WBA55CEU6, STM32WBA55CEU6TR, STM32WBA55CEU7, STM32WBA55CEU7TR, STM32WBA55CGU6, STM32WBA55CGU6TR, STM32WBA55CGU6U, STM32WBA55CGU7, STM32WBA55CGU7TR, STM32WBA55G-DK1, STM32WBA55HEF6, STM32WBA55HEF7, STM32WBA55HGF6, STM32WBA55HGF7, STM32WBA55UEI6, STM32WBA55UEI6TR, STM32WBA55UEI7, STM32WBA55UEI7TR, STM32WBA55UGI6, STM32WBA55UGI6TR, STM32WBA55UGI7, STM32WBA55UGI7TR, STM32WL5MOCH6, STM32WL5MOCH6TR]
2024-09-04 20:04:42,531 [INFO] DbMcus:218 - Found 4203 MCUs, 4203 are supported
2024-09-04 20:04:42,532 [INFO] ApiDb:423 - Load user favorites file C:\Users\erkan/.stm32cubeide/favorites.mcus.txt: 0 item(s)
2024-09-04 20:04:42,532 [INFO] ApiDb:427 - User favorites MCUs=[]
2024-09-04 20:04:42,532 [INFO] DbMcus:224 - Set 0 / 0 favorites MCUs
2024-09-04 20:04:43,005 [INFO] ApiDb:668 - CubeFinder database Data Model version=2.1
2024-09-04 20:04:43,005 [INFO] ApiDb:669 - CubeFinder database Configuration version=3.0.39
2024-09-04 20:04:43,005 [INFO] ApiDb:670 - CubeFinder database generation date=2024-08-06 (1722941618)
2024-09-04 20:04:43,005 [INFO] ApiDb:671 - CubeFinder database FW Pack versions=[FP-ATR-ASTRA1_V2.0.0, FP-SNS-FLIGHT1_V5.0.2, FP-SNS-MOTENV1_V5.0.0, FP-SNS-MOTENVWB1_V1.4.0, FP-SNS-SMARTAG2_V1.2.0, FP-SNS-STBOX1_V2.0.0, STM32Cube_FW_C0_V1.2.0, STM32Cube_FW_F4_V1.28.0, STM32Cube_FW_F7_V1.17.2, STM32Cube_FW_G0_V1.6.2, STM32Cube_FW_G4_V1.6.0, STM32Cube_FW_H5_V1.3.0, STM32Cube_FW_H7RS_V1.1.0, STM32Cube_FW_H7_V1.11.2, STM32Cube_FW_L0_V1.12.2, STM32Cube_FW_L5_V1.5.1, STM32Cube_FW_U0_V1.1.0, STM32Cube_FW_U5_V1.6.0, STM32Cube_FW_WB0_V1.0.0, STM32Cube_FW_WBA_V1.4.1, STM32Cube_FW_WB_V1.20.0, STM32Cube_FW_WL_V1.3.0, X-CUBE-ALGOBUILD_V1.4.0, X-CUBE-ALS_V1.0.2, X-CUBE-AZRTOS-F4_V1.1.0, X-CUBE-AZRTOS-F7_V1.1.0, X-CUBE-AZRTOS-G0_V1.1.0, X-CUBE-AZRTOS-G4_V2.0.0, X-CUBE-AZRTOS-H7RS_V1.0.0, X-CUBE-AZRTOS-H7_V3.2.0, X-CUBE-AZRTOS-L4_V2.0.0, X-CUBE-AZRTOS-L5_V1.1.0, X-CUBE-AZRTOS-WB_V2.0.0, X-CUBE-AZRTOS-WL_V2.0.0, X-CUBE-BLE1_V7.0.0, X-CUBE-BLE2_V3.3.0, X-CUBE-BLEMGR_V3.1.0, X-CUBE-EEPRMA1_V5.1.0, X-CUBE-FREERTOS_V1.2.0, X-CUBE-GNSS1_V6.0.0, X-CUBE-MEMS1_V10.0.0, X-CUBE-NFC4_V3.0.0, X-CUBE-NFC7_V1.0.1, X-CUBE-SFXS2LP1_V4.0.0, X-CUBE-SUBG2_V5.0.0, X-CUBE-TOF1_V3.4.2]
2024-09-04 20:04:43,091 [INFO] DbBoardsSqlite:226 - include board P-NUCLEO-WB55-NUCLEO as a kit item of type 'Nucleo-64'
2024-09-04 20:04:43,092 [INFO] DbBoardsSqlite:226 - include board P-NUCLEO-WB55-USBDONGLE as a kit item of type 'Nucleo USB Dongle'
2024-09-04 20:04:43,092 [INFO] DbBoardsSqlite:226 - include board STEVAL-IDP005V1 as a kit item of type 'Evaluation Board'
2024-09-04 20:04:43,092 [INFO] DbBoardsSqlite:226 - include board STEVAL-IDP005V2 as a kit item of type 'Evaluation Board'
2024-09-04 20:04:43,162 [INFO] ApiDb:240 - Found 483 in-development CPN: [B-G473E-ZEST1S, B-WB1M-WPAN1, B-WL5M-SUBG1, NUCLEO-C031C6, NUCLEO-H503RB, NUCLEO-H533RE, NUCLEO-H563ZI, NUCLEO-H7S3L8, NUCLEO-U031R8, NUCLEO-U083RC, NUCLEO-U545RE-Q, NUCLEO-U5A5ZJ-Q, NUCLEO-WBA52CG, NUCLEO-WBA55CG, STEVAL-PROTEUS1, STEVAL-SMARTAG2, STEVAL-STWINBX1, STM320518-EVAL, STM32C0116-DK, STM32C011D6Y3TR, STM32C011D6Y6TR, STM32C011F4P3, STM32C011F4P6, STM32C011F4U3, STM32C011F4U6TR, STM32C011F6P3, STM32C011F6P6, STM32C011F6U3, STM32C011F6U6TR, STM32C011J4M3, STM32C011J4M6, STM32C011J6M3, STM32C011J6M6, STM32C0316-DK, STM32C031C4T3, STM32C031C4T6, STM32C031C4U3, STM32C031C4U6, STM32C031C6T3, STM32C031C6T6, STM32C031C6U3, STM32C031C6U6, STM32C031F4P3, STM32C031F4P6, STM32C031F6P3, STM32C031F6P6, STM32C031G4U3, STM32C031G4U6, STM32C031G6U3, STM32C031G6U6, STM32C031K4T3, STM32C031K4T6, STM32C031K4U3, STM32C031K4U6, STM32C031K6T3, STM32C031K6T6, STM32C031K6U3, STM32C031K6U6, STM32G071K8TXN, STM32G071K8UXN, STM32G081GBU6N, STM32G081KBT6N, STM32G081KBUXN, STM32G0B1CCT6N, STM32G0B1KCT6, STM32G0B1NEY6TR, STM32G0B1RCT6N, STM32G0C1CCT6, STM32G0C1CCT6N, STM32G0C1CCU6N, STM32G0C1CET6N, STM32G0C1CEU6N, STM32G0C1KCT6, STM32G0C1NEY6TR, STM32G0C1RCI6N, STM32G0C1RCT6N, STM32G0C1REI6N, STM32G0C1RET6N, STM32G0C1VCI6, STM32G0C1VEI6, STM32G471CCT6, STM32G471CCU6, STM32G471CET3, STM32G471CET6, STM32G471CEU3, STM32G471CEU6, STM32G471MCT6, STM32G471MET3, STM32G471MET6, STM32G471MEY6TR, STM32G471QCT6, STM32G471QET3, STM32G471RCT6, STM32G471RET3, STM32G471RET6, STM32G471VCH6, STM32G471VCI6, STM32G471VCT6, STM32G471VEH3, STM32G471VEH6, STM32G471VEI3, STM32G471VEI6, STM32G471VET3, STM32G471VET6, STM32G474CCT6, STM32H503CBT6, STM32H503CBU6, STM32H503EBY6TR, STM32H503KBU6, STM32H503RBT6, STM32H523CCT6, STM32H523CCU6, STM32H523CET6, STM32H523CEU6, STM32H523HEY6TR, STM32H523RCT6, STM32H523RET6, STM32H523VCI6, STM32H523VCT6, STM32H523VEI6, STM32H523VET6, STM32H523ZCJ6, STM32H523ZCT6, STM32H523ZEJ6, STM32H523ZET6, STM32H533CET6, STM32H533CEU6, STM32H533HEY6TR, STM32H533RET6, STM32H533VEI6, STM32H533VET6, STM32H533ZEJ6, STM32H533ZET6, STM32H562AGI6, STM32H562AII6, STM32H562IGK6, STM32H562IGT6, STM32H562IIK6, STM32H562IIT6, STM32H562RGT6, STM32H562RGV6, STM32H562RIT6, STM32H562RIV6, STM32H562VGT6, STM32H562VIT6, STM32H562ZGT6, STM32H562ZIT6, STM32H563AGI6, STM32H563AII3Q, STM32H563AII6, STM32H563IGK6, STM32H563IGT6, STM32H563IIK3Q, STM32H563IIK6, STM32H563IIT3Q, STM32H563IIT6, STM32H563MIY3QTR, STM32H563RGT6, STM32H563RGV6, STM32H563RIT6, STM32H563RIV6, STM32H563VGT6, STM32H563VIT3Q, STM32H563VIT6, STM32H563ZGT6, STM32H563ZIT3Q, STM32H563ZIT6, STM32H573AII3Q, STM32H573AII6, STM32H573I-DK, STM32H573IIK3Q, STM32H573IIK6, STM32H573IIT3Q, STM32H573IIT6, STM32H573MIY3QTR, STM32H573RIT6, STM32H573RIV6, STM32H573VIT3Q, STM32H573VIT6, STM32H573ZIT3Q, STM32H573ZIT6, STM32H7R3A8I6, STM32H7R3I8K6, STM32H7R3I8T6, STM32H7R3L8H6, STM32H7R3L8H6H, STM32H7R3R8V6, STM32H7R3V8H6, STM32H7R3V8T6, STM32H7R3V8Y6, STM32H7R3Z8J6, STM32H7R3Z8T6, STM32H7R7A8I6, STM32H7R7I8K6, STM32H7R7I8T6, STM32H7R7L8H6, STM32H7R7L8H6H, STM32H7R7Z8J6, STM32H7S3A8I6, STM32H7S3I8K6, STM32H7S3I8T6, STM32H7S3L8H6, STM32H7S3L8H6H, STM32H7S3R8V6, STM32H7S3V8H6, STM32H7S3V8T6, STM32H7S3V8Y6, STM32H7S3Z8J6, STM32H7S3Z8T6, STM32H7S78-DK, STM32H7S7A8I6, STM32H7S7I8K6, STM32H7S7I8T6, STM32H7S7L8H6, STM32H7S7L8H6H, STM32H7S7Z8J6, STM32L4R5QGI6STR, STM32MP131AAE3, STM32MP131AAF3, STM32MP131AAG3, STM32MP131CAE3, STM32MP131CAF3, STM32MP131CAG3, STM32MP131DAE7, STM32MP131DAF7, STM32MP131DAG7, STM32MP131FAE7, STM32MP131FAF7, STM32MP131FAG7, STM32MP133AAE3, STM32MP133AAF3, STM32MP133AAG3, STM32MP133CAE3, STM32MP133CAF3, STM32MP133CAG3, STM32MP133DAE7, STM32MP133DAF7, STM32MP133DAG7, STM32MP133FAE7, STM32MP133FAF7, STM32MP133FAG7, STM32MP135AAE3, STM32MP135AAF3, STM32MP135AAG3, STM32MP135CAE3, STM32MP135CAF3, STM32MP135CAG3, STM32MP135DAE7, STM32MP135DAF7, STM32MP135DAG7, STM32MP135F-DK, STM32MP135FAE7, STM32MP135FAF7, STM32MP135FAF7T, STM32MP135FAF7U, STM32MP135FAG7, STM32U031C6T6, STM32U031C6U6, STM32U031C8T6, STM32U031C8U6, STM32U031F4P6, STM32U031F6P6, STM32U031F8P6, STM32U031G6Y6TR, STM32U031G8Y6TR, STM32U031K4U6, STM32U031K6U6, STM32U031K8U6, STM32U031R6I6, STM32U031R6T6, STM32U031R8I6, STM32U031R8T6, STM32U073C8T6, STM32U073C8U6, STM32U073CBT6, STM32U073CBU6, STM32U073CCT6, STM32U073CCU6, STM32U073H8Y6TR, STM32U073HBY6TR, STM32U073HCY6TR, STM32U073K8U6, STM32U073KBU6, STM32U073KCU6, STM32U073M8I6, STM32U073M8T6, STM32U073MBI6, STM32U073MBT6, STM32U073MCI6, STM32U073MCT6, STM32U073R8I6, STM32U073R8T6, STM32U073RBI6, STM32U073RBT6, STM32U073RCI6, STM32U073RCT6, STM32U083C-DK, STM32U083CCT6, STM32U083CCU6, STM32U083HCY6TR, STM32U083KCU6, STM32U083MCI6, STM32U083MCT6, STM32U083RCI6, STM32U083RCT6, STM32U535CBT6, STM32U535CBT6Q, STM32U535CBU6, STM32U535CBU6Q, STM32U535CCT6, STM32U535CCT6Q, STM32U535CCU6, STM32U535CCU6Q, STM32U535CET6, STM32U535CET6Q, STM32U535CEU6, STM32U535CEU6Q, STM32U535JEY6QTR, STM32U535NCY6QTR, STM32U535NEY6QTR, STM32U535RBI6, STM32U535RBI6Q, STM32U535RBT6, STM32U535RBT6Q, STM32U535RCI6, STM32U535RCI6Q, STM32U535RCT6, STM32U535RCT6Q, STM32U535REI6, STM32U535REI6Q, STM32U535RET6, STM32U535RET6Q, STM32U535VCI6, STM32U535VCI6Q, STM32U535VCT6, STM32U535VCT6Q, STM32U535VEI6, STM32U535VEI6Q, STM32U535VET6, STM32U535VET6Q, STM32U545CET6, STM32U545CET6Q, STM32U545CEU6, STM32U545CEU6Q, STM32U545JEY6QTR, STM32U545NEY6QTR, STM32U545REI6, STM32U545REI6Q, STM32U545RET6, STM32U545RET6Q, STM32U545VEI6, STM32U545VEI6Q, STM32U545VET6, STM32U545VET6Q, STM32U595AIH6, STM32U595AIH6Q, STM32U595AJH6, STM32U595AJH6Q, STM32U595QII6, STM32U595QII6Q, STM32U595QJI6, STM32U595QJI6Q, STM32U595RIT6, STM32U595RIT6Q, STM32U595RJT6, STM32U595RJT6Q, STM32U595VIT6, STM32U595VIT6Q, STM32U595VJT6, STM32U595VJT6Q, STM32U595ZIT6, STM32U595ZIT6Q, STM32U595ZIY6QTR, STM32U595ZJT6, STM32U595ZJT6Q, STM32U595ZJY6QTR, STM32U599BJY6QTR, STM32U599NIH6Q, STM32U599NJH6Q, STM32U599VIT6Q, STM32U599VJT6, STM32U599VJT6Q, STM32U599ZIT6Q, STM32U599ZIY6QTR, STM32U599ZJT6Q, STM32U599ZJY6QTR, STM32U5A5AJH6, STM32U5A5AJH6Q, STM32U5A5QII3Q , STM32U5A5QJI6, STM32U5A5QJI6Q, STM32U5A5RJT6, STM32U5A5RJT6Q, STM32U5A5VJT6, STM32U5A5VJT6Q, STM32U5A5ZJT6, STM32U5A5ZJT6Q, STM32U5A5ZJY6QTR, STM32U5A9BJY6QTR, STM32U5A9J-DK, STM32U5A9NJH6Q, STM32U5A9VJT6Q, STM32U5A9ZJT6Q, STM32U5A9ZJY6QTR, STM32U5F7VIT6, STM32U5F7VIT6Q, STM32U5F7VJT6, STM32U5F7VJT6Q, STM32U5F9BJY6QTR, STM32U5F9NJH6Q, STM32U5F9VIT6Q, STM32U5F9VJT6Q, STM32U5F9ZIJ6QTR, STM32U5F9ZIT6Q, STM32U5F9ZJJ6QTR, STM32U5F9ZJT6Q, STM32U5G7VJT6, STM32U5G7VJT6Q, STM32U5G9BJY6QTR, STM32U5G9J-DK1, STM32U5G9J-DK2, STM32U5G9NJH6Q, STM32U5G9VJT6Q, STM32U5G9ZJJ6QTR, STM32U5G9ZJT6Q, STM32WB1MMCH6, STM32WBA50KEU6, STM32WBA50KEU6TR, STM32WBA50KGU6, STM32WBA50KGU6TR, STM32WBA52CEU6, STM32WBA52CEU6TR, STM32WBA52CEU7, STM32WBA52CEU7TR, STM32WBA52CGU6, STM32WBA52CGU6TR, STM32WBA52CGU6U, STM32WBA52CGU7, STM32WBA52CGU7TR, STM32WBA52KEU6, STM32WBA52KEU6TR, STM32WBA52KGU6, STM32WBA52KGU6TR, STM32WBA54CEU6, STM32WBA54CEU6TR, STM32WBA54CEU7, STM32WBA54CEU7TR, STM32WBA54CGU6, STM32WBA54CGU6TR, STM32WBA54CGU7, STM32WBA54CGU7TR, STM32WBA54KEU6, STM32WBA54KEU6TR, STM32WBA54KEU7, STM32WBA54KEU7TR, STM32WBA54KGU6, STM32WBA54KGU6TR, STM32WBA54KGU7, STM32WBA54KGU7TR, STM32WBA55CEU6, STM32WBA55CEU6TR, STM32WBA55CEU7, STM32WBA55CEU7TR, STM32WBA55CGU6, STM32WBA55CGU6TR, STM32WBA55CGU6U, STM32WBA55CGU7, STM32WBA55CGU7TR, STM32WBA55G-DK1, STM32WBA55HEF6, STM32WBA55HEF7, STM32WBA55HGF6, STM32WBA55HGF7, STM32WBA55UEI6, STM32WBA55UEI6TR, STM32WBA55UEI7, STM32WBA55UEI7TR, STM32WBA55UGI6, STM32WBA55UGI6TR, STM32WBA55UGI7, STM32WBA55UGI7TR, STM32WL5MOCH6, STM32WL5MOCH6TR]
2024-09-04 20:04:43,301 [INFO] BoardInfo:889 - No configuration file found for board NUCLEO-WB05KZ
2024-09-04 20:04:43,301 [INFO] DbBoards:161 - Board is not supported: NUCLEO-WB05KZ
2024-09-04 20:04:43,303 [INFO] BoardInfo:889 - No configuration file found for board NUCLEO-WB07CC
2024-09-04 20:04:43,304 [INFO] DbBoards:161 - Board is not supported: NUCLEO-WB07CC
2024-09-04 20:04:43,305 [INFO] BoardInfo:889 - No configuration file found for board NUCLEO-WB09KE
2024-09-04 20:04:43,306 [INFO] DbBoards:161 - Board is not supported: NUCLEO-WB09KE
2024-09-04 20:04:43,324 [INFO] BoardInfo:889 - No configuration file found for board P-NUCLEO-WB55
2024-09-04 20:04:43,324 [INFO] DbBoards:161 - Kit is not supported: P-NUCLEO-WB55
2024-09-04 20:04:43,332 [INFO] BoardInfo:889 - No configuration file found for board STEVAL-BFA001V1B
2024-09-04 20:04:43,333 [INFO] DbBoards:161 - Kit is not supported: STEVAL-BFA001V1B
2024-09-04 20:04:43,334 [INFO] BoardInfo:889 - No configuration file found for board STEVAL-BFA001V2B
2024-09-04 20:04:43,335 [INFO] DbBoards:161 - Kit is not supported: STEVAL-BFA001V2B
2024-09-04 20:04:43,516 [INFO] BoardInfo:889 - No configuration file found for board STM32MP257F-DK
2024-09-04 20:04:43,516 [INFO] DbBoards:161 - Board is not supported: STM32MP257F-DK
2024-09-04 20:04:43,518 [INFO] BoardInfo:889 - No configuration file found for board STM32MP257F-EV1
2024-09-04 20:04:43,518 [INFO] DbBoards:161 - Board is not supported: STM32MP257F-EV1
2024-09-04 20:04:43,531 [INFO] DbBoards:168 - Found 200 boards, 192 are supported
2024-09-04 20:04:43,531 [INFO] DbBoards:169 - Found 200 boards, 8 of them is supported for  Bsp
2024-09-04 20:04:43,553 [INFO] ApiDb:423 - Load user favorites file C:\Users\erkan/.stm32cubeide/favorites.boards.txt: 0 item(s)
2024-09-04 20:04:43,553 [INFO] ApiDb:427 - User favorites Boards=[]
2024-09-04 20:04:43,553 [INFO] DbBoards:198 - Set 0 / 0 favorites Boards
2024-09-04 20:04:43,557 [INFO] ApiDb:668 - CubeFinder database Data Model version=2.1
2024-09-04 20:04:43,557 [INFO] ApiDb:669 - CubeFinder database Configuration version=3.0.39
2024-09-04 20:04:43,557 [INFO] ApiDb:670 - CubeFinder database generation date=2024-08-06 (1722941618)
2024-09-04 20:04:43,558 [INFO] ApiDb:671 - CubeFinder database FW Pack versions=[FP-ATR-ASTRA1_V2.0.0, FP-SNS-FLIGHT1_V5.0.2, FP-SNS-MOTENV1_V5.0.0, FP-SNS-MOTENVWB1_V1.4.0, FP-SNS-SMARTAG2_V1.2.0, FP-SNS-STBOX1_V2.0.0, STM32Cube_FW_C0_V1.2.0, STM32Cube_FW_F4_V1.28.0, STM32Cube_FW_F7_V1.17.2, STM32Cube_FW_G0_V1.6.2, STM32Cube_FW_G4_V1.6.0, STM32Cube_FW_H5_V1.3.0, STM32Cube_FW_H7RS_V1.1.0, STM32Cube_FW_H7_V1.11.2, STM32Cube_FW_L0_V1.12.2, STM32Cube_FW_L5_V1.5.1, STM32Cube_FW_U0_V1.1.0, STM32Cube_FW_U5_V1.6.0, STM32Cube_FW_WB0_V1.0.0, STM32Cube_FW_WBA_V1.4.1, STM32Cube_FW_WB_V1.20.0, STM32Cube_FW_WL_V1.3.0, X-CUBE-ALGOBUILD_V1.4.0, X-CUBE-ALS_V1.0.2, X-CUBE-AZRTOS-F4_V1.1.0, X-CUBE-AZRTOS-F7_V1.1.0, X-CUBE-AZRTOS-G0_V1.1.0, X-CUBE-AZRTOS-G4_V2.0.0, X-CUBE-AZRTOS-H7RS_V1.0.0, X-CUBE-AZRTOS-H7_V3.2.0, X-CUBE-AZRTOS-L4_V2.0.0, X-CUBE-AZRTOS-L5_V1.1.0, X-CUBE-AZRTOS-WB_V2.0.0, X-CUBE-AZRTOS-WL_V2.0.0, X-CUBE-BLE1_V7.0.0, X-CUBE-BLE2_V3.3.0, X-CUBE-BLEMGR_V3.1.0, X-CUBE-EEPRMA1_V5.1.0, X-CUBE-FREERTOS_V1.2.0, X-CUBE-GNSS1_V6.0.0, X-CUBE-MEMS1_V10.0.0, X-CUBE-NFC4_V3.0.0, X-CUBE-NFC7_V1.0.1, X-CUBE-SFXS2LP1_V4.0.0, X-CUBE-SUBG2_V5.0.0, X-CUBE-TOF1_V3.4.2]
2024-09-04 20:04:44,544 [ERROR] DbExamplesSqlite:437 - Missing JSON key: board_cpn
2024-09-04 20:04:44,544 [ERROR] DbExamplesSqlite:437 - Missing JSON key: board_cpn
2024-09-04 20:04:44,545 [ERROR] DbExamplesSqlite:437 - Missing JSON key: board_cpn
2024-09-04 20:04:44,545 [ERROR] DbExamplesSqlite:437 - Missing JSON key: board_cpn
2024-09-04 20:04:44,735 [ERROR] DbExamplesSqlite:437 - Missing JSON key: board_cpn
2024-09-04 20:04:44,735 [ERROR] DbExamplesSqlite:437 - Missing JSON key: board_cpn
2024-09-04 20:04:44,735 [ERROR] DbExamplesSqlite:437 - Missing JSON key: board_cpn
2024-09-04 20:04:44,735 [ERROR] DbExamplesSqlite:437 - Missing JSON key: board_cpn
2024-09-04 20:04:44,736 [ERROR] DbExamplesSqlite:437 - Missing JSON key: board_cpn
2024-09-04 20:04:44,736 [ERROR] DbExamplesSqlite:437 - Missing JSON key: board_cpn
2024-09-04 20:04:44,736 [ERROR] DbExamplesSqlite:437 - Missing JSON key: board_cpn
2024-09-04 20:04:44,736 [ERROR] DbExamplesSqlite:437 - Missing JSON key: board_cpn
2024-09-04 20:04:44,736 [ERROR] DbExamplesSqlite:437 - Missing JSON key: board_cpn
2024-09-04 20:04:44,737 [INFO] DbExamplesSqlite:395 - Ignored 28 examples not supported by CubeIDE
2024-09-04 20:04:44,737 [INFO] DbExamplesSqlite:396 - Found 8608 examples active
2024-09-04 20:04:44,737 [INFO] DbExamplesSqlite:397 - Found 0 examples obsolete
2024-09-04 20:04:44,737 [INFO] DbExamplesSqlite:398 - Found 0 examples under development
2024-09-04 20:04:44,739 [INFO] DbExamplesSqlite:399 - Found 10 examples not building
2024-09-04 20:04:44,741 [INFO] DbExamples:125 - Found 8590 examples
2024-09-04 20:04:44,811 [ERROR] DbExamples:208 - Found 308 examples with invalid data (board or MCU)
2024-09-04 20:04:44,812 [INFO] DbExamples:222 - Found 107 boards with related examples
2024-09-04 20:04:44,813 [INFO] DbExamples:235 - Found 86 MCUs with related examples
2024-09-04 20:04:44,839 [INFO] ApiDb:414 - User favorites file not found: C:\Users\erkan/.stm32cubeide/favorites.examples.txt
2024-09-04 20:04:44,839 [INFO] DbExamples:250 - Set 0 / 0 favorites Examples
2024-09-04 20:04:45,274 [INFO] McuFinderGlobals:76 - Set McuFinderConnectedMode to true
2024-09-04 20:04:45,288 [INFO] MultiScanPanel:200 - Auto-refresh data requested => check proxy status ongoing
2024-09-04 20:04:45,292 [INFO] FinderPluginLoader:95 - Searching for filters in installed packs
2024-09-04 20:04:47,218 [INFO] LoadUrlFilesThread:185 - End of LoadServerUrlFiles without Thread
2024-09-04 20:04:47,235 [INFO] DetailPanel:341 - Set advertising image to C:/Users/erkan/STM32Cube/Repository/\en.prom-stm32h7rs-mcu-finder.jpg
2024-09-04 20:04:51,184 [INFO] MultiScanPanel:200 - Auto-refresh data requested => check proxy status ongoing
2024-09-04 20:04:51,428 [INFO] LoadUrlFilesThread:185 - End of LoadServerUrlFiles without Thread
2024-09-04 20:04:51,429 [INFO] DetailPanel:341 - Set advertising image to C:/Users/erkan/STM32Cube/Repository/\en.prom-stm32h7rs-mcu-finder.jpg
2024-09-04 20:04:51,442 [INFO] DbBoards:642 - Loading board mini-images...
2024-09-04 20:04:52,928 [ERROR] DbBoards:659 - Image file not found for board NUCLEO-WB05KZ: C:\Users\erkan\.stmcufinder\plugins\mcufinder//mcu//boards_images/NUCLEO-WB05KZ.jpg
2024-09-04 20:04:54,374 [INFO] DbBoards:665 - Loaded 199 board mini-images
2024-09-04 20:05:34,131 [INFO] MainUpdater:2873 - connection check result : 10
2024-09-04 20:05:34,133 [INFO] MainUpdater:2873 - connection check result : 10
2024-09-04 20:05:34,181 [INFO] MicroXplorer:468 - Change Database Path : 
2024-09-04 20:05:34,181 [INFO] MicroXplorer:498 - Change Database Version : DB.6.0.111
2024-09-04 20:05:34,189 [WARN] ThirdParty:871 - waiting for thirdparty lock release [close project]
2024-09-04 20:05:34,189 [INFO] ThirdParty:873 - entering critical section [close project]
2024-09-04 20:05:34,192 [INFO] ThirdParty:883 - exiting critical section [close project]
2024-09-04 20:05:34,197 [INFO] PinOutPanel:1561 - setPackage(No Configuration,No Configuration)
2024-09-04 20:05:34,204 [INFO] UtilMem:75 - Begin LoadConfig() Used Memory: 920681744 Bytes (1073741824)
2024-09-04 20:05:34,205 [INFO] MicroXplorer:468 - Change Database Path : 
2024-09-04 20:05:34,207 [INFO] MicroXplorer:498 - Change Database Version : DB.6.0.111
2024-09-04 20:05:34,207 [INFO] OpenFileManager:312 - Change cursor
2024-09-04 20:05:34,352 [INFO] Mcu:2021 - Initializing MCU STM32F407VGTx STM32F407VGTx STM32F407VGT6
2024-09-04 20:05:37,810 [INFO] Context:663 - Trying to add GPIOservice into a context  which must be forbidden
2024-09-04 20:05:38,434 [INFO] ImportTextPane:194 - (OptionalMessage_ERROR) Unable to find key (Mcu.ThirdPartyNb) in loaded IOC file
2024-09-04 20:05:38,434 [INFO] ImportTextPane:194 - (OptionalMessage_ERROR) Unable to find key (Mcu.PinsNb) in loaded IOC file
2024-09-04 20:05:38,434 [INFO] ImportTextPane:194 - (OptionalMessage_ERROR) Unable to find key (Mcu.IPNb) in loaded IOC file
2024-09-04 20:05:38,869 [INFO] RtosManager:555 - Registered RTOS mode: class=CMSIS, group=RTOS, mode=CMSIS_V1, owner=FREERTOS
2024-09-04 20:05:38,869 [INFO] RtosManager:555 - Registered RTOS mode: class=CMSIS, group=RTOS2, mode=CMSIS_V2, owner=FREERTOS
2024-09-04 20:05:38,869 [INFO] RtosManager:555 - Registered RTOS mode: class=RTOS, group=Core, mode=CMSIS_V1, owner=FREERTOS
2024-09-04 20:05:38,869 [INFO] RtosManager:555 - Registered RTOS mode: class=RTOS, group=Core, mode=CMSIS_V2, owner=FREERTOS
2024-09-04 20:05:38,869 [WARN] ModelIntegratedComponent:184 - Missing modes for component STMicroelectronics:FreeRTOS:0.0.1:STMicroelectronics:RTOS:FreeRTOS:Core:::10.2.0:
2024-09-04 20:05:38,876 [WARN] ModelIntegratedComponent:63 - No mode defined for component null
2024-09-04 20:05:38,876 [WARN] ModelIntegratedComponent:63 - No mode defined for component null
2024-09-04 20:05:38,876 [WARN] ModelIntegratedComponent:63 - No mode defined for component null
2024-09-04 20:05:38,876 [WARN] ModelIntegratedComponent:63 - No mode defined for component null
2024-09-04 20:05:38,876 [WARN] ModelIntegratedComponent:63 - No mode defined for component null
2024-09-04 20:05:38,876 [WARN] ModelIntegratedComponent:63 - No mode defined for component null
2024-09-04 20:05:38,877 [WARN] ModelIntegratedComponent:63 - No mode defined for component null
2024-09-04 20:05:38,877 [WARN] ModelIntegratedComponent:63 - No mode defined for component null
2024-09-04 20:05:38,877 [WARN] ModelIntegratedComponent:63 - No mode defined for component null
2024-09-04 20:05:38,877 [WARN] ModelIntegratedComponent:63 - No mode defined for component null
2024-09-04 20:05:38,877 [WARN] ModelIntegratedComponent:63 - No mode defined for component null
2024-09-04 20:05:38,877 [WARN] ModelIntegratedComponent:63 - No mode defined for component null
2024-09-04 20:05:38,877 [WARN] ModelIntegratedComponent:63 - No mode defined for component null
2024-09-04 20:05:38,877 [WARN] ModelIntegratedComponent:63 - No mode defined for component null
2024-09-04 20:05:38,877 [WARN] ModelIntegratedComponent:63 - No mode defined for component null
2024-09-04 20:05:38,877 [WARN] ModelIntegratedComponent:63 - No mode defined for component null
2024-09-04 20:05:38,877 [WARN] ModelIntegratedComponent:63 - No mode defined for component null
2024-09-04 20:05:38,877 [WARN] ModelIntegratedComponent:63 - No mode defined for component null
2024-09-04 20:05:38,877 [WARN] ModelIntegratedComponent:63 - No mode defined for component null
2024-09-04 20:05:38,877 [WARN] ModelIntegratedComponent:63 - No mode defined for component null
2024-09-04 20:05:38,877 [WARN] ModelIntegratedComponent:63 - No mode defined for component null
2024-09-04 20:05:38,878 [WARN] ModelIntegratedComponent:63 - No mode defined for component null
2024-09-04 20:05:38,878 [WARN] ModelIntegratedComponent:63 - No mode defined for component null
2024-09-04 20:05:38,878 [WARN] ModelIntegratedComponent:63 - No mode defined for component null
2024-09-04 20:05:38,878 [WARN] ModelIntegratedComponent:63 - No mode defined for component null
2024-09-04 20:05:38,878 [WARN] ModelIntegratedComponent:63 - No mode defined for component null
2024-09-04 20:05:38,878 [WARN] ModelIntegratedComponent:63 - No mode defined for component null
2024-09-04 20:05:38,878 [WARN] ModelIntegratedComponent:63 - No mode defined for component null
2024-09-04 20:05:38,878 [WARN] ModelIntegratedComponent:63 - No mode defined for component null
2024-09-04 20:05:38,878 [WARN] ModelIntegratedComponent:63 - No mode defined for component null
2024-09-04 20:05:38,878 [WARN] ModelIntegratedComponent:63 - No mode defined for component null
2024-09-04 20:05:38,878 [WARN] ModelIntegratedComponent:63 - No mode defined for component null
2024-09-04 20:05:38,878 [WARN] ModelIntegratedComponent:63 - No mode defined for component null
2024-09-04 20:05:38,878 [WARN] ModelIntegratedComponent:63 - No mode defined for component null
2024-09-04 20:05:39,216 [INFO] ThirdPartyModel:298 - Start build external matchings
2024-09-04 20:05:42,225 [INFO] ThirdPartyModel:316 - End build external matchings
2024-09-04 20:05:42,741 [INFO] UtilMem:75 - End LoadConfig() Used Memory: 898120240 Bytes (1073741824)
2024-09-04 20:05:42,771 [WARN] ThirdParty:833 - waiting for thirdparty lock release [change project]
2024-09-04 20:05:42,771 [INFO] ThirdParty:835 - entering critical section [change project]
2024-09-04 20:05:42,771 [INFO] ThirdParty:1030 - CMSIS Pack Vendor :STMicroelectronics USBPD 4.1
2024-09-04 20:05:42,771 [INFO] ThirdParty:1030 - CMSIS Pack Vendor :STMicroelectronics X-CUBE-GNSS1 6.0.0
2024-09-04 20:05:42,771 [INFO] ThirdParty:1030 - CMSIS Pack Vendor :STMicroelectronics USB_HOST 2.0.0
2024-09-04 20:05:42,772 [INFO] ThirdParty:1030 - CMSIS Pack Vendor :STMicroelectronics FP-SNS-MOTENVWB1 1.4.0
2024-09-04 20:05:42,772 [INFO] ThirdParty:1030 - CMSIS Pack Vendor :STMicroelectronics X-CUBE-AZRTOS-F4 1.1.0
2024-09-04 20:05:42,772 [INFO] ThirdParty:1030 - CMSIS Pack Vendor :STMicroelectronics LIBJPEG 8.0.0
2024-09-04 20:05:42,772 [INFO] ThirdParty:1030 - CMSIS Pack Vendor :STMicroelectronics X-CUBE-SMBUS 2.1.0
2024-09-04 20:05:42,772 [INFO] ThirdParty:1030 - CMSIS Pack Vendor :STMicroelectronics X-CUBE-FREERTOS 1.2.0
2024-09-04 20:05:42,772 [INFO] ThirdParty:1030 - CMSIS Pack Vendor :STMicroelectronics X-CUBE-TOUCHGFX 4.23.0
2024-09-04 20:05:42,772 [INFO] ThirdParty:1030 - CMSIS Pack Vendor :STMicroelectronics X-CUBE-TOUCHGFX 4.23.2
2024-09-04 20:05:42,772 [INFO] ThirdParty:1030 - CMSIS Pack Vendor :STMicroelectronics X-CUBE-AZRTOS-F7 1.1.0
2024-09-04 20:05:42,772 [INFO] ThirdParty:1030 - CMSIS Pack Vendor :STMicroelectronics X-CUBE-AZRTOS-L5 2.0.0
2024-09-04 20:05:42,772 [INFO] ThirdParty:1030 - CMSIS Pack Vendor :STMicroelectronics USB_DEVICE 2.0.0
2024-09-04 20:05:42,772 [INFO] ThirdParty:1030 - CMSIS Pack Vendor :STMicroelectronics X-CUBE-MEMS1 9.6.0
2024-09-04 20:05:42,772 [INFO] ThirdParty:1030 - CMSIS Pack Vendor :STMicroelectronics X-CUBE-EEPRMA1 4.2.0
2024-09-04 20:05:42,772 [INFO] ThirdParty:1030 - CMSIS Pack Vendor :STMicroelectronics X-CUBE-NFC6 3.1.0
2024-09-04 20:05:42,772 [INFO] ThirdParty:1030 - CMSIS Pack Vendor :ITTIA_DB I-CUBE-ITTIADB 8.8.0
2024-09-04 20:05:42,772 [INFO] ThirdParty:1030 - CMSIS Pack Vendor :STMicroelectronics FP-SNS-MOTENV1 4.3.2
2024-09-04 20:05:42,772 [INFO] ThirdParty:1030 - CMSIS Pack Vendor :STMicroelectronics X-CUBE-MEMS1 11.0.0
2024-09-04 20:05:42,772 [INFO] ThirdParty:1030 - CMSIS Pack Vendor :STMicroelectronics X-CUBE-BLE1 6.2.4
2024-09-04 20:05:42,772 [INFO] ThirdParty:1030 - CMSIS Pack Vendor :STMicroelectronics FreeRTOS 0.0.1
2024-09-04 20:05:42,772 [INFO] ThirdParty:1030 - CMSIS Pack Vendor :emotas I-CUBE-CANOPEN 1.1.3
2024-09-04 20:05:42,772 [INFO] ThirdParty:1030 - CMSIS Pack Vendor :STMicroelectronics X-CUBE-BLEMGR 2.0.0
2024-09-04 20:05:42,772 [INFO] ThirdParty:1030 - CMSIS Pack Vendor :STMicroelectronics X-CUBE-DPower 1.2.0
2024-09-04 20:05:42,772 [INFO] ThirdParty:1030 - CMSIS Pack Vendor :STMicroelectronics FP-SNS-FLIGHT1 5.0.2
2024-09-04 20:05:42,772 [INFO] ThirdParty:1030 - CMSIS Pack Vendor :STMicroelectronics X-CUBE-AI 9.0.0
2024-09-04 20:05:42,772 [INFO] ThirdParty:1030 - CMSIS Pack Vendor :STMicroelectronics X-CUBE-AZRTOS-H7 3.1.0
2024-09-04 20:05:42,772 [INFO] ThirdParty:1030 - CMSIS Pack Vendor :STMicroelectronics PDM2PCM 3.3.0
2024-09-04 20:05:42,773 [INFO] ThirdParty:1030 - CMSIS Pack Vendor :STMicroelectronics X-CUBE-DISPLAY 3.0.0
2024-09-04 20:05:42,773 [INFO] ThirdParty:1030 - CMSIS Pack Vendor :STMicroelectronics X-CUBE-BLE1 7.0.0
2024-09-04 20:05:42,773 [INFO] ThirdParty:1030 - CMSIS Pack Vendor :wolfSSL I-CUBE-wolfSSL 5.5.4
2024-09-04 20:05:42,773 [INFO] ThirdParty:1030 - CMSIS Pack Vendor :STMicroelectronics HAL Drivers 0.0.0
2024-09-04 20:05:42,773 [INFO] ThirdParty:1030 - CMSIS Pack Vendor :STMicroelectronics X-CUBE-TOUCHGFX 4.22.0
2024-09-04 20:05:42,773 [INFO] ThirdParty:1030 - CMSIS Pack Vendor :STMicroelectronics X-CUBE-NFC7 1.0.1
2024-09-04 20:05:42,773 [INFO] ThirdParty:1030 - CMSIS Pack Vendor :STMicroelectronics MBEDTLS 2.14.1
2024-09-04 20:05:42,773 [INFO] ThirdParty:1030 - CMSIS Pack Vendor :STMicroelectronics X-CUBE-NFC7 1.0.0
2024-09-04 20:05:42,773 [INFO] ThirdParty:1030 - CMSIS Pack Vendor :STMicroelectronics X-CUBE-TOUCHGFX 4.22.1
2024-09-04 20:05:42,773 [INFO] ThirdParty:1030 - CMSIS Pack Vendor :wolfSSL I-CUBE-wolfTPM 3.2.0
2024-09-04 20:05:42,773 [INFO] ThirdParty:1030 - CMSIS Pack Vendor :STMicroelectronics X-CUBE-NFC6 3.0.0
2024-09-04 20:05:42,773 [INFO] ThirdParty:1030 - CMSIS Pack Vendor :STMicroelectronics X-CUBE-EEPRMA1 4.1.0
2024-09-04 20:05:42,773 [INFO] ThirdParty:1030 - CMSIS Pack Vendor :STMicroelectronics X-CUBE-BLEMGR 3.1.0
2024-09-04 20:05:42,773 [INFO] ThirdParty:1030 - CMSIS Pack Vendor :STMicroelectronics FP-SNS-SMARTAG2 1.2.0
2024-09-04 20:05:42,773 [INFO] ThirdParty:1030 - CMSIS Pack Vendor :STMicroelectronics X-CUBE-AZRTOS-WL 2.0.0
2024-09-04 20:05:42,773 [INFO] ThirdParty:1030 - CMSIS Pack Vendor :STMicroelectronics FP-SNS-MOTENV1 5.0.0
2024-09-04 20:05:42,773 [INFO] ThirdParty:1030 - CMSIS Pack Vendor :STMicroelectronics USB_DEVICE 1.0.0
2024-09-04 20:05:42,773 [INFO] ThirdParty:1030 - CMSIS Pack Vendor :STMicroelectronics X-CUBE-AI 8.1.0
2024-09-04 20:05:42,773 [INFO] ThirdParty:1030 - CMSIS Pack Vendor :wolfSSL I-CUBE-wolfMQTT 1.19.0
2024-09-04 20:05:42,773 [INFO] ThirdParty:1030 - CMSIS Pack Vendor :STMicroelectronics X-CUBE-AZRTOS-L4 2.0.0
2024-09-04 20:05:42,773 [INFO] ThirdParty:1030 - CMSIS Pack Vendor :STMicroelectronics ThreadX 0.0.2
2024-09-04 20:05:42,773 [INFO] ThirdParty:1030 - CMSIS Pack Vendor :WES I-CUBE-Cesium 1.3.0
2024-09-04 20:05:42,774 [INFO] ThirdParty:1030 - CMSIS Pack Vendor :STMicroelectronics lwIP 2.1.2
2024-09-04 20:05:42,774 [INFO] ThirdParty:1030 - CMSIS Pack Vendor :STMicroelectronics X-CUBE-SFXS2LP1 4.0.0
2024-09-04 20:05:42,774 [INFO] ThirdParty:1030 - CMSIS Pack Vendor :STMicroelectronics X-CUBE-BLE2 3.3.0
2024-09-04 20:05:42,774 [INFO] ThirdParty:1030 - CMSIS Pack Vendor :STMicroelectronics X-CUBE-TOF1 3.2.0
2024-09-04 20:05:42,774 [INFO] ThirdParty:1030 - CMSIS Pack Vendor :STMicroelectronics PDM2PCM 3.2.0
2024-09-04 20:05:42,774 [INFO] ThirdParty:1030 - CMSIS Pack Vendor :STMicroelectronics X-CUBE-AZRTOS-H7 3.0.0
2024-09-04 20:05:42,774 [INFO] ThirdParty:1030 - CMSIS Pack Vendor :STMicroelectronics X-CUBE-ISPU 1.1.0
2024-09-04 20:05:42,774 [INFO] ThirdParty:1030 - CMSIS Pack Vendor :STMicroelectronics X-CUBE-AZRTOS-H7 3.3.0
2024-09-04 20:05:42,774 [INFO] ThirdParty:1030 - CMSIS Pack Vendor :RoweBots I-CUBE-UNISONRTOS 5.5.0-4
2024-09-04 20:05:42,774 [INFO] ThirdParty:1030 - CMSIS Pack Vendor :STMicroelectronics USB_DEVICE 3.0.0
2024-09-04 20:05:42,774 [INFO] ThirdParty:1030 - CMSIS Pack Vendor :STMicroelectronics X-CUBE-TCPP 4.1.0
2024-09-04 20:05:42,774 [INFO] ThirdParty:1030 - CMSIS Pack Vendor :STMicroelectronics X-CUBE-AI 8.0.0
2024-09-04 20:05:42,774 [INFO] ThirdParty:1030 - CMSIS Pack Vendor :STMicroelectronics X-CUBE-AZRTOS-WB 2.0.0
2024-09-04 20:05:42,774 [INFO] ThirdParty:1030 - CMSIS Pack Vendor :STMicroelectronics X-CUBE-FREERTOS 1.0.1
2024-09-04 20:05:42,774 [INFO] ThirdParty:1030 - CMSIS Pack Vendor :STMicroelectronics X-CUBE-TOUCHGFX 4.21.1
2024-09-04 20:05:42,774 [INFO] ThirdParty:1030 - CMSIS Pack Vendor :STMicroelectronics X-CUBE-AI 7.3.0
2024-09-04 20:05:42,774 [INFO] ThirdParty:1030 - CMSIS Pack Vendor :STMicroelectronics FP-SNS-STBOX1 2.0.0
2024-09-04 20:05:42,774 [INFO] ThirdParty:1030 - CMSIS Pack Vendor :STMicroelectronics X-CUBE-ALGOBUILD 1.3.0
2024-09-04 20:05:42,774 [INFO] ThirdParty:1030 - CMSIS Pack Vendor :STMicroelectronics X-CUBE-AZRTOS-L5 1.1.0
2024-09-04 20:05:42,774 [INFO] ThirdParty:1030 - CMSIS Pack Vendor :STMicroelectronics X-CUBE-AZRTOS-G0 1.1.0
2024-09-04 20:05:42,774 [INFO] ThirdParty:1030 - CMSIS Pack Vendor :STMicroelectronics X-CUBE-SAFEA1 1.2.2
2024-09-04 20:05:42,774 [INFO] ThirdParty:1030 - CMSIS Pack Vendor :STMicroelectronics X-CUBE-NFC4 3.0.0
2024-09-04 20:05:42,774 [INFO] ThirdParty:1030 - CMSIS Pack Vendor :STMicroelectronics X-CUBE-SUBG2 5.0.0
2024-09-04 20:05:42,774 [INFO] ThirdParty:1030 - CMSIS Pack Vendor :STMicroelectronics STM32_WPAN 1.0.0
2024-09-04 20:05:42,774 [INFO] ThirdParty:1030 - CMSIS Pack Vendor :wolfSSL I-CUBE-wolfMQTT 1.18.0
2024-09-04 20:05:42,775 [INFO] ThirdParty:1030 - CMSIS Pack Vendor :EmbeddedOffice I-CUBE-FS-RTOS 1.0.1
2024-09-04 20:05:42,775 [INFO] ThirdParty:1030 - CMSIS Pack Vendor :STMicroelectronics lwIP 2.0.3
2024-09-04 20:05:42,775 [INFO] ThirdParty:1030 - CMSIS Pack Vendor :STMicroelectronics USB_HOST 1.0.0
2024-09-04 20:05:42,775 [INFO] ThirdParty:1030 - CMSIS Pack Vendor :STMicroelectronics X-CUBE-TOF1 3.3.1
2024-09-04 20:05:42,775 [INFO] ThirdParty:1030 - CMSIS Pack Vendor :STMicroelectronics X-CUBE-AZRTOS-G4 2.0.0
2024-09-04 20:05:42,775 [INFO] ThirdParty:1030 - CMSIS Pack Vendor :STMicroelectronics PDM2PCM 3.1.0
2024-09-04 20:05:42,775 [INFO] ThirdParty:1030 - CMSIS Pack Vendor :STMicroelectronics FP-ATR-ASTRA1 1.1.1
2024-09-04 20:05:42,775 [INFO] ThirdParty:1030 - CMSIS Pack Vendor :Infineon AIROC-Wi-Fi-Bluetooth-STM32 1.5.1
2024-09-04 20:05:42,775 [INFO] ThirdParty:1030 - CMSIS Pack Vendor :STMicroelectronics X-CUBE-BLEMGR 3.0.0
2024-09-04 20:05:42,775 [INFO] ThirdParty:1030 - CMSIS Pack Vendor :STMicroelectronics X-CUBE-BLEMGR 1.3.0
2024-09-04 20:05:42,775 [INFO] ThirdParty:1030 - CMSIS Pack Vendor :STMicroelectronics FP-SNS-MOTENVWB1 1.3.0
2024-09-04 20:05:42,776 [INFO] ThirdParty:1030 - CMSIS Pack Vendor :RealThread X-CUBE-RT-Thread_Nano 4.1.1
2024-09-04 20:05:42,776 [INFO] ThirdParty:1030 - CMSIS Pack Vendor :STMicroelectronics FP-SNS-MOTENVWB1 1.3.1
2024-09-04 20:05:42,776 [INFO] ThirdParty:1030 - CMSIS Pack Vendor :STMicroelectronics FP-ATR-SIGFOX1 3.2.0
2024-09-04 20:05:42,776 [INFO] ThirdParty:1030 - CMSIS Pack Vendor :STMicroelectronics X-CUBE-AZRTOS-G4 1.0.0
2024-09-04 20:05:42,776 [INFO] ThirdParty:1030 - CMSIS Pack Vendor :STMicroelectronics X-CUBE-AZRTOS-L4 1.0.0
2024-09-04 20:05:42,776 [INFO] ThirdParty:1030 - CMSIS Pack Vendor :STMicroelectronics X-CUBE-ISPU 2.0.0
2024-09-04 20:05:42,776 [INFO] ThirdParty:1030 - CMSIS Pack Vendor :STMicroelectronics X-CUBE-EEPRMA1 5.1.0
2024-09-04 20:05:42,776 [INFO] ThirdParty:1030 - CMSIS Pack Vendor :STMicroelectronics MBEDTLS 2.16.2
2024-09-04 20:05:42,776 [INFO] ThirdParty:1030 - CMSIS Pack Vendor :STMicroelectronics X-CUBE-ALS 1.0.2
2024-09-04 20:05:42,776 [INFO] ThirdParty:1030 - CMSIS Pack Vendor :STMicroelectronics X-CUBE-MEMS1 10.0.0
2024-09-04 20:05:42,776 [INFO] ThirdParty:1030 - CMSIS Pack Vendor :STMicroelectronics X-CUBE-FREERTOS 1.1.0
2024-09-04 20:05:42,776 [INFO] ThirdParty:1030 - CMSIS Pack Vendor :STMicroelectronics X-CUBE-TOUCHGFX 4.24.0
2024-09-04 20:05:42,776 [INFO] ThirdParty:1030 - CMSIS Pack Vendor :STMicroelectronics X-CUBE-AZRTOS-WL 1.0.0
2024-09-04 20:05:42,776 [INFO] ThirdParty:1030 - CMSIS Pack Vendor :portGmbH I-Cube-SoM-uGOAL 1.1.0
2024-09-04 20:05:42,776 [INFO] ThirdParty:1030 - CMSIS Pack Vendor :STMicroelectronics X-CUBE-ALS 1.0.1
2024-09-04 20:05:42,777 [INFO] ThirdParty:1030 - CMSIS Pack Vendor :STMicroelectronics X-CUBE-MEMS1 9.5.0
2024-09-04 20:05:42,777 [INFO] ThirdParty:1030 - CMSIS Pack Vendor :STMicroelectronics ThreadX 1.0.0
2024-09-04 20:05:42,777 [INFO] ThirdParty:1030 - CMSIS Pack Vendor :STMicroelectronics X-CUBE-AZRTOS-WB 1.1.0
2024-09-04 20:05:42,777 [INFO] ThirdParty:1030 - CMSIS Pack Vendor :SEGGER I-CUBE-embOS 1.3.1
2024-09-04 20:05:42,777 [INFO] ThirdParty:1030 - CMSIS Pack Vendor :STMicroelectronics X-CUBE-ALGOBUILD 1.4.0
2024-09-04 20:05:42,777 [INFO] ThirdParty:1030 - CMSIS Pack Vendor :STMicroelectronics X-CUBE-AZRTOS-H7RS 1.0.0
2024-09-04 20:05:42,777 [INFO] ThirdParty:1030 - CMSIS Pack Vendor :STMicroelectronics FP-ATR-ASTRA1 2.0.0
2024-09-04 20:05:42,777 [INFO] ThirdParty:1030 - CMSIS Pack Vendor :STMicroelectronics X-CUBE-TOF1 3.4.2
2024-09-04 20:05:42,777 [INFO] ThirdParty:1030 - CMSIS Pack Vendor :STMicroelectronics X-CUBE-TOF1 3.4.0
2024-09-04 20:05:42,777 [INFO] ThirdParty:1030 - CMSIS Pack Vendor :STMicroelectronics X-CUBE-TOF1 3.4.1
2024-09-04 20:05:42,777 [INFO] ThirdParty:1030 - CMSIS Pack Vendor :STMicroelectronics X-CUBE-AZRTOS-H7 3.2.0
2024-09-04 20:05:42,777 [INFO] ThirdParty:1030 - CMSIS Pack Vendor :wolfSSL I-CUBE-wolfSSH 1.4.17
2024-09-04 20:05:42,777 [INFO] ThirdParty:841 - exiting critical section [change project]
2024-09-04 20:05:43,303 [INFO] PinOutPanel:1561 - setPackage(No Configuration,No Configuration)
2024-09-04 20:05:43,304 [INFO] PinOutPanel:1561 - setPackage(STM32F407VGTx,LQFP100)
2024-09-04 20:05:44,001 [INFO] UtilMem:75 - Before build in PCC Used Memory: 964115008 Bytes (1073741824)
2024-09-04 20:05:45,012 [INFO] UtilMem:75 - After build in PCC Used Memory: 926331776 Bytes (1073741824)
2024-09-04 20:05:45,045 [INFO] IPUIPlugin:80 - create IPUIPlugin
2024-09-04 20:05:45,045 [INFO] IPUIPlugin:80 - create IPUIPlugin
2024-09-04 20:05:45,045 [INFO] IPUIPlugin:80 - create IPUIPlugin
2024-09-04 20:05:45,045 [INFO] IPUIPlugin:80 - create IPUIPlugin
2024-09-04 20:05:45,046 [INFO] IPUIPlugin:80 - create IPUIPlugin
2024-09-04 20:05:45,046 [INFO] IPUIPlugin:80 - create IPUIPlugin
2024-09-04 20:05:45,046 [INFO] IPUIPlugin:80 - create IPUIPlugin
2024-09-04 20:05:45,046 [INFO] IPUIPlugin:80 - create IPUIPlugin
2024-09-04 20:05:45,047 [INFO] IPUIPlugin:80 - create IPUIPlugin
2024-09-04 20:05:45,047 [INFO] IPUIPlugin:80 - create IPUIPlugin
2024-09-04 20:05:45,047 [INFO] IPUIPlugin:80 - create IPUIPlugin
2024-09-04 20:05:45,047 [INFO] IPUIPlugin:80 - create IPUIPlugin
2024-09-04 20:05:45,047 [INFO] IPUIPlugin:80 - create IPUIPlugin
2024-09-04 20:05:45,047 [INFO] IPUIPlugin:80 - create IPUIPlugin
2024-09-04 20:05:45,048 [INFO] IPUIPlugin:80 - create IPUIPlugin
2024-09-04 20:05:45,048 [INFO] IPUIPlugin:80 - create IPUIPlugin
2024-09-04 20:05:45,048 [INFO] IPUIPlugin:80 - create IPUIPlugin
2024-09-04 20:05:45,048 [INFO] IPUIPlugin:80 - create IPUIPlugin
2024-09-04 20:05:45,048 [INFO] IPUIPlugin:80 - create IPUIPlugin
2024-09-04 20:05:45,049 [INFO] IPUIPlugin:80 - create IPUIPlugin
2024-09-04 20:05:45,049 [INFO] IPUIPlugin:80 - create IPUIPlugin
2024-09-04 20:05:45,050 [INFO] IPUIPlugin:80 - create IPUIPlugin
2024-09-04 20:05:45,050 [INFO] IPUIPlugin:80 - create IPUIPlugin
2024-09-04 20:05:45,051 [INFO] IPUIPlugin:80 - create IPUIPlugin
2024-09-04 20:05:45,051 [INFO] IPUIPlugin:80 - create IPUIPlugin
2024-09-04 20:05:45,051 [INFO] IPUIPlugin:80 - create IPUIPlugin
2024-09-04 20:05:45,052 [INFO] IPUIPlugin:80 - create IPUIPlugin
2024-09-04 20:05:45,052 [INFO] IPUIPlugin:80 - create IPUIPlugin
2024-09-04 20:05:45,052 [INFO] IPUIPlugin:80 - create IPUIPlugin
2024-09-04 20:05:45,052 [INFO] IPUIPlugin:80 - create IPUIPlugin
2024-09-04 20:05:45,053 [INFO] IPUIPlugin:80 - create IPUIPlugin
2024-09-04 20:05:45,053 [INFO] IPUIPlugin:80 - create IPUIPlugin
2024-09-04 20:05:45,053 [INFO] IPUIPlugin:80 - create IPUIPlugin
2024-09-04 20:05:45,053 [INFO] IPUIPlugin:80 - create IPUIPlugin
2024-09-04 20:05:45,054 [INFO] IPUIPlugin:80 - create IPUIPlugin
2024-09-04 20:05:45,054 [INFO] IPUIPlugin:80 - create IPUIPlugin
2024-09-04 20:05:45,054 [INFO] IPUIPlugin:80 - create IPUIPlugin
2024-09-04 20:05:45,054 [INFO] IPUIPlugin:80 - create IPUIPlugin
2024-09-04 20:05:45,055 [INFO] IPUIPlugin:80 - create IPUIPlugin
2024-09-04 20:05:45,055 [INFO] IPUIPlugin:80 - create IPUIPlugin
2024-09-04 20:05:45,055 [INFO] IPUIPlugin:80 - create IPUIPlugin
2024-09-04 20:05:45,055 [INFO] IPUIPlugin:80 - create IPUIPlugin
2024-09-04 20:05:45,055 [INFO] IPUIPlugin:80 - create IPUIPlugin
2024-09-04 20:05:45,056 [INFO] IPUIPlugin:80 - create IPUIPlugin
2024-09-04 20:05:45,056 [INFO] IPUIPlugin:80 - create IPUIPlugin
2024-09-04 20:05:45,056 [INFO] IPUIPlugin:80 - create IPUIPlugin
2024-09-04 20:05:45,057 [INFO] IPUIPlugin:80 - create IPUIPlugin
2024-09-04 20:05:45,057 [INFO] IPUIPlugin:80 - create IPUIPlugin
2024-09-04 20:05:45,057 [INFO] IPUIPlugin:80 - create IPUIPlugin
2024-09-04 20:05:45,058 [INFO] IPUIPlugin:80 - create IPUIPlugin
2024-09-04 20:05:45,058 [INFO] IPUIPlugin:80 - create IPUIPlugin
2024-09-04 20:05:45,059 [INFO] IPUIPlugin:80 - create IPUIPlugin
2024-09-04 20:05:45,059 [INFO] IPUIPlugin:80 - create IPUIPlugin
2024-09-04 20:05:45,059 [INFO] IPUIPlugin:80 - create IPUIPlugin
2024-09-04 20:05:45,066 [INFO] IPUIPlugin:80 - create IPUIPlugin
2024-09-04 20:05:45,067 [INFO] IPUIPlugin:80 - create IPUIPlugin
2024-09-04 20:05:45,069 [INFO] IPUIPlugin:80 - create IPUIPlugin
2024-09-04 20:05:45,069 [INFO] IPUIPlugin:80 - create IPUIPlugin
2024-09-04 20:05:45,218 [INFO] ApiDbMcu:508 - Load IP Config File for PDM2PCM
2024-09-04 20:05:45,603 [INFO] CADModel:165 - CPN selected for project levelSTM32F407VGT6
2024-09-04 20:05:45,604 [INFO] CADModel:114 - Register for checkConnection events
2024-09-04 20:05:45,655 [INFO] OpenFileManager:343 - Restore cursor
2024-09-04 20:05:46,974 [INFO] UtilMem:75 - End SaveConfig() Used Memory: 909511280 Bytes (1073741824)
2024-09-04 20:06:39,687 [INFO] McuFinderGlobals:76 - Set McuFinderConnectedMode to true
2024-09-04 20:06:39,693 [INFO] ApiDb:448 - Save user favorites file C:\Users\erkan/.stm32cubeide/favorites.mcus.txt: 0 item(s)
2024-09-04 20:06:39,693 [INFO] ApiDb:452 - User favorites MCUs=[]
2024-09-04 20:06:39,697 [INFO] ApiDb:448 - Save user favorites file C:\Users\erkan/.stm32cubeide/favorites.boards.txt: 0 item(s)
2024-09-04 20:06:39,697 [INFO] ApiDb:452 - User favorites Boards=[]
2024-09-04 20:07:01,291 [WARN] IP:2120 - I2C_Coeff_DF not found: check if there is a RefParameter without a condition.
2024-09-04 20:07:01,291 [WARN] IP:2120 - Analog_Filter not found: check if there is a RefParameter without a condition.
2024-09-04 20:07:01,307 [WARN] IP:2120 - I2C_Coeff_DF not found: check if there is a RefParameter without a condition.
2024-09-04 20:07:01,307 [WARN] IP:2120 - Analog_Filter not found: check if there is a RefParameter without a condition.
2024-09-04 20:07:01,307 [WARN] IP:2120 - I2C_Coeff_DF not found: check if there is a RefParameter without a condition.
2024-09-04 20:07:01,307 [WARN] IP:2120 - Analog_Filter not found: check if there is a RefParameter without a condition.
2024-09-04 20:07:01,371 [WARN] IP:2120 - I2C_Coeff_DF not found: check if there is a RefParameter without a condition.
2024-09-04 20:07:01,371 [WARN] IP:2120 - Analog_Filter not found: check if there is a RefParameter without a condition.
2024-09-04 20:07:01,372 [WARN] IP:2120 - I2C_Coeff_DF not found: check if there is a RefParameter without a condition.
2024-09-04 20:07:01,373 [WARN] IP:2120 - Analog_Filter not found: check if there is a RefParameter without a condition.
2024-09-04 20:07:10,191 [WARN] IP:2120 - I2C_Coeff_DF not found: check if there is a RefParameter without a condition.
2024-09-04 20:07:10,191 [WARN] IP:2120 - Analog_Filter not found: check if there is a RefParameter without a condition.
2024-09-04 20:07:10,191 [WARN] IP:2120 - I2C_Coeff_DF not found: check if there is a RefParameter without a condition.
2024-09-04 20:07:10,191 [WARN] IP:2120 - Analog_Filter not found: check if there is a RefParameter without a condition.
2024-09-04 20:07:10,257 [WARN] IP:2120 - I2C_Coeff_DF not found: check if there is a RefParameter without a condition.
2024-09-04 20:07:10,258 [WARN] IP:2120 - Analog_Filter not found: check if there is a RefParameter without a condition.
2024-09-04 20:07:10,267 [WARN] IP:2120 - I2C_Coeff_DF not found: check if there is a RefParameter without a condition.
2024-09-04 20:07:10,267 [WARN] IP:2120 - Analog_Filter not found: check if there is a RefParameter without a condition.
2024-09-04 20:07:11,764 [WARN] IP:2120 - I2C_Coeff_DF not found: check if there is a RefParameter without a condition.
2024-09-04 20:07:11,764 [WARN] IP:2120 - Analog_Filter not found: check if there is a RefParameter without a condition.
2024-09-04 20:07:11,764 [WARN] IP:2120 - I2C_Coeff_DF not found: check if there is a RefParameter without a condition.
2024-09-04 20:07:11,765 [WARN] IP:2120 - Analog_Filter not found: check if there is a RefParameter without a condition.
2024-09-04 20:07:11,810 [INFO] NvicIntPanel:101 - NVIC parent = com.st.microxplorer.plugins.ip.nvic.MultiNvicIntPanel[,0,0,0x0,invalid,layout=javax.swing.BoxLayout,alignmentX=0.0,alignmentY=0.0,border=,flags=9,maximumSize=,minimumSize=,preferredSize=]
2024-09-04 20:07:11,841 [WARN] IP:2120 - I2C_Coeff_DF not found: check if there is a RefParameter without a condition.
2024-09-04 20:07:11,841 [WARN] IP:2120 - Analog_Filter not found: check if there is a RefParameter without a condition.
2024-09-04 20:07:11,848 [WARN] IP:2120 - I2C_Coeff_DF not found: check if there is a RefParameter without a condition.
2024-09-04 20:07:11,848 [WARN] IP:2120 - Analog_Filter not found: check if there is a RefParameter without a condition.
2024-09-04 20:07:14,180 [WARN] IP:2120 - I2C_Coeff_DF not found: check if there is a RefParameter without a condition.
2024-09-04 20:07:14,180 [WARN] IP:2120 - Analog_Filter not found: check if there is a RefParameter without a condition.
2024-09-04 20:07:14,181 [WARN] IP:2120 - I2C_Coeff_DF not found: check if there is a RefParameter without a condition.
2024-09-04 20:07:14,181 [WARN] IP:2120 - Analog_Filter not found: check if there is a RefParameter without a condition.
2024-09-04 20:07:14,209 [INFO] NvicIntPanel:101 - NVIC parent = com.st.microxplorer.plugins.ip.nvic.MultiNvicIntPanel[,0,0,0x0,invalid,layout=javax.swing.BoxLayout,alignmentX=0.0,alignmentY=0.0,border=,flags=9,maximumSize=,minimumSize=,preferredSize=]
2024-09-04 20:07:14,238 [WARN] IP:2120 - I2C_Coeff_DF not found: check if there is a RefParameter without a condition.
2024-09-04 20:07:14,238 [WARN] IP:2120 - Analog_Filter not found: check if there is a RefParameter without a condition.
2024-09-04 20:07:14,246 [WARN] IP:2120 - I2C_Coeff_DF not found: check if there is a RefParameter without a condition.
2024-09-04 20:07:14,246 [WARN] IP:2120 - Analog_Filter not found: check if there is a RefParameter without a condition.
2024-09-04 20:07:16,758 [WARN] IP:2120 - I2C_Coeff_DF not found: check if there is a RefParameter without a condition.
2024-09-04 20:07:16,758 [WARN] IP:2120 - Analog_Filter not found: check if there is a RefParameter without a condition.
2024-09-04 20:07:16,758 [WARN] IP:2120 - I2C_Coeff_DF not found: check if there is a RefParameter without a condition.
2024-09-04 20:07:16,759 [WARN] IP:2120 - Analog_Filter not found: check if there is a RefParameter without a condition.
2024-09-04 20:07:16,787 [INFO] NvicIntPanel:101 - NVIC parent = com.st.microxplorer.plugins.ip.nvic.MultiNvicIntPanel[,0,0,0x0,invalid,layout=javax.swing.BoxLayout,alignmentX=0.0,alignmentY=0.0,border=,flags=9,maximumSize=,minimumSize=,preferredSize=]
2024-09-04 20:07:16,814 [WARN] IP:2120 - I2C_Coeff_DF not found: check if there is a RefParameter without a condition.
2024-09-04 20:07:16,814 [WARN] IP:2120 - Analog_Filter not found: check if there is a RefParameter without a condition.
2024-09-04 20:07:16,821 [WARN] IP:2120 - I2C_Coeff_DF not found: check if there is a RefParameter without a condition.
2024-09-04 20:07:16,821 [WARN] IP:2120 - Analog_Filter not found: check if there is a RefParameter without a condition.
2024-09-04 20:07:17,667 [WARN] IP:2120 - I2C_Coeff_DF not found: check if there is a RefParameter without a condition.
2024-09-04 20:07:17,667 [WARN] IP:2120 - Analog_Filter not found: check if there is a RefParameter without a condition.
2024-09-04 20:07:17,667 [WARN] IP:2120 - I2C_Coeff_DF not found: check if there is a RefParameter without a condition.
2024-09-04 20:07:17,667 [WARN] IP:2120 - Analog_Filter not found: check if there is a RefParameter without a condition.
2024-09-04 20:07:17,693 [INFO] NvicIntPanel:101 - NVIC parent = com.st.microxplorer.plugins.ip.nvic.MultiNvicIntPanel[,0,0,0x0,invalid,layout=javax.swing.BoxLayout,alignmentX=0.0,alignmentY=0.0,border=,flags=9,maximumSize=,minimumSize=,preferredSize=]
2024-09-04 20:07:17,720 [WARN] IP:2120 - I2C_Coeff_DF not found: check if there is a RefParameter without a condition.
2024-09-04 20:07:17,720 [WARN] IP:2120 - Analog_Filter not found: check if there is a RefParameter without a condition.
2024-09-04 20:07:17,726 [WARN] IP:2120 - I2C_Coeff_DF not found: check if there is a RefParameter without a condition.
2024-09-04 20:07:17,726 [WARN] IP:2120 - Analog_Filter not found: check if there is a RefParameter without a condition.
2024-09-04 20:07:20,146 [WARN] IP:2120 - I2C_Coeff_DF not found: check if there is a RefParameter without a condition.
2024-09-04 20:07:20,146 [WARN] IP:2120 - Analog_Filter not found: check if there is a RefParameter without a condition.
2024-09-04 20:07:20,146 [WARN] IP:2120 - I2C_Coeff_DF not found: check if there is a RefParameter without a condition.
2024-09-04 20:07:20,146 [WARN] IP:2120 - Analog_Filter not found: check if there is a RefParameter without a condition.
2024-09-04 20:07:20,172 [INFO] NvicIntPanel:101 - NVIC parent = com.st.microxplorer.plugins.ip.nvic.MultiNvicIntPanel[,0,0,0x0,invalid,layout=javax.swing.BoxLayout,alignmentX=0.0,alignmentY=0.0,border=,flags=9,maximumSize=,minimumSize=,preferredSize=]
2024-09-04 20:07:20,195 [WARN] IP:2120 - I2C_Coeff_DF not found: check if there is a RefParameter without a condition.
2024-09-04 20:07:20,195 [WARN] IP:2120 - Analog_Filter not found: check if there is a RefParameter without a condition.
2024-09-04 20:07:20,201 [WARN] IP:2120 - I2C_Coeff_DF not found: check if there is a RefParameter without a condition.
2024-09-04 20:07:20,201 [WARN] IP:2120 - Analog_Filter not found: check if there is a RefParameter without a condition.
2024-09-04 20:08:04,638 [INFO] UtilMem:75 - End SaveConfig() Used Memory: 923157992 Bytes (1073741824)
2024-09-04 20:08:38,110 [INFO] LogOutputStream:77 - [STDOUT_REDIRECT] This download action requires prior login. To proceed, please use the 'login' command with your my.st.com account email and password.
2024-09-04 20:08:38,112 [INFO] LogOutputStream:77 - [STDOUT_REDIRECT] Run 'login <email> <password> <remember_me>' for example 'login john.smith@st.com mypassword y'.
2024-09-04 20:08:38,113 [INFO] LogOutputStream:77 - [STDOUT_REDIRECT] If you do not have a my.st.com account, please visit https://st.com website to create one.
2024-09-04 20:08:42,802 [INFO] LogOutputStream:77 - [STDOUT_REDIRECT] This download action requires prior login. To proceed, please use the 'login' command with your my.st.com account email and password.
2024-09-04 20:08:42,804 [INFO] LogOutputStream:77 - [STDOUT_REDIRECT] Run 'login <email> <password> <remember_me>' for example 'login john.smith@st.com mypassword y'.
2024-09-04 20:08:42,806 [INFO] LogOutputStream:77 - [STDOUT_REDIRECT] If you do not have a my.st.com account, please visit https://st.com website to create one.
2024-09-04 20:08:50,674 [INFO] McuFinderGlobals:63 - Set McuFinder mode to 2 (CubeIDE integrated)
2024-09-04 20:08:50,675 [INFO] UserAuth:179 - activating auth plugin
2024-09-04 20:08:50,677 [INFO] UserAuth:415 - Internet connection configuration mode: 1
