2024-01-07 10:23:43,591 [INFO] Activator:176 - 


2024-01-07 10:23:43,602 [INFO] Activator:177 - !SESSION log4j initialized
2024-01-07 10:23:50,599 [INFO] LogOutputStream:77 - [STDOUT_REDIRECT] 
2024-01-07 10:23:54,031 [INFO] ApplicationProperties:184 - Using Application install path: C:\ST\STM32CubeIDE_1.11.2\STM32CubeIDE\plugins\com.st.stm32cube.common.mx_6.9.2.202309101412
2024-01-07 10:23:54,063 [INFO] DbMcusXml:78 - Set database path to: C:\ST\STM32CubeIDE_1.11.2\STM32CubeIDE\plugins\com.st.stm32cube.common.mx_6.9.2.202309101412\\db\/mcu/
2024-01-07 10:23:54,064 [INFO] ApiDb:274 - Set plugin database path to: C:\ST\STM32CubeIDE_1.11.2\STM32CubeIDE\plugins\com.st.stm32cube.common.mx_6.9.2.202309101412\\db\/plugins/boardmanager/
2024-01-07 10:23:54,065 [WARN] ApiDb:259 - Overriding images path with different value:  => C:\ST\STM32CubeIDE_1.11.2\STM32CubeIDE\plugins\com.st.stm32cube.common.mx_6.9.2.202309101412\\db\/plugins/mcufinder/images/
2024-01-07 10:23:54,098 [INFO] ApiDb:250 - Set database path to: C:\Users\erkan\.stmcufinder\plugins\mcufinder//mcu/
2024-01-07 10:23:54,100 [INFO] DbMcusAds:125 - Set database path to: C:\Users\erkan\.stmcufinder\plugins\mcufinder//mcu/
2024-01-07 10:23:54,104 [INFO] CrossReferenceDbSqlite:203 - Set database path to: C:\Users\erkan\.stmcufinder\plugins\mcufinder//mcu/cs/
2024-01-07 10:23:54,286 [INFO] RulesReader:64 - Compatibility file has been processed (293 Rules)
2024-01-07 10:23:54,426 [INFO] DbMcusXml:78 - Set database path to: C:\ST\STM32CubeIDE_1.11.2\STM32CubeIDE\plugins\com.st.stm32cube.common.mx_6.9.2.202309101412\\db\/mcu/
2024-01-07 10:23:54,426 [INFO] ApiDb:274 - Set plugin database path to: C:\ST\STM32CubeIDE_1.11.2\STM32CubeIDE\plugins\com.st.stm32cube.common.mx_6.9.2.202309101412\\db\/plugins/boardmanager/
2024-01-07 10:23:54,427 [INFO] ApiDb:261 - Set plugin images path to: C:\ST\STM32CubeIDE_1.11.2\STM32CubeIDE\plugins\com.st.stm32cube.common.mx_6.9.2.202309101412\\db\/plugins/mcufinder/images/
2024-01-07 10:23:54,427 [WARN] DbFile:41 - Overriding database path with different value: C:\Users\erkan\.stmcufinder\plugins\mcufinder/ => C:\Users\erkan\.stmcufinder\plugins\mcufinder
2024-01-07 10:23:54,427 [INFO] ApiDb:250 - Set database path to: C:\Users\erkan\.stmcufinder\plugins\mcufinder//mcu/
2024-01-07 10:23:54,427 [WARN] DbFile:41 - Overriding database path with different value: C:\Users\erkan\.stmcufinder\plugins\mcufinder/ => C:\Users\erkan\.stmcufinder\plugins\mcufinder
2024-01-07 10:23:54,427 [INFO] DbMcusAds:125 - Set database path to: C:\Users\erkan\.stmcufinder\plugins\mcufinder//mcu/
2024-01-07 10:23:54,427 [WARN] DbFile:41 - Overriding database path with different value: C:\Users\erkan\.stmcufinder\plugins\mcufinder/ => C:\Users\erkan\.stmcufinder\plugins\mcufinder
2024-01-07 10:23:54,427 [WARN] DbFile:41 - Overriding database path with different value: C:\Users\erkan\.stmcufinder\plugins\mcufinder/ => C:\Users\erkan\.stmcufinder\plugins\mcufinder
2024-01-07 10:23:54,428 [INFO] CrossReferenceDbSqlite:203 - Set database path to: C:\Users\erkan\.stmcufinder\plugins\mcufinder//mcu/cs/
2024-01-07 10:23:54,553 [INFO] MainPanel:262 - HeapMemory: 268435456
2024-01-07 10:23:54,718 [INFO] DbMcusXml:78 - Set database path to: C:\ST\STM32CubeIDE_1.11.2\STM32CubeIDE\plugins\com.st.stm32cube.common.mx_6.9.2.202309101412\\db\/mcu/
2024-01-07 10:23:54,718 [INFO] ApiDb:274 - Set plugin database path to: C:\ST\STM32CubeIDE_1.11.2\STM32CubeIDE\plugins\com.st.stm32cube.common.mx_6.9.2.202309101412\\db\/plugins/boardmanager/
2024-01-07 10:23:54,718 [INFO] ApiDb:261 - Set plugin images path to: C:\ST\STM32CubeIDE_1.11.2\STM32CubeIDE\plugins\com.st.stm32cube.common.mx_6.9.2.202309101412\\db\/plugins/mcufinder/images/
2024-01-07 10:23:54,720 [WARN] DbFile:41 - Overriding database path with different value: C:\Users\erkan\.stmcufinder\plugins\mcufinder/ => C:\Users\erkan\.stmcufinder\plugins\mcufinder
2024-01-07 10:23:54,720 [INFO] ApiDb:250 - Set database path to: C:\Users\erkan\.stmcufinder\plugins\mcufinder//mcu/
2024-01-07 10:23:54,720 [WARN] DbFile:41 - Overriding database path with different value: C:\Users\erkan\.stmcufinder\plugins\mcufinder/ => C:\Users\erkan\.stmcufinder\plugins\mcufinder
2024-01-07 10:23:54,720 [INFO] DbMcusAds:125 - Set database path to: C:\Users\erkan\.stmcufinder\plugins\mcufinder//mcu/
2024-01-07 10:23:54,720 [WARN] DbFile:41 - Overriding database path with different value: C:\Users\erkan\.stmcufinder\plugins\mcufinder/ => C:\Users\erkan\.stmcufinder\plugins\mcufinder
2024-01-07 10:23:54,720 [WARN] DbFile:41 - Overriding database path with different value: C:\Users\erkan\.stmcufinder\plugins\mcufinder/ => C:\Users\erkan\.stmcufinder\plugins\mcufinder
2024-01-07 10:23:54,721 [INFO] CrossReferenceDbSqlite:203 - Set database path to: C:\Users\erkan\.stmcufinder\plugins\mcufinder//mcu/cs/
2024-01-07 10:23:54,765 [INFO] ApplicationProperties:184 - Using Application install path: C:\ST\STM32CubeIDE_1.11.2\STM32CubeIDE\plugins\com.st.stm32cube.common.mx_6.9.2.202309101412
2024-01-07 10:23:54,767 [INFO] PluginManage:196 - Search for loadable plugins [exclusion list=, ]
2024-01-07 10:23:54,769 [INFO] PluginManage:310 - Check plugin analytics
2024-01-07 10:23:55,026 [INFO] AnalyticsPlugin:253 - Accepted Software Licenses: STM32CubeMX.6.9.2
2024-01-07 10:23:55,027 [INFO] AnalyticsPlugin:255 - Accepted CMSIS Pack Licenses: 
2024-01-07 10:23:55,027 [INFO] AnalyticsPlugin:257 - Accepted Firmware Licenses: 
2024-01-07 10:23:55,031 [INFO] PluginManage:359 - Loaded plugin analytics (category:tool,tabindex:-1)
2024-01-07 10:23:55,032 [INFO] PluginManage:310 - Check plugin cadmodel
2024-01-07 10:23:55,054 [INFO] CADModel:105 - Init CAD model plugin
2024-01-07 10:23:55,054 [INFO] PluginManage:359 - Loaded plugin cadmodel (category:power,tabindex:5)
2024-01-07 10:23:55,055 [INFO] PluginManage:310 - Check plugin clock
2024-01-07 10:23:55,086 [INFO] PluginManage:359 - Loaded plugin clock (category:base,tabindex:2)
2024-01-07 10:23:55,087 [INFO] PluginManage:310 - Check plugin ddr
2024-01-07 10:23:55,091 [INFO] PluginManage:359 - Loaded plugin ddr (category:tool,tabindex:6)
2024-01-07 10:23:55,092 [INFO] PluginManage:310 - Check plugin filemanager
2024-01-07 10:23:55,302 [INFO] PluginManage:359 - Loaded plugin filemanager (category:base,tabindex:10)
2024-01-07 10:23:55,302 [INFO] PluginManage:310 - Check plugin ipmanager
2024-01-07 10:23:55,315 [INFO] PluginManage:359 - Loaded plugin ipmanager (category:base,tabindex:5)
2024-01-07 10:23:55,316 [INFO] PluginManage:310 - Check plugin lpbam
2024-01-07 10:23:55,340 [INFO] PluginManage:359 - Loaded plugin lpbam (category:base,tabindex:0)
2024-01-07 10:23:55,341 [INFO] PluginManage:310 - Check plugin memorymap
2024-01-07 10:23:55,377 [INFO] PluginManage:359 - Loaded plugin memorymap (category:base,tabindex:4)
2024-01-07 10:23:55,377 [INFO] PluginManage:310 - Check plugin pinoutandconfiguration
2024-01-07 10:23:55,405 [INFO] PluginManage:359 - Loaded plugin pinoutandconfiguration (category:base,tabindex:1)
2024-01-07 10:23:55,406 [INFO] PluginManage:310 - Check plugin pinoutconfig
2024-01-07 10:23:55,556 [WARN] SupportedApi:132 - Cannot load RTOS API schema: s4s-elt-must-match.1: The content of 'definitions' must match (annotation?, (simpleType | complexType)?, (unique | key | keyref)*)). A problem was found starting at: attribute.
2024-01-07 10:23:55,738 [INFO] PluginManage:359 - Loaded plugin pinoutconfig (category:base,tabindex:0)
2024-01-07 10:23:55,738 [INFO] PluginManage:310 - Check plugin power
2024-01-07 10:23:55,768 [INFO] PluginManage:359 - Loaded plugin power (category:power,tabindex:4)
2024-01-07 10:23:55,768 [INFO] PluginManage:310 - Check plugin projectmanager
2024-01-07 10:23:55,795 [INFO] PluginManage:359 - Loaded plugin projectmanager (category:projectmanager,tabindex:3)
2024-01-07 10:23:55,795 [INFO] PluginManage:310 - Check plugin thirdparty
2024-01-07 10:23:56,175 [INFO] PluginManage:359 - Loaded plugin thirdparty (category:base,tabindex:-1)
2024-01-07 10:23:56,175 [WARN] IntegrityCheckThread:84 - waiting for thirdparty lock release [integrity check]
2024-01-07 10:23:56,175 [INFO] IntegrityCheckThread:86 - entering critical section [integrity check]
2024-01-07 10:23:56,175 [INFO] PluginManage:310 - Check plugin tools
2024-01-07 10:23:56,176 [INFO] ThirdPartyUpdaterWithRetryManager:70 - Updater plugin not ready yet. [1/15]
2024-01-07 10:23:56,220 [INFO] PluginManage:359 - Loaded plugin tools (category:base,tabindex:7)
2024-01-07 10:23:56,220 [INFO] PluginManage:310 - Check plugin tutovideos
2024-01-07 10:23:56,469 [INFO] PluginManage:359 - Loaded plugin tutovideos (category:base,tabindex:-1)
2024-01-07 10:23:56,471 [INFO] PluginManage:310 - Check plugin updater
2024-01-07 10:23:56,484 [INFO] PluginManage:359 - Loaded plugin updater (category:base,tabindex:12)
2024-01-07 10:23:56,484 [INFO] PluginManage:310 - Check plugin userauth
2024-01-07 10:23:56,492 [INFO] UserAuth:113 - Init User Auth plugin
2024-01-07 10:23:56,492 [INFO] PluginManage:359 - Loaded plugin userauth (category:base,tabindex:14)
2024-01-07 10:23:56,493 [INFO] PluginManage:283 - PluginManage : Loaded plugins [17]
2024-01-07 10:23:56,799 [INFO] PinOutPanel:1499 - setPackage(No Configuration,No Configuration)
2024-01-07 10:23:56,927 [INFO] CADModel:165 - CPN selected for project level
2024-01-07 10:23:56,927 [INFO] CADModel:114 - Register for checkConnection events
2024-01-07 10:23:56,956 [INFO] IPUIPlugin:80 - create IPUIPlugin
2024-01-07 10:23:56,956 [INFO] PluginManager:220 - loadIPPluginJar : add adc
2024-01-07 10:23:56,991 [INFO] IPUIPlugin:80 - create IPUIPlugin
2024-01-07 10:23:56,992 [INFO] PluginManager:220 - loadIPPluginJar : add aes
2024-01-07 10:23:57,030 [INFO] IPUIPlugin:80 - create IPUIPlugin
2024-01-07 10:23:57,030 [INFO] PluginManager:220 - loadIPPluginJar : add can
2024-01-07 10:23:57,055 [INFO] IPUIPlugin:80 - create IPUIPlugin
2024-01-07 10:23:57,055 [INFO] PluginManager:220 - loadIPPluginJar : add comp
2024-01-07 10:23:57,088 [INFO] IPUIPlugin:80 - create IPUIPlugin
2024-01-07 10:23:57,088 [INFO] PluginManager:220 - loadIPPluginJar : add cryp
2024-01-07 10:23:57,117 [INFO] IPUIPlugin:80 - create IPUIPlugin
2024-01-07 10:23:57,117 [INFO] PluginManager:220 - loadIPPluginJar : add dfsdm
2024-01-07 10:23:57,134 [INFO] IPUIPlugin:80 - create IPUIPlugin
2024-01-07 10:23:57,134 [INFO] PluginManager:220 - loadIPPluginJar : add dma
2024-01-07 10:23:57,176 [INFO] IPUIPlugin:80 - create IPUIPlugin
2024-01-07 10:23:57,177 [INFO] PluginManager:220 - loadIPPluginJar : add dma3
2024-01-07 10:23:57,204 [INFO] IPUIPlugin:80 - create IPUIPlugin
2024-01-07 10:23:57,204 [INFO] PluginManager:220 - loadIPPluginJar : add fatfs
2024-01-07 10:23:57,273 [INFO] IPUIPlugin:80 - create IPUIPlugin
2024-01-07 10:23:57,273 [INFO] PluginManager:220 - loadIPPluginJar : add fmc
2024-01-07 10:23:57,297 [INFO] IPUIPlugin:80 - create IPUIPlugin
2024-01-07 10:23:57,297 [INFO] PluginManager:220 - loadIPPluginJar : add freertos
2024-01-07 10:23:57,326 [INFO] IPUIPlugin:80 - create IPUIPlugin
2024-01-07 10:23:57,327 [INFO] PluginManager:220 - loadIPPluginJar : add genericplugin
2024-01-07 10:23:57,428 [INFO] IPUIPlugin:80 - create IPUIPlugin
2024-01-07 10:23:57,428 [INFO] PluginManager:220 - loadIPPluginJar : add gfxmmu
2024-01-07 10:23:57,614 [INFO] IPUIPlugin:80 - create IPUIPlugin
2024-01-07 10:23:57,614 [INFO] PluginManager:220 - loadIPPluginJar : add gic
2024-01-07 10:23:57,629 [INFO] IPUIPlugin:80 - create IPUIPlugin
2024-01-07 10:23:57,630 [INFO] PluginManager:220 - loadIPPluginJar : add gpio
2024-01-07 10:23:57,725 [INFO] IPUIPlugin:80 - create IPUIPlugin
2024-01-07 10:23:57,725 [INFO] PluginManager:220 - loadIPPluginJar : add gtzc
2024-01-07 10:23:57,759 [INFO] IPUIPlugin:80 - create IPUIPlugin
2024-01-07 10:23:57,759 [INFO] PluginManager:220 - loadIPPluginJar : add hash
2024-01-07 10:23:57,824 [INFO] IPUIPlugin:80 - create IPUIPlugin
2024-01-07 10:23:57,824 [INFO] PluginManager:220 - loadIPPluginJar : add i2c
2024-01-07 10:23:57,873 [INFO] IPUIPlugin:80 - create IPUIPlugin
2024-01-07 10:23:57,873 [INFO] PluginManager:220 - loadIPPluginJar : add i2s
2024-01-07 10:23:57,922 [INFO] IPUIPlugin:80 - create IPUIPlugin
2024-01-07 10:23:57,922 [INFO] PluginManager:220 - loadIPPluginJar : add i3c
2024-01-07 10:23:58,030 [INFO] IPUIPlugin:80 - create IPUIPlugin
2024-01-07 10:23:58,031 [INFO] PluginManager:220 - loadIPPluginJar : add ipddr
2024-01-07 10:23:58,158 [INFO] IPUIPlugin:80 - create IPUIPlugin
2024-01-07 10:23:58,158 [INFO] PluginManager:220 - loadIPPluginJar : add linkedlist
2024-01-07 10:23:58,193 [INFO] IPUIPlugin:80 - create IPUIPlugin
2024-01-07 10:23:58,194 [INFO] PluginManager:220 - loadIPPluginJar : add lorawan
2024-01-07 10:23:58,232 [INFO] IPUIPlugin:80 - create IPUIPlugin
2024-01-07 10:23:58,232 [INFO] PluginManager:220 - loadIPPluginJar : add ltdc
2024-01-07 10:23:58,253 [INFO] IPUIPlugin:80 - create IPUIPlugin
2024-01-07 10:23:58,254 [INFO] PluginManager:220 - loadIPPluginJar : add mdma
2024-01-07 10:23:58,271 [INFO] IPUIPlugin:80 - create IPUIPlugin
2024-01-07 10:23:58,271 [INFO] PluginManager:220 - loadIPPluginJar : add nvic
2024-01-07 10:23:58,306 [INFO] IPUIPlugin:80 - create IPUIPlugin
2024-01-07 10:23:58,306 [INFO] PluginManager:220 - loadIPPluginJar : add opamp
2024-01-07 10:23:58,366 [INFO] IPUIPlugin:80 - create IPUIPlugin
2024-01-07 10:23:58,366 [INFO] PluginManager:220 - loadIPPluginJar : add openamp
2024-01-07 10:23:58,433 [INFO] IPUIPlugin:80 - create IPUIPlugin
2024-01-07 10:23:58,434 [INFO] PluginManager:220 - loadIPPluginJar : add pdm2pcm
2024-01-07 10:23:58,458 [INFO] IPUIPlugin:80 - create IPUIPlugin
2024-01-07 10:23:58,463 [INFO] PluginManager:220 - loadIPPluginJar : add plateformsettings
2024-01-07 10:23:58,497 [INFO] IPUIPlugin:80 - create IPUIPlugin
2024-01-07 10:23:58,497 [INFO] PluginManager:220 - loadIPPluginJar : add quadspi
2024-01-07 10:23:58,515 [INFO] IPUIPlugin:80 - create IPUIPlugin
2024-01-07 10:23:58,515 [INFO] PluginManager:220 - loadIPPluginJar : add resmgrutility
2024-01-07 10:23:58,567 [INFO] IPUIPlugin:80 - create IPUIPlugin
2024-01-07 10:23:58,567 [INFO] PluginManager:220 - loadIPPluginJar : add sai
2024-01-07 10:23:58,602 [INFO] IPUIPlugin:80 - create IPUIPlugin
2024-01-07 10:23:58,602 [INFO] PluginManager:220 - loadIPPluginJar : add spi
2024-01-07 10:23:58,660 [INFO] IPUIPlugin:80 - create IPUIPlugin
2024-01-07 10:23:58,660 [INFO] PluginManager:220 - loadIPPluginJar : add stm32_wpan
2024-01-07 10:23:58,682 [INFO] IPUIPlugin:80 - create IPUIPlugin
2024-01-07 10:23:58,683 [INFO] PluginManager:220 - loadIPPluginJar : add tim
2024-01-07 10:23:58,741 [INFO] IPUIPlugin:80 - create IPUIPlugin
2024-01-07 10:23:58,741 [INFO] PluginManager:220 - loadIPPluginJar : add touchsensing
2024-01-07 10:23:58,767 [INFO] IPUIPlugin:80 - create IPUIPlugin
2024-01-07 10:23:58,767 [INFO] PluginManager:220 - loadIPPluginJar : add tracer_emb
2024-01-07 10:23:58,796 [INFO] IPUIPlugin:80 - create IPUIPlugin
2024-01-07 10:23:58,796 [INFO] PluginManager:220 - loadIPPluginJar : add ts
2024-01-07 10:23:58,821 [INFO] IPUIPlugin:80 - create IPUIPlugin
2024-01-07 10:23:58,822 [INFO] PluginManager:220 - loadIPPluginJar : add tsc
2024-01-07 10:23:58,846 [INFO] IPUIPlugin:80 - create IPUIPlugin
2024-01-07 10:23:58,847 [INFO] PluginManager:220 - loadIPPluginJar : add ucpd
2024-01-07 10:23:58,893 [INFO] IPUIPlugin:80 - create IPUIPlugin
2024-01-07 10:23:58,893 [INFO] PluginManager:220 - loadIPPluginJar : add usart
2024-01-07 10:23:58,935 [INFO] IPUIPlugin:80 - create IPUIPlugin
2024-01-07 10:23:58,936 [INFO] PluginManager:220 - loadIPPluginJar : add usbx
2024-01-07 10:23:59,074 [INFO] CADModel:165 - CPN selected for project level
2024-01-07 10:23:59,074 [INFO] CADModel:114 - Register for checkConnection events
2024-01-07 10:23:59,075 [FATAL] Updater:308 - Updater called before beeing initialized
2024-01-07 10:23:59,075 [ERROR] CADModel:125 - Updater not yet initialized, retry later 
2024-01-07 10:23:59,177 [INFO] ThirdPartyUpdaterWithRetryManager:70 - Updater plugin not ready yet. [2/15]
2024-01-07 10:23:59,331 [INFO] CADModel:165 - CPN selected for project level
2024-01-07 10:23:59,331 [INFO] CADModel:114 - Register for checkConnection events
2024-01-07 10:23:59,332 [FATAL] Updater:308 - Updater called before beeing initialized
2024-01-07 10:23:59,332 [ERROR] CADModel:125 - Updater not yet initialized, retry later 
2024-01-07 10:23:59,337 [FATAL] Updater:308 - Updater called before beeing initialized
2024-01-07 10:23:59,491 [FATAL] Updater:308 - Updater called before beeing initialized
2024-01-07 10:23:59,505 [INFO] DbMcusAds:53 - JSON generation date=Wed Nov 29 11:52:27 CET 2023 (1701255147349)
2024-01-07 10:23:59,505 [FATAL] Updater:308 - Updater called before beeing initialized
2024-01-07 10:23:59,587 [WARN] DetailPanel:346 - Failed to get advertising image, set to default
2024-01-07 10:23:59,691 [FATAL] Updater:308 - Updater called before beeing initialized
2024-01-07 10:23:59,693 [FATAL] Updater:308 - Updater called before beeing initialized
2024-01-07 10:23:59,693 [FATAL] Updater:308 - Updater called before beeing initialized
2024-01-07 10:23:59,693 [WARN] DetailPanel:346 - Failed to get advertising image, set to default
2024-01-07 10:23:59,694 [FATAL] Updater:308 - Updater called before beeing initialized
2024-01-07 10:23:59,764 [ERROR] Updater:1120 - MainUpdater not yet initialized. External WinMGr cannot be set.
2024-01-07 10:23:59,775 [INFO] Updater:1056 - Updater Version found : 6.9.2
2024-01-07 10:23:59,797 [INFO] ApplicationProperties:184 - Using Application install path: C:\ST\STM32CubeIDE_1.11.2\STM32CubeIDE\plugins\com.st.stm32cube.common.mx_6.9.2.202309101412
2024-01-07 10:24:02,178 [FATAL] Updater:308 - Updater called before beeing initialized
2024-01-07 10:24:02,179 [ERROR] IntegrityCheckThread:130 - Cannot retrieve database content from updater: error 21
2024-01-07 10:24:02,180 [INFO] ThirdParty:978 - Integrity check success = false
2024-01-07 10:24:02,180 [INFO] IntegrityCheckThread:100 - exiting critical section [integrity check]
2024-01-07 10:24:02,180 [INFO] IntegrityCheckThread:103 - End integrity checks thread
2024-01-07 10:24:06,356 [INFO] MainUpdater:2868 - connection check result : 10
2024-01-07 10:24:06,358 [INFO] MainUpdater:285 - Updater Check For Update Now.
2024-01-07 10:24:06,358 [INFO] MicroXplorer:498 - Change Database Version : DB.6.0.92
2024-01-07 10:24:06,383 [INFO] McuFinderGlobals:63 - Set McuFinder mode to 2 (CubeIDE integrated)
2024-01-07 10:24:06,384 [INFO] UserAuth:179 - activating auth plugin
2024-01-07 10:24:06,389 [INFO] UserAuth:393 - Internet connection configuration mode: 1
2024-01-07 10:24:06,438 [INFO] JxBrowserEngine:151 - Initiate JxBrowser Engine with user profile folder
2024-01-07 10:24:06,635 [INFO] CheckServerUpdateThread:120 - End of CheckServer Thread
2024-01-07 10:24:10,157 [INFO] WebApp:157 - Instantiating new browser for Auth
2024-01-07 10:24:11,312 [INFO] WebApp:753 - Register for checkConnection events
2024-01-07 10:24:11,312 [INFO] WebApp:390 - Apply proxy settings
2024-01-07 10:24:11,313 [INFO] WebApp:475 - Chromium requires no authentication
2024-01-07 10:24:11,328 [INFO] WebApp:418 - Direct internet connection detected
2024-01-07 10:24:11,640 [INFO] WebApp:188 - Starting web application
2024-01-07 10:24:11,641 [INFO] WebApp:520 - Web application path used C:\ST\STM32CubeIDE_1.11.2\STM32CubeIDE\plugins\com.st.stm32cube.common.mx_6.9.2.202309101412\db\plugins\mcufinder\reactClient1\index.html
2024-01-07 10:24:19,863 [INFO] McuFinderGlobals:63 - Set McuFinder mode to 2 (CubeIDE integrated)
2024-01-07 10:24:19,911 [INFO] MainUpdater:2868 - connection check result : 10
2024-01-07 10:24:20,745 [INFO] ApiDb:581 - Connected to CubeFinder SQLite database (C:\Users\erkan\.stmcufinder\plugins\mcufinder\mcu\cube-finder-db.db)
2024-01-07 10:24:20,898 [INFO] ApiDb:668 - CubeFinder database Data Model version=2.1
2024-01-07 10:24:20,899 [INFO] ApiDb:669 - CubeFinder database Configuration version=3.0.39
2024-01-07 10:24:20,899 [INFO] ApiDb:670 - CubeFinder database generation date=2023-12-08 (1702028721)
2024-01-07 10:24:20,900 [INFO] ApiDb:671 - CubeFinder database FW Pack versions=[FP-ATR-ASTRA1_V2.0.0, FP-SNS-FLIGHT1_V5.0.1, FP-SNS-FLIGHT1_V5.0.2, FP-SNS-MOTENV1_V4.3.1, FP-SNS-MOTENV1_V4.3.2, FP-SNS-MOTENVWB1_V1.3.1, FP-SNS-SMARTAG2_V1.2.0, STM32Cube_FW_C0_V1.1.0, STM32Cube_FW_F4_V1.28.0, STM32Cube_FW_F7_V1.17.0, STM32Cube_FW_G0_V1.6.1, STM32Cube_FW_G4_V1.5.1, STM32Cube_FW_H5_V0.5.1, STM32Cube_FW_H5_V1.1.1, STM32Cube_FW_H5_V1.2.0RC2, STM32Cube_FW_H7_V1.11.0, STM32Cube_FW_L0_V1.12.2, STM32Cube_FW_L5_V1.5.0, STM32Cube_FW_U5_V1.3.0RC4, STM32Cube_FW_U5_V1.4.0, STM32Cube_FW_WBA_V1.0.0RC1, STM32Cube_FW_WBA_V1.1.0RC1, STM32Cube_FW_WBA_V1.2.0, STM32Cube_FW_WBA_V1.2.0RC2, STM32Cube_FW_WB_V1.15.0RC1, STM32Cube_FW_WB_V1.16.0, STM32Cube_FW_WB_V1.16.0RC2, STM32Cube_FW_WB_V1.18.0, STM32Cube_FW_WL_V1.3.0, X-CUBE-ALGOBUILD_V1.3.0, X-CUBE-ALS_V1.0.1, X-CUBE-AZRTOS-F4_V1.1.0, X-CUBE-AZRTOS-F7_V1.1.0, X-CUBE-AZRTOS-G0_V1.1.0, X-CUBE-AZRTOS-G4_V2.0.0, X-CUBE-AZRTOS-H7_V3.1.0, X-CUBE-AZRTOS-L4_V1.0.0, X-CUBE-AZRTOS-L4_V2.0.0, X-CUBE-AZRTOS-L5_V1.1.0, X-CUBE-AZRTOS-WB_V2.0.0, X-CUBE-AZRTOS-WL_V2.0.0, X-CUBE-BLE1_V7.0.0, X-CUBE-BLE2_V3.3.0, X-CUBE-BLEMGR_V3.0.0, X-CUBE-EEPRMA1_V4.1.0, X-CUBE-EEPRMA1_V4.2.0, X-CUBE-FREERTOS_V1.1.0, X-CUBE-GNSS1_V6.0.0, X-CUBE-MEMS1_V10.0.0, X-CUBE-MEMS1_V9.1.0, X-CUBE-MEMS1_V9.4.0, X-CUBE-MEMS1_V9.6.0, X-CUBE-NFC4_V3.0.0, X-CUBE-NFC7_V1.0.1, X-CUBE-SFXS2LP1_V4.0.0, X-CUBE-SUBG2_V5.0.0, X-CUBE-TOF1_V3.4.0]
2024-01-07 10:24:21,106 [INFO] DbBoardsSqlite:226 - include board P-NUCLEO-WB55-NUCLEO as a kit item of type 'Nucleo-64'
2024-01-07 10:24:21,107 [INFO] DbBoardsSqlite:226 - include board P-NUCLEO-WB55-USBDONGLE as a kit item of type 'Nucleo USB Dongle'
2024-01-07 10:24:21,109 [INFO] DbBoardsSqlite:226 - include board STEVAL-IDP005V1 as a kit item of type 'Evaluation Board'
2024-01-07 10:24:21,109 [INFO] DbBoardsSqlite:226 - include board STEVAL-IDP005V2 as a kit item of type 'Evaluation Board'
2024-01-07 10:24:21,801 [INFO] ApiDb:240 - Found 323 in-development CPN: [B-G473E-ZEST1S, B-WB1M-WPAN1, B-WL5M-SUBG1, NUCLEO-C031C6, NUCLEO-H503RB, NUCLEO-H563ZI, NUCLEO-U545RE-Q, NUCLEO-U5A5ZJ-Q, NUCLEO-WBA52CG, STEVAL-PROTEUS1, STEVAL-SMARTAG2, STEVAL-STWINBX1, STM320518-EVAL, STM32C0116-DK, STM32C011D6Y3TR, STM32C011D6Y6TR, STM32C011F4P3, STM32C011F4P6, STM32C011F4U3, STM32C011F4U6TR, STM32C011F6P3, STM32C011F6P6, STM32C011F6U3, STM32C011F6U6TR, STM32C011J4M3, STM32C011J4M6, STM32C011J6M3, STM32C011J6M6, STM32C0316-DK, STM32C031C4T3, STM32C031C4T6, STM32C031C4U3, STM32C031C4U6, STM32C031C6T3, STM32C031C6T6, STM32C031C6U3, STM32C031C6U6, STM32C031F4P3, STM32C031F4P6, STM32C031F6P3, STM32C031F6P6, STM32C031G4U3, STM32C031G4U6, STM32C031G6U3, STM32C031G6U6, STM32C031K4T3, STM32C031K4T6, STM32C031K4U3, STM32C031K4U6, STM32C031K6T3, STM32C031K6T6, STM32C031K6U3, STM32C031K6U6, STM32G071K8TXN, STM32G071K8UXN, STM32G081GBU6N, STM32G081KBT6N, STM32G081KBUXN, STM32G0B1CCT6N, STM32G0B1KCT6, STM32G0B1NEY6TR, STM32G0B1RCT6N, STM32G0C1CCT6, STM32G0C1CCT6N, STM32G0C1CCU6N, STM32G0C1CET6N, STM32G0C1CEU6N, STM32G0C1KCT6, STM32G0C1NEY6TR, STM32G0C1RCI6N, STM32G0C1RCT6N, STM32G0C1REI6N, STM32G0C1RET6N, STM32G0C1VCI6, STM32G0C1VEI6, STM32G471CCT6, STM32G471CCU6, STM32G471CET3, STM32G471CET6, STM32G471CEU3, STM32G471CEU6, STM32G471MCT6, STM32G471MET3, STM32G471MET6, STM32G471MEY6TR, STM32G471QCT6, STM32G471QET3, STM32G471RCT6, STM32G471RET3, STM32G471RET6, STM32G471VCH6, STM32G471VCI6, STM32G471VCT6, STM32G471VEH3, STM32G471VEH6, STM32G471VEI3, STM32G471VEI6, STM32G471VET3, STM32G471VET6, STM32G474CCT6, STM32H503CBT6, STM32H503CBU6, STM32H503EBY6TR, STM32H503KBU6, STM32H503RBT6, STM32H562AGI6, STM32H562AII6, STM32H562IGK6, STM32H562IGT6, STM32H562IIK6, STM32H562IIT6, STM32H562RGT6, STM32H562RGV6, STM32H562RIT6, STM32H562RIV6, STM32H562VGT6, STM32H562VIT6, STM32H562ZGT6, STM32H562ZIT6, STM32H563AGI6, STM32H563AII3Q, STM32H563AII6, STM32H563IGK6, STM32H563IGT6, STM32H563IIK3Q, STM32H563IIK6, STM32H563IIT3Q, STM32H563IIT6, STM32H563MIY3QTR, STM32H563RGT6, STM32H563RGV6, STM32H563RIT6, STM32H563RIV6, STM32H563VGT6, STM32H563VIT3Q, STM32H563VIT6, STM32H563ZGT6, STM32H563ZIT3Q, STM32H563ZIT6, STM32H573AII3Q, STM32H573AII6, STM32H573I-DK, STM32H573IIK3Q, STM32H573IIK6, STM32H573IIT3Q, STM32H573IIT6, STM32H573MIY3QTR, STM32H573RIT6, STM32H573RIV6, STM32H573VIT3Q, STM32H573VIT6, STM32H573ZIT3Q, STM32H573ZIT6, STM32L4R5QGI6STR, STM32MP131AAE3, STM32MP131AAF3, STM32MP131AAG3, STM32MP131CAE3, STM32MP131CAF3, STM32MP131CAG3, STM32MP131DAE7, STM32MP131DAF7, STM32MP131DAG7, STM32MP131FAE7, STM32MP131FAF7, STM32MP131FAG7, STM32MP133AAE3, STM32MP133AAF3, STM32MP133AAG3, STM32MP133CAE3, STM32MP133CAF3, STM32MP133CAG3, STM32MP133DAE7, STM32MP133DAF7, STM32MP133DAG7, STM32MP133FAE7, STM32MP133FAF7, STM32MP133FAG7, STM32MP135AAE3, STM32MP135AAF3, STM32MP135AAG3, STM32MP135CAE3, STM32MP135CAF3, STM32MP135CAG3, STM32MP135DAE7, STM32MP135DAF7, STM32MP135DAG7, STM32MP135F-DK, STM32MP135FAE7, STM32MP135FAF7, STM32MP135FAF7T, STM32MP135FAF7U, STM32MP135FAG7, STM32U535CBT6, STM32U535CBT6Q, STM32U535CBU6, STM32U535CBU6Q, STM32U535CCT6, STM32U535CCT6Q, STM32U535CCU6, STM32U535CCU6Q, STM32U535CET6, STM32U535CET6Q, STM32U535CEU6, STM32U535CEU6Q, STM32U535JEY6QTR, STM32U535NCY6QTR, STM32U535NEY6QTR, STM32U535RBI6, STM32U535RBI6Q, STM32U535RBT6, STM32U535RBT6Q, STM32U535RCI6, STM32U535RCI6Q, STM32U535RCT6, STM32U535RCT6Q, STM32U535REI6, STM32U535REI6Q, STM32U535RET6, STM32U535RET6Q, STM32U535VCI6, STM32U535VCI6Q, STM32U535VCT6, STM32U535VCT6Q, STM32U535VEI6, STM32U535VEI6Q, STM32U535VET6, STM32U535VET6Q, STM32U545CET6, STM32U545CET6Q, STM32U545CEU6, STM32U545CEU6Q, STM32U545JEY6QTR, STM32U545NEY6QTR, STM32U545REI6, STM32U545REI6Q, STM32U545RET6, STM32U545RET6Q, STM32U545VEI6, STM32U545VEI6Q, STM32U545VET6, STM32U545VET6Q, STM32U595AIH6, STM32U595AIH6Q, STM32U595AJH6, STM32U595AJH6Q, STM32U595QII6, STM32U595QII6Q, STM32U595QJI6, STM32U595QJI6Q, STM32U595RIT6, STM32U595RIT6Q, STM32U595RJT6, STM32U595RJT6Q, STM32U595VIT6, STM32U595VIT6Q, STM32U595VJT6, STM32U595VJT6Q, STM32U595ZIT6, STM32U595ZIT6Q, STM32U595ZIY6QTR, STM32U595ZJT6, STM32U595ZJT6Q, STM32U595ZJY6QTR, STM32U599BJY6QTR, STM32U599NIH6Q, STM32U599NJH6Q, STM32U599VIT6Q, STM32U599VJT6, STM32U599VJT6Q, STM32U599ZIT6Q, STM32U599ZIY6QTR, STM32U599ZJT6Q, STM32U599ZJY6QTR, STM32U5A5AJH6, STM32U5A5AJH6Q, STM32U5A5QJI6, STM32U5A5QJI6Q, STM32U5A5RJT6, STM32U5A5RJT6Q, STM32U5A5VJT6, STM32U5A5VJT6Q, STM32U5A5ZJT6, STM32U5A5ZJT6Q, STM32U5A5ZJY6QTR, STM32U5A9BJY6QTR, STM32U5A9J-DK, STM32U5A9NJH6Q, STM32U5A9VJT6Q, STM32U5A9ZJT6Q, STM32U5A9ZJY6QTR, STM32U5F7VIT6, STM32U5F7VIT6Q, STM32U5F7VJT6, STM32U5F7VJT6Q, STM32U5F9BJY6QTR, STM32U5F9NJH6Q, STM32U5F9VIT6Q, STM32U5F9VJT6Q, STM32U5F9ZIJ6QTR, STM32U5F9ZIT6Q, STM32U5F9ZJJ6QTR, STM32U5F9ZJT6Q, STM32U5G7VJT6, STM32U5G7VJT6Q, STM32U5G9BJY6QTR, STM32U5G9J-DK1, STM32U5G9J-DK2, STM32U5G9NJH6Q, STM32U5G9VJT6Q, STM32U5G9ZJJ6QTR, STM32U5G9ZJT6Q, STM32WB1MMCH6, STM32WBA52CEU6, STM32WBA52CEU6T, STM32WBA52CGU6, STM32WBA52CGU6T, STM32WBA52KEU6, STM32WBA52KEU6T, STM32WBA52KGU6, STM32WBA52KGU6T, STM32WL5MOCH6, STM32WL5MOCH6TR]
2024-01-07 10:24:21,807 [INFO] ApiDb:668 - CubeFinder database Data Model version=2.1
2024-01-07 10:24:21,807 [INFO] ApiDb:669 - CubeFinder database Configuration version=3.0.39
2024-01-07 10:24:21,807 [INFO] ApiDb:670 - CubeFinder database generation date=2023-12-08 (1702028721)
2024-01-07 10:24:21,807 [INFO] ApiDb:671 - CubeFinder database FW Pack versions=[FP-ATR-ASTRA1_V2.0.0, FP-SNS-FLIGHT1_V5.0.1, FP-SNS-FLIGHT1_V5.0.2, FP-SNS-MOTENV1_V4.3.1, FP-SNS-MOTENV1_V4.3.2, FP-SNS-MOTENVWB1_V1.3.1, FP-SNS-SMARTAG2_V1.2.0, STM32Cube_FW_C0_V1.1.0, STM32Cube_FW_F4_V1.28.0, STM32Cube_FW_F7_V1.17.0, STM32Cube_FW_G0_V1.6.1, STM32Cube_FW_G4_V1.5.1, STM32Cube_FW_H5_V0.5.1, STM32Cube_FW_H5_V1.1.1, STM32Cube_FW_H5_V1.2.0RC2, STM32Cube_FW_H7_V1.11.0, STM32Cube_FW_L0_V1.12.2, STM32Cube_FW_L5_V1.5.0, STM32Cube_FW_U5_V1.3.0RC4, STM32Cube_FW_U5_V1.4.0, STM32Cube_FW_WBA_V1.0.0RC1, STM32Cube_FW_WBA_V1.1.0RC1, STM32Cube_FW_WBA_V1.2.0, STM32Cube_FW_WBA_V1.2.0RC2, STM32Cube_FW_WB_V1.15.0RC1, STM32Cube_FW_WB_V1.16.0, STM32Cube_FW_WB_V1.16.0RC2, STM32Cube_FW_WB_V1.18.0, STM32Cube_FW_WL_V1.3.0, X-CUBE-ALGOBUILD_V1.3.0, X-CUBE-ALS_V1.0.1, X-CUBE-AZRTOS-F4_V1.1.0, X-CUBE-AZRTOS-F7_V1.1.0, X-CUBE-AZRTOS-G0_V1.1.0, X-CUBE-AZRTOS-G4_V2.0.0, X-CUBE-AZRTOS-H7_V3.1.0, X-CUBE-AZRTOS-L4_V1.0.0, X-CUBE-AZRTOS-L4_V2.0.0, X-CUBE-AZRTOS-L5_V1.1.0, X-CUBE-AZRTOS-WB_V2.0.0, X-CUBE-AZRTOS-WL_V2.0.0, X-CUBE-BLE1_V7.0.0, X-CUBE-BLE2_V3.3.0, X-CUBE-BLEMGR_V3.0.0, X-CUBE-EEPRMA1_V4.1.0, X-CUBE-EEPRMA1_V4.2.0, X-CUBE-FREERTOS_V1.1.0, X-CUBE-GNSS1_V6.0.0, X-CUBE-MEMS1_V10.0.0, X-CUBE-MEMS1_V9.1.0, X-CUBE-MEMS1_V9.4.0, X-CUBE-MEMS1_V9.6.0, X-CUBE-NFC4_V3.0.0, X-CUBE-NFC7_V1.0.1, X-CUBE-SFXS2LP1_V4.0.0, X-CUBE-SUBG2_V5.0.0, X-CUBE-TOF1_V3.4.0]
2024-01-07 10:24:24,584 [INFO] ApiDb:240 - Found 323 in-development CPN: [B-G473E-ZEST1S, B-WB1M-WPAN1, B-WL5M-SUBG1, NUCLEO-C031C6, NUCLEO-H503RB, NUCLEO-H563ZI, NUCLEO-U545RE-Q, NUCLEO-U5A5ZJ-Q, NUCLEO-WBA52CG, STEVAL-PROTEUS1, STEVAL-SMARTAG2, STEVAL-STWINBX1, STM320518-EVAL, STM32C0116-DK, STM32C011D6Y3TR, STM32C011D6Y6TR, STM32C011F4P3, STM32C011F4P6, STM32C011F4U3, STM32C011F4U6TR, STM32C011F6P3, STM32C011F6P6, STM32C011F6U3, STM32C011F6U6TR, STM32C011J4M3, STM32C011J4M6, STM32C011J6M3, STM32C011J6M6, STM32C0316-DK, STM32C031C4T3, STM32C031C4T6, STM32C031C4U3, STM32C031C4U6, STM32C031C6T3, STM32C031C6T6, STM32C031C6U3, STM32C031C6U6, STM32C031F4P3, STM32C031F4P6, STM32C031F6P3, STM32C031F6P6, STM32C031G4U3, STM32C031G4U6, STM32C031G6U3, STM32C031G6U6, STM32C031K4T3, STM32C031K4T6, STM32C031K4U3, STM32C031K4U6, STM32C031K6T3, STM32C031K6T6, STM32C031K6U3, STM32C031K6U6, STM32G071K8TXN, STM32G071K8UXN, STM32G081GBU6N, STM32G081KBT6N, STM32G081KBUXN, STM32G0B1CCT6N, STM32G0B1KCT6, STM32G0B1NEY6TR, STM32G0B1RCT6N, STM32G0C1CCT6, STM32G0C1CCT6N, STM32G0C1CCU6N, STM32G0C1CET6N, STM32G0C1CEU6N, STM32G0C1KCT6, STM32G0C1NEY6TR, STM32G0C1RCI6N, STM32G0C1RCT6N, STM32G0C1REI6N, STM32G0C1RET6N, STM32G0C1VCI6, STM32G0C1VEI6, STM32G471CCT6, STM32G471CCU6, STM32G471CET3, STM32G471CET6, STM32G471CEU3, STM32G471CEU6, STM32G471MCT6, STM32G471MET3, STM32G471MET6, STM32G471MEY6TR, STM32G471QCT6, STM32G471QET3, STM32G471RCT6, STM32G471RET3, STM32G471RET6, STM32G471VCH6, STM32G471VCI6, STM32G471VCT6, STM32G471VEH3, STM32G471VEH6, STM32G471VEI3, STM32G471VEI6, STM32G471VET3, STM32G471VET6, STM32G474CCT6, STM32H503CBT6, STM32H503CBU6, STM32H503EBY6TR, STM32H503KBU6, STM32H503RBT6, STM32H562AGI6, STM32H562AII6, STM32H562IGK6, STM32H562IGT6, STM32H562IIK6, STM32H562IIT6, STM32H562RGT6, STM32H562RGV6, STM32H562RIT6, STM32H562RIV6, STM32H562VGT6, STM32H562VIT6, STM32H562ZGT6, STM32H562ZIT6, STM32H563AGI6, STM32H563AII3Q, STM32H563AII6, STM32H563IGK6, STM32H563IGT6, STM32H563IIK3Q, STM32H563IIK6, STM32H563IIT3Q, STM32H563IIT6, STM32H563MIY3QTR, STM32H563RGT6, STM32H563RGV6, STM32H563RIT6, STM32H563RIV6, STM32H563VGT6, STM32H563VIT3Q, STM32H563VIT6, STM32H563ZGT6, STM32H563ZIT3Q, STM32H563ZIT6, STM32H573AII3Q, STM32H573AII6, STM32H573I-DK, STM32H573IIK3Q, STM32H573IIK6, STM32H573IIT3Q, STM32H573IIT6, STM32H573MIY3QTR, STM32H573RIT6, STM32H573RIV6, STM32H573VIT3Q, STM32H573VIT6, STM32H573ZIT3Q, STM32H573ZIT6, STM32L4R5QGI6STR, STM32MP131AAE3, STM32MP131AAF3, STM32MP131AAG3, STM32MP131CAE3, STM32MP131CAF3, STM32MP131CAG3, STM32MP131DAE7, STM32MP131DAF7, STM32MP131DAG7, STM32MP131FAE7, STM32MP131FAF7, STM32MP131FAG7, STM32MP133AAE3, STM32MP133AAF3, STM32MP133AAG3, STM32MP133CAE3, STM32MP133CAF3, STM32MP133CAG3, STM32MP133DAE7, STM32MP133DAF7, STM32MP133DAG7, STM32MP133FAE7, STM32MP133FAF7, STM32MP133FAG7, STM32MP135AAE3, STM32MP135AAF3, STM32MP135AAG3, STM32MP135CAE3, STM32MP135CAF3, STM32MP135CAG3, STM32MP135DAE7, STM32MP135DAF7, STM32MP135DAG7, STM32MP135F-DK, STM32MP135FAE7, STM32MP135FAF7, STM32MP135FAF7T, STM32MP135FAF7U, STM32MP135FAG7, STM32U535CBT6, STM32U535CBT6Q, STM32U535CBU6, STM32U535CBU6Q, STM32U535CCT6, STM32U535CCT6Q, STM32U535CCU6, STM32U535CCU6Q, STM32U535CET6, STM32U535CET6Q, STM32U535CEU6, STM32U535CEU6Q, STM32U535JEY6QTR, STM32U535NCY6QTR, STM32U535NEY6QTR, STM32U535RBI6, STM32U535RBI6Q, STM32U535RBT6, STM32U535RBT6Q, STM32U535RCI6, STM32U535RCI6Q, STM32U535RCT6, STM32U535RCT6Q, STM32U535REI6, STM32U535REI6Q, STM32U535RET6, STM32U535RET6Q, STM32U535VCI6, STM32U535VCI6Q, STM32U535VCT6, STM32U535VCT6Q, STM32U535VEI6, STM32U535VEI6Q, STM32U535VET6, STM32U535VET6Q, STM32U545CET6, STM32U545CET6Q, STM32U545CEU6, STM32U545CEU6Q, STM32U545JEY6QTR, STM32U545NEY6QTR, STM32U545REI6, STM32U545REI6Q, STM32U545RET6, STM32U545RET6Q, STM32U545VEI6, STM32U545VEI6Q, STM32U545VET6, STM32U545VET6Q, STM32U595AIH6, STM32U595AIH6Q, STM32U595AJH6, STM32U595AJH6Q, STM32U595QII6, STM32U595QII6Q, STM32U595QJI6, STM32U595QJI6Q, STM32U595RIT6, STM32U595RIT6Q, STM32U595RJT6, STM32U595RJT6Q, STM32U595VIT6, STM32U595VIT6Q, STM32U595VJT6, STM32U595VJT6Q, STM32U595ZIT6, STM32U595ZIT6Q, STM32U595ZIY6QTR, STM32U595ZJT6, STM32U595ZJT6Q, STM32U595ZJY6QTR, STM32U599BJY6QTR, STM32U599NIH6Q, STM32U599NJH6Q, STM32U599VIT6Q, STM32U599VJT6, STM32U599VJT6Q, STM32U599ZIT6Q, STM32U599ZIY6QTR, STM32U599ZJT6Q, STM32U599ZJY6QTR, STM32U5A5AJH6, STM32U5A5AJH6Q, STM32U5A5QJI6, STM32U5A5QJI6Q, STM32U5A5RJT6, STM32U5A5RJT6Q, STM32U5A5VJT6, STM32U5A5VJT6Q, STM32U5A5ZJT6, STM32U5A5ZJT6Q, STM32U5A5ZJY6QTR, STM32U5A9BJY6QTR, STM32U5A9J-DK, STM32U5A9NJH6Q, STM32U5A9VJT6Q, STM32U5A9ZJT6Q, STM32U5A9ZJY6QTR, STM32U5F7VIT6, STM32U5F7VIT6Q, STM32U5F7VJT6, STM32U5F7VJT6Q, STM32U5F9BJY6QTR, STM32U5F9NJH6Q, STM32U5F9VIT6Q, STM32U5F9VJT6Q, STM32U5F9ZIJ6QTR, STM32U5F9ZIT6Q, STM32U5F9ZJJ6QTR, STM32U5F9ZJT6Q, STM32U5G7VJT6, STM32U5G7VJT6Q, STM32U5G9BJY6QTR, STM32U5G9J-DK1, STM32U5G9J-DK2, STM32U5G9NJH6Q, STM32U5G9VJT6Q, STM32U5G9ZJJ6QTR, STM32U5G9ZJT6Q, STM32WB1MMCH6, STM32WBA52CEU6, STM32WBA52CEU6T, STM32WBA52CGU6, STM32WBA52CGU6T, STM32WBA52KEU6, STM32WBA52KEU6T, STM32WBA52KGU6, STM32WBA52KGU6T, STM32WL5MOCH6, STM32WL5MOCH6TR]
2024-01-07 10:24:24,591 [INFO] DbMcus:217 - Found 3882 MCUs, 3882 are supported
2024-01-07 10:24:24,592 [INFO] ApiDb:423 - Load user favorites file C:\Users\erkan/.stm32cubeide/favorites.mcus.txt: 0 item(s)
2024-01-07 10:24:24,592 [INFO] ApiDb:427 - User favorites MCUs=[]
2024-01-07 10:24:24,592 [INFO] DbMcus:223 - Set 0 / 0 favorites MCUs
2024-01-07 10:24:24,940 [INFO] BoardInfo:880 - No configuration file found for board P-NUCLEO-WB55
2024-01-07 10:24:24,940 [INFO] DbBoards:157 - Kit is not supported: P-NUCLEO-WB55
2024-01-07 10:24:24,944 [INFO] BoardInfo:880 - No configuration file found for board STEVAL-BFA001V1B
2024-01-07 10:24:24,944 [INFO] DbBoards:157 - Kit is not supported: STEVAL-BFA001V1B
2024-01-07 10:24:24,945 [INFO] BoardInfo:880 - No configuration file found for board STEVAL-BFA001V2B
2024-01-07 10:24:24,945 [INFO] DbBoards:157 - Kit is not supported: STEVAL-BFA001V2B
2024-01-07 10:24:24,949 [INFO] BoardInfo:880 - No configuration file found for board STEVAL-MKBOXPRO
2024-01-07 10:24:24,949 [INFO] DbBoards:157 - Board is not supported: STEVAL-MKBOXPRO
2024-01-07 10:24:25,079 [INFO] DbBoards:161 - Found 191 boards, 187 are supported
2024-01-07 10:24:25,083 [INFO] ApiDb:423 - Load user favorites file C:\Users\erkan/.stm32cubeide/favorites.boards.txt: 0 item(s)
2024-01-07 10:24:25,083 [INFO] ApiDb:427 - User favorites Boards=[]
2024-01-07 10:24:25,083 [INFO] DbBoards:190 - Set 0 / 0 favorites Boards
2024-01-07 10:24:25,084 [INFO] McuFinderGlobals:76 - Set McuFinderConnectedMode to true
2024-01-07 10:24:25,093 [INFO] MultiScanPanel:200 - Auto-refresh data requested => check proxy status ongoing
2024-01-07 10:24:25,097 [INFO] FinderPluginLoader:95 - Searching for filters in installed packs
2024-01-07 10:24:26,980 [INFO] LoadUrlFilesThread:185 - End of LoadServerUrlFiles without Thread
2024-01-07 10:24:26,996 [INFO] DetailPanel:341 - Set advertising image to C:/Users/erkan/STM32Cube/Repository/\en.prom-stm32wl3-mcu-finder.jpg
2024-01-07 10:24:33,634 [ERROR] LogOutputStream:75 - [STDERR_REDIRECT] SLF4J: Failed to load class "org.slf4j.impl.StaticLoggerBinder".
2024-01-07 10:24:33,636 [ERROR] LogOutputStream:75 - [STDERR_REDIRECT] SLF4J: Defaulting to no-operation (NOP) logger implementation
2024-01-07 10:24:33,640 [ERROR] LogOutputStream:75 - [STDERR_REDIRECT] SLF4J: See http://www.slf4j.org/codes.html#StaticLoggerBinder for further details.
2024-01-07 10:24:53,607 [INFO] MainUpdater:2868 - connection check result : 10
2024-01-07 10:24:53,609 [INFO] MainUpdater:2868 - connection check result : 10
2024-01-07 10:24:53,669 [INFO] MicroXplorer:468 - Change Database Path : 
2024-01-07 10:24:53,670 [INFO] MicroXplorer:498 - Change Database Version : DB.6.0.92
2024-01-07 10:24:53,676 [WARN] ThirdParty:871 - waiting for thirdparty lock release [close project]
2024-01-07 10:24:53,676 [INFO] ThirdParty:873 - entering critical section [close project]
2024-01-07 10:24:53,679 [INFO] ThirdParty:883 - exiting critical section [close project]
2024-01-07 10:24:53,683 [INFO] PinOutPanel:1499 - setPackage(No Configuration,No Configuration)
2024-01-07 10:24:53,692 [INFO] UtilMem:75 - Begin LoadConfig() Used Memory: 261846856 Bytes (528482304)
2024-01-07 10:24:53,694 [INFO] MicroXplorer:468 - Change Database Path : 
2024-01-07 10:24:53,694 [INFO] MicroXplorer:498 - Change Database Version : DB.6.0.92
2024-01-07 10:24:53,694 [INFO] OpenFileManager:308 - Change cursor
2024-01-07 10:24:53,710 [WARN] IntegrityCheckThread:84 - waiting for thirdparty lock release [integrity check]
2024-01-07 10:24:53,710 [INFO] IntegrityCheckThread:86 - entering critical section [integrity check]
2024-01-07 10:24:54,087 [WARN] PackLoader:240 - Cannot read IP mode file for STMicroelectronics.X-CUBE-SMBUS.2.1.0
2024-01-07 10:24:54,107 [WARN] PackLoader:240 - Cannot read IP mode file for STMicroelectronics.X-CUBE-TOUCHGFX.4.23.0
2024-01-07 10:24:54,157 [WARN] PackLoader:240 - Cannot read IP mode file for STMicroelectronics.X-CUBE-AZRTOS-F7.1.1.0
2024-01-07 10:24:54,177 [WARN] PackLoader:240 - Cannot read IP mode file for STMicroelectronics.FP-SNS-MOTENV1.4.3.2
2024-01-07 10:24:54,196 [WARN] PackLoader:240 - Cannot read IP mode file for STMicroelectronics.X-CUBE-BLE1.6.2.4
2024-01-07 10:24:54,209 [WARN] PackLoader:240 - Cannot read IP mode file for STMicroelectronics.FP-SNS-FLIGHT1.5.0.2
2024-01-07 10:24:54,229 [WARN] PackLoader:240 - Cannot read IP mode file for STMicroelectronics.X-CUBE-DISPLAY.3.0.0
2024-01-07 10:24:54,245 [WARN] PackLoader:240 - Cannot read IP mode file for STMicroelectronics.X-CUBE-BLE1.7.0.0
2024-01-07 10:24:54,258 [WARN] PackLoader:240 - Cannot read IP mode file for STMicroelectronics.X-CUBE-TOUCHGFX.4.22.0
2024-01-07 10:24:54,271 [WARN] PackLoader:240 - Cannot read IP mode file for STMicroelectronics.X-CUBE-TOUCHGFX.4.22.1
2024-01-07 10:24:54,283 [WARN] PackLoader:240 - Cannot read IP mode file for STMicroelectronics.FP-SNS-SMARTAG2.1.2.0
2024-01-07 10:24:54,317 [INFO] LogOutputStream:77 - [STDOUT_REDIRECT] 1 : Invalid condition id : UX_CORESTACK_Condition cause : null
2024-01-07 10:24:54,321 [INFO] LogOutputStream:77 - [STDOUT_REDIRECT] 1 : Invalid condition id : UX_CORESTACK_Condition cause : null
2024-01-07 10:24:54,323 [INFO] LogOutputStream:77 - [STDOUT_REDIRECT] 1 : Invalid condition id : UX_CORESTACK_Condition cause : null
2024-01-07 10:24:54,324 [INFO] LogOutputStream:77 - [STDOUT_REDIRECT] 1 : Invalid condition id : UX_CORESTACK_Condition cause : null
2024-01-07 10:24:54,325 [INFO] LogOutputStream:77 - [STDOUT_REDIRECT] 1 : Invalid condition id : UX_CORESTACK_Condition cause : null
2024-01-07 10:24:54,329 [WARN] PackLoader:240 - Cannot read IP mode file for STMicroelectronics.X-CUBE-AZRTOS-WL.2.0.0
2024-01-07 10:24:54,493 [WARN] PackLoader:240 - Cannot read IP mode file for WES.I-CUBE-Cesium.1.3.0
2024-01-07 10:24:54,514 [WARN] PackLoader:240 - Cannot read IP mode file for STMicroelectronics.X-CUBE-BLE2.3.3.0
2024-01-07 10:24:54,543 [WARN] PackLoader:240 - Cannot read IP mode file for STMicroelectronics.X-CUBE-TOF1.3.2.0
2024-01-07 10:24:54,568 [WARN] PackLoader:240 - Cannot read IP mode file for STMicroelectronics.X-CUBE-TOUCHGFX.4.21.1
2024-01-07 10:24:54,584 [WARN] PackLoader:240 - Cannot read IP mode file for STMicroelectronics.X-CUBE-AI.7.3.0
2024-01-07 10:24:54,604 [WARN] PackLoader:240 - Cannot read IP mode file for STMicroelectronics.X-CUBE-ALGOBUILD.1.3.0
2024-01-07 10:24:54,645 [WARN] PackLoader:240 - Cannot read IP mode file for STMicroelectronics.X-CUBE-AZRTOS-G0.1.1.0
2024-01-07 10:24:54,661 [WARN] PackLoader:240 - Cannot read IP mode file for STMicroelectronics.X-CUBE-NFC4.3.0.0
2024-01-07 10:24:54,686 [WARN] PackLoader:240 - Cannot read IP mode file for STMicroelectronics.X-CUBE-BLEMGR.3.0.0
2024-01-07 10:24:54,707 [WARN] PackLoader:240 - Cannot read IP mode file for STMicroelectronics.X-CUBE-BLEMGR.1.3.0
2024-01-07 10:24:54,729 [WARN] PackLoader:240 - Cannot read IP mode file for STMicroelectronics.FP-ATR-SIGFOX1.3.2.0
2024-01-07 10:24:54,888 [WARN] PackLoader:240 - Cannot read IP mode file for STMicroelectronics.X-CUBE-MEMS1.9.5.0
2024-01-07 10:24:55,118 [WARN] PackLoader:240 - Cannot read IP mode file for SEGGER.I-CUBE-embOS.1.3.1
2024-01-07 10:24:55,212 [WARN] PackLoader:240 - Cannot read IP mode file for STMicroelectronics.X-CUBE-GNSS1.6.0.0
2024-01-07 10:24:55,256 [WARN] PackLoader:240 - Cannot read IP mode file for STMicroelectronics.X-CUBE-AZRTOS-F4.1.1.0
2024-01-07 10:24:55,351 [WARN] PackLoader:240 - Cannot read IP mode file for STMicroelectronics.X-CUBE-AZRTOS-L5.2.0.0
2024-01-07 10:24:55,482 [WARN] PackLoader:240 - Cannot read IP mode file for STMicroelectronics.X-CUBE-MEMS1.9.6.0
2024-01-07 10:24:55,831 [WARN] PackLoader:240 - Cannot read IP mode file for STMicroelectronics.X-CUBE-EEPRMA1.4.2.0
2024-01-07 10:24:55,866 [WARN] PackLoader:240 - Cannot read IP mode file for ITTIA_DB.I-CUBE-ITTIADB.8.8.0
2024-01-07 10:24:55,892 [WARN] PackLoader:240 - Cannot read IP mode file for emotas.I-CUBE-CANOPEN.1.1.3
2024-01-07 10:24:55,916 [WARN] PackLoader:240 - Cannot read IP mode file for STMicroelectronics.X-CUBE-BLEMGR.2.0.0
2024-01-07 10:24:55,975 [WARN] ConditionMgr:438 - getConditionDescription Invalid condition id : UX DEVICE CLASS RTOS Condition cause : null
2024-01-07 10:24:55,976 [WARN] ConditionMgr:438 - getConditionDescription Invalid condition id : UX DEVICE CLASS RTOS Condition cause : null
2024-01-07 10:24:55,980 [WARN] PackLoader:240 - Cannot read IP mode file for STMicroelectronics.X-CUBE-AZRTOS-H7.3.1.0
2024-01-07 10:24:55,983 [WARN] ConditionMgr:1039 - genDependencies : Invalid condition id : UX DEVICE CLASS RTOS Condition cause : null
2024-01-07 10:24:55,983 [WARN] ConditionMgr:1039 - genDependencies : Invalid condition id : UX DEVICE CLASS RTOS Condition cause : null
2024-01-07 10:24:55,984 [WARN] ConditionMgr:1039 - genDependencies : Invalid condition id : UX DEVICE CLASS RTOS Condition cause : null
2024-01-07 10:24:55,984 [WARN] ConditionMgr:1039 - genDependencies : Invalid condition id : UX DEVICE CLASS RTOS Condition cause : null
2024-01-07 10:24:55,984 [WARN] ConditionMgr:1039 - genDependencies : Invalid condition id : UX DEVICE CLASS RTOS Condition cause : null
2024-01-07 10:24:56,009 [WARN] PackLoader:240 - Cannot read IP mode file for wolfSSL.I-CUBE-wolfSSL.5.5.4
2024-01-07 10:24:56,037 [WARN] PackLoader:240 - Cannot read IP mode file for STMicroelectronics.X-CUBE-NFC7.1.0.1
2024-01-07 10:24:56,064 [WARN] PackLoader:240 - Cannot read IP mode file for STMicroelectronics.X-CUBE-NFC7.1.0.0
2024-01-07 10:24:56,124 [WARN] PackLoader:240 - Cannot read IP mode file for STMicroelectronics.X-CUBE-NFC6.3.0.0
2024-01-07 10:24:56,174 [WARN] PackLoader:240 - Cannot read IP mode file for STMicroelectronics.X-CUBE-EEPRMA1.4.1.0
2024-01-07 10:24:56,211 [WARN] PackLoader:240 - Cannot read IP mode file for STMicroelectronics.X-CUBE-AI.8.1.0
2024-01-07 10:24:56,265 [WARN] ConditionMgr:438 - getConditionDescription Invalid condition id : LAN8742 Phy interface Condition cause : null
2024-01-07 10:24:56,266 [WARN] PackLoader:240 - Cannot read IP mode file for STMicroelectronics.X-CUBE-AZRTOS-L4.2.0.0
2024-01-07 10:24:56,268 [WARN] ConditionMgr:1039 - genDependencies : Invalid condition id : LAN8742 Phy interface Condition cause : null
2024-01-07 10:24:56,269 [WARN] ConditionMgr:1039 - genDependencies : Invalid condition id : LAN8742 Phy interface Condition cause : null
2024-01-07 10:24:56,270 [WARN] ConditionMgr:1039 - genDependencies : Invalid condition id : LAN8742 Phy interface Condition cause : null
2024-01-07 10:24:56,296 [WARN] PackLoader:240 - Cannot read IP mode file for STMicroelectronics.X-CUBE-SFXS2LP1.4.0.0
2024-01-07 10:24:56,351 [WARN] PackLoader:240 - Cannot read IP mode file for STMicroelectronics.X-CUBE-AZRTOS-H7.3.0.0
2024-01-07 10:24:56,375 [WARN] PackLoader:240 - Cannot read IP mode file for STMicroelectronics.X-CUBE-ISPU.1.1.0
2024-01-07 10:24:56,396 [WARN] PackLoader:240 - Cannot read IP mode file for RoweBots.I-CUBE-UNISONRTOS.5.5.0-4
2024-01-07 10:24:56,416 [WARN] PackLoader:240 - Cannot read IP mode file for STMicroelectronics.X-CUBE-AI.8.0.0
2024-01-07 10:24:56,451 [WARN] ConditionMgr:438 - getConditionDescription Invalid condition id : UX DEVICE CLASS RTOS Condition cause : null
2024-01-07 10:24:56,452 [WARN] ConditionMgr:438 - getConditionDescription Invalid condition id : UX DEVICE CLASS RTOS Condition cause : null
2024-01-07 10:24:56,455 [WARN] PackLoader:240 - Cannot read IP mode file for STMicroelectronics.X-CUBE-AZRTOS-WB.2.0.0
2024-01-07 10:24:56,456 [WARN] ConditionMgr:1039 - genDependencies : Invalid condition id : UX DEVICE CLASS RTOS Condition cause : null
2024-01-07 10:24:56,456 [WARN] ConditionMgr:1039 - genDependencies : Invalid condition id : UX DEVICE CLASS RTOS Condition cause : null
2024-01-07 10:24:56,457 [WARN] ConditionMgr:1039 - genDependencies : Invalid condition id : UX DEVICE CLASS RTOS Condition cause : null
2024-01-07 10:24:56,457 [WARN] ConditionMgr:1039 - genDependencies : Invalid condition id : UX DEVICE CLASS RTOS Condition cause : null
2024-01-07 10:24:56,457 [WARN] ConditionMgr:1039 - genDependencies : Invalid condition id : UX DEVICE CLASS RTOS Condition cause : null
2024-01-07 10:24:56,479 [WARN] PackLoader:240 - Cannot read IP mode file for STMicroelectronics.X-CUBE-FREERTOS.1.0.1
2024-01-07 10:24:56,512 [WARN] PackLoader:240 - Cannot read IP mode file for STMicroelectronics.X-CUBE-AZRTOS-L5.1.1.0
2024-01-07 10:24:56,539 [WARN] PackLoader:240 - Cannot read IP mode file for STMicroelectronics.X-CUBE-SUBG2.5.0.0
2024-01-07 10:24:56,570 [WARN] PackLoader:240 - Cannot read IP mode file for STMicroelectronics.X-CUBE-TOF1.3.3.1
2024-01-07 10:24:56,612 [WARN] PackLoader:240 - Cannot read IP mode file for STMicroelectronics.X-CUBE-AZRTOS-G4.2.0.0
2024-01-07 10:24:56,630 [WARN] PackLoader:240 - Cannot read IP mode file for STMicroelectronics.FP-ATR-ASTRA1.1.1.1
2024-01-07 10:24:56,665 [WARN] PackLoader:240 - Cannot read IP mode file for Infineon.AIROC-Wi-Fi-Bluetooth-STM32.1.5.1
2024-01-07 10:24:56,686 [WARN] PackLoader:240 - Cannot read IP mode file for STMicroelectronics.FP-SNS-MOTENVWB1.1.3.0
2024-01-07 10:24:56,703 [WARN] PackLoader:240 - Cannot read IP mode file for STMicroelectronics.FP-SNS-MOTENVWB1.1.3.1
2024-01-07 10:24:56,739 [WARN] PackLoader:240 - Cannot read IP mode file for STMicroelectronics.X-CUBE-AZRTOS-G4.1.0.0
2024-01-07 10:24:56,793 [WARN] PackLoader:240 - Cannot read IP mode file for STMicroelectronics.X-CUBE-AZRTOS-L4.1.0.0
2024-01-07 10:24:56,814 [WARN] PackLoader:240 - Cannot read IP mode file for STMicroelectronics.X-CUBE-ISPU.2.0.0
2024-01-07 10:24:56,880 [WARN] PackLoader:240 - Cannot read IP mode file for STMicroelectronics.X-CUBE-MEMS1.10.0.0
2024-01-07 10:24:57,026 [WARN] PackLoader:240 - Cannot read IP mode file for STMicroelectronics.X-CUBE-FREERTOS.1.1.0
2024-01-07 10:24:57,050 [WARN] PackLoader:240 - Cannot read IP mode file for STMicroelectronics.X-CUBE-AZRTOS-WL.1.0.0
2024-01-07 10:24:57,079 [WARN] PackLoader:240 - Cannot read IP mode file for portGmbH.I-Cube-SoM-uGOAL.1.1.0
2024-01-07 10:24:57,093 [WARN] PackLoader:240 - Cannot read IP mode file for STMicroelectronics.X-CUBE-ALS.1.0.1
2024-01-07 10:24:57,122 [WARN] PackLoader:240 - Cannot read IP mode file for STMicroelectronics.X-CUBE-AZRTOS-WB.1.1.0
2024-01-07 10:24:57,138 [WARN] PackLoader:240 - Cannot read IP mode file for STMicroelectronics.FP-ATR-ASTRA1.2.0.0
2024-01-07 10:24:57,162 [WARN] PackLoader:240 - Cannot read IP mode file for STMicroelectronics.X-CUBE-TOF1.3.4.0
2024-01-07 10:24:57,204 [WARN] PackLoader:240 - Cannot read IP mode file for STMicroelectronics.X-CUBE-AZRTOS-H7.3.2.0
2024-01-07 10:24:57,206 [INFO] ThirdParty:978 - Integrity check success = true
2024-01-07 10:24:57,206 [INFO] IntegrityCheckThread:100 - exiting critical section [integrity check]
2024-01-07 10:24:57,206 [INFO] IntegrityCheckThread:103 - End integrity checks thread
2024-01-07 10:24:57,364 [INFO] Mcu:1946 - Initializing MCU STM32F407VGTx STM32F407VGTx STM32F407VGT6
2024-01-07 10:25:00,645 [INFO] Context:659 - Trying to add GPIOservice into a context  which must be forbidden
2024-01-07 10:25:01,340 [INFO] ImportTextPane:194 - (OptionalMessage_ERROR) Unable to find key (Mcu.ThirdPartyNb) in loaded IOC file
2024-01-07 10:25:01,340 [INFO] ImportTextPane:194 - (OptionalMessage_ERROR) Unable to find key (Mcu.PinsNb) in loaded IOC file
2024-01-07 10:25:01,341 [INFO] ImportTextPane:194 - (OptionalMessage_ERROR) Unable to find key (Mcu.IPNb) in loaded IOC file
2024-01-07 10:25:01,690 [INFO] RtosManager:555 - Registered RTOS mode: class=CMSIS, group=RTOS, mode=CMSIS_V1, owner=FREERTOS
2024-01-07 10:25:01,692 [INFO] RtosManager:555 - Registered RTOS mode: class=CMSIS, group=RTOS2, mode=CMSIS_V2, owner=FREERTOS
2024-01-07 10:25:01,692 [INFO] RtosManager:555 - Registered RTOS mode: class=RTOS, group=Core, mode=CMSIS_V1, owner=FREERTOS
2024-01-07 10:25:01,692 [INFO] RtosManager:555 - Registered RTOS mode: class=RTOS, group=Core, mode=CMSIS_V2, owner=FREERTOS
2024-01-07 10:25:01,692 [WARN] ModelIntegratedComponent:184 - Missing modes for component STMicroelectronics:FreeRTOS:0.0.1:STMicroelectronics:RTOS:FreeRTOS:Core:::10.2.0:
2024-01-07 10:25:01,720 [WARN] ModelIntegratedComponent:63 - No mode defined for component null
2024-01-07 10:25:01,720 [WARN] ModelIntegratedComponent:63 - No mode defined for component null
2024-01-07 10:25:01,720 [WARN] ModelIntegratedComponent:63 - No mode defined for component null
2024-01-07 10:25:01,720 [WARN] ModelIntegratedComponent:63 - No mode defined for component null
2024-01-07 10:25:01,720 [WARN] ModelIntegratedComponent:63 - No mode defined for component null
2024-01-07 10:25:01,720 [WARN] ModelIntegratedComponent:63 - No mode defined for component null
2024-01-07 10:25:01,721 [WARN] ModelIntegratedComponent:63 - No mode defined for component null
2024-01-07 10:25:01,721 [WARN] ModelIntegratedComponent:63 - No mode defined for component null
2024-01-07 10:25:01,721 [WARN] ModelIntegratedComponent:63 - No mode defined for component null
2024-01-07 10:25:01,721 [WARN] ModelIntegratedComponent:63 - No mode defined for component null
2024-01-07 10:25:01,721 [WARN] ModelIntegratedComponent:63 - No mode defined for component null
2024-01-07 10:25:01,721 [WARN] ModelIntegratedComponent:63 - No mode defined for component null
2024-01-07 10:25:01,721 [WARN] ModelIntegratedComponent:63 - No mode defined for component null
2024-01-07 10:25:01,721 [WARN] ModelIntegratedComponent:63 - No mode defined for component null
2024-01-07 10:25:01,721 [WARN] ModelIntegratedComponent:63 - No mode defined for component null
2024-01-07 10:25:01,722 [WARN] ModelIntegratedComponent:63 - No mode defined for component null
2024-01-07 10:25:01,722 [WARN] ModelIntegratedComponent:63 - No mode defined for component null
2024-01-07 10:25:01,722 [WARN] ModelIntegratedComponent:63 - No mode defined for component null
2024-01-07 10:25:01,722 [WARN] ModelIntegratedComponent:63 - No mode defined for component null
2024-01-07 10:25:01,722 [WARN] ModelIntegratedComponent:63 - No mode defined for component null
2024-01-07 10:25:01,722 [WARN] ModelIntegratedComponent:63 - No mode defined for component null
2024-01-07 10:25:01,722 [WARN] ModelIntegratedComponent:63 - No mode defined for component null
2024-01-07 10:25:01,722 [WARN] ModelIntegratedComponent:63 - No mode defined for component null
2024-01-07 10:25:01,722 [WARN] ModelIntegratedComponent:63 - No mode defined for component null
2024-01-07 10:25:01,722 [WARN] ModelIntegratedComponent:63 - No mode defined for component null
2024-01-07 10:25:01,723 [WARN] ModelIntegratedComponent:63 - No mode defined for component null
2024-01-07 10:25:01,723 [WARN] ModelIntegratedComponent:63 - No mode defined for component null
2024-01-07 10:25:01,723 [WARN] ModelIntegratedComponent:63 - No mode defined for component null
2024-01-07 10:25:01,723 [WARN] ModelIntegratedComponent:63 - No mode defined for component null
2024-01-07 10:25:01,723 [WARN] ModelIntegratedComponent:63 - No mode defined for component null
2024-01-07 10:25:01,723 [WARN] ModelIntegratedComponent:63 - No mode defined for component null
2024-01-07 10:25:01,723 [WARN] ModelIntegratedComponent:63 - No mode defined for component null
2024-01-07 10:25:01,723 [WARN] ModelIntegratedComponent:63 - No mode defined for component null
2024-01-07 10:25:02,005 [INFO] ThirdPartyModel:298 - Start build external matchings
2024-01-07 10:25:04,500 [INFO] ThirdPartyModel:316 - End build external matchings
2024-01-07 10:25:05,192 [INFO] UtilMem:75 - End LoadConfig() Used Memory: 386891200 Bytes (896532480)
2024-01-07 10:25:05,235 [WARN] ThirdParty:833 - waiting for thirdparty lock release [change project]
2024-01-07 10:25:05,235 [INFO] ThirdParty:835 - entering critical section [change project]
2024-01-07 10:25:05,236 [INFO] ThirdParty:1030 - CMSIS Pack Vendor :STMicroelectronics X-CUBE-ISPU 1.1.0
2024-01-07 10:25:05,236 [INFO] ThirdParty:1030 - CMSIS Pack Vendor :STMicroelectronics USBPD 4.1
2024-01-07 10:25:05,236 [INFO] ThirdParty:1030 - CMSIS Pack Vendor :RoweBots I-CUBE-UNISONRTOS 5.5.0-4
2024-01-07 10:25:05,236 [INFO] ThirdParty:1030 - CMSIS Pack Vendor :STMicroelectronics X-CUBE-GNSS1 6.0.0
2024-01-07 10:25:05,236 [INFO] ThirdParty:1030 - CMSIS Pack Vendor :STMicroelectronics USB_HOST 2.0.0
2024-01-07 10:25:05,236 [INFO] ThirdParty:1030 - CMSIS Pack Vendor :STMicroelectronics X-CUBE-AZRTOS-F4 1.1.0
2024-01-07 10:25:05,236 [INFO] ThirdParty:1030 - CMSIS Pack Vendor :STMicroelectronics LIBJPEG 8.0.0
2024-01-07 10:25:05,236 [INFO] ThirdParty:1030 - CMSIS Pack Vendor :STMicroelectronics X-CUBE-SMBUS 2.1.0
2024-01-07 10:25:05,236 [INFO] ThirdParty:1030 - CMSIS Pack Vendor :STMicroelectronics USB_DEVICE 3.0.0
2024-01-07 10:25:05,237 [INFO] ThirdParty:1030 - CMSIS Pack Vendor :STMicroelectronics X-CUBE-AI 8.0.0
2024-01-07 10:25:05,237 [INFO] ThirdParty:1030 - CMSIS Pack Vendor :STMicroelectronics X-CUBE-AZRTOS-WB 2.0.0
2024-01-07 10:25:05,237 [INFO] ThirdParty:1030 - CMSIS Pack Vendor :STMicroelectronics X-CUBE-FREERTOS 1.0.1
2024-01-07 10:25:05,237 [INFO] ThirdParty:1030 - CMSIS Pack Vendor :STMicroelectronics X-CUBE-TOUCHGFX 4.21.1
2024-01-07 10:25:05,237 [INFO] ThirdParty:1030 - CMSIS Pack Vendor :STMicroelectronics X-CUBE-TOUCHGFX 4.23.0
2024-01-07 10:25:05,237 [INFO] ThirdParty:1030 - CMSIS Pack Vendor :STMicroelectronics X-CUBE-AZRTOS-F7 1.1.0
2024-01-07 10:25:05,237 [INFO] ThirdParty:1030 - CMSIS Pack Vendor :STMicroelectronics X-CUBE-AZRTOS-L5 2.0.0
2024-01-07 10:25:05,237 [INFO] ThirdParty:1030 - CMSIS Pack Vendor :STMicroelectronics USB_DEVICE 2.0.0
2024-01-07 10:25:05,237 [INFO] ThirdParty:1030 - CMSIS Pack Vendor :STMicroelectronics X-CUBE-AI 7.3.0
2024-01-07 10:25:05,237 [INFO] ThirdParty:1030 - CMSIS Pack Vendor :STMicroelectronics X-CUBE-MEMS1 9.6.0
2024-01-07 10:25:05,237 [INFO] ThirdParty:1030 - CMSIS Pack Vendor :STMicroelectronics X-CUBE-EEPRMA1 4.2.0
2024-01-07 10:25:05,237 [INFO] ThirdParty:1030 - CMSIS Pack Vendor :ITTIA_DB I-CUBE-ITTIADB 8.8.0
2024-01-07 10:25:05,238 [INFO] ThirdParty:1030 - CMSIS Pack Vendor :STMicroelectronics FP-SNS-MOTENV1 4.3.2
2024-01-07 10:25:05,238 [INFO] ThirdParty:1030 - CMSIS Pack Vendor :STMicroelectronics X-CUBE-ALGOBUILD 1.3.0
2024-01-07 10:25:05,238 [INFO] ThirdParty:1030 - CMSIS Pack Vendor :STMicroelectronics X-CUBE-BLE1 6.2.4
2024-01-07 10:25:05,238 [INFO] ThirdParty:1030 - CMSIS Pack Vendor :STMicroelectronics X-CUBE-AZRTOS-L5 1.1.0
2024-01-07 10:25:05,238 [INFO] ThirdParty:1030 - CMSIS Pack Vendor :STMicroelectronics FreeRTOS 0.0.1
2024-01-07 10:25:05,238 [INFO] ThirdParty:1030 - CMSIS Pack Vendor :STMicroelectronics X-CUBE-AZRTOS-G0 1.1.0
2024-01-07 10:25:05,238 [INFO] ThirdParty:1030 - CMSIS Pack Vendor :emotas I-CUBE-CANOPEN 1.1.3
2024-01-07 10:25:05,238 [INFO] ThirdParty:1030 - CMSIS Pack Vendor :STMicroelectronics X-CUBE-BLEMGR 2.0.0
2024-01-07 10:25:05,238 [INFO] ThirdParty:1030 - CMSIS Pack Vendor :STMicroelectronics X-CUBE-NFC4 3.0.0
2024-01-07 10:25:05,238 [INFO] ThirdParty:1030 - CMSIS Pack Vendor :STMicroelectronics X-CUBE-SUBG2 5.0.0
2024-01-07 10:25:05,238 [INFO] ThirdParty:1030 - CMSIS Pack Vendor :STMicroelectronics STM32_WPAN 1.0.0
2024-01-07 10:25:05,238 [INFO] ThirdParty:1030 - CMSIS Pack Vendor :STMicroelectronics lwIP 2.0.3
2024-01-07 10:25:05,238 [INFO] ThirdParty:1030 - CMSIS Pack Vendor :STMicroelectronics FP-SNS-FLIGHT1 5.0.2
2024-01-07 10:25:05,238 [INFO] ThirdParty:1030 - CMSIS Pack Vendor :STMicroelectronics USB_HOST 1.0.0
2024-01-07 10:25:05,238 [INFO] ThirdParty:1030 - CMSIS Pack Vendor :STMicroelectronics X-CUBE-TOF1 3.3.1
2024-01-07 10:25:05,238 [INFO] ThirdParty:1030 - CMSIS Pack Vendor :STMicroelectronics X-CUBE-AZRTOS-G4 2.0.0
2024-01-07 10:25:05,238 [INFO] ThirdParty:1030 - CMSIS Pack Vendor :STMicroelectronics PDM2PCM 3.1.0
2024-01-07 10:25:05,239 [INFO] ThirdParty:1030 - CMSIS Pack Vendor :STMicroelectronics X-CUBE-AZRTOS-H7 3.1.0
2024-01-07 10:25:05,239 [INFO] ThirdParty:1030 - CMSIS Pack Vendor :STMicroelectronics FP-ATR-ASTRA1 1.1.1
2024-01-07 10:25:05,239 [INFO] ThirdParty:1030 - CMSIS Pack Vendor :Infineon AIROC-Wi-Fi-Bluetooth-STM32 1.5.1
2024-01-07 10:25:05,239 [INFO] ThirdParty:1030 - CMSIS Pack Vendor :STMicroelectronics X-CUBE-BLEMGR 3.0.0
2024-01-07 10:25:05,239 [INFO] ThirdParty:1030 - CMSIS Pack Vendor :STMicroelectronics PDM2PCM 3.3.0
2024-01-07 10:25:05,239 [INFO] ThirdParty:1030 - CMSIS Pack Vendor :STMicroelectronics X-CUBE-DISPLAY 3.0.0
2024-01-07 10:25:05,239 [INFO] ThirdParty:1030 - CMSIS Pack Vendor :STMicroelectronics X-CUBE-BLEMGR 1.3.0
2024-01-07 10:25:05,239 [INFO] ThirdParty:1030 - CMSIS Pack Vendor :STMicroelectronics FP-SNS-MOTENVWB1 1.3.0
2024-01-07 10:25:05,239 [INFO] ThirdParty:1030 - CMSIS Pack Vendor :STMicroelectronics FP-SNS-MOTENVWB1 1.3.1
2024-01-07 10:25:05,239 [INFO] ThirdParty:1030 - CMSIS Pack Vendor :STMicroelectronics X-CUBE-BLE1 7.0.0
2024-01-07 10:25:05,239 [INFO] ThirdParty:1030 - CMSIS Pack Vendor :STMicroelectronics FP-ATR-SIGFOX1 3.2.0
2024-01-07 10:25:05,239 [INFO] ThirdParty:1030 - CMSIS Pack Vendor :STMicroelectronics X-CUBE-AZRTOS-G4 1.0.0
2024-01-07 10:25:05,239 [INFO] ThirdParty:1030 - CMSIS Pack Vendor :wolfSSL I-CUBE-wolfSSL 5.5.4
2024-01-07 10:25:05,239 [INFO] ThirdParty:1030 - CMSIS Pack Vendor :STMicroelectronics X-CUBE-AZRTOS-L4 1.0.0
2024-01-07 10:25:05,239 [INFO] ThirdParty:1030 - CMSIS Pack Vendor :STMicroelectronics X-CUBE-ISPU 2.0.0
2024-01-07 10:25:05,239 [INFO] ThirdParty:1030 - CMSIS Pack Vendor :STMicroelectronics HAL Drivers 0.0.0
2024-01-07 10:25:05,239 [INFO] ThirdParty:1030 - CMSIS Pack Vendor :STMicroelectronics MBEDTLS 2.16.2
2024-01-07 10:25:05,239 [INFO] ThirdParty:1030 - CMSIS Pack Vendor :STMicroelectronics X-CUBE-MEMS1 10.0.0
2024-01-07 10:25:05,240 [INFO] ThirdParty:1030 - CMSIS Pack Vendor :STMicroelectronics X-CUBE-FREERTOS 1.1.0
2024-01-07 10:25:05,240 [INFO] ThirdParty:1030 - CMSIS Pack Vendor :STMicroelectronics X-CUBE-TOUCHGFX 4.22.0
2024-01-07 10:25:05,240 [INFO] ThirdParty:1030 - CMSIS Pack Vendor :STMicroelectronics X-CUBE-NFC7 1.0.1
2024-01-07 10:25:05,240 [INFO] ThirdParty:1030 - CMSIS Pack Vendor :STMicroelectronics MBEDTLS 2.14.1
2024-01-07 10:25:05,240 [INFO] ThirdParty:1030 - CMSIS Pack Vendor :STMicroelectronics X-CUBE-NFC7 1.0.0
2024-01-07 10:25:05,240 [INFO] ThirdParty:1030 - CMSIS Pack Vendor :STMicroelectronics X-CUBE-TOUCHGFX 4.22.1
2024-01-07 10:25:05,240 [INFO] ThirdParty:1030 - CMSIS Pack Vendor :STMicroelectronics X-CUBE-AZRTOS-WL 1.0.0
2024-01-07 10:25:05,240 [INFO] ThirdParty:1030 - CMSIS Pack Vendor :STMicroelectronics X-CUBE-NFC6 3.0.0
2024-01-07 10:25:05,240 [INFO] ThirdParty:1030 - CMSIS Pack Vendor :STMicroelectronics X-CUBE-EEPRMA1 4.1.0
2024-01-07 10:25:05,240 [INFO] ThirdParty:1030 - CMSIS Pack Vendor :portGmbH I-Cube-SoM-uGOAL 1.1.0
2024-01-07 10:25:05,240 [INFO] ThirdParty:1030 - CMSIS Pack Vendor :STMicroelectronics X-CUBE-ALS 1.0.1
2024-01-07 10:25:05,240 [INFO] ThirdParty:1030 - CMSIS Pack Vendor :STMicroelectronics X-CUBE-MEMS1 9.5.0
2024-01-07 10:25:05,240 [INFO] ThirdParty:1030 - CMSIS Pack Vendor :STMicroelectronics ThreadX 1.0.0
2024-01-07 10:25:05,240 [INFO] ThirdParty:1030 - CMSIS Pack Vendor :STMicroelectronics FP-SNS-SMARTAG2 1.2.0
2024-01-07 10:25:05,240 [INFO] ThirdParty:1030 - CMSIS Pack Vendor :STMicroelectronics X-CUBE-AZRTOS-WB 1.1.0
2024-01-07 10:25:05,240 [INFO] ThirdParty:1030 - CMSIS Pack Vendor :STMicroelectronics X-CUBE-AZRTOS-WL 2.0.0
2024-01-07 10:25:05,240 [INFO] ThirdParty:1030 - CMSIS Pack Vendor :SEGGER I-CUBE-embOS 1.3.1
2024-01-07 10:25:05,240 [INFO] ThirdParty:1030 - CMSIS Pack Vendor :STMicroelectronics USB_DEVICE 1.0.0
2024-01-07 10:25:05,240 [INFO] ThirdParty:1030 - CMSIS Pack Vendor :STMicroelectronics X-CUBE-AI 8.1.0
2024-01-07 10:25:05,240 [INFO] ThirdParty:1030 - CMSIS Pack Vendor :STMicroelectronics X-CUBE-AZRTOS-L4 2.0.0
2024-01-07 10:25:05,240 [INFO] ThirdParty:1030 - CMSIS Pack Vendor :STMicroelectronics ThreadX 0.0.2
2024-01-07 10:25:05,241 [INFO] ThirdParty:1030 - CMSIS Pack Vendor :WES I-CUBE-Cesium 1.3.0
2024-01-07 10:25:05,241 [INFO] ThirdParty:1030 - CMSIS Pack Vendor :STMicroelectronics FP-ATR-ASTRA1 2.0.0
2024-01-07 10:25:05,241 [INFO] ThirdParty:1030 - CMSIS Pack Vendor :STMicroelectronics lwIP 2.1.2
2024-01-07 10:25:05,241 [INFO] ThirdParty:1030 - CMSIS Pack Vendor :STMicroelectronics X-CUBE-SFXS2LP1 4.0.0
2024-01-07 10:25:05,241 [INFO] ThirdParty:1030 - CMSIS Pack Vendor :STMicroelectronics X-CUBE-BLE2 3.3.0
2024-01-07 10:25:05,241 [INFO] ThirdParty:1030 - CMSIS Pack Vendor :STMicroelectronics X-CUBE-TOF1 3.4.0
2024-01-07 10:25:05,241 [INFO] ThirdParty:1030 - CMSIS Pack Vendor :STMicroelectronics X-CUBE-TOF1 3.2.0
2024-01-07 10:25:05,241 [INFO] ThirdParty:1030 - CMSIS Pack Vendor :STMicroelectronics X-CUBE-AZRTOS-H7 3.2.0
2024-01-07 10:25:05,241 [INFO] ThirdParty:1030 - CMSIS Pack Vendor :STMicroelectronics PDM2PCM 3.2.0
2024-01-07 10:25:05,241 [INFO] ThirdParty:1030 - CMSIS Pack Vendor :STMicroelectronics X-CUBE-AZRTOS-H7 3.0.0
2024-01-07 10:25:05,242 [INFO] ThirdParty:841 - exiting critical section [change project]
2024-01-07 10:25:06,020 [INFO] PinOutPanel:1499 - setPackage(No Configuration,No Configuration)
2024-01-07 10:25:06,026 [INFO] PinOutPanel:1499 - setPackage(STM32F407VGTx,LQFP100)
2024-01-07 10:25:06,675 [INFO] UtilMem:75 - Before build in PCC Used Memory: 390830528 Bytes (896532480)
2024-01-07 10:25:07,787 [INFO] UtilMem:75 - After build in PCC Used Memory: 492823048 Bytes (896532480)
2024-01-07 10:25:07,830 [INFO] IPUIPlugin:80 - create IPUIPlugin
2024-01-07 10:25:07,830 [INFO] IPUIPlugin:80 - create IPUIPlugin
2024-01-07 10:25:07,830 [INFO] IPUIPlugin:80 - create IPUIPlugin
2024-01-07 10:25:07,831 [INFO] IPUIPlugin:80 - create IPUIPlugin
2024-01-07 10:25:07,831 [INFO] IPUIPlugin:80 - create IPUIPlugin
2024-01-07 10:25:07,832 [INFO] IPUIPlugin:80 - create IPUIPlugin
2024-01-07 10:25:07,832 [INFO] IPUIPlugin:80 - create IPUIPlugin
2024-01-07 10:25:07,833 [INFO] IPUIPlugin:80 - create IPUIPlugin
2024-01-07 10:25:07,834 [INFO] IPUIPlugin:80 - create IPUIPlugin
2024-01-07 10:25:07,837 [INFO] IPUIPlugin:80 - create IPUIPlugin
2024-01-07 10:25:07,837 [INFO] IPUIPlugin:80 - create IPUIPlugin
2024-01-07 10:25:07,841 [INFO] IPUIPlugin:80 - create IPUIPlugin
2024-01-07 10:25:07,844 [INFO] IPUIPlugin:80 - create IPUIPlugin
2024-01-07 10:25:07,845 [INFO] IPUIPlugin:80 - create IPUIPlugin
2024-01-07 10:25:07,846 [INFO] IPUIPlugin:80 - create IPUIPlugin
2024-01-07 10:25:07,846 [INFO] IPUIPlugin:80 - create IPUIPlugin
2024-01-07 10:25:07,847 [INFO] IPUIPlugin:80 - create IPUIPlugin
2024-01-07 10:25:07,851 [INFO] IPUIPlugin:80 - create IPUIPlugin
2024-01-07 10:25:07,851 [INFO] IPUIPlugin:80 - create IPUIPlugin
2024-01-07 10:25:07,855 [INFO] IPUIPlugin:80 - create IPUIPlugin
2024-01-07 10:25:07,857 [INFO] IPUIPlugin:80 - create IPUIPlugin
2024-01-07 10:25:07,861 [INFO] IPUIPlugin:80 - create IPUIPlugin
2024-01-07 10:25:07,864 [INFO] IPUIPlugin:80 - create IPUIPlugin
2024-01-07 10:25:07,865 [INFO] IPUIPlugin:80 - create IPUIPlugin
2024-01-07 10:25:07,866 [INFO] IPUIPlugin:80 - create IPUIPlugin
2024-01-07 10:25:07,867 [INFO] IPUIPlugin:80 - create IPUIPlugin
2024-01-07 10:25:07,868 [INFO] IPUIPlugin:80 - create IPUIPlugin
2024-01-07 10:25:07,868 [INFO] IPUIPlugin:80 - create IPUIPlugin
2024-01-07 10:25:07,868 [INFO] IPUIPlugin:80 - create IPUIPlugin
2024-01-07 10:25:07,870 [INFO] IPUIPlugin:80 - create IPUIPlugin
2024-01-07 10:25:07,870 [INFO] IPUIPlugin:80 - create IPUIPlugin
2024-01-07 10:25:07,870 [INFO] IPUIPlugin:80 - create IPUIPlugin
2024-01-07 10:25:07,872 [INFO] IPUIPlugin:80 - create IPUIPlugin
2024-01-07 10:25:07,872 [INFO] IPUIPlugin:80 - create IPUIPlugin
2024-01-07 10:25:07,873 [INFO] IPUIPlugin:80 - create IPUIPlugin
2024-01-07 10:25:07,873 [INFO] IPUIPlugin:80 - create IPUIPlugin
2024-01-07 10:25:07,874 [INFO] IPUIPlugin:80 - create IPUIPlugin
2024-01-07 10:25:07,874 [INFO] IPUIPlugin:80 - create IPUIPlugin
2024-01-07 10:25:07,874 [INFO] IPUIPlugin:80 - create IPUIPlugin
2024-01-07 10:25:07,875 [INFO] IPUIPlugin:80 - create IPUIPlugin
2024-01-07 10:25:07,875 [INFO] IPUIPlugin:80 - create IPUIPlugin
2024-01-07 10:25:07,875 [INFO] IPUIPlugin:80 - create IPUIPlugin
2024-01-07 10:25:07,876 [INFO] IPUIPlugin:80 - create IPUIPlugin
2024-01-07 10:25:07,876 [INFO] IPUIPlugin:80 - create IPUIPlugin
2024-01-07 10:25:07,876 [INFO] IPUIPlugin:80 - create IPUIPlugin
2024-01-07 10:25:07,877 [INFO] IPUIPlugin:80 - create IPUIPlugin
2024-01-07 10:25:07,878 [INFO] IPUIPlugin:80 - create IPUIPlugin
2024-01-07 10:25:07,879 [INFO] IPUIPlugin:80 - create IPUIPlugin
2024-01-07 10:25:07,880 [INFO] IPUIPlugin:80 - create IPUIPlugin
2024-01-07 10:25:07,880 [INFO] IPUIPlugin:80 - create IPUIPlugin
2024-01-07 10:25:07,881 [INFO] IPUIPlugin:80 - create IPUIPlugin
2024-01-07 10:25:07,881 [INFO] IPUIPlugin:80 - create IPUIPlugin
2024-01-07 10:25:07,882 [INFO] IPUIPlugin:80 - create IPUIPlugin
2024-01-07 10:25:07,883 [INFO] IPUIPlugin:80 - create IPUIPlugin
2024-01-07 10:25:07,884 [INFO] IPUIPlugin:80 - create IPUIPlugin
2024-01-07 10:25:07,886 [INFO] IPUIPlugin:80 - create IPUIPlugin
2024-01-07 10:25:07,886 [INFO] IPUIPlugin:80 - create IPUIPlugin
2024-01-07 10:25:07,887 [INFO] IPUIPlugin:80 - create IPUIPlugin
2024-01-07 10:25:08,012 [INFO] ApiDbMcu:507 - Load IP Config File for PDM2PCM
2024-01-07 10:25:08,314 [INFO] CADModel:165 - CPN selected for project levelSTM32F407VGT6
2024-01-07 10:25:08,314 [INFO] CADModel:114 - Register for checkConnection events
2024-01-07 10:25:08,366 [INFO] OpenFileManager:328 - Restore cursor
2024-01-07 10:25:09,947 [INFO] UtilMem:75 - End SaveConfig() Used Memory: 639379888 Bytes (896532480)
2024-01-07 10:25:10,028 [INFO] UtilMem:75 - End SaveConfig() Used Memory: 665875016 Bytes (896532480)
2024-01-07 10:25:10,604 [INFO] BlockDiagram:2759 - set Specific Code input for plugin: RCC
2024-01-07 10:25:10,606 [INFO] BlockDiagram:2759 - set Specific Code input for plugin: NVIC
2024-01-07 10:25:10,609 [INFO] CodeGenerator:799 - code generatio: config db path: C:\ST\STM32CubeIDE_1.11.2\STM32CubeIDE\plugins\com.st.stm32cube.common.mx_6.9.2.202309101412\\db\
2024-01-07 10:25:11,322 [INFO] CodeEngine:255 - oldGeneratedFile, C:\Users\erkan\STM32CubeIDE\workspace_1.11.2\HAL_FREERTOS_002\MXTmpFiles\license.tmp_save
2024-01-07 10:25:11,987 [INFO] CodeEngine:279 - Generated code: C:\Users\erkan\STM32CubeIDE\workspace_1.11.2\HAL_FREERTOS_002\MXTmpFiles\license.tmp
2024-01-07 10:25:12,051 [INFO] CodeEngine:255 - oldGeneratedFile, C:\Users\erkan\STM32CubeIDE\workspace_1.11.2\HAL_FREERTOS_002\Core\Src\stm32f4xx_it.c_save
2024-01-07 10:25:12,309 [INFO] CodeEngine:279 - Generated code: C:\Users\erkan\STM32CubeIDE\workspace_1.11.2\HAL_FREERTOS_002\Core\Src\stm32f4xx_it.c
2024-01-07 10:25:12,327 [INFO] CodeEngine:255 - oldGeneratedFile, C:\Users\erkan\STM32CubeIDE\workspace_1.11.2\HAL_FREERTOS_002\Core\Inc\stm32f4xx_it.h_save
2024-01-07 10:25:12,493 [INFO] CodeEngine:279 - Generated code: C:\Users\erkan\STM32CubeIDE\workspace_1.11.2\HAL_FREERTOS_002\Core\Inc\stm32f4xx_it.h
2024-01-07 10:25:12,627 [INFO] CodeEngine:255 - oldGeneratedFile, C:\Users\erkan\STM32CubeIDE\workspace_1.11.2\HAL_FREERTOS_002\Core\Src\stm32f4xx_hal_msp.c_save
2024-01-07 10:25:12,822 [INFO] CodeEngine:279 - Generated code: C:\Users\erkan\STM32CubeIDE\workspace_1.11.2\HAL_FREERTOS_002\Core\Src\stm32f4xx_hal_msp.c
2024-01-07 10:25:12,839 [INFO] CodeEngine:255 - oldGeneratedFile, C:\Users\erkan\STM32CubeIDE\workspace_1.11.2\HAL_FREERTOS_002\MXTmpFiles\system.tmp_save
2024-01-07 10:25:12,948 [INFO] CodeEngine:279 - Generated code: C:\Users\erkan\STM32CubeIDE\workspace_1.11.2\HAL_FREERTOS_002\MXTmpFiles\system.tmp
2024-01-07 10:25:12,977 [INFO] CodeEngine:311 - oldGeneratedFile, C:\Users\erkan\STM32CubeIDE\workspace_1.11.2\HAL_FREERTOS_002\Core\Inc\stm32f4xx_hal_conf.h_save
2024-01-07 10:25:13,125 [INFO] CodeEngine:335 - Generated code: C:\Users\erkan\STM32CubeIDE\workspace_1.11.2\HAL_FREERTOS_002\Core\Inc\stm32f4xx_hal_conf.h
2024-01-07 10:25:13,216 [INFO] CodeEngine:255 - oldGeneratedFile, C:\Users\erkan\STM32CubeIDE\workspace_1.11.2\HAL_FREERTOS_002\Core\Inc\main.h_save
2024-01-07 10:25:13,387 [INFO] CodeEngine:279 - Generated code: C:\Users\erkan\STM32CubeIDE\workspace_1.11.2\HAL_FREERTOS_002\Core\Inc\main.h
2024-01-07 10:25:13,404 [INFO] CodeEngine:255 - oldGeneratedFile, C:\Users\erkan\STM32CubeIDE\workspace_1.11.2\HAL_FREERTOS_002\Core\Src\main.c_save
2024-01-07 10:25:13,591 [INFO] CodeEngine:279 - Generated code: C:\Users\erkan\STM32CubeIDE\workspace_1.11.2\HAL_FREERTOS_002\Core\Src\main.c
2024-01-07 10:25:14,205 [INFO] ProjectBuilder:3064 - Time for Copy HAL[1] : 208mS.
2024-01-07 10:25:14,213 [INFO] ProjectBuilder:4404 - Project Generator version: 4.1.0
2024-01-07 10:25:14,573 [INFO] ConfigFileManager:1457 - The Die is : DIE413
2024-01-07 10:25:14,588 [INFO] ApiDbMcu:507 - Load IP Config File for FATFS
2024-01-07 10:25:14,605 [INFO] ApiDbMcu:507 - Load IP Config File for FREERTOS
2024-01-07 10:25:14,616 [INFO] ApiDbMcu:507 - Load IP Config File for LIBJPEG
2024-01-07 10:25:14,630 [INFO] ApiDbMcu:507 - Load IP Config File for LWIP
2024-01-07 10:25:14,648 [INFO] ApiDbMcu:507 - Load IP Config File for MBEDTLS
2024-01-07 10:25:14,666 [INFO] ApiDbMcu:507 - Load IP Config File for USB_DEVICE
2024-01-07 10:25:14,677 [INFO] ApiDbMcu:507 - Load IP Config File for USB_HOST
2024-01-07 10:25:17,145 [INFO] LogOutputStream:77 - [STDOUT_REDIRECT] 
2024-01-07 10:25:21,983 [INFO] ProjectBuilder:4626 - Time for Generating toolchain IDE Files: 7765mS.
2024-01-07 10:25:21,991 [INFO] ProjectBuilder:2935 - Time for Copy CMSIS : 3mS.
2024-01-07 10:25:21,997 [INFO] ProjectBuilder:2935 - Time for Copy CMSIS : 0mS.
2024-01-07 10:25:23,448 [INFO] McuFinderGlobals:76 - Set McuFinderConnectedMode to true
2024-01-07 10:25:23,468 [INFO] ApiDb:448 - Save user favorites file C:\Users\erkan/.stm32cubeide/favorites.mcus.txt: 0 item(s)
2024-01-07 10:25:23,469 [INFO] ApiDb:452 - User favorites MCUs=[]
2024-01-07 11:31:18,101 [ERROR] LogOutputStream:75 - [STDERR_REDIRECT] 
