2024-03-20 20:13:14,415 [INFO] Activator:176 - 


2024-03-20 20:13:14,422 [INFO] Activator:177 - !SESSION log4j initialized
2024-03-20 20:13:22,084 [INFO] LogOutputStream:77 - [STDOUT_REDIRECT] 
2024-03-20 20:13:24,473 [INFO] ApplicationProperties:184 - Using Application install path: C:\ST\STM32CubeIDE_1.11.2\STM32CubeIDE\plugins\com.st.stm32cube.common.mx_6.9.2.202309101412
2024-03-20 20:13:24,497 [INFO] DbMcusXml:78 - Set database path to: C:\ST\STM32CubeIDE_1.11.2\STM32CubeIDE\plugins\com.st.stm32cube.common.mx_6.9.2.202309101412\\db\/mcu/
2024-03-20 20:13:24,497 [INFO] ApiDb:274 - Set plugin database path to: C:\ST\STM32CubeIDE_1.11.2\STM32CubeIDE\plugins\com.st.stm32cube.common.mx_6.9.2.202309101412\\db\/plugins/boardmanager/
2024-03-20 20:13:24,498 [WARN] ApiDb:259 - Overriding images path with different value:  => C:\ST\STM32CubeIDE_1.11.2\STM32CubeIDE\plugins\com.st.stm32cube.common.mx_6.9.2.202309101412\\db\/plugins/mcufinder/images/
2024-03-20 20:13:24,520 [INFO] ApiDb:250 - Set database path to: C:\Users\erkan\.stmcufinder\plugins\mcufinder//mcu/
2024-03-20 20:13:24,522 [INFO] DbMcusAds:125 - Set database path to: C:\Users\erkan\.stmcufinder\plugins\mcufinder//mcu/
2024-03-20 20:13:24,524 [INFO] CrossReferenceDbSqlite:203 - Set database path to: C:\Users\erkan\.stmcufinder\plugins\mcufinder//mcu/cs/
2024-03-20 20:13:24,662 [INFO] RulesReader:64 - Compatibility file has been processed (293 Rules)
2024-03-20 20:13:24,780 [INFO] DbMcusXml:78 - Set database path to: C:\ST\STM32CubeIDE_1.11.2\STM32CubeIDE\plugins\com.st.stm32cube.common.mx_6.9.2.202309101412\\db\/mcu/
2024-03-20 20:13:24,780 [INFO] ApiDb:274 - Set plugin database path to: C:\ST\STM32CubeIDE_1.11.2\STM32CubeIDE\plugins\com.st.stm32cube.common.mx_6.9.2.202309101412\\db\/plugins/boardmanager/
2024-03-20 20:13:24,780 [INFO] ApiDb:261 - Set plugin images path to: C:\ST\STM32CubeIDE_1.11.2\STM32CubeIDE\plugins\com.st.stm32cube.common.mx_6.9.2.202309101412\\db\/plugins/mcufinder/images/
2024-03-20 20:13:24,780 [WARN] DbFile:41 - Overriding database path with different value: C:\Users\erkan\.stmcufinder\plugins\mcufinder/ => C:\Users\erkan\.stmcufinder\plugins\mcufinder
2024-03-20 20:13:24,780 [INFO] ApiDb:250 - Set database path to: C:\Users\erkan\.stmcufinder\plugins\mcufinder//mcu/
2024-03-20 20:13:24,780 [WARN] DbFile:41 - Overriding database path with different value: C:\Users\erkan\.stmcufinder\plugins\mcufinder/ => C:\Users\erkan\.stmcufinder\plugins\mcufinder
2024-03-20 20:13:24,780 [INFO] DbMcusAds:125 - Set database path to: C:\Users\erkan\.stmcufinder\plugins\mcufinder//mcu/
2024-03-20 20:13:24,780 [WARN] DbFile:41 - Overriding database path with different value: C:\Users\erkan\.stmcufinder\plugins\mcufinder/ => C:\Users\erkan\.stmcufinder\plugins\mcufinder
2024-03-20 20:13:24,780 [WARN] DbFile:41 - Overriding database path with different value: C:\Users\erkan\.stmcufinder\plugins\mcufinder/ => C:\Users\erkan\.stmcufinder\plugins\mcufinder
2024-03-20 20:13:24,781 [INFO] CrossReferenceDbSqlite:203 - Set database path to: C:\Users\erkan\.stmcufinder\plugins\mcufinder//mcu/cs/
2024-03-20 20:13:24,884 [INFO] MainPanel:262 - HeapMemory: 268435456
2024-03-20 20:13:25,000 [INFO] DbMcusXml:78 - Set database path to: C:\ST\STM32CubeIDE_1.11.2\STM32CubeIDE\plugins\com.st.stm32cube.common.mx_6.9.2.202309101412\\db\/mcu/
2024-03-20 20:13:25,000 [INFO] ApiDb:274 - Set plugin database path to: C:\ST\STM32CubeIDE_1.11.2\STM32CubeIDE\plugins\com.st.stm32cube.common.mx_6.9.2.202309101412\\db\/plugins/boardmanager/
2024-03-20 20:13:25,000 [INFO] ApiDb:261 - Set plugin images path to: C:\ST\STM32CubeIDE_1.11.2\STM32CubeIDE\plugins\com.st.stm32cube.common.mx_6.9.2.202309101412\\db\/plugins/mcufinder/images/
2024-03-20 20:13:25,001 [WARN] DbFile:41 - Overriding database path with different value: C:\Users\erkan\.stmcufinder\plugins\mcufinder/ => C:\Users\erkan\.stmcufinder\plugins\mcufinder
2024-03-20 20:13:25,001 [INFO] ApiDb:250 - Set database path to: C:\Users\erkan\.stmcufinder\plugins\mcufinder//mcu/
2024-03-20 20:13:25,001 [WARN] DbFile:41 - Overriding database path with different value: C:\Users\erkan\.stmcufinder\plugins\mcufinder/ => C:\Users\erkan\.stmcufinder\plugins\mcufinder
2024-03-20 20:13:25,001 [INFO] DbMcusAds:125 - Set database path to: C:\Users\erkan\.stmcufinder\plugins\mcufinder//mcu/
2024-03-20 20:13:25,003 [WARN] DbFile:41 - Overriding database path with different value: C:\Users\erkan\.stmcufinder\plugins\mcufinder/ => C:\Users\erkan\.stmcufinder\plugins\mcufinder
2024-03-20 20:13:25,003 [WARN] DbFile:41 - Overriding database path with different value: C:\Users\erkan\.stmcufinder\plugins\mcufinder/ => C:\Users\erkan\.stmcufinder\plugins\mcufinder
2024-03-20 20:13:25,003 [INFO] CrossReferenceDbSqlite:203 - Set database path to: C:\Users\erkan\.stmcufinder\plugins\mcufinder//mcu/cs/
2024-03-20 20:13:25,030 [INFO] ApplicationProperties:184 - Using Application install path: C:\ST\STM32CubeIDE_1.11.2\STM32CubeIDE\plugins\com.st.stm32cube.common.mx_6.9.2.202309101412
2024-03-20 20:13:25,031 [INFO] PluginManage:196 - Search for loadable plugins [exclusion list=, ]
2024-03-20 20:13:25,034 [INFO] PluginManage:310 - Check plugin analytics
2024-03-20 20:13:25,262 [INFO] AnalyticsPlugin:253 - Accepted Software Licenses: STM32CubeMX.6.9.2
2024-03-20 20:13:25,262 [INFO] AnalyticsPlugin:255 - Accepted CMSIS Pack Licenses: 
2024-03-20 20:13:25,262 [INFO] AnalyticsPlugin:257 - Accepted Firmware Licenses: 
2024-03-20 20:13:25,265 [INFO] PluginManage:359 - Loaded plugin analytics (category:tool,tabindex:-1)
2024-03-20 20:13:25,266 [INFO] PluginManage:310 - Check plugin cadmodel
2024-03-20 20:13:25,284 [INFO] CADModel:105 - Init CAD model plugin
2024-03-20 20:13:25,285 [INFO] PluginManage:359 - Loaded plugin cadmodel (category:power,tabindex:5)
2024-03-20 20:13:25,285 [INFO] PluginManage:310 - Check plugin clock
2024-03-20 20:13:25,311 [INFO] PluginManage:359 - Loaded plugin clock (category:base,tabindex:2)
2024-03-20 20:13:25,311 [INFO] PluginManage:310 - Check plugin ddr
2024-03-20 20:13:25,314 [INFO] PluginManage:359 - Loaded plugin ddr (category:tool,tabindex:6)
2024-03-20 20:13:25,315 [INFO] PluginManage:310 - Check plugin filemanager
2024-03-20 20:13:25,514 [INFO] PluginManage:359 - Loaded plugin filemanager (category:base,tabindex:10)
2024-03-20 20:13:25,515 [INFO] PluginManage:310 - Check plugin ipmanager
2024-03-20 20:13:25,528 [INFO] PluginManage:359 - Loaded plugin ipmanager (category:base,tabindex:5)
2024-03-20 20:13:25,528 [INFO] PluginManage:310 - Check plugin lpbam
2024-03-20 20:13:25,561 [INFO] PluginManage:359 - Loaded plugin lpbam (category:base,tabindex:0)
2024-03-20 20:13:25,561 [INFO] PluginManage:310 - Check plugin memorymap
2024-03-20 20:13:25,595 [INFO] PluginManage:359 - Loaded plugin memorymap (category:base,tabindex:4)
2024-03-20 20:13:25,595 [INFO] PluginManage:310 - Check plugin pinoutandconfiguration
2024-03-20 20:13:25,621 [INFO] PluginManage:359 - Loaded plugin pinoutandconfiguration (category:base,tabindex:1)
2024-03-20 20:13:25,621 [INFO] PluginManage:310 - Check plugin pinoutconfig
2024-03-20 20:13:25,781 [WARN] SupportedApi:132 - Cannot load RTOS API schema: s4s-elt-must-match.1: The content of 'definitions' must match (annotation?, (simpleType | complexType)?, (unique | key | keyref)*)). A problem was found starting at: attribute.
2024-03-20 20:13:25,944 [INFO] PluginManage:359 - Loaded plugin pinoutconfig (category:base,tabindex:0)
2024-03-20 20:13:25,944 [INFO] PluginManage:310 - Check plugin power
2024-03-20 20:13:25,966 [INFO] PluginManage:359 - Loaded plugin power (category:power,tabindex:4)
2024-03-20 20:13:25,967 [INFO] PluginManage:310 - Check plugin projectmanager
2024-03-20 20:13:25,984 [INFO] PluginManage:359 - Loaded plugin projectmanager (category:projectmanager,tabindex:3)
2024-03-20 20:13:25,984 [INFO] PluginManage:310 - Check plugin thirdparty
2024-03-20 20:13:26,302 [INFO] PluginManage:359 - Loaded plugin thirdparty (category:base,tabindex:-1)
2024-03-20 20:13:26,302 [WARN] IntegrityCheckThread:84 - waiting for thirdparty lock release [integrity check]
2024-03-20 20:13:26,302 [INFO] PluginManage:310 - Check plugin tools
2024-03-20 20:13:26,302 [INFO] IntegrityCheckThread:86 - entering critical section [integrity check]
2024-03-20 20:13:26,303 [INFO] ThirdPartyUpdaterWithRetryManager:70 - Updater plugin not ready yet. [1/15]
2024-03-20 20:13:26,338 [INFO] PluginManage:359 - Loaded plugin tools (category:base,tabindex:7)
2024-03-20 20:13:26,338 [INFO] PluginManage:310 - Check plugin tutovideos
2024-03-20 20:13:26,550 [INFO] PluginManage:359 - Loaded plugin tutovideos (category:base,tabindex:-1)
2024-03-20 20:13:26,550 [INFO] PluginManage:310 - Check plugin updater
2024-03-20 20:13:26,564 [INFO] PluginManage:359 - Loaded plugin updater (category:base,tabindex:12)
2024-03-20 20:13:26,565 [INFO] PluginManage:310 - Check plugin userauth
2024-03-20 20:13:26,571 [INFO] UserAuth:113 - Init User Auth plugin
2024-03-20 20:13:26,572 [INFO] PluginManage:359 - Loaded plugin userauth (category:base,tabindex:14)
2024-03-20 20:13:26,572 [INFO] PluginManage:283 - PluginManage : Loaded plugins [17]
2024-03-20 20:13:26,845 [INFO] PinOutPanel:1499 - setPackage(No Configuration,No Configuration)
2024-03-20 20:13:27,005 [INFO] CADModel:165 - CPN selected for project level
2024-03-20 20:13:27,005 [INFO] CADModel:114 - Register for checkConnection events
2024-03-20 20:13:27,035 [INFO] IPUIPlugin:80 - create IPUIPlugin
2024-03-20 20:13:27,035 [INFO] PluginManager:220 - loadIPPluginJar : add adc
2024-03-20 20:13:27,071 [INFO] IPUIPlugin:80 - create IPUIPlugin
2024-03-20 20:13:27,071 [INFO] PluginManager:220 - loadIPPluginJar : add aes
2024-03-20 20:13:27,112 [INFO] IPUIPlugin:80 - create IPUIPlugin
2024-03-20 20:13:27,112 [INFO] PluginManager:220 - loadIPPluginJar : add can
2024-03-20 20:13:27,135 [INFO] IPUIPlugin:80 - create IPUIPlugin
2024-03-20 20:13:27,135 [INFO] PluginManager:220 - loadIPPluginJar : add comp
2024-03-20 20:13:27,170 [INFO] IPUIPlugin:80 - create IPUIPlugin
2024-03-20 20:13:27,170 [INFO] PluginManager:220 - loadIPPluginJar : add cryp
2024-03-20 20:13:27,207 [INFO] IPUIPlugin:80 - create IPUIPlugin
2024-03-20 20:13:27,207 [INFO] PluginManager:220 - loadIPPluginJar : add dfsdm
2024-03-20 20:13:27,222 [INFO] IPUIPlugin:80 - create IPUIPlugin
2024-03-20 20:13:27,223 [INFO] PluginManager:220 - loadIPPluginJar : add dma
2024-03-20 20:13:27,266 [INFO] IPUIPlugin:80 - create IPUIPlugin
2024-03-20 20:13:27,267 [INFO] PluginManager:220 - loadIPPluginJar : add dma3
2024-03-20 20:13:27,289 [INFO] IPUIPlugin:80 - create IPUIPlugin
2024-03-20 20:13:27,289 [INFO] PluginManager:220 - loadIPPluginJar : add fatfs
2024-03-20 20:13:27,335 [INFO] IPUIPlugin:80 - create IPUIPlugin
2024-03-20 20:13:27,336 [INFO] PluginManager:220 - loadIPPluginJar : add fmc
2024-03-20 20:13:27,352 [INFO] IPUIPlugin:80 - create IPUIPlugin
2024-03-20 20:13:27,352 [INFO] PluginManager:220 - loadIPPluginJar : add freertos
2024-03-20 20:13:27,373 [INFO] IPUIPlugin:80 - create IPUIPlugin
2024-03-20 20:13:27,373 [INFO] PluginManager:220 - loadIPPluginJar : add genericplugin
2024-03-20 20:13:27,467 [INFO] IPUIPlugin:80 - create IPUIPlugin
2024-03-20 20:13:27,468 [INFO] PluginManager:220 - loadIPPluginJar : add gfxmmu
2024-03-20 20:13:27,600 [INFO] IPUIPlugin:80 - create IPUIPlugin
2024-03-20 20:13:27,600 [INFO] PluginManager:220 - loadIPPluginJar : add gic
2024-03-20 20:13:27,612 [INFO] IPUIPlugin:80 - create IPUIPlugin
2024-03-20 20:13:27,613 [INFO] PluginManager:220 - loadIPPluginJar : add gpio
2024-03-20 20:13:27,706 [INFO] IPUIPlugin:80 - create IPUIPlugin
2024-03-20 20:13:27,706 [INFO] PluginManager:220 - loadIPPluginJar : add gtzc
2024-03-20 20:13:27,738 [INFO] IPUIPlugin:80 - create IPUIPlugin
2024-03-20 20:13:27,739 [INFO] PluginManager:220 - loadIPPluginJar : add hash
2024-03-20 20:13:27,789 [INFO] IPUIPlugin:80 - create IPUIPlugin
2024-03-20 20:13:27,790 [INFO] PluginManager:220 - loadIPPluginJar : add i2c
2024-03-20 20:13:27,830 [INFO] IPUIPlugin:80 - create IPUIPlugin
2024-03-20 20:13:27,830 [INFO] PluginManager:220 - loadIPPluginJar : add i2s
2024-03-20 20:13:27,869 [INFO] IPUIPlugin:80 - create IPUIPlugin
2024-03-20 20:13:27,871 [INFO] PluginManager:220 - loadIPPluginJar : add i3c
2024-03-20 20:13:27,975 [INFO] IPUIPlugin:80 - create IPUIPlugin
2024-03-20 20:13:27,975 [INFO] PluginManager:220 - loadIPPluginJar : add ipddr
2024-03-20 20:13:28,067 [INFO] IPUIPlugin:80 - create IPUIPlugin
2024-03-20 20:13:28,068 [INFO] PluginManager:220 - loadIPPluginJar : add linkedlist
2024-03-20 20:13:28,102 [INFO] IPUIPlugin:80 - create IPUIPlugin
2024-03-20 20:13:28,102 [INFO] PluginManager:220 - loadIPPluginJar : add lorawan
2024-03-20 20:13:28,139 [INFO] IPUIPlugin:80 - create IPUIPlugin
2024-03-20 20:13:28,139 [INFO] PluginManager:220 - loadIPPluginJar : add ltdc
2024-03-20 20:13:28,153 [INFO] IPUIPlugin:80 - create IPUIPlugin
2024-03-20 20:13:28,154 [INFO] PluginManager:220 - loadIPPluginJar : add mdma
2024-03-20 20:13:28,166 [INFO] IPUIPlugin:80 - create IPUIPlugin
2024-03-20 20:13:28,167 [INFO] PluginManager:220 - loadIPPluginJar : add nvic
2024-03-20 20:13:28,202 [INFO] IPUIPlugin:80 - create IPUIPlugin
2024-03-20 20:13:28,202 [INFO] PluginManager:220 - loadIPPluginJar : add opamp
2024-03-20 20:13:28,261 [INFO] IPUIPlugin:80 - create IPUIPlugin
2024-03-20 20:13:28,261 [INFO] PluginManager:220 - loadIPPluginJar : add openamp
2024-03-20 20:13:28,304 [INFO] IPUIPlugin:80 - create IPUIPlugin
2024-03-20 20:13:28,304 [INFO] PluginManager:220 - loadIPPluginJar : add pdm2pcm
2024-03-20 20:13:28,321 [INFO] IPUIPlugin:80 - create IPUIPlugin
2024-03-20 20:13:28,323 [INFO] PluginManager:220 - loadIPPluginJar : add plateformsettings
2024-03-20 20:13:28,347 [INFO] IPUIPlugin:80 - create IPUIPlugin
2024-03-20 20:13:28,347 [INFO] PluginManager:220 - loadIPPluginJar : add quadspi
2024-03-20 20:13:28,361 [INFO] IPUIPlugin:80 - create IPUIPlugin
2024-03-20 20:13:28,361 [INFO] PluginManager:220 - loadIPPluginJar : add resmgrutility
2024-03-20 20:13:28,411 [INFO] IPUIPlugin:80 - create IPUIPlugin
2024-03-20 20:13:28,411 [INFO] PluginManager:220 - loadIPPluginJar : add sai
2024-03-20 20:13:28,446 [INFO] IPUIPlugin:80 - create IPUIPlugin
2024-03-20 20:13:28,446 [INFO] PluginManager:220 - loadIPPluginJar : add spi
2024-03-20 20:13:28,499 [INFO] IPUIPlugin:80 - create IPUIPlugin
2024-03-20 20:13:28,499 [INFO] PluginManager:220 - loadIPPluginJar : add stm32_wpan
2024-03-20 20:13:28,521 [INFO] IPUIPlugin:80 - create IPUIPlugin
2024-03-20 20:13:28,521 [INFO] PluginManager:220 - loadIPPluginJar : add tim
2024-03-20 20:13:28,574 [INFO] IPUIPlugin:80 - create IPUIPlugin
2024-03-20 20:13:28,575 [INFO] PluginManager:220 - loadIPPluginJar : add touchsensing
2024-03-20 20:13:28,597 [INFO] IPUIPlugin:80 - create IPUIPlugin
2024-03-20 20:13:28,597 [INFO] PluginManager:220 - loadIPPluginJar : add tracer_emb
2024-03-20 20:13:28,619 [INFO] IPUIPlugin:80 - create IPUIPlugin
2024-03-20 20:13:28,619 [INFO] PluginManager:220 - loadIPPluginJar : add ts
2024-03-20 20:13:28,639 [INFO] IPUIPlugin:80 - create IPUIPlugin
2024-03-20 20:13:28,639 [INFO] PluginManager:220 - loadIPPluginJar : add tsc
2024-03-20 20:13:28,660 [INFO] IPUIPlugin:80 - create IPUIPlugin
2024-03-20 20:13:28,660 [INFO] PluginManager:220 - loadIPPluginJar : add ucpd
2024-03-20 20:13:28,701 [INFO] IPUIPlugin:80 - create IPUIPlugin
2024-03-20 20:13:28,701 [INFO] PluginManager:220 - loadIPPluginJar : add usart
2024-03-20 20:13:28,741 [INFO] IPUIPlugin:80 - create IPUIPlugin
2024-03-20 20:13:28,742 [INFO] PluginManager:220 - loadIPPluginJar : add usbx
2024-03-20 20:13:28,872 [INFO] CADModel:165 - CPN selected for project level
2024-03-20 20:13:28,872 [INFO] CADModel:114 - Register for checkConnection events
2024-03-20 20:13:28,872 [FATAL] Updater:308 - Updater called before beeing initialized
2024-03-20 20:13:28,872 [ERROR] CADModel:125 - Updater not yet initialized, retry later 
2024-03-20 20:13:29,028 [INFO] CADModel:165 - CPN selected for project level
2024-03-20 20:13:29,028 [INFO] CADModel:114 - Register for checkConnection events
2024-03-20 20:13:29,028 [FATAL] Updater:308 - Updater called before beeing initialized
2024-03-20 20:13:29,028 [ERROR] CADModel:125 - Updater not yet initialized, retry later 
2024-03-20 20:13:29,034 [FATAL] Updater:308 - Updater called before beeing initialized
2024-03-20 20:13:29,160 [FATAL] Updater:308 - Updater called before beeing initialized
2024-03-20 20:13:29,173 [INFO] DbMcusAds:53 - JSON generation date=Wed Nov 29 11:52:27 CET 2023 (1701255147349)
2024-03-20 20:13:29,173 [FATAL] Updater:308 - Updater called before beeing initialized
2024-03-20 20:13:29,267 [WARN] DetailPanel:346 - Failed to get advertising image, set to default
2024-03-20 20:13:29,305 [INFO] ThirdPartyUpdaterWithRetryManager:70 - Updater plugin not ready yet. [2/15]
2024-03-20 20:13:29,368 [FATAL] Updater:308 - Updater called before beeing initialized
2024-03-20 20:13:29,370 [FATAL] Updater:308 - Updater called before beeing initialized
2024-03-20 20:13:29,370 [FATAL] Updater:308 - Updater called before beeing initialized
2024-03-20 20:13:29,370 [WARN] DetailPanel:346 - Failed to get advertising image, set to default
2024-03-20 20:13:29,370 [FATAL] Updater:308 - Updater called before beeing initialized
2024-03-20 20:13:29,429 [ERROR] Updater:1120 - MainUpdater not yet initialized. External WinMGr cannot be set.
2024-03-20 20:13:29,439 [INFO] Updater:1056 - Updater Version found : 6.9.2
2024-03-20 20:13:29,457 [INFO] ApplicationProperties:184 - Using Application install path: C:\ST\STM32CubeIDE_1.11.2\STM32CubeIDE\plugins\com.st.stm32cube.common.mx_6.9.2.202309101412
2024-03-20 20:13:29,769 [INFO] MainUpdater:2868 - connection check result : 10
2024-03-20 20:13:29,770 [INFO] MainUpdater:285 - Updater Check For Update Now.
2024-03-20 20:13:29,770 [INFO] MicroXplorer:498 - Change Database Version : DB.6.0.92
2024-03-20 20:13:29,787 [INFO] McuFinderGlobals:63 - Set McuFinder mode to 2 (CubeIDE integrated)
2024-03-20 20:13:29,788 [INFO] UserAuth:179 - activating auth plugin
2024-03-20 20:13:29,792 [INFO] UserAuth:393 - Internet connection configuration mode: 1
2024-03-20 20:13:29,827 [INFO] JxBrowserEngine:151 - Initiate JxBrowser Engine with user profile folder
2024-03-20 20:13:29,978 [INFO] CheckServerUpdateThread:120 - End of CheckServer Thread
2024-03-20 20:13:32,411 [INFO] WebApp:157 - Instantiating new browser for Auth
2024-03-20 20:13:32,664 [WARN] PackLoader:240 - Cannot read IP mode file for STMicroelectronics.X-CUBE-SMBUS.2.1.0
2024-03-20 20:13:32,685 [WARN] PackLoader:240 - Cannot read IP mode file for STMicroelectronics.X-CUBE-TOUCHGFX.4.23.0
2024-03-20 20:13:32,737 [WARN] PackLoader:240 - Cannot read IP mode file for STMicroelectronics.X-CUBE-AZRTOS-F7.1.1.0
2024-03-20 20:13:32,759 [WARN] PackLoader:240 - Cannot read IP mode file for STMicroelectronics.FP-SNS-MOTENV1.4.3.2
2024-03-20 20:13:32,792 [WARN] PackLoader:240 - Cannot read IP mode file for STMicroelectronics.X-CUBE-BLE1.6.2.4
2024-03-20 20:13:32,813 [WARN] PackLoader:240 - Cannot read IP mode file for STMicroelectronics.FP-SNS-FLIGHT1.5.0.2
2024-03-20 20:13:32,847 [WARN] PackLoader:240 - Cannot read IP mode file for STMicroelectronics.X-CUBE-DISPLAY.3.0.0
2024-03-20 20:13:32,921 [WARN] PackLoader:240 - Cannot read IP mode file for STMicroelectronics.X-CUBE-BLE1.7.0.0
2024-03-20 20:13:32,940 [WARN] PackLoader:240 - Cannot read IP mode file for STMicroelectronics.X-CUBE-TOUCHGFX.4.22.0
2024-03-20 20:13:32,955 [WARN] PackLoader:240 - Cannot read IP mode file for STMicroelectronics.X-CUBE-TOUCHGFX.4.22.1
2024-03-20 20:13:32,979 [WARN] PackLoader:240 - Cannot read IP mode file for STMicroelectronics.X-CUBE-BLEMGR.3.1.0
2024-03-20 20:13:33,003 [WARN] PackLoader:240 - Cannot read IP mode file for STMicroelectronics.FP-SNS-SMARTAG2.1.2.0
2024-03-20 20:13:33,033 [INFO] LogOutputStream:77 - [STDOUT_REDIRECT] 1 : Invalid condition id : UX_CORESTACK_Condition cause : null
2024-03-20 20:13:33,034 [INFO] LogOutputStream:77 - [STDOUT_REDIRECT] 1 : Invalid condition id : UX_CORESTACK_Condition cause : null
2024-03-20 20:13:33,035 [INFO] LogOutputStream:77 - [STDOUT_REDIRECT] 1 : Invalid condition id : UX_CORESTACK_Condition cause : null
2024-03-20 20:13:33,036 [INFO] LogOutputStream:77 - [STDOUT_REDIRECT] 1 : Invalid condition id : UX_CORESTACK_Condition cause : null
2024-03-20 20:13:33,037 [INFO] LogOutputStream:77 - [STDOUT_REDIRECT] 1 : Invalid condition id : UX_CORESTACK_Condition cause : null
2024-03-20 20:13:33,040 [WARN] PackLoader:240 - Cannot read IP mode file for STMicroelectronics.X-CUBE-AZRTOS-WL.2.0.0
2024-03-20 20:13:33,060 [WARN] PackLoader:240 - Cannot read IP mode file for WES.I-CUBE-Cesium.1.3.0
2024-03-20 20:13:33,074 [WARN] PackLoader:240 - Cannot read IP mode file for STMicroelectronics.X-CUBE-BLE2.3.3.0
2024-03-20 20:13:33,102 [WARN] PackLoader:240 - Cannot read IP mode file for STMicroelectronics.X-CUBE-TOF1.3.2.0
2024-03-20 20:13:33,121 [WARN] PackLoader:240 - Cannot read IP mode file for STMicroelectronics.X-CUBE-TOUCHGFX.4.21.1
2024-03-20 20:13:33,134 [WARN] PackLoader:240 - Cannot read IP mode file for STMicroelectronics.X-CUBE-AI.7.3.0
2024-03-20 20:13:33,148 [WARN] PackLoader:240 - Cannot read IP mode file for STMicroelectronics.X-CUBE-ALGOBUILD.1.3.0
2024-03-20 20:13:33,181 [WARN] PackLoader:240 - Cannot read IP mode file for STMicroelectronics.X-CUBE-AZRTOS-G0.1.1.0
2024-03-20 20:13:33,204 [WARN] PackLoader:240 - Cannot read IP mode file for STMicroelectronics.X-CUBE-NFC4.3.0.0
2024-03-20 20:13:33,224 [WARN] PackLoader:240 - Cannot read IP mode file for STMicroelectronics.X-CUBE-BLEMGR.3.0.0
2024-03-20 20:13:33,242 [WARN] PackLoader:240 - Cannot read IP mode file for STMicroelectronics.X-CUBE-BLEMGR.1.3.0
2024-03-20 20:13:33,261 [WARN] PackLoader:240 - Cannot read IP mode file for STMicroelectronics.FP-ATR-SIGFOX1.3.2.0
2024-03-20 20:13:33,288 [WARN] PackLoader:240 - Cannot read IP mode file for STMicroelectronics.X-CUBE-EEPRMA1.5.1.0
2024-03-20 20:13:33,371 [INFO] WebApp:753 - Register for checkConnection events
2024-03-20 20:13:33,372 [INFO] WebApp:390 - Apply proxy settings
2024-03-20 20:13:33,372 [INFO] WebApp:475 - Chromium requires no authentication
2024-03-20 20:13:33,388 [WARN] PackLoader:240 - Cannot read IP mode file for STMicroelectronics.X-CUBE-MEMS1.9.5.0
2024-03-20 20:13:33,393 [INFO] WebApp:418 - Direct internet connection detected
2024-03-20 20:13:33,602 [WARN] PackLoader:240 - Cannot read IP mode file for SEGGER.I-CUBE-embOS.1.3.1
2024-03-20 20:13:33,675 [WARN] PackLoader:240 - Cannot read IP mode file for STMicroelectronics.X-CUBE-GNSS1.6.0.0
2024-03-20 20:13:33,726 [WARN] PackLoader:240 - Cannot read IP mode file for STMicroelectronics.X-CUBE-AZRTOS-F4.1.1.0
2024-03-20 20:13:33,741 [INFO] WebApp:188 - Starting web application
2024-03-20 20:13:33,743 [INFO] WebApp:520 - Web application path used C:\ST\STM32CubeIDE_1.11.2\STM32CubeIDE\plugins\com.st.stm32cube.common.mx_6.9.2.202309101412\db\plugins\mcufinder\reactClient1\index.html
2024-03-20 20:13:33,772 [WARN] PackLoader:240 - Cannot read IP mode file for STMicroelectronics.X-CUBE-AZRTOS-L5.2.0.0
2024-03-20 20:13:33,826 [WARN] PackLoader:240 - Cannot read IP mode file for STMicroelectronics.X-CUBE-MEMS1.9.6.0
2024-03-20 20:13:34,017 [WARN] PackLoader:240 - Cannot read IP mode file for STMicroelectronics.X-CUBE-EEPRMA1.4.2.0
2024-03-20 20:13:34,039 [WARN] PackLoader:240 - Cannot read IP mode file for ITTIA_DB.I-CUBE-ITTIADB.8.8.0
2024-03-20 20:13:34,060 [WARN] PackLoader:240 - Cannot read IP mode file for emotas.I-CUBE-CANOPEN.1.1.3
2024-03-20 20:13:34,085 [WARN] PackLoader:240 - Cannot read IP mode file for STMicroelectronics.X-CUBE-BLEMGR.2.0.0
2024-03-20 20:13:34,131 [WARN] ConditionMgr:438 - getConditionDescription Invalid condition id : UX DEVICE CLASS RTOS Condition cause : null
2024-03-20 20:13:34,131 [WARN] ConditionMgr:438 - getConditionDescription Invalid condition id : UX DEVICE CLASS RTOS Condition cause : null
2024-03-20 20:13:34,135 [WARN] PackLoader:240 - Cannot read IP mode file for STMicroelectronics.X-CUBE-AZRTOS-H7.3.1.0
2024-03-20 20:13:34,136 [WARN] ConditionMgr:1039 - genDependencies : Invalid condition id : UX DEVICE CLASS RTOS Condition cause : null
2024-03-20 20:13:34,137 [WARN] ConditionMgr:1039 - genDependencies : Invalid condition id : UX DEVICE CLASS RTOS Condition cause : null
2024-03-20 20:13:34,138 [WARN] ConditionMgr:1039 - genDependencies : Invalid condition id : UX DEVICE CLASS RTOS Condition cause : null
2024-03-20 20:13:34,139 [WARN] ConditionMgr:1039 - genDependencies : Invalid condition id : UX DEVICE CLASS RTOS Condition cause : null
2024-03-20 20:13:34,139 [WARN] ConditionMgr:1039 - genDependencies : Invalid condition id : UX DEVICE CLASS RTOS Condition cause : null
2024-03-20 20:13:34,162 [WARN] PackLoader:240 - Cannot read IP mode file for wolfSSL.I-CUBE-wolfSSL.5.5.4
2024-03-20 20:13:34,180 [WARN] PackLoader:240 - Cannot read IP mode file for STMicroelectronics.X-CUBE-NFC7.1.0.1
2024-03-20 20:13:34,200 [WARN] PackLoader:240 - Cannot read IP mode file for STMicroelectronics.X-CUBE-NFC7.1.0.0
2024-03-20 20:13:34,241 [WARN] PackLoader:240 - Cannot read IP mode file for STMicroelectronics.X-CUBE-NFC6.3.0.0
2024-03-20 20:13:34,266 [WARN] PackLoader:240 - Cannot read IP mode file for STMicroelectronics.X-CUBE-EEPRMA1.4.1.0
2024-03-20 20:13:34,288 [WARN] PackLoader:240 - Cannot read IP mode file for STMicroelectronics.X-CUBE-AI.8.1.0
2024-03-20 20:13:34,348 [WARN] ConditionMgr:438 - getConditionDescription Invalid condition id : LAN8742 Phy interface Condition cause : null
2024-03-20 20:13:34,350 [WARN] PackLoader:240 - Cannot read IP mode file for STMicroelectronics.X-CUBE-AZRTOS-L4.2.0.0
2024-03-20 20:13:34,353 [WARN] ConditionMgr:1039 - genDependencies : Invalid condition id : LAN8742 Phy interface Condition cause : null
2024-03-20 20:13:34,353 [WARN] ConditionMgr:1039 - genDependencies : Invalid condition id : LAN8742 Phy interface Condition cause : null
2024-03-20 20:13:34,354 [WARN] ConditionMgr:1039 - genDependencies : Invalid condition id : LAN8742 Phy interface Condition cause : null
2024-03-20 20:13:34,376 [WARN] PackLoader:240 - Cannot read IP mode file for STMicroelectronics.X-CUBE-SFXS2LP1.4.0.0
2024-03-20 20:13:34,423 [WARN] PackLoader:240 - Cannot read IP mode file for STMicroelectronics.X-CUBE-AZRTOS-H7.3.0.0
2024-03-20 20:13:34,444 [WARN] PackLoader:240 - Cannot read IP mode file for STMicroelectronics.X-CUBE-ISPU.1.1.0
2024-03-20 20:13:34,465 [WARN] PackLoader:240 - Cannot read IP mode file for RoweBots.I-CUBE-UNISONRTOS.5.5.0-4
2024-03-20 20:13:34,483 [WARN] PackLoader:240 - Cannot read IP mode file for STMicroelectronics.X-CUBE-AI.8.0.0
2024-03-20 20:13:34,519 [WARN] ConditionMgr:438 - getConditionDescription Invalid condition id : UX DEVICE CLASS RTOS Condition cause : null
2024-03-20 20:13:34,520 [WARN] ConditionMgr:438 - getConditionDescription Invalid condition id : UX DEVICE CLASS RTOS Condition cause : null
2024-03-20 20:13:34,523 [WARN] PackLoader:240 - Cannot read IP mode file for STMicroelectronics.X-CUBE-AZRTOS-WB.2.0.0
2024-03-20 20:13:34,524 [WARN] ConditionMgr:1039 - genDependencies : Invalid condition id : UX DEVICE CLASS RTOS Condition cause : null
2024-03-20 20:13:34,525 [WARN] ConditionMgr:1039 - genDependencies : Invalid condition id : UX DEVICE CLASS RTOS Condition cause : null
2024-03-20 20:13:34,525 [WARN] ConditionMgr:1039 - genDependencies : Invalid condition id : UX DEVICE CLASS RTOS Condition cause : null
2024-03-20 20:13:34,525 [WARN] ConditionMgr:1039 - genDependencies : Invalid condition id : UX DEVICE CLASS RTOS Condition cause : null
2024-03-20 20:13:34,525 [WARN] ConditionMgr:1039 - genDependencies : Invalid condition id : UX DEVICE CLASS RTOS Condition cause : null
2024-03-20 20:13:34,546 [WARN] PackLoader:240 - Cannot read IP mode file for STMicroelectronics.X-CUBE-FREERTOS.1.0.1
2024-03-20 20:13:34,584 [WARN] PackLoader:240 - Cannot read IP mode file for STMicroelectronics.X-CUBE-AZRTOS-L5.1.1.0
2024-03-20 20:13:34,617 [WARN] PackLoader:240 - Cannot read IP mode file for STMicroelectronics.X-CUBE-SUBG2.5.0.0
2024-03-20 20:13:34,651 [WARN] PackLoader:240 - Cannot read IP mode file for STMicroelectronics.X-CUBE-TOF1.3.3.1
2024-03-20 20:13:34,703 [WARN] PackLoader:240 - Cannot read IP mode file for STMicroelectronics.X-CUBE-AZRTOS-G4.2.0.0
2024-03-20 20:13:34,725 [WARN] PackLoader:240 - Cannot read IP mode file for STMicroelectronics.FP-ATR-ASTRA1.1.1.1
2024-03-20 20:13:34,759 [WARN] PackLoader:240 - Cannot read IP mode file for Infineon.AIROC-Wi-Fi-Bluetooth-STM32.1.5.1
2024-03-20 20:13:34,782 [WARN] PackLoader:240 - Cannot read IP mode file for STMicroelectronics.FP-SNS-MOTENVWB1.1.3.0
2024-03-20 20:13:34,800 [WARN] PackLoader:240 - Cannot read IP mode file for STMicroelectronics.FP-SNS-MOTENVWB1.1.3.1
2024-03-20 20:13:34,832 [WARN] PackLoader:240 - Cannot read IP mode file for STMicroelectronics.X-CUBE-AZRTOS-G4.1.0.0
2024-03-20 20:13:34,874 [WARN] PackLoader:240 - Cannot read IP mode file for STMicroelectronics.X-CUBE-AZRTOS-L4.1.0.0
2024-03-20 20:13:34,893 [WARN] PackLoader:240 - Cannot read IP mode file for STMicroelectronics.X-CUBE-ISPU.2.0.0
2024-03-20 20:13:34,954 [WARN] PackLoader:240 - Cannot read IP mode file for STMicroelectronics.X-CUBE-MEMS1.10.0.0
2024-03-20 20:13:35,076 [WARN] PackLoader:240 - Cannot read IP mode file for STMicroelectronics.X-CUBE-FREERTOS.1.1.0
2024-03-20 20:13:35,106 [WARN] PackLoader:240 - Cannot read IP mode file for STMicroelectronics.X-CUBE-AZRTOS-WL.1.0.0
2024-03-20 20:13:35,124 [WARN] PackLoader:240 - Cannot read IP mode file for portGmbH.I-Cube-SoM-uGOAL.1.1.0
2024-03-20 20:13:35,139 [WARN] PackLoader:240 - Cannot read IP mode file for STMicroelectronics.X-CUBE-ALS.1.0.1
2024-03-20 20:13:35,165 [WARN] PackLoader:240 - Cannot read IP mode file for STMicroelectronics.X-CUBE-AZRTOS-WB.1.1.0
2024-03-20 20:13:35,181 [WARN] PackLoader:240 - Cannot read IP mode file for STMicroelectronics.FP-ATR-ASTRA1.2.0.0
2024-03-20 20:13:35,205 [WARN] PackLoader:240 - Cannot read IP mode file for STMicroelectronics.X-CUBE-TOF1.3.4.0
2024-03-20 20:13:35,238 [WARN] PackLoader:240 - Cannot read IP mode file for STMicroelectronics.X-CUBE-TOF1.3.4.1
2024-03-20 20:13:35,289 [WARN] PackLoader:240 - Cannot read IP mode file for STMicroelectronics.X-CUBE-AZRTOS-H7.3.2.0
2024-03-20 20:13:35,292 [INFO] ThirdParty:978 - Integrity check success = true
2024-03-20 20:13:35,293 [INFO] IntegrityCheckThread:100 - exiting critical section [integrity check]
2024-03-20 20:13:35,293 [INFO] IntegrityCheckThread:103 - End integrity checks thread
2024-03-20 20:13:54,938 [ERROR] LogOutputStream:75 - [STDERR_REDIRECT] SLF4J: Failed to load class "org.slf4j.impl.StaticLoggerBinder".
2024-03-20 20:13:54,939 [ERROR] LogOutputStream:75 - [STDERR_REDIRECT] SLF4J: Defaulting to no-operation (NOP) logger implementation
2024-03-20 20:13:54,941 [ERROR] LogOutputStream:75 - [STDERR_REDIRECT] SLF4J: See http://www.slf4j.org/codes.html#StaticLoggerBinder for further details.
2024-03-20 20:14:03,681 [ERROR] LogOutputStream:75 - [STDERR_REDIRECT] 
2024-03-20 20:32:00,868 [INFO] Activator:176 - 


2024-03-20 20:32:00,870 [INFO] Activator:177 - !SESSION log4j initialized
2024-03-20 20:32:06,711 [INFO] LogOutputStream:77 - [STDOUT_REDIRECT] 
2024-03-20 20:32:07,658 [INFO] ApplicationProperties:184 - Using Application install path: C:\ST\STM32CubeIDE_1.11.2\STM32CubeIDE\plugins\com.st.stm32cube.common.mx_6.9.2.202309101412
2024-03-20 20:32:07,679 [INFO] DbMcusXml:78 - Set database path to: C:\ST\STM32CubeIDE_1.11.2\STM32CubeIDE\plugins\com.st.stm32cube.common.mx_6.9.2.202309101412\\db\/mcu/
2024-03-20 20:32:07,679 [INFO] ApiDb:274 - Set plugin database path to: C:\ST\STM32CubeIDE_1.11.2\STM32CubeIDE\plugins\com.st.stm32cube.common.mx_6.9.2.202309101412\\db\/plugins/boardmanager/
2024-03-20 20:32:07,679 [WARN] ApiDb:259 - Overriding images path with different value:  => C:\ST\STM32CubeIDE_1.11.2\STM32CubeIDE\plugins\com.st.stm32cube.common.mx_6.9.2.202309101412\\db\/plugins/mcufinder/images/
2024-03-20 20:32:07,689 [INFO] ApiDb:250 - Set database path to: C:\Users\erkan\.stmcufinder\plugins\mcufinder//mcu/
2024-03-20 20:32:07,690 [INFO] DbMcusAds:125 - Set database path to: C:\Users\erkan\.stmcufinder\plugins\mcufinder//mcu/
2024-03-20 20:32:07,693 [INFO] CrossReferenceDbSqlite:203 - Set database path to: C:\Users\erkan\.stmcufinder\plugins\mcufinder//mcu/cs/
2024-03-20 20:32:07,800 [INFO] RulesReader:64 - Compatibility file has been processed (293 Rules)
2024-03-20 20:32:07,894 [INFO] DbMcusXml:78 - Set database path to: C:\ST\STM32CubeIDE_1.11.2\STM32CubeIDE\plugins\com.st.stm32cube.common.mx_6.9.2.202309101412\\db\/mcu/
2024-03-20 20:32:07,894 [INFO] ApiDb:274 - Set plugin database path to: C:\ST\STM32CubeIDE_1.11.2\STM32CubeIDE\plugins\com.st.stm32cube.common.mx_6.9.2.202309101412\\db\/plugins/boardmanager/
2024-03-20 20:32:07,894 [INFO] ApiDb:261 - Set plugin images path to: C:\ST\STM32CubeIDE_1.11.2\STM32CubeIDE\plugins\com.st.stm32cube.common.mx_6.9.2.202309101412\\db\/plugins/mcufinder/images/
2024-03-20 20:32:07,894 [WARN] DbFile:41 - Overriding database path with different value: C:\Users\erkan\.stmcufinder\plugins\mcufinder/ => C:\Users\erkan\.stmcufinder\plugins\mcufinder
2024-03-20 20:32:07,894 [INFO] ApiDb:250 - Set database path to: C:\Users\erkan\.stmcufinder\plugins\mcufinder//mcu/
2024-03-20 20:32:07,894 [WARN] DbFile:41 - Overriding database path with different value: C:\Users\erkan\.stmcufinder\plugins\mcufinder/ => C:\Users\erkan\.stmcufinder\plugins\mcufinder
2024-03-20 20:32:07,894 [INFO] DbMcusAds:125 - Set database path to: C:\Users\erkan\.stmcufinder\plugins\mcufinder//mcu/
2024-03-20 20:32:07,895 [WARN] DbFile:41 - Overriding database path with different value: C:\Users\erkan\.stmcufinder\plugins\mcufinder/ => C:\Users\erkan\.stmcufinder\plugins\mcufinder
2024-03-20 20:32:07,895 [WARN] DbFile:41 - Overriding database path with different value: C:\Users\erkan\.stmcufinder\plugins\mcufinder/ => C:\Users\erkan\.stmcufinder\plugins\mcufinder
2024-03-20 20:32:07,895 [INFO] CrossReferenceDbSqlite:203 - Set database path to: C:\Users\erkan\.stmcufinder\plugins\mcufinder//mcu/cs/
2024-03-20 20:32:07,979 [INFO] MainPanel:262 - HeapMemory: 268435456
2024-03-20 20:32:08,072 [INFO] DbMcusXml:78 - Set database path to: C:\ST\STM32CubeIDE_1.11.2\STM32CubeIDE\plugins\com.st.stm32cube.common.mx_6.9.2.202309101412\\db\/mcu/
2024-03-20 20:32:08,072 [INFO] ApiDb:274 - Set plugin database path to: C:\ST\STM32CubeIDE_1.11.2\STM32CubeIDE\plugins\com.st.stm32cube.common.mx_6.9.2.202309101412\\db\/plugins/boardmanager/
2024-03-20 20:32:08,074 [INFO] ApiDb:261 - Set plugin images path to: C:\ST\STM32CubeIDE_1.11.2\STM32CubeIDE\plugins\com.st.stm32cube.common.mx_6.9.2.202309101412\\db\/plugins/mcufinder/images/
2024-03-20 20:32:08,074 [WARN] DbFile:41 - Overriding database path with different value: C:\Users\erkan\.stmcufinder\plugins\mcufinder/ => C:\Users\erkan\.stmcufinder\plugins\mcufinder
2024-03-20 20:32:08,074 [INFO] ApiDb:250 - Set database path to: C:\Users\erkan\.stmcufinder\plugins\mcufinder//mcu/
2024-03-20 20:32:08,074 [WARN] DbFile:41 - Overriding database path with different value: C:\Users\erkan\.stmcufinder\plugins\mcufinder/ => C:\Users\erkan\.stmcufinder\plugins\mcufinder
2024-03-20 20:32:08,074 [INFO] DbMcusAds:125 - Set database path to: C:\Users\erkan\.stmcufinder\plugins\mcufinder//mcu/
2024-03-20 20:32:08,074 [WARN] DbFile:41 - Overriding database path with different value: C:\Users\erkan\.stmcufinder\plugins\mcufinder/ => C:\Users\erkan\.stmcufinder\plugins\mcufinder
2024-03-20 20:32:08,074 [WARN] DbFile:41 - Overriding database path with different value: C:\Users\erkan\.stmcufinder\plugins\mcufinder/ => C:\Users\erkan\.stmcufinder\plugins\mcufinder
2024-03-20 20:32:08,074 [INFO] CrossReferenceDbSqlite:203 - Set database path to: C:\Users\erkan\.stmcufinder\plugins\mcufinder//mcu/cs/
2024-03-20 20:32:08,097 [INFO] ApplicationProperties:184 - Using Application install path: C:\ST\STM32CubeIDE_1.11.2\STM32CubeIDE\plugins\com.st.stm32cube.common.mx_6.9.2.202309101412
2024-03-20 20:32:08,099 [INFO] PluginManage:196 - Search for loadable plugins [exclusion list=, ]
2024-03-20 20:32:08,102 [INFO] PluginManage:310 - Check plugin analytics
2024-03-20 20:32:08,285 [INFO] AnalyticsPlugin:253 - Accepted Software Licenses: STM32CubeMX.6.9.2
2024-03-20 20:32:08,285 [INFO] AnalyticsPlugin:255 - Accepted CMSIS Pack Licenses: 
2024-03-20 20:32:08,285 [INFO] AnalyticsPlugin:257 - Accepted Firmware Licenses: 
2024-03-20 20:32:08,288 [INFO] PluginManage:359 - Loaded plugin analytics (category:tool,tabindex:-1)
2024-03-20 20:32:08,288 [INFO] PluginManage:310 - Check plugin cadmodel
2024-03-20 20:32:08,296 [INFO] CADModel:105 - Init CAD model plugin
2024-03-20 20:32:08,296 [INFO] PluginManage:359 - Loaded plugin cadmodel (category:power,tabindex:5)
2024-03-20 20:32:08,296 [INFO] PluginManage:310 - Check plugin clock
2024-03-20 20:32:08,309 [INFO] PluginManage:359 - Loaded plugin clock (category:base,tabindex:2)
2024-03-20 20:32:08,309 [INFO] PluginManage:310 - Check plugin ddr
2024-03-20 20:32:08,312 [INFO] PluginManage:359 - Loaded plugin ddr (category:tool,tabindex:6)
2024-03-20 20:32:08,312 [INFO] PluginManage:310 - Check plugin filemanager
2024-03-20 20:32:08,458 [INFO] PluginManage:359 - Loaded plugin filemanager (category:base,tabindex:10)
2024-03-20 20:32:08,459 [INFO] PluginManage:310 - Check plugin ipmanager
2024-03-20 20:32:08,469 [INFO] PluginManage:359 - Loaded plugin ipmanager (category:base,tabindex:5)
2024-03-20 20:32:08,469 [INFO] PluginManage:310 - Check plugin lpbam
2024-03-20 20:32:08,482 [INFO] PluginManage:359 - Loaded plugin lpbam (category:base,tabindex:0)
2024-03-20 20:32:08,482 [INFO] PluginManage:310 - Check plugin memorymap
2024-03-20 20:32:08,499 [INFO] PluginManage:359 - Loaded plugin memorymap (category:base,tabindex:4)
2024-03-20 20:32:08,499 [INFO] PluginManage:310 - Check plugin pinoutandconfiguration
2024-03-20 20:32:08,509 [INFO] PluginManage:359 - Loaded plugin pinoutandconfiguration (category:base,tabindex:1)
2024-03-20 20:32:08,509 [INFO] PluginManage:310 - Check plugin pinoutconfig
2024-03-20 20:32:08,611 [WARN] SupportedApi:132 - Cannot load RTOS API schema: s4s-elt-must-match.1: The content of 'definitions' must match (annotation?, (simpleType | complexType)?, (unique | key | keyref)*)). A problem was found starting at: attribute.
2024-03-20 20:32:08,753 [INFO] PluginManage:359 - Loaded plugin pinoutconfig (category:base,tabindex:0)
2024-03-20 20:32:08,754 [INFO] PluginManage:310 - Check plugin power
2024-03-20 20:32:08,767 [INFO] PluginManage:359 - Loaded plugin power (category:power,tabindex:4)
2024-03-20 20:32:08,767 [INFO] PluginManage:310 - Check plugin projectmanager
2024-03-20 20:32:08,782 [INFO] PluginManage:359 - Loaded plugin projectmanager (category:projectmanager,tabindex:3)
2024-03-20 20:32:08,782 [INFO] PluginManage:310 - Check plugin thirdparty
2024-03-20 20:32:08,919 [WARN] IntegrityCheckThread:84 - waiting for thirdparty lock release [integrity check]
2024-03-20 20:32:08,920 [INFO] PluginManage:359 - Loaded plugin thirdparty (category:base,tabindex:-1)
2024-03-20 20:32:08,920 [INFO] IntegrityCheckThread:86 - entering critical section [integrity check]
2024-03-20 20:32:08,920 [INFO] PluginManage:310 - Check plugin tools
2024-03-20 20:32:08,920 [INFO] ThirdPartyUpdaterWithRetryManager:70 - Updater plugin not ready yet. [1/15]
2024-03-20 20:32:08,924 [INFO] PluginManage:359 - Loaded plugin tools (category:base,tabindex:7)
2024-03-20 20:32:08,924 [INFO] PluginManage:310 - Check plugin tutovideos
2024-03-20 20:32:09,108 [INFO] PluginManage:359 - Loaded plugin tutovideos (category:base,tabindex:-1)
2024-03-20 20:32:09,109 [INFO] PluginManage:310 - Check plugin updater
2024-03-20 20:32:09,120 [INFO] PluginManage:359 - Loaded plugin updater (category:base,tabindex:12)
2024-03-20 20:32:09,120 [INFO] PluginManage:310 - Check plugin userauth
2024-03-20 20:32:09,126 [INFO] UserAuth:113 - Init User Auth plugin
2024-03-20 20:32:09,126 [INFO] PluginManage:359 - Loaded plugin userauth (category:base,tabindex:14)
2024-03-20 20:32:09,127 [INFO] PluginManage:283 - PluginManage : Loaded plugins [17]
2024-03-20 20:32:09,364 [INFO] PinOutPanel:1499 - setPackage(No Configuration,No Configuration)
2024-03-20 20:32:09,481 [INFO] CADModel:165 - CPN selected for project level
2024-03-20 20:32:09,481 [INFO] CADModel:114 - Register for checkConnection events
2024-03-20 20:32:09,499 [INFO] IPUIPlugin:80 - create IPUIPlugin
2024-03-20 20:32:09,499 [INFO] PluginManager:220 - loadIPPluginJar : add adc
2024-03-20 20:32:09,502 [INFO] IPUIPlugin:80 - create IPUIPlugin
2024-03-20 20:32:09,502 [INFO] PluginManager:220 - loadIPPluginJar : add aes
2024-03-20 20:32:09,505 [INFO] IPUIPlugin:80 - create IPUIPlugin
2024-03-20 20:32:09,505 [INFO] PluginManager:220 - loadIPPluginJar : add can
2024-03-20 20:32:09,507 [INFO] IPUIPlugin:80 - create IPUIPlugin
2024-03-20 20:32:09,507 [INFO] PluginManager:220 - loadIPPluginJar : add comp
2024-03-20 20:32:09,509 [INFO] IPUIPlugin:80 - create IPUIPlugin
2024-03-20 20:32:09,509 [INFO] PluginManager:220 - loadIPPluginJar : add cryp
2024-03-20 20:32:09,512 [INFO] IPUIPlugin:80 - create IPUIPlugin
2024-03-20 20:32:09,512 [INFO] PluginManager:220 - loadIPPluginJar : add dfsdm
2024-03-20 20:32:09,518 [INFO] IPUIPlugin:80 - create IPUIPlugin
2024-03-20 20:32:09,518 [INFO] PluginManager:220 - loadIPPluginJar : add dma
2024-03-20 20:32:09,521 [INFO] IPUIPlugin:80 - create IPUIPlugin
2024-03-20 20:32:09,521 [INFO] PluginManager:220 - loadIPPluginJar : add dma3
2024-03-20 20:32:09,523 [INFO] IPUIPlugin:80 - create IPUIPlugin
2024-03-20 20:32:09,523 [INFO] PluginManager:220 - loadIPPluginJar : add fatfs
2024-03-20 20:32:09,528 [INFO] IPUIPlugin:80 - create IPUIPlugin
2024-03-20 20:32:09,528 [INFO] PluginManager:220 - loadIPPluginJar : add fmc
2024-03-20 20:32:09,533 [INFO] IPUIPlugin:80 - create IPUIPlugin
2024-03-20 20:32:09,534 [INFO] PluginManager:220 - loadIPPluginJar : add freertos
2024-03-20 20:32:09,536 [INFO] IPUIPlugin:80 - create IPUIPlugin
2024-03-20 20:32:09,536 [INFO] PluginManager:220 - loadIPPluginJar : add genericplugin
2024-03-20 20:32:09,538 [INFO] IPUIPlugin:80 - create IPUIPlugin
2024-03-20 20:32:09,538 [INFO] PluginManager:220 - loadIPPluginJar : add gfxmmu
2024-03-20 20:32:09,543 [INFO] IPUIPlugin:80 - create IPUIPlugin
2024-03-20 20:32:09,543 [INFO] PluginManager:220 - loadIPPluginJar : add gic
2024-03-20 20:32:09,547 [INFO] IPUIPlugin:80 - create IPUIPlugin
2024-03-20 20:32:09,547 [INFO] PluginManager:220 - loadIPPluginJar : add gpio
2024-03-20 20:32:09,550 [INFO] IPUIPlugin:80 - create IPUIPlugin
2024-03-20 20:32:09,550 [INFO] PluginManager:220 - loadIPPluginJar : add gtzc
2024-03-20 20:32:09,552 [INFO] IPUIPlugin:80 - create IPUIPlugin
2024-03-20 20:32:09,553 [INFO] PluginManager:220 - loadIPPluginJar : add hash
2024-03-20 20:32:09,556 [INFO] IPUIPlugin:80 - create IPUIPlugin
2024-03-20 20:32:09,556 [INFO] PluginManager:220 - loadIPPluginJar : add i2c
2024-03-20 20:32:09,558 [INFO] IPUIPlugin:80 - create IPUIPlugin
2024-03-20 20:32:09,558 [INFO] PluginManager:220 - loadIPPluginJar : add i2s
2024-03-20 20:32:09,561 [INFO] IPUIPlugin:80 - create IPUIPlugin
2024-03-20 20:32:09,561 [INFO] PluginManager:220 - loadIPPluginJar : add i3c
2024-03-20 20:32:09,564 [INFO] IPUIPlugin:80 - create IPUIPlugin
2024-03-20 20:32:09,564 [INFO] PluginManager:220 - loadIPPluginJar : add ipddr
2024-03-20 20:32:09,571 [INFO] IPUIPlugin:80 - create IPUIPlugin
2024-03-20 20:32:09,571 [INFO] PluginManager:220 - loadIPPluginJar : add linkedlist
2024-03-20 20:32:09,575 [INFO] IPUIPlugin:80 - create IPUIPlugin
2024-03-20 20:32:09,575 [INFO] PluginManager:220 - loadIPPluginJar : add lorawan
2024-03-20 20:32:09,576 [INFO] IPUIPlugin:80 - create IPUIPlugin
2024-03-20 20:32:09,577 [INFO] PluginManager:220 - loadIPPluginJar : add ltdc
2024-03-20 20:32:09,582 [INFO] IPUIPlugin:80 - create IPUIPlugin
2024-03-20 20:32:09,583 [INFO] PluginManager:220 - loadIPPluginJar : add mdma
2024-03-20 20:32:09,586 [INFO] IPUIPlugin:80 - create IPUIPlugin
2024-03-20 20:32:09,586 [INFO] PluginManager:220 - loadIPPluginJar : add nvic
2024-03-20 20:32:09,589 [INFO] IPUIPlugin:80 - create IPUIPlugin
2024-03-20 20:32:09,589 [INFO] PluginManager:220 - loadIPPluginJar : add opamp
2024-03-20 20:32:09,592 [INFO] IPUIPlugin:80 - create IPUIPlugin
2024-03-20 20:32:09,593 [INFO] PluginManager:220 - loadIPPluginJar : add openamp
2024-03-20 20:32:09,596 [INFO] IPUIPlugin:80 - create IPUIPlugin
2024-03-20 20:32:09,596 [INFO] PluginManager:220 - loadIPPluginJar : add pdm2pcm
2024-03-20 20:32:09,604 [INFO] IPUIPlugin:80 - create IPUIPlugin
2024-03-20 20:32:09,606 [INFO] PluginManager:220 - loadIPPluginJar : add plateformsettings
2024-03-20 20:32:09,608 [INFO] IPUIPlugin:80 - create IPUIPlugin
2024-03-20 20:32:09,608 [INFO] PluginManager:220 - loadIPPluginJar : add quadspi
2024-03-20 20:32:09,614 [INFO] IPUIPlugin:80 - create IPUIPlugin
2024-03-20 20:32:09,614 [INFO] PluginManager:220 - loadIPPluginJar : add resmgrutility
2024-03-20 20:32:09,617 [INFO] IPUIPlugin:80 - create IPUIPlugin
2024-03-20 20:32:09,618 [INFO] PluginManager:220 - loadIPPluginJar : add sai
2024-03-20 20:32:09,621 [INFO] IPUIPlugin:80 - create IPUIPlugin
2024-03-20 20:32:09,621 [INFO] PluginManager:220 - loadIPPluginJar : add spi
2024-03-20 20:32:09,627 [INFO] IPUIPlugin:80 - create IPUIPlugin
2024-03-20 20:32:09,627 [INFO] PluginManager:220 - loadIPPluginJar : add stm32_wpan
2024-03-20 20:32:09,630 [INFO] IPUIPlugin:80 - create IPUIPlugin
2024-03-20 20:32:09,630 [INFO] PluginManager:220 - loadIPPluginJar : add tim
2024-03-20 20:32:09,634 [INFO] IPUIPlugin:80 - create IPUIPlugin
2024-03-20 20:32:09,634 [INFO] PluginManager:220 - loadIPPluginJar : add touchsensing
2024-03-20 20:32:09,637 [INFO] IPUIPlugin:80 - create IPUIPlugin
2024-03-20 20:32:09,637 [INFO] PluginManager:220 - loadIPPluginJar : add tracer_emb
2024-03-20 20:32:09,640 [INFO] IPUIPlugin:80 - create IPUIPlugin
2024-03-20 20:32:09,640 [INFO] PluginManager:220 - loadIPPluginJar : add ts
2024-03-20 20:32:09,642 [INFO] IPUIPlugin:80 - create IPUIPlugin
2024-03-20 20:32:09,642 [INFO] PluginManager:220 - loadIPPluginJar : add tsc
2024-03-20 20:32:09,645 [INFO] IPUIPlugin:80 - create IPUIPlugin
2024-03-20 20:32:09,645 [INFO] PluginManager:220 - loadIPPluginJar : add ucpd
2024-03-20 20:32:09,648 [INFO] IPUIPlugin:80 - create IPUIPlugin
2024-03-20 20:32:09,648 [INFO] PluginManager:220 - loadIPPluginJar : add usart
2024-03-20 20:32:09,652 [INFO] IPUIPlugin:80 - create IPUIPlugin
2024-03-20 20:32:09,652 [INFO] PluginManager:220 - loadIPPluginJar : add usbx
2024-03-20 20:32:09,781 [INFO] CADModel:165 - CPN selected for project level
2024-03-20 20:32:09,781 [INFO] CADModel:114 - Register for checkConnection events
2024-03-20 20:32:09,781 [FATAL] Updater:308 - Updater called before beeing initialized
2024-03-20 20:32:09,781 [ERROR] CADModel:125 - Updater not yet initialized, retry later 
2024-03-20 20:32:09,932 [INFO] CADModel:165 - CPN selected for project level
2024-03-20 20:32:09,932 [INFO] CADModel:114 - Register for checkConnection events
2024-03-20 20:32:09,932 [FATAL] Updater:308 - Updater called before beeing initialized
2024-03-20 20:32:09,932 [ERROR] CADModel:125 - Updater not yet initialized, retry later 
2024-03-20 20:32:09,937 [FATAL] Updater:308 - Updater called before beeing initialized
2024-03-20 20:32:10,046 [FATAL] Updater:308 - Updater called before beeing initialized
2024-03-20 20:32:10,051 [INFO] DbMcusAds:53 - JSON generation date=Wed Nov 29 11:52:27 CET 2023 (1701255147349)
2024-03-20 20:32:10,051 [FATAL] Updater:308 - Updater called before beeing initialized
2024-03-20 20:32:10,091 [WARN] DetailPanel:346 - Failed to get advertising image, set to default
2024-03-20 20:32:10,208 [FATAL] Updater:308 - Updater called before beeing initialized
2024-03-20 20:32:10,210 [FATAL] Updater:308 - Updater called before beeing initialized
2024-03-20 20:32:10,210 [FATAL] Updater:308 - Updater called before beeing initialized
2024-03-20 20:32:10,210 [WARN] DetailPanel:346 - Failed to get advertising image, set to default
2024-03-20 20:32:10,211 [FATAL] Updater:308 - Updater called before beeing initialized
2024-03-20 20:32:10,252 [ERROR] Updater:1120 - MainUpdater not yet initialized. External WinMGr cannot be set.
2024-03-20 20:32:10,255 [INFO] Updater:1056 - Updater Version found : 6.9.2
2024-03-20 20:32:10,275 [INFO] ApplicationProperties:184 - Using Application install path: C:\ST\STM32CubeIDE_1.11.2\STM32CubeIDE\plugins\com.st.stm32cube.common.mx_6.9.2.202309101412
2024-03-20 20:32:10,565 [INFO] MainUpdater:2868 - connection check result : 10
2024-03-20 20:32:10,566 [INFO] MainUpdater:285 - Updater Check For Update Now.
2024-03-20 20:32:10,566 [INFO] MicroXplorer:498 - Change Database Version : DB.6.0.92
2024-03-20 20:32:10,573 [INFO] McuFinderGlobals:63 - Set McuFinder mode to 2 (CubeIDE integrated)
2024-03-20 20:32:10,573 [INFO] UserAuth:179 - activating auth plugin
2024-03-20 20:32:10,576 [INFO] UserAuth:393 - Internet connection configuration mode: 1
2024-03-20 20:32:10,599 [INFO] JxBrowserEngine:151 - Initiate JxBrowser Engine with user profile folder
2024-03-20 20:32:10,737 [INFO] CheckServerUpdateThread:120 - End of CheckServer Thread
2024-03-20 20:32:11,607 [INFO] WebApp:157 - Instantiating new browser for Auth
2024-03-20 20:32:12,188 [WARN] PackLoader:240 - Cannot read IP mode file for STMicroelectronics.X-CUBE-SMBUS.2.1.0
2024-03-20 20:32:12,200 [WARN] PackLoader:240 - Cannot read IP mode file for STMicroelectronics.X-CUBE-TOUCHGFX.4.23.0
2024-03-20 20:32:12,229 [INFO] WebApp:753 - Register for checkConnection events
2024-03-20 20:32:12,230 [INFO] WebApp:390 - Apply proxy settings
2024-03-20 20:32:12,230 [INFO] WebApp:475 - Chromium requires no authentication
2024-03-20 20:32:12,230 [WARN] PackLoader:240 - Cannot read IP mode file for STMicroelectronics.X-CUBE-AZRTOS-F7.1.1.0
2024-03-20 20:32:12,241 [INFO] WebApp:418 - Direct internet connection detected
2024-03-20 20:32:12,242 [WARN] PackLoader:240 - Cannot read IP mode file for STMicroelectronics.FP-SNS-MOTENV1.4.3.2
2024-03-20 20:32:12,253 [WARN] PackLoader:240 - Cannot read IP mode file for STMicroelectronics.X-CUBE-BLE1.6.2.4
2024-03-20 20:32:12,260 [WARN] PackLoader:240 - Cannot read IP mode file for STMicroelectronics.FP-SNS-FLIGHT1.5.0.2
2024-03-20 20:32:12,271 [WARN] PackLoader:240 - Cannot read IP mode file for STMicroelectronics.X-CUBE-DISPLAY.3.0.0
2024-03-20 20:32:12,281 [WARN] PackLoader:240 - Cannot read IP mode file for STMicroelectronics.X-CUBE-BLE1.7.0.0
2024-03-20 20:32:12,285 [WARN] PackLoader:240 - Cannot read IP mode file for STMicroelectronics.X-CUBE-TOUCHGFX.4.22.0
2024-03-20 20:32:12,290 [WARN] PackLoader:240 - Cannot read IP mode file for STMicroelectronics.X-CUBE-TOUCHGFX.4.22.1
2024-03-20 20:32:12,303 [WARN] PackLoader:240 - Cannot read IP mode file for STMicroelectronics.X-CUBE-BLEMGR.3.1.0
2024-03-20 20:32:12,310 [WARN] PackLoader:240 - Cannot read IP mode file for STMicroelectronics.FP-SNS-SMARTAG2.1.2.0
2024-03-20 20:32:12,321 [INFO] LogOutputStream:77 - [STDOUT_REDIRECT] 1 : Invalid condition id : UX_CORESTACK_Condition cause : null
2024-03-20 20:32:12,322 [INFO] LogOutputStream:77 - [STDOUT_REDIRECT] 1 : Invalid condition id : UX_CORESTACK_Condition cause : null
2024-03-20 20:32:12,324 [INFO] LogOutputStream:77 - [STDOUT_REDIRECT] 1 : Invalid condition id : UX_CORESTACK_Condition cause : null
2024-03-20 20:32:12,325 [INFO] LogOutputStream:77 - [STDOUT_REDIRECT] 1 : Invalid condition id : UX_CORESTACK_Condition cause : null
2024-03-20 20:32:12,327 [INFO] LogOutputStream:77 - [STDOUT_REDIRECT] 1 : Invalid condition id : UX_CORESTACK_Condition cause : null
2024-03-20 20:32:12,330 [WARN] PackLoader:240 - Cannot read IP mode file for STMicroelectronics.X-CUBE-AZRTOS-WL.2.0.0
2024-03-20 20:32:12,341 [WARN] PackLoader:240 - Cannot read IP mode file for WES.I-CUBE-Cesium.1.3.0
2024-03-20 20:32:12,349 [WARN] PackLoader:240 - Cannot read IP mode file for STMicroelectronics.X-CUBE-BLE2.3.3.0
2024-03-20 20:32:12,370 [WARN] PackLoader:240 - Cannot read IP mode file for STMicroelectronics.X-CUBE-TOF1.3.2.0
2024-03-20 20:32:12,382 [WARN] PackLoader:240 - Cannot read IP mode file for STMicroelectronics.X-CUBE-TOUCHGFX.4.21.1
2024-03-20 20:32:12,387 [WARN] PackLoader:240 - Cannot read IP mode file for STMicroelectronics.X-CUBE-AI.7.3.0
2024-03-20 20:32:12,396 [WARN] PackLoader:240 - Cannot read IP mode file for STMicroelectronics.X-CUBE-ALGOBUILD.1.3.0
2024-03-20 20:32:12,410 [WARN] PackLoader:240 - Cannot read IP mode file for STMicroelectronics.X-CUBE-AZRTOS-G0.1.1.0
2024-03-20 20:32:12,418 [WARN] PackLoader:240 - Cannot read IP mode file for STMicroelectronics.X-CUBE-NFC4.3.0.0
2024-03-20 20:32:12,427 [WARN] PackLoader:240 - Cannot read IP mode file for STMicroelectronics.X-CUBE-BLEMGR.3.0.0
2024-03-20 20:32:12,436 [WARN] PackLoader:240 - Cannot read IP mode file for STMicroelectronics.X-CUBE-BLEMGR.1.3.0
2024-03-20 20:32:12,442 [WARN] PackLoader:240 - Cannot read IP mode file for STMicroelectronics.FP-ATR-SIGFOX1.3.2.0
2024-03-20 20:32:12,449 [WARN] PackLoader:240 - Cannot read IP mode file for STMicroelectronics.X-CUBE-EEPRMA1.5.1.0
2024-03-20 20:32:12,481 [WARN] PackLoader:240 - Cannot read IP mode file for STMicroelectronics.X-CUBE-MEMS1.9.5.0
2024-03-20 20:32:12,532 [INFO] WebApp:188 - Starting web application
2024-03-20 20:32:12,532 [INFO] WebApp:520 - Web application path used C:\ST\STM32CubeIDE_1.11.2\STM32CubeIDE\plugins\com.st.stm32cube.common.mx_6.9.2.202309101412\db\plugins\mcufinder\reactClient1\index.html
2024-03-20 20:32:12,631 [WARN] PackLoader:240 - Cannot read IP mode file for SEGGER.I-CUBE-embOS.1.3.1
2024-03-20 20:32:12,667 [WARN] PackLoader:240 - Cannot read IP mode file for STMicroelectronics.X-CUBE-GNSS1.6.0.0
2024-03-20 20:32:12,682 [WARN] PackLoader:240 - Cannot read IP mode file for STMicroelectronics.X-CUBE-AZRTOS-F4.1.1.0
2024-03-20 20:32:12,702 [WARN] PackLoader:240 - Cannot read IP mode file for STMicroelectronics.X-CUBE-AZRTOS-L5.2.0.0
2024-03-20 20:32:12,747 [WARN] PackLoader:240 - Cannot read IP mode file for STMicroelectronics.X-CUBE-MEMS1.9.6.0
2024-03-20 20:32:12,891 [WARN] PackLoader:240 - Cannot read IP mode file for STMicroelectronics.X-CUBE-EEPRMA1.4.2.0
2024-03-20 20:32:12,897 [WARN] PackLoader:240 - Cannot read IP mode file for ITTIA_DB.I-CUBE-ITTIADB.8.8.0
2024-03-20 20:32:12,906 [WARN] PackLoader:240 - Cannot read IP mode file for emotas.I-CUBE-CANOPEN.1.1.3
2024-03-20 20:32:12,913 [WARN] PackLoader:240 - Cannot read IP mode file for STMicroelectronics.X-CUBE-BLEMGR.2.0.0
2024-03-20 20:32:12,931 [WARN] ConditionMgr:438 - getConditionDescription Invalid condition id : UX DEVICE CLASS RTOS Condition cause : null
2024-03-20 20:32:12,931 [WARN] ConditionMgr:438 - getConditionDescription Invalid condition id : UX DEVICE CLASS RTOS Condition cause : null
2024-03-20 20:32:12,935 [WARN] PackLoader:240 - Cannot read IP mode file for STMicroelectronics.X-CUBE-AZRTOS-H7.3.1.0
2024-03-20 20:32:12,936 [WARN] ConditionMgr:1039 - genDependencies : Invalid condition id : UX DEVICE CLASS RTOS Condition cause : null
2024-03-20 20:32:12,937 [WARN] ConditionMgr:1039 - genDependencies : Invalid condition id : UX DEVICE CLASS RTOS Condition cause : null
2024-03-20 20:32:12,937 [WARN] ConditionMgr:1039 - genDependencies : Invalid condition id : UX DEVICE CLASS RTOS Condition cause : null
2024-03-20 20:32:12,938 [WARN] ConditionMgr:1039 - genDependencies : Invalid condition id : UX DEVICE CLASS RTOS Condition cause : null
2024-03-20 20:32:12,938 [WARN] ConditionMgr:1039 - genDependencies : Invalid condition id : UX DEVICE CLASS RTOS Condition cause : null
2024-03-20 20:32:12,945 [WARN] PackLoader:240 - Cannot read IP mode file for wolfSSL.I-CUBE-wolfSSL.5.5.4
2024-03-20 20:32:12,951 [WARN] PackLoader:240 - Cannot read IP mode file for STMicroelectronics.X-CUBE-NFC7.1.0.1
2024-03-20 20:32:12,956 [WARN] PackLoader:240 - Cannot read IP mode file for STMicroelectronics.X-CUBE-NFC7.1.0.0
2024-03-20 20:32:12,964 [WARN] PackLoader:240 - Cannot read IP mode file for STMicroelectronics.X-CUBE-NFC6.3.0.0
2024-03-20 20:32:12,971 [WARN] PackLoader:240 - Cannot read IP mode file for STMicroelectronics.X-CUBE-EEPRMA1.4.1.0
2024-03-20 20:32:12,976 [WARN] PackLoader:240 - Cannot read IP mode file for STMicroelectronics.X-CUBE-AI.8.1.0
2024-03-20 20:32:12,997 [WARN] ConditionMgr:438 - getConditionDescription Invalid condition id : LAN8742 Phy interface Condition cause : null
2024-03-20 20:32:12,997 [WARN] PackLoader:240 - Cannot read IP mode file for STMicroelectronics.X-CUBE-AZRTOS-L4.2.0.0
2024-03-20 20:32:12,998 [WARN] ConditionMgr:1039 - genDependencies : Invalid condition id : LAN8742 Phy interface Condition cause : null
2024-03-20 20:32:12,999 [WARN] ConditionMgr:1039 - genDependencies : Invalid condition id : LAN8742 Phy interface Condition cause : null
2024-03-20 20:32:12,999 [WARN] ConditionMgr:1039 - genDependencies : Invalid condition id : LAN8742 Phy interface Condition cause : null
2024-03-20 20:32:13,008 [WARN] PackLoader:240 - Cannot read IP mode file for STMicroelectronics.X-CUBE-SFXS2LP1.4.0.0
2024-03-20 20:32:13,025 [WARN] PackLoader:240 - Cannot read IP mode file for STMicroelectronics.X-CUBE-AZRTOS-H7.3.0.0
2024-03-20 20:32:13,034 [WARN] PackLoader:240 - Cannot read IP mode file for STMicroelectronics.X-CUBE-ISPU.1.1.0
2024-03-20 20:32:13,042 [WARN] PackLoader:240 - Cannot read IP mode file for RoweBots.I-CUBE-UNISONRTOS.5.5.0-4
2024-03-20 20:32:13,047 [WARN] PackLoader:240 - Cannot read IP mode file for STMicroelectronics.X-CUBE-AI.8.0.0
2024-03-20 20:32:13,060 [WARN] ConditionMgr:438 - getConditionDescription Invalid condition id : UX DEVICE CLASS RTOS Condition cause : null
2024-03-20 20:32:13,060 [WARN] ConditionMgr:438 - getConditionDescription Invalid condition id : UX DEVICE CLASS RTOS Condition cause : null
2024-03-20 20:32:13,063 [WARN] PackLoader:240 - Cannot read IP mode file for STMicroelectronics.X-CUBE-AZRTOS-WB.2.0.0
2024-03-20 20:32:13,064 [WARN] ConditionMgr:1039 - genDependencies : Invalid condition id : UX DEVICE CLASS RTOS Condition cause : null
2024-03-20 20:32:13,064 [WARN] ConditionMgr:1039 - genDependencies : Invalid condition id : UX DEVICE CLASS RTOS Condition cause : null
2024-03-20 20:32:13,065 [WARN] ConditionMgr:1039 - genDependencies : Invalid condition id : UX DEVICE CLASS RTOS Condition cause : null
2024-03-20 20:32:13,065 [WARN] ConditionMgr:1039 - genDependencies : Invalid condition id : UX DEVICE CLASS RTOS Condition cause : null
2024-03-20 20:32:13,065 [WARN] ConditionMgr:1039 - genDependencies : Invalid condition id : UX DEVICE CLASS RTOS Condition cause : null
2024-03-20 20:32:13,072 [WARN] PackLoader:240 - Cannot read IP mode file for STMicroelectronics.X-CUBE-FREERTOS.1.0.1
2024-03-20 20:32:13,083 [WARN] PackLoader:240 - Cannot read IP mode file for STMicroelectronics.X-CUBE-AZRTOS-L5.1.1.0
2024-03-20 20:32:13,094 [WARN] PackLoader:240 - Cannot read IP mode file for STMicroelectronics.X-CUBE-SUBG2.5.0.0
2024-03-20 20:32:13,105 [WARN] PackLoader:240 - Cannot read IP mode file for STMicroelectronics.X-CUBE-TOF1.3.3.1
2024-03-20 20:32:13,126 [WARN] PackLoader:240 - Cannot read IP mode file for STMicroelectronics.X-CUBE-AZRTOS-G4.2.0.0
2024-03-20 20:32:13,132 [WARN] PackLoader:240 - Cannot read IP mode file for STMicroelectronics.FP-ATR-ASTRA1.1.1.1
2024-03-20 20:32:13,144 [WARN] PackLoader:240 - Cannot read IP mode file for Infineon.AIROC-Wi-Fi-Bluetooth-STM32.1.5.1
2024-03-20 20:32:13,152 [WARN] PackLoader:240 - Cannot read IP mode file for STMicroelectronics.FP-SNS-MOTENVWB1.1.3.0
2024-03-20 20:32:13,157 [WARN] PackLoader:240 - Cannot read IP mode file for STMicroelectronics.FP-SNS-MOTENVWB1.1.3.1
2024-03-20 20:32:13,167 [WARN] PackLoader:240 - Cannot read IP mode file for STMicroelectronics.X-CUBE-AZRTOS-G4.1.0.0
2024-03-20 20:32:13,181 [WARN] PackLoader:240 - Cannot read IP mode file for STMicroelectronics.X-CUBE-AZRTOS-L4.1.0.0
2024-03-20 20:32:13,189 [WARN] PackLoader:240 - Cannot read IP mode file for STMicroelectronics.X-CUBE-ISPU.2.0.0
2024-03-20 20:32:13,225 [WARN] PackLoader:240 - Cannot read IP mode file for STMicroelectronics.X-CUBE-MEMS1.10.0.0
2024-03-20 20:32:13,319 [WARN] PackLoader:240 - Cannot read IP mode file for STMicroelectronics.X-CUBE-FREERTOS.1.1.0
2024-03-20 20:32:13,331 [WARN] PackLoader:240 - Cannot read IP mode file for STMicroelectronics.X-CUBE-AZRTOS-WL.1.0.0
2024-03-20 20:32:13,338 [WARN] PackLoader:240 - Cannot read IP mode file for portGmbH.I-Cube-SoM-uGOAL.1.1.0
2024-03-20 20:32:13,344 [WARN] PackLoader:240 - Cannot read IP mode file for STMicroelectronics.X-CUBE-ALS.1.0.1
2024-03-20 20:32:13,355 [WARN] PackLoader:240 - Cannot read IP mode file for STMicroelectronics.X-CUBE-AZRTOS-WB.1.1.0
2024-03-20 20:32:13,359 [WARN] PackLoader:240 - Cannot read IP mode file for STMicroelectronics.FP-ATR-ASTRA1.2.0.0
2024-03-20 20:32:13,368 [WARN] PackLoader:240 - Cannot read IP mode file for STMicroelectronics.X-CUBE-TOF1.3.4.0
2024-03-20 20:32:13,388 [WARN] PackLoader:240 - Cannot read IP mode file for STMicroelectronics.X-CUBE-TOF1.3.4.1
2024-03-20 20:32:13,409 [WARN] PackLoader:240 - Cannot read IP mode file for STMicroelectronics.X-CUBE-AZRTOS-H7.3.2.0
2024-03-20 20:32:13,412 [INFO] ThirdParty:978 - Integrity check success = true
2024-03-20 20:32:13,412 [INFO] IntegrityCheckThread:100 - exiting critical section [integrity check]
2024-03-20 20:32:13,412 [INFO] IntegrityCheckThread:103 - End integrity checks thread
2024-03-20 20:32:33,375 [ERROR] LogOutputStream:75 - [STDERR_REDIRECT] SLF4J: Failed to load class "org.slf4j.impl.StaticLoggerBinder".
2024-03-20 20:32:33,375 [ERROR] LogOutputStream:75 - [STDERR_REDIRECT] SLF4J: Defaulting to no-operation (NOP) logger implementation
2024-03-20 20:32:33,377 [ERROR] LogOutputStream:75 - [STDERR_REDIRECT] SLF4J: See http://www.slf4j.org/codes.html#StaticLoggerBinder for further details.
2024-03-20 20:35:19,908 [INFO] McuFinderGlobals:63 - Set McuFinder mode to 2 (CubeIDE integrated)
2024-03-20 20:35:19,934 [INFO] MainUpdater:2868 - connection check result : 10
2024-03-20 20:35:19,941 [INFO] MainUpdater:2868 - connection check result : 10
2024-03-20 20:35:20,092 [INFO] MicroXplorer:468 - Change Database Path : 
2024-03-20 20:35:20,092 [INFO] MicroXplorer:498 - Change Database Version : DB.6.0.92
2024-03-20 20:35:20,096 [WARN] ThirdParty:871 - waiting for thirdparty lock release [close project]
2024-03-20 20:35:20,096 [INFO] ThirdParty:873 - entering critical section [close project]
2024-03-20 20:35:20,097 [INFO] ThirdParty:883 - exiting critical section [close project]
2024-03-20 20:35:20,098 [INFO] PinOutPanel:1499 - setPackage(No Configuration,No Configuration)
2024-03-20 20:35:20,104 [INFO] UtilMem:75 - Begin LoadConfig() Used Memory: 751042344 Bytes (1055916032)
2024-03-20 20:35:20,105 [INFO] MicroXplorer:468 - Change Database Path : 
2024-03-20 20:35:20,105 [INFO] MicroXplorer:498 - Change Database Version : DB.6.0.92
2024-03-20 20:35:20,105 [INFO] OpenFileManager:308 - Change cursor
2024-03-20 20:35:20,145 [INFO] Mcu:1946 - Initializing MCU STM32F407V(E-G)Tx STM32F407VGTx STM32F407VGT6
2024-03-20 20:35:22,235 [INFO] Context:659 - Trying to add GPIOservice into a context  which must be forbidden
2024-03-20 20:35:22,871 [INFO] RtosManager:555 - Registered RTOS mode: class=CMSIS, group=RTOS, mode=CMSIS_V1, owner=FREERTOS
2024-03-20 20:35:22,872 [INFO] RtosManager:555 - Registered RTOS mode: class=CMSIS, group=RTOS2, mode=CMSIS_V2, owner=FREERTOS
2024-03-20 20:35:22,872 [INFO] RtosManager:555 - Registered RTOS mode: class=RTOS, group=Core, mode=CMSIS_V1, owner=FREERTOS
2024-03-20 20:35:22,872 [INFO] RtosManager:555 - Registered RTOS mode: class=RTOS, group=Core, mode=CMSIS_V2, owner=FREERTOS
2024-03-20 20:35:22,872 [WARN] ModelIntegratedComponent:184 - Missing modes for component STMicroelectronics:FreeRTOS:0.0.1:STMicroelectronics:RTOS:FreeRTOS:Core:::10.2.0:
2024-03-20 20:35:22,888 [WARN] ModelIntegratedComponent:63 - No mode defined for component null
2024-03-20 20:35:22,888 [WARN] ModelIntegratedComponent:63 - No mode defined for component null
2024-03-20 20:35:22,888 [WARN] ModelIntegratedComponent:63 - No mode defined for component null
2024-03-20 20:35:22,888 [WARN] ModelIntegratedComponent:63 - No mode defined for component null
2024-03-20 20:35:22,888 [WARN] ModelIntegratedComponent:63 - No mode defined for component null
2024-03-20 20:35:22,888 [WARN] ModelIntegratedComponent:63 - No mode defined for component null
2024-03-20 20:35:22,888 [WARN] ModelIntegratedComponent:63 - No mode defined for component null
2024-03-20 20:35:22,889 [WARN] ModelIntegratedComponent:63 - No mode defined for component null
2024-03-20 20:35:22,889 [WARN] ModelIntegratedComponent:63 - No mode defined for component null
2024-03-20 20:35:22,889 [WARN] ModelIntegratedComponent:63 - No mode defined for component null
2024-03-20 20:35:22,889 [WARN] ModelIntegratedComponent:63 - No mode defined for component null
2024-03-20 20:35:22,889 [WARN] ModelIntegratedComponent:63 - No mode defined for component null
2024-03-20 20:35:22,889 [WARN] ModelIntegratedComponent:63 - No mode defined for component null
2024-03-20 20:35:22,889 [WARN] ModelIntegratedComponent:63 - No mode defined for component null
2024-03-20 20:35:22,889 [WARN] ModelIntegratedComponent:63 - No mode defined for component null
2024-03-20 20:35:22,889 [WARN] ModelIntegratedComponent:63 - No mode defined for component null
2024-03-20 20:35:22,889 [WARN] ModelIntegratedComponent:63 - No mode defined for component null
2024-03-20 20:35:22,889 [WARN] ModelIntegratedComponent:63 - No mode defined for component null
2024-03-20 20:35:22,889 [WARN] ModelIntegratedComponent:63 - No mode defined for component null
2024-03-20 20:35:22,889 [WARN] ModelIntegratedComponent:63 - No mode defined for component null
2024-03-20 20:35:22,889 [WARN] ModelIntegratedComponent:63 - No mode defined for component null
2024-03-20 20:35:22,889 [WARN] ModelIntegratedComponent:63 - No mode defined for component null
2024-03-20 20:35:22,889 [WARN] ModelIntegratedComponent:63 - No mode defined for component null
2024-03-20 20:35:22,889 [WARN] ModelIntegratedComponent:63 - No mode defined for component null
2024-03-20 20:35:22,889 [WARN] ModelIntegratedComponent:63 - No mode defined for component null
2024-03-20 20:35:22,889 [WARN] ModelIntegratedComponent:63 - No mode defined for component null
2024-03-20 20:35:22,890 [WARN] ModelIntegratedComponent:63 - No mode defined for component null
2024-03-20 20:35:22,890 [WARN] ModelIntegratedComponent:63 - No mode defined for component null
2024-03-20 20:35:22,890 [WARN] ModelIntegratedComponent:63 - No mode defined for component null
2024-03-20 20:35:22,890 [WARN] ModelIntegratedComponent:63 - No mode defined for component null
2024-03-20 20:35:22,890 [WARN] ModelIntegratedComponent:63 - No mode defined for component null
2024-03-20 20:35:22,890 [WARN] ModelIntegratedComponent:63 - No mode defined for component null
2024-03-20 20:35:22,890 [WARN] ModelIntegratedComponent:63 - No mode defined for component null
2024-03-20 20:35:23,045 [INFO] ThirdPartyModel:298 - Start build external matchings
2024-03-20 20:35:24,398 [INFO] ThirdPartyModel:316 - End build external matchings
2024-03-20 20:35:24,447 [WARN] IP:2114 - I2C_Coeff_DF not found: check if there is a RefParameter without a condition.
2024-03-20 20:35:24,447 [WARN] IP:2114 - Analog_Filter not found: check if there is a RefParameter without a condition.
2024-03-20 20:35:24,448 [INFO] ImportTextPane:194 - (OptionalMessage_ERROR) IP (RCC) : Parameter (48MHZClocksFreq_Value) has invalid value (84000000)
2024-03-20 20:35:24,450 [INFO] ImportTextPane:194 - (OptionalMessage_ERROR) IP (RCC) : Parameter (RTCHSEDivFreq_Value) has invalid value (4000000)
2024-03-20 20:35:24,844 [INFO] UtilMem:75 - End LoadConfig() Used Memory: 890451408 Bytes (1073741824)
2024-03-20 20:35:25,040 [INFO] ApiDb:581 - Connected to CubeFinder SQLite database (C:\Users\erkan\.stmcufinder\plugins\mcufinder\mcu\cube-finder-db.db)
2024-03-20 20:35:25,143 [INFO] ApiDb:668 - CubeFinder database Data Model version=2.1
2024-03-20 20:35:25,143 [INFO] ApiDb:669 - CubeFinder database Configuration version=3.0.39
2024-03-20 20:35:25,143 [INFO] ApiDb:670 - CubeFinder database generation date=2024-02-19 (1708350410)
2024-03-20 20:35:25,143 [INFO] ApiDb:671 - CubeFinder database FW Pack versions=[FP-ATR-ASTRA1_V2.0.0, FP-SNS-FLIGHT1_V5.0.1, FP-SNS-FLIGHT1_V5.0.2, FP-SNS-MOTENV1_V4.3.1, FP-SNS-MOTENV1_V4.3.2, FP-SNS-MOTENVWB1_V1.3.1, FP-SNS-SMARTAG2_V1.2.0, STM32Cube_FW_C0_V1.1.0, STM32Cube_FW_F4_V1.28.0, STM32Cube_FW_F7_V1.17.0, STM32Cube_FW_G0_V1.6.2, STM32Cube_FW_G4_V1.5.2, STM32Cube_FW_H5_V0.5.1, STM32Cube_FW_H5_V1.1.1, STM32Cube_FW_H5_V1.2.0RC2, STM32Cube_FW_H7_V1.11.0, STM32Cube_FW_L0_V1.12.2, STM32Cube_FW_L5_V1.5.0, STM32Cube_FW_U5_V1.3.0RC4, STM32Cube_FW_U5_V1.4.0, STM32Cube_FW_WBA_V1.0.0RC1, STM32Cube_FW_WBA_V1.1.0RC1, STM32Cube_FW_WBA_V1.2.0, STM32Cube_FW_WBA_V1.2.0RC2, STM32Cube_FW_WB_V1.15.0RC1, STM32Cube_FW_WB_V1.16.0, STM32Cube_FW_WB_V1.16.0RC2, STM32Cube_FW_WB_V1.18.0, STM32Cube_FW_WL_V1.3.0, X-CUBE-ALGOBUILD_V1.3.0, X-CUBE-ALS_V1.0.1, X-CUBE-AZRTOS-F4_V1.1.0, X-CUBE-AZRTOS-F7_V1.1.0, X-CUBE-AZRTOS-G0_V1.1.0, X-CUBE-AZRTOS-G4_V2.0.0, X-CUBE-AZRTOS-H7_V3.2.0, X-CUBE-AZRTOS-L4_V1.0.0, X-CUBE-AZRTOS-L4_V2.0.0, X-CUBE-AZRTOS-L5_V1.1.0, X-CUBE-AZRTOS-WB_V2.0.0, X-CUBE-AZRTOS-WL_V2.0.0, X-CUBE-BLE1_V7.0.0, X-CUBE-BLE2_V3.3.0, X-CUBE-BLEMGR_V3.0.0, X-CUBE-EEPRMA1_V4.1.0, X-CUBE-EEPRMA1_V5.1.0, X-CUBE-FREERTOS_V1.1.0, X-CUBE-GNSS1_V6.0.0, X-CUBE-MEMS1_V10.0.0, X-CUBE-MEMS1_V9.1.0, X-CUBE-MEMS1_V9.4.0, X-CUBE-MEMS1_V9.6.0, X-CUBE-NFC4_V3.0.0, X-CUBE-NFC7_V1.0.1, X-CUBE-SFXS2LP1_V4.0.0, X-CUBE-SUBG2_V5.0.0, X-CUBE-TOF1_V3.4.0]
2024-03-20 20:35:27,441 [INFO] ApiDb:240 - Found 323 in-development CPN: [B-G473E-ZEST1S, B-WB1M-WPAN1, B-WL5M-SUBG1, NUCLEO-C031C6, NUCLEO-H503RB, NUCLEO-H563ZI, NUCLEO-U545RE-Q, NUCLEO-U5A5ZJ-Q, NUCLEO-WBA52CG, STEVAL-PROTEUS1, STEVAL-SMARTAG2, STEVAL-STWINBX1, STM320518-EVAL, STM32C0116-DK, STM32C011D6Y3TR, STM32C011D6Y6TR, STM32C011F4P3, STM32C011F4P6, STM32C011F4U3, STM32C011F4U6TR, STM32C011F6P3, STM32C011F6P6, STM32C011F6U3, STM32C011F6U6TR, STM32C011J4M3, STM32C011J4M6, STM32C011J6M3, STM32C011J6M6, STM32C0316-DK, STM32C031C4T3, STM32C031C4T6, STM32C031C4U3, STM32C031C4U6, STM32C031C6T3, STM32C031C6T6, STM32C031C6U3, STM32C031C6U6, STM32C031F4P3, STM32C031F4P6, STM32C031F6P3, STM32C031F6P6, STM32C031G4U3, STM32C031G4U6, STM32C031G6U3, STM32C031G6U6, STM32C031K4T3, STM32C031K4T6, STM32C031K4U3, STM32C031K4U6, STM32C031K6T3, STM32C031K6T6, STM32C031K6U3, STM32C031K6U6, STM32G071K8TXN, STM32G071K8UXN, STM32G081GBU6N, STM32G081KBT6N, STM32G081KBUXN, STM32G0B1CCT6N, STM32G0B1KCT6, STM32G0B1NEY6TR, STM32G0B1RCT6N, STM32G0C1CCT6, STM32G0C1CCT6N, STM32G0C1CCU6N, STM32G0C1CET6N, STM32G0C1CEU6N, STM32G0C1KCT6, STM32G0C1NEY6TR, STM32G0C1RCI6N, STM32G0C1RCT6N, STM32G0C1REI6N, STM32G0C1RET6N, STM32G0C1VCI6, STM32G0C1VEI6, STM32G471CCT6, STM32G471CCU6, STM32G471CET3, STM32G471CET6, STM32G471CEU3, STM32G471CEU6, STM32G471MCT6, STM32G471MET3, STM32G471MET6, STM32G471MEY6TR, STM32G471QCT6, STM32G471QET3, STM32G471RCT6, STM32G471RET3, STM32G471RET6, STM32G471VCH6, STM32G471VCI6, STM32G471VCT6, STM32G471VEH3, STM32G471VEH6, STM32G471VEI3, STM32G471VEI6, STM32G471VET3, STM32G471VET6, STM32G474CCT6, STM32H503CBT6, STM32H503CBU6, STM32H503EBY6TR, STM32H503KBU6, STM32H503RBT6, STM32H562AGI6, STM32H562AII6, STM32H562IGK6, STM32H562IGT6, STM32H562IIK6, STM32H562IIT6, STM32H562RGT6, STM32H562RGV6, STM32H562RIT6, STM32H562RIV6, STM32H562VGT6, STM32H562VIT6, STM32H562ZGT6, STM32H562ZIT6, STM32H563AGI6, STM32H563AII3Q, STM32H563AII6, STM32H563IGK6, STM32H563IGT6, STM32H563IIK3Q, STM32H563IIK6, STM32H563IIT3Q, STM32H563IIT6, STM32H563MIY3QTR, STM32H563RGT6, STM32H563RGV6, STM32H563RIT6, STM32H563RIV6, STM32H563VGT6, STM32H563VIT3Q, STM32H563VIT6, STM32H563ZGT6, STM32H563ZIT3Q, STM32H563ZIT6, STM32H573AII3Q, STM32H573AII6, STM32H573I-DK, STM32H573IIK3Q, STM32H573IIK6, STM32H573IIT3Q, STM32H573IIT6, STM32H573MIY3QTR, STM32H573RIT6, STM32H573RIV6, STM32H573VIT3Q, STM32H573VIT6, STM32H573ZIT3Q, STM32H573ZIT6, STM32L4R5QGI6STR, STM32MP131AAE3, STM32MP131AAF3, STM32MP131AAG3, STM32MP131CAE3, STM32MP131CAF3, STM32MP131CAG3, STM32MP131DAE7, STM32MP131DAF7, STM32MP131DAG7, STM32MP131FAE7, STM32MP131FAF7, STM32MP131FAG7, STM32MP133AAE3, STM32MP133AAF3, STM32MP133AAG3, STM32MP133CAE3, STM32MP133CAF3, STM32MP133CAG3, STM32MP133DAE7, STM32MP133DAF7, STM32MP133DAG7, STM32MP133FAE7, STM32MP133FAF7, STM32MP133FAG7, STM32MP135AAE3, STM32MP135AAF3, STM32MP135AAG3, STM32MP135CAE3, STM32MP135CAF3, STM32MP135CAG3, STM32MP135DAE7, STM32MP135DAF7, STM32MP135DAG7, STM32MP135F-DK, STM32MP135FAE7, STM32MP135FAF7, STM32MP135FAF7T, STM32MP135FAF7U, STM32MP135FAG7, STM32U535CBT6, STM32U535CBT6Q, STM32U535CBU6, STM32U535CBU6Q, STM32U535CCT6, STM32U535CCT6Q, STM32U535CCU6, STM32U535CCU6Q, STM32U535CET6, STM32U535CET6Q, STM32U535CEU6, STM32U535CEU6Q, STM32U535JEY6QTR, STM32U535NCY6QTR, STM32U535NEY6QTR, STM32U535RBI6, STM32U535RBI6Q, STM32U535RBT6, STM32U535RBT6Q, STM32U535RCI6, STM32U535RCI6Q, STM32U535RCT6, STM32U535RCT6Q, STM32U535REI6, STM32U535REI6Q, STM32U535RET6, STM32U535RET6Q, STM32U535VCI6, STM32U535VCI6Q, STM32U535VCT6, STM32U535VCT6Q, STM32U535VEI6, STM32U535VEI6Q, STM32U535VET6, STM32U535VET6Q, STM32U545CET6, STM32U545CET6Q, STM32U545CEU6, STM32U545CEU6Q, STM32U545JEY6QTR, STM32U545NEY6QTR, STM32U545REI6, STM32U545REI6Q, STM32U545RET6, STM32U545RET6Q, STM32U545VEI6, STM32U545VEI6Q, STM32U545VET6, STM32U545VET6Q, STM32U595AIH6, STM32U595AIH6Q, STM32U595AJH6, STM32U595AJH6Q, STM32U595QII6, STM32U595QII6Q, STM32U595QJI6, STM32U595QJI6Q, STM32U595RIT6, STM32U595RIT6Q, STM32U595RJT6, STM32U595RJT6Q, STM32U595VIT6, STM32U595VIT6Q, STM32U595VJT6, STM32U595VJT6Q, STM32U595ZIT6, STM32U595ZIT6Q, STM32U595ZIY6QTR, STM32U595ZJT6, STM32U595ZJT6Q, STM32U595ZJY6QTR, STM32U599BJY6QTR, STM32U599NIH6Q, STM32U599NJH6Q, STM32U599VIT6Q, STM32U599VJT6, STM32U599VJT6Q, STM32U599ZIT6Q, STM32U599ZIY6QTR, STM32U599ZJT6Q, STM32U599ZJY6QTR, STM32U5A5AJH6, STM32U5A5AJH6Q, STM32U5A5QJI6, STM32U5A5QJI6Q, STM32U5A5RJT6, STM32U5A5RJT6Q, STM32U5A5VJT6, STM32U5A5VJT6Q, STM32U5A5ZJT6, STM32U5A5ZJT6Q, STM32U5A5ZJY6QTR, STM32U5A9BJY6QTR, STM32U5A9J-DK, STM32U5A9NJH6Q, STM32U5A9VJT6Q, STM32U5A9ZJT6Q, STM32U5A9ZJY6QTR, STM32U5F7VIT6, STM32U5F7VIT6Q, STM32U5F7VJT6, STM32U5F7VJT6Q, STM32U5F9BJY6QTR, STM32U5F9NJH6Q, STM32U5F9VIT6Q, STM32U5F9VJT6Q, STM32U5F9ZIJ6QTR, STM32U5F9ZIT6Q, STM32U5F9ZJJ6QTR, STM32U5F9ZJT6Q, STM32U5G7VJT6, STM32U5G7VJT6Q, STM32U5G9BJY6QTR, STM32U5G9J-DK1, STM32U5G9J-DK2, STM32U5G9NJH6Q, STM32U5G9VJT6Q, STM32U5G9ZJJ6QTR, STM32U5G9ZJT6Q, STM32WB1MMCH6, STM32WBA52CEU6, STM32WBA52CEU6T, STM32WBA52CGU6, STM32WBA52CGU6T, STM32WBA52KEU6, STM32WBA52KEU6T, STM32WBA52KGU6, STM32WBA52KGU6T, STM32WL5MOCH6, STM32WL5MOCH6TR]
2024-03-20 20:35:27,444 [INFO] DbMcus:217 - Found 3882 MCUs, 3882 are supported
2024-03-20 20:35:27,445 [INFO] ApiDb:423 - Load user favorites file C:\Users\erkan/.stm32cubeide/favorites.mcus.txt: 0 item(s)
2024-03-20 20:35:27,446 [INFO] ApiDb:427 - User favorites MCUs=[]
2024-03-20 20:35:27,446 [INFO] DbMcus:223 - Set 0 / 0 favorites MCUs
2024-03-20 20:35:27,770 [WARN] ThirdParty:833 - waiting for thirdparty lock release [change project]
2024-03-20 20:35:27,770 [INFO] ThirdParty:835 - entering critical section [change project]
2024-03-20 20:35:27,770 [INFO] ThirdParty:1030 - CMSIS Pack Vendor :STMicroelectronics X-CUBE-ISPU 1.1.0
2024-03-20 20:35:27,770 [INFO] ThirdParty:1030 - CMSIS Pack Vendor :STMicroelectronics USBPD 4.1
2024-03-20 20:35:27,770 [INFO] ThirdParty:1030 - CMSIS Pack Vendor :RoweBots I-CUBE-UNISONRTOS 5.5.0-4
2024-03-20 20:35:27,770 [INFO] ThirdParty:1030 - CMSIS Pack Vendor :STMicroelectronics X-CUBE-GNSS1 6.0.0
2024-03-20 20:35:27,771 [INFO] ThirdParty:1030 - CMSIS Pack Vendor :STMicroelectronics USB_HOST 2.0.0
2024-03-20 20:35:27,771 [INFO] ThirdParty:1030 - CMSIS Pack Vendor :STMicroelectronics X-CUBE-AZRTOS-F4 1.1.0
2024-03-20 20:35:27,771 [INFO] ThirdParty:1030 - CMSIS Pack Vendor :STMicroelectronics LIBJPEG 8.0.0
2024-03-20 20:35:27,771 [INFO] ThirdParty:1030 - CMSIS Pack Vendor :STMicroelectronics X-CUBE-SMBUS 2.1.0
2024-03-20 20:35:27,771 [INFO] ThirdParty:1030 - CMSIS Pack Vendor :STMicroelectronics USB_DEVICE 3.0.0
2024-03-20 20:35:27,771 [INFO] ThirdParty:1030 - CMSIS Pack Vendor :STMicroelectronics X-CUBE-AI 8.0.0
2024-03-20 20:35:27,771 [INFO] ThirdParty:1030 - CMSIS Pack Vendor :STMicroelectronics X-CUBE-AZRTOS-WB 2.0.0
2024-03-20 20:35:27,771 [INFO] ThirdParty:1030 - CMSIS Pack Vendor :STMicroelectronics X-CUBE-FREERTOS 1.0.1
2024-03-20 20:35:27,771 [INFO] ThirdParty:1030 - CMSIS Pack Vendor :STMicroelectronics X-CUBE-TOUCHGFX 4.21.1
2024-03-20 20:35:27,771 [INFO] ThirdParty:1030 - CMSIS Pack Vendor :STMicroelectronics X-CUBE-TOUCHGFX 4.23.0
2024-03-20 20:35:27,771 [INFO] ThirdParty:1030 - CMSIS Pack Vendor :STMicroelectronics X-CUBE-AZRTOS-F7 1.1.0
2024-03-20 20:35:27,771 [INFO] ThirdParty:1030 - CMSIS Pack Vendor :STMicroelectronics X-CUBE-AZRTOS-L5 2.0.0
2024-03-20 20:35:27,771 [INFO] ThirdParty:1030 - CMSIS Pack Vendor :STMicroelectronics USB_DEVICE 2.0.0
2024-03-20 20:35:27,771 [INFO] ThirdParty:1030 - CMSIS Pack Vendor :STMicroelectronics X-CUBE-AI 7.3.0
2024-03-20 20:35:27,771 [INFO] ThirdParty:1030 - CMSIS Pack Vendor :STMicroelectronics X-CUBE-MEMS1 9.6.0
2024-03-20 20:35:27,771 [INFO] ThirdParty:1030 - CMSIS Pack Vendor :STMicroelectronics X-CUBE-EEPRMA1 4.2.0
2024-03-20 20:35:27,771 [INFO] ThirdParty:1030 - CMSIS Pack Vendor :ITTIA_DB I-CUBE-ITTIADB 8.8.0
2024-03-20 20:35:27,771 [INFO] ThirdParty:1030 - CMSIS Pack Vendor :STMicroelectronics FP-SNS-MOTENV1 4.3.2
2024-03-20 20:35:27,771 [INFO] ThirdParty:1030 - CMSIS Pack Vendor :STMicroelectronics X-CUBE-ALGOBUILD 1.3.0
2024-03-20 20:35:27,771 [INFO] ThirdParty:1030 - CMSIS Pack Vendor :STMicroelectronics X-CUBE-BLE1 6.2.4
2024-03-20 20:35:27,771 [INFO] ThirdParty:1030 - CMSIS Pack Vendor :STMicroelectronics X-CUBE-AZRTOS-L5 1.1.0
2024-03-20 20:35:27,772 [INFO] ThirdParty:1030 - CMSIS Pack Vendor :STMicroelectronics FreeRTOS 0.0.1
2024-03-20 20:35:27,772 [INFO] ThirdParty:1030 - CMSIS Pack Vendor :STMicroelectronics X-CUBE-AZRTOS-G0 1.1.0
2024-03-20 20:35:27,772 [INFO] ThirdParty:1030 - CMSIS Pack Vendor :emotas I-CUBE-CANOPEN 1.1.3
2024-03-20 20:35:27,772 [INFO] ThirdParty:1030 - CMSIS Pack Vendor :STMicroelectronics X-CUBE-BLEMGR 2.0.0
2024-03-20 20:35:27,772 [INFO] ThirdParty:1030 - CMSIS Pack Vendor :STMicroelectronics X-CUBE-NFC4 3.0.0
2024-03-20 20:35:27,772 [INFO] ThirdParty:1030 - CMSIS Pack Vendor :STMicroelectronics X-CUBE-SUBG2 5.0.0
2024-03-20 20:35:27,772 [INFO] ThirdParty:1030 - CMSIS Pack Vendor :STMicroelectronics STM32_WPAN 1.0.0
2024-03-20 20:35:27,772 [INFO] ThirdParty:1030 - CMSIS Pack Vendor :STMicroelectronics lwIP 2.0.3
2024-03-20 20:35:27,772 [INFO] ThirdParty:1030 - CMSIS Pack Vendor :STMicroelectronics FP-SNS-FLIGHT1 5.0.2
2024-03-20 20:35:27,772 [INFO] ThirdParty:1030 - CMSIS Pack Vendor :STMicroelectronics USB_HOST 1.0.0
2024-03-20 20:35:27,772 [INFO] ThirdParty:1030 - CMSIS Pack Vendor :STMicroelectronics X-CUBE-TOF1 3.3.1
2024-03-20 20:35:27,772 [INFO] ThirdParty:1030 - CMSIS Pack Vendor :STMicroelectronics X-CUBE-AZRTOS-G4 2.0.0
2024-03-20 20:35:27,772 [INFO] ThirdParty:1030 - CMSIS Pack Vendor :STMicroelectronics PDM2PCM 3.1.0
2024-03-20 20:35:27,772 [INFO] ThirdParty:1030 - CMSIS Pack Vendor :STMicroelectronics X-CUBE-AZRTOS-H7 3.1.0
2024-03-20 20:35:27,772 [INFO] ThirdParty:1030 - CMSIS Pack Vendor :STMicroelectronics FP-ATR-ASTRA1 1.1.1
2024-03-20 20:35:27,772 [INFO] ThirdParty:1030 - CMSIS Pack Vendor :Infineon AIROC-Wi-Fi-Bluetooth-STM32 1.5.1
2024-03-20 20:35:27,772 [INFO] ThirdParty:1030 - CMSIS Pack Vendor :STMicroelectronics X-CUBE-BLEMGR 3.0.0
2024-03-20 20:35:27,772 [INFO] ThirdParty:1030 - CMSIS Pack Vendor :STMicroelectronics PDM2PCM 3.3.0
2024-03-20 20:35:27,772 [INFO] ThirdParty:1030 - CMSIS Pack Vendor :STMicroelectronics X-CUBE-DISPLAY 3.0.0
2024-03-20 20:35:27,772 [INFO] ThirdParty:1030 - CMSIS Pack Vendor :STMicroelectronics X-CUBE-BLEMGR 1.3.0
2024-03-20 20:35:27,772 [INFO] ThirdParty:1030 - CMSIS Pack Vendor :STMicroelectronics FP-SNS-MOTENVWB1 1.3.0
2024-03-20 20:35:27,772 [INFO] ThirdParty:1030 - CMSIS Pack Vendor :STMicroelectronics FP-SNS-MOTENVWB1 1.3.1
2024-03-20 20:35:27,772 [INFO] ThirdParty:1030 - CMSIS Pack Vendor :STMicroelectronics X-CUBE-BLE1 7.0.0
2024-03-20 20:35:27,772 [INFO] ThirdParty:1030 - CMSIS Pack Vendor :STMicroelectronics FP-ATR-SIGFOX1 3.2.0
2024-03-20 20:35:27,772 [INFO] ThirdParty:1030 - CMSIS Pack Vendor :STMicroelectronics X-CUBE-AZRTOS-G4 1.0.0
2024-03-20 20:35:27,772 [INFO] ThirdParty:1030 - CMSIS Pack Vendor :wolfSSL I-CUBE-wolfSSL 5.5.4
2024-03-20 20:35:27,772 [INFO] ThirdParty:1030 - CMSIS Pack Vendor :STMicroelectronics X-CUBE-AZRTOS-L4 1.0.0
2024-03-20 20:35:27,773 [INFO] ThirdParty:1030 - CMSIS Pack Vendor :STMicroelectronics X-CUBE-ISPU 2.0.0
2024-03-20 20:35:27,773 [INFO] ThirdParty:1030 - CMSIS Pack Vendor :STMicroelectronics X-CUBE-EEPRMA1 5.1.0
2024-03-20 20:35:27,773 [INFO] ThirdParty:1030 - CMSIS Pack Vendor :STMicroelectronics HAL Drivers 0.0.0
2024-03-20 20:35:27,773 [INFO] ThirdParty:1030 - CMSIS Pack Vendor :STMicroelectronics MBEDTLS 2.16.2
2024-03-20 20:35:27,773 [INFO] ThirdParty:1030 - CMSIS Pack Vendor :STMicroelectronics X-CUBE-MEMS1 10.0.0
2024-03-20 20:35:27,773 [INFO] ThirdParty:1030 - CMSIS Pack Vendor :STMicroelectronics X-CUBE-FREERTOS 1.1.0
2024-03-20 20:35:27,773 [INFO] ThirdParty:1030 - CMSIS Pack Vendor :STMicroelectronics X-CUBE-TOUCHGFX 4.22.0
2024-03-20 20:35:27,773 [INFO] ThirdParty:1030 - CMSIS Pack Vendor :STMicroelectronics X-CUBE-NFC7 1.0.1
2024-03-20 20:35:27,773 [INFO] ThirdParty:1030 - CMSIS Pack Vendor :STMicroelectronics MBEDTLS 2.14.1
2024-03-20 20:35:27,773 [INFO] ThirdParty:1030 - CMSIS Pack Vendor :STMicroelectronics X-CUBE-NFC7 1.0.0
2024-03-20 20:35:27,773 [INFO] ThirdParty:1030 - CMSIS Pack Vendor :STMicroelectronics X-CUBE-TOUCHGFX 4.22.1
2024-03-20 20:35:27,773 [INFO] ThirdParty:1030 - CMSIS Pack Vendor :STMicroelectronics X-CUBE-AZRTOS-WL 1.0.0
2024-03-20 20:35:27,773 [INFO] ThirdParty:1030 - CMSIS Pack Vendor :STMicroelectronics X-CUBE-NFC6 3.0.0
2024-03-20 20:35:27,773 [INFO] ThirdParty:1030 - CMSIS Pack Vendor :STMicroelectronics X-CUBE-EEPRMA1 4.1.0
2024-03-20 20:35:27,773 [INFO] ThirdParty:1030 - CMSIS Pack Vendor :portGmbH I-Cube-SoM-uGOAL 1.1.0
2024-03-20 20:35:27,773 [INFO] ThirdParty:1030 - CMSIS Pack Vendor :STMicroelectronics X-CUBE-ALS 1.0.1
2024-03-20 20:35:27,773 [INFO] ThirdParty:1030 - CMSIS Pack Vendor :STMicroelectronics X-CUBE-MEMS1 9.5.0
2024-03-20 20:35:27,773 [INFO] ThirdParty:1030 - CMSIS Pack Vendor :STMicroelectronics X-CUBE-BLEMGR 3.1.0
2024-03-20 20:35:27,773 [INFO] ThirdParty:1030 - CMSIS Pack Vendor :STMicroelectronics ThreadX 1.0.0
2024-03-20 20:35:27,773 [INFO] ThirdParty:1030 - CMSIS Pack Vendor :STMicroelectronics FP-SNS-SMARTAG2 1.2.0
2024-03-20 20:35:27,773 [INFO] ThirdParty:1030 - CMSIS Pack Vendor :STMicroelectronics X-CUBE-AZRTOS-WB 1.1.0
2024-03-20 20:35:27,773 [INFO] ThirdParty:1030 - CMSIS Pack Vendor :STMicroelectronics X-CUBE-AZRTOS-WL 2.0.0
2024-03-20 20:35:27,773 [INFO] ThirdParty:1030 - CMSIS Pack Vendor :SEGGER I-CUBE-embOS 1.3.1
2024-03-20 20:35:27,773 [INFO] ThirdParty:1030 - CMSIS Pack Vendor :STMicroelectronics USB_DEVICE 1.0.0
2024-03-20 20:35:27,773 [INFO] ThirdParty:1030 - CMSIS Pack Vendor :STMicroelectronics X-CUBE-AI 8.1.0
2024-03-20 20:35:27,773 [INFO] ThirdParty:1030 - CMSIS Pack Vendor :STMicroelectronics X-CUBE-AZRTOS-L4 2.0.0
2024-03-20 20:35:27,773 [INFO] ThirdParty:1030 - CMSIS Pack Vendor :STMicroelectronics ThreadX 0.0.2
2024-03-20 20:35:27,774 [INFO] ThirdParty:1030 - CMSIS Pack Vendor :WES I-CUBE-Cesium 1.3.0
2024-03-20 20:35:27,774 [INFO] ThirdParty:1030 - CMSIS Pack Vendor :STMicroelectronics FP-ATR-ASTRA1 2.0.0
2024-03-20 20:35:27,774 [INFO] ThirdParty:1030 - CMSIS Pack Vendor :STMicroelectronics lwIP 2.1.2
2024-03-20 20:35:27,774 [INFO] ThirdParty:1030 - CMSIS Pack Vendor :STMicroelectronics X-CUBE-SFXS2LP1 4.0.0
2024-03-20 20:35:27,774 [INFO] ThirdParty:1030 - CMSIS Pack Vendor :STMicroelectronics X-CUBE-BLE2 3.3.0
2024-03-20 20:35:27,774 [INFO] ThirdParty:1030 - CMSIS Pack Vendor :STMicroelectronics X-CUBE-TOF1 3.4.0
2024-03-20 20:35:27,774 [INFO] ThirdParty:1030 - CMSIS Pack Vendor :STMicroelectronics X-CUBE-TOF1 3.4.1
2024-03-20 20:35:27,774 [INFO] ThirdParty:1030 - CMSIS Pack Vendor :STMicroelectronics X-CUBE-TOF1 3.2.0
2024-03-20 20:35:27,774 [INFO] ThirdParty:1030 - CMSIS Pack Vendor :STMicroelectronics X-CUBE-AZRTOS-H7 3.2.0
2024-03-20 20:35:27,774 [INFO] ThirdParty:1030 - CMSIS Pack Vendor :STMicroelectronics PDM2PCM 3.2.0
2024-03-20 20:35:27,774 [INFO] ThirdParty:1030 - CMSIS Pack Vendor :STMicroelectronics X-CUBE-AZRTOS-H7 3.0.0
2024-03-20 20:35:27,774 [INFO] ThirdParty:841 - exiting critical section [change project]
2024-03-20 20:35:28,232 [INFO] PinOutPanel:1499 - setPackage(No Configuration,No Configuration)
2024-03-20 20:35:28,234 [INFO] PinOutPanel:1499 - setPackage(STM32F407VGTx,LQFP100)
2024-03-20 20:35:28,821 [INFO] UtilMem:75 - Before build in PCC Used Memory: 713547104 Bytes (1073741824)
2024-03-20 20:35:29,717 [INFO] UtilMem:75 - After build in PCC Used Memory: 808294312 Bytes (1073741824)
2024-03-20 20:35:29,745 [INFO] IPUIPlugin:80 - create IPUIPlugin
2024-03-20 20:35:29,746 [INFO] IPUIPlugin:80 - create IPUIPlugin
2024-03-20 20:35:29,746 [INFO] IPUIPlugin:80 - create IPUIPlugin
2024-03-20 20:35:29,746 [INFO] IPUIPlugin:80 - create IPUIPlugin
2024-03-20 20:35:29,746 [INFO] IPUIPlugin:80 - create IPUIPlugin
2024-03-20 20:35:29,746 [INFO] IPUIPlugin:80 - create IPUIPlugin
2024-03-20 20:35:29,746 [INFO] IPUIPlugin:80 - create IPUIPlugin
2024-03-20 20:35:29,746 [INFO] IPUIPlugin:80 - create IPUIPlugin
2024-03-20 20:35:29,747 [INFO] IPUIPlugin:80 - create IPUIPlugin
2024-03-20 20:35:29,747 [INFO] IPUIPlugin:80 - create IPUIPlugin
2024-03-20 20:35:29,747 [INFO] IPUIPlugin:80 - create IPUIPlugin
2024-03-20 20:35:29,747 [INFO] IPUIPlugin:80 - create IPUIPlugin
2024-03-20 20:35:29,747 [INFO] IPUIPlugin:80 - create IPUIPlugin
2024-03-20 20:35:29,747 [INFO] IPUIPlugin:80 - create IPUIPlugin
2024-03-20 20:35:29,747 [INFO] IPUIPlugin:80 - create IPUIPlugin
2024-03-20 20:35:29,747 [INFO] IPUIPlugin:80 - create IPUIPlugin
2024-03-20 20:35:29,747 [INFO] IPUIPlugin:80 - create IPUIPlugin
2024-03-20 20:35:29,748 [INFO] IPUIPlugin:80 - create IPUIPlugin
2024-03-20 20:35:29,748 [INFO] IPUIPlugin:80 - create IPUIPlugin
2024-03-20 20:35:29,748 [INFO] IPUIPlugin:80 - create IPUIPlugin
2024-03-20 20:35:29,748 [INFO] IPUIPlugin:80 - create IPUIPlugin
2024-03-20 20:35:29,749 [INFO] IPUIPlugin:80 - create IPUIPlugin
2024-03-20 20:35:29,749 [INFO] IPUIPlugin:80 - create IPUIPlugin
2024-03-20 20:35:29,749 [INFO] IPUIPlugin:80 - create IPUIPlugin
2024-03-20 20:35:29,749 [INFO] IPUIPlugin:80 - create IPUIPlugin
2024-03-20 20:35:29,749 [INFO] IPUIPlugin:80 - create IPUIPlugin
2024-03-20 20:35:29,749 [INFO] IPUIPlugin:80 - create IPUIPlugin
2024-03-20 20:35:29,750 [INFO] IPUIPlugin:80 - create IPUIPlugin
2024-03-20 20:35:29,750 [INFO] IPUIPlugin:80 - create IPUIPlugin
2024-03-20 20:35:29,750 [INFO] IPUIPlugin:80 - create IPUIPlugin
2024-03-20 20:35:29,751 [INFO] IPUIPlugin:80 - create IPUIPlugin
2024-03-20 20:35:29,751 [INFO] IPUIPlugin:80 - create IPUIPlugin
2024-03-20 20:35:29,751 [INFO] IPUIPlugin:80 - create IPUIPlugin
2024-03-20 20:35:29,751 [INFO] IPUIPlugin:80 - create IPUIPlugin
2024-03-20 20:35:29,751 [INFO] IPUIPlugin:80 - create IPUIPlugin
2024-03-20 20:35:29,751 [INFO] IPUIPlugin:80 - create IPUIPlugin
2024-03-20 20:35:29,752 [INFO] IPUIPlugin:80 - create IPUIPlugin
2024-03-20 20:35:29,752 [INFO] IPUIPlugin:80 - create IPUIPlugin
2024-03-20 20:35:29,752 [INFO] IPUIPlugin:80 - create IPUIPlugin
2024-03-20 20:35:29,752 [INFO] IPUIPlugin:80 - create IPUIPlugin
2024-03-20 20:35:29,752 [INFO] IPUIPlugin:80 - create IPUIPlugin
2024-03-20 20:35:29,752 [INFO] IPUIPlugin:80 - create IPUIPlugin
2024-03-20 20:35:29,753 [INFO] IPUIPlugin:80 - create IPUIPlugin
2024-03-20 20:35:29,753 [INFO] IPUIPlugin:80 - create IPUIPlugin
2024-03-20 20:35:29,753 [INFO] IPUIPlugin:80 - create IPUIPlugin
2024-03-20 20:35:29,753 [INFO] IPUIPlugin:80 - create IPUIPlugin
2024-03-20 20:35:29,753 [INFO] IPUIPlugin:80 - create IPUIPlugin
2024-03-20 20:35:29,753 [INFO] IPUIPlugin:80 - create IPUIPlugin
2024-03-20 20:35:29,754 [INFO] IPUIPlugin:80 - create IPUIPlugin
2024-03-20 20:35:29,754 [INFO] IPUIPlugin:80 - create IPUIPlugin
2024-03-20 20:35:29,754 [INFO] IPUIPlugin:80 - create IPUIPlugin
2024-03-20 20:35:29,754 [INFO] IPUIPlugin:80 - create IPUIPlugin
2024-03-20 20:35:29,755 [INFO] IPUIPlugin:80 - create IPUIPlugin
2024-03-20 20:35:29,755 [INFO] IPUIPlugin:80 - create IPUIPlugin
2024-03-20 20:35:29,756 [INFO] IPUIPlugin:80 - create IPUIPlugin
2024-03-20 20:35:29,757 [INFO] IPUIPlugin:80 - create IPUIPlugin
2024-03-20 20:35:29,757 [INFO] IPUIPlugin:80 - create IPUIPlugin
2024-03-20 20:35:29,757 [INFO] IPUIPlugin:80 - create IPUIPlugin
2024-03-20 20:35:29,875 [INFO] ApiDbMcu:507 - Load IP Config File for PDM2PCM
2024-03-20 20:35:29,886 [WARN] IP:2114 - I2C_Coeff_DF not found: check if there is a RefParameter without a condition.
2024-03-20 20:35:29,886 [WARN] IP:2114 - Analog_Filter not found: check if there is a RefParameter without a condition.
2024-03-20 20:35:30,117 [INFO] CADModel:165 - CPN selected for project levelSTM32F407VGT6
2024-03-20 20:35:30,117 [INFO] CADModel:114 - Register for checkConnection events
2024-03-20 20:35:30,168 [INFO] OpenFileManager:328 - Restore cursor
2024-03-20 20:35:30,322 [WARN] IP:2114 - I2C_Coeff_DF not found: check if there is a RefParameter without a condition.
2024-03-20 20:35:30,322 [WARN] IP:2114 - Analog_Filter not found: check if there is a RefParameter without a condition.
2024-03-20 20:35:30,323 [WARN] IP:2114 - I2C_Coeff_DF not found: check if there is a RefParameter without a condition.
2024-03-20 20:35:30,323 [WARN] IP:2114 - Analog_Filter not found: check if there is a RefParameter without a condition.
2024-03-20 22:55:52,398 [ERROR] LogOutputStream:75 - [STDERR_REDIRECT] 
