2023-12-16 14:29:16,954 [INFO] Activator:176 - 


2023-12-16 14:29:16,962 [INFO] Activator:177 - !SESSION log4j initialized
2023-12-16 14:29:23,732 [INFO] LogOutputStream:77 - [STDOUT_REDIRECT] 
2023-12-16 14:29:25,628 [INFO] ApplicationProperties:184 - Using Application install path: C:\ST\STM32CubeIDE_1.11.2\STM32CubeIDE\plugins\com.st.stm32cube.common.mx_6.9.2.202309101412
2023-12-16 14:29:25,675 [INFO] DbMcusXml:78 - Set database path to: C:\ST\STM32CubeIDE_1.11.2\STM32CubeIDE\plugins\com.st.stm32cube.common.mx_6.9.2.202309101412\\db\/mcu/
2023-12-16 14:29:25,675 [INFO] ApiDb:274 - Set plugin database path to: C:\ST\STM32CubeIDE_1.11.2\STM32CubeIDE\plugins\com.st.stm32cube.common.mx_6.9.2.202309101412\\db\/plugins/boardmanager/
2023-12-16 14:29:25,677 [WARN] ApiDb:259 - Overriding images path with different value:  => C:\ST\STM32CubeIDE_1.11.2\STM32CubeIDE\plugins\com.st.stm32cube.common.mx_6.9.2.202309101412\\db\/plugins/mcufinder/images/
2023-12-16 14:29:25,701 [INFO] ApiDb:250 - Set database path to: C:\Users\erkan\.stmcufinder\plugins\mcufinder//mcu/
2023-12-16 14:29:25,702 [INFO] DbMcusAds:125 - Set database path to: C:\Users\erkan\.stmcufinder\plugins\mcufinder//mcu/
2023-12-16 14:29:25,705 [INFO] CrossReferenceDbSqlite:203 - Set database path to: C:\Users\erkan\.stmcufinder\plugins\mcufinder//mcu/cs/
2023-12-16 14:29:25,830 [INFO] RulesReader:64 - Compatibility file has been processed (293 Rules)
2023-12-16 14:29:25,928 [INFO] DbMcusXml:78 - Set database path to: C:\ST\STM32CubeIDE_1.11.2\STM32CubeIDE\plugins\com.st.stm32cube.common.mx_6.9.2.202309101412\\db\/mcu/
2023-12-16 14:29:25,928 [INFO] ApiDb:274 - Set plugin database path to: C:\ST\STM32CubeIDE_1.11.2\STM32CubeIDE\plugins\com.st.stm32cube.common.mx_6.9.2.202309101412\\db\/plugins/boardmanager/
2023-12-16 14:29:25,928 [INFO] ApiDb:261 - Set plugin images path to: C:\ST\STM32CubeIDE_1.11.2\STM32CubeIDE\plugins\com.st.stm32cube.common.mx_6.9.2.202309101412\\db\/plugins/mcufinder/images/
2023-12-16 14:29:25,928 [WARN] DbFile:41 - Overriding database path with different value: C:\Users\erkan\.stmcufinder\plugins\mcufinder/ => C:\Users\erkan\.stmcufinder\plugins\mcufinder
2023-12-16 14:29:25,928 [INFO] ApiDb:250 - Set database path to: C:\Users\erkan\.stmcufinder\plugins\mcufinder//mcu/
2023-12-16 14:29:25,928 [WARN] DbFile:41 - Overriding database path with different value: C:\Users\erkan\.stmcufinder\plugins\mcufinder/ => C:\Users\erkan\.stmcufinder\plugins\mcufinder
2023-12-16 14:29:25,928 [INFO] DbMcusAds:125 - Set database path to: C:\Users\erkan\.stmcufinder\plugins\mcufinder//mcu/
2023-12-16 14:29:25,929 [WARN] DbFile:41 - Overriding database path with different value: C:\Users\erkan\.stmcufinder\plugins\mcufinder/ => C:\Users\erkan\.stmcufinder\plugins\mcufinder
2023-12-16 14:29:25,929 [WARN] DbFile:41 - Overriding database path with different value: C:\Users\erkan\.stmcufinder\plugins\mcufinder/ => C:\Users\erkan\.stmcufinder\plugins\mcufinder
2023-12-16 14:29:25,929 [INFO] CrossReferenceDbSqlite:203 - Set database path to: C:\Users\erkan\.stmcufinder\plugins\mcufinder//mcu/cs/
2023-12-16 14:29:26,014 [INFO] MainPanel:262 - HeapMemory: 268435456
2023-12-16 14:29:26,109 [INFO] DbMcusXml:78 - Set database path to: C:\ST\STM32CubeIDE_1.11.2\STM32CubeIDE\plugins\com.st.stm32cube.common.mx_6.9.2.202309101412\\db\/mcu/
2023-12-16 14:29:26,109 [INFO] ApiDb:274 - Set plugin database path to: C:\ST\STM32CubeIDE_1.11.2\STM32CubeIDE\plugins\com.st.stm32cube.common.mx_6.9.2.202309101412\\db\/plugins/boardmanager/
2023-12-16 14:29:26,109 [INFO] ApiDb:261 - Set plugin images path to: C:\ST\STM32CubeIDE_1.11.2\STM32CubeIDE\plugins\com.st.stm32cube.common.mx_6.9.2.202309101412\\db\/plugins/mcufinder/images/
2023-12-16 14:29:26,109 [WARN] DbFile:41 - Overriding database path with different value: C:\Users\erkan\.stmcufinder\plugins\mcufinder/ => C:\Users\erkan\.stmcufinder\plugins\mcufinder
2023-12-16 14:29:26,109 [INFO] ApiDb:250 - Set database path to: C:\Users\erkan\.stmcufinder\plugins\mcufinder//mcu/
2023-12-16 14:29:26,110 [WARN] DbFile:41 - Overriding database path with different value: C:\Users\erkan\.stmcufinder\plugins\mcufinder/ => C:\Users\erkan\.stmcufinder\plugins\mcufinder
2023-12-16 14:29:26,110 [INFO] DbMcusAds:125 - Set database path to: C:\Users\erkan\.stmcufinder\plugins\mcufinder//mcu/
2023-12-16 14:29:26,110 [WARN] DbFile:41 - Overriding database path with different value: C:\Users\erkan\.stmcufinder\plugins\mcufinder/ => C:\Users\erkan\.stmcufinder\plugins\mcufinder
2023-12-16 14:29:26,110 [WARN] DbFile:41 - Overriding database path with different value: C:\Users\erkan\.stmcufinder\plugins\mcufinder/ => C:\Users\erkan\.stmcufinder\plugins\mcufinder
2023-12-16 14:29:26,110 [INFO] CrossReferenceDbSqlite:203 - Set database path to: C:\Users\erkan\.stmcufinder\plugins\mcufinder//mcu/cs/
2023-12-16 14:29:26,131 [INFO] ApplicationProperties:184 - Using Application install path: C:\ST\STM32CubeIDE_1.11.2\STM32CubeIDE\plugins\com.st.stm32cube.common.mx_6.9.2.202309101412
2023-12-16 14:29:26,132 [INFO] PluginManage:196 - Search for loadable plugins [exclusion list=, ]
2023-12-16 14:29:26,134 [INFO] PluginManage:310 - Check plugin analytics
2023-12-16 14:29:26,319 [INFO] AnalyticsPlugin:253 - Accepted Software Licenses: STM32CubeMX.6.9.2
2023-12-16 14:29:26,320 [INFO] AnalyticsPlugin:255 - Accepted CMSIS Pack Licenses: 
2023-12-16 14:29:26,320 [INFO] AnalyticsPlugin:257 - Accepted Firmware Licenses: 
2023-12-16 14:29:26,323 [INFO] PluginManage:359 - Loaded plugin analytics (category:tool,tabindex:-1)
2023-12-16 14:29:26,324 [INFO] PluginManage:310 - Check plugin cadmodel
2023-12-16 14:29:26,342 [INFO] CADModel:105 - Init CAD model plugin
2023-12-16 14:29:26,342 [INFO] PluginManage:359 - Loaded plugin cadmodel (category:power,tabindex:5)
2023-12-16 14:29:26,342 [INFO] PluginManage:310 - Check plugin clock
2023-12-16 14:29:26,367 [INFO] PluginManage:359 - Loaded plugin clock (category:base,tabindex:2)
2023-12-16 14:29:26,367 [INFO] PluginManage:310 - Check plugin ddr
2023-12-16 14:29:26,370 [INFO] PluginManage:359 - Loaded plugin ddr (category:tool,tabindex:6)
2023-12-16 14:29:26,371 [INFO] PluginManage:310 - Check plugin filemanager
2023-12-16 14:29:26,532 [INFO] PluginManage:359 - Loaded plugin filemanager (category:base,tabindex:10)
2023-12-16 14:29:26,532 [INFO] PluginManage:310 - Check plugin ipmanager
2023-12-16 14:29:26,542 [INFO] PluginManage:359 - Loaded plugin ipmanager (category:base,tabindex:5)
2023-12-16 14:29:26,542 [INFO] PluginManage:310 - Check plugin lpbam
2023-12-16 14:29:26,558 [INFO] PluginManage:359 - Loaded plugin lpbam (category:base,tabindex:0)
2023-12-16 14:29:26,559 [INFO] PluginManage:310 - Check plugin memorymap
2023-12-16 14:29:26,582 [INFO] PluginManage:359 - Loaded plugin memorymap (category:base,tabindex:4)
2023-12-16 14:29:26,583 [INFO] PluginManage:310 - Check plugin pinoutandconfiguration
2023-12-16 14:29:26,600 [INFO] PluginManage:359 - Loaded plugin pinoutandconfiguration (category:base,tabindex:1)
2023-12-16 14:29:26,600 [INFO] PluginManage:310 - Check plugin pinoutconfig
2023-12-16 14:29:26,711 [WARN] SupportedApi:132 - Cannot load RTOS API schema: s4s-elt-must-match.1: The content of 'definitions' must match (annotation?, (simpleType | complexType)?, (unique | key | keyref)*)). A problem was found starting at: attribute.
2023-12-16 14:29:26,840 [INFO] PluginManage:359 - Loaded plugin pinoutconfig (category:base,tabindex:0)
2023-12-16 14:29:26,841 [INFO] PluginManage:310 - Check plugin power
2023-12-16 14:29:26,860 [INFO] PluginManage:359 - Loaded plugin power (category:power,tabindex:4)
2023-12-16 14:29:26,860 [INFO] PluginManage:310 - Check plugin projectmanager
2023-12-16 14:29:26,876 [INFO] PluginManage:359 - Loaded plugin projectmanager (category:projectmanager,tabindex:3)
2023-12-16 14:29:26,876 [INFO] PluginManage:310 - Check plugin thirdparty
2023-12-16 14:29:27,154 [INFO] PluginManage:359 - Loaded plugin thirdparty (category:base,tabindex:-1)
2023-12-16 14:29:27,154 [WARN] IntegrityCheckThread:84 - waiting for thirdparty lock release [integrity check]
2023-12-16 14:29:27,155 [INFO] PluginManage:310 - Check plugin tools
2023-12-16 14:29:27,155 [INFO] IntegrityCheckThread:86 - entering critical section [integrity check]
2023-12-16 14:29:27,156 [INFO] ThirdPartyUpdaterWithRetryManager:70 - Updater plugin not ready yet. [1/15]
2023-12-16 14:29:27,192 [INFO] PluginManage:359 - Loaded plugin tools (category:base,tabindex:7)
2023-12-16 14:29:27,193 [INFO] PluginManage:310 - Check plugin tutovideos
2023-12-16 14:29:27,680 [INFO] PluginManage:359 - Loaded plugin tutovideos (category:base,tabindex:-1)
2023-12-16 14:29:27,680 [INFO] PluginManage:310 - Check plugin updater
2023-12-16 14:29:27,703 [INFO] PluginManage:359 - Loaded plugin updater (category:base,tabindex:12)
2023-12-16 14:29:27,703 [INFO] PluginManage:310 - Check plugin userauth
2023-12-16 14:29:27,731 [INFO] UserAuth:113 - Init User Auth plugin
2023-12-16 14:29:27,732 [INFO] PluginManage:359 - Loaded plugin userauth (category:base,tabindex:14)
2023-12-16 14:29:27,732 [INFO] PluginManage:283 - PluginManage : Loaded plugins [17]
2023-12-16 14:29:28,180 [INFO] PinOutPanel:1499 - setPackage(No Configuration,No Configuration)
2023-12-16 14:29:28,422 [INFO] CADModel:165 - CPN selected for project level
2023-12-16 14:29:28,422 [INFO] CADModel:114 - Register for checkConnection events
2023-12-16 14:29:28,462 [INFO] IPUIPlugin:80 - create IPUIPlugin
2023-12-16 14:29:28,462 [INFO] PluginManager:220 - loadIPPluginJar : add adc
2023-12-16 14:29:28,512 [INFO] IPUIPlugin:80 - create IPUIPlugin
2023-12-16 14:29:28,513 [INFO] PluginManager:220 - loadIPPluginJar : add aes
2023-12-16 14:29:28,565 [INFO] IPUIPlugin:80 - create IPUIPlugin
2023-12-16 14:29:28,565 [INFO] PluginManager:220 - loadIPPluginJar : add can
2023-12-16 14:29:28,595 [INFO] IPUIPlugin:80 - create IPUIPlugin
2023-12-16 14:29:28,595 [INFO] PluginManager:220 - loadIPPluginJar : add comp
2023-12-16 14:29:28,641 [INFO] IPUIPlugin:80 - create IPUIPlugin
2023-12-16 14:29:28,641 [INFO] PluginManager:220 - loadIPPluginJar : add cryp
2023-12-16 14:29:28,683 [INFO] IPUIPlugin:80 - create IPUIPlugin
2023-12-16 14:29:28,684 [INFO] PluginManager:220 - loadIPPluginJar : add dfsdm
2023-12-16 14:29:28,702 [INFO] IPUIPlugin:80 - create IPUIPlugin
2023-12-16 14:29:28,703 [INFO] PluginManager:220 - loadIPPluginJar : add dma
2023-12-16 14:29:28,762 [INFO] IPUIPlugin:80 - create IPUIPlugin
2023-12-16 14:29:28,762 [INFO] PluginManager:220 - loadIPPluginJar : add dma3
2023-12-16 14:29:28,788 [INFO] IPUIPlugin:80 - create IPUIPlugin
2023-12-16 14:29:28,788 [INFO] PluginManager:220 - loadIPPluginJar : add fatfs
2023-12-16 14:29:28,844 [INFO] IPUIPlugin:80 - create IPUIPlugin
2023-12-16 14:29:28,844 [INFO] PluginManager:220 - loadIPPluginJar : add fmc
2023-12-16 14:29:28,861 [INFO] IPUIPlugin:80 - create IPUIPlugin
2023-12-16 14:29:28,862 [INFO] PluginManager:220 - loadIPPluginJar : add freertos
2023-12-16 14:29:28,887 [INFO] IPUIPlugin:80 - create IPUIPlugin
2023-12-16 14:29:28,887 [INFO] PluginManager:220 - loadIPPluginJar : add genericplugin
2023-12-16 14:29:29,010 [INFO] IPUIPlugin:80 - create IPUIPlugin
2023-12-16 14:29:29,010 [INFO] PluginManager:220 - loadIPPluginJar : add gfxmmu
2023-12-16 14:29:29,173 [INFO] IPUIPlugin:80 - create IPUIPlugin
2023-12-16 14:29:29,174 [INFO] PluginManager:220 - loadIPPluginJar : add gic
2023-12-16 14:29:29,192 [INFO] IPUIPlugin:80 - create IPUIPlugin
2023-12-16 14:29:29,193 [INFO] PluginManager:220 - loadIPPluginJar : add gpio
2023-12-16 14:29:29,304 [INFO] IPUIPlugin:80 - create IPUIPlugin
2023-12-16 14:29:29,305 [INFO] PluginManager:220 - loadIPPluginJar : add gtzc
2023-12-16 14:29:29,345 [INFO] IPUIPlugin:80 - create IPUIPlugin
2023-12-16 14:29:29,345 [INFO] PluginManager:220 - loadIPPluginJar : add hash
2023-12-16 14:29:29,412 [INFO] IPUIPlugin:80 - create IPUIPlugin
2023-12-16 14:29:29,414 [INFO] PluginManager:220 - loadIPPluginJar : add i2c
2023-12-16 14:29:29,461 [INFO] IPUIPlugin:80 - create IPUIPlugin
2023-12-16 14:29:29,461 [INFO] PluginManager:220 - loadIPPluginJar : add i2s
2023-12-16 14:29:29,511 [INFO] IPUIPlugin:80 - create IPUIPlugin
2023-12-16 14:29:29,511 [INFO] PluginManager:220 - loadIPPluginJar : add i3c
2023-12-16 14:29:29,630 [INFO] IPUIPlugin:80 - create IPUIPlugin
2023-12-16 14:29:29,630 [INFO] PluginManager:220 - loadIPPluginJar : add ipddr
2023-12-16 14:29:29,744 [INFO] IPUIPlugin:80 - create IPUIPlugin
2023-12-16 14:29:29,744 [INFO] PluginManager:220 - loadIPPluginJar : add linkedlist
2023-12-16 14:29:29,795 [INFO] IPUIPlugin:80 - create IPUIPlugin
2023-12-16 14:29:29,795 [INFO] PluginManager:220 - loadIPPluginJar : add lorawan
2023-12-16 14:29:29,845 [INFO] IPUIPlugin:80 - create IPUIPlugin
2023-12-16 14:29:29,845 [INFO] PluginManager:220 - loadIPPluginJar : add ltdc
2023-12-16 14:29:29,863 [INFO] IPUIPlugin:80 - create IPUIPlugin
2023-12-16 14:29:29,863 [INFO] PluginManager:220 - loadIPPluginJar : add mdma
2023-12-16 14:29:29,879 [INFO] IPUIPlugin:80 - create IPUIPlugin
2023-12-16 14:29:29,879 [INFO] PluginManager:220 - loadIPPluginJar : add nvic
2023-12-16 14:29:29,931 [INFO] IPUIPlugin:80 - create IPUIPlugin
2023-12-16 14:29:29,931 [INFO] PluginManager:220 - loadIPPluginJar : add opamp
2023-12-16 14:29:30,012 [INFO] IPUIPlugin:80 - create IPUIPlugin
2023-12-16 14:29:30,012 [INFO] PluginManager:220 - loadIPPluginJar : add openamp
2023-12-16 14:29:30,073 [INFO] IPUIPlugin:80 - create IPUIPlugin
2023-12-16 14:29:30,074 [INFO] PluginManager:220 - loadIPPluginJar : add pdm2pcm
2023-12-16 14:29:30,094 [INFO] IPUIPlugin:80 - create IPUIPlugin
2023-12-16 14:29:30,096 [INFO] PluginManager:220 - loadIPPluginJar : add plateformsettings
2023-12-16 14:29:30,126 [INFO] IPUIPlugin:80 - create IPUIPlugin
2023-12-16 14:29:30,127 [INFO] PluginManager:220 - loadIPPluginJar : add quadspi
2023-12-16 14:29:30,145 [INFO] IPUIPlugin:80 - create IPUIPlugin
2023-12-16 14:29:30,145 [INFO] PluginManager:220 - loadIPPluginJar : add resmgrutility
2023-12-16 14:29:30,157 [INFO] ThirdPartyUpdaterWithRetryManager:70 - Updater plugin not ready yet. [2/15]
2023-12-16 14:29:30,211 [INFO] IPUIPlugin:80 - create IPUIPlugin
2023-12-16 14:29:30,211 [INFO] PluginManager:220 - loadIPPluginJar : add sai
2023-12-16 14:29:30,257 [INFO] IPUIPlugin:80 - create IPUIPlugin
2023-12-16 14:29:30,257 [INFO] PluginManager:220 - loadIPPluginJar : add spi
2023-12-16 14:29:30,336 [INFO] IPUIPlugin:80 - create IPUIPlugin
2023-12-16 14:29:30,336 [INFO] PluginManager:220 - loadIPPluginJar : add stm32_wpan
2023-12-16 14:29:30,376 [INFO] IPUIPlugin:80 - create IPUIPlugin
2023-12-16 14:29:30,376 [INFO] PluginManager:220 - loadIPPluginJar : add tim
2023-12-16 14:29:30,454 [INFO] IPUIPlugin:80 - create IPUIPlugin
2023-12-16 14:29:30,454 [INFO] PluginManager:220 - loadIPPluginJar : add touchsensing
2023-12-16 14:29:30,481 [INFO] IPUIPlugin:80 - create IPUIPlugin
2023-12-16 14:29:30,481 [INFO] PluginManager:220 - loadIPPluginJar : add tracer_emb
2023-12-16 14:29:30,511 [INFO] IPUIPlugin:80 - create IPUIPlugin
2023-12-16 14:29:30,511 [INFO] PluginManager:220 - loadIPPluginJar : add ts
2023-12-16 14:29:30,545 [INFO] IPUIPlugin:80 - create IPUIPlugin
2023-12-16 14:29:30,545 [INFO] PluginManager:220 - loadIPPluginJar : add tsc
2023-12-16 14:29:30,576 [INFO] IPUIPlugin:80 - create IPUIPlugin
2023-12-16 14:29:30,576 [INFO] PluginManager:220 - loadIPPluginJar : add ucpd
2023-12-16 14:29:30,631 [INFO] IPUIPlugin:80 - create IPUIPlugin
2023-12-16 14:29:30,632 [INFO] PluginManager:220 - loadIPPluginJar : add usart
2023-12-16 14:29:30,686 [INFO] IPUIPlugin:80 - create IPUIPlugin
2023-12-16 14:29:30,687 [INFO] PluginManager:220 - loadIPPluginJar : add usbx
2023-12-16 14:29:30,840 [INFO] CADModel:165 - CPN selected for project level
2023-12-16 14:29:30,840 [INFO] CADModel:114 - Register for checkConnection events
2023-12-16 14:29:30,840 [FATAL] Updater:308 - Updater called before beeing initialized
2023-12-16 14:29:30,841 [ERROR] CADModel:125 - Updater not yet initialized, retry later 
2023-12-16 14:29:31,052 [INFO] CADModel:165 - CPN selected for project level
2023-12-16 14:29:31,052 [INFO] CADModel:114 - Register for checkConnection events
2023-12-16 14:29:31,052 [FATAL] Updater:308 - Updater called before beeing initialized
2023-12-16 14:29:31,052 [ERROR] CADModel:125 - Updater not yet initialized, retry later 
2023-12-16 14:29:31,059 [FATAL] Updater:308 - Updater called before beeing initialized
2023-12-16 14:29:31,229 [FATAL] Updater:308 - Updater called before beeing initialized
2023-12-16 14:29:31,246 [INFO] DbMcusAds:53 - JSON generation date=Wed Nov 29 11:52:27 CET 2023 (1701255147349)
2023-12-16 14:29:31,247 [FATAL] Updater:308 - Updater called before beeing initialized
2023-12-16 14:29:31,368 [WARN] DetailPanel:346 - Failed to get advertising image, set to default
2023-12-16 14:29:31,482 [FATAL] Updater:308 - Updater called before beeing initialized
2023-12-16 14:29:31,488 [FATAL] Updater:308 - Updater called before beeing initialized
2023-12-16 14:29:31,489 [FATAL] Updater:308 - Updater called before beeing initialized
2023-12-16 14:29:31,489 [WARN] DetailPanel:346 - Failed to get advertising image, set to default
2023-12-16 14:29:31,491 [FATAL] Updater:308 - Updater called before beeing initialized
2023-12-16 14:29:31,578 [ERROR] Updater:1120 - MainUpdater not yet initialized. External WinMGr cannot be set.
2023-12-16 14:29:31,587 [INFO] Updater:1056 - Updater Version found : 6.9.2
2023-12-16 14:29:31,604 [INFO] ApplicationProperties:184 - Using Application install path: C:\ST\STM32CubeIDE_1.11.2\STM32CubeIDE\plugins\com.st.stm32cube.common.mx_6.9.2.202309101412
2023-12-16 14:29:32,070 [INFO] MainUpdater:2868 - connection check result : 10
2023-12-16 14:29:32,071 [INFO] MainUpdater:3562 - Updater definition file requires update
2023-12-16 14:29:32,074 [INFO] MainUpdater:285 - Updater Check For Update Now.
2023-12-16 14:29:32,074 [INFO] MicroXplorer:498 - Change Database Version : DB.6.0.92
2023-12-16 14:29:32,092 [INFO] McuFinderGlobals:63 - Set McuFinder mode to 2 (CubeIDE integrated)
2023-12-16 14:29:32,093 [INFO] UserAuth:179 - activating auth plugin
2023-12-16 14:29:32,096 [INFO] UserAuth:393 - Internet connection configuration mode: 1
2023-12-16 14:29:32,107 [INFO] ServerAccessManage:473 - Download File updaters.zip
2023-12-16 14:29:32,140 [INFO] JxBrowserEngine:151 - Initiate JxBrowser Engine with user profile folder
2023-12-16 14:29:32,200 [INFO] FileExtend:240 - Unzip File : updaters.zip
2023-12-16 14:29:32,200 [INFO] FileExtend:255 - Standard Zip Deflate
2023-12-16 14:29:33,158 [WARN] MainUpdater:1189 - Updater busy. Cannot search thirdparties
2023-12-16 14:29:33,159 [INFO] ThirdPartyUpdaterWithRetryManager:96 - Updater plugin is busy. [1/15]
2023-12-16 14:29:33,188 [INFO] ServerAccessManage:473 - Download File PacksControlFlags.xml
2023-12-16 14:29:33,306 [INFO] ServerAccessManage:473 - Download File cubemx.pidx
2023-12-16 14:29:34,472 [INFO] ServerAccessManage:473 - Download File STMicroelectronics.X-CUBE-TOUCHGFX.pdsc
2023-12-16 14:29:35,435 [WARN] PackLoader:240 - Cannot read IP mode file for STMicroelectronics.X-CUBE-TOUCHGFX.4.23.0
2023-12-16 14:29:35,436 [INFO] PopulateThirdPartyThread:66 - Ending populate Thread
2023-12-16 14:29:35,439 [INFO] ThirdParty:1030 - CMSIS Pack Vendor :STMicroelectronics X-CUBE-TOUCHGFX 4.23.0
2023-12-16 14:29:35,440 [INFO] LoadServerUpdatesThread:373 - End of LoadServerUpdate Thread
2023-12-16 14:29:35,562 [INFO] CheckServerUpdateThread:120 - End of CheckServer Thread
2023-12-16 14:29:36,116 [INFO] WebApp:157 - Instantiating new browser for Auth
2023-12-16 14:29:36,445 [WARN] PackLoader:240 - Cannot read IP mode file for STMicroelectronics.X-CUBE-SMBUS.2.1.0
2023-12-16 14:29:36,449 [WARN] PackLoader:240 - Cannot read IP mode file for STMicroelectronics.X-CUBE-TOUCHGFX.4.23.0
2023-12-16 14:29:36,491 [WARN] PackLoader:240 - Cannot read IP mode file for STMicroelectronics.X-CUBE-AZRTOS-F7.1.1.0
2023-12-16 14:29:36,514 [WARN] PackLoader:240 - Cannot read IP mode file for STMicroelectronics.FP-SNS-MOTENV1.4.3.2
2023-12-16 14:29:36,538 [WARN] PackLoader:240 - Cannot read IP mode file for STMicroelectronics.X-CUBE-BLE1.6.2.4
2023-12-16 14:29:36,545 [WARN] PackLoader:240 - Cannot read IP mode file for STMicroelectronics.FP-SNS-FLIGHT1.5.0.2
2023-12-16 14:29:36,565 [WARN] PackLoader:240 - Cannot read IP mode file for STMicroelectronics.X-CUBE-DISPLAY.3.0.0
2023-12-16 14:29:36,592 [WARN] PackLoader:240 - Cannot read IP mode file for STMicroelectronics.X-CUBE-BLE1.7.0.0
2023-12-16 14:29:36,611 [WARN] PackLoader:240 - Cannot read IP mode file for STMicroelectronics.X-CUBE-TOUCHGFX.4.22.0
2023-12-16 14:29:36,627 [WARN] PackLoader:240 - Cannot read IP mode file for STMicroelectronics.X-CUBE-TOUCHGFX.4.22.1
2023-12-16 14:29:36,647 [WARN] PackLoader:240 - Cannot read IP mode file for STMicroelectronics.FP-SNS-SMARTAG2.1.2.0
2023-12-16 14:29:36,682 [INFO] LogOutputStream:77 - [STDOUT_REDIRECT] 1 : Invalid condition id : UX_CORESTACK_Condition cause : null
2023-12-16 14:29:36,685 [INFO] LogOutputStream:77 - [STDOUT_REDIRECT] 1 : Invalid condition id : UX_CORESTACK_Condition cause : null
2023-12-16 14:29:36,687 [INFO] LogOutputStream:77 - [STDOUT_REDIRECT] 1 : Invalid condition id : UX_CORESTACK_Condition cause : null
2023-12-16 14:29:36,688 [INFO] LogOutputStream:77 - [STDOUT_REDIRECT] 1 : Invalid condition id : UX_CORESTACK_Condition cause : null
2023-12-16 14:29:36,690 [INFO] LogOutputStream:77 - [STDOUT_REDIRECT] 1 : Invalid condition id : UX_CORESTACK_Condition cause : null
2023-12-16 14:29:36,698 [WARN] PackLoader:240 - Cannot read IP mode file for STMicroelectronics.X-CUBE-AZRTOS-WL.2.0.0
2023-12-16 14:29:36,725 [WARN] PackLoader:240 - Cannot read IP mode file for WES.I-CUBE-Cesium.1.3.0
2023-12-16 14:29:36,746 [WARN] PackLoader:240 - Cannot read IP mode file for STMicroelectronics.X-CUBE-BLE2.3.3.0
2023-12-16 14:29:36,776 [WARN] PackLoader:240 - Cannot read IP mode file for STMicroelectronics.X-CUBE-TOF1.3.2.0
2023-12-16 14:29:36,802 [WARN] PackLoader:240 - Cannot read IP mode file for STMicroelectronics.X-CUBE-TOUCHGFX.4.21.1
2023-12-16 14:29:36,820 [WARN] PackLoader:240 - Cannot read IP mode file for STMicroelectronics.X-CUBE-AI.7.3.0
2023-12-16 14:29:36,841 [WARN] PackLoader:240 - Cannot read IP mode file for STMicroelectronics.X-CUBE-ALGOBUILD.1.3.0
2023-12-16 14:29:36,876 [WARN] PackLoader:240 - Cannot read IP mode file for STMicroelectronics.X-CUBE-AZRTOS-G0.1.1.0
2023-12-16 14:29:36,895 [WARN] PackLoader:240 - Cannot read IP mode file for STMicroelectronics.X-CUBE-NFC4.3.0.0
2023-12-16 14:29:36,921 [WARN] PackLoader:240 - Cannot read IP mode file for STMicroelectronics.X-CUBE-BLEMGR.3.0.0
2023-12-16 14:29:36,944 [WARN] PackLoader:240 - Cannot read IP mode file for STMicroelectronics.X-CUBE-BLEMGR.1.3.0
2023-12-16 14:29:36,955 [WARN] PackLoader:240 - Cannot read IP mode file for STMicroelectronics.FP-ATR-SIGFOX1.3.2.0
2023-12-16 14:29:36,962 [INFO] WebApp:753 - Register for checkConnection events
2023-12-16 14:29:36,963 [INFO] WebApp:390 - Apply proxy settings
2023-12-16 14:29:36,963 [INFO] WebApp:475 - Chromium requires no authentication
2023-12-16 14:29:36,977 [INFO] WebApp:418 - Direct internet connection detected
2023-12-16 14:29:37,031 [WARN] PackLoader:240 - Cannot read IP mode file for STMicroelectronics.X-CUBE-MEMS1.9.5.0
2023-12-16 14:29:37,227 [WARN] PackLoader:240 - Cannot read IP mode file for SEGGER.I-CUBE-embOS.1.3.1
2023-12-16 14:29:37,279 [WARN] PackLoader:240 - Cannot read IP mode file for STMicroelectronics.X-CUBE-GNSS1.6.0.0
2023-12-16 14:29:37,311 [WARN] PackLoader:240 - Cannot read IP mode file for STMicroelectronics.X-CUBE-AZRTOS-F4.1.1.0
2023-12-16 14:29:37,312 [INFO] WebApp:188 - Starting web application
2023-12-16 14:29:37,313 [INFO] WebApp:520 - Web application path used C:\ST\STM32CubeIDE_1.11.2\STM32CubeIDE\plugins\com.st.stm32cube.common.mx_6.9.2.202309101412\db\plugins\mcufinder\reactClient1\index.html
2023-12-16 14:29:37,350 [WARN] PackLoader:240 - Cannot read IP mode file for STMicroelectronics.X-CUBE-AZRTOS-L5.2.0.0
2023-12-16 14:29:37,402 [WARN] PackLoader:240 - Cannot read IP mode file for STMicroelectronics.X-CUBE-MEMS1.9.6.0
2023-12-16 14:29:37,532 [WARN] PackLoader:240 - Cannot read IP mode file for STMicroelectronics.X-CUBE-EEPRMA1.4.2.0
2023-12-16 14:29:37,554 [WARN] PackLoader:240 - Cannot read IP mode file for ITTIA_DB.I-CUBE-ITTIADB.8.8.0
2023-12-16 14:29:37,577 [WARN] PackLoader:240 - Cannot read IP mode file for emotas.I-CUBE-CANOPEN.1.1.3
2023-12-16 14:29:37,595 [WARN] PackLoader:240 - Cannot read IP mode file for STMicroelectronics.X-CUBE-BLEMGR.2.0.0
2023-12-16 14:29:37,628 [WARN] ConditionMgr:438 - getConditionDescription Invalid condition id : UX DEVICE CLASS RTOS Condition cause : null
2023-12-16 14:29:37,629 [WARN] ConditionMgr:438 - getConditionDescription Invalid condition id : UX DEVICE CLASS RTOS Condition cause : null
2023-12-16 14:29:37,633 [WARN] PackLoader:240 - Cannot read IP mode file for STMicroelectronics.X-CUBE-AZRTOS-H7.3.1.0
2023-12-16 14:29:37,634 [WARN] ConditionMgr:1039 - genDependencies : Invalid condition id : UX DEVICE CLASS RTOS Condition cause : null
2023-12-16 14:29:37,634 [WARN] ConditionMgr:1039 - genDependencies : Invalid condition id : UX DEVICE CLASS RTOS Condition cause : null
2023-12-16 14:29:37,635 [WARN] ConditionMgr:1039 - genDependencies : Invalid condition id : UX DEVICE CLASS RTOS Condition cause : null
2023-12-16 14:29:37,635 [WARN] ConditionMgr:1039 - genDependencies : Invalid condition id : UX DEVICE CLASS RTOS Condition cause : null
2023-12-16 14:29:37,635 [WARN] ConditionMgr:1039 - genDependencies : Invalid condition id : UX DEVICE CLASS RTOS Condition cause : null
2023-12-16 14:29:37,654 [WARN] PackLoader:240 - Cannot read IP mode file for wolfSSL.I-CUBE-wolfSSL.5.5.4
2023-12-16 14:29:37,676 [WARN] PackLoader:240 - Cannot read IP mode file for STMicroelectronics.X-CUBE-NFC7.1.0.1
2023-12-16 14:29:37,699 [WARN] PackLoader:240 - Cannot read IP mode file for STMicroelectronics.X-CUBE-NFC7.1.0.0
2023-12-16 14:29:37,722 [WARN] PackLoader:240 - Cannot read IP mode file for STMicroelectronics.X-CUBE-NFC6.3.0.0
2023-12-16 14:29:37,742 [WARN] PackLoader:240 - Cannot read IP mode file for STMicroelectronics.X-CUBE-EEPRMA1.4.1.0
2023-12-16 14:29:37,761 [WARN] PackLoader:240 - Cannot read IP mode file for STMicroelectronics.X-CUBE-AI.8.1.0
2023-12-16 14:29:37,810 [WARN] ConditionMgr:438 - getConditionDescription Invalid condition id : LAN8742 Phy interface Condition cause : null
2023-12-16 14:29:37,811 [WARN] PackLoader:240 - Cannot read IP mode file for STMicroelectronics.X-CUBE-AZRTOS-L4.2.0.0
2023-12-16 14:29:37,812 [WARN] ConditionMgr:1039 - genDependencies : Invalid condition id : LAN8742 Phy interface Condition cause : null
2023-12-16 14:29:37,812 [WARN] ConditionMgr:1039 - genDependencies : Invalid condition id : LAN8742 Phy interface Condition cause : null
2023-12-16 14:29:37,814 [WARN] ConditionMgr:1039 - genDependencies : Invalid condition id : LAN8742 Phy interface Condition cause : null
2023-12-16 14:29:37,832 [WARN] PackLoader:240 - Cannot read IP mode file for STMicroelectronics.X-CUBE-SFXS2LP1.4.0.0
2023-12-16 14:29:37,871 [WARN] PackLoader:240 - Cannot read IP mode file for STMicroelectronics.X-CUBE-AZRTOS-H7.3.0.0
2023-12-16 14:29:37,892 [WARN] PackLoader:240 - Cannot read IP mode file for STMicroelectronics.X-CUBE-ISPU.1.1.0
2023-12-16 14:29:37,914 [WARN] PackLoader:240 - Cannot read IP mode file for RoweBots.I-CUBE-UNISONRTOS.5.5.0-4
2023-12-16 14:29:37,931 [WARN] PackLoader:240 - Cannot read IP mode file for STMicroelectronics.X-CUBE-AI.8.0.0
2023-12-16 14:29:37,961 [WARN] ConditionMgr:438 - getConditionDescription Invalid condition id : UX DEVICE CLASS RTOS Condition cause : null
2023-12-16 14:29:37,961 [WARN] ConditionMgr:438 - getConditionDescription Invalid condition id : UX DEVICE CLASS RTOS Condition cause : null
2023-12-16 14:29:37,963 [WARN] PackLoader:240 - Cannot read IP mode file for STMicroelectronics.X-CUBE-AZRTOS-WB.2.0.0
2023-12-16 14:29:37,964 [WARN] ConditionMgr:1039 - genDependencies : Invalid condition id : UX DEVICE CLASS RTOS Condition cause : null
2023-12-16 14:29:37,964 [WARN] ConditionMgr:1039 - genDependencies : Invalid condition id : UX DEVICE CLASS RTOS Condition cause : null
2023-12-16 14:29:37,964 [WARN] ConditionMgr:1039 - genDependencies : Invalid condition id : UX DEVICE CLASS RTOS Condition cause : null
2023-12-16 14:29:37,966 [WARN] ConditionMgr:1039 - genDependencies : Invalid condition id : UX DEVICE CLASS RTOS Condition cause : null
2023-12-16 14:29:37,966 [WARN] ConditionMgr:1039 - genDependencies : Invalid condition id : UX DEVICE CLASS RTOS Condition cause : null
2023-12-16 14:29:37,984 [WARN] PackLoader:240 - Cannot read IP mode file for STMicroelectronics.X-CUBE-FREERTOS.1.0.1
2023-12-16 14:29:38,015 [WARN] PackLoader:240 - Cannot read IP mode file for STMicroelectronics.X-CUBE-AZRTOS-L5.1.1.0
2023-12-16 14:29:38,048 [WARN] PackLoader:240 - Cannot read IP mode file for STMicroelectronics.X-CUBE-SUBG2.5.0.0
2023-12-16 14:29:38,070 [WARN] PackLoader:240 - Cannot read IP mode file for STMicroelectronics.X-CUBE-TOF1.3.3.1
2023-12-16 14:29:38,104 [WARN] PackLoader:240 - Cannot read IP mode file for STMicroelectronics.X-CUBE-AZRTOS-G4.2.0.0
2023-12-16 14:29:38,121 [WARN] PackLoader:240 - Cannot read IP mode file for STMicroelectronics.FP-ATR-ASTRA1.1.1.1
2023-12-16 14:29:38,145 [WARN] PackLoader:240 - Cannot read IP mode file for Infineon.AIROC-Wi-Fi-Bluetooth-STM32.1.5.1
2023-12-16 14:29:38,162 [WARN] PackLoader:240 - Cannot read IP mode file for STMicroelectronics.FP-SNS-MOTENVWB1.1.3.0
2023-12-16 14:29:38,168 [WARN] PackLoader:240 - Cannot read IP mode file for STMicroelectronics.FP-SNS-MOTENVWB1.1.3.1
2023-12-16 14:29:38,191 [WARN] PackLoader:240 - Cannot read IP mode file for STMicroelectronics.X-CUBE-AZRTOS-G4.1.0.0
2023-12-16 14:29:38,218 [WARN] PackLoader:240 - Cannot read IP mode file for STMicroelectronics.X-CUBE-AZRTOS-L4.1.0.0
2023-12-16 14:29:38,248 [WARN] PackLoader:240 - Cannot read IP mode file for STMicroelectronics.X-CUBE-ISPU.2.0.0
2023-12-16 14:29:38,302 [WARN] PackLoader:240 - Cannot read IP mode file for STMicroelectronics.X-CUBE-MEMS1.10.0.0
2023-12-16 14:29:38,411 [WARN] PackLoader:240 - Cannot read IP mode file for STMicroelectronics.X-CUBE-FREERTOS.1.1.0
2023-12-16 14:29:38,436 [WARN] PackLoader:240 - Cannot read IP mode file for STMicroelectronics.X-CUBE-AZRTOS-WL.1.0.0
2023-12-16 14:29:38,453 [WARN] PackLoader:240 - Cannot read IP mode file for portGmbH.I-Cube-SoM-uGOAL.1.1.0
2023-12-16 14:29:38,469 [WARN] PackLoader:240 - Cannot read IP mode file for STMicroelectronics.X-CUBE-ALS.1.0.1
2023-12-16 14:29:38,494 [WARN] PackLoader:240 - Cannot read IP mode file for STMicroelectronics.X-CUBE-AZRTOS-WB.1.1.0
2023-12-16 14:29:38,501 [WARN] PackLoader:240 - Cannot read IP mode file for STMicroelectronics.FP-ATR-ASTRA1.2.0.0
2023-12-16 14:29:38,522 [WARN] PackLoader:240 - Cannot read IP mode file for STMicroelectronics.X-CUBE-TOF1.3.4.0
2023-12-16 14:29:38,563 [WARN] PackLoader:240 - Cannot read IP mode file for STMicroelectronics.X-CUBE-AZRTOS-H7.3.2.0
2023-12-16 14:29:38,565 [INFO] ThirdParty:978 - Integrity check success = true
2023-12-16 14:29:38,565 [INFO] IntegrityCheckThread:100 - exiting critical section [integrity check]
2023-12-16 14:29:38,565 [INFO] IntegrityCheckThread:103 - End integrity checks thread
2023-12-16 14:29:58,315 [ERROR] LogOutputStream:75 - [STDERR_REDIRECT] SLF4J: Failed to load class "org.slf4j.impl.StaticLoggerBinder".
2023-12-16 14:29:58,316 [ERROR] LogOutputStream:75 - [STDERR_REDIRECT] SLF4J: Defaulting to no-operation (NOP) logger implementation
2023-12-16 14:29:58,317 [ERROR] LogOutputStream:75 - [STDERR_REDIRECT] SLF4J: See http://www.slf4j.org/codes.html#StaticLoggerBinder for further details.
2023-12-16 14:34:09,151 [INFO] McuFinderGlobals:63 - Set McuFinder mode to 2 (CubeIDE integrated)
2023-12-16 14:34:09,188 [INFO] MainUpdater:2868 - connection check result : 10
2023-12-16 14:34:09,196 [INFO] MainUpdater:2868 - connection check result : 10
2023-12-16 14:34:09,457 [INFO] MicroXplorer:468 - Change Database Path : 
2023-12-16 14:34:09,458 [INFO] MicroXplorer:498 - Change Database Version : DB.6.0.92
2023-12-16 14:34:09,464 [WARN] ThirdParty:871 - waiting for thirdparty lock release [close project]
2023-12-16 14:34:09,465 [INFO] ThirdParty:873 - entering critical section [close project]
2023-12-16 14:34:09,469 [INFO] ThirdParty:883 - exiting critical section [close project]
2023-12-16 14:34:09,475 [INFO] PinOutPanel:1499 - setPackage(No Configuration,No Configuration)
2023-12-16 14:34:09,497 [INFO] UtilMem:75 - Begin LoadConfig() Used Memory: 643707120 Bytes (975175680)
2023-12-16 14:34:09,502 [INFO] MicroXplorer:468 - Change Database Path : 
2023-12-16 14:34:09,502 [INFO] MicroXplorer:498 - Change Database Version : DB.6.0.92
2023-12-16 14:34:09,502 [INFO] OpenFileManager:308 - Change cursor
2023-12-16 14:34:09,564 [INFO] Mcu:1946 - Initializing MCU STM32F407V(E-G)Tx STM32F407VGTx STM32F407VGT6
2023-12-16 14:34:12,489 [INFO] Context:659 - Trying to add GPIOservice into a context  which must be forbidden
2023-12-16 14:34:13,437 [INFO] RtosManager:555 - Registered RTOS mode: class=CMSIS, group=RTOS, mode=CMSIS_V1, owner=FREERTOS
2023-12-16 14:34:13,438 [INFO] RtosManager:555 - Registered RTOS mode: class=CMSIS, group=RTOS2, mode=CMSIS_V2, owner=FREERTOS
2023-12-16 14:34:13,438 [INFO] RtosManager:555 - Registered RTOS mode: class=RTOS, group=Core, mode=CMSIS_V1, owner=FREERTOS
2023-12-16 14:34:13,438 [INFO] RtosManager:555 - Registered RTOS mode: class=RTOS, group=Core, mode=CMSIS_V2, owner=FREERTOS
2023-12-16 14:34:13,438 [WARN] ModelIntegratedComponent:184 - Missing modes for component STMicroelectronics:FreeRTOS:0.0.1:STMicroelectronics:RTOS:FreeRTOS:Core:::10.2.0:
2023-12-16 14:34:13,456 [WARN] ModelIntegratedComponent:63 - No mode defined for component null
2023-12-16 14:34:13,457 [WARN] ModelIntegratedComponent:63 - No mode defined for component null
2023-12-16 14:34:13,457 [WARN] ModelIntegratedComponent:63 - No mode defined for component null
2023-12-16 14:34:13,457 [WARN] ModelIntegratedComponent:63 - No mode defined for component null
2023-12-16 14:34:13,457 [WARN] ModelIntegratedComponent:63 - No mode defined for component null
2023-12-16 14:34:13,457 [WARN] ModelIntegratedComponent:63 - No mode defined for component null
2023-12-16 14:34:13,457 [WARN] ModelIntegratedComponent:63 - No mode defined for component null
2023-12-16 14:34:13,457 [WARN] ModelIntegratedComponent:63 - No mode defined for component null
2023-12-16 14:34:13,457 [WARN] ModelIntegratedComponent:63 - No mode defined for component null
2023-12-16 14:34:13,457 [WARN] ModelIntegratedComponent:63 - No mode defined for component null
2023-12-16 14:34:13,457 [WARN] ModelIntegratedComponent:63 - No mode defined for component null
2023-12-16 14:34:13,457 [WARN] ModelIntegratedComponent:63 - No mode defined for component null
2023-12-16 14:34:13,457 [WARN] ModelIntegratedComponent:63 - No mode defined for component null
2023-12-16 14:34:13,457 [WARN] ModelIntegratedComponent:63 - No mode defined for component null
2023-12-16 14:34:13,457 [WARN] ModelIntegratedComponent:63 - No mode defined for component null
2023-12-16 14:34:13,457 [WARN] ModelIntegratedComponent:63 - No mode defined for component null
2023-12-16 14:34:13,457 [WARN] ModelIntegratedComponent:63 - No mode defined for component null
2023-12-16 14:34:13,457 [WARN] ModelIntegratedComponent:63 - No mode defined for component null
2023-12-16 14:34:13,458 [WARN] ModelIntegratedComponent:63 - No mode defined for component null
2023-12-16 14:34:13,458 [WARN] ModelIntegratedComponent:63 - No mode defined for component null
2023-12-16 14:34:13,458 [WARN] ModelIntegratedComponent:63 - No mode defined for component null
2023-12-16 14:34:13,458 [WARN] ModelIntegratedComponent:63 - No mode defined for component null
2023-12-16 14:34:13,458 [WARN] ModelIntegratedComponent:63 - No mode defined for component null
2023-12-16 14:34:13,458 [WARN] ModelIntegratedComponent:63 - No mode defined for component null
2023-12-16 14:34:13,458 [WARN] ModelIntegratedComponent:63 - No mode defined for component null
2023-12-16 14:34:13,458 [WARN] ModelIntegratedComponent:63 - No mode defined for component null
2023-12-16 14:34:13,458 [WARN] ModelIntegratedComponent:63 - No mode defined for component null
2023-12-16 14:34:13,458 [WARN] ModelIntegratedComponent:63 - No mode defined for component null
2023-12-16 14:34:13,458 [WARN] ModelIntegratedComponent:63 - No mode defined for component null
2023-12-16 14:34:13,458 [WARN] ModelIntegratedComponent:63 - No mode defined for component null
2023-12-16 14:34:13,458 [WARN] ModelIntegratedComponent:63 - No mode defined for component null
2023-12-16 14:34:13,458 [WARN] ModelIntegratedComponent:63 - No mode defined for component null
2023-12-16 14:34:13,458 [WARN] ModelIntegratedComponent:63 - No mode defined for component null
2023-12-16 14:34:13,668 [INFO] ThirdPartyModel:298 - Start build external matchings
2023-12-16 14:34:14,914 [INFO] ThirdPartyModel:316 - End build external matchings
2023-12-16 14:34:15,711 [INFO] UtilMem:75 - End LoadConfig() Used Memory: 897821488 Bytes (1073741824)
2023-12-16 14:34:15,878 [INFO] ApiDb:581 - Connected to CubeFinder SQLite database (C:\Users\erkan\.stmcufinder\plugins\mcufinder\mcu\cube-finder-db.db)
2023-12-16 14:34:15,986 [INFO] ApiDb:668 - CubeFinder database Data Model version=2.1
2023-12-16 14:34:15,987 [INFO] ApiDb:669 - CubeFinder database Configuration version=3.0.39
2023-12-16 14:34:15,987 [INFO] ApiDb:670 - CubeFinder database generation date=2023-11-06 (1699269565)
2023-12-16 14:34:15,987 [INFO] ApiDb:671 - CubeFinder database FW Pack versions=[FP-ATR-ASTRA1_V2.0.0, FP-SNS-FLIGHT1_V5.0.1, FP-SNS-FLIGHT1_V5.0.2, FP-SNS-MOTENV1_V4.3.1, FP-SNS-MOTENV1_V4.3.2, FP-SNS-MOTENVWB1_V1.3.0, FP-SNS-SMARTAG2_V1.2.0, STM32Cube_FW_C0_V1.1.0, STM32Cube_FW_F4_V1.28.0, STM32Cube_FW_F7_V1.17.0, STM32Cube_FW_G0_V1.6.1, STM32Cube_FW_G4_V1.5.1, STM32Cube_FW_H5_V0.5.1, STM32Cube_FW_H5_V1.1.1, STM32Cube_FW_H5_V1.2.0RC2, STM32Cube_FW_H7_V1.11.0, STM32Cube_FW_L0_V1.12.2, STM32Cube_FW_L5_V1.5.0, STM32Cube_FW_U5_V1.3.0RC4, STM32Cube_FW_U5_V1.4.0, STM32Cube_FW_WBA_V1.0.0RC1, STM32Cube_FW_WBA_V1.1.0RC1, STM32Cube_FW_WBA_V1.2.0, STM32Cube_FW_WBA_V1.2.0RC2, STM32Cube_FW_WB_V1.15.0RC1, STM32Cube_FW_WB_V1.16.0, STM32Cube_FW_WB_V1.16.0RC2, STM32Cube_FW_WB_V1.18.0, STM32Cube_FW_WL_V1.3.0, X-CUBE-ALGOBUILD_V1.3.0, X-CUBE-ALS_V1.0.1, X-CUBE-AZRTOS-F4_V1.1.0, X-CUBE-AZRTOS-F7_V1.1.0, X-CUBE-AZRTOS-G0_V1.1.0, X-CUBE-AZRTOS-G4_V2.0.0, X-CUBE-AZRTOS-H7_V3.1.0, X-CUBE-AZRTOS-L4_V1.0.0, X-CUBE-AZRTOS-L4_V2.0.0, X-CUBE-AZRTOS-L5_V1.1.0, X-CUBE-AZRTOS-WB_V2.0.0, X-CUBE-AZRTOS-WL_V2.0.0, X-CUBE-BLE1_V7.0.0, X-CUBE-BLE2_V3.3.0, X-CUBE-BLEMGR_V2.0.0, X-CUBE-EEPRMA1_V4.1.0, X-CUBE-EEPRMA1_V4.2.0, X-CUBE-FREERTOS_V1.1.0, X-CUBE-GNSS1_V6.0.0, X-CUBE-MEMS1_V10.0.0, X-CUBE-MEMS1_V9.1.0, X-CUBE-MEMS1_V9.4.0, X-CUBE-MEMS1_V9.6.0, X-CUBE-NFC4_V3.0.0, X-CUBE-NFC7_V1.0.1, X-CUBE-SFXS2LP1_V4.0.0, X-CUBE-SUBG2_V5.0.0, X-CUBE-TOF1_V3.3.1]
2023-12-16 14:34:18,512 [INFO] ApiDb:240 - Found 323 in-development CPN: [B-G473E-ZEST1S, B-WB1M-WPAN1, B-WL5M-SUBG1, NUCLEO-C031C6, NUCLEO-H503RB, NUCLEO-H563ZI, NUCLEO-U545RE-Q, NUCLEO-U5A5ZJ-Q, NUCLEO-WBA52CG, STEVAL-PROTEUS1, STEVAL-SMARTAG2, STEVAL-STWINBX1, STM320518-EVAL, STM32C0116-DK, STM32C011D6Y3TR, STM32C011D6Y6TR, STM32C011F4P3, STM32C011F4P6, STM32C011F4U3, STM32C011F4U6TR, STM32C011F6P3, STM32C011F6P6, STM32C011F6U3, STM32C011F6U6TR, STM32C011J4M3, STM32C011J4M6, STM32C011J6M3, STM32C011J6M6, STM32C0316-DK, STM32C031C4T3, STM32C031C4T6, STM32C031C4U3, STM32C031C4U6, STM32C031C6T3, STM32C031C6T6, STM32C031C6U3, STM32C031C6U6, STM32C031F4P3, STM32C031F4P6, STM32C031F6P3, STM32C031F6P6, STM32C031G4U3, STM32C031G4U6, STM32C031G6U3, STM32C031G6U6, STM32C031K4T3, STM32C031K4T6, STM32C031K4U3, STM32C031K4U6, STM32C031K6T3, STM32C031K6T6, STM32C031K6U3, STM32C031K6U6, STM32G071K8TXN, STM32G071K8UXN, STM32G081GBU6N, STM32G081KBT6N, STM32G081KBUXN, STM32G0B1CCT6N, STM32G0B1KCT6, STM32G0B1NEY6TR, STM32G0B1RCT6N, STM32G0C1CCT6, STM32G0C1CCT6N, STM32G0C1CCU6N, STM32G0C1CET6N, STM32G0C1CEU6N, STM32G0C1KCT6, STM32G0C1NEY6TR, STM32G0C1RCI6N, STM32G0C1RCT6N, STM32G0C1REI6N, STM32G0C1RET6N, STM32G0C1VCI6, STM32G0C1VEI6, STM32G471CCT6, STM32G471CCU6, STM32G471CET3, STM32G471CET6, STM32G471CEU3, STM32G471CEU6, STM32G471MCT6, STM32G471MET3, STM32G471MET6, STM32G471MEY6TR, STM32G471QCT6, STM32G471QET3, STM32G471RCT6, STM32G471RET3, STM32G471RET6, STM32G471VCH6, STM32G471VCI6, STM32G471VCT6, STM32G471VEH3, STM32G471VEH6, STM32G471VEI3, STM32G471VEI6, STM32G471VET3, STM32G471VET6, STM32G474CCT6, STM32H503CBT6, STM32H503CBU6, STM32H503EBY6TR, STM32H503KBU6, STM32H503RBT6, STM32H562AGI6, STM32H562AII6, STM32H562IGK6, STM32H562IGT6, STM32H562IIK6, STM32H562IIT6, STM32H562RGT6, STM32H562RGV6, STM32H562RIT6, STM32H562RIV6, STM32H562VGT6, STM32H562VIT6, STM32H562ZGT6, STM32H562ZIT6, STM32H563AGI6, STM32H563AII3Q, STM32H563AII6, STM32H563IGK6, STM32H563IGT6, STM32H563IIK3Q, STM32H563IIK6, STM32H563IIT3Q, STM32H563IIT6, STM32H563MIY3QTR, STM32H563RGT6, STM32H563RGV6, STM32H563RIT6, STM32H563RIV6, STM32H563VGT6, STM32H563VIT3Q, STM32H563VIT6, STM32H563ZGT6, STM32H563ZIT3Q, STM32H563ZIT6, STM32H573AII3Q, STM32H573AII6, STM32H573I-DK, STM32H573IIK3Q, STM32H573IIK6, STM32H573IIT3Q, STM32H573IIT6, STM32H573MIY3QTR, STM32H573RIT6, STM32H573RIV6, STM32H573VIT3Q, STM32H573VIT6, STM32H573ZIT3Q, STM32H573ZIT6, STM32L4R5QGI6STR, STM32MP131AAE3, STM32MP131AAF3, STM32MP131AAG3, STM32MP131CAE3, STM32MP131CAF3, STM32MP131CAG3, STM32MP131DAE7, STM32MP131DAF7, STM32MP131DAG7, STM32MP131FAE7, STM32MP131FAF7, STM32MP131FAG7, STM32MP133AAE3, STM32MP133AAF3, STM32MP133AAG3, STM32MP133CAE3, STM32MP133CAF3, STM32MP133CAG3, STM32MP133DAE7, STM32MP133DAF7, STM32MP133DAG7, STM32MP133FAE7, STM32MP133FAF7, STM32MP133FAG7, STM32MP135AAE3, STM32MP135AAF3, STM32MP135AAG3, STM32MP135CAE3, STM32MP135CAF3, STM32MP135CAG3, STM32MP135DAE7, STM32MP135DAF7, STM32MP135DAG7, STM32MP135F-DK, STM32MP135FAE7, STM32MP135FAF7, STM32MP135FAF7T, STM32MP135FAF7U, STM32MP135FAG7, STM32U535CBT6, STM32U535CBT6Q, STM32U535CBU6, STM32U535CBU6Q, STM32U535CCT6, STM32U535CCT6Q, STM32U535CCU6, STM32U535CCU6Q, STM32U535CET6, STM32U535CET6Q, STM32U535CEU6, STM32U535CEU6Q, STM32U535JEY6QTR, STM32U535NCY6QTR, STM32U535NEY6QTR, STM32U535RBI6, STM32U535RBI6Q, STM32U535RBT6, STM32U535RBT6Q, STM32U535RCI6, STM32U535RCI6Q, STM32U535RCT6, STM32U535RCT6Q, STM32U535REI6, STM32U535REI6Q, STM32U535RET6, STM32U535RET6Q, STM32U535VCI6, STM32U535VCI6Q, STM32U535VCT6, STM32U535VCT6Q, STM32U535VEI6, STM32U535VEI6Q, STM32U535VET6, STM32U535VET6Q, STM32U545CET6, STM32U545CET6Q, STM32U545CEU6, STM32U545CEU6Q, STM32U545JEY6QTR, STM32U545NEY6QTR, STM32U545REI6, STM32U545REI6Q, STM32U545RET6, STM32U545RET6Q, STM32U545VEI6, STM32U545VEI6Q, STM32U545VET6, STM32U545VET6Q, STM32U595AIH6, STM32U595AIH6Q, STM32U595AJH6, STM32U595AJH6Q, STM32U595QII6, STM32U595QII6Q, STM32U595QJI6, STM32U595QJI6Q, STM32U595RIT6, STM32U595RIT6Q, STM32U595RJT6, STM32U595RJT6Q, STM32U595VIT6, STM32U595VIT6Q, STM32U595VJT6, STM32U595VJT6Q, STM32U595ZIT6, STM32U595ZIT6Q, STM32U595ZIY6QTR, STM32U595ZJT6, STM32U595ZJT6Q, STM32U595ZJY6QTR, STM32U599BJY6QTR, STM32U599NIH6Q, STM32U599NJH6Q, STM32U599VIT6Q, STM32U599VJT6, STM32U599VJT6Q, STM32U599ZIT6Q, STM32U599ZIY6QTR, STM32U599ZJT6Q, STM32U599ZJY6QTR, STM32U5A5AJH6, STM32U5A5AJH6Q, STM32U5A5QJI6, STM32U5A5QJI6Q, STM32U5A5RJT6, STM32U5A5RJT6Q, STM32U5A5VJT6, STM32U5A5VJT6Q, STM32U5A5ZJT6, STM32U5A5ZJT6Q, STM32U5A5ZJY6QTR, STM32U5A9BJY6QTR, STM32U5A9J-DK, STM32U5A9NJH6Q, STM32U5A9VJT6Q, STM32U5A9ZJT6Q, STM32U5A9ZJY6QTR, STM32U5F7VIT6, STM32U5F7VIT6Q, STM32U5F7VJT6, STM32U5F7VJT6Q, STM32U5F9BJY6QTR, STM32U5F9NJH6Q, STM32U5F9VIT6Q, STM32U5F9VJT6Q, STM32U5F9ZIJ6QTR, STM32U5F9ZIT6Q, STM32U5F9ZJJ6QTR, STM32U5F9ZJT6Q, STM32U5G7VJT6, STM32U5G7VJT6Q, STM32U5G9BJY6QTR, STM32U5G9J-DK1, STM32U5G9J-DK2, STM32U5G9NJH6Q, STM32U5G9VJT6Q, STM32U5G9ZJJ6QTR, STM32U5G9ZJT6Q, STM32WB1MMCH6, STM32WBA52CEU6, STM32WBA52CEU6T, STM32WBA52CGU6, STM32WBA52CGU6T, STM32WBA52KEU6, STM32WBA52KEU6T, STM32WBA52KGU6, STM32WBA52KGU6T, STM32WL5MOCH6, STM32WL5MOCH6TR]
2023-12-16 14:34:18,516 [INFO] DbMcus:217 - Found 3882 MCUs, 3882 are supported
2023-12-16 14:34:18,517 [INFO] ApiDb:423 - Load user favorites file C:\Users\erkan/.stm32cubeide/favorites.mcus.txt: 0 item(s)
2023-12-16 14:34:18,517 [INFO] ApiDb:427 - User favorites MCUs=[]
2023-12-16 14:34:18,517 [INFO] DbMcus:223 - Set 0 / 0 favorites MCUs
2023-12-16 14:34:18,862 [WARN] ThirdParty:833 - waiting for thirdparty lock release [change project]
2023-12-16 14:34:18,862 [INFO] ThirdParty:835 - entering critical section [change project]
2023-12-16 14:34:18,862 [INFO] ThirdParty:1030 - CMSIS Pack Vendor :STMicroelectronics X-CUBE-ISPU 1.1.0
2023-12-16 14:34:18,862 [INFO] ThirdParty:1030 - CMSIS Pack Vendor :STMicroelectronics USBPD 4.1
2023-12-16 14:34:18,862 [INFO] ThirdParty:1030 - CMSIS Pack Vendor :RoweBots I-CUBE-UNISONRTOS 5.5.0-4
2023-12-16 14:34:18,862 [INFO] ThirdParty:1030 - CMSIS Pack Vendor :STMicroelectronics X-CUBE-GNSS1 6.0.0
2023-12-16 14:34:18,862 [INFO] ThirdParty:1030 - CMSIS Pack Vendor :STMicroelectronics USB_HOST 2.0.0
2023-12-16 14:34:18,862 [INFO] ThirdParty:1030 - CMSIS Pack Vendor :STMicroelectronics X-CUBE-AZRTOS-F4 1.1.0
2023-12-16 14:34:18,862 [INFO] ThirdParty:1030 - CMSIS Pack Vendor :STMicroelectronics LIBJPEG 8.0.0
2023-12-16 14:34:18,862 [INFO] ThirdParty:1030 - CMSIS Pack Vendor :STMicroelectronics X-CUBE-SMBUS 2.1.0
2023-12-16 14:34:18,862 [INFO] ThirdParty:1030 - CMSIS Pack Vendor :STMicroelectronics USB_DEVICE 3.0.0
2023-12-16 14:34:18,862 [INFO] ThirdParty:1030 - CMSIS Pack Vendor :STMicroelectronics X-CUBE-AI 8.0.0
2023-12-16 14:34:18,862 [INFO] ThirdParty:1030 - CMSIS Pack Vendor :STMicroelectronics X-CUBE-AZRTOS-WB 2.0.0
2023-12-16 14:34:18,862 [INFO] ThirdParty:1030 - CMSIS Pack Vendor :STMicroelectronics X-CUBE-FREERTOS 1.0.1
2023-12-16 14:34:18,862 [INFO] ThirdParty:1030 - CMSIS Pack Vendor :STMicroelectronics X-CUBE-TOUCHGFX 4.21.1
2023-12-16 14:34:18,862 [INFO] ThirdParty:1030 - CMSIS Pack Vendor :STMicroelectronics X-CUBE-TOUCHGFX 4.23.0
2023-12-16 14:34:18,862 [INFO] ThirdParty:1030 - CMSIS Pack Vendor :STMicroelectronics X-CUBE-AZRTOS-F7 1.1.0
2023-12-16 14:34:18,862 [INFO] ThirdParty:1030 - CMSIS Pack Vendor :STMicroelectronics X-CUBE-AZRTOS-L5 2.0.0
2023-12-16 14:34:18,862 [INFO] ThirdParty:1030 - CMSIS Pack Vendor :STMicroelectronics USB_DEVICE 2.0.0
2023-12-16 14:34:18,862 [INFO] ThirdParty:1030 - CMSIS Pack Vendor :STMicroelectronics X-CUBE-AI 7.3.0
2023-12-16 14:34:18,862 [INFO] ThirdParty:1030 - CMSIS Pack Vendor :STMicroelectronics X-CUBE-MEMS1 9.6.0
2023-12-16 14:34:18,862 [INFO] ThirdParty:1030 - CMSIS Pack Vendor :STMicroelectronics X-CUBE-EEPRMA1 4.2.0
2023-12-16 14:34:18,862 [INFO] ThirdParty:1030 - CMSIS Pack Vendor :ITTIA_DB I-CUBE-ITTIADB 8.8.0
2023-12-16 14:34:18,862 [INFO] ThirdParty:1030 - CMSIS Pack Vendor :STMicroelectronics FP-SNS-MOTENV1 4.3.2
2023-12-16 14:34:18,862 [INFO] ThirdParty:1030 - CMSIS Pack Vendor :STMicroelectronics X-CUBE-ALGOBUILD 1.3.0
2023-12-16 14:34:18,862 [INFO] ThirdParty:1030 - CMSIS Pack Vendor :STMicroelectronics X-CUBE-BLE1 6.2.4
2023-12-16 14:34:18,862 [INFO] ThirdParty:1030 - CMSIS Pack Vendor :STMicroelectronics X-CUBE-AZRTOS-L5 1.1.0
2023-12-16 14:34:18,862 [INFO] ThirdParty:1030 - CMSIS Pack Vendor :STMicroelectronics FreeRTOS 0.0.1
2023-12-16 14:34:18,862 [INFO] ThirdParty:1030 - CMSIS Pack Vendor :STMicroelectronics X-CUBE-AZRTOS-G0 1.1.0
2023-12-16 14:34:18,864 [INFO] ThirdParty:1030 - CMSIS Pack Vendor :emotas I-CUBE-CANOPEN 1.1.3
2023-12-16 14:34:18,864 [INFO] ThirdParty:1030 - CMSIS Pack Vendor :STMicroelectronics X-CUBE-BLEMGR 2.0.0
2023-12-16 14:34:18,864 [INFO] ThirdParty:1030 - CMSIS Pack Vendor :STMicroelectronics X-CUBE-NFC4 3.0.0
2023-12-16 14:34:18,864 [INFO] ThirdParty:1030 - CMSIS Pack Vendor :STMicroelectronics X-CUBE-SUBG2 5.0.0
2023-12-16 14:34:18,864 [INFO] ThirdParty:1030 - CMSIS Pack Vendor :STMicroelectronics STM32_WPAN 1.0.0
2023-12-16 14:34:18,864 [INFO] ThirdParty:1030 - CMSIS Pack Vendor :STMicroelectronics lwIP 2.0.3
2023-12-16 14:34:18,864 [INFO] ThirdParty:1030 - CMSIS Pack Vendor :STMicroelectronics FP-SNS-FLIGHT1 5.0.2
2023-12-16 14:34:18,864 [INFO] ThirdParty:1030 - CMSIS Pack Vendor :STMicroelectronics USB_HOST 1.0.0
2023-12-16 14:34:18,864 [INFO] ThirdParty:1030 - CMSIS Pack Vendor :STMicroelectronics X-CUBE-TOF1 3.3.1
2023-12-16 14:34:18,864 [INFO] ThirdParty:1030 - CMSIS Pack Vendor :STMicroelectronics X-CUBE-AZRTOS-G4 2.0.0
2023-12-16 14:34:18,864 [INFO] ThirdParty:1030 - CMSIS Pack Vendor :STMicroelectronics PDM2PCM 3.1.0
2023-12-16 14:34:18,864 [INFO] ThirdParty:1030 - CMSIS Pack Vendor :STMicroelectronics X-CUBE-AZRTOS-H7 3.1.0
2023-12-16 14:34:18,864 [INFO] ThirdParty:1030 - CMSIS Pack Vendor :STMicroelectronics FP-ATR-ASTRA1 1.1.1
2023-12-16 14:34:18,864 [INFO] ThirdParty:1030 - CMSIS Pack Vendor :Infineon AIROC-Wi-Fi-Bluetooth-STM32 1.5.1
2023-12-16 14:34:18,864 [INFO] ThirdParty:1030 - CMSIS Pack Vendor :STMicroelectronics X-CUBE-BLEMGR 3.0.0
2023-12-16 14:34:18,864 [INFO] ThirdParty:1030 - CMSIS Pack Vendor :STMicroelectronics PDM2PCM 3.3.0
2023-12-16 14:34:18,864 [INFO] ThirdParty:1030 - CMSIS Pack Vendor :STMicroelectronics X-CUBE-DISPLAY 3.0.0
2023-12-16 14:34:18,864 [INFO] ThirdParty:1030 - CMSIS Pack Vendor :STMicroelectronics X-CUBE-BLEMGR 1.3.0
2023-12-16 14:34:18,864 [INFO] ThirdParty:1030 - CMSIS Pack Vendor :STMicroelectronics FP-SNS-MOTENVWB1 1.3.0
2023-12-16 14:34:18,864 [INFO] ThirdParty:1030 - CMSIS Pack Vendor :STMicroelectronics FP-SNS-MOTENVWB1 1.3.1
2023-12-16 14:34:18,864 [INFO] ThirdParty:1030 - CMSIS Pack Vendor :STMicroelectronics X-CUBE-BLE1 7.0.0
2023-12-16 14:34:18,864 [INFO] ThirdParty:1030 - CMSIS Pack Vendor :STMicroelectronics FP-ATR-SIGFOX1 3.2.0
2023-12-16 14:34:18,864 [INFO] ThirdParty:1030 - CMSIS Pack Vendor :STMicroelectronics X-CUBE-AZRTOS-G4 1.0.0
2023-12-16 14:34:18,864 [INFO] ThirdParty:1030 - CMSIS Pack Vendor :wolfSSL I-CUBE-wolfSSL 5.5.4
2023-12-16 14:34:18,864 [INFO] ThirdParty:1030 - CMSIS Pack Vendor :STMicroelectronics X-CUBE-AZRTOS-L4 1.0.0
2023-12-16 14:34:18,864 [INFO] ThirdParty:1030 - CMSIS Pack Vendor :STMicroelectronics X-CUBE-ISPU 2.0.0
2023-12-16 14:34:18,865 [INFO] ThirdParty:1030 - CMSIS Pack Vendor :STMicroelectronics HAL Drivers 0.0.0
2023-12-16 14:34:18,865 [INFO] ThirdParty:1030 - CMSIS Pack Vendor :STMicroelectronics MBEDTLS 2.16.2
2023-12-16 14:34:18,865 [INFO] ThirdParty:1030 - CMSIS Pack Vendor :STMicroelectronics X-CUBE-MEMS1 10.0.0
2023-12-16 14:34:18,865 [INFO] ThirdParty:1030 - CMSIS Pack Vendor :STMicroelectronics X-CUBE-FREERTOS 1.1.0
2023-12-16 14:34:18,865 [INFO] ThirdParty:1030 - CMSIS Pack Vendor :STMicroelectronics X-CUBE-TOUCHGFX 4.22.0
2023-12-16 14:34:18,865 [INFO] ThirdParty:1030 - CMSIS Pack Vendor :STMicroelectronics X-CUBE-NFC7 1.0.1
2023-12-16 14:34:18,865 [INFO] ThirdParty:1030 - CMSIS Pack Vendor :STMicroelectronics MBEDTLS 2.14.1
2023-12-16 14:34:18,865 [INFO] ThirdParty:1030 - CMSIS Pack Vendor :STMicroelectronics X-CUBE-NFC7 1.0.0
2023-12-16 14:34:18,865 [INFO] ThirdParty:1030 - CMSIS Pack Vendor :STMicroelectronics X-CUBE-TOUCHGFX 4.22.1
2023-12-16 14:34:18,865 [INFO] ThirdParty:1030 - CMSIS Pack Vendor :STMicroelectronics X-CUBE-AZRTOS-WL 1.0.0
2023-12-16 14:34:18,865 [INFO] ThirdParty:1030 - CMSIS Pack Vendor :STMicroelectronics X-CUBE-NFC6 3.0.0
2023-12-16 14:34:18,865 [INFO] ThirdParty:1030 - CMSIS Pack Vendor :STMicroelectronics X-CUBE-EEPRMA1 4.1.0
2023-12-16 14:34:18,865 [INFO] ThirdParty:1030 - CMSIS Pack Vendor :portGmbH I-Cube-SoM-uGOAL 1.1.0
2023-12-16 14:34:18,865 [INFO] ThirdParty:1030 - CMSIS Pack Vendor :STMicroelectronics X-CUBE-ALS 1.0.1
2023-12-16 14:34:18,865 [INFO] ThirdParty:1030 - CMSIS Pack Vendor :STMicroelectronics X-CUBE-MEMS1 9.5.0
2023-12-16 14:34:18,865 [INFO] ThirdParty:1030 - CMSIS Pack Vendor :STMicroelectronics ThreadX 1.0.0
2023-12-16 14:34:18,865 [INFO] ThirdParty:1030 - CMSIS Pack Vendor :STMicroelectronics FP-SNS-SMARTAG2 1.2.0
2023-12-16 14:34:18,865 [INFO] ThirdParty:1030 - CMSIS Pack Vendor :STMicroelectronics X-CUBE-AZRTOS-WB 1.1.0
2023-12-16 14:34:18,865 [INFO] ThirdParty:1030 - CMSIS Pack Vendor :STMicroelectronics X-CUBE-AZRTOS-WL 2.0.0
2023-12-16 14:34:18,865 [INFO] ThirdParty:1030 - CMSIS Pack Vendor :SEGGER I-CUBE-embOS 1.3.1
2023-12-16 14:34:18,865 [INFO] ThirdParty:1030 - CMSIS Pack Vendor :STMicroelectronics USB_DEVICE 1.0.0
2023-12-16 14:34:18,866 [INFO] ThirdParty:1030 - CMSIS Pack Vendor :STMicroelectronics X-CUBE-AI 8.1.0
2023-12-16 14:34:18,866 [INFO] ThirdParty:1030 - CMSIS Pack Vendor :STMicroelectronics X-CUBE-AZRTOS-L4 2.0.0
2023-12-16 14:34:18,866 [INFO] ThirdParty:1030 - CMSIS Pack Vendor :STMicroelectronics ThreadX 0.0.2
2023-12-16 14:34:18,866 [INFO] ThirdParty:1030 - CMSIS Pack Vendor :WES I-CUBE-Cesium 1.3.0
2023-12-16 14:34:18,866 [INFO] ThirdParty:1030 - CMSIS Pack Vendor :STMicroelectronics FP-ATR-ASTRA1 2.0.0
2023-12-16 14:34:18,866 [INFO] ThirdParty:1030 - CMSIS Pack Vendor :STMicroelectronics lwIP 2.1.2
2023-12-16 14:34:18,866 [INFO] ThirdParty:1030 - CMSIS Pack Vendor :STMicroelectronics X-CUBE-SFXS2LP1 4.0.0
2023-12-16 14:34:18,866 [INFO] ThirdParty:1030 - CMSIS Pack Vendor :STMicroelectronics X-CUBE-BLE2 3.3.0
2023-12-16 14:34:18,866 [INFO] ThirdParty:1030 - CMSIS Pack Vendor :STMicroelectronics X-CUBE-TOF1 3.4.0
2023-12-16 14:34:18,866 [INFO] ThirdParty:1030 - CMSIS Pack Vendor :STMicroelectronics X-CUBE-TOF1 3.2.0
2023-12-16 14:34:18,866 [INFO] ThirdParty:1030 - CMSIS Pack Vendor :STMicroelectronics X-CUBE-AZRTOS-H7 3.2.0
2023-12-16 14:34:18,866 [INFO] ThirdParty:1030 - CMSIS Pack Vendor :STMicroelectronics PDM2PCM 3.2.0
2023-12-16 14:34:18,866 [INFO] ThirdParty:1030 - CMSIS Pack Vendor :STMicroelectronics X-CUBE-AZRTOS-H7 3.0.0
2023-12-16 14:34:18,866 [INFO] ThirdParty:841 - exiting critical section [change project]
2023-12-16 14:34:19,434 [INFO] PinOutPanel:1499 - setPackage(No Configuration,No Configuration)
2023-12-16 14:34:19,436 [INFO] PinOutPanel:1499 - setPackage(STM32F407VGTx,LQFP100)
2023-12-16 14:34:19,980 [INFO] UtilMem:75 - Before build in PCC Used Memory: 584317632 Bytes (1073741824)
2023-12-16 14:34:21,150 [INFO] UtilMem:75 - After build in PCC Used Memory: 704123112 Bytes (1073741824)
2023-12-16 14:34:21,203 [INFO] IPUIPlugin:80 - create IPUIPlugin
2023-12-16 14:34:21,203 [INFO] IPUIPlugin:80 - create IPUIPlugin
2023-12-16 14:34:21,203 [INFO] IPUIPlugin:80 - create IPUIPlugin
2023-12-16 14:34:21,203 [INFO] IPUIPlugin:80 - create IPUIPlugin
2023-12-16 14:34:21,203 [INFO] IPUIPlugin:80 - create IPUIPlugin
2023-12-16 14:34:21,205 [INFO] IPUIPlugin:80 - create IPUIPlugin
2023-12-16 14:34:21,205 [INFO] IPUIPlugin:80 - create IPUIPlugin
2023-12-16 14:34:21,205 [INFO] IPUIPlugin:80 - create IPUIPlugin
2023-12-16 14:34:21,205 [INFO] IPUIPlugin:80 - create IPUIPlugin
2023-12-16 14:34:21,205 [INFO] IPUIPlugin:80 - create IPUIPlugin
2023-12-16 14:34:21,205 [INFO] IPUIPlugin:80 - create IPUIPlugin
2023-12-16 14:34:21,205 [INFO] IPUIPlugin:80 - create IPUIPlugin
2023-12-16 14:34:21,205 [INFO] IPUIPlugin:80 - create IPUIPlugin
2023-12-16 14:34:21,205 [INFO] IPUIPlugin:80 - create IPUIPlugin
2023-12-16 14:34:21,206 [INFO] IPUIPlugin:80 - create IPUIPlugin
2023-12-16 14:34:21,206 [INFO] IPUIPlugin:80 - create IPUIPlugin
2023-12-16 14:34:21,206 [INFO] IPUIPlugin:80 - create IPUIPlugin
2023-12-16 14:34:21,206 [INFO] IPUIPlugin:80 - create IPUIPlugin
2023-12-16 14:34:21,206 [INFO] IPUIPlugin:80 - create IPUIPlugin
2023-12-16 14:34:21,206 [INFO] IPUIPlugin:80 - create IPUIPlugin
2023-12-16 14:34:21,206 [INFO] IPUIPlugin:80 - create IPUIPlugin
2023-12-16 14:34:21,206 [INFO] IPUIPlugin:80 - create IPUIPlugin
2023-12-16 14:34:21,206 [INFO] IPUIPlugin:80 - create IPUIPlugin
2023-12-16 14:34:21,206 [INFO] IPUIPlugin:80 - create IPUIPlugin
2023-12-16 14:34:21,206 [INFO] IPUIPlugin:80 - create IPUIPlugin
2023-12-16 14:34:21,208 [INFO] IPUIPlugin:80 - create IPUIPlugin
2023-12-16 14:34:21,208 [INFO] IPUIPlugin:80 - create IPUIPlugin
2023-12-16 14:34:21,208 [INFO] IPUIPlugin:80 - create IPUIPlugin
2023-12-16 14:34:21,208 [INFO] IPUIPlugin:80 - create IPUIPlugin
2023-12-16 14:34:21,208 [INFO] IPUIPlugin:80 - create IPUIPlugin
2023-12-16 14:34:21,209 [INFO] IPUIPlugin:80 - create IPUIPlugin
2023-12-16 14:34:21,209 [INFO] IPUIPlugin:80 - create IPUIPlugin
2023-12-16 14:34:21,209 [INFO] IPUIPlugin:80 - create IPUIPlugin
2023-12-16 14:34:21,209 [INFO] IPUIPlugin:80 - create IPUIPlugin
2023-12-16 14:34:21,209 [INFO] IPUIPlugin:80 - create IPUIPlugin
2023-12-16 14:34:21,210 [INFO] IPUIPlugin:80 - create IPUIPlugin
2023-12-16 14:34:21,210 [INFO] IPUIPlugin:80 - create IPUIPlugin
2023-12-16 14:34:21,210 [INFO] IPUIPlugin:80 - create IPUIPlugin
2023-12-16 14:34:21,210 [INFO] IPUIPlugin:80 - create IPUIPlugin
2023-12-16 14:34:21,210 [INFO] IPUIPlugin:80 - create IPUIPlugin
2023-12-16 14:34:21,211 [INFO] IPUIPlugin:80 - create IPUIPlugin
2023-12-16 14:34:21,211 [INFO] IPUIPlugin:80 - create IPUIPlugin
2023-12-16 14:34:21,211 [INFO] IPUIPlugin:80 - create IPUIPlugin
2023-12-16 14:34:21,211 [INFO] IPUIPlugin:80 - create IPUIPlugin
2023-12-16 14:34:21,211 [INFO] IPUIPlugin:80 - create IPUIPlugin
2023-12-16 14:34:21,212 [INFO] IPUIPlugin:80 - create IPUIPlugin
2023-12-16 14:34:21,212 [INFO] IPUIPlugin:80 - create IPUIPlugin
2023-12-16 14:34:21,212 [INFO] IPUIPlugin:80 - create IPUIPlugin
2023-12-16 14:34:21,212 [INFO] IPUIPlugin:80 - create IPUIPlugin
2023-12-16 14:34:21,213 [INFO] IPUIPlugin:80 - create IPUIPlugin
2023-12-16 14:34:21,213 [INFO] IPUIPlugin:80 - create IPUIPlugin
2023-12-16 14:34:21,214 [INFO] IPUIPlugin:80 - create IPUIPlugin
2023-12-16 14:34:21,214 [INFO] IPUIPlugin:80 - create IPUIPlugin
2023-12-16 14:34:21,214 [INFO] IPUIPlugin:80 - create IPUIPlugin
2023-12-16 14:34:21,215 [INFO] IPUIPlugin:80 - create IPUIPlugin
2023-12-16 14:34:21,215 [INFO] IPUIPlugin:80 - create IPUIPlugin
2023-12-16 14:34:21,215 [INFO] IPUIPlugin:80 - create IPUIPlugin
2023-12-16 14:34:21,216 [INFO] IPUIPlugin:80 - create IPUIPlugin
2023-12-16 14:34:21,311 [INFO] ApiDbMcu:507 - Load IP Config File for PDM2PCM
2023-12-16 14:34:21,635 [INFO] CADModel:165 - CPN selected for project levelSTM32F407VGT6
2023-12-16 14:34:21,637 [INFO] CADModel:114 - Register for checkConnection events
2023-12-16 14:34:21,696 [INFO] OpenFileManager:328 - Restore cursor
2023-12-16 14:51:28,187 [INFO] NvicIntPanel:101 - NVIC parent = com.st.microxplorer.plugins.ip.nvic.MultiNvicIntPanel[,0,0,0x0,invalid,layout=javax.swing.BoxLayout,alignmentX=0.0,alignmentY=0.0,border=,flags=9,maximumSize=,minimumSize=,preferredSize=]
2023-12-16 14:51:28,338 [INFO] NvicIntPanel:101 - NVIC parent = com.st.microxplorer.plugins.ip.nvic.MultiNvicIntPanel[,0,0,0x0,invalid,layout=javax.swing.BoxLayout,alignmentX=0.0,alignmentY=0.0,border=,flags=9,maximumSize=,minimumSize=,preferredSize=]
2023-12-16 14:51:31,488 [INFO] NvicIntPanel:101 - NVIC parent = com.st.microxplorer.plugins.ip.nvic.MultiNvicIntPanel[,0,0,0x0,invalid,layout=javax.swing.BoxLayout,alignmentX=0.0,alignmentY=0.0,border=,flags=9,maximumSize=,minimumSize=,preferredSize=]
2023-12-16 14:51:31,619 [INFO] NvicIntPanel:101 - NVIC parent = com.st.microxplorer.plugins.ip.nvic.MultiNvicIntPanel[,0,0,0x0,invalid,layout=javax.swing.BoxLayout,alignmentX=0.0,alignmentY=0.0,border=,flags=9,maximumSize=,minimumSize=,preferredSize=]
2023-12-16 14:51:33,539 [INFO] NvicIntPanel:101 - NVIC parent = com.st.microxplorer.plugins.ip.nvic.MultiNvicIntPanel[,0,0,0x0,invalid,layout=javax.swing.BoxLayout,alignmentX=0.0,alignmentY=0.0,border=,flags=9,maximumSize=,minimumSize=,preferredSize=]
2023-12-16 14:51:42,279 [INFO] UtilMem:75 - End SaveConfig() Used Memory: 803357928 Bytes (1073741824)
2023-12-16 14:51:42,931 [INFO] UtilMem:75 - End SaveConfig() Used Memory: 831669480 Bytes (1073741824)
2023-12-16 14:51:43,551 [INFO] UtilMem:75 - End SaveConfig() Used Memory: 876758248 Bytes (1073741824)
2023-12-16 14:51:44,230 [INFO] BlockDiagram:2759 - set Specific Code input for plugin: SPI
2023-12-16 14:51:44,230 [INFO] BlockDiagram:2759 - set Specific Code input for plugin: SYS
2023-12-16 14:51:44,230 [INFO] BlockDiagram:2759 - set Specific Code input for plugin: RCC
2023-12-16 14:51:44,230 [INFO] BlockDiagram:2759 - set Specific Code input for plugin: NVIC
2023-12-16 14:51:44,230 [INFO] BlockDiagram:2759 - set Specific Code input for plugin: GPIO
2023-12-16 14:51:44,234 [INFO] CodeGenerator:799 - code generatio: config db path: C:\ST\STM32CubeIDE_1.11.2\STM32CubeIDE\plugins\com.st.stm32cube.common.mx_6.9.2.202309101412\\db\
2023-12-16 14:51:44,628 [INFO] CodeEngine:255 - oldGeneratedFile, C:\Users\erkan\STM32CubeIDE\workspace_1.11.2\ADXL345_SPI_001\MXTmpFiles\license.tmp_save
2023-12-16 14:51:45,016 [INFO] CodeEngine:279 - Generated code: C:\Users\erkan\STM32CubeIDE\workspace_1.11.2\ADXL345_SPI_001\MXTmpFiles\license.tmp
2023-12-16 14:51:45,179 [INFO] CodeEngine:255 - oldGeneratedFile, C:\Users\erkan\STM32CubeIDE\workspace_1.11.2\ADXL345_SPI_001\MXTmpFiles\gpio.tmp_save
2023-12-16 14:51:45,348 [INFO] CodeEngine:279 - Generated code: C:\Users\erkan\STM32CubeIDE\workspace_1.11.2\ADXL345_SPI_001\MXTmpFiles\gpio.tmp
2023-12-16 14:51:45,514 [INFO] CodeEngine:255 - oldGeneratedFile, C:\Users\erkan\STM32CubeIDE\workspace_1.11.2\ADXL345_SPI_001\Core\Src\stm32f4xx_it.c_save
2023-12-16 14:51:45,701 [INFO] CodeEngine:279 - Generated code: C:\Users\erkan\STM32CubeIDE\workspace_1.11.2\ADXL345_SPI_001\Core\Src\stm32f4xx_it.c
2023-12-16 14:51:45,752 [INFO] CodeEngine:255 - oldGeneratedFile, C:\Users\erkan\STM32CubeIDE\workspace_1.11.2\ADXL345_SPI_001\Core\Inc\stm32f4xx_it.h_save
2023-12-16 14:51:45,903 [INFO] CodeEngine:279 - Generated code: C:\Users\erkan\STM32CubeIDE\workspace_1.11.2\ADXL345_SPI_001\Core\Inc\stm32f4xx_it.h
2023-12-16 14:51:45,954 [INFO] CodeEngine:255 - oldGeneratedFile, C:\Users\erkan\STM32CubeIDE\workspace_1.11.2\ADXL345_SPI_001\Core\Src\stm32f4xx_hal_msp.c_save
2023-12-16 14:51:46,129 [INFO] CodeEngine:279 - Generated code: C:\Users\erkan\STM32CubeIDE\workspace_1.11.2\ADXL345_SPI_001\Core\Src\stm32f4xx_hal_msp.c
2023-12-16 14:51:46,146 [INFO] CodeEngine:255 - oldGeneratedFile, C:\Users\erkan\STM32CubeIDE\workspace_1.11.2\ADXL345_SPI_001\MXTmpFiles\system.tmp_save
2023-12-16 14:51:46,237 [INFO] CodeEngine:279 - Generated code: C:\Users\erkan\STM32CubeIDE\workspace_1.11.2\ADXL345_SPI_001\MXTmpFiles\system.tmp
2023-12-16 14:51:46,268 [INFO] CodeEngine:311 - oldGeneratedFile, C:\Users\erkan\STM32CubeIDE\workspace_1.11.2\ADXL345_SPI_001\Core\Inc\stm32f4xx_hal_conf.h_save
2023-12-16 14:51:46,432 [INFO] CodeEngine:335 - Generated code: C:\Users\erkan\STM32CubeIDE\workspace_1.11.2\ADXL345_SPI_001\Core\Inc\stm32f4xx_hal_conf.h
2023-12-16 14:51:46,503 [INFO] CodeEngine:255 - oldGeneratedFile, C:\Users\erkan\STM32CubeIDE\workspace_1.11.2\ADXL345_SPI_001\Core\Inc\main.h_save
2023-12-16 14:51:46,679 [INFO] CodeEngine:279 - Generated code: C:\Users\erkan\STM32CubeIDE\workspace_1.11.2\ADXL345_SPI_001\Core\Inc\main.h
2023-12-16 14:51:46,715 [INFO] CodeEngine:255 - oldGeneratedFile, C:\Users\erkan\STM32CubeIDE\workspace_1.11.2\ADXL345_SPI_001\Core\Src\main.c_save
2023-12-16 14:51:46,938 [INFO] CodeEngine:279 - Generated code: C:\Users\erkan\STM32CubeIDE\workspace_1.11.2\ADXL345_SPI_001\Core\Src\main.c
2023-12-16 14:51:47,735 [INFO] ProjectBuilder:3064 - Time for Copy HAL[1] : 381mS.
2023-12-16 14:51:47,742 [INFO] ProjectBuilder:4404 - Project Generator version: 4.1.0
2023-12-16 14:51:48,097 [INFO] ConfigFileManager:1457 - The Die is : DIE413
2023-12-16 14:51:48,127 [INFO] ApiDbMcu:507 - Load IP Config File for FATFS
2023-12-16 14:51:48,148 [INFO] ApiDbMcu:507 - Load IP Config File for FREERTOS
2023-12-16 14:51:48,164 [INFO] ApiDbMcu:507 - Load IP Config File for LIBJPEG
2023-12-16 14:51:48,184 [INFO] ApiDbMcu:507 - Load IP Config File for LWIP
2023-12-16 14:51:48,207 [INFO] ApiDbMcu:507 - Load IP Config File for MBEDTLS
2023-12-16 14:51:48,228 [INFO] ApiDbMcu:507 - Load IP Config File for USB_DEVICE
2023-12-16 14:51:48,242 [INFO] ApiDbMcu:507 - Load IP Config File for USB_HOST
2023-12-16 14:51:49,309 [INFO] LogOutputStream:77 - [STDOUT_REDIRECT] 
2023-12-16 14:51:51,020 [INFO] ProjectBuilder:4626 - Time for Generating toolchain IDE Files: 3277mS.
2023-12-16 14:51:51,021 [INFO] ProjectBuilder:2935 - Time for Copy CMSIS : 1mS.
2023-12-16 14:51:51,024 [INFO] ProjectBuilder:2935 - Time for Copy CMSIS : 0mS.
2023-12-16 15:23:17,749 [ERROR] LogOutputStream:75 - [STDERR_REDIRECT] 
