2024-02-07 00:03:15,043 [ERROR] LogOutputStream:75 - [STDERR_REDIRECT] 
2024-02-07 00:07:54,200 [INFO] Activator:176 - 


2024-02-07 00:07:54,203 [INFO] Activator:177 - !SESSION log4j initialized
2024-02-07 00:08:01,100 [INFO] LogOutputStream:77 - [STDOUT_REDIRECT] 
2024-02-07 00:08:02,515 [INFO] ApplicationProperties:184 - Using Application install path: C:\ST\STM32CubeIDE_1.11.2\STM32CubeIDE\plugins\com.st.stm32cube.common.mx_6.9.2.202309101412
2024-02-07 00:08:02,537 [INFO] DbMcusXml:78 - Set database path to: C:\ST\STM32CubeIDE_1.11.2\STM32CubeIDE\plugins\com.st.stm32cube.common.mx_6.9.2.202309101412\\db\/mcu/
2024-02-07 00:08:02,538 [INFO] ApiDb:274 - Set plugin database path to: C:\ST\STM32CubeIDE_1.11.2\STM32CubeIDE\plugins\com.st.stm32cube.common.mx_6.9.2.202309101412\\db\/plugins/boardmanager/
2024-02-07 00:08:02,538 [WARN] ApiDb:259 - Overriding images path with different value:  => C:\ST\STM32CubeIDE_1.11.2\STM32CubeIDE\plugins\com.st.stm32cube.common.mx_6.9.2.202309101412\\db\/plugins/mcufinder/images/
2024-02-07 00:08:02,558 [INFO] ApiDb:250 - Set database path to: C:\Users\erkan\.stmcufinder\plugins\mcufinder//mcu/
2024-02-07 00:08:02,559 [INFO] DbMcusAds:125 - Set database path to: C:\Users\erkan\.stmcufinder\plugins\mcufinder//mcu/
2024-02-07 00:08:02,561 [INFO] CrossReferenceDbSqlite:203 - Set database path to: C:\Users\erkan\.stmcufinder\plugins\mcufinder//mcu/cs/
2024-02-07 00:08:02,687 [INFO] RulesReader:64 - Compatibility file has been processed (293 Rules)
2024-02-07 00:08:02,807 [INFO] DbMcusXml:78 - Set database path to: C:\ST\STM32CubeIDE_1.11.2\STM32CubeIDE\plugins\com.st.stm32cube.common.mx_6.9.2.202309101412\\db\/mcu/
2024-02-07 00:08:02,807 [INFO] ApiDb:274 - Set plugin database path to: C:\ST\STM32CubeIDE_1.11.2\STM32CubeIDE\plugins\com.st.stm32cube.common.mx_6.9.2.202309101412\\db\/plugins/boardmanager/
2024-02-07 00:08:02,808 [INFO] ApiDb:261 - Set plugin images path to: C:\ST\STM32CubeIDE_1.11.2\STM32CubeIDE\plugins\com.st.stm32cube.common.mx_6.9.2.202309101412\\db\/plugins/mcufinder/images/
2024-02-07 00:08:02,808 [WARN] DbFile:41 - Overriding database path with different value: C:\Users\erkan\.stmcufinder\plugins\mcufinder/ => C:\Users\erkan\.stmcufinder\plugins\mcufinder
2024-02-07 00:08:02,808 [INFO] ApiDb:250 - Set database path to: C:\Users\erkan\.stmcufinder\plugins\mcufinder//mcu/
2024-02-07 00:08:02,808 [WARN] DbFile:41 - Overriding database path with different value: C:\Users\erkan\.stmcufinder\plugins\mcufinder/ => C:\Users\erkan\.stmcufinder\plugins\mcufinder
2024-02-07 00:08:02,808 [INFO] DbMcusAds:125 - Set database path to: C:\Users\erkan\.stmcufinder\plugins\mcufinder//mcu/
2024-02-07 00:08:02,808 [WARN] DbFile:41 - Overriding database path with different value: C:\Users\erkan\.stmcufinder\plugins\mcufinder/ => C:\Users\erkan\.stmcufinder\plugins\mcufinder
2024-02-07 00:08:02,808 [WARN] DbFile:41 - Overriding database path with different value: C:\Users\erkan\.stmcufinder\plugins\mcufinder/ => C:\Users\erkan\.stmcufinder\plugins\mcufinder
2024-02-07 00:08:02,808 [INFO] CrossReferenceDbSqlite:203 - Set database path to: C:\Users\erkan\.stmcufinder\plugins\mcufinder//mcu/cs/
2024-02-07 00:08:02,898 [INFO] MainPanel:262 - HeapMemory: 268435456
2024-02-07 00:08:02,997 [INFO] DbMcusXml:78 - Set database path to: C:\ST\STM32CubeIDE_1.11.2\STM32CubeIDE\plugins\com.st.stm32cube.common.mx_6.9.2.202309101412\\db\/mcu/
2024-02-07 00:08:02,997 [INFO] ApiDb:274 - Set plugin database path to: C:\ST\STM32CubeIDE_1.11.2\STM32CubeIDE\plugins\com.st.stm32cube.common.mx_6.9.2.202309101412\\db\/plugins/boardmanager/
2024-02-07 00:08:02,998 [INFO] ApiDb:261 - Set plugin images path to: C:\ST\STM32CubeIDE_1.11.2\STM32CubeIDE\plugins\com.st.stm32cube.common.mx_6.9.2.202309101412\\db\/plugins/mcufinder/images/
2024-02-07 00:08:02,998 [WARN] DbFile:41 - Overriding database path with different value: C:\Users\erkan\.stmcufinder\plugins\mcufinder/ => C:\Users\erkan\.stmcufinder\plugins\mcufinder
2024-02-07 00:08:02,998 [INFO] ApiDb:250 - Set database path to: C:\Users\erkan\.stmcufinder\plugins\mcufinder//mcu/
2024-02-07 00:08:02,999 [WARN] DbFile:41 - Overriding database path with different value: C:\Users\erkan\.stmcufinder\plugins\mcufinder/ => C:\Users\erkan\.stmcufinder\plugins\mcufinder
2024-02-07 00:08:02,999 [INFO] DbMcusAds:125 - Set database path to: C:\Users\erkan\.stmcufinder\plugins\mcufinder//mcu/
2024-02-07 00:08:02,999 [WARN] DbFile:41 - Overriding database path with different value: C:\Users\erkan\.stmcufinder\plugins\mcufinder/ => C:\Users\erkan\.stmcufinder\plugins\mcufinder
2024-02-07 00:08:02,999 [WARN] DbFile:41 - Overriding database path with different value: C:\Users\erkan\.stmcufinder\plugins\mcufinder/ => C:\Users\erkan\.stmcufinder\plugins\mcufinder
2024-02-07 00:08:02,999 [INFO] CrossReferenceDbSqlite:203 - Set database path to: C:\Users\erkan\.stmcufinder\plugins\mcufinder//mcu/cs/
2024-02-07 00:08:03,021 [INFO] ApplicationProperties:184 - Using Application install path: C:\ST\STM32CubeIDE_1.11.2\STM32CubeIDE\plugins\com.st.stm32cube.common.mx_6.9.2.202309101412
2024-02-07 00:08:03,022 [INFO] PluginManage:196 - Search for loadable plugins [exclusion list=, ]
2024-02-07 00:08:03,025 [INFO] PluginManage:310 - Check plugin analytics
2024-02-07 00:08:03,200 [INFO] AnalyticsPlugin:253 - Accepted Software Licenses: STM32CubeMX.6.9.2
2024-02-07 00:08:03,202 [INFO] AnalyticsPlugin:255 - Accepted CMSIS Pack Licenses: 
2024-02-07 00:08:03,202 [INFO] AnalyticsPlugin:257 - Accepted Firmware Licenses: 
2024-02-07 00:08:03,204 [INFO] PluginManage:359 - Loaded plugin analytics (category:tool,tabindex:-1)
2024-02-07 00:08:03,205 [INFO] PluginManage:310 - Check plugin cadmodel
2024-02-07 00:08:03,219 [INFO] CADModel:105 - Init CAD model plugin
2024-02-07 00:08:03,220 [INFO] PluginManage:359 - Loaded plugin cadmodel (category:power,tabindex:5)
2024-02-07 00:08:03,220 [INFO] PluginManage:310 - Check plugin clock
2024-02-07 00:08:03,241 [INFO] PluginManage:359 - Loaded plugin clock (category:base,tabindex:2)
2024-02-07 00:08:03,241 [INFO] PluginManage:310 - Check plugin ddr
2024-02-07 00:08:03,243 [INFO] PluginManage:359 - Loaded plugin ddr (category:tool,tabindex:6)
2024-02-07 00:08:03,243 [INFO] PluginManage:310 - Check plugin filemanager
2024-02-07 00:08:03,377 [INFO] PluginManage:359 - Loaded plugin filemanager (category:base,tabindex:10)
2024-02-07 00:08:03,377 [INFO] PluginManage:310 - Check plugin ipmanager
2024-02-07 00:08:03,389 [INFO] PluginManage:359 - Loaded plugin ipmanager (category:base,tabindex:5)
2024-02-07 00:08:03,389 [INFO] PluginManage:310 - Check plugin lpbam
2024-02-07 00:08:03,409 [INFO] PluginManage:359 - Loaded plugin lpbam (category:base,tabindex:0)
2024-02-07 00:08:03,409 [INFO] PluginManage:310 - Check plugin memorymap
2024-02-07 00:08:03,437 [INFO] PluginManage:359 - Loaded plugin memorymap (category:base,tabindex:4)
2024-02-07 00:08:03,437 [INFO] PluginManage:310 - Check plugin pinoutandconfiguration
2024-02-07 00:08:03,457 [INFO] PluginManage:359 - Loaded plugin pinoutandconfiguration (category:base,tabindex:1)
2024-02-07 00:08:03,457 [INFO] PluginManage:310 - Check plugin pinoutconfig
2024-02-07 00:08:03,572 [WARN] SupportedApi:132 - Cannot load RTOS API schema: s4s-elt-must-match.1: The content of 'definitions' must match (annotation?, (simpleType | complexType)?, (unique | key | keyref)*)). A problem was found starting at: attribute.
2024-02-07 00:08:03,739 [INFO] PluginManage:359 - Loaded plugin pinoutconfig (category:base,tabindex:0)
2024-02-07 00:08:03,739 [INFO] PluginManage:310 - Check plugin power
2024-02-07 00:08:03,761 [INFO] PluginManage:359 - Loaded plugin power (category:power,tabindex:4)
2024-02-07 00:08:03,761 [INFO] PluginManage:310 - Check plugin projectmanager
2024-02-07 00:08:03,777 [INFO] PluginManage:359 - Loaded plugin projectmanager (category:projectmanager,tabindex:3)
2024-02-07 00:08:03,777 [INFO] PluginManage:310 - Check plugin thirdparty
2024-02-07 00:08:04,068 [INFO] PluginManage:359 - Loaded plugin thirdparty (category:base,tabindex:-1)
2024-02-07 00:08:04,068 [INFO] PluginManage:310 - Check plugin tools
2024-02-07 00:08:04,068 [WARN] IntegrityCheckThread:84 - waiting for thirdparty lock release [integrity check]
2024-02-07 00:08:04,069 [INFO] IntegrityCheckThread:86 - entering critical section [integrity check]
2024-02-07 00:08:04,070 [INFO] ThirdPartyUpdaterWithRetryManager:70 - Updater plugin not ready yet. [1/15]
2024-02-07 00:08:04,109 [INFO] PluginManage:359 - Loaded plugin tools (category:base,tabindex:7)
2024-02-07 00:08:04,109 [INFO] PluginManage:310 - Check plugin tutovideos
2024-02-07 00:08:04,321 [INFO] PluginManage:359 - Loaded plugin tutovideos (category:base,tabindex:-1)
2024-02-07 00:08:04,321 [INFO] PluginManage:310 - Check plugin updater
2024-02-07 00:08:04,335 [INFO] PluginManage:359 - Loaded plugin updater (category:base,tabindex:12)
2024-02-07 00:08:04,335 [INFO] PluginManage:310 - Check plugin userauth
2024-02-07 00:08:04,341 [INFO] UserAuth:113 - Init User Auth plugin
2024-02-07 00:08:04,342 [INFO] PluginManage:359 - Loaded plugin userauth (category:base,tabindex:14)
2024-02-07 00:08:04,342 [INFO] PluginManage:283 - PluginManage : Loaded plugins [17]
2024-02-07 00:08:04,589 [INFO] PinOutPanel:1499 - setPackage(No Configuration,No Configuration)
2024-02-07 00:08:04,730 [INFO] CADModel:165 - CPN selected for project level
2024-02-07 00:08:04,730 [INFO] CADModel:114 - Register for checkConnection events
2024-02-07 00:08:04,763 [INFO] IPUIPlugin:80 - create IPUIPlugin
2024-02-07 00:08:04,763 [INFO] PluginManager:220 - loadIPPluginJar : add adc
2024-02-07 00:08:04,799 [INFO] IPUIPlugin:80 - create IPUIPlugin
2024-02-07 00:08:04,799 [INFO] PluginManager:220 - loadIPPluginJar : add aes
2024-02-07 00:08:04,839 [INFO] IPUIPlugin:80 - create IPUIPlugin
2024-02-07 00:08:04,839 [INFO] PluginManager:220 - loadIPPluginJar : add can
2024-02-07 00:08:04,862 [INFO] IPUIPlugin:80 - create IPUIPlugin
2024-02-07 00:08:04,862 [INFO] PluginManager:220 - loadIPPluginJar : add comp
2024-02-07 00:08:04,895 [INFO] IPUIPlugin:80 - create IPUIPlugin
2024-02-07 00:08:04,896 [INFO] PluginManager:220 - loadIPPluginJar : add cryp
2024-02-07 00:08:04,928 [INFO] IPUIPlugin:80 - create IPUIPlugin
2024-02-07 00:08:04,928 [INFO] PluginManager:220 - loadIPPluginJar : add dfsdm
2024-02-07 00:08:04,942 [INFO] IPUIPlugin:80 - create IPUIPlugin
2024-02-07 00:08:04,942 [INFO] PluginManager:220 - loadIPPluginJar : add dma
2024-02-07 00:08:04,985 [INFO] IPUIPlugin:80 - create IPUIPlugin
2024-02-07 00:08:04,985 [INFO] PluginManager:220 - loadIPPluginJar : add dma3
2024-02-07 00:08:05,006 [INFO] IPUIPlugin:80 - create IPUIPlugin
2024-02-07 00:08:05,006 [INFO] PluginManager:220 - loadIPPluginJar : add fatfs
2024-02-07 00:08:05,058 [INFO] IPUIPlugin:80 - create IPUIPlugin
2024-02-07 00:08:05,058 [INFO] PluginManager:220 - loadIPPluginJar : add fmc
2024-02-07 00:08:05,076 [INFO] IPUIPlugin:80 - create IPUIPlugin
2024-02-07 00:08:05,076 [INFO] PluginManager:220 - loadIPPluginJar : add freertos
2024-02-07 00:08:05,097 [INFO] IPUIPlugin:80 - create IPUIPlugin
2024-02-07 00:08:05,098 [INFO] PluginManager:220 - loadIPPluginJar : add genericplugin
2024-02-07 00:08:05,190 [INFO] IPUIPlugin:80 - create IPUIPlugin
2024-02-07 00:08:05,190 [INFO] PluginManager:220 - loadIPPluginJar : add gfxmmu
2024-02-07 00:08:05,320 [INFO] IPUIPlugin:80 - create IPUIPlugin
2024-02-07 00:08:05,320 [INFO] PluginManager:220 - loadIPPluginJar : add gic
2024-02-07 00:08:05,333 [INFO] IPUIPlugin:80 - create IPUIPlugin
2024-02-07 00:08:05,333 [INFO] PluginManager:220 - loadIPPluginJar : add gpio
2024-02-07 00:08:05,420 [INFO] IPUIPlugin:80 - create IPUIPlugin
2024-02-07 00:08:05,420 [INFO] PluginManager:220 - loadIPPluginJar : add gtzc
2024-02-07 00:08:05,452 [INFO] IPUIPlugin:80 - create IPUIPlugin
2024-02-07 00:08:05,452 [INFO] PluginManager:220 - loadIPPluginJar : add hash
2024-02-07 00:08:05,505 [INFO] IPUIPlugin:80 - create IPUIPlugin
2024-02-07 00:08:05,505 [INFO] PluginManager:220 - loadIPPluginJar : add i2c
2024-02-07 00:08:05,548 [INFO] IPUIPlugin:80 - create IPUIPlugin
2024-02-07 00:08:05,548 [INFO] PluginManager:220 - loadIPPluginJar : add i2s
2024-02-07 00:08:05,592 [INFO] IPUIPlugin:80 - create IPUIPlugin
2024-02-07 00:08:05,592 [INFO] PluginManager:220 - loadIPPluginJar : add i3c
2024-02-07 00:08:05,709 [INFO] IPUIPlugin:80 - create IPUIPlugin
2024-02-07 00:08:05,709 [INFO] PluginManager:220 - loadIPPluginJar : add ipddr
2024-02-07 00:08:05,801 [INFO] IPUIPlugin:80 - create IPUIPlugin
2024-02-07 00:08:05,801 [INFO] PluginManager:220 - loadIPPluginJar : add linkedlist
2024-02-07 00:08:05,835 [INFO] IPUIPlugin:80 - create IPUIPlugin
2024-02-07 00:08:05,836 [INFO] PluginManager:220 - loadIPPluginJar : add lorawan
2024-02-07 00:08:05,872 [INFO] IPUIPlugin:80 - create IPUIPlugin
2024-02-07 00:08:05,872 [INFO] PluginManager:220 - loadIPPluginJar : add ltdc
2024-02-07 00:08:05,886 [INFO] IPUIPlugin:80 - create IPUIPlugin
2024-02-07 00:08:05,887 [INFO] PluginManager:220 - loadIPPluginJar : add mdma
2024-02-07 00:08:05,899 [INFO] IPUIPlugin:80 - create IPUIPlugin
2024-02-07 00:08:05,899 [INFO] PluginManager:220 - loadIPPluginJar : add nvic
2024-02-07 00:08:05,940 [INFO] IPUIPlugin:80 - create IPUIPlugin
2024-02-07 00:08:05,940 [INFO] PluginManager:220 - loadIPPluginJar : add opamp
2024-02-07 00:08:06,001 [INFO] IPUIPlugin:80 - create IPUIPlugin
2024-02-07 00:08:06,001 [INFO] PluginManager:220 - loadIPPluginJar : add openamp
2024-02-07 00:08:06,047 [INFO] IPUIPlugin:80 - create IPUIPlugin
2024-02-07 00:08:06,047 [INFO] PluginManager:220 - loadIPPluginJar : add pdm2pcm
2024-02-07 00:08:06,063 [INFO] IPUIPlugin:80 - create IPUIPlugin
2024-02-07 00:08:06,065 [INFO] PluginManager:220 - loadIPPluginJar : add plateformsettings
2024-02-07 00:08:06,088 [INFO] IPUIPlugin:80 - create IPUIPlugin
2024-02-07 00:08:06,088 [INFO] PluginManager:220 - loadIPPluginJar : add quadspi
2024-02-07 00:08:06,103 [INFO] IPUIPlugin:80 - create IPUIPlugin
2024-02-07 00:08:06,103 [INFO] PluginManager:220 - loadIPPluginJar : add resmgrutility
2024-02-07 00:08:06,156 [INFO] IPUIPlugin:80 - create IPUIPlugin
2024-02-07 00:08:06,156 [INFO] PluginManager:220 - loadIPPluginJar : add sai
2024-02-07 00:08:06,199 [INFO] IPUIPlugin:80 - create IPUIPlugin
2024-02-07 00:08:06,199 [INFO] PluginManager:220 - loadIPPluginJar : add spi
2024-02-07 00:08:06,253 [INFO] IPUIPlugin:80 - create IPUIPlugin
2024-02-07 00:08:06,253 [INFO] PluginManager:220 - loadIPPluginJar : add stm32_wpan
2024-02-07 00:08:06,276 [INFO] IPUIPlugin:80 - create IPUIPlugin
2024-02-07 00:08:06,276 [INFO] PluginManager:220 - loadIPPluginJar : add tim
2024-02-07 00:08:06,333 [INFO] IPUIPlugin:80 - create IPUIPlugin
2024-02-07 00:08:06,333 [INFO] PluginManager:220 - loadIPPluginJar : add touchsensing
2024-02-07 00:08:06,356 [INFO] IPUIPlugin:80 - create IPUIPlugin
2024-02-07 00:08:06,356 [INFO] PluginManager:220 - loadIPPluginJar : add tracer_emb
2024-02-07 00:08:06,379 [INFO] IPUIPlugin:80 - create IPUIPlugin
2024-02-07 00:08:06,379 [INFO] PluginManager:220 - loadIPPluginJar : add ts
2024-02-07 00:08:06,400 [INFO] IPUIPlugin:80 - create IPUIPlugin
2024-02-07 00:08:06,400 [INFO] PluginManager:220 - loadIPPluginJar : add tsc
2024-02-07 00:08:06,421 [INFO] IPUIPlugin:80 - create IPUIPlugin
2024-02-07 00:08:06,421 [INFO] PluginManager:220 - loadIPPluginJar : add ucpd
2024-02-07 00:08:06,464 [INFO] IPUIPlugin:80 - create IPUIPlugin
2024-02-07 00:08:06,464 [INFO] PluginManager:220 - loadIPPluginJar : add usart
2024-02-07 00:08:06,506 [INFO] IPUIPlugin:80 - create IPUIPlugin
2024-02-07 00:08:06,506 [INFO] PluginManager:220 - loadIPPluginJar : add usbx
2024-02-07 00:08:06,630 [INFO] CADModel:165 - CPN selected for project level
2024-02-07 00:08:06,630 [INFO] CADModel:114 - Register for checkConnection events
2024-02-07 00:08:06,630 [FATAL] Updater:308 - Updater called before beeing initialized
2024-02-07 00:08:06,630 [ERROR] CADModel:125 - Updater not yet initialized, retry later 
2024-02-07 00:08:06,803 [INFO] CADModel:165 - CPN selected for project level
2024-02-07 00:08:06,803 [INFO] CADModel:114 - Register for checkConnection events
2024-02-07 00:08:06,803 [FATAL] Updater:308 - Updater called before beeing initialized
2024-02-07 00:08:06,803 [ERROR] CADModel:125 - Updater not yet initialized, retry later 
2024-02-07 00:08:06,808 [FATAL] Updater:308 - Updater called before beeing initialized
2024-02-07 00:08:06,917 [FATAL] Updater:308 - Updater called before beeing initialized
2024-02-07 00:08:06,930 [INFO] DbMcusAds:53 - JSON generation date=Wed Nov 29 11:52:27 CET 2023 (1701255147200)
2024-02-07 00:08:06,930 [FATAL] Updater:308 - Updater called before beeing initialized
2024-02-07 00:08:07,023 [WARN] DetailPanel:346 - Failed to get advertising image, set to default
2024-02-07 00:08:07,071 [INFO] ThirdPartyUpdaterWithRetryManager:70 - Updater plugin not ready yet. [2/15]
2024-02-07 00:08:07,152 [FATAL] Updater:308 - Updater called before beeing initialized
2024-02-07 00:08:07,154 [FATAL] Updater:308 - Updater called before beeing initialized
2024-02-07 00:08:07,155 [FATAL] Updater:308 - Updater called before beeing initialized
2024-02-07 00:08:07,155 [WARN] DetailPanel:346 - Failed to get advertising image, set to default
2024-02-07 00:08:07,155 [FATAL] Updater:308 - Updater called before beeing initialized
2024-02-07 00:08:07,228 [ERROR] Updater:1120 - MainUpdater not yet initialized. External WinMGr cannot be set.
2024-02-07 00:08:07,241 [INFO] Updater:1056 - Updater Version found : 6.9.2
2024-02-07 00:08:07,258 [INFO] ApplicationProperties:184 - Using Application install path: C:\ST\STM32CubeIDE_1.11.2\STM32CubeIDE\plugins\com.st.stm32cube.common.mx_6.9.2.202309101412
2024-02-07 00:08:07,502 [INFO] MainUpdater:2868 - connection check result : 10
2024-02-07 00:08:07,502 [INFO] MainUpdater:285 - Updater Check For Update Now.
2024-02-07 00:08:07,503 [INFO] MicroXplorer:498 - Change Database Version : DB.6.0.92
2024-02-07 00:08:07,520 [INFO] McuFinderGlobals:63 - Set McuFinder mode to 2 (CubeIDE integrated)
2024-02-07 00:08:07,521 [INFO] UserAuth:179 - activating auth plugin
2024-02-07 00:08:07,524 [INFO] UserAuth:393 - Internet connection configuration mode: 1
2024-02-07 00:08:07,555 [INFO] JxBrowserEngine:151 - Initiate JxBrowser Engine with user profile folder
2024-02-07 00:08:07,705 [INFO] CheckServerUpdateThread:120 - End of CheckServer Thread
2024-02-07 00:08:09,966 [INFO] WebApp:157 - Instantiating new browser for Auth
2024-02-07 00:08:10,379 [WARN] PackLoader:240 - Cannot read IP mode file for STMicroelectronics.X-CUBE-SMBUS.2.1.0
2024-02-07 00:08:10,398 [WARN] PackLoader:240 - Cannot read IP mode file for STMicroelectronics.X-CUBE-TOUCHGFX.4.23.0
2024-02-07 00:08:10,449 [WARN] PackLoader:240 - Cannot read IP mode file for STMicroelectronics.X-CUBE-AZRTOS-F7.1.1.0
2024-02-07 00:08:10,476 [WARN] PackLoader:240 - Cannot read IP mode file for STMicroelectronics.FP-SNS-MOTENV1.4.3.2
2024-02-07 00:08:10,501 [WARN] PackLoader:240 - Cannot read IP mode file for STMicroelectronics.X-CUBE-BLE1.6.2.4
2024-02-07 00:08:10,525 [WARN] PackLoader:240 - Cannot read IP mode file for STMicroelectronics.FP-SNS-FLIGHT1.5.0.2
2024-02-07 00:08:10,547 [WARN] PackLoader:240 - Cannot read IP mode file for STMicroelectronics.X-CUBE-DISPLAY.3.0.0
2024-02-07 00:08:10,583 [WARN] PackLoader:240 - Cannot read IP mode file for STMicroelectronics.X-CUBE-BLE1.7.0.0
2024-02-07 00:08:10,603 [WARN] PackLoader:240 - Cannot read IP mode file for STMicroelectronics.X-CUBE-TOUCHGFX.4.22.0
2024-02-07 00:08:10,625 [WARN] PackLoader:240 - Cannot read IP mode file for STMicroelectronics.X-CUBE-TOUCHGFX.4.22.1
2024-02-07 00:08:10,652 [WARN] PackLoader:240 - Cannot read IP mode file for STMicroelectronics.FP-SNS-SMARTAG2.1.2.0
2024-02-07 00:08:10,676 [INFO] LogOutputStream:77 - [STDOUT_REDIRECT] 1 : Invalid condition id : UX_CORESTACK_Condition cause : null
2024-02-07 00:08:10,677 [INFO] LogOutputStream:77 - [STDOUT_REDIRECT] 1 : Invalid condition id : UX_CORESTACK_Condition cause : null
2024-02-07 00:08:10,678 [INFO] LogOutputStream:77 - [STDOUT_REDIRECT] 1 : Invalid condition id : UX_CORESTACK_Condition cause : null
2024-02-07 00:08:10,679 [INFO] LogOutputStream:77 - [STDOUT_REDIRECT] 1 : Invalid condition id : UX_CORESTACK_Condition cause : null
2024-02-07 00:08:10,681 [INFO] LogOutputStream:77 - [STDOUT_REDIRECT] 1 : Invalid condition id : UX_CORESTACK_Condition cause : null
2024-02-07 00:08:10,685 [WARN] PackLoader:240 - Cannot read IP mode file for STMicroelectronics.X-CUBE-AZRTOS-WL.2.0.0
2024-02-07 00:08:10,706 [WARN] PackLoader:240 - Cannot read IP mode file for WES.I-CUBE-Cesium.1.3.0
2024-02-07 00:08:10,721 [WARN] PackLoader:240 - Cannot read IP mode file for STMicroelectronics.X-CUBE-BLE2.3.3.0
2024-02-07 00:08:10,743 [WARN] PackLoader:240 - Cannot read IP mode file for STMicroelectronics.X-CUBE-TOF1.3.2.0
2024-02-07 00:08:10,762 [WARN] PackLoader:240 - Cannot read IP mode file for STMicroelectronics.X-CUBE-TOUCHGFX.4.21.1
2024-02-07 00:08:10,778 [WARN] PackLoader:240 - Cannot read IP mode file for STMicroelectronics.X-CUBE-AI.7.3.0
2024-02-07 00:08:10,801 [WARN] PackLoader:240 - Cannot read IP mode file for STMicroelectronics.X-CUBE-ALGOBUILD.1.3.0
2024-02-07 00:08:10,847 [WARN] PackLoader:240 - Cannot read IP mode file for STMicroelectronics.X-CUBE-AZRTOS-G0.1.1.0
2024-02-07 00:08:10,869 [INFO] WebApp:753 - Register for checkConnection events
2024-02-07 00:08:10,869 [INFO] WebApp:390 - Apply proxy settings
2024-02-07 00:08:10,870 [INFO] WebApp:475 - Chromium requires no authentication
2024-02-07 00:08:10,870 [WARN] PackLoader:240 - Cannot read IP mode file for STMicroelectronics.X-CUBE-NFC4.3.0.0
2024-02-07 00:08:10,881 [INFO] WebApp:418 - Direct internet connection detected
2024-02-07 00:08:10,895 [WARN] PackLoader:240 - Cannot read IP mode file for STMicroelectronics.X-CUBE-BLEMGR.3.0.0
2024-02-07 00:08:10,915 [WARN] PackLoader:240 - Cannot read IP mode file for STMicroelectronics.X-CUBE-BLEMGR.1.3.0
2024-02-07 00:08:10,933 [WARN] PackLoader:240 - Cannot read IP mode file for STMicroelectronics.FP-ATR-SIGFOX1.3.2.0
2024-02-07 00:08:10,949 [WARN] PackLoader:240 - Cannot read IP mode file for STMicroelectronics.X-CUBE-EEPRMA1.5.1.0
2024-02-07 00:08:11,001 [WARN] PackLoader:240 - Cannot read IP mode file for STMicroelectronics.X-CUBE-MEMS1.9.5.0
2024-02-07 00:08:11,190 [INFO] WebApp:188 - Starting web application
2024-02-07 00:08:11,190 [INFO] WebApp:520 - Web application path used C:\ST\STM32CubeIDE_1.11.2\STM32CubeIDE\plugins\com.st.stm32cube.common.mx_6.9.2.202309101412\db\plugins\mcufinder\reactClient1\index.html
2024-02-07 00:08:11,211 [WARN] PackLoader:240 - Cannot read IP mode file for SEGGER.I-CUBE-embOS.1.3.1
2024-02-07 00:08:11,277 [WARN] PackLoader:240 - Cannot read IP mode file for STMicroelectronics.X-CUBE-GNSS1.6.0.0
2024-02-07 00:08:11,313 [WARN] PackLoader:240 - Cannot read IP mode file for STMicroelectronics.X-CUBE-AZRTOS-F4.1.1.0
2024-02-07 00:08:11,348 [WARN] PackLoader:240 - Cannot read IP mode file for STMicroelectronics.X-CUBE-AZRTOS-L5.2.0.0
2024-02-07 00:08:11,403 [WARN] PackLoader:240 - Cannot read IP mode file for STMicroelectronics.X-CUBE-MEMS1.9.6.0
2024-02-07 00:08:11,583 [WARN] PackLoader:240 - Cannot read IP mode file for STMicroelectronics.X-CUBE-EEPRMA1.4.2.0
2024-02-07 00:08:11,606 [WARN] PackLoader:240 - Cannot read IP mode file for ITTIA_DB.I-CUBE-ITTIADB.8.8.0
2024-02-07 00:08:11,626 [WARN] PackLoader:240 - Cannot read IP mode file for emotas.I-CUBE-CANOPEN.1.1.3
2024-02-07 00:08:11,644 [WARN] PackLoader:240 - Cannot read IP mode file for STMicroelectronics.X-CUBE-BLEMGR.2.0.0
2024-02-07 00:08:11,682 [WARN] ConditionMgr:438 - getConditionDescription Invalid condition id : UX DEVICE CLASS RTOS Condition cause : null
2024-02-07 00:08:11,683 [WARN] ConditionMgr:438 - getConditionDescription Invalid condition id : UX DEVICE CLASS RTOS Condition cause : null
2024-02-07 00:08:11,687 [WARN] PackLoader:240 - Cannot read IP mode file for STMicroelectronics.X-CUBE-AZRTOS-H7.3.1.0
2024-02-07 00:08:11,689 [WARN] ConditionMgr:1039 - genDependencies : Invalid condition id : UX DEVICE CLASS RTOS Condition cause : null
2024-02-07 00:08:11,689 [WARN] ConditionMgr:1039 - genDependencies : Invalid condition id : UX DEVICE CLASS RTOS Condition cause : null
2024-02-07 00:08:11,691 [WARN] ConditionMgr:1039 - genDependencies : Invalid condition id : UX DEVICE CLASS RTOS Condition cause : null
2024-02-07 00:08:11,692 [WARN] ConditionMgr:1039 - genDependencies : Invalid condition id : UX DEVICE CLASS RTOS Condition cause : null
2024-02-07 00:08:11,692 [WARN] ConditionMgr:1039 - genDependencies : Invalid condition id : UX DEVICE CLASS RTOS Condition cause : null
2024-02-07 00:08:11,708 [WARN] PackLoader:240 - Cannot read IP mode file for wolfSSL.I-CUBE-wolfSSL.5.5.4
2024-02-07 00:08:11,724 [WARN] PackLoader:240 - Cannot read IP mode file for STMicroelectronics.X-CUBE-NFC7.1.0.1
2024-02-07 00:08:11,788 [WARN] PackLoader:240 - Cannot read IP mode file for STMicroelectronics.X-CUBE-NFC7.1.0.0
2024-02-07 00:08:11,822 [WARN] PackLoader:240 - Cannot read IP mode file for STMicroelectronics.X-CUBE-NFC6.3.0.0
2024-02-07 00:08:11,842 [WARN] PackLoader:240 - Cannot read IP mode file for STMicroelectronics.X-CUBE-EEPRMA1.4.1.0
2024-02-07 00:08:11,864 [WARN] PackLoader:240 - Cannot read IP mode file for STMicroelectronics.X-CUBE-AI.8.1.0
2024-02-07 00:08:11,907 [WARN] ConditionMgr:438 - getConditionDescription Invalid condition id : LAN8742 Phy interface Condition cause : null
2024-02-07 00:08:11,909 [WARN] PackLoader:240 - Cannot read IP mode file for STMicroelectronics.X-CUBE-AZRTOS-L4.2.0.0
2024-02-07 00:08:11,911 [WARN] ConditionMgr:1039 - genDependencies : Invalid condition id : LAN8742 Phy interface Condition cause : null
2024-02-07 00:08:11,911 [WARN] ConditionMgr:1039 - genDependencies : Invalid condition id : LAN8742 Phy interface Condition cause : null
2024-02-07 00:08:11,912 [WARN] ConditionMgr:1039 - genDependencies : Invalid condition id : LAN8742 Phy interface Condition cause : null
2024-02-07 00:08:11,931 [WARN] PackLoader:240 - Cannot read IP mode file for STMicroelectronics.X-CUBE-SFXS2LP1.4.0.0
2024-02-07 00:08:11,966 [WARN] PackLoader:240 - Cannot read IP mode file for STMicroelectronics.X-CUBE-AZRTOS-H7.3.0.0
2024-02-07 00:08:11,983 [WARN] PackLoader:240 - Cannot read IP mode file for STMicroelectronics.X-CUBE-ISPU.1.1.0
2024-02-07 00:08:12,002 [WARN] PackLoader:240 - Cannot read IP mode file for RoweBots.I-CUBE-UNISONRTOS.5.5.0-4
2024-02-07 00:08:12,016 [WARN] PackLoader:240 - Cannot read IP mode file for STMicroelectronics.X-CUBE-AI.8.0.0
2024-02-07 00:08:12,043 [WARN] ConditionMgr:438 - getConditionDescription Invalid condition id : UX DEVICE CLASS RTOS Condition cause : null
2024-02-07 00:08:12,043 [WARN] ConditionMgr:438 - getConditionDescription Invalid condition id : UX DEVICE CLASS RTOS Condition cause : null
2024-02-07 00:08:12,045 [WARN] PackLoader:240 - Cannot read IP mode file for STMicroelectronics.X-CUBE-AZRTOS-WB.2.0.0
2024-02-07 00:08:12,046 [WARN] ConditionMgr:1039 - genDependencies : Invalid condition id : UX DEVICE CLASS RTOS Condition cause : null
2024-02-07 00:08:12,046 [WARN] ConditionMgr:1039 - genDependencies : Invalid condition id : UX DEVICE CLASS RTOS Condition cause : null
2024-02-07 00:08:12,046 [WARN] ConditionMgr:1039 - genDependencies : Invalid condition id : UX DEVICE CLASS RTOS Condition cause : null
2024-02-07 00:08:12,046 [WARN] ConditionMgr:1039 - genDependencies : Invalid condition id : UX DEVICE CLASS RTOS Condition cause : null
2024-02-07 00:08:12,046 [WARN] ConditionMgr:1039 - genDependencies : Invalid condition id : UX DEVICE CLASS RTOS Condition cause : null
2024-02-07 00:08:12,060 [WARN] PackLoader:240 - Cannot read IP mode file for STMicroelectronics.X-CUBE-FREERTOS.1.0.1
2024-02-07 00:08:12,090 [WARN] PackLoader:240 - Cannot read IP mode file for STMicroelectronics.X-CUBE-AZRTOS-L5.1.1.0
2024-02-07 00:08:12,111 [WARN] PackLoader:240 - Cannot read IP mode file for STMicroelectronics.X-CUBE-SUBG2.5.0.0
2024-02-07 00:08:12,131 [WARN] PackLoader:240 - Cannot read IP mode file for STMicroelectronics.X-CUBE-TOF1.3.3.1
2024-02-07 00:08:12,163 [WARN] PackLoader:240 - Cannot read IP mode file for STMicroelectronics.X-CUBE-AZRTOS-G4.2.0.0
2024-02-07 00:08:12,178 [WARN] PackLoader:240 - Cannot read IP mode file for STMicroelectronics.FP-ATR-ASTRA1.1.1.1
2024-02-07 00:08:12,202 [WARN] PackLoader:240 - Cannot read IP mode file for Infineon.AIROC-Wi-Fi-Bluetooth-STM32.1.5.1
2024-02-07 00:08:12,221 [WARN] PackLoader:240 - Cannot read IP mode file for STMicroelectronics.FP-SNS-MOTENVWB1.1.3.0
2024-02-07 00:08:12,243 [WARN] PackLoader:240 - Cannot read IP mode file for STMicroelectronics.FP-SNS-MOTENVWB1.1.3.1
2024-02-07 00:08:12,270 [WARN] PackLoader:240 - Cannot read IP mode file for STMicroelectronics.X-CUBE-AZRTOS-G4.1.0.0
2024-02-07 00:08:12,308 [WARN] PackLoader:240 - Cannot read IP mode file for STMicroelectronics.X-CUBE-AZRTOS-L4.1.0.0
2024-02-07 00:08:12,325 [WARN] PackLoader:240 - Cannot read IP mode file for STMicroelectronics.X-CUBE-ISPU.2.0.0
2024-02-07 00:08:12,370 [WARN] PackLoader:240 - Cannot read IP mode file for STMicroelectronics.X-CUBE-MEMS1.10.0.0
2024-02-07 00:08:12,454 [WARN] PackLoader:240 - Cannot read IP mode file for STMicroelectronics.X-CUBE-FREERTOS.1.1.0
2024-02-07 00:08:12,473 [WARN] PackLoader:240 - Cannot read IP mode file for STMicroelectronics.X-CUBE-AZRTOS-WL.1.0.0
2024-02-07 00:08:12,490 [WARN] PackLoader:240 - Cannot read IP mode file for portGmbH.I-Cube-SoM-uGOAL.1.1.0
2024-02-07 00:08:12,504 [WARN] PackLoader:240 - Cannot read IP mode file for STMicroelectronics.X-CUBE-ALS.1.0.1
2024-02-07 00:08:12,528 [WARN] PackLoader:240 - Cannot read IP mode file for STMicroelectronics.X-CUBE-AZRTOS-WB.1.1.0
2024-02-07 00:08:12,541 [WARN] PackLoader:240 - Cannot read IP mode file for STMicroelectronics.FP-ATR-ASTRA1.2.0.0
2024-02-07 00:08:12,559 [WARN] PackLoader:240 - Cannot read IP mode file for STMicroelectronics.X-CUBE-TOF1.3.4.0
2024-02-07 00:08:12,592 [WARN] PackLoader:240 - Cannot read IP mode file for STMicroelectronics.X-CUBE-AZRTOS-H7.3.2.0
2024-02-07 00:08:12,594 [INFO] ThirdParty:978 - Integrity check success = true
2024-02-07 00:08:12,594 [INFO] IntegrityCheckThread:100 - exiting critical section [integrity check]
2024-02-07 00:08:12,595 [INFO] IntegrityCheckThread:103 - End integrity checks thread
2024-02-07 00:08:32,167 [ERROR] LogOutputStream:75 - [STDERR_REDIRECT] SLF4J: Failed to load class "org.slf4j.impl.StaticLoggerBinder".
2024-02-07 00:08:32,167 [ERROR] LogOutputStream:75 - [STDERR_REDIRECT] SLF4J: Defaulting to no-operation (NOP) logger implementation
2024-02-07 00:08:32,168 [ERROR] LogOutputStream:75 - [STDERR_REDIRECT] SLF4J: See http://www.slf4j.org/codes.html#StaticLoggerBinder for further details.
2024-02-07 00:20:18,647 [ERROR] LogOutputStream:75 - [STDERR_REDIRECT] 
