2024-05-25 16:35:22,576 [INFO] Activator:176 - 


2024-05-25 16:35:22,585 [INFO] Activator:177 - !SESSION log4j initialized
2024-05-25 16:35:29,376 [INFO] LogOutputStream:77 - [STDOUT_REDIRECT] 
2024-05-25 16:35:31,060 [INFO] ApplicationProperties:184 - Using Application install path: C:\ST\STM32CubeIDE_1.11.2\STM32CubeIDE\plugins\com.st.stm32cube.common.mx_6.11.1.202404110753
2024-05-25 16:35:31,079 [INFO] DbMcusXml:78 - Set database path to: C:\ST\STM32CubeIDE_1.11.2\STM32CubeIDE\plugins\com.st.stm32cube.common.mx_6.11.1.202404110753\\db\/mcu/
2024-05-25 16:35:31,079 [INFO] ApiDb:274 - Set plugin database path to: C:\ST\STM32CubeIDE_1.11.2\STM32CubeIDE\plugins\com.st.stm32cube.common.mx_6.11.1.202404110753\\db\/plugins/boardmanager/
2024-05-25 16:35:31,080 [WARN] ApiDb:259 - Overriding images path with different value:  => C:\ST\STM32CubeIDE_1.11.2\STM32CubeIDE\plugins\com.st.stm32cube.common.mx_6.11.1.202404110753\\db\/plugins/mcufinder/images/
2024-05-25 16:35:31,095 [INFO] ApiDb:250 - Set database path to: C:\Users\erkan\.stmcufinder\plugins\mcufinder//mcu/
2024-05-25 16:35:31,096 [INFO] DbMcusAds:125 - Set database path to: C:\Users\erkan\.stmcufinder\plugins\mcufinder//mcu/
2024-05-25 16:35:31,098 [INFO] CrossReferenceDbSqlite:203 - Set database path to: C:\Users\erkan\.stmcufinder\plugins\mcufinder//mcu/cs/
2024-05-25 16:35:31,217 [INFO] RulesReader:64 - Compatibility file has been processed (297 Rules)
2024-05-25 16:35:31,308 [INFO] DbMcusXml:78 - Set database path to: C:\ST\STM32CubeIDE_1.11.2\STM32CubeIDE\plugins\com.st.stm32cube.common.mx_6.11.1.202404110753\\db\/mcu/
2024-05-25 16:35:31,308 [INFO] ApiDb:274 - Set plugin database path to: C:\ST\STM32CubeIDE_1.11.2\STM32CubeIDE\plugins\com.st.stm32cube.common.mx_6.11.1.202404110753\\db\/plugins/boardmanager/
2024-05-25 16:35:31,308 [INFO] ApiDb:261 - Set plugin images path to: C:\ST\STM32CubeIDE_1.11.2\STM32CubeIDE\plugins\com.st.stm32cube.common.mx_6.11.1.202404110753\\db\/plugins/mcufinder/images/
2024-05-25 16:35:31,308 [WARN] DbFile:41 - Overriding database path with different value: C:\Users\erkan\.stmcufinder\plugins\mcufinder/ => C:\Users\erkan\.stmcufinder\plugins\mcufinder
2024-05-25 16:35:31,308 [INFO] ApiDb:250 - Set database path to: C:\Users\erkan\.stmcufinder\plugins\mcufinder//mcu/
2024-05-25 16:35:31,308 [WARN] DbFile:41 - Overriding database path with different value: C:\Users\erkan\.stmcufinder\plugins\mcufinder/ => C:\Users\erkan\.stmcufinder\plugins\mcufinder
2024-05-25 16:35:31,308 [INFO] DbMcusAds:125 - Set database path to: C:\Users\erkan\.stmcufinder\plugins\mcufinder//mcu/
2024-05-25 16:35:31,308 [WARN] DbFile:41 - Overriding database path with different value: C:\Users\erkan\.stmcufinder\plugins\mcufinder/ => C:\Users\erkan\.stmcufinder\plugins\mcufinder
2024-05-25 16:35:31,308 [WARN] DbFile:41 - Overriding database path with different value: C:\Users\erkan\.stmcufinder\plugins\mcufinder/ => C:\Users\erkan\.stmcufinder\plugins\mcufinder
2024-05-25 16:35:31,309 [INFO] CrossReferenceDbSqlite:203 - Set database path to: C:\Users\erkan\.stmcufinder\plugins\mcufinder//mcu/cs/
2024-05-25 16:35:31,390 [INFO] MainPanel:264 - HeapMemory: 268435456
2024-05-25 16:35:31,489 [INFO] DbMcusXml:78 - Set database path to: C:\ST\STM32CubeIDE_1.11.2\STM32CubeIDE\plugins\com.st.stm32cube.common.mx_6.11.1.202404110753\\db\/mcu/
2024-05-25 16:35:31,490 [INFO] ApiDb:274 - Set plugin database path to: C:\ST\STM32CubeIDE_1.11.2\STM32CubeIDE\plugins\com.st.stm32cube.common.mx_6.11.1.202404110753\\db\/plugins/boardmanager/
2024-05-25 16:35:31,490 [INFO] ApiDb:261 - Set plugin images path to: C:\ST\STM32CubeIDE_1.11.2\STM32CubeIDE\plugins\com.st.stm32cube.common.mx_6.11.1.202404110753\\db\/plugins/mcufinder/images/
2024-05-25 16:35:31,490 [WARN] DbFile:41 - Overriding database path with different value: C:\Users\erkan\.stmcufinder\plugins\mcufinder/ => C:\Users\erkan\.stmcufinder\plugins\mcufinder
2024-05-25 16:35:31,490 [INFO] ApiDb:250 - Set database path to: C:\Users\erkan\.stmcufinder\plugins\mcufinder//mcu/
2024-05-25 16:35:31,490 [WARN] DbFile:41 - Overriding database path with different value: C:\Users\erkan\.stmcufinder\plugins\mcufinder/ => C:\Users\erkan\.stmcufinder\plugins\mcufinder
2024-05-25 16:35:31,490 [INFO] DbMcusAds:125 - Set database path to: C:\Users\erkan\.stmcufinder\plugins\mcufinder//mcu/
2024-05-25 16:35:31,490 [WARN] DbFile:41 - Overriding database path with different value: C:\Users\erkan\.stmcufinder\plugins\mcufinder/ => C:\Users\erkan\.stmcufinder\plugins\mcufinder
2024-05-25 16:35:31,490 [WARN] DbFile:41 - Overriding database path with different value: C:\Users\erkan\.stmcufinder\plugins\mcufinder/ => C:\Users\erkan\.stmcufinder\plugins\mcufinder
2024-05-25 16:35:31,490 [INFO] CrossReferenceDbSqlite:203 - Set database path to: C:\Users\erkan\.stmcufinder\plugins\mcufinder//mcu/cs/
2024-05-25 16:35:31,509 [INFO] ApplicationProperties:184 - Using Application install path: C:\ST\STM32CubeIDE_1.11.2\STM32CubeIDE\plugins\com.st.stm32cube.common.mx_6.11.1.202404110753
2024-05-25 16:35:31,510 [INFO] PluginManage:196 - Search for loadable plugins [exclusion list=, ]
2024-05-25 16:35:31,512 [INFO] PluginManage:310 - Check plugin analytics
2024-05-25 16:35:31,674 [INFO] AnalyticsPlugin:253 - Accepted Software Licenses: STM32CubeMX.6.9.2
2024-05-25 16:35:31,675 [INFO] AnalyticsPlugin:255 - Accepted CMSIS Pack Licenses: 
2024-05-25 16:35:31,675 [INFO] AnalyticsPlugin:257 - Accepted Firmware Licenses: 
2024-05-25 16:35:31,678 [INFO] PluginManage:359 - Loaded plugin analytics (category:tool,tabindex:-1)
2024-05-25 16:35:31,678 [INFO] PluginManage:310 - Check plugin cadmodel
2024-05-25 16:35:31,693 [INFO] CADModel:105 - Init CAD model plugin
2024-05-25 16:35:31,694 [INFO] PluginManage:359 - Loaded plugin cadmodel (category:power,tabindex:5)
2024-05-25 16:35:31,694 [INFO] PluginManage:310 - Check plugin clock
2024-05-25 16:35:31,718 [INFO] PluginManage:359 - Loaded plugin clock (category:base,tabindex:2)
2024-05-25 16:35:31,718 [INFO] PluginManage:310 - Check plugin ddr
2024-05-25 16:35:31,720 [INFO] PluginManage:359 - Loaded plugin ddr (category:tool,tabindex:6)
2024-05-25 16:35:31,720 [INFO] PluginManage:310 - Check plugin filemanager
2024-05-25 16:35:31,873 [INFO] PluginManage:359 - Loaded plugin filemanager (category:base,tabindex:10)
2024-05-25 16:35:31,874 [INFO] PluginManage:310 - Check plugin ipmanager
2024-05-25 16:35:31,882 [INFO] PluginManage:359 - Loaded plugin ipmanager (category:base,tabindex:5)
2024-05-25 16:35:31,882 [INFO] PluginManage:310 - Check plugin lpbam
2024-05-25 16:35:31,901 [INFO] PluginManage:359 - Loaded plugin lpbam (category:base,tabindex:0)
2024-05-25 16:35:31,901 [INFO] PluginManage:310 - Check plugin memorymap
2024-05-25 16:35:31,924 [INFO] PluginManage:359 - Loaded plugin memorymap (category:base,tabindex:4)
2024-05-25 16:35:31,924 [INFO] PluginManage:310 - Check plugin pinoutandconfiguration
2024-05-25 16:35:31,941 [INFO] PluginManage:359 - Loaded plugin pinoutandconfiguration (category:base,tabindex:1)
2024-05-25 16:35:31,941 [INFO] PluginManage:310 - Check plugin pinoutconfig
2024-05-25 16:35:32,042 [WARN] SupportedApi:132 - Cannot load RTOS API schema: s4s-elt-must-match.1: The content of 'definitions' must match (annotation?, (simpleType | complexType)?, (unique | key | keyref)*)). A problem was found starting at: attribute.
2024-05-25 16:35:32,216 [INFO] PluginManage:359 - Loaded plugin pinoutconfig (category:base,tabindex:0)
2024-05-25 16:35:32,217 [INFO] PluginManage:310 - Check plugin power
2024-05-25 16:35:32,238 [INFO] PluginManage:359 - Loaded plugin power (category:power,tabindex:4)
2024-05-25 16:35:32,238 [INFO] PluginManage:310 - Check plugin projectmanager
2024-05-25 16:35:32,256 [INFO] PluginManage:359 - Loaded plugin projectmanager (category:projectmanager,tabindex:3)
2024-05-25 16:35:32,257 [INFO] PluginManage:310 - Check plugin thirdparty
2024-05-25 16:35:32,532 [INFO] PluginManage:359 - Loaded plugin thirdparty (category:base,tabindex:-1)
2024-05-25 16:35:32,532 [INFO] PluginManage:310 - Check plugin tools
2024-05-25 16:35:32,532 [WARN] IntegrityCheckThread:84 - waiting for thirdparty lock release [integrity check]
2024-05-25 16:35:32,533 [INFO] IntegrityCheckThread:86 - entering critical section [integrity check]
2024-05-25 16:35:32,533 [INFO] ThirdPartyUpdaterWithRetryManager:70 - Updater plugin not ready yet. [1/15]
2024-05-25 16:35:32,568 [INFO] PluginManage:359 - Loaded plugin tools (category:base,tabindex:7)
2024-05-25 16:35:32,568 [INFO] PluginManage:310 - Check plugin tutovideos
2024-05-25 16:35:32,771 [INFO] PluginManage:359 - Loaded plugin tutovideos (category:base,tabindex:-1)
2024-05-25 16:35:32,771 [INFO] PluginManage:310 - Check plugin updater
2024-05-25 16:35:32,783 [INFO] PluginManage:359 - Loaded plugin updater (category:base,tabindex:12)
2024-05-25 16:35:32,783 [INFO] PluginManage:310 - Check plugin userauth
2024-05-25 16:35:32,790 [INFO] UserAuth:114 - Init User Auth plugin
2024-05-25 16:35:32,790 [INFO] PluginManage:359 - Loaded plugin userauth (category:base,tabindex:14)
2024-05-25 16:35:32,790 [INFO] PluginManage:283 - PluginManage : Loaded plugins [17]
2024-05-25 16:35:33,020 [INFO] PinOutPanel:1561 - setPackage(No Configuration,No Configuration)
2024-05-25 16:35:33,103 [INFO] CADModel:165 - CPN selected for project level
2024-05-25 16:35:33,104 [INFO] CADModel:114 - Register for checkConnection events
2024-05-25 16:35:33,132 [INFO] IPUIPlugin:80 - create IPUIPlugin
2024-05-25 16:35:33,132 [INFO] PluginManager:220 - loadIPPluginJar : add adc
2024-05-25 16:35:33,170 [INFO] IPUIPlugin:80 - create IPUIPlugin
2024-05-25 16:35:33,170 [INFO] PluginManager:220 - loadIPPluginJar : add aes
2024-05-25 16:35:33,211 [INFO] IPUIPlugin:80 - create IPUIPlugin
2024-05-25 16:35:33,211 [INFO] PluginManager:220 - loadIPPluginJar : add can
2024-05-25 16:35:33,234 [INFO] IPUIPlugin:80 - create IPUIPlugin
2024-05-25 16:35:33,234 [INFO] PluginManager:220 - loadIPPluginJar : add comp
2024-05-25 16:35:33,268 [INFO] IPUIPlugin:80 - create IPUIPlugin
2024-05-25 16:35:33,268 [INFO] PluginManager:220 - loadIPPluginJar : add cryp
2024-05-25 16:35:33,299 [INFO] IPUIPlugin:80 - create IPUIPlugin
2024-05-25 16:35:33,299 [INFO] PluginManager:220 - loadIPPluginJar : add dfsdm
2024-05-25 16:35:33,315 [INFO] IPUIPlugin:80 - create IPUIPlugin
2024-05-25 16:35:33,315 [INFO] PluginManager:220 - loadIPPluginJar : add dma
2024-05-25 16:35:33,359 [INFO] IPUIPlugin:80 - create IPUIPlugin
2024-05-25 16:35:33,359 [INFO] PluginManager:220 - loadIPPluginJar : add dma3
2024-05-25 16:35:33,404 [INFO] IPUIPlugin:80 - create IPUIPlugin
2024-05-25 16:35:33,404 [INFO] PluginManager:220 - loadIPPluginJar : add extmemmanager
2024-05-25 16:35:33,423 [INFO] IPUIPlugin:80 - create IPUIPlugin
2024-05-25 16:35:33,423 [INFO] PluginManager:220 - loadIPPluginJar : add fatfs
2024-05-25 16:35:33,472 [INFO] IPUIPlugin:80 - create IPUIPlugin
2024-05-25 16:35:33,472 [INFO] PluginManager:220 - loadIPPluginJar : add fmc
2024-05-25 16:35:33,487 [INFO] IPUIPlugin:80 - create IPUIPlugin
2024-05-25 16:35:33,488 [INFO] PluginManager:220 - loadIPPluginJar : add freertos
2024-05-25 16:35:33,509 [INFO] IPUIPlugin:80 - create IPUIPlugin
2024-05-25 16:35:33,509 [INFO] PluginManager:220 - loadIPPluginJar : add genericplugin
2024-05-25 16:35:33,602 [INFO] IPUIPlugin:80 - create IPUIPlugin
2024-05-25 16:35:33,602 [INFO] PluginManager:220 - loadIPPluginJar : add gfxmmu
2024-05-25 16:35:33,732 [INFO] IPUIPlugin:80 - create IPUIPlugin
2024-05-25 16:35:33,732 [INFO] PluginManager:220 - loadIPPluginJar : add gic
2024-05-25 16:35:33,745 [INFO] IPUIPlugin:80 - create IPUIPlugin
2024-05-25 16:35:33,745 [INFO] PluginManager:220 - loadIPPluginJar : add gpio
2024-05-25 16:35:33,835 [INFO] IPUIPlugin:80 - create IPUIPlugin
2024-05-25 16:35:33,836 [INFO] PluginManager:220 - loadIPPluginJar : add gtzc
2024-05-25 16:35:33,868 [INFO] IPUIPlugin:80 - create IPUIPlugin
2024-05-25 16:35:33,868 [INFO] PluginManager:220 - loadIPPluginJar : add hash
2024-05-25 16:35:33,921 [INFO] IPUIPlugin:80 - create IPUIPlugin
2024-05-25 16:35:33,921 [INFO] PluginManager:220 - loadIPPluginJar : add i2c
2024-05-25 16:35:33,960 [INFO] IPUIPlugin:80 - create IPUIPlugin
2024-05-25 16:35:33,961 [INFO] PluginManager:220 - loadIPPluginJar : add i2s
2024-05-25 16:35:34,001 [INFO] IPUIPlugin:80 - create IPUIPlugin
2024-05-25 16:35:34,001 [INFO] PluginManager:220 - loadIPPluginJar : add i3c
2024-05-25 16:35:34,102 [INFO] IPUIPlugin:80 - create IPUIPlugin
2024-05-25 16:35:34,102 [INFO] PluginManager:220 - loadIPPluginJar : add ipddr
2024-05-25 16:35:34,193 [INFO] IPUIPlugin:80 - create IPUIPlugin
2024-05-25 16:35:34,193 [INFO] PluginManager:220 - loadIPPluginJar : add linkedlist
2024-05-25 16:35:34,228 [INFO] IPUIPlugin:80 - create IPUIPlugin
2024-05-25 16:35:34,229 [INFO] PluginManager:220 - loadIPPluginJar : add lorawan
2024-05-25 16:35:34,265 [INFO] IPUIPlugin:80 - create IPUIPlugin
2024-05-25 16:35:34,265 [INFO] PluginManager:220 - loadIPPluginJar : add ltdc
2024-05-25 16:35:34,278 [INFO] IPUIPlugin:80 - create IPUIPlugin
2024-05-25 16:35:34,278 [INFO] PluginManager:220 - loadIPPluginJar : add mdma
2024-05-25 16:35:34,290 [INFO] IPUIPlugin:80 - create IPUIPlugin
2024-05-25 16:35:34,290 [INFO] PluginManager:220 - loadIPPluginJar : add nvic
2024-05-25 16:35:34,327 [INFO] IPUIPlugin:80 - create IPUIPlugin
2024-05-25 16:35:34,327 [INFO] PluginManager:220 - loadIPPluginJar : add opamp
2024-05-25 16:35:34,387 [INFO] IPUIPlugin:80 - create IPUIPlugin
2024-05-25 16:35:34,387 [INFO] PluginManager:220 - loadIPPluginJar : add openamp
2024-05-25 16:35:34,429 [INFO] IPUIPlugin:80 - create IPUIPlugin
2024-05-25 16:35:34,429 [INFO] PluginManager:220 - loadIPPluginJar : add pdm2pcm
2024-05-25 16:35:34,443 [INFO] IPUIPlugin:80 - create IPUIPlugin
2024-05-25 16:35:34,445 [INFO] PluginManager:220 - loadIPPluginJar : add plateformsettings
2024-05-25 16:35:34,468 [INFO] IPUIPlugin:80 - create IPUIPlugin
2024-05-25 16:35:34,468 [INFO] PluginManager:220 - loadIPPluginJar : add quadspi
2024-05-25 16:35:34,480 [INFO] IPUIPlugin:80 - create IPUIPlugin
2024-05-25 16:35:34,480 [INFO] PluginManager:220 - loadIPPluginJar : add resmgrutility
2024-05-25 16:35:34,527 [INFO] IPUIPlugin:80 - create IPUIPlugin
2024-05-25 16:35:34,528 [INFO] PluginManager:220 - loadIPPluginJar : add sai
2024-05-25 16:35:34,564 [INFO] IPUIPlugin:80 - create IPUIPlugin
2024-05-25 16:35:34,564 [INFO] PluginManager:220 - loadIPPluginJar : add spi
2024-05-25 16:35:34,631 [INFO] IPUIPlugin:80 - create IPUIPlugin
2024-05-25 16:35:34,631 [INFO] PluginManager:220 - loadIPPluginJar : add stm32_wpan
2024-05-25 16:35:34,655 [INFO] IPUIPlugin:80 - create IPUIPlugin
2024-05-25 16:35:34,655 [INFO] PluginManager:220 - loadIPPluginJar : add tim
2024-05-25 16:35:34,713 [INFO] IPUIPlugin:80 - create IPUIPlugin
2024-05-25 16:35:34,714 [INFO] PluginManager:220 - loadIPPluginJar : add touchsensing
2024-05-25 16:35:34,736 [INFO] IPUIPlugin:80 - create IPUIPlugin
2024-05-25 16:35:34,736 [INFO] PluginManager:220 - loadIPPluginJar : add tracer_emb
2024-05-25 16:35:34,760 [INFO] IPUIPlugin:80 - create IPUIPlugin
2024-05-25 16:35:34,760 [INFO] PluginManager:220 - loadIPPluginJar : add ts
2024-05-25 16:35:34,781 [INFO] IPUIPlugin:80 - create IPUIPlugin
2024-05-25 16:35:34,782 [INFO] PluginManager:220 - loadIPPluginJar : add tsc
2024-05-25 16:35:34,804 [INFO] IPUIPlugin:80 - create IPUIPlugin
2024-05-25 16:35:34,804 [INFO] PluginManager:220 - loadIPPluginJar : add ucpd
2024-05-25 16:35:34,846 [INFO] IPUIPlugin:80 - create IPUIPlugin
2024-05-25 16:35:34,846 [INFO] PluginManager:220 - loadIPPluginJar : add usart
2024-05-25 16:35:34,889 [INFO] IPUIPlugin:80 - create IPUIPlugin
2024-05-25 16:35:34,889 [INFO] PluginManager:220 - loadIPPluginJar : add usbx
2024-05-25 16:35:35,020 [INFO] CADModel:165 - CPN selected for project level
2024-05-25 16:35:35,020 [INFO] CADModel:114 - Register for checkConnection events
2024-05-25 16:35:35,021 [FATAL] Updater:308 - Updater called before beeing initialized
2024-05-25 16:35:35,021 [ERROR] CADModel:125 - Updater not yet initialized, retry later 
2024-05-25 16:35:35,166 [INFO] CADModel:165 - CPN selected for project level
2024-05-25 16:35:35,166 [INFO] CADModel:114 - Register for checkConnection events
2024-05-25 16:35:35,166 [FATAL] Updater:308 - Updater called before beeing initialized
2024-05-25 16:35:35,166 [ERROR] CADModel:125 - Updater not yet initialized, retry later 
2024-05-25 16:35:35,169 [FATAL] Updater:308 - Updater called before beeing initialized
2024-05-25 16:35:35,284 [FATAL] Updater:308 - Updater called before beeing initialized
2024-05-25 16:35:35,294 [INFO] DbMcusAds:53 - JSON generation date=Thu May 16 11:22:00 CEST 2024 (1715851320852)
2024-05-25 16:35:35,294 [FATAL] Updater:308 - Updater called before beeing initialized
2024-05-25 16:35:35,333 [WARN] DetailPanel:346 - Failed to get advertising image, set to default
2024-05-25 16:35:35,429 [FATAL] Updater:308 - Updater called before beeing initialized
2024-05-25 16:35:35,431 [FATAL] Updater:308 - Updater called before beeing initialized
2024-05-25 16:35:35,431 [FATAL] Updater:308 - Updater called before beeing initialized
2024-05-25 16:35:35,431 [WARN] DetailPanel:346 - Failed to get advertising image, set to default
2024-05-25 16:35:35,432 [FATAL] Updater:308 - Updater called before beeing initialized
2024-05-25 16:35:35,497 [ERROR] Updater:1120 - MainUpdater not yet initialized. External WinMGr cannot be set.
2024-05-25 16:35:35,506 [INFO] Updater:1056 - Updater Version found : 6.11.1
2024-05-25 16:35:35,528 [INFO] ApplicationProperties:184 - Using Application install path: C:\ST\STM32CubeIDE_1.11.2\STM32CubeIDE\plugins\com.st.stm32cube.common.mx_6.11.1.202404110753
2024-05-25 16:35:35,534 [INFO] ThirdPartyUpdaterWithRetryManager:70 - Updater plugin not ready yet. [2/15]
2024-05-25 16:35:36,208 [INFO] MainUpdater:2873 - connection check result : 10
2024-05-25 16:35:36,209 [INFO] MainUpdater:290 - Updater Check For Update Now.
2024-05-25 16:35:36,210 [INFO] MicroXplorer:498 - Change Database Version : DB.6.0.111
2024-05-25 16:35:36,225 [INFO] McuFinderGlobals:63 - Set McuFinder mode to 2 (CubeIDE integrated)
2024-05-25 16:35:36,225 [INFO] UserAuth:179 - activating auth plugin
2024-05-25 16:35:36,228 [INFO] UserAuth:415 - Internet connection configuration mode: 1
2024-05-25 16:35:36,260 [INFO] JxBrowserEngine:152 - Initiate JxBrowser Engine with user profile folder
2024-05-25 16:35:36,414 [INFO] CheckServerUpdateThread:120 - End of CheckServer Thread
2024-05-25 16:35:38,790 [WARN] PackLoader:240 - Cannot read IP mode file for STMicroelectronics.FP-SNS-MOTENVWB1.1.4.0
2024-05-25 16:35:38,808 [WARN] PackLoader:240 - Cannot read IP mode file for STMicroelectronics.X-CUBE-SMBUS.2.1.0
2024-05-25 16:35:38,823 [WARN] PackLoader:240 - Cannot read IP mode file for STMicroelectronics.X-CUBE-TOUCHGFX.4.23.0
2024-05-25 16:35:38,836 [WARN] PackLoader:240 - Cannot read IP mode file for STMicroelectronics.X-CUBE-TOUCHGFX.4.23.2
2024-05-25 16:35:38,881 [WARN] PackLoader:240 - Cannot read IP mode file for STMicroelectronics.X-CUBE-AZRTOS-F7.1.1.0
2024-05-25 16:35:38,901 [WARN] PackLoader:240 - Cannot read IP mode file for STMicroelectronics.FP-SNS-MOTENV1.4.3.2
2024-05-25 16:35:38,921 [WARN] PackLoader:240 - Cannot read IP mode file for STMicroelectronics.X-CUBE-BLE1.6.2.4
2024-05-25 16:35:38,935 [WARN] PackLoader:240 - Cannot read IP mode file for STMicroelectronics.FP-SNS-FLIGHT1.5.0.2
2024-05-25 16:35:38,953 [WARN] PackLoader:240 - Cannot read IP mode file for STMicroelectronics.X-CUBE-DISPLAY.3.0.0
2024-05-25 16:35:38,970 [WARN] PackLoader:240 - Cannot read IP mode file for STMicroelectronics.X-CUBE-BLE1.7.0.0
2024-05-25 16:35:38,983 [WARN] PackLoader:240 - Cannot read IP mode file for STMicroelectronics.X-CUBE-TOUCHGFX.4.22.0
2024-05-25 16:35:38,996 [WARN] PackLoader:240 - Cannot read IP mode file for STMicroelectronics.X-CUBE-TOUCHGFX.4.22.1
2024-05-25 16:35:39,014 [WARN] PackLoader:240 - Cannot read IP mode file for STMicroelectronics.X-CUBE-BLEMGR.3.1.0
2024-05-25 16:35:39,029 [WARN] PackLoader:240 - Cannot read IP mode file for STMicroelectronics.FP-SNS-SMARTAG2.1.2.0
2024-05-25 16:35:39,050 [INFO] LogOutputStream:77 - [STDOUT_REDIRECT] 1 : Invalid condition id : UX_CORESTACK_Condition cause : null
2024-05-25 16:35:39,051 [INFO] LogOutputStream:77 - [STDOUT_REDIRECT] 1 : Invalid condition id : UX_CORESTACK_Condition cause : null
2024-05-25 16:35:39,052 [INFO] LogOutputStream:77 - [STDOUT_REDIRECT] 1 : Invalid condition id : UX_CORESTACK_Condition cause : null
2024-05-25 16:35:39,053 [INFO] LogOutputStream:77 - [STDOUT_REDIRECT] 1 : Invalid condition id : UX_CORESTACK_Condition cause : null
2024-05-25 16:35:39,054 [INFO] LogOutputStream:77 - [STDOUT_REDIRECT] 1 : Invalid condition id : UX_CORESTACK_Condition cause : null
2024-05-25 16:35:39,057 [WARN] PackLoader:240 - Cannot read IP mode file for STMicroelectronics.X-CUBE-AZRTOS-WL.2.0.0
2024-05-25 16:35:39,069 [WARN] PackLoader:240 - Cannot read IP mode file for STMicroelectronics.FP-SNS-MOTENV1.5.0.0
2024-05-25 16:35:39,084 [WARN] PackLoader:240 - Cannot read IP mode file for WES.I-CUBE-Cesium.1.3.0
2024-05-25 16:35:39,097 [WARN] PackLoader:240 - Cannot read IP mode file for STMicroelectronics.X-CUBE-BLE2.3.3.0
2024-05-25 16:35:39,114 [WARN] PackLoader:240 - Cannot read IP mode file for STMicroelectronics.X-CUBE-TOF1.3.2.0
2024-05-25 16:35:39,141 [WARN] PackLoader:240 - Cannot read IP mode file for STMicroelectronics.X-CUBE-TCPP.4.1.0
2024-05-25 16:35:39,155 [WARN] PackLoader:240 - Cannot read IP mode file for STMicroelectronics.X-CUBE-TOUCHGFX.4.21.1
2024-05-25 16:35:39,168 [WARN] PackLoader:240 - Cannot read IP mode file for STMicroelectronics.X-CUBE-AI.7.3.0
2024-05-25 16:35:39,182 [WARN] PackLoader:240 - Cannot read IP mode file for STMicroelectronics.X-CUBE-ALGOBUILD.1.3.0
2024-05-25 16:35:39,213 [WARN] PackLoader:240 - Cannot read IP mode file for STMicroelectronics.X-CUBE-AZRTOS-G0.1.1.0
2024-05-25 16:35:39,230 [WARN] PackLoader:240 - Cannot read IP mode file for STMicroelectronics.X-CUBE-SAFEA1.1.2.2
2024-05-25 16:35:39,245 [WARN] PackLoader:240 - Cannot read IP mode file for STMicroelectronics.X-CUBE-NFC4.3.0.0
2024-05-25 16:35:39,263 [WARN] PackLoader:240 - Cannot read IP mode file for STMicroelectronics.X-CUBE-BLEMGR.3.0.0
2024-05-25 16:35:39,281 [WARN] PackLoader:240 - Cannot read IP mode file for STMicroelectronics.X-CUBE-BLEMGR.1.3.0
2024-05-25 16:35:39,298 [WARN] PackLoader:240 - Cannot read IP mode file for STMicroelectronics.FP-ATR-SIGFOX1.3.2.0
2024-05-25 16:35:39,313 [WARN] PackLoader:240 - Cannot read IP mode file for STMicroelectronics.X-CUBE-EEPRMA1.5.1.0
2024-05-25 16:35:39,365 [WARN] PackLoader:240 - Cannot read IP mode file for STMicroelectronics.X-CUBE-MEMS1.9.5.0
2024-05-25 16:35:39,572 [WARN] PackLoader:240 - Cannot read IP mode file for SEGGER.I-CUBE-embOS.1.3.1
2024-05-25 16:35:39,660 [WARN] PackLoader:240 - Cannot read IP mode file for STMicroelectronics.X-CUBE-ALGOBUILD.1.4.0
2024-05-25 16:35:39,678 [WARN] PackLoader:240 - Cannot read IP mode file for STMicroelectronics.X-CUBE-GNSS1.6.0.0
2024-05-25 16:35:39,707 [WARN] PackLoader:240 - Cannot read IP mode file for STMicroelectronics.X-CUBE-AZRTOS-F4.1.1.0
2024-05-25 16:35:39,727 [WARN] PackLoader:240 - Cannot read IP mode file for STMicroelectronics.X-CUBE-FREERTOS.1.2.0
2024-05-25 16:35:39,756 [WARN] PackLoader:240 - Cannot read IP mode file for STMicroelectronics.X-CUBE-AZRTOS-L5.2.0.0
2024-05-25 16:35:39,801 [WARN] PackLoader:240 - Cannot read IP mode file for STMicroelectronics.X-CUBE-MEMS1.9.6.0
2024-05-25 16:35:39,909 [WARN] PackLoader:240 - Cannot read IP mode file for STMicroelectronics.X-CUBE-EEPRMA1.4.2.0
2024-05-25 16:35:39,924 [WARN] PackLoader:240 - Cannot read IP mode file for STMicroelectronics.X-CUBE-NFC6.3.1.0
2024-05-25 16:35:39,940 [WARN] PackLoader:240 - Cannot read IP mode file for ITTIA_DB.I-CUBE-ITTIADB.8.8.0
2024-05-25 16:35:39,958 [WARN] PackLoader:240 - Cannot read IP mode file for emotas.I-CUBE-CANOPEN.1.1.3
2024-05-25 16:35:39,971 [WARN] PackLoader:240 - Cannot read IP mode file for STMicroelectronics.X-CUBE-BLEMGR.2.0.0
2024-05-25 16:35:39,985 [WARN] PackLoader:240 - Cannot read IP mode file for STMicroelectronics.X-CUBE-AI.9.0.0
2024-05-25 16:35:40,017 [WARN] ConditionMgr:438 - getConditionDescription Invalid condition id : UX DEVICE CLASS RTOS Condition cause : null
2024-05-25 16:35:40,018 [WARN] ConditionMgr:438 - getConditionDescription Invalid condition id : UX DEVICE CLASS RTOS Condition cause : null
2024-05-25 16:35:40,021 [WARN] PackLoader:240 - Cannot read IP mode file for STMicroelectronics.X-CUBE-AZRTOS-H7.3.1.0
2024-05-25 16:35:40,023 [WARN] ConditionMgr:1039 - genDependencies : Invalid condition id : UX DEVICE CLASS RTOS Condition cause : null
2024-05-25 16:35:40,023 [WARN] ConditionMgr:1039 - genDependencies : Invalid condition id : UX DEVICE CLASS RTOS Condition cause : null
2024-05-25 16:35:40,023 [WARN] ConditionMgr:1039 - genDependencies : Invalid condition id : UX DEVICE CLASS RTOS Condition cause : null
2024-05-25 16:35:40,024 [WARN] ConditionMgr:1039 - genDependencies : Invalid condition id : UX DEVICE CLASS RTOS Condition cause : null
2024-05-25 16:35:40,024 [WARN] ConditionMgr:1039 - genDependencies : Invalid condition id : UX DEVICE CLASS RTOS Condition cause : null
2024-05-25 16:35:40,040 [WARN] PackLoader:240 - Cannot read IP mode file for wolfSSL.I-CUBE-wolfSSL.5.5.4
2024-05-25 16:35:40,056 [WARN] PackLoader:240 - Cannot read IP mode file for STMicroelectronics.X-CUBE-NFC7.1.0.1
2024-05-25 16:35:40,079 [WARN] PackLoader:240 - Cannot read IP mode file for STMicroelectronics.X-CUBE-NFC7.1.0.0
2024-05-25 16:35:40,099 [WARN] PackLoader:240 - Cannot read IP mode file for STMicroelectronics.X-CUBE-NFC6.3.0.0
2024-05-25 16:35:40,118 [WARN] PackLoader:240 - Cannot read IP mode file for STMicroelectronics.X-CUBE-EEPRMA1.4.1.0
2024-05-25 16:35:40,131 [WARN] PackLoader:240 - Cannot read IP mode file for STMicroelectronics.X-CUBE-AI.8.1.0
2024-05-25 16:35:40,163 [WARN] ConditionMgr:438 - getConditionDescription Invalid condition id : LAN8742 Phy interface Condition cause : null
2024-05-25 16:35:40,164 [WARN] PackLoader:240 - Cannot read IP mode file for STMicroelectronics.X-CUBE-AZRTOS-L4.2.0.0
2024-05-25 16:35:40,165 [WARN] ConditionMgr:1039 - genDependencies : Invalid condition id : LAN8742 Phy interface Condition cause : null
2024-05-25 16:35:40,165 [WARN] ConditionMgr:1039 - genDependencies : Invalid condition id : LAN8742 Phy interface Condition cause : null
2024-05-25 16:35:40,165 [WARN] ConditionMgr:1039 - genDependencies : Invalid condition id : LAN8742 Phy interface Condition cause : null
2024-05-25 16:35:40,183 [WARN] PackLoader:240 - Cannot read IP mode file for STMicroelectronics.X-CUBE-SFXS2LP1.4.0.0
2024-05-25 16:35:40,218 [WARN] PackLoader:240 - Cannot read IP mode file for STMicroelectronics.X-CUBE-AZRTOS-H7.3.0.0
2024-05-25 16:35:40,237 [WARN] PackLoader:240 - Cannot read IP mode file for STMicroelectronics.X-CUBE-ISPU.1.1.0
2024-05-25 16:35:40,257 [WARN] PackLoader:240 - Cannot read IP mode file for RoweBots.I-CUBE-UNISONRTOS.5.5.0-4
2024-05-25 16:35:40,270 [WARN] PackLoader:240 - Cannot read IP mode file for STMicroelectronics.X-CUBE-AI.8.0.0
2024-05-25 16:35:40,296 [WARN] ConditionMgr:438 - getConditionDescription Invalid condition id : UX DEVICE CLASS RTOS Condition cause : null
2024-05-25 16:35:40,296 [WARN] ConditionMgr:438 - getConditionDescription Invalid condition id : UX DEVICE CLASS RTOS Condition cause : null
2024-05-25 16:35:40,299 [WARN] PackLoader:240 - Cannot read IP mode file for STMicroelectronics.X-CUBE-AZRTOS-WB.2.0.0
2024-05-25 16:35:40,300 [WARN] ConditionMgr:1039 - genDependencies : Invalid condition id : UX DEVICE CLASS RTOS Condition cause : null
2024-05-25 16:35:40,300 [WARN] ConditionMgr:1039 - genDependencies : Invalid condition id : UX DEVICE CLASS RTOS Condition cause : null
2024-05-25 16:35:40,300 [WARN] ConditionMgr:1039 - genDependencies : Invalid condition id : UX DEVICE CLASS RTOS Condition cause : null
2024-05-25 16:35:40,300 [WARN] ConditionMgr:1039 - genDependencies : Invalid condition id : UX DEVICE CLASS RTOS Condition cause : null
2024-05-25 16:35:40,300 [WARN] ConditionMgr:1039 - genDependencies : Invalid condition id : UX DEVICE CLASS RTOS Condition cause : null
2024-05-25 16:35:40,318 [WARN] PackLoader:240 - Cannot read IP mode file for STMicroelectronics.X-CUBE-FREERTOS.1.0.1
2024-05-25 16:35:40,350 [WARN] PackLoader:240 - Cannot read IP mode file for STMicroelectronics.X-CUBE-AZRTOS-L5.1.1.0
2024-05-25 16:35:40,377 [WARN] PackLoader:240 - Cannot read IP mode file for STMicroelectronics.X-CUBE-SUBG2.5.0.0
2024-05-25 16:35:40,414 [WARN] PackLoader:240 - Cannot read IP mode file for STMicroelectronics.X-CUBE-TOF1.3.3.1
2024-05-25 16:35:40,464 [WARN] PackLoader:240 - Cannot read IP mode file for STMicroelectronics.X-CUBE-AZRTOS-G4.2.0.0
2024-05-25 16:35:40,486 [WARN] PackLoader:240 - Cannot read IP mode file for STMicroelectronics.FP-ATR-ASTRA1.1.1.1
2024-05-25 16:35:40,526 [WARN] PackLoader:240 - Cannot read IP mode file for Infineon.AIROC-Wi-Fi-Bluetooth-STM32.1.5.1
2024-05-25 16:35:40,544 [WARN] PackLoader:240 - Cannot read IP mode file for STMicroelectronics.FP-SNS-MOTENVWB1.1.3.0
2024-05-25 16:35:40,558 [WARN] PackLoader:240 - Cannot read IP mode file for STMicroelectronics.FP-SNS-MOTENVWB1.1.3.1
2024-05-25 16:35:40,587 [WARN] PackLoader:240 - Cannot read IP mode file for STMicroelectronics.X-CUBE-AZRTOS-G4.1.0.0
2024-05-25 16:35:40,625 [WARN] PackLoader:240 - Cannot read IP mode file for STMicroelectronics.X-CUBE-AZRTOS-L4.1.0.0
2024-05-25 16:35:40,689 [WARN] PackLoader:240 - Cannot read IP mode file for STMicroelectronics.X-CUBE-ISPU.2.0.0
2024-05-25 16:35:40,717 [WARN] PackLoader:240 - Cannot read IP mode file for STMicroelectronics.X-CUBE-ALS.1.0.2
2024-05-25 16:35:40,781 [WARN] PackLoader:240 - Cannot read IP mode file for STMicroelectronics.X-CUBE-MEMS1.10.0.0
2024-05-25 16:35:40,893 [WARN] PackLoader:240 - Cannot read IP mode file for STMicroelectronics.X-CUBE-FREERTOS.1.1.0
2024-05-25 16:35:40,927 [WARN] PackLoader:240 - Cannot read IP mode file for STMicroelectronics.X-CUBE-AZRTOS-WL.1.0.0
2024-05-25 16:35:40,957 [WARN] PackLoader:240 - Cannot read IP mode file for portGmbH.I-Cube-SoM-uGOAL.1.1.0
2024-05-25 16:35:40,999 [WARN] PackLoader:240 - Cannot read IP mode file for STMicroelectronics.X-CUBE-ALS.1.0.1
2024-05-25 16:35:41,091 [WARN] PackLoader:240 - Cannot read IP mode file for STMicroelectronics.X-CUBE-AZRTOS-WB.1.1.0
2024-05-25 16:35:41,144 [WARN] PackLoader:240 - Cannot read IP mode file for STMicroelectronics.X-CUBE-AZRTOS-H7RS.1.0.0
2024-05-25 16:35:41,164 [WARN] PackLoader:240 - Cannot read IP mode file for STMicroelectronics.FP-ATR-ASTRA1.2.0.0
2024-05-25 16:35:41,190 [WARN] PackLoader:240 - Cannot read IP mode file for STMicroelectronics.X-CUBE-TOF1.3.4.0
2024-05-25 16:35:41,222 [WARN] PackLoader:240 - Cannot read IP mode file for STMicroelectronics.X-CUBE-TOF1.3.4.1
2024-05-25 16:35:41,263 [WARN] PackLoader:240 - Cannot read IP mode file for STMicroelectronics.X-CUBE-AZRTOS-H7.3.2.0
2024-05-25 16:35:41,268 [INFO] ThirdParty:978 - Integrity check success = true
2024-05-25 16:35:41,268 [INFO] IntegrityCheckThread:100 - exiting critical section [integrity check]
2024-05-25 16:35:41,268 [INFO] IntegrityCheckThread:103 - End integrity checks thread
2024-05-25 16:35:41,453 [INFO] WebApp:161 - Instantiating new browser for Auth
2024-05-25 16:35:42,198 [INFO] WebApp:779 - Register for checkConnection events
2024-05-25 16:35:42,198 [INFO] WebApp:414 - Apply proxy settings
2024-05-25 16:35:42,199 [INFO] WebApp:499 - Chromium requires no authentication
2024-05-25 16:35:42,206 [INFO] WebApp:442 - Direct internet connection detected
2024-05-25 16:35:42,364 [INFO] WebApp:192 - Starting web application
2024-05-25 16:35:42,364 [INFO] WebApp:544 - Web application path used C:\ST\STM32CubeIDE_1.11.2\STM32CubeIDE\plugins\com.st.stm32cube.common.mx_6.11.1.202404110753\db\plugins\mcufinder\reactClient1\index.html
2024-05-25 16:43:46,916 [ERROR] LogOutputStream:75 - [STDERR_REDIRECT] 
