2024-02-19 23:17:59,724 [INFO] Activator:176 - 


2024-02-19 23:17:59,732 [INFO] Activator:177 - !SESSION log4j initialized
2024-02-19 23:18:06,874 [INFO] LogOutputStream:77 - [STDOUT_REDIRECT] 
2024-02-19 23:18:08,714 [INFO] ApplicationProperties:184 - Using Application install path: C:\ST\STM32CubeIDE_1.11.2\STM32CubeIDE\plugins\com.st.stm32cube.common.mx_6.9.2.202309101412
2024-02-19 23:18:08,732 [INFO] DbMcusXml:78 - Set database path to: C:\ST\STM32CubeIDE_1.11.2\STM32CubeIDE\plugins\com.st.stm32cube.common.mx_6.9.2.202309101412\\db\/mcu/
2024-02-19 23:18:08,733 [INFO] ApiDb:274 - Set plugin database path to: C:\ST\STM32CubeIDE_1.11.2\STM32CubeIDE\plugins\com.st.stm32cube.common.mx_6.9.2.202309101412\\db\/plugins/boardmanager/
2024-02-19 23:18:08,734 [WARN] ApiDb:259 - Overriding images path with different value:  => C:\ST\STM32CubeIDE_1.11.2\STM32CubeIDE\plugins\com.st.stm32cube.common.mx_6.9.2.202309101412\\db\/plugins/mcufinder/images/
2024-02-19 23:18:08,752 [INFO] ApiDb:250 - Set database path to: C:\Users\erkan\.stmcufinder\plugins\mcufinder//mcu/
2024-02-19 23:18:08,754 [INFO] DbMcusAds:125 - Set database path to: C:\Users\erkan\.stmcufinder\plugins\mcufinder//mcu/
2024-02-19 23:18:08,755 [INFO] CrossReferenceDbSqlite:203 - Set database path to: C:\Users\erkan\.stmcufinder\plugins\mcufinder//mcu/cs/
2024-02-19 23:18:08,865 [INFO] RulesReader:64 - Compatibility file has been processed (293 Rules)
2024-02-19 23:18:08,960 [INFO] DbMcusXml:78 - Set database path to: C:\ST\STM32CubeIDE_1.11.2\STM32CubeIDE\plugins\com.st.stm32cube.common.mx_6.9.2.202309101412\\db\/mcu/
2024-02-19 23:18:08,960 [INFO] ApiDb:274 - Set plugin database path to: C:\ST\STM32CubeIDE_1.11.2\STM32CubeIDE\plugins\com.st.stm32cube.common.mx_6.9.2.202309101412\\db\/plugins/boardmanager/
2024-02-19 23:18:08,961 [INFO] ApiDb:261 - Set plugin images path to: C:\ST\STM32CubeIDE_1.11.2\STM32CubeIDE\plugins\com.st.stm32cube.common.mx_6.9.2.202309101412\\db\/plugins/mcufinder/images/
2024-02-19 23:18:08,961 [WARN] DbFile:41 - Overriding database path with different value: C:\Users\erkan\.stmcufinder\plugins\mcufinder/ => C:\Users\erkan\.stmcufinder\plugins\mcufinder
2024-02-19 23:18:08,961 [INFO] ApiDb:250 - Set database path to: C:\Users\erkan\.stmcufinder\plugins\mcufinder//mcu/
2024-02-19 23:18:08,961 [WARN] DbFile:41 - Overriding database path with different value: C:\Users\erkan\.stmcufinder\plugins\mcufinder/ => C:\Users\erkan\.stmcufinder\plugins\mcufinder
2024-02-19 23:18:08,961 [INFO] DbMcusAds:125 - Set database path to: C:\Users\erkan\.stmcufinder\plugins\mcufinder//mcu/
2024-02-19 23:18:08,961 [WARN] DbFile:41 - Overriding database path with different value: C:\Users\erkan\.stmcufinder\plugins\mcufinder/ => C:\Users\erkan\.stmcufinder\plugins\mcufinder
2024-02-19 23:18:08,961 [WARN] DbFile:41 - Overriding database path with different value: C:\Users\erkan\.stmcufinder\plugins\mcufinder/ => C:\Users\erkan\.stmcufinder\plugins\mcufinder
2024-02-19 23:18:08,961 [INFO] CrossReferenceDbSqlite:203 - Set database path to: C:\Users\erkan\.stmcufinder\plugins\mcufinder//mcu/cs/
2024-02-19 23:18:09,054 [INFO] MainPanel:262 - HeapMemory: 268435456
2024-02-19 23:18:09,155 [INFO] DbMcusXml:78 - Set database path to: C:\ST\STM32CubeIDE_1.11.2\STM32CubeIDE\plugins\com.st.stm32cube.common.mx_6.9.2.202309101412\\db\/mcu/
2024-02-19 23:18:09,155 [INFO] ApiDb:274 - Set plugin database path to: C:\ST\STM32CubeIDE_1.11.2\STM32CubeIDE\plugins\com.st.stm32cube.common.mx_6.9.2.202309101412\\db\/plugins/boardmanager/
2024-02-19 23:18:09,156 [INFO] ApiDb:261 - Set plugin images path to: C:\ST\STM32CubeIDE_1.11.2\STM32CubeIDE\plugins\com.st.stm32cube.common.mx_6.9.2.202309101412\\db\/plugins/mcufinder/images/
2024-02-19 23:18:09,156 [WARN] DbFile:41 - Overriding database path with different value: C:\Users\erkan\.stmcufinder\plugins\mcufinder/ => C:\Users\erkan\.stmcufinder\plugins\mcufinder
2024-02-19 23:18:09,156 [INFO] ApiDb:250 - Set database path to: C:\Users\erkan\.stmcufinder\plugins\mcufinder//mcu/
2024-02-19 23:18:09,156 [WARN] DbFile:41 - Overriding database path with different value: C:\Users\erkan\.stmcufinder\plugins\mcufinder/ => C:\Users\erkan\.stmcufinder\plugins\mcufinder
2024-02-19 23:18:09,156 [INFO] DbMcusAds:125 - Set database path to: C:\Users\erkan\.stmcufinder\plugins\mcufinder//mcu/
2024-02-19 23:18:09,156 [WARN] DbFile:41 - Overriding database path with different value: C:\Users\erkan\.stmcufinder\plugins\mcufinder/ => C:\Users\erkan\.stmcufinder\plugins\mcufinder
2024-02-19 23:18:09,157 [WARN] DbFile:41 - Overriding database path with different value: C:\Users\erkan\.stmcufinder\plugins\mcufinder/ => C:\Users\erkan\.stmcufinder\plugins\mcufinder
2024-02-19 23:18:09,157 [INFO] CrossReferenceDbSqlite:203 - Set database path to: C:\Users\erkan\.stmcufinder\plugins\mcufinder//mcu/cs/
2024-02-19 23:18:09,179 [INFO] ApplicationProperties:184 - Using Application install path: C:\ST\STM32CubeIDE_1.11.2\STM32CubeIDE\plugins\com.st.stm32cube.common.mx_6.9.2.202309101412
2024-02-19 23:18:09,180 [INFO] PluginManage:196 - Search for loadable plugins [exclusion list=, ]
2024-02-19 23:18:09,182 [INFO] PluginManage:310 - Check plugin analytics
2024-02-19 23:18:09,364 [INFO] AnalyticsPlugin:253 - Accepted Software Licenses: STM32CubeMX.6.9.2
2024-02-19 23:18:09,364 [INFO] AnalyticsPlugin:255 - Accepted CMSIS Pack Licenses: 
2024-02-19 23:18:09,365 [INFO] AnalyticsPlugin:257 - Accepted Firmware Licenses: 
2024-02-19 23:18:09,367 [INFO] PluginManage:359 - Loaded plugin analytics (category:tool,tabindex:-1)
2024-02-19 23:18:09,368 [INFO] PluginManage:310 - Check plugin cadmodel
2024-02-19 23:18:09,384 [INFO] CADModel:105 - Init CAD model plugin
2024-02-19 23:18:09,384 [INFO] PluginManage:359 - Loaded plugin cadmodel (category:power,tabindex:5)
2024-02-19 23:18:09,384 [INFO] PluginManage:310 - Check plugin clock
2024-02-19 23:18:09,409 [INFO] PluginManage:359 - Loaded plugin clock (category:base,tabindex:2)
2024-02-19 23:18:09,409 [INFO] PluginManage:310 - Check plugin ddr
2024-02-19 23:18:09,413 [INFO] PluginManage:359 - Loaded plugin ddr (category:tool,tabindex:6)
2024-02-19 23:18:09,413 [INFO] PluginManage:310 - Check plugin filemanager
2024-02-19 23:18:09,581 [INFO] PluginManage:359 - Loaded plugin filemanager (category:base,tabindex:10)
2024-02-19 23:18:09,581 [INFO] PluginManage:310 - Check plugin ipmanager
2024-02-19 23:18:09,590 [INFO] PluginManage:359 - Loaded plugin ipmanager (category:base,tabindex:5)
2024-02-19 23:18:09,592 [INFO] PluginManage:310 - Check plugin lpbam
2024-02-19 23:18:09,608 [INFO] PluginManage:359 - Loaded plugin lpbam (category:base,tabindex:0)
2024-02-19 23:18:09,608 [INFO] PluginManage:310 - Check plugin memorymap
2024-02-19 23:18:09,630 [INFO] PluginManage:359 - Loaded plugin memorymap (category:base,tabindex:4)
2024-02-19 23:18:09,632 [INFO] PluginManage:310 - Check plugin pinoutandconfiguration
2024-02-19 23:18:09,649 [INFO] PluginManage:359 - Loaded plugin pinoutandconfiguration (category:base,tabindex:1)
2024-02-19 23:18:09,649 [INFO] PluginManage:310 - Check plugin pinoutconfig
2024-02-19 23:18:09,748 [WARN] SupportedApi:132 - Cannot load RTOS API schema: s4s-elt-must-match.1: The content of 'definitions' must match (annotation?, (simpleType | complexType)?, (unique | key | keyref)*)). A problem was found starting at: attribute.
2024-02-19 23:18:09,885 [INFO] PluginManage:359 - Loaded plugin pinoutconfig (category:base,tabindex:0)
2024-02-19 23:18:09,885 [INFO] PluginManage:310 - Check plugin power
2024-02-19 23:18:09,905 [INFO] PluginManage:359 - Loaded plugin power (category:power,tabindex:4)
2024-02-19 23:18:09,906 [INFO] PluginManage:310 - Check plugin projectmanager
2024-02-19 23:18:09,921 [INFO] PluginManage:359 - Loaded plugin projectmanager (category:projectmanager,tabindex:3)
2024-02-19 23:18:09,921 [INFO] PluginManage:310 - Check plugin thirdparty
2024-02-19 23:18:10,277 [INFO] PluginManage:359 - Loaded plugin thirdparty (category:base,tabindex:-1)
2024-02-19 23:18:10,277 [WARN] IntegrityCheckThread:84 - waiting for thirdparty lock release [integrity check]
2024-02-19 23:18:10,278 [INFO] PluginManage:310 - Check plugin tools
2024-02-19 23:18:10,278 [INFO] IntegrityCheckThread:86 - entering critical section [integrity check]
2024-02-19 23:18:10,279 [INFO] ThirdPartyUpdaterWithRetryManager:70 - Updater plugin not ready yet. [1/15]
2024-02-19 23:18:10,328 [INFO] PluginManage:359 - Loaded plugin tools (category:base,tabindex:7)
2024-02-19 23:18:10,328 [INFO] PluginManage:310 - Check plugin tutovideos
2024-02-19 23:18:10,693 [INFO] PluginManage:359 - Loaded plugin tutovideos (category:base,tabindex:-1)
2024-02-19 23:18:10,693 [INFO] PluginManage:310 - Check plugin updater
2024-02-19 23:18:10,714 [INFO] PluginManage:359 - Loaded plugin updater (category:base,tabindex:12)
2024-02-19 23:18:10,715 [INFO] PluginManage:310 - Check plugin userauth
2024-02-19 23:18:10,726 [INFO] UserAuth:113 - Init User Auth plugin
2024-02-19 23:18:10,726 [INFO] PluginManage:359 - Loaded plugin userauth (category:base,tabindex:14)
2024-02-19 23:18:10,727 [INFO] PluginManage:283 - PluginManage : Loaded plugins [17]
2024-02-19 23:18:11,214 [INFO] PinOutPanel:1499 - setPackage(No Configuration,No Configuration)
2024-02-19 23:18:11,401 [INFO] CADModel:165 - CPN selected for project level
2024-02-19 23:18:11,402 [INFO] CADModel:114 - Register for checkConnection events
2024-02-19 23:18:11,433 [INFO] IPUIPlugin:80 - create IPUIPlugin
2024-02-19 23:18:11,433 [INFO] PluginManager:220 - loadIPPluginJar : add adc
2024-02-19 23:18:11,472 [INFO] IPUIPlugin:80 - create IPUIPlugin
2024-02-19 23:18:11,473 [INFO] PluginManager:220 - loadIPPluginJar : add aes
2024-02-19 23:18:11,519 [INFO] IPUIPlugin:80 - create IPUIPlugin
2024-02-19 23:18:11,520 [INFO] PluginManager:220 - loadIPPluginJar : add can
2024-02-19 23:18:11,541 [INFO] IPUIPlugin:80 - create IPUIPlugin
2024-02-19 23:18:11,542 [INFO] PluginManager:220 - loadIPPluginJar : add comp
2024-02-19 23:18:11,573 [INFO] IPUIPlugin:80 - create IPUIPlugin
2024-02-19 23:18:11,573 [INFO] PluginManager:220 - loadIPPluginJar : add cryp
2024-02-19 23:18:11,606 [INFO] IPUIPlugin:80 - create IPUIPlugin
2024-02-19 23:18:11,607 [INFO] PluginManager:220 - loadIPPluginJar : add dfsdm
2024-02-19 23:18:11,629 [INFO] IPUIPlugin:80 - create IPUIPlugin
2024-02-19 23:18:11,629 [INFO] PluginManager:220 - loadIPPluginJar : add dma
2024-02-19 23:18:11,681 [INFO] IPUIPlugin:80 - create IPUIPlugin
2024-02-19 23:18:11,682 [INFO] PluginManager:220 - loadIPPluginJar : add dma3
2024-02-19 23:18:11,703 [INFO] IPUIPlugin:80 - create IPUIPlugin
2024-02-19 23:18:11,703 [INFO] PluginManager:220 - loadIPPluginJar : add fatfs
2024-02-19 23:18:11,751 [INFO] IPUIPlugin:80 - create IPUIPlugin
2024-02-19 23:18:11,751 [INFO] PluginManager:220 - loadIPPluginJar : add fmc
2024-02-19 23:18:11,766 [INFO] IPUIPlugin:80 - create IPUIPlugin
2024-02-19 23:18:11,767 [INFO] PluginManager:220 - loadIPPluginJar : add freertos
2024-02-19 23:18:11,787 [INFO] IPUIPlugin:80 - create IPUIPlugin
2024-02-19 23:18:11,787 [INFO] PluginManager:220 - loadIPPluginJar : add genericplugin
2024-02-19 23:18:11,918 [INFO] IPUIPlugin:80 - create IPUIPlugin
2024-02-19 23:18:11,918 [INFO] PluginManager:220 - loadIPPluginJar : add gfxmmu
2024-02-19 23:18:12,051 [INFO] IPUIPlugin:80 - create IPUIPlugin
2024-02-19 23:18:12,051 [INFO] PluginManager:220 - loadIPPluginJar : add gic
2024-02-19 23:18:12,066 [INFO] IPUIPlugin:80 - create IPUIPlugin
2024-02-19 23:18:12,066 [INFO] PluginManager:220 - loadIPPluginJar : add gpio
2024-02-19 23:18:12,178 [INFO] IPUIPlugin:80 - create IPUIPlugin
2024-02-19 23:18:12,178 [INFO] PluginManager:220 - loadIPPluginJar : add gtzc
2024-02-19 23:18:12,211 [INFO] IPUIPlugin:80 - create IPUIPlugin
2024-02-19 23:18:12,211 [INFO] PluginManager:220 - loadIPPluginJar : add hash
2024-02-19 23:18:12,265 [INFO] IPUIPlugin:80 - create IPUIPlugin
2024-02-19 23:18:12,265 [INFO] PluginManager:220 - loadIPPluginJar : add i2c
2024-02-19 23:18:12,307 [INFO] IPUIPlugin:80 - create IPUIPlugin
2024-02-19 23:18:12,308 [INFO] PluginManager:220 - loadIPPluginJar : add i2s
2024-02-19 23:18:12,353 [INFO] IPUIPlugin:80 - create IPUIPlugin
2024-02-19 23:18:12,353 [INFO] PluginManager:220 - loadIPPluginJar : add i3c
2024-02-19 23:18:12,466 [INFO] IPUIPlugin:80 - create IPUIPlugin
2024-02-19 23:18:12,468 [INFO] PluginManager:220 - loadIPPluginJar : add ipddr
2024-02-19 23:18:12,563 [INFO] IPUIPlugin:80 - create IPUIPlugin
2024-02-19 23:18:12,563 [INFO] PluginManager:220 - loadIPPluginJar : add linkedlist
2024-02-19 23:18:12,596 [INFO] IPUIPlugin:80 - create IPUIPlugin
2024-02-19 23:18:12,596 [INFO] PluginManager:220 - loadIPPluginJar : add lorawan
2024-02-19 23:18:12,631 [INFO] IPUIPlugin:80 - create IPUIPlugin
2024-02-19 23:18:12,631 [INFO] PluginManager:220 - loadIPPluginJar : add ltdc
2024-02-19 23:18:12,645 [INFO] IPUIPlugin:80 - create IPUIPlugin
2024-02-19 23:18:12,645 [INFO] PluginManager:220 - loadIPPluginJar : add mdma
2024-02-19 23:18:12,658 [INFO] IPUIPlugin:80 - create IPUIPlugin
2024-02-19 23:18:12,658 [INFO] PluginManager:220 - loadIPPluginJar : add nvic
2024-02-19 23:18:12,695 [INFO] IPUIPlugin:80 - create IPUIPlugin
2024-02-19 23:18:12,695 [INFO] PluginManager:220 - loadIPPluginJar : add opamp
2024-02-19 23:18:12,758 [INFO] IPUIPlugin:80 - create IPUIPlugin
2024-02-19 23:18:12,758 [INFO] PluginManager:220 - loadIPPluginJar : add openamp
2024-02-19 23:18:12,802 [INFO] IPUIPlugin:80 - create IPUIPlugin
2024-02-19 23:18:12,802 [INFO] PluginManager:220 - loadIPPluginJar : add pdm2pcm
2024-02-19 23:18:12,817 [INFO] IPUIPlugin:80 - create IPUIPlugin
2024-02-19 23:18:12,819 [INFO] PluginManager:220 - loadIPPluginJar : add plateformsettings
2024-02-19 23:18:12,841 [INFO] IPUIPlugin:80 - create IPUIPlugin
2024-02-19 23:18:12,841 [INFO] PluginManager:220 - loadIPPluginJar : add quadspi
2024-02-19 23:18:12,854 [INFO] IPUIPlugin:80 - create IPUIPlugin
2024-02-19 23:18:12,854 [INFO] PluginManager:220 - loadIPPluginJar : add resmgrutility
2024-02-19 23:18:12,902 [INFO] IPUIPlugin:80 - create IPUIPlugin
2024-02-19 23:18:12,902 [INFO] PluginManager:220 - loadIPPluginJar : add sai
2024-02-19 23:18:12,938 [INFO] IPUIPlugin:80 - create IPUIPlugin
2024-02-19 23:18:12,938 [INFO] PluginManager:220 - loadIPPluginJar : add spi
2024-02-19 23:18:12,994 [INFO] IPUIPlugin:80 - create IPUIPlugin
2024-02-19 23:18:12,994 [INFO] PluginManager:220 - loadIPPluginJar : add stm32_wpan
2024-02-19 23:18:13,016 [INFO] IPUIPlugin:80 - create IPUIPlugin
2024-02-19 23:18:13,017 [INFO] PluginManager:220 - loadIPPluginJar : add tim
2024-02-19 23:18:13,071 [INFO] IPUIPlugin:80 - create IPUIPlugin
2024-02-19 23:18:13,071 [INFO] PluginManager:220 - loadIPPluginJar : add touchsensing
2024-02-19 23:18:13,095 [INFO] IPUIPlugin:80 - create IPUIPlugin
2024-02-19 23:18:13,095 [INFO] PluginManager:220 - loadIPPluginJar : add tracer_emb
2024-02-19 23:18:13,116 [INFO] IPUIPlugin:80 - create IPUIPlugin
2024-02-19 23:18:13,116 [INFO] PluginManager:220 - loadIPPluginJar : add ts
2024-02-19 23:18:13,137 [INFO] IPUIPlugin:80 - create IPUIPlugin
2024-02-19 23:18:13,137 [INFO] PluginManager:220 - loadIPPluginJar : add tsc
2024-02-19 23:18:13,157 [INFO] IPUIPlugin:80 - create IPUIPlugin
2024-02-19 23:18:13,158 [INFO] PluginManager:220 - loadIPPluginJar : add ucpd
2024-02-19 23:18:13,197 [INFO] IPUIPlugin:80 - create IPUIPlugin
2024-02-19 23:18:13,197 [INFO] PluginManager:220 - loadIPPluginJar : add usart
2024-02-19 23:18:13,239 [INFO] IPUIPlugin:80 - create IPUIPlugin
2024-02-19 23:18:13,239 [INFO] PluginManager:220 - loadIPPluginJar : add usbx
2024-02-19 23:18:13,280 [INFO] ThirdPartyUpdaterWithRetryManager:70 - Updater plugin not ready yet. [2/15]
2024-02-19 23:18:13,371 [INFO] CADModel:165 - CPN selected for project level
2024-02-19 23:18:13,371 [INFO] CADModel:114 - Register for checkConnection events
2024-02-19 23:18:13,371 [FATAL] Updater:308 - Updater called before beeing initialized
2024-02-19 23:18:13,371 [ERROR] CADModel:125 - Updater not yet initialized, retry later 
2024-02-19 23:18:13,526 [INFO] CADModel:165 - CPN selected for project level
2024-02-19 23:18:13,527 [INFO] CADModel:114 - Register for checkConnection events
2024-02-19 23:18:13,527 [FATAL] Updater:308 - Updater called before beeing initialized
2024-02-19 23:18:13,527 [ERROR] CADModel:125 - Updater not yet initialized, retry later 
2024-02-19 23:18:13,531 [FATAL] Updater:308 - Updater called before beeing initialized
2024-02-19 23:18:13,639 [FATAL] Updater:308 - Updater called before beeing initialized
2024-02-19 23:18:13,650 [INFO] DbMcusAds:53 - JSON generation date=Wed Nov 29 11:52:27 CET 2023 (1701255147200)
2024-02-19 23:18:13,650 [FATAL] Updater:308 - Updater called before beeing initialized
2024-02-19 23:18:13,723 [WARN] DetailPanel:346 - Failed to get advertising image, set to default
2024-02-19 23:18:13,819 [FATAL] Updater:308 - Updater called before beeing initialized
2024-02-19 23:18:13,821 [FATAL] Updater:308 - Updater called before beeing initialized
2024-02-19 23:18:13,821 [FATAL] Updater:308 - Updater called before beeing initialized
2024-02-19 23:18:13,821 [WARN] DetailPanel:346 - Failed to get advertising image, set to default
2024-02-19 23:18:13,822 [FATAL] Updater:308 - Updater called before beeing initialized
2024-02-19 23:18:13,882 [ERROR] Updater:1120 - MainUpdater not yet initialized. External WinMGr cannot be set.
2024-02-19 23:18:13,894 [INFO] Updater:1056 - Updater Version found : 6.9.2
2024-02-19 23:18:13,911 [INFO] ApplicationProperties:184 - Using Application install path: C:\ST\STM32CubeIDE_1.11.2\STM32CubeIDE\plugins\com.st.stm32cube.common.mx_6.9.2.202309101412
2024-02-19 23:18:14,228 [INFO] MainUpdater:2868 - connection check result : 10
2024-02-19 23:18:14,229 [INFO] MainUpdater:285 - Updater Check For Update Now.
2024-02-19 23:18:14,229 [INFO] MicroXplorer:498 - Change Database Version : DB.6.0.92
2024-02-19 23:18:14,244 [INFO] McuFinderGlobals:63 - Set McuFinder mode to 2 (CubeIDE integrated)
2024-02-19 23:18:14,244 [INFO] UserAuth:179 - activating auth plugin
2024-02-19 23:18:14,248 [INFO] UserAuth:393 - Internet connection configuration mode: 1
2024-02-19 23:18:14,283 [INFO] JxBrowserEngine:151 - Initiate JxBrowser Engine with user profile folder
2024-02-19 23:18:14,443 [INFO] CheckServerUpdateThread:120 - End of CheckServer Thread
2024-02-19 23:18:16,721 [WARN] PackLoader:240 - Cannot read IP mode file for STMicroelectronics.X-CUBE-SMBUS.2.1.0
2024-02-19 23:18:16,744 [WARN] PackLoader:240 - Cannot read IP mode file for STMicroelectronics.X-CUBE-TOUCHGFX.4.23.0
2024-02-19 23:18:16,825 [WARN] PackLoader:240 - Cannot read IP mode file for STMicroelectronics.X-CUBE-AZRTOS-F7.1.1.0
2024-02-19 23:18:16,852 [WARN] PackLoader:240 - Cannot read IP mode file for STMicroelectronics.FP-SNS-MOTENV1.4.3.2
2024-02-19 23:18:16,879 [WARN] PackLoader:240 - Cannot read IP mode file for STMicroelectronics.X-CUBE-BLE1.6.2.4
2024-02-19 23:18:16,894 [WARN] PackLoader:240 - Cannot read IP mode file for STMicroelectronics.FP-SNS-FLIGHT1.5.0.2
2024-02-19 23:18:16,917 [WARN] PackLoader:240 - Cannot read IP mode file for STMicroelectronics.X-CUBE-DISPLAY.3.0.0
2024-02-19 23:18:16,937 [WARN] PackLoader:240 - Cannot read IP mode file for STMicroelectronics.X-CUBE-BLE1.7.0.0
2024-02-19 23:18:16,952 [WARN] PackLoader:240 - Cannot read IP mode file for STMicroelectronics.X-CUBE-TOUCHGFX.4.22.0
2024-02-19 23:18:16,965 [WARN] PackLoader:240 - Cannot read IP mode file for STMicroelectronics.X-CUBE-TOUCHGFX.4.22.1
2024-02-19 23:18:16,982 [WARN] PackLoader:240 - Cannot read IP mode file for STMicroelectronics.FP-SNS-SMARTAG2.1.2.0
2024-02-19 23:18:17,005 [INFO] LogOutputStream:77 - [STDOUT_REDIRECT] 1 : Invalid condition id : UX_CORESTACK_Condition cause : null
2024-02-19 23:18:17,007 [INFO] LogOutputStream:77 - [STDOUT_REDIRECT] 1 : Invalid condition id : UX_CORESTACK_Condition cause : null
2024-02-19 23:18:17,009 [INFO] LogOutputStream:77 - [STDOUT_REDIRECT] 1 : Invalid condition id : UX_CORESTACK_Condition cause : null
2024-02-19 23:18:17,011 [INFO] LogOutputStream:77 - [STDOUT_REDIRECT] 1 : Invalid condition id : UX_CORESTACK_Condition cause : null
2024-02-19 23:18:17,012 [INFO] LogOutputStream:77 - [STDOUT_REDIRECT] 1 : Invalid condition id : UX_CORESTACK_Condition cause : null
2024-02-19 23:18:17,025 [WARN] PackLoader:240 - Cannot read IP mode file for STMicroelectronics.X-CUBE-AZRTOS-WL.2.0.0
2024-02-19 23:18:17,047 [WARN] PackLoader:240 - Cannot read IP mode file for WES.I-CUBE-Cesium.1.3.0
2024-02-19 23:18:17,050 [INFO] WebApp:157 - Instantiating new browser for Auth
2024-02-19 23:18:17,062 [WARN] PackLoader:240 - Cannot read IP mode file for STMicroelectronics.X-CUBE-BLE2.3.3.0
2024-02-19 23:18:17,106 [WARN] PackLoader:240 - Cannot read IP mode file for STMicroelectronics.X-CUBE-TOF1.3.2.0
2024-02-19 23:18:17,133 [WARN] PackLoader:240 - Cannot read IP mode file for STMicroelectronics.X-CUBE-TOUCHGFX.4.21.1
2024-02-19 23:18:17,152 [WARN] PackLoader:240 - Cannot read IP mode file for STMicroelectronics.X-CUBE-AI.7.3.0
2024-02-19 23:18:17,171 [WARN] PackLoader:240 - Cannot read IP mode file for STMicroelectronics.X-CUBE-ALGOBUILD.1.3.0
2024-02-19 23:18:17,209 [WARN] PackLoader:240 - Cannot read IP mode file for STMicroelectronics.X-CUBE-AZRTOS-G0.1.1.0
2024-02-19 23:18:17,238 [WARN] PackLoader:240 - Cannot read IP mode file for STMicroelectronics.X-CUBE-NFC4.3.0.0
2024-02-19 23:18:17,261 [WARN] PackLoader:240 - Cannot read IP mode file for STMicroelectronics.X-CUBE-BLEMGR.3.0.0
2024-02-19 23:18:17,285 [WARN] PackLoader:240 - Cannot read IP mode file for STMicroelectronics.X-CUBE-BLEMGR.1.3.0
2024-02-19 23:18:17,304 [WARN] PackLoader:240 - Cannot read IP mode file for STMicroelectronics.FP-ATR-SIGFOX1.3.2.0
2024-02-19 23:18:17,328 [WARN] PackLoader:240 - Cannot read IP mode file for STMicroelectronics.X-CUBE-EEPRMA1.5.1.0
2024-02-19 23:18:17,386 [WARN] PackLoader:240 - Cannot read IP mode file for STMicroelectronics.X-CUBE-MEMS1.9.5.0
2024-02-19 23:18:17,569 [WARN] PackLoader:240 - Cannot read IP mode file for SEGGER.I-CUBE-embOS.1.3.1
2024-02-19 23:18:17,645 [WARN] PackLoader:240 - Cannot read IP mode file for STMicroelectronics.X-CUBE-GNSS1.6.0.0
2024-02-19 23:18:17,697 [WARN] PackLoader:240 - Cannot read IP mode file for STMicroelectronics.X-CUBE-AZRTOS-F4.1.1.0
2024-02-19 23:18:17,750 [WARN] PackLoader:240 - Cannot read IP mode file for STMicroelectronics.X-CUBE-AZRTOS-L5.2.0.0
2024-02-19 23:18:17,845 [WARN] PackLoader:240 - Cannot read IP mode file for STMicroelectronics.X-CUBE-MEMS1.9.6.0
2024-02-19 23:18:17,975 [INFO] WebApp:753 - Register for checkConnection events
2024-02-19 23:18:17,976 [INFO] WebApp:390 - Apply proxy settings
2024-02-19 23:18:17,976 [INFO] WebApp:475 - Chromium requires no authentication
2024-02-19 23:18:17,981 [WARN] PackLoader:240 - Cannot read IP mode file for STMicroelectronics.X-CUBE-EEPRMA1.4.2.0
2024-02-19 23:18:17,988 [INFO] WebApp:418 - Direct internet connection detected
2024-02-19 23:18:17,997 [WARN] PackLoader:240 - Cannot read IP mode file for ITTIA_DB.I-CUBE-ITTIADB.8.8.0
2024-02-19 23:18:18,012 [WARN] PackLoader:240 - Cannot read IP mode file for emotas.I-CUBE-CANOPEN.1.1.3
2024-02-19 23:18:18,027 [WARN] PackLoader:240 - Cannot read IP mode file for STMicroelectronics.X-CUBE-BLEMGR.2.0.0
2024-02-19 23:18:18,060 [WARN] ConditionMgr:438 - getConditionDescription Invalid condition id : UX DEVICE CLASS RTOS Condition cause : null
2024-02-19 23:18:18,060 [WARN] ConditionMgr:438 - getConditionDescription Invalid condition id : UX DEVICE CLASS RTOS Condition cause : null
2024-02-19 23:18:18,063 [WARN] PackLoader:240 - Cannot read IP mode file for STMicroelectronics.X-CUBE-AZRTOS-H7.3.1.0
2024-02-19 23:18:18,064 [WARN] ConditionMgr:1039 - genDependencies : Invalid condition id : UX DEVICE CLASS RTOS Condition cause : null
2024-02-19 23:18:18,065 [WARN] ConditionMgr:1039 - genDependencies : Invalid condition id : UX DEVICE CLASS RTOS Condition cause : null
2024-02-19 23:18:18,065 [WARN] ConditionMgr:1039 - genDependencies : Invalid condition id : UX DEVICE CLASS RTOS Condition cause : null
2024-02-19 23:18:18,065 [WARN] ConditionMgr:1039 - genDependencies : Invalid condition id : UX DEVICE CLASS RTOS Condition cause : null
2024-02-19 23:18:18,065 [WARN] ConditionMgr:1039 - genDependencies : Invalid condition id : UX DEVICE CLASS RTOS Condition cause : null
2024-02-19 23:18:18,080 [WARN] PackLoader:240 - Cannot read IP mode file for wolfSSL.I-CUBE-wolfSSL.5.5.4
2024-02-19 23:18:18,093 [WARN] PackLoader:240 - Cannot read IP mode file for STMicroelectronics.X-CUBE-NFC7.1.0.1
2024-02-19 23:18:18,107 [WARN] PackLoader:240 - Cannot read IP mode file for STMicroelectronics.X-CUBE-NFC7.1.0.0
2024-02-19 23:18:18,122 [WARN] PackLoader:240 - Cannot read IP mode file for STMicroelectronics.X-CUBE-NFC6.3.0.0
2024-02-19 23:18:18,136 [WARN] PackLoader:240 - Cannot read IP mode file for STMicroelectronics.X-CUBE-EEPRMA1.4.1.0
2024-02-19 23:18:18,149 [WARN] PackLoader:240 - Cannot read IP mode file for STMicroelectronics.X-CUBE-AI.8.1.0
2024-02-19 23:18:18,182 [WARN] ConditionMgr:438 - getConditionDescription Invalid condition id : LAN8742 Phy interface Condition cause : null
2024-02-19 23:18:18,183 [WARN] PackLoader:240 - Cannot read IP mode file for STMicroelectronics.X-CUBE-AZRTOS-L4.2.0.0
2024-02-19 23:18:18,184 [WARN] ConditionMgr:1039 - genDependencies : Invalid condition id : LAN8742 Phy interface Condition cause : null
2024-02-19 23:18:18,184 [WARN] ConditionMgr:1039 - genDependencies : Invalid condition id : LAN8742 Phy interface Condition cause : null
2024-02-19 23:18:18,185 [WARN] ConditionMgr:1039 - genDependencies : Invalid condition id : LAN8742 Phy interface Condition cause : null
2024-02-19 23:18:18,200 [WARN] PackLoader:240 - Cannot read IP mode file for STMicroelectronics.X-CUBE-SFXS2LP1.4.0.0
2024-02-19 23:18:18,228 [WARN] PackLoader:240 - Cannot read IP mode file for STMicroelectronics.X-CUBE-AZRTOS-H7.3.0.0
2024-02-19 23:18:18,237 [INFO] WebApp:188 - Starting web application
2024-02-19 23:18:18,238 [INFO] WebApp:520 - Web application path used C:\ST\STM32CubeIDE_1.11.2\STM32CubeIDE\plugins\com.st.stm32cube.common.mx_6.9.2.202309101412\db\plugins\mcufinder\reactClient1\index.html
2024-02-19 23:18:18,244 [WARN] PackLoader:240 - Cannot read IP mode file for STMicroelectronics.X-CUBE-ISPU.1.1.0
2024-02-19 23:18:18,262 [WARN] PackLoader:240 - Cannot read IP mode file for RoweBots.I-CUBE-UNISONRTOS.5.5.0-4
2024-02-19 23:18:18,276 [WARN] PackLoader:240 - Cannot read IP mode file for STMicroelectronics.X-CUBE-AI.8.0.0
2024-02-19 23:18:18,300 [WARN] ConditionMgr:438 - getConditionDescription Invalid condition id : UX DEVICE CLASS RTOS Condition cause : null
2024-02-19 23:18:18,300 [WARN] ConditionMgr:438 - getConditionDescription Invalid condition id : UX DEVICE CLASS RTOS Condition cause : null
2024-02-19 23:18:18,302 [WARN] PackLoader:240 - Cannot read IP mode file for STMicroelectronics.X-CUBE-AZRTOS-WB.2.0.0
2024-02-19 23:18:18,302 [WARN] ConditionMgr:1039 - genDependencies : Invalid condition id : UX DEVICE CLASS RTOS Condition cause : null
2024-02-19 23:18:18,302 [WARN] ConditionMgr:1039 - genDependencies : Invalid condition id : UX DEVICE CLASS RTOS Condition cause : null
2024-02-19 23:18:18,303 [WARN] ConditionMgr:1039 - genDependencies : Invalid condition id : UX DEVICE CLASS RTOS Condition cause : null
2024-02-19 23:18:18,303 [WARN] ConditionMgr:1039 - genDependencies : Invalid condition id : UX DEVICE CLASS RTOS Condition cause : null
2024-02-19 23:18:18,303 [WARN] ConditionMgr:1039 - genDependencies : Invalid condition id : UX DEVICE CLASS RTOS Condition cause : null
2024-02-19 23:18:18,316 [WARN] PackLoader:240 - Cannot read IP mode file for STMicroelectronics.X-CUBE-FREERTOS.1.0.1
2024-02-19 23:18:18,342 [WARN] PackLoader:240 - Cannot read IP mode file for STMicroelectronics.X-CUBE-AZRTOS-L5.1.1.0
2024-02-19 23:18:18,367 [WARN] PackLoader:240 - Cannot read IP mode file for STMicroelectronics.X-CUBE-SUBG2.5.0.0
2024-02-19 23:18:18,397 [WARN] PackLoader:240 - Cannot read IP mode file for STMicroelectronics.X-CUBE-TOF1.3.3.1
2024-02-19 23:18:18,456 [WARN] PackLoader:240 - Cannot read IP mode file for STMicroelectronics.X-CUBE-AZRTOS-G4.2.0.0
2024-02-19 23:18:18,480 [WARN] PackLoader:240 - Cannot read IP mode file for STMicroelectronics.FP-ATR-ASTRA1.1.1.1
2024-02-19 23:18:18,508 [WARN] PackLoader:240 - Cannot read IP mode file for Infineon.AIROC-Wi-Fi-Bluetooth-STM32.1.5.1
2024-02-19 23:18:18,524 [WARN] PackLoader:240 - Cannot read IP mode file for STMicroelectronics.FP-SNS-MOTENVWB1.1.3.0
2024-02-19 23:18:18,538 [WARN] PackLoader:240 - Cannot read IP mode file for STMicroelectronics.FP-SNS-MOTENVWB1.1.3.1
2024-02-19 23:18:18,562 [WARN] PackLoader:240 - Cannot read IP mode file for STMicroelectronics.X-CUBE-AZRTOS-G4.1.0.0
2024-02-19 23:18:18,595 [WARN] PackLoader:240 - Cannot read IP mode file for STMicroelectronics.X-CUBE-AZRTOS-L4.1.0.0
2024-02-19 23:18:18,609 [WARN] PackLoader:240 - Cannot read IP mode file for STMicroelectronics.X-CUBE-ISPU.2.0.0
2024-02-19 23:18:18,654 [WARN] PackLoader:240 - Cannot read IP mode file for STMicroelectronics.X-CUBE-MEMS1.10.0.0
2024-02-19 23:18:18,755 [WARN] PackLoader:240 - Cannot read IP mode file for STMicroelectronics.X-CUBE-FREERTOS.1.1.0
2024-02-19 23:18:18,779 [WARN] PackLoader:240 - Cannot read IP mode file for STMicroelectronics.X-CUBE-AZRTOS-WL.1.0.0
2024-02-19 23:18:18,796 [WARN] PackLoader:240 - Cannot read IP mode file for portGmbH.I-Cube-SoM-uGOAL.1.1.0
2024-02-19 23:18:18,813 [WARN] PackLoader:240 - Cannot read IP mode file for STMicroelectronics.X-CUBE-ALS.1.0.1
2024-02-19 23:18:18,839 [WARN] PackLoader:240 - Cannot read IP mode file for STMicroelectronics.X-CUBE-AZRTOS-WB.1.1.0
2024-02-19 23:18:18,854 [WARN] PackLoader:240 - Cannot read IP mode file for STMicroelectronics.FP-ATR-ASTRA1.2.0.0
2024-02-19 23:18:18,876 [WARN] PackLoader:240 - Cannot read IP mode file for STMicroelectronics.X-CUBE-TOF1.3.4.0
2024-02-19 23:18:18,916 [WARN] PackLoader:240 - Cannot read IP mode file for STMicroelectronics.X-CUBE-AZRTOS-H7.3.2.0
2024-02-19 23:18:18,920 [INFO] ThirdParty:978 - Integrity check success = true
2024-02-19 23:18:18,921 [INFO] IntegrityCheckThread:100 - exiting critical section [integrity check]
2024-02-19 23:18:18,921 [INFO] IntegrityCheckThread:103 - End integrity checks thread
2024-02-19 23:18:39,166 [ERROR] LogOutputStream:75 - [STDERR_REDIRECT] SLF4J: Failed to load class "org.slf4j.impl.StaticLoggerBinder".
2024-02-19 23:18:39,167 [ERROR] LogOutputStream:75 - [STDERR_REDIRECT] SLF4J: Defaulting to no-operation (NOP) logger implementation
2024-02-19 23:18:39,168 [ERROR] LogOutputStream:75 - [STDERR_REDIRECT] SLF4J: See http://www.slf4j.org/codes.html#StaticLoggerBinder for further details.
