2024-01-04 23:15:26,506 [INFO] Activator:176 - 


2024-01-04 23:15:26,513 [INFO] Activator:177 - !SESSION log4j initialized
2024-01-04 23:15:32,995 [INFO] LogOutputStream:77 - [STDOUT_REDIRECT] 
2024-01-04 23:15:35,296 [INFO] ApplicationProperties:184 - Using Application install path: C:\ST\STM32CubeIDE_1.11.2\STM32CubeIDE\plugins\com.st.stm32cube.common.mx_6.9.2.202309101412
2024-01-04 23:15:35,316 [INFO] DbMcusXml:78 - Set database path to: C:\ST\STM32CubeIDE_1.11.2\STM32CubeIDE\plugins\com.st.stm32cube.common.mx_6.9.2.202309101412\\db\/mcu/
2024-01-04 23:15:35,317 [INFO] ApiDb:274 - Set plugin database path to: C:\ST\STM32CubeIDE_1.11.2\STM32CubeIDE\plugins\com.st.stm32cube.common.mx_6.9.2.202309101412\\db\/plugins/boardmanager/
2024-01-04 23:15:35,317 [WARN] ApiDb:259 - Overriding images path with different value:  => C:\ST\STM32CubeIDE_1.11.2\STM32CubeIDE\plugins\com.st.stm32cube.common.mx_6.9.2.202309101412\\db\/plugins/mcufinder/images/
2024-01-04 23:15:35,336 [INFO] ApiDb:250 - Set database path to: C:\Users\erkan\.stmcufinder\plugins\mcufinder//mcu/
2024-01-04 23:15:35,337 [INFO] DbMcusAds:125 - Set database path to: C:\Users\erkan\.stmcufinder\plugins\mcufinder//mcu/
2024-01-04 23:15:35,339 [INFO] CrossReferenceDbSqlite:203 - Set database path to: C:\Users\erkan\.stmcufinder\plugins\mcufinder//mcu/cs/
2024-01-04 23:15:35,466 [INFO] RulesReader:64 - Compatibility file has been processed (293 Rules)
2024-01-04 23:15:35,580 [INFO] DbMcusXml:78 - Set database path to: C:\ST\STM32CubeIDE_1.11.2\STM32CubeIDE\plugins\com.st.stm32cube.common.mx_6.9.2.202309101412\\db\/mcu/
2024-01-04 23:15:35,580 [INFO] ApiDb:274 - Set plugin database path to: C:\ST\STM32CubeIDE_1.11.2\STM32CubeIDE\plugins\com.st.stm32cube.common.mx_6.9.2.202309101412\\db\/plugins/boardmanager/
2024-01-04 23:15:35,580 [INFO] ApiDb:261 - Set plugin images path to: C:\ST\STM32CubeIDE_1.11.2\STM32CubeIDE\plugins\com.st.stm32cube.common.mx_6.9.2.202309101412\\db\/plugins/mcufinder/images/
2024-01-04 23:15:35,580 [WARN] DbFile:41 - Overriding database path with different value: C:\Users\erkan\.stmcufinder\plugins\mcufinder/ => C:\Users\erkan\.stmcufinder\plugins\mcufinder
2024-01-04 23:15:35,580 [INFO] ApiDb:250 - Set database path to: C:\Users\erkan\.stmcufinder\plugins\mcufinder//mcu/
2024-01-04 23:15:35,581 [WARN] DbFile:41 - Overriding database path with different value: C:\Users\erkan\.stmcufinder\plugins\mcufinder/ => C:\Users\erkan\.stmcufinder\plugins\mcufinder
2024-01-04 23:15:35,581 [INFO] DbMcusAds:125 - Set database path to: C:\Users\erkan\.stmcufinder\plugins\mcufinder//mcu/
2024-01-04 23:15:35,581 [WARN] DbFile:41 - Overriding database path with different value: C:\Users\erkan\.stmcufinder\plugins\mcufinder/ => C:\Users\erkan\.stmcufinder\plugins\mcufinder
2024-01-04 23:15:35,581 [WARN] DbFile:41 - Overriding database path with different value: C:\Users\erkan\.stmcufinder\plugins\mcufinder/ => C:\Users\erkan\.stmcufinder\plugins\mcufinder
2024-01-04 23:15:35,581 [INFO] CrossReferenceDbSqlite:203 - Set database path to: C:\Users\erkan\.stmcufinder\plugins\mcufinder//mcu/cs/
2024-01-04 23:15:35,681 [INFO] MainPanel:262 - HeapMemory: 268435456
2024-01-04 23:15:35,784 [INFO] DbMcusXml:78 - Set database path to: C:\ST\STM32CubeIDE_1.11.2\STM32CubeIDE\plugins\com.st.stm32cube.common.mx_6.9.2.202309101412\\db\/mcu/
2024-01-04 23:15:35,784 [INFO] ApiDb:274 - Set plugin database path to: C:\ST\STM32CubeIDE_1.11.2\STM32CubeIDE\plugins\com.st.stm32cube.common.mx_6.9.2.202309101412\\db\/plugins/boardmanager/
2024-01-04 23:15:35,784 [INFO] ApiDb:261 - Set plugin images path to: C:\ST\STM32CubeIDE_1.11.2\STM32CubeIDE\plugins\com.st.stm32cube.common.mx_6.9.2.202309101412\\db\/plugins/mcufinder/images/
2024-01-04 23:15:35,784 [WARN] DbFile:41 - Overriding database path with different value: C:\Users\erkan\.stmcufinder\plugins\mcufinder/ => C:\Users\erkan\.stmcufinder\plugins\mcufinder
2024-01-04 23:15:35,784 [INFO] ApiDb:250 - Set database path to: C:\Users\erkan\.stmcufinder\plugins\mcufinder//mcu/
2024-01-04 23:15:35,785 [WARN] DbFile:41 - Overriding database path with different value: C:\Users\erkan\.stmcufinder\plugins\mcufinder/ => C:\Users\erkan\.stmcufinder\plugins\mcufinder
2024-01-04 23:15:35,785 [INFO] DbMcusAds:125 - Set database path to: C:\Users\erkan\.stmcufinder\plugins\mcufinder//mcu/
2024-01-04 23:15:35,785 [WARN] DbFile:41 - Overriding database path with different value: C:\Users\erkan\.stmcufinder\plugins\mcufinder/ => C:\Users\erkan\.stmcufinder\plugins\mcufinder
2024-01-04 23:15:35,785 [WARN] DbFile:41 - Overriding database path with different value: C:\Users\erkan\.stmcufinder\plugins\mcufinder/ => C:\Users\erkan\.stmcufinder\plugins\mcufinder
2024-01-04 23:15:35,785 [INFO] CrossReferenceDbSqlite:203 - Set database path to: C:\Users\erkan\.stmcufinder\plugins\mcufinder//mcu/cs/
2024-01-04 23:15:35,808 [INFO] ApplicationProperties:184 - Using Application install path: C:\ST\STM32CubeIDE_1.11.2\STM32CubeIDE\plugins\com.st.stm32cube.common.mx_6.9.2.202309101412
2024-01-04 23:15:35,810 [INFO] PluginManage:196 - Search for loadable plugins [exclusion list=, ]
2024-01-04 23:15:35,812 [INFO] PluginManage:310 - Check plugin analytics
2024-01-04 23:15:36,032 [INFO] AnalyticsPlugin:253 - Accepted Software Licenses: STM32CubeMX.6.9.2
2024-01-04 23:15:36,033 [INFO] AnalyticsPlugin:255 - Accepted CMSIS Pack Licenses: 
2024-01-04 23:15:36,033 [INFO] AnalyticsPlugin:257 - Accepted Firmware Licenses: 
2024-01-04 23:15:36,038 [INFO] PluginManage:359 - Loaded plugin analytics (category:tool,tabindex:-1)
2024-01-04 23:15:36,039 [INFO] PluginManage:310 - Check plugin cadmodel
2024-01-04 23:15:36,056 [INFO] CADModel:105 - Init CAD model plugin
2024-01-04 23:15:36,056 [INFO] PluginManage:359 - Loaded plugin cadmodel (category:power,tabindex:5)
2024-01-04 23:15:36,056 [INFO] PluginManage:310 - Check plugin clock
2024-01-04 23:15:36,077 [INFO] PluginManage:359 - Loaded plugin clock (category:base,tabindex:2)
2024-01-04 23:15:36,077 [INFO] PluginManage:310 - Check plugin ddr
2024-01-04 23:15:36,079 [INFO] PluginManage:359 - Loaded plugin ddr (category:tool,tabindex:6)
2024-01-04 23:15:36,079 [INFO] PluginManage:310 - Check plugin filemanager
2024-01-04 23:15:36,248 [INFO] PluginManage:359 - Loaded plugin filemanager (category:base,tabindex:10)
2024-01-04 23:15:36,249 [INFO] PluginManage:310 - Check plugin ipmanager
2024-01-04 23:15:36,261 [INFO] PluginManage:359 - Loaded plugin ipmanager (category:base,tabindex:5)
2024-01-04 23:15:36,261 [INFO] PluginManage:310 - Check plugin lpbam
2024-01-04 23:15:36,279 [INFO] PluginManage:359 - Loaded plugin lpbam (category:base,tabindex:0)
2024-01-04 23:15:36,280 [INFO] PluginManage:310 - Check plugin memorymap
2024-01-04 23:15:36,305 [INFO] PluginManage:359 - Loaded plugin memorymap (category:base,tabindex:4)
2024-01-04 23:15:36,305 [INFO] PluginManage:310 - Check plugin pinoutandconfiguration
2024-01-04 23:15:36,323 [INFO] PluginManage:359 - Loaded plugin pinoutandconfiguration (category:base,tabindex:1)
2024-01-04 23:15:36,323 [INFO] PluginManage:310 - Check plugin pinoutconfig
2024-01-04 23:15:36,429 [WARN] SupportedApi:132 - Cannot load RTOS API schema: s4s-elt-must-match.1: The content of 'definitions' must match (annotation?, (simpleType | complexType)?, (unique | key | keyref)*)). A problem was found starting at: attribute.
2024-01-04 23:15:36,572 [INFO] PluginManage:359 - Loaded plugin pinoutconfig (category:base,tabindex:0)
2024-01-04 23:15:36,573 [INFO] PluginManage:310 - Check plugin power
2024-01-04 23:15:36,594 [INFO] PluginManage:359 - Loaded plugin power (category:power,tabindex:4)
2024-01-04 23:15:36,594 [INFO] PluginManage:310 - Check plugin projectmanager
2024-01-04 23:15:36,609 [INFO] PluginManage:359 - Loaded plugin projectmanager (category:projectmanager,tabindex:3)
2024-01-04 23:15:36,610 [INFO] PluginManage:310 - Check plugin thirdparty
2024-01-04 23:15:36,909 [INFO] PluginManage:359 - Loaded plugin thirdparty (category:base,tabindex:-1)
2024-01-04 23:15:36,910 [INFO] PluginManage:310 - Check plugin tools
2024-01-04 23:15:36,909 [WARN] IntegrityCheckThread:84 - waiting for thirdparty lock release [integrity check]
2024-01-04 23:15:36,910 [INFO] IntegrityCheckThread:86 - entering critical section [integrity check]
2024-01-04 23:15:36,910 [INFO] ThirdPartyUpdaterWithRetryManager:70 - Updater plugin not ready yet. [1/15]
2024-01-04 23:15:36,941 [INFO] PluginManage:359 - Loaded plugin tools (category:base,tabindex:7)
2024-01-04 23:15:36,941 [INFO] PluginManage:310 - Check plugin tutovideos
2024-01-04 23:15:37,156 [INFO] PluginManage:359 - Loaded plugin tutovideos (category:base,tabindex:-1)
2024-01-04 23:15:37,157 [INFO] PluginManage:310 - Check plugin updater
2024-01-04 23:15:37,170 [INFO] PluginManage:359 - Loaded plugin updater (category:base,tabindex:12)
2024-01-04 23:15:37,170 [INFO] PluginManage:310 - Check plugin userauth
2024-01-04 23:15:37,176 [INFO] UserAuth:113 - Init User Auth plugin
2024-01-04 23:15:37,176 [INFO] PluginManage:359 - Loaded plugin userauth (category:base,tabindex:14)
2024-01-04 23:15:37,177 [INFO] PluginManage:283 - PluginManage : Loaded plugins [17]
2024-01-04 23:15:37,438 [INFO] PinOutPanel:1499 - setPackage(No Configuration,No Configuration)
2024-01-04 23:15:37,591 [INFO] CADModel:165 - CPN selected for project level
2024-01-04 23:15:37,592 [INFO] CADModel:114 - Register for checkConnection events
2024-01-04 23:15:37,620 [INFO] IPUIPlugin:80 - create IPUIPlugin
2024-01-04 23:15:37,620 [INFO] PluginManager:220 - loadIPPluginJar : add adc
2024-01-04 23:15:37,658 [INFO] IPUIPlugin:80 - create IPUIPlugin
2024-01-04 23:15:37,658 [INFO] PluginManager:220 - loadIPPluginJar : add aes
2024-01-04 23:15:37,696 [INFO] IPUIPlugin:80 - create IPUIPlugin
2024-01-04 23:15:37,696 [INFO] PluginManager:220 - loadIPPluginJar : add can
2024-01-04 23:15:37,716 [INFO] IPUIPlugin:80 - create IPUIPlugin
2024-01-04 23:15:37,717 [INFO] PluginManager:220 - loadIPPluginJar : add comp
2024-01-04 23:15:37,746 [INFO] IPUIPlugin:80 - create IPUIPlugin
2024-01-04 23:15:37,746 [INFO] PluginManager:220 - loadIPPluginJar : add cryp
2024-01-04 23:15:37,774 [INFO] IPUIPlugin:80 - create IPUIPlugin
2024-01-04 23:15:37,774 [INFO] PluginManager:220 - loadIPPluginJar : add dfsdm
2024-01-04 23:15:37,787 [INFO] IPUIPlugin:80 - create IPUIPlugin
2024-01-04 23:15:37,788 [INFO] PluginManager:220 - loadIPPluginJar : add dma
2024-01-04 23:15:37,826 [INFO] IPUIPlugin:80 - create IPUIPlugin
2024-01-04 23:15:37,826 [INFO] PluginManager:220 - loadIPPluginJar : add dma3
2024-01-04 23:15:37,845 [INFO] IPUIPlugin:80 - create IPUIPlugin
2024-01-04 23:15:37,845 [INFO] PluginManager:220 - loadIPPluginJar : add fatfs
2024-01-04 23:15:37,887 [INFO] IPUIPlugin:80 - create IPUIPlugin
2024-01-04 23:15:37,887 [INFO] PluginManager:220 - loadIPPluginJar : add fmc
2024-01-04 23:15:37,901 [INFO] IPUIPlugin:80 - create IPUIPlugin
2024-01-04 23:15:37,901 [INFO] PluginManager:220 - loadIPPluginJar : add freertos
2024-01-04 23:15:37,920 [INFO] IPUIPlugin:80 - create IPUIPlugin
2024-01-04 23:15:37,921 [INFO] PluginManager:220 - loadIPPluginJar : add genericplugin
2024-01-04 23:15:38,004 [INFO] IPUIPlugin:80 - create IPUIPlugin
2024-01-04 23:15:38,004 [INFO] PluginManager:220 - loadIPPluginJar : add gfxmmu
2024-01-04 23:15:38,142 [INFO] IPUIPlugin:80 - create IPUIPlugin
2024-01-04 23:15:38,142 [INFO] PluginManager:220 - loadIPPluginJar : add gic
2024-01-04 23:15:38,155 [INFO] IPUIPlugin:80 - create IPUIPlugin
2024-01-04 23:15:38,155 [INFO] PluginManager:220 - loadIPPluginJar : add gpio
2024-01-04 23:15:38,238 [INFO] IPUIPlugin:80 - create IPUIPlugin
2024-01-04 23:15:38,239 [INFO] PluginManager:220 - loadIPPluginJar : add gtzc
2024-01-04 23:15:38,268 [INFO] IPUIPlugin:80 - create IPUIPlugin
2024-01-04 23:15:38,269 [INFO] PluginManager:220 - loadIPPluginJar : add hash
2024-01-04 23:15:38,317 [INFO] IPUIPlugin:80 - create IPUIPlugin
2024-01-04 23:15:38,317 [INFO] PluginManager:220 - loadIPPluginJar : add i2c
2024-01-04 23:15:38,355 [INFO] IPUIPlugin:80 - create IPUIPlugin
2024-01-04 23:15:38,355 [INFO] PluginManager:220 - loadIPPluginJar : add i2s
2024-01-04 23:15:38,393 [INFO] IPUIPlugin:80 - create IPUIPlugin
2024-01-04 23:15:38,393 [INFO] PluginManager:220 - loadIPPluginJar : add i3c
2024-01-04 23:15:38,488 [INFO] IPUIPlugin:80 - create IPUIPlugin
2024-01-04 23:15:38,488 [INFO] PluginManager:220 - loadIPPluginJar : add ipddr
2024-01-04 23:15:38,599 [INFO] IPUIPlugin:80 - create IPUIPlugin
2024-01-04 23:15:38,599 [INFO] PluginManager:220 - loadIPPluginJar : add linkedlist
2024-01-04 23:15:38,631 [INFO] IPUIPlugin:80 - create IPUIPlugin
2024-01-04 23:15:38,631 [INFO] PluginManager:220 - loadIPPluginJar : add lorawan
2024-01-04 23:15:38,666 [INFO] IPUIPlugin:80 - create IPUIPlugin
2024-01-04 23:15:38,666 [INFO] PluginManager:220 - loadIPPluginJar : add ltdc
2024-01-04 23:15:38,680 [INFO] IPUIPlugin:80 - create IPUIPlugin
2024-01-04 23:15:38,681 [INFO] PluginManager:220 - loadIPPluginJar : add mdma
2024-01-04 23:15:38,692 [INFO] IPUIPlugin:80 - create IPUIPlugin
2024-01-04 23:15:38,692 [INFO] PluginManager:220 - loadIPPluginJar : add nvic
2024-01-04 23:15:38,726 [INFO] IPUIPlugin:80 - create IPUIPlugin
2024-01-04 23:15:38,726 [INFO] PluginManager:220 - loadIPPluginJar : add opamp
2024-01-04 23:15:38,781 [INFO] IPUIPlugin:80 - create IPUIPlugin
2024-01-04 23:15:38,781 [INFO] PluginManager:220 - loadIPPluginJar : add openamp
2024-01-04 23:15:38,819 [INFO] IPUIPlugin:80 - create IPUIPlugin
2024-01-04 23:15:38,819 [INFO] PluginManager:220 - loadIPPluginJar : add pdm2pcm
2024-01-04 23:15:38,833 [INFO] IPUIPlugin:80 - create IPUIPlugin
2024-01-04 23:15:38,835 [INFO] PluginManager:220 - loadIPPluginJar : add plateformsettings
2024-01-04 23:15:38,856 [INFO] IPUIPlugin:80 - create IPUIPlugin
2024-01-04 23:15:38,856 [INFO] PluginManager:220 - loadIPPluginJar : add quadspi
2024-01-04 23:15:38,870 [INFO] IPUIPlugin:80 - create IPUIPlugin
2024-01-04 23:15:38,870 [INFO] PluginManager:220 - loadIPPluginJar : add resmgrutility
2024-01-04 23:15:38,914 [INFO] IPUIPlugin:80 - create IPUIPlugin
2024-01-04 23:15:38,914 [INFO] PluginManager:220 - loadIPPluginJar : add sai
2024-01-04 23:15:38,949 [INFO] IPUIPlugin:80 - create IPUIPlugin
2024-01-04 23:15:38,949 [INFO] PluginManager:220 - loadIPPluginJar : add spi
2024-01-04 23:15:39,000 [INFO] IPUIPlugin:80 - create IPUIPlugin
2024-01-04 23:15:39,001 [INFO] PluginManager:220 - loadIPPluginJar : add stm32_wpan
2024-01-04 23:15:39,023 [INFO] IPUIPlugin:80 - create IPUIPlugin
2024-01-04 23:15:39,023 [INFO] PluginManager:220 - loadIPPluginJar : add tim
2024-01-04 23:15:39,077 [INFO] IPUIPlugin:80 - create IPUIPlugin
2024-01-04 23:15:39,077 [INFO] PluginManager:220 - loadIPPluginJar : add touchsensing
2024-01-04 23:15:39,099 [INFO] IPUIPlugin:80 - create IPUIPlugin
2024-01-04 23:15:39,100 [INFO] PluginManager:220 - loadIPPluginJar : add tracer_emb
2024-01-04 23:15:39,123 [INFO] IPUIPlugin:80 - create IPUIPlugin
2024-01-04 23:15:39,123 [INFO] PluginManager:220 - loadIPPluginJar : add ts
2024-01-04 23:15:39,143 [INFO] IPUIPlugin:80 - create IPUIPlugin
2024-01-04 23:15:39,143 [INFO] PluginManager:220 - loadIPPluginJar : add tsc
2024-01-04 23:15:39,164 [INFO] IPUIPlugin:80 - create IPUIPlugin
2024-01-04 23:15:39,164 [INFO] PluginManager:220 - loadIPPluginJar : add ucpd
2024-01-04 23:15:39,206 [INFO] IPUIPlugin:80 - create IPUIPlugin
2024-01-04 23:15:39,206 [INFO] PluginManager:220 - loadIPPluginJar : add usart
2024-01-04 23:15:39,246 [INFO] IPUIPlugin:80 - create IPUIPlugin
2024-01-04 23:15:39,246 [INFO] PluginManager:220 - loadIPPluginJar : add usbx
2024-01-04 23:15:39,396 [INFO] CADModel:165 - CPN selected for project level
2024-01-04 23:15:39,396 [INFO] CADModel:114 - Register for checkConnection events
2024-01-04 23:15:39,396 [FATAL] Updater:308 - Updater called before beeing initialized
2024-01-04 23:15:39,396 [ERROR] CADModel:125 - Updater not yet initialized, retry later 
2024-01-04 23:15:39,559 [INFO] CADModel:165 - CPN selected for project level
2024-01-04 23:15:39,559 [INFO] CADModel:114 - Register for checkConnection events
2024-01-04 23:15:39,559 [FATAL] Updater:308 - Updater called before beeing initialized
2024-01-04 23:15:39,559 [ERROR] CADModel:125 - Updater not yet initialized, retry later 
2024-01-04 23:15:39,564 [FATAL] Updater:308 - Updater called before beeing initialized
2024-01-04 23:15:39,698 [FATAL] Updater:308 - Updater called before beeing initialized
2024-01-04 23:15:39,708 [INFO] DbMcusAds:53 - JSON generation date=Wed Nov 29 11:52:27 CET 2023 (1701255147349)
2024-01-04 23:15:39,708 [FATAL] Updater:308 - Updater called before beeing initialized
2024-01-04 23:15:39,784 [WARN] DetailPanel:346 - Failed to get advertising image, set to default
2024-01-04 23:15:39,911 [INFO] ThirdPartyUpdaterWithRetryManager:70 - Updater plugin not ready yet. [2/15]
2024-01-04 23:15:39,931 [FATAL] Updater:308 - Updater called before beeing initialized
2024-01-04 23:15:39,934 [FATAL] Updater:308 - Updater called before beeing initialized
2024-01-04 23:15:39,934 [FATAL] Updater:308 - Updater called before beeing initialized
2024-01-04 23:15:39,934 [WARN] DetailPanel:346 - Failed to get advertising image, set to default
2024-01-04 23:15:39,935 [FATAL] Updater:308 - Updater called before beeing initialized
2024-01-04 23:15:40,001 [ERROR] Updater:1120 - MainUpdater not yet initialized. External WinMGr cannot be set.
2024-01-04 23:15:40,009 [INFO] Updater:1056 - Updater Version found : 6.9.2
2024-01-04 23:15:40,023 [INFO] ApplicationProperties:184 - Using Application install path: C:\ST\STM32CubeIDE_1.11.2\STM32CubeIDE\plugins\com.st.stm32cube.common.mx_6.9.2.202309101412
2024-01-04 23:15:40,221 [ERROR] ServerAccessManage:1146 - Warning during Server Connection :  Unknown host sw-center.st.com
2024-01-04 23:15:40,226 [INFO] MainUpdater:2868 - connection check result : 22
2024-01-04 23:15:40,227 [INFO] MainUpdater:285 - Updater Check For Update Now.
2024-01-04 23:15:40,227 [INFO] MicroXplorer:498 - Change Database Version : DB.6.0.92
2024-01-04 23:15:40,250 [INFO] McuFinderGlobals:63 - Set McuFinder mode to 2 (CubeIDE integrated)
2024-01-04 23:15:40,251 [INFO] UserAuth:179 - activating auth plugin
2024-01-04 23:15:40,256 [INFO] UserAuth:393 - Internet connection configuration mode: 2
2024-01-04 23:15:40,457 [INFO] CheckServerUpdateThread:120 - End of CheckServer Thread
2024-01-04 23:15:43,401 [WARN] PackLoader:240 - Cannot read IP mode file for STMicroelectronics.X-CUBE-SMBUS.2.1.0
2024-01-04 23:15:43,422 [WARN] PackLoader:240 - Cannot read IP mode file for STMicroelectronics.X-CUBE-TOUCHGFX.4.23.0
2024-01-04 23:15:43,496 [WARN] PackLoader:240 - Cannot read IP mode file for STMicroelectronics.X-CUBE-AZRTOS-F7.1.1.0
2024-01-04 23:15:43,521 [WARN] PackLoader:240 - Cannot read IP mode file for STMicroelectronics.FP-SNS-MOTENV1.4.3.2
2024-01-04 23:15:43,545 [WARN] PackLoader:240 - Cannot read IP mode file for STMicroelectronics.X-CUBE-BLE1.6.2.4
2024-01-04 23:15:43,562 [WARN] PackLoader:240 - Cannot read IP mode file for STMicroelectronics.FP-SNS-FLIGHT1.5.0.2
2024-01-04 23:15:43,585 [WARN] PackLoader:240 - Cannot read IP mode file for STMicroelectronics.X-CUBE-DISPLAY.3.0.0
2024-01-04 23:15:43,610 [WARN] PackLoader:240 - Cannot read IP mode file for STMicroelectronics.X-CUBE-BLE1.7.0.0
2024-01-04 23:15:43,629 [WARN] PackLoader:240 - Cannot read IP mode file for STMicroelectronics.X-CUBE-TOUCHGFX.4.22.0
2024-01-04 23:15:43,644 [WARN] PackLoader:240 - Cannot read IP mode file for STMicroelectronics.X-CUBE-TOUCHGFX.4.22.1
2024-01-04 23:15:43,660 [WARN] PackLoader:240 - Cannot read IP mode file for STMicroelectronics.FP-SNS-SMARTAG2.1.2.0
2024-01-04 23:15:43,687 [INFO] LogOutputStream:77 - [STDOUT_REDIRECT] 1 : Invalid condition id : UX_CORESTACK_Condition cause : null
2024-01-04 23:15:43,688 [INFO] LogOutputStream:77 - [STDOUT_REDIRECT] 1 : Invalid condition id : UX_CORESTACK_Condition cause : null
2024-01-04 23:15:43,689 [INFO] LogOutputStream:77 - [STDOUT_REDIRECT] 1 : Invalid condition id : UX_CORESTACK_Condition cause : null
2024-01-04 23:15:43,691 [INFO] LogOutputStream:77 - [STDOUT_REDIRECT] 1 : Invalid condition id : UX_CORESTACK_Condition cause : null
2024-01-04 23:15:43,692 [INFO] LogOutputStream:77 - [STDOUT_REDIRECT] 1 : Invalid condition id : UX_CORESTACK_Condition cause : null
2024-01-04 23:15:43,696 [WARN] PackLoader:240 - Cannot read IP mode file for STMicroelectronics.X-CUBE-AZRTOS-WL.2.0.0
2024-01-04 23:15:43,717 [WARN] PackLoader:240 - Cannot read IP mode file for WES.I-CUBE-Cesium.1.3.0
2024-01-04 23:15:43,733 [WARN] PackLoader:240 - Cannot read IP mode file for STMicroelectronics.X-CUBE-BLE2.3.3.0
2024-01-04 23:15:43,759 [WARN] PackLoader:240 - Cannot read IP mode file for STMicroelectronics.X-CUBE-TOF1.3.2.0
2024-01-04 23:15:43,781 [WARN] PackLoader:240 - Cannot read IP mode file for STMicroelectronics.X-CUBE-TOUCHGFX.4.21.1
2024-01-04 23:15:43,797 [WARN] PackLoader:240 - Cannot read IP mode file for STMicroelectronics.X-CUBE-AI.7.3.0
2024-01-04 23:15:43,821 [WARN] PackLoader:240 - Cannot read IP mode file for STMicroelectronics.X-CUBE-ALGOBUILD.1.3.0
2024-01-04 23:15:43,870 [WARN] PackLoader:240 - Cannot read IP mode file for STMicroelectronics.X-CUBE-AZRTOS-G0.1.1.0
2024-01-04 23:15:43,898 [WARN] PackLoader:240 - Cannot read IP mode file for STMicroelectronics.X-CUBE-NFC4.3.0.0
2024-01-04 23:15:43,944 [WARN] PackLoader:240 - Cannot read IP mode file for STMicroelectronics.X-CUBE-BLEMGR.3.0.0
2024-01-04 23:15:43,969 [WARN] PackLoader:240 - Cannot read IP mode file for STMicroelectronics.X-CUBE-BLEMGR.1.3.0
2024-01-04 23:15:43,991 [WARN] PackLoader:240 - Cannot read IP mode file for STMicroelectronics.FP-ATR-SIGFOX1.3.2.0
2024-01-04 23:15:44,054 [WARN] PackLoader:240 - Cannot read IP mode file for STMicroelectronics.X-CUBE-MEMS1.9.5.0
2024-01-04 23:15:44,315 [WARN] PackLoader:240 - Cannot read IP mode file for SEGGER.I-CUBE-embOS.1.3.1
2024-01-04 23:15:44,437 [WARN] PackLoader:240 - Cannot read IP mode file for STMicroelectronics.X-CUBE-GNSS1.6.0.0
2024-01-04 23:15:44,480 [WARN] PackLoader:240 - Cannot read IP mode file for STMicroelectronics.X-CUBE-AZRTOS-F4.1.1.0
2024-01-04 23:15:44,520 [WARN] PackLoader:240 - Cannot read IP mode file for STMicroelectronics.X-CUBE-AZRTOS-L5.2.0.0
2024-01-04 23:15:44,587 [WARN] PackLoader:240 - Cannot read IP mode file for STMicroelectronics.X-CUBE-MEMS1.9.6.0
2024-01-04 23:15:44,782 [WARN] PackLoader:240 - Cannot read IP mode file for STMicroelectronics.X-CUBE-EEPRMA1.4.2.0
2024-01-04 23:15:44,801 [WARN] PackLoader:240 - Cannot read IP mode file for ITTIA_DB.I-CUBE-ITTIADB.8.8.0
2024-01-04 23:15:44,822 [WARN] PackLoader:240 - Cannot read IP mode file for emotas.I-CUBE-CANOPEN.1.1.3
2024-01-04 23:15:44,845 [WARN] PackLoader:240 - Cannot read IP mode file for STMicroelectronics.X-CUBE-BLEMGR.2.0.0
2024-01-04 23:15:44,882 [WARN] ConditionMgr:438 - getConditionDescription Invalid condition id : UX DEVICE CLASS RTOS Condition cause : null
2024-01-04 23:15:44,883 [WARN] ConditionMgr:438 - getConditionDescription Invalid condition id : UX DEVICE CLASS RTOS Condition cause : null
2024-01-04 23:15:44,886 [WARN] PackLoader:240 - Cannot read IP mode file for STMicroelectronics.X-CUBE-AZRTOS-H7.3.1.0
2024-01-04 23:15:44,887 [WARN] ConditionMgr:1039 - genDependencies : Invalid condition id : UX DEVICE CLASS RTOS Condition cause : null
2024-01-04 23:15:44,887 [WARN] ConditionMgr:1039 - genDependencies : Invalid condition id : UX DEVICE CLASS RTOS Condition cause : null
2024-01-04 23:15:44,888 [WARN] ConditionMgr:1039 - genDependencies : Invalid condition id : UX DEVICE CLASS RTOS Condition cause : null
2024-01-04 23:15:44,888 [WARN] ConditionMgr:1039 - genDependencies : Invalid condition id : UX DEVICE CLASS RTOS Condition cause : null
2024-01-04 23:15:44,888 [WARN] ConditionMgr:1039 - genDependencies : Invalid condition id : UX DEVICE CLASS RTOS Condition cause : null
2024-01-04 23:15:44,907 [WARN] PackLoader:240 - Cannot read IP mode file for wolfSSL.I-CUBE-wolfSSL.5.5.4
2024-01-04 23:15:44,924 [WARN] PackLoader:240 - Cannot read IP mode file for STMicroelectronics.X-CUBE-NFC7.1.0.1
2024-01-04 23:15:44,940 [WARN] PackLoader:240 - Cannot read IP mode file for STMicroelectronics.X-CUBE-NFC7.1.0.0
2024-01-04 23:15:44,960 [WARN] PackLoader:240 - Cannot read IP mode file for STMicroelectronics.X-CUBE-NFC6.3.0.0
2024-01-04 23:15:44,976 [WARN] PackLoader:240 - Cannot read IP mode file for STMicroelectronics.X-CUBE-EEPRMA1.4.1.0
2024-01-04 23:15:44,992 [WARN] PackLoader:240 - Cannot read IP mode file for STMicroelectronics.X-CUBE-AI.8.1.0
2024-01-04 23:15:45,060 [WARN] ConditionMgr:438 - getConditionDescription Invalid condition id : LAN8742 Phy interface Condition cause : null
2024-01-04 23:15:45,062 [WARN] PackLoader:240 - Cannot read IP mode file for STMicroelectronics.X-CUBE-AZRTOS-L4.2.0.0
2024-01-04 23:15:45,065 [WARN] ConditionMgr:1039 - genDependencies : Invalid condition id : LAN8742 Phy interface Condition cause : null
2024-01-04 23:15:45,065 [WARN] ConditionMgr:1039 - genDependencies : Invalid condition id : LAN8742 Phy interface Condition cause : null
2024-01-04 23:15:45,066 [WARN] ConditionMgr:1039 - genDependencies : Invalid condition id : LAN8742 Phy interface Condition cause : null
2024-01-04 23:15:45,114 [WARN] PackLoader:240 - Cannot read IP mode file for STMicroelectronics.X-CUBE-SFXS2LP1.4.0.0
2024-01-04 23:15:45,177 [WARN] PackLoader:240 - Cannot read IP mode file for STMicroelectronics.X-CUBE-AZRTOS-H7.3.0.0
2024-01-04 23:15:45,199 [WARN] PackLoader:240 - Cannot read IP mode file for STMicroelectronics.X-CUBE-ISPU.1.1.0
2024-01-04 23:15:45,221 [WARN] PackLoader:240 - Cannot read IP mode file for RoweBots.I-CUBE-UNISONRTOS.5.5.0-4
2024-01-04 23:15:45,237 [WARN] PackLoader:240 - Cannot read IP mode file for STMicroelectronics.X-CUBE-AI.8.0.0
2024-01-04 23:15:45,267 [WARN] ConditionMgr:438 - getConditionDescription Invalid condition id : UX DEVICE CLASS RTOS Condition cause : null
2024-01-04 23:15:45,268 [WARN] ConditionMgr:438 - getConditionDescription Invalid condition id : UX DEVICE CLASS RTOS Condition cause : null
2024-01-04 23:15:45,271 [WARN] PackLoader:240 - Cannot read IP mode file for STMicroelectronics.X-CUBE-AZRTOS-WB.2.0.0
2024-01-04 23:15:45,272 [WARN] ConditionMgr:1039 - genDependencies : Invalid condition id : UX DEVICE CLASS RTOS Condition cause : null
2024-01-04 23:15:45,273 [WARN] ConditionMgr:1039 - genDependencies : Invalid condition id : UX DEVICE CLASS RTOS Condition cause : null
2024-01-04 23:15:45,274 [WARN] ConditionMgr:1039 - genDependencies : Invalid condition id : UX DEVICE CLASS RTOS Condition cause : null
2024-01-04 23:15:45,274 [WARN] ConditionMgr:1039 - genDependencies : Invalid condition id : UX DEVICE CLASS RTOS Condition cause : null
2024-01-04 23:15:45,275 [WARN] ConditionMgr:1039 - genDependencies : Invalid condition id : UX DEVICE CLASS RTOS Condition cause : null
2024-01-04 23:15:45,292 [WARN] PackLoader:240 - Cannot read IP mode file for STMicroelectronics.X-CUBE-FREERTOS.1.0.1
2024-01-04 23:15:45,328 [WARN] PackLoader:240 - Cannot read IP mode file for STMicroelectronics.X-CUBE-AZRTOS-L5.1.1.0
2024-01-04 23:15:45,362 [WARN] PackLoader:240 - Cannot read IP mode file for STMicroelectronics.X-CUBE-SUBG2.5.0.0
2024-01-04 23:15:45,397 [WARN] PackLoader:240 - Cannot read IP mode file for STMicroelectronics.X-CUBE-TOF1.3.3.1
2024-01-04 23:15:45,444 [WARN] PackLoader:240 - Cannot read IP mode file for STMicroelectronics.X-CUBE-AZRTOS-G4.2.0.0
2024-01-04 23:15:45,463 [WARN] PackLoader:240 - Cannot read IP mode file for STMicroelectronics.FP-ATR-ASTRA1.1.1.1
2024-01-04 23:15:45,492 [WARN] PackLoader:240 - Cannot read IP mode file for Infineon.AIROC-Wi-Fi-Bluetooth-STM32.1.5.1
2024-01-04 23:15:45,510 [WARN] PackLoader:240 - Cannot read IP mode file for STMicroelectronics.FP-SNS-MOTENVWB1.1.3.0
2024-01-04 23:15:45,526 [WARN] PackLoader:240 - Cannot read IP mode file for STMicroelectronics.FP-SNS-MOTENVWB1.1.3.1
2024-01-04 23:15:45,558 [WARN] PackLoader:240 - Cannot read IP mode file for STMicroelectronics.X-CUBE-AZRTOS-G4.1.0.0
2024-01-04 23:15:45,596 [WARN] PackLoader:240 - Cannot read IP mode file for STMicroelectronics.X-CUBE-AZRTOS-L4.1.0.0
2024-01-04 23:15:45,613 [WARN] PackLoader:240 - Cannot read IP mode file for STMicroelectronics.X-CUBE-ISPU.2.0.0
2024-01-04 23:15:45,677 [WARN] PackLoader:240 - Cannot read IP mode file for STMicroelectronics.X-CUBE-MEMS1.10.0.0
2024-01-04 23:15:45,850 [WARN] PackLoader:240 - Cannot read IP mode file for STMicroelectronics.X-CUBE-FREERTOS.1.1.0
2024-01-04 23:15:45,882 [WARN] PackLoader:240 - Cannot read IP mode file for STMicroelectronics.X-CUBE-AZRTOS-WL.1.0.0
2024-01-04 23:15:45,906 [WARN] PackLoader:240 - Cannot read IP mode file for portGmbH.I-Cube-SoM-uGOAL.1.1.0
2024-01-04 23:15:45,926 [WARN] PackLoader:240 - Cannot read IP mode file for STMicroelectronics.X-CUBE-ALS.1.0.1
2024-01-04 23:15:45,959 [WARN] PackLoader:240 - Cannot read IP mode file for STMicroelectronics.X-CUBE-AZRTOS-WB.1.1.0
2024-01-04 23:15:45,974 [WARN] PackLoader:240 - Cannot read IP mode file for STMicroelectronics.FP-ATR-ASTRA1.2.0.0
2024-01-04 23:15:46,002 [WARN] PackLoader:240 - Cannot read IP mode file for STMicroelectronics.X-CUBE-TOF1.3.4.0
2024-01-04 23:15:46,064 [WARN] PackLoader:240 - Cannot read IP mode file for STMicroelectronics.X-CUBE-AZRTOS-H7.3.2.0
2024-01-04 23:15:46,070 [INFO] ThirdParty:978 - Integrity check success = true
2024-01-04 23:15:46,070 [INFO] IntegrityCheckThread:100 - exiting critical section [integrity check]
2024-01-04 23:15:46,070 [INFO] IntegrityCheckThread:103 - End integrity checks thread
2024-01-04 23:16:01,546 [ERROR] LogOutputStream:75 - [STDERR_REDIRECT] SLF4J: Failed to load class "org.slf4j.impl.StaticLoggerBinder".
2024-01-04 23:16:01,547 [ERROR] LogOutputStream:75 - [STDERR_REDIRECT] SLF4J: Defaulting to no-operation (NOP) logger implementation
2024-01-04 23:16:01,550 [ERROR] LogOutputStream:75 - [STDERR_REDIRECT] SLF4J: See http://www.slf4j.org/codes.html#StaticLoggerBinder for further details.
2024-01-04 23:50:30,006 [INFO] McuFinderGlobals:63 - Set McuFinder mode to 2 (CubeIDE integrated)
2024-01-04 23:50:30,633 [INFO] MainUpdater:2868 - connection check result : 10
2024-01-04 23:50:30,656 [INFO] McuFinderGlobals:76 - Set McuFinderConnectedMode to true
2024-01-04 23:50:31,330 [INFO] ServerAccessManage:473 - Download File mcusAds.json._tmp_
2024-01-04 23:50:31,452 [INFO] LoadUrlFilesThread:156 - End of LoadUrlFiles Thread
2024-01-04 23:50:32,033 [INFO] ServerAccessManage:473 - Download File cube-finder-db.zip
2024-01-04 23:51:01,945 [INFO] FileExtend:240 - Unzip File : cube-finder-db.zip
2024-01-04 23:51:01,945 [INFO] FileExtend:255 - Standard Zip Deflate
2024-01-04 23:51:02,986 [INFO] LoadUrlFilesThread:156 - End of LoadUrlFiles Thread
2024-01-04 23:51:03,402 [INFO] ServerAccessManage:473 - Download File crdb.zip
2024-01-04 23:51:04,469 [INFO] FileExtend:240 - Unzip File : crdb.zip
2024-01-04 23:51:04,470 [INFO] FileExtend:255 - Standard Zip Deflate
2024-01-04 23:51:04,598 [INFO] LoadUrlFilesThread:156 - End of LoadUrlFiles Thread
2024-01-04 23:51:05,416 [INFO] ServerAccessManage:473 - Download File tutoVideoDB.zip
2024-01-04 23:51:05,502 [INFO] FileExtend:240 - Unzip File : tutoVideoDB.zip
2024-01-04 23:51:05,503 [INFO] FileExtend:255 - Standard Zip Deflate
2024-01-04 23:51:05,629 [INFO] LoadUrlFilesThread:156 - End of LoadUrlFiles Thread
2024-01-04 23:51:05,634 [WARN] DbFile:41 - Overriding database path with different value: C:\Users\erkan\.stmcufinder\plugins\mcufinder/ => C:\Users\erkan\.stmcufinder\plugins\mcufinder
2024-01-04 23:51:06,398 [INFO] ServerAccessManage:473 - Download File api_config.json
2024-01-04 23:51:06,509 [INFO] LoadUrlFilesThread:156 - End of LoadUrlFiles Thread
2024-01-04 23:51:06,510 [INFO] DbMcusAds:53 - JSON generation date=Wed Nov 29 11:52:27 CET 2023 (1701255147349)
2024-01-04 23:51:06,535 [INFO] LoadUrlFilesThread:185 - End of LoadServerUrlFiles without Thread
2024-01-04 23:51:06,536 [INFO] TargetSelectorAdapter:259 - Refresh data is successful
2024-01-04 23:51:06,685 [INFO] ApiDb:581 - Connected to CubeFinder SQLite database (C:\Users\erkan\.stmcufinder\plugins\mcufinder\mcu\cube-finder-db.db)
2024-01-04 23:51:06,750 [INFO] ApiDb:668 - CubeFinder database Data Model version=2.1
2024-01-04 23:51:06,751 [INFO] ApiDb:669 - CubeFinder database Configuration version=3.0.39
2024-01-04 23:51:06,752 [INFO] ApiDb:670 - CubeFinder database generation date=2023-12-08 (1702028721)
2024-01-04 23:51:06,752 [INFO] ApiDb:671 - CubeFinder database FW Pack versions=[FP-ATR-ASTRA1_V2.0.0, FP-SNS-FLIGHT1_V5.0.1, FP-SNS-FLIGHT1_V5.0.2, FP-SNS-MOTENV1_V4.3.1, FP-SNS-MOTENV1_V4.3.2, FP-SNS-MOTENVWB1_V1.3.1, FP-SNS-SMARTAG2_V1.2.0, STM32Cube_FW_C0_V1.1.0, STM32Cube_FW_F4_V1.28.0, STM32Cube_FW_F7_V1.17.0, STM32Cube_FW_G0_V1.6.1, STM32Cube_FW_G4_V1.5.1, STM32Cube_FW_H5_V0.5.1, STM32Cube_FW_H5_V1.1.1, STM32Cube_FW_H5_V1.2.0RC2, STM32Cube_FW_H7_V1.11.0, STM32Cube_FW_L0_V1.12.2, STM32Cube_FW_L5_V1.5.0, STM32Cube_FW_U5_V1.3.0RC4, STM32Cube_FW_U5_V1.4.0, STM32Cube_FW_WBA_V1.0.0RC1, STM32Cube_FW_WBA_V1.1.0RC1, STM32Cube_FW_WBA_V1.2.0, STM32Cube_FW_WBA_V1.2.0RC2, STM32Cube_FW_WB_V1.15.0RC1, STM32Cube_FW_WB_V1.16.0, STM32Cube_FW_WB_V1.16.0RC2, STM32Cube_FW_WB_V1.18.0, STM32Cube_FW_WL_V1.3.0, X-CUBE-ALGOBUILD_V1.3.0, X-CUBE-ALS_V1.0.1, X-CUBE-AZRTOS-F4_V1.1.0, X-CUBE-AZRTOS-F7_V1.1.0, X-CUBE-AZRTOS-G0_V1.1.0, X-CUBE-AZRTOS-G4_V2.0.0, X-CUBE-AZRTOS-H7_V3.1.0, X-CUBE-AZRTOS-L4_V1.0.0, X-CUBE-AZRTOS-L4_V2.0.0, X-CUBE-AZRTOS-L5_V1.1.0, X-CUBE-AZRTOS-WB_V2.0.0, X-CUBE-AZRTOS-WL_V2.0.0, X-CUBE-BLE1_V7.0.0, X-CUBE-BLE2_V3.3.0, X-CUBE-BLEMGR_V3.0.0, X-CUBE-EEPRMA1_V4.1.0, X-CUBE-EEPRMA1_V4.2.0, X-CUBE-FREERTOS_V1.1.0, X-CUBE-GNSS1_V6.0.0, X-CUBE-MEMS1_V10.0.0, X-CUBE-MEMS1_V9.1.0, X-CUBE-MEMS1_V9.4.0, X-CUBE-MEMS1_V9.6.0, X-CUBE-NFC4_V3.0.0, X-CUBE-NFC7_V1.0.1, X-CUBE-SFXS2LP1_V4.0.0, X-CUBE-SUBG2_V5.0.0, X-CUBE-TOF1_V3.4.0]
2024-01-04 23:51:08,612 [INFO] ApiDb:240 - Found 323 in-development CPN: [B-G473E-ZEST1S, B-WB1M-WPAN1, B-WL5M-SUBG1, NUCLEO-C031C6, NUCLEO-H503RB, NUCLEO-H563ZI, NUCLEO-U545RE-Q, NUCLEO-U5A5ZJ-Q, NUCLEO-WBA52CG, STEVAL-PROTEUS1, STEVAL-SMARTAG2, STEVAL-STWINBX1, STM320518-EVAL, STM32C0116-DK, STM32C011D6Y3TR, STM32C011D6Y6TR, STM32C011F4P3, STM32C011F4P6, STM32C011F4U3, STM32C011F4U6TR, STM32C011F6P3, STM32C011F6P6, STM32C011F6U3, STM32C011F6U6TR, STM32C011J4M3, STM32C011J4M6, STM32C011J6M3, STM32C011J6M6, STM32C0316-DK, STM32C031C4T3, STM32C031C4T6, STM32C031C4U3, STM32C031C4U6, STM32C031C6T3, STM32C031C6T6, STM32C031C6U3, STM32C031C6U6, STM32C031F4P3, STM32C031F4P6, STM32C031F6P3, STM32C031F6P6, STM32C031G4U3, STM32C031G4U6, STM32C031G6U3, STM32C031G6U6, STM32C031K4T3, STM32C031K4T6, STM32C031K4U3, STM32C031K4U6, STM32C031K6T3, STM32C031K6T6, STM32C031K6U3, STM32C031K6U6, STM32G071K8TXN, STM32G071K8UXN, STM32G081GBU6N, STM32G081KBT6N, STM32G081KBUXN, STM32G0B1CCT6N, STM32G0B1KCT6, STM32G0B1NEY6TR, STM32G0B1RCT6N, STM32G0C1CCT6, STM32G0C1CCT6N, STM32G0C1CCU6N, STM32G0C1CET6N, STM32G0C1CEU6N, STM32G0C1KCT6, STM32G0C1NEY6TR, STM32G0C1RCI6N, STM32G0C1RCT6N, STM32G0C1REI6N, STM32G0C1RET6N, STM32G0C1VCI6, STM32G0C1VEI6, STM32G471CCT6, STM32G471CCU6, STM32G471CET3, STM32G471CET6, STM32G471CEU3, STM32G471CEU6, STM32G471MCT6, STM32G471MET3, STM32G471MET6, STM32G471MEY6TR, STM32G471QCT6, STM32G471QET3, STM32G471RCT6, STM32G471RET3, STM32G471RET6, STM32G471VCH6, STM32G471VCI6, STM32G471VCT6, STM32G471VEH3, STM32G471VEH6, STM32G471VEI3, STM32G471VEI6, STM32G471VET3, STM32G471VET6, STM32G474CCT6, STM32H503CBT6, STM32H503CBU6, STM32H503EBY6TR, STM32H503KBU6, STM32H503RBT6, STM32H562AGI6, STM32H562AII6, STM32H562IGK6, STM32H562IGT6, STM32H562IIK6, STM32H562IIT6, STM32H562RGT6, STM32H562RGV6, STM32H562RIT6, STM32H562RIV6, STM32H562VGT6, STM32H562VIT6, STM32H562ZGT6, STM32H562ZIT6, STM32H563AGI6, STM32H563AII3Q, STM32H563AII6, STM32H563IGK6, STM32H563IGT6, STM32H563IIK3Q, STM32H563IIK6, STM32H563IIT3Q, STM32H563IIT6, STM32H563MIY3QTR, STM32H563RGT6, STM32H563RGV6, STM32H563RIT6, STM32H563RIV6, STM32H563VGT6, STM32H563VIT3Q, STM32H563VIT6, STM32H563ZGT6, STM32H563ZIT3Q, STM32H563ZIT6, STM32H573AII3Q, STM32H573AII6, STM32H573I-DK, STM32H573IIK3Q, STM32H573IIK6, STM32H573IIT3Q, STM32H573IIT6, STM32H573MIY3QTR, STM32H573RIT6, STM32H573RIV6, STM32H573VIT3Q, STM32H573VIT6, STM32H573ZIT3Q, STM32H573ZIT6, STM32L4R5QGI6STR, STM32MP131AAE3, STM32MP131AAF3, STM32MP131AAG3, STM32MP131CAE3, STM32MP131CAF3, STM32MP131CAG3, STM32MP131DAE7, STM32MP131DAF7, STM32MP131DAG7, STM32MP131FAE7, STM32MP131FAF7, STM32MP131FAG7, STM32MP133AAE3, STM32MP133AAF3, STM32MP133AAG3, STM32MP133CAE3, STM32MP133CAF3, STM32MP133CAG3, STM32MP133DAE7, STM32MP133DAF7, STM32MP133DAG7, STM32MP133FAE7, STM32MP133FAF7, STM32MP133FAG7, STM32MP135AAE3, STM32MP135AAF3, STM32MP135AAG3, STM32MP135CAE3, STM32MP135CAF3, STM32MP135CAG3, STM32MP135DAE7, STM32MP135DAF7, STM32MP135DAG7, STM32MP135F-DK, STM32MP135FAE7, STM32MP135FAF7, STM32MP135FAF7T, STM32MP135FAF7U, STM32MP135FAG7, STM32U535CBT6, STM32U535CBT6Q, STM32U535CBU6, STM32U535CBU6Q, STM32U535CCT6, STM32U535CCT6Q, STM32U535CCU6, STM32U535CCU6Q, STM32U535CET6, STM32U535CET6Q, STM32U535CEU6, STM32U535CEU6Q, STM32U535JEY6QTR, STM32U535NCY6QTR, STM32U535NEY6QTR, STM32U535RBI6, STM32U535RBI6Q, STM32U535RBT6, STM32U535RBT6Q, STM32U535RCI6, STM32U535RCI6Q, STM32U535RCT6, STM32U535RCT6Q, STM32U535REI6, STM32U535REI6Q, STM32U535RET6, STM32U535RET6Q, STM32U535VCI6, STM32U535VCI6Q, STM32U535VCT6, STM32U535VCT6Q, STM32U535VEI6, STM32U535VEI6Q, STM32U535VET6, STM32U535VET6Q, STM32U545CET6, STM32U545CET6Q, STM32U545CEU6, STM32U545CEU6Q, STM32U545JEY6QTR, STM32U545NEY6QTR, STM32U545REI6, STM32U545REI6Q, STM32U545RET6, STM32U545RET6Q, STM32U545VEI6, STM32U545VEI6Q, STM32U545VET6, STM32U545VET6Q, STM32U595AIH6, STM32U595AIH6Q, STM32U595AJH6, STM32U595AJH6Q, STM32U595QII6, STM32U595QII6Q, STM32U595QJI6, STM32U595QJI6Q, STM32U595RIT6, STM32U595RIT6Q, STM32U595RJT6, STM32U595RJT6Q, STM32U595VIT6, STM32U595VIT6Q, STM32U595VJT6, STM32U595VJT6Q, STM32U595ZIT6, STM32U595ZIT6Q, STM32U595ZIY6QTR, STM32U595ZJT6, STM32U595ZJT6Q, STM32U595ZJY6QTR, STM32U599BJY6QTR, STM32U599NIH6Q, STM32U599NJH6Q, STM32U599VIT6Q, STM32U599VJT6, STM32U599VJT6Q, STM32U599ZIT6Q, STM32U599ZIY6QTR, STM32U599ZJT6Q, STM32U599ZJY6QTR, STM32U5A5AJH6, STM32U5A5AJH6Q, STM32U5A5QJI6, STM32U5A5QJI6Q, STM32U5A5RJT6, STM32U5A5RJT6Q, STM32U5A5VJT6, STM32U5A5VJT6Q, STM32U5A5ZJT6, STM32U5A5ZJT6Q, STM32U5A5ZJY6QTR, STM32U5A9BJY6QTR, STM32U5A9J-DK, STM32U5A9NJH6Q, STM32U5A9VJT6Q, STM32U5A9ZJT6Q, STM32U5A9ZJY6QTR, STM32U5F7VIT6, STM32U5F7VIT6Q, STM32U5F7VJT6, STM32U5F7VJT6Q, STM32U5F9BJY6QTR, STM32U5F9NJH6Q, STM32U5F9VIT6Q, STM32U5F9VJT6Q, STM32U5F9ZIJ6QTR, STM32U5F9ZIT6Q, STM32U5F9ZJJ6QTR, STM32U5F9ZJT6Q, STM32U5G7VJT6, STM32U5G7VJT6Q, STM32U5G9BJY6QTR, STM32U5G9J-DK1, STM32U5G9J-DK2, STM32U5G9NJH6Q, STM32U5G9VJT6Q, STM32U5G9ZJJ6QTR, STM32U5G9ZJT6Q, STM32WB1MMCH6, STM32WBA52CEU6, STM32WBA52CEU6T, STM32WBA52CGU6, STM32WBA52CGU6T, STM32WBA52KEU6, STM32WBA52KEU6T, STM32WBA52KGU6, STM32WBA52KGU6T, STM32WL5MOCH6, STM32WL5MOCH6TR]
2024-01-04 23:51:08,619 [INFO] DbMcus:217 - Found 3882 MCUs, 3882 are supported
2024-01-04 23:51:08,625 [INFO] ApiDb:423 - Load user favorites file C:\Users\erkan/.stm32cubeide/favorites.mcus.txt: 0 item(s)
2024-01-04 23:51:08,625 [INFO] ApiDb:427 - User favorites MCUs=[]
2024-01-04 23:51:08,625 [INFO] DbMcus:223 - Set 0 / 0 favorites MCUs
2024-01-04 23:51:08,832 [INFO] ApiDb:668 - CubeFinder database Data Model version=2.1
2024-01-04 23:51:08,832 [INFO] ApiDb:669 - CubeFinder database Configuration version=3.0.39
2024-01-04 23:51:08,832 [INFO] ApiDb:670 - CubeFinder database generation date=2023-12-08 (1702028721)
2024-01-04 23:51:08,832 [INFO] ApiDb:671 - CubeFinder database FW Pack versions=[FP-ATR-ASTRA1_V2.0.0, FP-SNS-FLIGHT1_V5.0.1, FP-SNS-FLIGHT1_V5.0.2, FP-SNS-MOTENV1_V4.3.1, FP-SNS-MOTENV1_V4.3.2, FP-SNS-MOTENVWB1_V1.3.1, FP-SNS-SMARTAG2_V1.2.0, STM32Cube_FW_C0_V1.1.0, STM32Cube_FW_F4_V1.28.0, STM32Cube_FW_F7_V1.17.0, STM32Cube_FW_G0_V1.6.1, STM32Cube_FW_G4_V1.5.1, STM32Cube_FW_H5_V0.5.1, STM32Cube_FW_H5_V1.1.1, STM32Cube_FW_H5_V1.2.0RC2, STM32Cube_FW_H7_V1.11.0, STM32Cube_FW_L0_V1.12.2, STM32Cube_FW_L5_V1.5.0, STM32Cube_FW_U5_V1.3.0RC4, STM32Cube_FW_U5_V1.4.0, STM32Cube_FW_WBA_V1.0.0RC1, STM32Cube_FW_WBA_V1.1.0RC1, STM32Cube_FW_WBA_V1.2.0, STM32Cube_FW_WBA_V1.2.0RC2, STM32Cube_FW_WB_V1.15.0RC1, STM32Cube_FW_WB_V1.16.0, STM32Cube_FW_WB_V1.16.0RC2, STM32Cube_FW_WB_V1.18.0, STM32Cube_FW_WL_V1.3.0, X-CUBE-ALGOBUILD_V1.3.0, X-CUBE-ALS_V1.0.1, X-CUBE-AZRTOS-F4_V1.1.0, X-CUBE-AZRTOS-F7_V1.1.0, X-CUBE-AZRTOS-G0_V1.1.0, X-CUBE-AZRTOS-G4_V2.0.0, X-CUBE-AZRTOS-H7_V3.1.0, X-CUBE-AZRTOS-L4_V1.0.0, X-CUBE-AZRTOS-L4_V2.0.0, X-CUBE-AZRTOS-L5_V1.1.0, X-CUBE-AZRTOS-WB_V2.0.0, X-CUBE-AZRTOS-WL_V2.0.0, X-CUBE-BLE1_V7.0.0, X-CUBE-BLE2_V3.3.0, X-CUBE-BLEMGR_V3.0.0, X-CUBE-EEPRMA1_V4.1.0, X-CUBE-EEPRMA1_V4.2.0, X-CUBE-FREERTOS_V1.1.0, X-CUBE-GNSS1_V6.0.0, X-CUBE-MEMS1_V10.0.0, X-CUBE-MEMS1_V9.1.0, X-CUBE-MEMS1_V9.4.0, X-CUBE-MEMS1_V9.6.0, X-CUBE-NFC4_V3.0.0, X-CUBE-NFC7_V1.0.1, X-CUBE-SFXS2LP1_V4.0.0, X-CUBE-SUBG2_V5.0.0, X-CUBE-TOF1_V3.4.0]
2024-01-04 23:51:08,889 [INFO] DbBoardsSqlite:226 - include board P-NUCLEO-WB55-NUCLEO as a kit item of type 'Nucleo-64'
2024-01-04 23:51:08,889 [INFO] DbBoardsSqlite:226 - include board P-NUCLEO-WB55-USBDONGLE as a kit item of type 'Nucleo USB Dongle'
2024-01-04 23:51:08,890 [INFO] DbBoardsSqlite:226 - include board STEVAL-IDP005V1 as a kit item of type 'Evaluation Board'
2024-01-04 23:51:08,890 [INFO] DbBoardsSqlite:226 - include board STEVAL-IDP005V2 as a kit item of type 'Evaluation Board'
2024-01-04 23:51:08,948 [INFO] ApiDb:240 - Found 323 in-development CPN: [B-G473E-ZEST1S, B-WB1M-WPAN1, B-WL5M-SUBG1, NUCLEO-C031C6, NUCLEO-H503RB, NUCLEO-H563ZI, NUCLEO-U545RE-Q, NUCLEO-U5A5ZJ-Q, NUCLEO-WBA52CG, STEVAL-PROTEUS1, STEVAL-SMARTAG2, STEVAL-STWINBX1, STM320518-EVAL, STM32C0116-DK, STM32C011D6Y3TR, STM32C011D6Y6TR, STM32C011F4P3, STM32C011F4P6, STM32C011F4U3, STM32C011F4U6TR, STM32C011F6P3, STM32C011F6P6, STM32C011F6U3, STM32C011F6U6TR, STM32C011J4M3, STM32C011J4M6, STM32C011J6M3, STM32C011J6M6, STM32C0316-DK, STM32C031C4T3, STM32C031C4T6, STM32C031C4U3, STM32C031C4U6, STM32C031C6T3, STM32C031C6T6, STM32C031C6U3, STM32C031C6U6, STM32C031F4P3, STM32C031F4P6, STM32C031F6P3, STM32C031F6P6, STM32C031G4U3, STM32C031G4U6, STM32C031G6U3, STM32C031G6U6, STM32C031K4T3, STM32C031K4T6, STM32C031K4U3, STM32C031K4U6, STM32C031K6T3, STM32C031K6T6, STM32C031K6U3, STM32C031K6U6, STM32G071K8TXN, STM32G071K8UXN, STM32G081GBU6N, STM32G081KBT6N, STM32G081KBUXN, STM32G0B1CCT6N, STM32G0B1KCT6, STM32G0B1NEY6TR, STM32G0B1RCT6N, STM32G0C1CCT6, STM32G0C1CCT6N, STM32G0C1CCU6N, STM32G0C1CET6N, STM32G0C1CEU6N, STM32G0C1KCT6, STM32G0C1NEY6TR, STM32G0C1RCI6N, STM32G0C1RCT6N, STM32G0C1REI6N, STM32G0C1RET6N, STM32G0C1VCI6, STM32G0C1VEI6, STM32G471CCT6, STM32G471CCU6, STM32G471CET3, STM32G471CET6, STM32G471CEU3, STM32G471CEU6, STM32G471MCT6, STM32G471MET3, STM32G471MET6, STM32G471MEY6TR, STM32G471QCT6, STM32G471QET3, STM32G471RCT6, STM32G471RET3, STM32G471RET6, STM32G471VCH6, STM32G471VCI6, STM32G471VCT6, STM32G471VEH3, STM32G471VEH6, STM32G471VEI3, STM32G471VEI6, STM32G471VET3, STM32G471VET6, STM32G474CCT6, STM32H503CBT6, STM32H503CBU6, STM32H503EBY6TR, STM32H503KBU6, STM32H503RBT6, STM32H562AGI6, STM32H562AII6, STM32H562IGK6, STM32H562IGT6, STM32H562IIK6, STM32H562IIT6, STM32H562RGT6, STM32H562RGV6, STM32H562RIT6, STM32H562RIV6, STM32H562VGT6, STM32H562VIT6, STM32H562ZGT6, STM32H562ZIT6, STM32H563AGI6, STM32H563AII3Q, STM32H563AII6, STM32H563IGK6, STM32H563IGT6, STM32H563IIK3Q, STM32H563IIK6, STM32H563IIT3Q, STM32H563IIT6, STM32H563MIY3QTR, STM32H563RGT6, STM32H563RGV6, STM32H563RIT6, STM32H563RIV6, STM32H563VGT6, STM32H563VIT3Q, STM32H563VIT6, STM32H563ZGT6, STM32H563ZIT3Q, STM32H563ZIT6, STM32H573AII3Q, STM32H573AII6, STM32H573I-DK, STM32H573IIK3Q, STM32H573IIK6, STM32H573IIT3Q, STM32H573IIT6, STM32H573MIY3QTR, STM32H573RIT6, STM32H573RIV6, STM32H573VIT3Q, STM32H573VIT6, STM32H573ZIT3Q, STM32H573ZIT6, STM32L4R5QGI6STR, STM32MP131AAE3, STM32MP131AAF3, STM32MP131AAG3, STM32MP131CAE3, STM32MP131CAF3, STM32MP131CAG3, STM32MP131DAE7, STM32MP131DAF7, STM32MP131DAG7, STM32MP131FAE7, STM32MP131FAF7, STM32MP131FAG7, STM32MP133AAE3, STM32MP133AAF3, STM32MP133AAG3, STM32MP133CAE3, STM32MP133CAF3, STM32MP133CAG3, STM32MP133DAE7, STM32MP133DAF7, STM32MP133DAG7, STM32MP133FAE7, STM32MP133FAF7, STM32MP133FAG7, STM32MP135AAE3, STM32MP135AAF3, STM32MP135AAG3, STM32MP135CAE3, STM32MP135CAF3, STM32MP135CAG3, STM32MP135DAE7, STM32MP135DAF7, STM32MP135DAG7, STM32MP135F-DK, STM32MP135FAE7, STM32MP135FAF7, STM32MP135FAF7T, STM32MP135FAF7U, STM32MP135FAG7, STM32U535CBT6, STM32U535CBT6Q, STM32U535CBU6, STM32U535CBU6Q, STM32U535CCT6, STM32U535CCT6Q, STM32U535CCU6, STM32U535CCU6Q, STM32U535CET6, STM32U535CET6Q, STM32U535CEU6, STM32U535CEU6Q, STM32U535JEY6QTR, STM32U535NCY6QTR, STM32U535NEY6QTR, STM32U535RBI6, STM32U535RBI6Q, STM32U535RBT6, STM32U535RBT6Q, STM32U535RCI6, STM32U535RCI6Q, STM32U535RCT6, STM32U535RCT6Q, STM32U535REI6, STM32U535REI6Q, STM32U535RET6, STM32U535RET6Q, STM32U535VCI6, STM32U535VCI6Q, STM32U535VCT6, STM32U535VCT6Q, STM32U535VEI6, STM32U535VEI6Q, STM32U535VET6, STM32U535VET6Q, STM32U545CET6, STM32U545CET6Q, STM32U545CEU6, STM32U545CEU6Q, STM32U545JEY6QTR, STM32U545NEY6QTR, STM32U545REI6, STM32U545REI6Q, STM32U545RET6, STM32U545RET6Q, STM32U545VEI6, STM32U545VEI6Q, STM32U545VET6, STM32U545VET6Q, STM32U595AIH6, STM32U595AIH6Q, STM32U595AJH6, STM32U595AJH6Q, STM32U595QII6, STM32U595QII6Q, STM32U595QJI6, STM32U595QJI6Q, STM32U595RIT6, STM32U595RIT6Q, STM32U595RJT6, STM32U595RJT6Q, STM32U595VIT6, STM32U595VIT6Q, STM32U595VJT6, STM32U595VJT6Q, STM32U595ZIT6, STM32U595ZIT6Q, STM32U595ZIY6QTR, STM32U595ZJT6, STM32U595ZJT6Q, STM32U595ZJY6QTR, STM32U599BJY6QTR, STM32U599NIH6Q, STM32U599NJH6Q, STM32U599VIT6Q, STM32U599VJT6, STM32U599VJT6Q, STM32U599ZIT6Q, STM32U599ZIY6QTR, STM32U599ZJT6Q, STM32U599ZJY6QTR, STM32U5A5AJH6, STM32U5A5AJH6Q, STM32U5A5QJI6, STM32U5A5QJI6Q, STM32U5A5RJT6, STM32U5A5RJT6Q, STM32U5A5VJT6, STM32U5A5VJT6Q, STM32U5A5ZJT6, STM32U5A5ZJT6Q, STM32U5A5ZJY6QTR, STM32U5A9BJY6QTR, STM32U5A9J-DK, STM32U5A9NJH6Q, STM32U5A9VJT6Q, STM32U5A9ZJT6Q, STM32U5A9ZJY6QTR, STM32U5F7VIT6, STM32U5F7VIT6Q, STM32U5F7VJT6, STM32U5F7VJT6Q, STM32U5F9BJY6QTR, STM32U5F9NJH6Q, STM32U5F9VIT6Q, STM32U5F9VJT6Q, STM32U5F9ZIJ6QTR, STM32U5F9ZIT6Q, STM32U5F9ZJJ6QTR, STM32U5F9ZJT6Q, STM32U5G7VJT6, STM32U5G7VJT6Q, STM32U5G9BJY6QTR, STM32U5G9J-DK1, STM32U5G9J-DK2, STM32U5G9NJH6Q, STM32U5G9VJT6Q, STM32U5G9ZJJ6QTR, STM32U5G9ZJT6Q, STM32WB1MMCH6, STM32WBA52CEU6, STM32WBA52CEU6T, STM32WBA52CGU6, STM32WBA52CGU6T, STM32WBA52KEU6, STM32WBA52KEU6T, STM32WBA52KGU6, STM32WBA52KGU6T, STM32WL5MOCH6, STM32WL5MOCH6TR]
2024-01-04 23:51:09,072 [INFO] BoardInfo:880 - No configuration file found for board P-NUCLEO-WB55
2024-01-04 23:51:09,072 [INFO] DbBoards:157 - Kit is not supported: P-NUCLEO-WB55
2024-01-04 23:51:09,077 [INFO] BoardInfo:880 - No configuration file found for board STEVAL-BFA001V1B
2024-01-04 23:51:09,077 [INFO] DbBoards:157 - Kit is not supported: STEVAL-BFA001V1B
2024-01-04 23:51:09,077 [INFO] BoardInfo:880 - No configuration file found for board STEVAL-BFA001V2B
2024-01-04 23:51:09,079 [INFO] DbBoards:157 - Kit is not supported: STEVAL-BFA001V2B
2024-01-04 23:51:09,082 [INFO] BoardInfo:880 - No configuration file found for board STEVAL-MKBOXPRO
2024-01-04 23:51:09,082 [INFO] DbBoards:157 - Board is not supported: STEVAL-MKBOXPRO
2024-01-04 23:51:09,201 [INFO] DbBoards:161 - Found 191 boards, 187 are supported
2024-01-04 23:51:09,204 [INFO] ApiDb:423 - Load user favorites file C:\Users\erkan/.stm32cubeide/favorites.boards.txt: 0 item(s)
2024-01-04 23:51:09,204 [INFO] ApiDb:427 - User favorites Boards=[]
2024-01-04 23:51:09,205 [INFO] DbBoards:190 - Set 0 / 0 favorites Boards
2024-01-04 23:51:09,207 [INFO] ApiDb:668 - CubeFinder database Data Model version=2.1
2024-01-04 23:51:09,207 [INFO] ApiDb:669 - CubeFinder database Configuration version=3.0.39
2024-01-04 23:51:09,207 [INFO] ApiDb:670 - CubeFinder database generation date=2023-12-08 (1702028721)
2024-01-04 23:51:09,207 [INFO] ApiDb:671 - CubeFinder database FW Pack versions=[FP-ATR-ASTRA1_V2.0.0, FP-SNS-FLIGHT1_V5.0.1, FP-SNS-FLIGHT1_V5.0.2, FP-SNS-MOTENV1_V4.3.1, FP-SNS-MOTENV1_V4.3.2, FP-SNS-MOTENVWB1_V1.3.1, FP-SNS-SMARTAG2_V1.2.0, STM32Cube_FW_C0_V1.1.0, STM32Cube_FW_F4_V1.28.0, STM32Cube_FW_F7_V1.17.0, STM32Cube_FW_G0_V1.6.1, STM32Cube_FW_G4_V1.5.1, STM32Cube_FW_H5_V0.5.1, STM32Cube_FW_H5_V1.1.1, STM32Cube_FW_H5_V1.2.0RC2, STM32Cube_FW_H7_V1.11.0, STM32Cube_FW_L0_V1.12.2, STM32Cube_FW_L5_V1.5.0, STM32Cube_FW_U5_V1.3.0RC4, STM32Cube_FW_U5_V1.4.0, STM32Cube_FW_WBA_V1.0.0RC1, STM32Cube_FW_WBA_V1.1.0RC1, STM32Cube_FW_WBA_V1.2.0, STM32Cube_FW_WBA_V1.2.0RC2, STM32Cube_FW_WB_V1.15.0RC1, STM32Cube_FW_WB_V1.16.0, STM32Cube_FW_WB_V1.16.0RC2, STM32Cube_FW_WB_V1.18.0, STM32Cube_FW_WL_V1.3.0, X-CUBE-ALGOBUILD_V1.3.0, X-CUBE-ALS_V1.0.1, X-CUBE-AZRTOS-F4_V1.1.0, X-CUBE-AZRTOS-F7_V1.1.0, X-CUBE-AZRTOS-G0_V1.1.0, X-CUBE-AZRTOS-G4_V2.0.0, X-CUBE-AZRTOS-H7_V3.1.0, X-CUBE-AZRTOS-L4_V1.0.0, X-CUBE-AZRTOS-L4_V2.0.0, X-CUBE-AZRTOS-L5_V1.1.0, X-CUBE-AZRTOS-WB_V2.0.0, X-CUBE-AZRTOS-WL_V2.0.0, X-CUBE-BLE1_V7.0.0, X-CUBE-BLE2_V3.3.0, X-CUBE-BLEMGR_V3.0.0, X-CUBE-EEPRMA1_V4.1.0, X-CUBE-EEPRMA1_V4.2.0, X-CUBE-FREERTOS_V1.1.0, X-CUBE-GNSS1_V6.0.0, X-CUBE-MEMS1_V10.0.0, X-CUBE-MEMS1_V9.1.0, X-CUBE-MEMS1_V9.4.0, X-CUBE-MEMS1_V9.6.0, X-CUBE-NFC4_V3.0.0, X-CUBE-NFC7_V1.0.1, X-CUBE-SFXS2LP1_V4.0.0, X-CUBE-SUBG2_V5.0.0, X-CUBE-TOF1_V3.4.0]
2024-01-04 23:51:09,877 [ERROR] DbExamplesSqlite:437 - Missing JSON key: board_cpn
2024-01-04 23:51:09,877 [ERROR] DbExamplesSqlite:437 - Missing JSON key: board_cpn
2024-01-04 23:51:09,878 [ERROR] DbExamplesSqlite:437 - Missing JSON key: board_cpn
2024-01-04 23:51:09,878 [ERROR] DbExamplesSqlite:437 - Missing JSON key: board_cpn
2024-01-04 23:51:09,913 [INFO] DbExamplesSqlite:395 - Ignored 55 examples not supported by CubeIDE
2024-01-04 23:51:09,914 [INFO] DbExamplesSqlite:396 - Found 7560 examples active
2024-01-04 23:51:09,914 [INFO] DbExamplesSqlite:397 - Found 844 examples obsolete
2024-01-04 23:51:09,914 [INFO] DbExamplesSqlite:398 - Found 0 examples under development
2024-01-04 23:51:09,914 [INFO] DbExamplesSqlite:399 - Found 8 examples not building
2024-01-04 23:51:09,916 [INFO] DbExamples:125 - Found 7513 examples
2024-01-04 23:51:09,971 [ERROR] DbExamples:208 - Found 247 examples with invalid data (board or MCU)
2024-01-04 23:51:09,971 [INFO] DbExamples:222 - Found 93 boards with related examples
2024-01-04 23:51:09,972 [INFO] DbExamples:235 - Found 79 MCUs with related examples
2024-01-04 23:51:09,998 [INFO] ApiDb:414 - User favorites file not found: C:\Users\erkan/.stm32cubeide/favorites.examples.txt
2024-01-04 23:51:09,998 [INFO] DbExamples:250 - Set 0 / 0 favorites Examples
2024-01-04 23:51:10,394 [INFO] McuFinderGlobals:76 - Set McuFinderConnectedMode to true
2024-01-04 23:51:10,405 [INFO] MultiScanPanel:200 - Auto-refresh data requested => check proxy status ongoing
2024-01-04 23:51:10,411 [INFO] FinderPluginLoader:95 - Searching for filters in installed packs
2024-01-04 23:51:11,604 [INFO] LoadUrlFilesThread:185 - End of LoadServerUrlFiles without Thread
2024-01-04 23:51:11,647 [INFO] DetailPanel:341 - Set advertising image to C:/Users/erkan/STM32Cube/Repository/\en.prom-stm32wl3-mcu-finder.jpg
2024-01-04 23:52:25,108 [INFO] MainUpdater:2868 - connection check result : 10
2024-01-04 23:52:25,108 [INFO] MainUpdater:2868 - connection check result : 10
2024-01-04 23:52:25,144 [INFO] MicroXplorer:468 - Change Database Path : 
2024-01-04 23:52:25,144 [INFO] MicroXplorer:498 - Change Database Version : DB.6.0.92
2024-01-04 23:52:25,150 [WARN] ThirdParty:871 - waiting for thirdparty lock release [close project]
2024-01-04 23:52:25,150 [INFO] ThirdParty:873 - entering critical section [close project]
2024-01-04 23:52:25,151 [INFO] ThirdParty:883 - exiting critical section [close project]
2024-01-04 23:52:25,158 [INFO] PinOutPanel:1499 - setPackage(No Configuration,No Configuration)
2024-01-04 23:52:25,165 [INFO] UtilMem:75 - Begin LoadConfig() Used Memory: 367845112 Bytes (666894336)
2024-01-04 23:52:25,166 [INFO] MicroXplorer:468 - Change Database Path : 
2024-01-04 23:52:25,167 [INFO] MicroXplorer:498 - Change Database Version : DB.6.0.92
2024-01-04 23:52:25,167 [INFO] OpenFileManager:308 - Change cursor
2024-01-04 23:52:25,284 [INFO] Mcu:1946 - Initializing MCU STM32F407VGTx STM32F407VGTx STM32F407VGT6
2024-01-04 23:52:27,222 [INFO] Context:659 - Trying to add GPIOservice into a context  which must be forbidden
2024-01-04 23:52:27,658 [INFO] ImportTextPane:194 - (OptionalMessage_ERROR) Unable to find key (Mcu.ThirdPartyNb) in loaded IOC file
2024-01-04 23:52:27,659 [INFO] ImportTextPane:194 - (OptionalMessage_ERROR) Unable to find key (Mcu.PinsNb) in loaded IOC file
2024-01-04 23:52:27,659 [INFO] ImportTextPane:194 - (OptionalMessage_ERROR) Unable to find key (Mcu.IPNb) in loaded IOC file
2024-01-04 23:52:27,822 [INFO] RtosManager:555 - Registered RTOS mode: class=CMSIS, group=RTOS, mode=CMSIS_V1, owner=FREERTOS
2024-01-04 23:52:27,822 [INFO] RtosManager:555 - Registered RTOS mode: class=CMSIS, group=RTOS2, mode=CMSIS_V2, owner=FREERTOS
2024-01-04 23:52:27,822 [INFO] RtosManager:555 - Registered RTOS mode: class=RTOS, group=Core, mode=CMSIS_V1, owner=FREERTOS
2024-01-04 23:52:27,822 [INFO] RtosManager:555 - Registered RTOS mode: class=RTOS, group=Core, mode=CMSIS_V2, owner=FREERTOS
2024-01-04 23:52:27,823 [WARN] ModelIntegratedComponent:184 - Missing modes for component STMicroelectronics:FreeRTOS:0.0.1:STMicroelectronics:RTOS:FreeRTOS:Core:::10.2.0:
2024-01-04 23:52:27,837 [WARN] ModelIntegratedComponent:63 - No mode defined for component null
2024-01-04 23:52:27,838 [WARN] ModelIntegratedComponent:63 - No mode defined for component null
2024-01-04 23:52:27,838 [WARN] ModelIntegratedComponent:63 - No mode defined for component null
2024-01-04 23:52:27,838 [WARN] ModelIntegratedComponent:63 - No mode defined for component null
2024-01-04 23:52:27,838 [WARN] ModelIntegratedComponent:63 - No mode defined for component null
2024-01-04 23:52:27,838 [WARN] ModelIntegratedComponent:63 - No mode defined for component null
2024-01-04 23:52:27,838 [WARN] ModelIntegratedComponent:63 - No mode defined for component null
2024-01-04 23:52:27,838 [WARN] ModelIntegratedComponent:63 - No mode defined for component null
2024-01-04 23:52:27,838 [WARN] ModelIntegratedComponent:63 - No mode defined for component null
2024-01-04 23:52:27,838 [WARN] ModelIntegratedComponent:63 - No mode defined for component null
2024-01-04 23:52:27,838 [WARN] ModelIntegratedComponent:63 - No mode defined for component null
2024-01-04 23:52:27,838 [WARN] ModelIntegratedComponent:63 - No mode defined for component null
2024-01-04 23:52:27,838 [WARN] ModelIntegratedComponent:63 - No mode defined for component null
2024-01-04 23:52:27,838 [WARN] ModelIntegratedComponent:63 - No mode defined for component null
2024-01-04 23:52:27,838 [WARN] ModelIntegratedComponent:63 - No mode defined for component null
2024-01-04 23:52:27,838 [WARN] ModelIntegratedComponent:63 - No mode defined for component null
2024-01-04 23:52:27,838 [WARN] ModelIntegratedComponent:63 - No mode defined for component null
2024-01-04 23:52:27,838 [WARN] ModelIntegratedComponent:63 - No mode defined for component null
2024-01-04 23:52:27,838 [WARN] ModelIntegratedComponent:63 - No mode defined for component null
2024-01-04 23:52:27,838 [WARN] ModelIntegratedComponent:63 - No mode defined for component null
2024-01-04 23:52:27,838 [WARN] ModelIntegratedComponent:63 - No mode defined for component null
2024-01-04 23:52:27,838 [WARN] ModelIntegratedComponent:63 - No mode defined for component null
2024-01-04 23:52:27,838 [WARN] ModelIntegratedComponent:63 - No mode defined for component null
2024-01-04 23:52:27,839 [WARN] ModelIntegratedComponent:63 - No mode defined for component null
2024-01-04 23:52:27,839 [WARN] ModelIntegratedComponent:63 - No mode defined for component null
2024-01-04 23:52:27,839 [WARN] ModelIntegratedComponent:63 - No mode defined for component null
2024-01-04 23:52:27,839 [WARN] ModelIntegratedComponent:63 - No mode defined for component null
2024-01-04 23:52:27,839 [WARN] ModelIntegratedComponent:63 - No mode defined for component null
2024-01-04 23:52:27,839 [WARN] ModelIntegratedComponent:63 - No mode defined for component null
2024-01-04 23:52:27,839 [WARN] ModelIntegratedComponent:63 - No mode defined for component null
2024-01-04 23:52:27,839 [WARN] ModelIntegratedComponent:63 - No mode defined for component null
2024-01-04 23:52:27,839 [WARN] ModelIntegratedComponent:63 - No mode defined for component null
2024-01-04 23:52:27,839 [WARN] ModelIntegratedComponent:63 - No mode defined for component null
2024-01-04 23:52:27,988 [INFO] ThirdPartyModel:298 - Start build external matchings
2024-01-04 23:52:29,069 [INFO] ThirdPartyModel:316 - End build external matchings
2024-01-04 23:52:29,582 [INFO] UtilMem:75 - End LoadConfig() Used Memory: 486539416 Bytes (666894336)
2024-01-04 23:52:29,611 [WARN] ThirdParty:833 - waiting for thirdparty lock release [change project]
2024-01-04 23:52:29,611 [INFO] ThirdParty:835 - entering critical section [change project]
2024-01-04 23:52:29,611 [INFO] ThirdParty:1030 - CMSIS Pack Vendor :STMicroelectronics X-CUBE-ISPU 1.1.0
2024-01-04 23:52:29,611 [INFO] ThirdParty:1030 - CMSIS Pack Vendor :STMicroelectronics USBPD 4.1
2024-01-04 23:52:29,611 [INFO] ThirdParty:1030 - CMSIS Pack Vendor :RoweBots I-CUBE-UNISONRTOS 5.5.0-4
2024-01-04 23:52:29,611 [INFO] ThirdParty:1030 - CMSIS Pack Vendor :STMicroelectronics X-CUBE-GNSS1 6.0.0
2024-01-04 23:52:29,611 [INFO] ThirdParty:1030 - CMSIS Pack Vendor :STMicroelectronics USB_HOST 2.0.0
2024-01-04 23:52:29,613 [INFO] ThirdParty:1030 - CMSIS Pack Vendor :STMicroelectronics X-CUBE-AZRTOS-F4 1.1.0
2024-01-04 23:52:29,613 [INFO] ThirdParty:1030 - CMSIS Pack Vendor :STMicroelectronics LIBJPEG 8.0.0
2024-01-04 23:52:29,613 [INFO] ThirdParty:1030 - CMSIS Pack Vendor :STMicroelectronics X-CUBE-SMBUS 2.1.0
2024-01-04 23:52:29,613 [INFO] ThirdParty:1030 - CMSIS Pack Vendor :STMicroelectronics USB_DEVICE 3.0.0
2024-01-04 23:52:29,613 [INFO] ThirdParty:1030 - CMSIS Pack Vendor :STMicroelectronics X-CUBE-AI 8.0.0
2024-01-04 23:52:29,613 [INFO] ThirdParty:1030 - CMSIS Pack Vendor :STMicroelectronics X-CUBE-AZRTOS-WB 2.0.0
2024-01-04 23:52:29,613 [INFO] ThirdParty:1030 - CMSIS Pack Vendor :STMicroelectronics X-CUBE-FREERTOS 1.0.1
2024-01-04 23:52:29,613 [INFO] ThirdParty:1030 - CMSIS Pack Vendor :STMicroelectronics X-CUBE-TOUCHGFX 4.21.1
2024-01-04 23:52:29,613 [INFO] ThirdParty:1030 - CMSIS Pack Vendor :STMicroelectronics X-CUBE-TOUCHGFX 4.23.0
2024-01-04 23:52:29,613 [INFO] ThirdParty:1030 - CMSIS Pack Vendor :STMicroelectronics X-CUBE-AZRTOS-F7 1.1.0
2024-01-04 23:52:29,613 [INFO] ThirdParty:1030 - CMSIS Pack Vendor :STMicroelectronics X-CUBE-AZRTOS-L5 2.0.0
2024-01-04 23:52:29,613 [INFO] ThirdParty:1030 - CMSIS Pack Vendor :STMicroelectronics USB_DEVICE 2.0.0
2024-01-04 23:52:29,613 [INFO] ThirdParty:1030 - CMSIS Pack Vendor :STMicroelectronics X-CUBE-AI 7.3.0
2024-01-04 23:52:29,613 [INFO] ThirdParty:1030 - CMSIS Pack Vendor :STMicroelectronics X-CUBE-MEMS1 9.6.0
2024-01-04 23:52:29,613 [INFO] ThirdParty:1030 - CMSIS Pack Vendor :STMicroelectronics X-CUBE-EEPRMA1 4.2.0
2024-01-04 23:52:29,613 [INFO] ThirdParty:1030 - CMSIS Pack Vendor :ITTIA_DB I-CUBE-ITTIADB 8.8.0
2024-01-04 23:52:29,613 [INFO] ThirdParty:1030 - CMSIS Pack Vendor :STMicroelectronics FP-SNS-MOTENV1 4.3.2
2024-01-04 23:52:29,613 [INFO] ThirdParty:1030 - CMSIS Pack Vendor :STMicroelectronics X-CUBE-ALGOBUILD 1.3.0
2024-01-04 23:52:29,613 [INFO] ThirdParty:1030 - CMSIS Pack Vendor :STMicroelectronics X-CUBE-BLE1 6.2.4
2024-01-04 23:52:29,613 [INFO] ThirdParty:1030 - CMSIS Pack Vendor :STMicroelectronics X-CUBE-AZRTOS-L5 1.1.0
2024-01-04 23:52:29,613 [INFO] ThirdParty:1030 - CMSIS Pack Vendor :STMicroelectronics FreeRTOS 0.0.1
2024-01-04 23:52:29,613 [INFO] ThirdParty:1030 - CMSIS Pack Vendor :STMicroelectronics X-CUBE-AZRTOS-G0 1.1.0
2024-01-04 23:52:29,613 [INFO] ThirdParty:1030 - CMSIS Pack Vendor :emotas I-CUBE-CANOPEN 1.1.3
2024-01-04 23:52:29,613 [INFO] ThirdParty:1030 - CMSIS Pack Vendor :STMicroelectronics X-CUBE-BLEMGR 2.0.0
2024-01-04 23:52:29,613 [INFO] ThirdParty:1030 - CMSIS Pack Vendor :STMicroelectronics X-CUBE-NFC4 3.0.0
2024-01-04 23:52:29,613 [INFO] ThirdParty:1030 - CMSIS Pack Vendor :STMicroelectronics X-CUBE-SUBG2 5.0.0
2024-01-04 23:52:29,613 [INFO] ThirdParty:1030 - CMSIS Pack Vendor :STMicroelectronics STM32_WPAN 1.0.0
2024-01-04 23:52:29,613 [INFO] ThirdParty:1030 - CMSIS Pack Vendor :STMicroelectronics lwIP 2.0.3
2024-01-04 23:52:29,613 [INFO] ThirdParty:1030 - CMSIS Pack Vendor :STMicroelectronics FP-SNS-FLIGHT1 5.0.2
2024-01-04 23:52:29,613 [INFO] ThirdParty:1030 - CMSIS Pack Vendor :STMicroelectronics USB_HOST 1.0.0
2024-01-04 23:52:29,613 [INFO] ThirdParty:1030 - CMSIS Pack Vendor :STMicroelectronics X-CUBE-TOF1 3.3.1
2024-01-04 23:52:29,613 [INFO] ThirdParty:1030 - CMSIS Pack Vendor :STMicroelectronics X-CUBE-AZRTOS-G4 2.0.0
2024-01-04 23:52:29,613 [INFO] ThirdParty:1030 - CMSIS Pack Vendor :STMicroelectronics PDM2PCM 3.1.0
2024-01-04 23:52:29,613 [INFO] ThirdParty:1030 - CMSIS Pack Vendor :STMicroelectronics X-CUBE-AZRTOS-H7 3.1.0
2024-01-04 23:52:29,614 [INFO] ThirdParty:1030 - CMSIS Pack Vendor :STMicroelectronics FP-ATR-ASTRA1 1.1.1
2024-01-04 23:52:29,614 [INFO] ThirdParty:1030 - CMSIS Pack Vendor :Infineon AIROC-Wi-Fi-Bluetooth-STM32 1.5.1
2024-01-04 23:52:29,614 [INFO] ThirdParty:1030 - CMSIS Pack Vendor :STMicroelectronics X-CUBE-BLEMGR 3.0.0
2024-01-04 23:52:29,614 [INFO] ThirdParty:1030 - CMSIS Pack Vendor :STMicroelectronics PDM2PCM 3.3.0
2024-01-04 23:52:29,614 [INFO] ThirdParty:1030 - CMSIS Pack Vendor :STMicroelectronics X-CUBE-DISPLAY 3.0.0
2024-01-04 23:52:29,614 [INFO] ThirdParty:1030 - CMSIS Pack Vendor :STMicroelectronics X-CUBE-BLEMGR 1.3.0
2024-01-04 23:52:29,614 [INFO] ThirdParty:1030 - CMSIS Pack Vendor :STMicroelectronics FP-SNS-MOTENVWB1 1.3.0
2024-01-04 23:52:29,614 [INFO] ThirdParty:1030 - CMSIS Pack Vendor :STMicroelectronics FP-SNS-MOTENVWB1 1.3.1
2024-01-04 23:52:29,614 [INFO] ThirdParty:1030 - CMSIS Pack Vendor :STMicroelectronics X-CUBE-BLE1 7.0.0
2024-01-04 23:52:29,614 [INFO] ThirdParty:1030 - CMSIS Pack Vendor :STMicroelectronics FP-ATR-SIGFOX1 3.2.0
2024-01-04 23:52:29,614 [INFO] ThirdParty:1030 - CMSIS Pack Vendor :STMicroelectronics X-CUBE-AZRTOS-G4 1.0.0
2024-01-04 23:52:29,614 [INFO] ThirdParty:1030 - CMSIS Pack Vendor :wolfSSL I-CUBE-wolfSSL 5.5.4
2024-01-04 23:52:29,614 [INFO] ThirdParty:1030 - CMSIS Pack Vendor :STMicroelectronics X-CUBE-AZRTOS-L4 1.0.0
2024-01-04 23:52:29,614 [INFO] ThirdParty:1030 - CMSIS Pack Vendor :STMicroelectronics X-CUBE-ISPU 2.0.0
2024-01-04 23:52:29,614 [INFO] ThirdParty:1030 - CMSIS Pack Vendor :STMicroelectronics HAL Drivers 0.0.0
2024-01-04 23:52:29,614 [INFO] ThirdParty:1030 - CMSIS Pack Vendor :STMicroelectronics MBEDTLS 2.16.2
2024-01-04 23:52:29,614 [INFO] ThirdParty:1030 - CMSIS Pack Vendor :STMicroelectronics X-CUBE-MEMS1 10.0.0
2024-01-04 23:52:29,614 [INFO] ThirdParty:1030 - CMSIS Pack Vendor :STMicroelectronics X-CUBE-FREERTOS 1.1.0
2024-01-04 23:52:29,614 [INFO] ThirdParty:1030 - CMSIS Pack Vendor :STMicroelectronics X-CUBE-TOUCHGFX 4.22.0
2024-01-04 23:52:29,614 [INFO] ThirdParty:1030 - CMSIS Pack Vendor :STMicroelectronics X-CUBE-NFC7 1.0.1
2024-01-04 23:52:29,614 [INFO] ThirdParty:1030 - CMSIS Pack Vendor :STMicroelectronics MBEDTLS 2.14.1
2024-01-04 23:52:29,614 [INFO] ThirdParty:1030 - CMSIS Pack Vendor :STMicroelectronics X-CUBE-NFC7 1.0.0
2024-01-04 23:52:29,614 [INFO] ThirdParty:1030 - CMSIS Pack Vendor :STMicroelectronics X-CUBE-TOUCHGFX 4.22.1
2024-01-04 23:52:29,614 [INFO] ThirdParty:1030 - CMSIS Pack Vendor :STMicroelectronics X-CUBE-AZRTOS-WL 1.0.0
2024-01-04 23:52:29,614 [INFO] ThirdParty:1030 - CMSIS Pack Vendor :STMicroelectronics X-CUBE-NFC6 3.0.0
2024-01-04 23:52:29,614 [INFO] ThirdParty:1030 - CMSIS Pack Vendor :STMicroelectronics X-CUBE-EEPRMA1 4.1.0
2024-01-04 23:52:29,614 [INFO] ThirdParty:1030 - CMSIS Pack Vendor :portGmbH I-Cube-SoM-uGOAL 1.1.0
2024-01-04 23:52:29,614 [INFO] ThirdParty:1030 - CMSIS Pack Vendor :STMicroelectronics X-CUBE-ALS 1.0.1
2024-01-04 23:52:29,615 [INFO] ThirdParty:1030 - CMSIS Pack Vendor :STMicroelectronics X-CUBE-MEMS1 9.5.0
2024-01-04 23:52:29,615 [INFO] ThirdParty:1030 - CMSIS Pack Vendor :STMicroelectronics ThreadX 1.0.0
2024-01-04 23:52:29,615 [INFO] ThirdParty:1030 - CMSIS Pack Vendor :STMicroelectronics FP-SNS-SMARTAG2 1.2.0
2024-01-04 23:52:29,615 [INFO] ThirdParty:1030 - CMSIS Pack Vendor :STMicroelectronics X-CUBE-AZRTOS-WB 1.1.0
2024-01-04 23:52:29,615 [INFO] ThirdParty:1030 - CMSIS Pack Vendor :STMicroelectronics X-CUBE-AZRTOS-WL 2.0.0
2024-01-04 23:52:29,615 [INFO] ThirdParty:1030 - CMSIS Pack Vendor :SEGGER I-CUBE-embOS 1.3.1
2024-01-04 23:52:29,615 [INFO] ThirdParty:1030 - CMSIS Pack Vendor :STMicroelectronics USB_DEVICE 1.0.0
2024-01-04 23:52:29,615 [INFO] ThirdParty:1030 - CMSIS Pack Vendor :STMicroelectronics X-CUBE-AI 8.1.0
2024-01-04 23:52:29,615 [INFO] ThirdParty:1030 - CMSIS Pack Vendor :STMicroelectronics X-CUBE-AZRTOS-L4 2.0.0
2024-01-04 23:52:29,615 [INFO] ThirdParty:1030 - CMSIS Pack Vendor :STMicroelectronics ThreadX 0.0.2
2024-01-04 23:52:29,615 [INFO] ThirdParty:1030 - CMSIS Pack Vendor :WES I-CUBE-Cesium 1.3.0
2024-01-04 23:52:29,615 [INFO] ThirdParty:1030 - CMSIS Pack Vendor :STMicroelectronics FP-ATR-ASTRA1 2.0.0
2024-01-04 23:52:29,615 [INFO] ThirdParty:1030 - CMSIS Pack Vendor :STMicroelectronics lwIP 2.1.2
2024-01-04 23:52:29,615 [INFO] ThirdParty:1030 - CMSIS Pack Vendor :STMicroelectronics X-CUBE-SFXS2LP1 4.0.0
2024-01-04 23:52:29,615 [INFO] ThirdParty:1030 - CMSIS Pack Vendor :STMicroelectronics X-CUBE-BLE2 3.3.0
2024-01-04 23:52:29,615 [INFO] ThirdParty:1030 - CMSIS Pack Vendor :STMicroelectronics X-CUBE-TOF1 3.4.0
2024-01-04 23:52:29,616 [INFO] ThirdParty:1030 - CMSIS Pack Vendor :STMicroelectronics X-CUBE-TOF1 3.2.0
2024-01-04 23:52:29,616 [INFO] ThirdParty:1030 - CMSIS Pack Vendor :STMicroelectronics X-CUBE-AZRTOS-H7 3.2.0
2024-01-04 23:52:29,616 [INFO] ThirdParty:1030 - CMSIS Pack Vendor :STMicroelectronics PDM2PCM 3.2.0
2024-01-04 23:52:29,616 [INFO] ThirdParty:1030 - CMSIS Pack Vendor :STMicroelectronics X-CUBE-AZRTOS-H7 3.0.0
2024-01-04 23:52:29,616 [INFO] ThirdParty:841 - exiting critical section [change project]
2024-01-04 23:52:30,051 [INFO] PinOutPanel:1499 - setPackage(No Configuration,No Configuration)
2024-01-04 23:52:30,052 [INFO] PinOutPanel:1499 - setPackage(STM32F407VGTx,LQFP100)
2024-01-04 23:52:30,486 [INFO] UtilMem:75 - Before build in PCC Used Memory: 354673792 Bytes (666894336)
2024-01-04 23:52:31,526 [INFO] UtilMem:75 - After build in PCC Used Memory: 463203456 Bytes (666894336)
2024-01-04 23:52:31,565 [INFO] IPUIPlugin:80 - create IPUIPlugin
2024-01-04 23:52:31,565 [INFO] IPUIPlugin:80 - create IPUIPlugin
2024-01-04 23:52:31,566 [INFO] IPUIPlugin:80 - create IPUIPlugin
2024-01-04 23:52:31,566 [INFO] IPUIPlugin:80 - create IPUIPlugin
2024-01-04 23:52:31,566 [INFO] IPUIPlugin:80 - create IPUIPlugin
2024-01-04 23:52:31,566 [INFO] IPUIPlugin:80 - create IPUIPlugin
2024-01-04 23:52:31,566 [INFO] IPUIPlugin:80 - create IPUIPlugin
2024-01-04 23:52:31,566 [INFO] IPUIPlugin:80 - create IPUIPlugin
2024-01-04 23:52:31,566 [INFO] IPUIPlugin:80 - create IPUIPlugin
2024-01-04 23:52:31,566 [INFO] IPUIPlugin:80 - create IPUIPlugin
2024-01-04 23:52:31,566 [INFO] IPUIPlugin:80 - create IPUIPlugin
2024-01-04 23:52:31,567 [INFO] IPUIPlugin:80 - create IPUIPlugin
2024-01-04 23:52:31,567 [INFO] IPUIPlugin:80 - create IPUIPlugin
2024-01-04 23:52:31,567 [INFO] IPUIPlugin:80 - create IPUIPlugin
2024-01-04 23:52:31,567 [INFO] IPUIPlugin:80 - create IPUIPlugin
2024-01-04 23:52:31,567 [INFO] IPUIPlugin:80 - create IPUIPlugin
2024-01-04 23:52:31,567 [INFO] IPUIPlugin:80 - create IPUIPlugin
2024-01-04 23:52:31,567 [INFO] IPUIPlugin:80 - create IPUIPlugin
2024-01-04 23:52:31,567 [INFO] IPUIPlugin:80 - create IPUIPlugin
2024-01-04 23:52:31,568 [INFO] IPUIPlugin:80 - create IPUIPlugin
2024-01-04 23:52:31,568 [INFO] IPUIPlugin:80 - create IPUIPlugin
2024-01-04 23:52:31,568 [INFO] IPUIPlugin:80 - create IPUIPlugin
2024-01-04 23:52:31,568 [INFO] IPUIPlugin:80 - create IPUIPlugin
2024-01-04 23:52:31,568 [INFO] IPUIPlugin:80 - create IPUIPlugin
2024-01-04 23:52:31,568 [INFO] IPUIPlugin:80 - create IPUIPlugin
2024-01-04 23:52:31,569 [INFO] IPUIPlugin:80 - create IPUIPlugin
2024-01-04 23:52:31,569 [INFO] IPUIPlugin:80 - create IPUIPlugin
2024-01-04 23:52:31,569 [INFO] IPUIPlugin:80 - create IPUIPlugin
2024-01-04 23:52:31,569 [INFO] IPUIPlugin:80 - create IPUIPlugin
2024-01-04 23:52:31,569 [INFO] IPUIPlugin:80 - create IPUIPlugin
2024-01-04 23:52:31,570 [INFO] IPUIPlugin:80 - create IPUIPlugin
2024-01-04 23:52:31,570 [INFO] IPUIPlugin:80 - create IPUIPlugin
2024-01-04 23:52:31,570 [INFO] IPUIPlugin:80 - create IPUIPlugin
2024-01-04 23:52:31,570 [INFO] IPUIPlugin:80 - create IPUIPlugin
2024-01-04 23:52:31,570 [INFO] IPUIPlugin:80 - create IPUIPlugin
2024-01-04 23:52:31,571 [INFO] IPUIPlugin:80 - create IPUIPlugin
2024-01-04 23:52:31,571 [INFO] IPUIPlugin:80 - create IPUIPlugin
2024-01-04 23:52:31,571 [INFO] IPUIPlugin:80 - create IPUIPlugin
2024-01-04 23:52:31,572 [INFO] IPUIPlugin:80 - create IPUIPlugin
2024-01-04 23:52:31,572 [INFO] IPUIPlugin:80 - create IPUIPlugin
2024-01-04 23:52:31,572 [INFO] IPUIPlugin:80 - create IPUIPlugin
2024-01-04 23:52:31,572 [INFO] IPUIPlugin:80 - create IPUIPlugin
2024-01-04 23:52:31,573 [INFO] IPUIPlugin:80 - create IPUIPlugin
2024-01-04 23:52:31,573 [INFO] IPUIPlugin:80 - create IPUIPlugin
2024-01-04 23:52:31,573 [INFO] IPUIPlugin:80 - create IPUIPlugin
2024-01-04 23:52:31,573 [INFO] IPUIPlugin:80 - create IPUIPlugin
2024-01-04 23:52:31,574 [INFO] IPUIPlugin:80 - create IPUIPlugin
2024-01-04 23:52:31,574 [INFO] IPUIPlugin:80 - create IPUIPlugin
2024-01-04 23:52:31,574 [INFO] IPUIPlugin:80 - create IPUIPlugin
2024-01-04 23:52:31,575 [INFO] IPUIPlugin:80 - create IPUIPlugin
2024-01-04 23:52:31,575 [INFO] IPUIPlugin:80 - create IPUIPlugin
2024-01-04 23:52:31,575 [INFO] IPUIPlugin:80 - create IPUIPlugin
2024-01-04 23:52:31,575 [INFO] IPUIPlugin:80 - create IPUIPlugin
2024-01-04 23:52:31,576 [INFO] IPUIPlugin:80 - create IPUIPlugin
2024-01-04 23:52:31,576 [INFO] IPUIPlugin:80 - create IPUIPlugin
2024-01-04 23:52:31,577 [INFO] IPUIPlugin:80 - create IPUIPlugin
2024-01-04 23:52:31,577 [INFO] IPUIPlugin:80 - create IPUIPlugin
2024-01-04 23:52:31,579 [INFO] IPUIPlugin:80 - create IPUIPlugin
2024-01-04 23:52:31,685 [INFO] ApiDbMcu:507 - Load IP Config File for PDM2PCM
2024-01-04 23:52:31,952 [INFO] CADModel:165 - CPN selected for project levelSTM32F407VGT6
2024-01-04 23:52:31,952 [INFO] CADModel:114 - Register for checkConnection events
2024-01-04 23:52:31,990 [INFO] OpenFileManager:328 - Restore cursor
2024-01-04 23:52:33,500 [INFO] UtilMem:75 - End SaveConfig() Used Memory: 256363016 Bytes (666894336)
2024-01-04 23:52:33,608 [INFO] UtilMem:75 - End SaveConfig() Used Memory: 283136056 Bytes (666894336)
2024-01-04 23:52:34,077 [INFO] BlockDiagram:2759 - set Specific Code input for plugin: RCC
2024-01-04 23:52:34,077 [INFO] BlockDiagram:2759 - set Specific Code input for plugin: NVIC
2024-01-04 23:52:34,080 [INFO] CodeGenerator:799 - code generatio: config db path: C:\ST\STM32CubeIDE_1.11.2\STM32CubeIDE\plugins\com.st.stm32cube.common.mx_6.9.2.202309101412\\db\
2024-01-04 23:52:34,381 [INFO] CodeEngine:255 - oldGeneratedFile, C:\Users\erkan\STM32CubeIDE\workspace_1.11.2\HAL_MAX6675_001\MXTmpFiles\license.tmp_save
2024-01-04 23:52:34,768 [INFO] CodeEngine:279 - Generated code: C:\Users\erkan\STM32CubeIDE\workspace_1.11.2\HAL_MAX6675_001\MXTmpFiles\license.tmp
2024-01-04 23:52:34,795 [INFO] CodeEngine:255 - oldGeneratedFile, C:\Users\erkan\STM32CubeIDE\workspace_1.11.2\HAL_MAX6675_001\Core\Src\stm32f4xx_it.c_save
2024-01-04 23:52:34,936 [INFO] CodeEngine:279 - Generated code: C:\Users\erkan\STM32CubeIDE\workspace_1.11.2\HAL_MAX6675_001\Core\Src\stm32f4xx_it.c
2024-01-04 23:52:34,948 [INFO] CodeEngine:255 - oldGeneratedFile, C:\Users\erkan\STM32CubeIDE\workspace_1.11.2\HAL_MAX6675_001\Core\Inc\stm32f4xx_it.h_save
2024-01-04 23:52:35,052 [INFO] CodeEngine:279 - Generated code: C:\Users\erkan\STM32CubeIDE\workspace_1.11.2\HAL_MAX6675_001\Core\Inc\stm32f4xx_it.h
2024-01-04 23:52:35,196 [INFO] CodeEngine:255 - oldGeneratedFile, C:\Users\erkan\STM32CubeIDE\workspace_1.11.2\HAL_MAX6675_001\Core\Src\stm32f4xx_hal_msp.c_save
2024-01-04 23:52:35,345 [INFO] CodeEngine:279 - Generated code: C:\Users\erkan\STM32CubeIDE\workspace_1.11.2\HAL_MAX6675_001\Core\Src\stm32f4xx_hal_msp.c
2024-01-04 23:52:35,357 [INFO] CodeEngine:255 - oldGeneratedFile, C:\Users\erkan\STM32CubeIDE\workspace_1.11.2\HAL_MAX6675_001\MXTmpFiles\system.tmp_save
2024-01-04 23:52:35,436 [INFO] CodeEngine:279 - Generated code: C:\Users\erkan\STM32CubeIDE\workspace_1.11.2\HAL_MAX6675_001\MXTmpFiles\system.tmp
2024-01-04 23:52:35,458 [INFO] CodeEngine:311 - oldGeneratedFile, C:\Users\erkan\STM32CubeIDE\workspace_1.11.2\HAL_MAX6675_001\Core\Inc\stm32f4xx_hal_conf.h_save
2024-01-04 23:52:35,565 [INFO] CodeEngine:335 - Generated code: C:\Users\erkan\STM32CubeIDE\workspace_1.11.2\HAL_MAX6675_001\Core\Inc\stm32f4xx_hal_conf.h
2024-01-04 23:52:35,636 [INFO] CodeEngine:255 - oldGeneratedFile, C:\Users\erkan\STM32CubeIDE\workspace_1.11.2\HAL_MAX6675_001\Core\Inc\main.h_save
2024-01-04 23:52:35,756 [INFO] CodeEngine:279 - Generated code: C:\Users\erkan\STM32CubeIDE\workspace_1.11.2\HAL_MAX6675_001\Core\Inc\main.h
2024-01-04 23:52:35,773 [INFO] CodeEngine:255 - oldGeneratedFile, C:\Users\erkan\STM32CubeIDE\workspace_1.11.2\HAL_MAX6675_001\Core\Src\main.c_save
2024-01-04 23:52:35,928 [INFO] CodeEngine:279 - Generated code: C:\Users\erkan\STM32CubeIDE\workspace_1.11.2\HAL_MAX6675_001\Core\Src\main.c
2024-01-04 23:52:36,799 [INFO] ProjectBuilder:3064 - Time for Copy HAL[1] : 361mS.
2024-01-04 23:52:36,811 [INFO] ProjectBuilder:4404 - Project Generator version: 4.1.0
2024-01-04 23:52:37,249 [INFO] ConfigFileManager:1457 - The Die is : DIE413
2024-01-04 23:52:37,280 [INFO] ApiDbMcu:507 - Load IP Config File for FATFS
2024-01-04 23:52:37,300 [INFO] ApiDbMcu:507 - Load IP Config File for FREERTOS
2024-01-04 23:52:37,315 [INFO] ApiDbMcu:507 - Load IP Config File for LIBJPEG
2024-01-04 23:52:37,333 [INFO] ApiDbMcu:507 - Load IP Config File for LWIP
2024-01-04 23:52:37,353 [INFO] ApiDbMcu:507 - Load IP Config File for MBEDTLS
2024-01-04 23:52:37,376 [INFO] ApiDbMcu:507 - Load IP Config File for USB_DEVICE
2024-01-04 23:52:37,392 [INFO] ApiDbMcu:507 - Load IP Config File for USB_HOST
2024-01-04 23:52:40,698 [INFO] LogOutputStream:77 - [STDOUT_REDIRECT] 
2024-01-04 23:52:46,027 [INFO] ProjectBuilder:4626 - Time for Generating toolchain IDE Files: 9214mS.
2024-01-04 23:52:46,031 [INFO] ProjectBuilder:2935 - Time for Copy CMSIS : 1mS.
2024-01-04 23:52:46,034 [INFO] ProjectBuilder:2935 - Time for Copy CMSIS : 0mS.
2024-01-04 23:52:46,977 [INFO] McuFinderGlobals:76 - Set McuFinderConnectedMode to true
2024-01-04 23:52:46,984 [INFO] ApiDb:448 - Save user favorites file C:\Users\erkan/.stm32cubeide/favorites.mcus.txt: 0 item(s)
2024-01-04 23:52:46,984 [INFO] ApiDb:452 - User favorites MCUs=[]
2024-01-04 23:58:08,014 [INFO] UtilMem:75 - End SaveConfig() Used Memory: 347048624 Bytes (811597824)
2024-01-04 23:58:09,246 [INFO] UtilMem:75 - End SaveConfig() Used Memory: 378424720 Bytes (811597824)
2024-01-04 23:58:10,544 [INFO] UtilMem:75 - End SaveConfig() Used Memory: 505824656 Bytes (811597824)
2024-01-04 23:58:10,846 [INFO] BlockDiagram:2759 - set Specific Code input for plugin: SPI
2024-01-04 23:58:10,847 [INFO] BlockDiagram:2759 - set Specific Code input for plugin: SYS
2024-01-04 23:58:10,847 [INFO] BlockDiagram:2759 - set Specific Code input for plugin: RCC
2024-01-04 23:58:10,847 [INFO] BlockDiagram:2759 - set Specific Code input for plugin: NVIC
2024-01-04 23:58:10,847 [INFO] BlockDiagram:2759 - set Specific Code input for plugin: GPIO
2024-01-04 23:58:10,849 [INFO] CodeGenerator:799 - code generatio: config db path: C:\ST\STM32CubeIDE_1.11.2\STM32CubeIDE\plugins\com.st.stm32cube.common.mx_6.9.2.202309101412\\db\
2024-01-04 23:58:10,964 [INFO] CodeEngine:255 - oldGeneratedFile, C:\Users\erkan\STM32CubeIDE\workspace_1.11.2\HAL_MAX6675_001\MXTmpFiles\license.tmp_save
2024-01-04 23:58:11,068 [INFO] CodeEngine:279 - Generated code: C:\Users\erkan\STM32CubeIDE\workspace_1.11.2\HAL_MAX6675_001\MXTmpFiles\license.tmp
2024-01-04 23:58:11,122 [INFO] CodeEngine:255 - oldGeneratedFile, C:\Users\erkan\STM32CubeIDE\workspace_1.11.2\HAL_MAX6675_001\MXTmpFiles\gpio.tmp_save
2024-01-04 23:58:11,224 [INFO] CodeEngine:279 - Generated code: C:\Users\erkan\STM32CubeIDE\workspace_1.11.2\HAL_MAX6675_001\MXTmpFiles\gpio.tmp
2024-01-04 23:58:11,305 [INFO] CodeEngine:255 - oldGeneratedFile, C:\Users\erkan\STM32CubeIDE\workspace_1.11.2\HAL_MAX6675_001\Core\Src\stm32f4xx_it.c_save
2024-01-04 23:58:11,409 [INFO] CodeEngine:279 - Generated code: C:\Users\erkan\STM32CubeIDE\workspace_1.11.2\HAL_MAX6675_001\Core\Src\stm32f4xx_it.c
2024-01-04 23:58:11,420 [INFO] CodeEngine:255 - oldGeneratedFile, C:\Users\erkan\STM32CubeIDE\workspace_1.11.2\HAL_MAX6675_001\Core\Inc\stm32f4xx_it.h_save
2024-01-04 23:58:11,495 [INFO] CodeEngine:279 - Generated code: C:\Users\erkan\STM32CubeIDE\workspace_1.11.2\HAL_MAX6675_001\Core\Inc\stm32f4xx_it.h
2024-01-04 23:58:11,520 [INFO] CodeEngine:255 - oldGeneratedFile, C:\Users\erkan\STM32CubeIDE\workspace_1.11.2\HAL_MAX6675_001\Core\Src\stm32f4xx_hal_msp.c_save
2024-01-04 23:58:11,630 [INFO] CodeEngine:279 - Generated code: C:\Users\erkan\STM32CubeIDE\workspace_1.11.2\HAL_MAX6675_001\Core\Src\stm32f4xx_hal_msp.c
2024-01-04 23:58:11,636 [INFO] CodeEngine:255 - oldGeneratedFile, C:\Users\erkan\STM32CubeIDE\workspace_1.11.2\HAL_MAX6675_001\MXTmpFiles\system.tmp_save
2024-01-04 23:58:11,688 [INFO] CodeEngine:279 - Generated code: C:\Users\erkan\STM32CubeIDE\workspace_1.11.2\HAL_MAX6675_001\MXTmpFiles\system.tmp
2024-01-04 23:58:11,707 [INFO] CodeEngine:311 - oldGeneratedFile, C:\Users\erkan\STM32CubeIDE\workspace_1.11.2\HAL_MAX6675_001\Core\Inc\stm32f4xx_hal_conf.h_save
2024-01-04 23:58:11,799 [INFO] CodeEngine:335 - Generated code: C:\Users\erkan\STM32CubeIDE\workspace_1.11.2\HAL_MAX6675_001\Core\Inc\stm32f4xx_hal_conf.h
2024-01-04 23:58:11,852 [INFO] CodeEngine:255 - oldGeneratedFile, C:\Users\erkan\STM32CubeIDE\workspace_1.11.2\HAL_MAX6675_001\Core\Inc\main.h_save
2024-01-04 23:58:11,976 [INFO] CodeEngine:279 - Generated code: C:\Users\erkan\STM32CubeIDE\workspace_1.11.2\HAL_MAX6675_001\Core\Inc\main.h
2024-01-04 23:58:11,995 [INFO] CodeEngine:255 - oldGeneratedFile, C:\Users\erkan\STM32CubeIDE\workspace_1.11.2\HAL_MAX6675_001\Core\Src\main.c_save
2024-01-04 23:58:12,117 [INFO] CodeEngine:279 - Generated code: C:\Users\erkan\STM32CubeIDE\workspace_1.11.2\HAL_MAX6675_001\Core\Src\main.c
2024-01-04 23:58:12,573 [INFO] ProjectBuilder:3064 - Time for Copy HAL[1] : 219mS.
2024-01-04 23:58:12,579 [INFO] ProjectBuilder:4404 - Project Generator version: 4.1.0
2024-01-04 23:58:13,395 [INFO] ConfigFileManager:1457 - The Die is : DIE413
2024-01-04 23:58:15,238 [INFO] ProjectBuilder:4626 - Time for Generating toolchain IDE Files: 2660mS.
2024-01-04 23:58:15,240 [INFO] ProjectBuilder:2935 - Time for Copy CMSIS : 1mS.
2024-01-04 23:58:15,242 [INFO] ProjectBuilder:2935 - Time for Copy CMSIS : 0mS.
