2024-04-14 21:33:54,505 [INFO] Activator:176 - 


2024-04-14 21:33:54,522 [INFO] Activator:177 - !SESSION log4j initialized
2024-04-14 21:34:04,266 [INFO] LogOutputStream:77 - [STDOUT_REDIRECT] 
2024-04-14 21:34:06,808 [INFO] ApplicationProperties:184 - Using Application install path: C:\ST\STM32CubeIDE_1.11.2\STM32CubeIDE\plugins\com.st.stm32cube.common.mx_6.9.2.202309101412
2024-04-14 21:34:06,847 [INFO] DbMcusXml:78 - Set database path to: C:\ST\STM32CubeIDE_1.11.2\STM32CubeIDE\plugins\com.st.stm32cube.common.mx_6.9.2.202309101412\\db\/mcu/
2024-04-14 21:34:06,847 [INFO] ApiDb:274 - Set plugin database path to: C:\ST\STM32CubeIDE_1.11.2\STM32CubeIDE\plugins\com.st.stm32cube.common.mx_6.9.2.202309101412\\db\/plugins/boardmanager/
2024-04-14 21:34:06,848 [WARN] ApiDb:259 - Overriding images path with different value:  => C:\ST\STM32CubeIDE_1.11.2\STM32CubeIDE\plugins\com.st.stm32cube.common.mx_6.9.2.202309101412\\db\/plugins/mcufinder/images/
2024-04-14 21:34:06,874 [INFO] ApiDb:250 - Set database path to: C:\Users\erkan\.stmcufinder\plugins\mcufinder//mcu/
2024-04-14 21:34:06,875 [INFO] DbMcusAds:125 - Set database path to: C:\Users\erkan\.stmcufinder\plugins\mcufinder//mcu/
2024-04-14 21:34:06,877 [INFO] CrossReferenceDbSqlite:203 - Set database path to: C:\Users\erkan\.stmcufinder\plugins\mcufinder//mcu/cs/
2024-04-14 21:34:07,032 [INFO] RulesReader:64 - Compatibility file has been processed (293 Rules)
2024-04-14 21:34:07,167 [INFO] DbMcusXml:78 - Set database path to: C:\ST\STM32CubeIDE_1.11.2\STM32CubeIDE\plugins\com.st.stm32cube.common.mx_6.9.2.202309101412\\db\/mcu/
2024-04-14 21:34:07,167 [INFO] ApiDb:274 - Set plugin database path to: C:\ST\STM32CubeIDE_1.11.2\STM32CubeIDE\plugins\com.st.stm32cube.common.mx_6.9.2.202309101412\\db\/plugins/boardmanager/
2024-04-14 21:34:07,168 [INFO] ApiDb:261 - Set plugin images path to: C:\ST\STM32CubeIDE_1.11.2\STM32CubeIDE\plugins\com.st.stm32cube.common.mx_6.9.2.202309101412\\db\/plugins/mcufinder/images/
2024-04-14 21:34:07,168 [WARN] DbFile:41 - Overriding database path with different value: C:\Users\erkan\.stmcufinder\plugins\mcufinder/ => C:\Users\erkan\.stmcufinder\plugins\mcufinder
2024-04-14 21:34:07,168 [INFO] ApiDb:250 - Set database path to: C:\Users\erkan\.stmcufinder\plugins\mcufinder//mcu/
2024-04-14 21:34:07,168 [WARN] DbFile:41 - Overriding database path with different value: C:\Users\erkan\.stmcufinder\plugins\mcufinder/ => C:\Users\erkan\.stmcufinder\plugins\mcufinder
2024-04-14 21:34:07,168 [INFO] DbMcusAds:125 - Set database path to: C:\Users\erkan\.stmcufinder\plugins\mcufinder//mcu/
2024-04-14 21:34:07,168 [WARN] DbFile:41 - Overriding database path with different value: C:\Users\erkan\.stmcufinder\plugins\mcufinder/ => C:\Users\erkan\.stmcufinder\plugins\mcufinder
2024-04-14 21:34:07,168 [WARN] DbFile:41 - Overriding database path with different value: C:\Users\erkan\.stmcufinder\plugins\mcufinder/ => C:\Users\erkan\.stmcufinder\plugins\mcufinder
2024-04-14 21:34:07,168 [INFO] CrossReferenceDbSqlite:203 - Set database path to: C:\Users\erkan\.stmcufinder\plugins\mcufinder//mcu/cs/
2024-04-14 21:34:07,294 [INFO] MainPanel:262 - HeapMemory: 268435456
2024-04-14 21:34:07,438 [INFO] DbMcusXml:78 - Set database path to: C:\ST\STM32CubeIDE_1.11.2\STM32CubeIDE\plugins\com.st.stm32cube.common.mx_6.9.2.202309101412\\db\/mcu/
2024-04-14 21:34:07,438 [INFO] ApiDb:274 - Set plugin database path to: C:\ST\STM32CubeIDE_1.11.2\STM32CubeIDE\plugins\com.st.stm32cube.common.mx_6.9.2.202309101412\\db\/plugins/boardmanager/
2024-04-14 21:34:07,438 [INFO] ApiDb:261 - Set plugin images path to: C:\ST\STM32CubeIDE_1.11.2\STM32CubeIDE\plugins\com.st.stm32cube.common.mx_6.9.2.202309101412\\db\/plugins/mcufinder/images/
2024-04-14 21:34:07,439 [WARN] DbFile:41 - Overriding database path with different value: C:\Users\erkan\.stmcufinder\plugins\mcufinder/ => C:\Users\erkan\.stmcufinder\plugins\mcufinder
2024-04-14 21:34:07,439 [INFO] ApiDb:250 - Set database path to: C:\Users\erkan\.stmcufinder\plugins\mcufinder//mcu/
2024-04-14 21:34:07,439 [WARN] DbFile:41 - Overriding database path with different value: C:\Users\erkan\.stmcufinder\plugins\mcufinder/ => C:\Users\erkan\.stmcufinder\plugins\mcufinder
2024-04-14 21:34:07,439 [INFO] DbMcusAds:125 - Set database path to: C:\Users\erkan\.stmcufinder\plugins\mcufinder//mcu/
2024-04-14 21:34:07,439 [WARN] DbFile:41 - Overriding database path with different value: C:\Users\erkan\.stmcufinder\plugins\mcufinder/ => C:\Users\erkan\.stmcufinder\plugins\mcufinder
2024-04-14 21:34:07,440 [WARN] DbFile:41 - Overriding database path with different value: C:\Users\erkan\.stmcufinder\plugins\mcufinder/ => C:\Users\erkan\.stmcufinder\plugins\mcufinder
2024-04-14 21:34:07,440 [INFO] CrossReferenceDbSqlite:203 - Set database path to: C:\Users\erkan\.stmcufinder\plugins\mcufinder//mcu/cs/
2024-04-14 21:34:07,473 [INFO] ApplicationProperties:184 - Using Application install path: C:\ST\STM32CubeIDE_1.11.2\STM32CubeIDE\plugins\com.st.stm32cube.common.mx_6.9.2.202309101412
2024-04-14 21:34:07,475 [INFO] PluginManage:196 - Search for loadable plugins [exclusion list=, ]
2024-04-14 21:34:07,479 [INFO] PluginManage:310 - Check plugin analytics
2024-04-14 21:34:07,723 [INFO] AnalyticsPlugin:253 - Accepted Software Licenses: STM32CubeMX.6.9.2
2024-04-14 21:34:07,723 [INFO] AnalyticsPlugin:255 - Accepted CMSIS Pack Licenses: 
2024-04-14 21:34:07,723 [INFO] AnalyticsPlugin:257 - Accepted Firmware Licenses: 
2024-04-14 21:34:07,727 [INFO] PluginManage:359 - Loaded plugin analytics (category:tool,tabindex:-1)
2024-04-14 21:34:07,728 [INFO] PluginManage:310 - Check plugin cadmodel
2024-04-14 21:34:07,751 [INFO] CADModel:105 - Init CAD model plugin
2024-04-14 21:34:07,751 [INFO] PluginManage:359 - Loaded plugin cadmodel (category:power,tabindex:5)
2024-04-14 21:34:07,751 [INFO] PluginManage:310 - Check plugin clock
2024-04-14 21:34:07,781 [INFO] PluginManage:359 - Loaded plugin clock (category:base,tabindex:2)
2024-04-14 21:34:07,782 [INFO] PluginManage:310 - Check plugin ddr
2024-04-14 21:34:07,787 [INFO] PluginManage:359 - Loaded plugin ddr (category:tool,tabindex:6)
2024-04-14 21:34:07,788 [INFO] PluginManage:310 - Check plugin filemanager
2024-04-14 21:34:08,025 [INFO] PluginManage:359 - Loaded plugin filemanager (category:base,tabindex:10)
2024-04-14 21:34:08,026 [INFO] PluginManage:310 - Check plugin ipmanager
2024-04-14 21:34:08,044 [INFO] PluginManage:359 - Loaded plugin ipmanager (category:base,tabindex:5)
2024-04-14 21:34:08,044 [INFO] PluginManage:310 - Check plugin lpbam
2024-04-14 21:34:08,090 [INFO] PluginManage:359 - Loaded plugin lpbam (category:base,tabindex:0)
2024-04-14 21:34:08,090 [INFO] PluginManage:310 - Check plugin memorymap
2024-04-14 21:34:08,136 [INFO] PluginManage:359 - Loaded plugin memorymap (category:base,tabindex:4)
2024-04-14 21:34:08,138 [INFO] PluginManage:310 - Check plugin pinoutandconfiguration
2024-04-14 21:34:08,165 [INFO] PluginManage:359 - Loaded plugin pinoutandconfiguration (category:base,tabindex:1)
2024-04-14 21:34:08,166 [INFO] PluginManage:310 - Check plugin pinoutconfig
2024-04-14 21:34:08,425 [WARN] SupportedApi:132 - Cannot load RTOS API schema: s4s-elt-must-match.1: The content of 'definitions' must match (annotation?, (simpleType | complexType)?, (unique | key | keyref)*)). A problem was found starting at: attribute.
2024-04-14 21:34:08,856 [INFO] PluginManage:359 - Loaded plugin pinoutconfig (category:base,tabindex:0)
2024-04-14 21:34:08,857 [INFO] PluginManage:310 - Check plugin power
2024-04-14 21:34:08,907 [INFO] PluginManage:359 - Loaded plugin power (category:power,tabindex:4)
2024-04-14 21:34:08,909 [INFO] PluginManage:310 - Check plugin projectmanager
2024-04-14 21:34:08,952 [INFO] PluginManage:359 - Loaded plugin projectmanager (category:projectmanager,tabindex:3)
2024-04-14 21:34:08,953 [INFO] PluginManage:310 - Check plugin thirdparty
2024-04-14 21:34:09,569 [WARN] IntegrityCheckThread:84 - waiting for thirdparty lock release [integrity check]
2024-04-14 21:34:09,570 [INFO] PluginManage:359 - Loaded plugin thirdparty (category:base,tabindex:-1)
2024-04-14 21:34:09,570 [INFO] IntegrityCheckThread:86 - entering critical section [integrity check]
2024-04-14 21:34:09,571 [INFO] PluginManage:310 - Check plugin tools
2024-04-14 21:34:09,571 [INFO] ThirdPartyUpdaterWithRetryManager:70 - Updater plugin not ready yet. [1/15]
2024-04-14 21:34:09,670 [INFO] PluginManage:359 - Loaded plugin tools (category:base,tabindex:7)
2024-04-14 21:34:09,671 [INFO] PluginManage:310 - Check plugin tutovideos
2024-04-14 21:34:10,154 [INFO] PluginManage:359 - Loaded plugin tutovideos (category:base,tabindex:-1)
2024-04-14 21:34:10,154 [INFO] PluginManage:310 - Check plugin updater
2024-04-14 21:34:10,181 [INFO] PluginManage:359 - Loaded plugin updater (category:base,tabindex:12)
2024-04-14 21:34:10,181 [INFO] PluginManage:310 - Check plugin userauth
2024-04-14 21:34:10,190 [INFO] UserAuth:113 - Init User Auth plugin
2024-04-14 21:34:10,191 [INFO] PluginManage:359 - Loaded plugin userauth (category:base,tabindex:14)
2024-04-14 21:34:10,193 [INFO] PluginManage:283 - PluginManage : Loaded plugins [17]
2024-04-14 21:34:10,551 [INFO] PinOutPanel:1499 - setPackage(No Configuration,No Configuration)
2024-04-14 21:34:10,775 [INFO] CADModel:165 - CPN selected for project level
2024-04-14 21:34:10,776 [INFO] CADModel:114 - Register for checkConnection events
2024-04-14 21:34:10,813 [INFO] IPUIPlugin:80 - create IPUIPlugin
2024-04-14 21:34:10,813 [INFO] PluginManager:220 - loadIPPluginJar : add adc
2024-04-14 21:34:10,871 [INFO] IPUIPlugin:80 - create IPUIPlugin
2024-04-14 21:34:10,871 [INFO] PluginManager:220 - loadIPPluginJar : add aes
2024-04-14 21:34:10,923 [INFO] IPUIPlugin:80 - create IPUIPlugin
2024-04-14 21:34:10,923 [INFO] PluginManager:220 - loadIPPluginJar : add can
2024-04-14 21:34:10,944 [INFO] IPUIPlugin:80 - create IPUIPlugin
2024-04-14 21:34:10,944 [INFO] PluginManager:220 - loadIPPluginJar : add comp
2024-04-14 21:34:10,982 [INFO] IPUIPlugin:80 - create IPUIPlugin
2024-04-14 21:34:10,982 [INFO] PluginManager:220 - loadIPPluginJar : add cryp
2024-04-14 21:34:11,032 [INFO] IPUIPlugin:80 - create IPUIPlugin
2024-04-14 21:34:11,032 [INFO] PluginManager:220 - loadIPPluginJar : add dfsdm
2024-04-14 21:34:11,054 [INFO] IPUIPlugin:80 - create IPUIPlugin
2024-04-14 21:34:11,055 [INFO] PluginManager:220 - loadIPPluginJar : add dma
2024-04-14 21:34:11,123 [INFO] IPUIPlugin:80 - create IPUIPlugin
2024-04-14 21:34:11,124 [INFO] PluginManager:220 - loadIPPluginJar : add dma3
2024-04-14 21:34:11,163 [INFO] IPUIPlugin:80 - create IPUIPlugin
2024-04-14 21:34:11,163 [INFO] PluginManager:220 - loadIPPluginJar : add fatfs
2024-04-14 21:34:11,248 [INFO] IPUIPlugin:80 - create IPUIPlugin
2024-04-14 21:34:11,249 [INFO] PluginManager:220 - loadIPPluginJar : add fmc
2024-04-14 21:34:11,269 [INFO] IPUIPlugin:80 - create IPUIPlugin
2024-04-14 21:34:11,270 [INFO] PluginManager:220 - loadIPPluginJar : add freertos
2024-04-14 21:34:11,296 [INFO] IPUIPlugin:80 - create IPUIPlugin
2024-04-14 21:34:11,296 [INFO] PluginManager:220 - loadIPPluginJar : add genericplugin
2024-04-14 21:34:11,412 [INFO] IPUIPlugin:80 - create IPUIPlugin
2024-04-14 21:34:11,413 [INFO] PluginManager:220 - loadIPPluginJar : add gfxmmu
2024-04-14 21:34:11,572 [INFO] IPUIPlugin:80 - create IPUIPlugin
2024-04-14 21:34:11,572 [INFO] PluginManager:220 - loadIPPluginJar : add gic
2024-04-14 21:34:11,592 [INFO] IPUIPlugin:80 - create IPUIPlugin
2024-04-14 21:34:11,593 [INFO] PluginManager:220 - loadIPPluginJar : add gpio
2024-04-14 21:34:11,703 [INFO] IPUIPlugin:80 - create IPUIPlugin
2024-04-14 21:34:11,703 [INFO] PluginManager:220 - loadIPPluginJar : add gtzc
2024-04-14 21:34:11,744 [INFO] IPUIPlugin:80 - create IPUIPlugin
2024-04-14 21:34:11,744 [INFO] PluginManager:220 - loadIPPluginJar : add hash
2024-04-14 21:34:11,811 [INFO] IPUIPlugin:80 - create IPUIPlugin
2024-04-14 21:34:11,811 [INFO] PluginManager:220 - loadIPPluginJar : add i2c
2024-04-14 21:34:11,862 [INFO] IPUIPlugin:80 - create IPUIPlugin
2024-04-14 21:34:11,862 [INFO] PluginManager:220 - loadIPPluginJar : add i2s
2024-04-14 21:34:11,911 [INFO] IPUIPlugin:80 - create IPUIPlugin
2024-04-14 21:34:11,911 [INFO] PluginManager:220 - loadIPPluginJar : add i3c
2024-04-14 21:34:12,046 [INFO] IPUIPlugin:80 - create IPUIPlugin
2024-04-14 21:34:12,046 [INFO] PluginManager:220 - loadIPPluginJar : add ipddr
2024-04-14 21:34:12,178 [INFO] IPUIPlugin:80 - create IPUIPlugin
2024-04-14 21:34:12,178 [INFO] PluginManager:220 - loadIPPluginJar : add linkedlist
2024-04-14 21:34:12,227 [INFO] IPUIPlugin:80 - create IPUIPlugin
2024-04-14 21:34:12,227 [INFO] PluginManager:220 - loadIPPluginJar : add lorawan
2024-04-14 21:34:12,269 [INFO] IPUIPlugin:80 - create IPUIPlugin
2024-04-14 21:34:12,271 [INFO] PluginManager:220 - loadIPPluginJar : add ltdc
2024-04-14 21:34:12,286 [INFO] IPUIPlugin:80 - create IPUIPlugin
2024-04-14 21:34:12,286 [INFO] PluginManager:220 - loadIPPluginJar : add mdma
2024-04-14 21:34:12,304 [INFO] IPUIPlugin:80 - create IPUIPlugin
2024-04-14 21:34:12,305 [INFO] PluginManager:220 - loadIPPluginJar : add nvic
2024-04-14 21:34:12,350 [INFO] IPUIPlugin:80 - create IPUIPlugin
2024-04-14 21:34:12,350 [INFO] PluginManager:220 - loadIPPluginJar : add opamp
2024-04-14 21:34:12,421 [INFO] IPUIPlugin:80 - create IPUIPlugin
2024-04-14 21:34:12,421 [INFO] PluginManager:220 - loadIPPluginJar : add openamp
2024-04-14 21:34:12,476 [INFO] IPUIPlugin:80 - create IPUIPlugin
2024-04-14 21:34:12,476 [INFO] PluginManager:220 - loadIPPluginJar : add pdm2pcm
2024-04-14 21:34:12,494 [INFO] IPUIPlugin:80 - create IPUIPlugin
2024-04-14 21:34:12,496 [INFO] PluginManager:220 - loadIPPluginJar : add plateformsettings
2024-04-14 21:34:12,523 [INFO] IPUIPlugin:80 - create IPUIPlugin
2024-04-14 21:34:12,523 [INFO] PluginManager:220 - loadIPPluginJar : add quadspi
2024-04-14 21:34:12,539 [INFO] IPUIPlugin:80 - create IPUIPlugin
2024-04-14 21:34:12,539 [INFO] PluginManager:220 - loadIPPluginJar : add resmgrutility
2024-04-14 21:34:12,574 [INFO] ThirdPartyUpdaterWithRetryManager:70 - Updater plugin not ready yet. [2/15]
2024-04-14 21:34:12,600 [INFO] IPUIPlugin:80 - create IPUIPlugin
2024-04-14 21:34:12,600 [INFO] PluginManager:220 - loadIPPluginJar : add sai
2024-04-14 21:34:12,667 [INFO] IPUIPlugin:80 - create IPUIPlugin
2024-04-14 21:34:12,667 [INFO] PluginManager:220 - loadIPPluginJar : add spi
2024-04-14 21:34:12,750 [INFO] IPUIPlugin:80 - create IPUIPlugin
2024-04-14 21:34:12,750 [INFO] PluginManager:220 - loadIPPluginJar : add stm32_wpan
2024-04-14 21:34:12,787 [INFO] IPUIPlugin:80 - create IPUIPlugin
2024-04-14 21:34:12,787 [INFO] PluginManager:220 - loadIPPluginJar : add tim
2024-04-14 21:34:12,868 [INFO] IPUIPlugin:80 - create IPUIPlugin
2024-04-14 21:34:12,868 [INFO] PluginManager:220 - loadIPPluginJar : add touchsensing
2024-04-14 21:34:12,909 [INFO] IPUIPlugin:80 - create IPUIPlugin
2024-04-14 21:34:12,909 [INFO] PluginManager:220 - loadIPPluginJar : add tracer_emb
2024-04-14 21:34:12,938 [INFO] IPUIPlugin:80 - create IPUIPlugin
2024-04-14 21:34:12,939 [INFO] PluginManager:220 - loadIPPluginJar : add ts
2024-04-14 21:34:12,966 [INFO] IPUIPlugin:80 - create IPUIPlugin
2024-04-14 21:34:12,967 [INFO] PluginManager:220 - loadIPPluginJar : add tsc
2024-04-14 21:34:12,995 [INFO] IPUIPlugin:80 - create IPUIPlugin
2024-04-14 21:34:12,995 [INFO] PluginManager:220 - loadIPPluginJar : add ucpd
2024-04-14 21:34:13,059 [INFO] IPUIPlugin:80 - create IPUIPlugin
2024-04-14 21:34:13,060 [INFO] PluginManager:220 - loadIPPluginJar : add usart
2024-04-14 21:34:13,110 [INFO] IPUIPlugin:80 - create IPUIPlugin
2024-04-14 21:34:13,110 [INFO] PluginManager:220 - loadIPPluginJar : add usbx
2024-04-14 21:34:13,254 [INFO] CADModel:165 - CPN selected for project level
2024-04-14 21:34:13,255 [INFO] CADModel:114 - Register for checkConnection events
2024-04-14 21:34:13,255 [FATAL] Updater:308 - Updater called before beeing initialized
2024-04-14 21:34:13,255 [ERROR] CADModel:125 - Updater not yet initialized, retry later 
2024-04-14 21:34:13,482 [INFO] CADModel:165 - CPN selected for project level
2024-04-14 21:34:13,482 [INFO] CADModel:114 - Register for checkConnection events
2024-04-14 21:34:13,482 [FATAL] Updater:308 - Updater called before beeing initialized
2024-04-14 21:34:13,483 [ERROR] CADModel:125 - Updater not yet initialized, retry later 
2024-04-14 21:34:13,487 [FATAL] Updater:308 - Updater called before beeing initialized
2024-04-14 21:34:13,643 [FATAL] Updater:308 - Updater called before beeing initialized
2024-04-14 21:34:13,662 [INFO] DbMcusAds:53 - JSON generation date=Wed Nov 29 11:52:27 CET 2023 (1701255147349)
2024-04-14 21:34:13,662 [FATAL] Updater:308 - Updater called before beeing initialized
2024-04-14 21:34:13,769 [WARN] DetailPanel:346 - Failed to get advertising image, set to default
2024-04-14 21:34:13,879 [FATAL] Updater:308 - Updater called before beeing initialized
2024-04-14 21:34:13,882 [FATAL] Updater:308 - Updater called before beeing initialized
2024-04-14 21:34:13,882 [FATAL] Updater:308 - Updater called before beeing initialized
2024-04-14 21:34:13,882 [WARN] DetailPanel:346 - Failed to get advertising image, set to default
2024-04-14 21:34:13,883 [FATAL] Updater:308 - Updater called before beeing initialized
2024-04-14 21:34:13,959 [ERROR] Updater:1120 - MainUpdater not yet initialized. External WinMGr cannot be set.
2024-04-14 21:34:13,973 [INFO] Updater:1056 - Updater Version found : 6.9.2
2024-04-14 21:34:14,003 [INFO] ApplicationProperties:184 - Using Application install path: C:\ST\STM32CubeIDE_1.11.2\STM32CubeIDE\plugins\com.st.stm32cube.common.mx_6.9.2.202309101412
2024-04-14 21:34:14,407 [INFO] MainUpdater:2868 - connection check result : 10
2024-04-14 21:34:14,407 [INFO] MainUpdater:3562 - Updater definition file requires update
2024-04-14 21:34:14,408 [INFO] MainUpdater:285 - Updater Check For Update Now.
2024-04-14 21:34:14,409 [INFO] MicroXplorer:498 - Change Database Version : DB.6.0.92
2024-04-14 21:34:14,429 [INFO] McuFinderGlobals:63 - Set McuFinder mode to 2 (CubeIDE integrated)
2024-04-14 21:34:14,433 [INFO] UserAuth:179 - activating auth plugin
2024-04-14 21:34:14,435 [INFO] UserAuth:393 - Internet connection configuration mode: 1
2024-04-14 21:34:14,437 [INFO] ServerAccessManage:473 - Download File updaters.zip
2024-04-14 21:34:14,483 [INFO] JxBrowserEngine:151 - Initiate JxBrowser Engine with user profile folder
2024-04-14 21:34:14,526 [INFO] FileExtend:240 - Unzip File : updaters.zip
2024-04-14 21:34:14,527 [INFO] FileExtend:255 - Standard Zip Deflate
2024-04-14 21:34:15,577 [WARN] MainUpdater:1189 - Updater busy. Cannot search thirdparties
2024-04-14 21:34:15,578 [INFO] ThirdPartyUpdaterWithRetryManager:96 - Updater plugin is busy. [1/15]
2024-04-14 21:34:15,750 [INFO] ServerAccessManage:473 - Download File PacksControlFlags.xml
2024-04-14 21:34:15,883 [INFO] ServerAccessManage:473 - Download File cubemx.pidx
2024-04-14 21:34:16,099 [INFO] LoadServerUpdatesThread:373 - End of LoadServerUpdate Thread
2024-04-14 21:34:16,354 [INFO] CheckServerUpdateThread:120 - End of CheckServer Thread
2024-04-14 21:34:19,180 [WARN] PackLoader:240 - Cannot read IP mode file for STMicroelectronics.X-CUBE-SMBUS.2.1.0
2024-04-14 21:34:19,214 [WARN] PackLoader:240 - Cannot read IP mode file for STMicroelectronics.X-CUBE-TOUCHGFX.4.23.0
2024-04-14 21:34:19,247 [WARN] PackLoader:240 - Cannot read IP mode file for STMicroelectronics.X-CUBE-TOUCHGFX.4.23.2
2024-04-14 21:34:19,341 [WARN] PackLoader:240 - Cannot read IP mode file for STMicroelectronics.X-CUBE-AZRTOS-F7.1.1.0
2024-04-14 21:34:19,379 [WARN] PackLoader:240 - Cannot read IP mode file for STMicroelectronics.FP-SNS-MOTENV1.4.3.2
2024-04-14 21:34:19,391 [INFO] WebApp:157 - Instantiating new browser for Auth
2024-04-14 21:34:19,429 [WARN] PackLoader:240 - Cannot read IP mode file for STMicroelectronics.X-CUBE-BLE1.6.2.4
2024-04-14 21:34:19,463 [WARN] PackLoader:240 - Cannot read IP mode file for STMicroelectronics.FP-SNS-FLIGHT1.5.0.2
2024-04-14 21:34:19,500 [WARN] PackLoader:240 - Cannot read IP mode file for STMicroelectronics.X-CUBE-DISPLAY.3.0.0
2024-04-14 21:34:19,536 [WARN] PackLoader:240 - Cannot read IP mode file for STMicroelectronics.X-CUBE-BLE1.7.0.0
2024-04-14 21:34:19,563 [WARN] PackLoader:240 - Cannot read IP mode file for STMicroelectronics.X-CUBE-TOUCHGFX.4.22.0
2024-04-14 21:34:19,591 [WARN] PackLoader:240 - Cannot read IP mode file for STMicroelectronics.X-CUBE-TOUCHGFX.4.22.1
2024-04-14 21:34:19,631 [WARN] PackLoader:240 - Cannot read IP mode file for STMicroelectronics.X-CUBE-BLEMGR.3.1.0
2024-04-14 21:34:19,674 [WARN] PackLoader:240 - Cannot read IP mode file for STMicroelectronics.FP-SNS-SMARTAG2.1.2.0
2024-04-14 21:34:19,722 [INFO] LogOutputStream:77 - [STDOUT_REDIRECT] 1 : Invalid condition id : UX_CORESTACK_Condition cause : null
2024-04-14 21:34:19,723 [INFO] LogOutputStream:77 - [STDOUT_REDIRECT] 1 : Invalid condition id : UX_CORESTACK_Condition cause : null
2024-04-14 21:34:19,725 [INFO] LogOutputStream:77 - [STDOUT_REDIRECT] 1 : Invalid condition id : UX_CORESTACK_Condition cause : null
2024-04-14 21:34:19,727 [INFO] LogOutputStream:77 - [STDOUT_REDIRECT] 1 : Invalid condition id : UX_CORESTACK_Condition cause : null
2024-04-14 21:34:19,729 [INFO] LogOutputStream:77 - [STDOUT_REDIRECT] 1 : Invalid condition id : UX_CORESTACK_Condition cause : null
2024-04-14 21:34:19,736 [WARN] PackLoader:240 - Cannot read IP mode file for STMicroelectronics.X-CUBE-AZRTOS-WL.2.0.0
2024-04-14 21:34:19,782 [WARN] PackLoader:240 - Cannot read IP mode file for STMicroelectronics.FP-SNS-MOTENV1.5.0.0
2024-04-14 21:34:19,825 [WARN] PackLoader:240 - Cannot read IP mode file for WES.I-CUBE-Cesium.1.3.0
2024-04-14 21:34:19,860 [WARN] PackLoader:240 - Cannot read IP mode file for STMicroelectronics.X-CUBE-BLE2.3.3.0
2024-04-14 21:34:19,899 [WARN] PackLoader:240 - Cannot read IP mode file for STMicroelectronics.X-CUBE-TOF1.3.2.0
2024-04-14 21:34:19,943 [WARN] PackLoader:240 - Cannot read IP mode file for STMicroelectronics.X-CUBE-TCPP.4.1.0
2024-04-14 21:34:19,977 [WARN] PackLoader:240 - Cannot read IP mode file for STMicroelectronics.X-CUBE-TOUCHGFX.4.21.1
2024-04-14 21:34:20,011 [WARN] PackLoader:240 - Cannot read IP mode file for STMicroelectronics.X-CUBE-AI.7.3.0
2024-04-14 21:34:20,045 [WARN] PackLoader:240 - Cannot read IP mode file for STMicroelectronics.X-CUBE-ALGOBUILD.1.3.0
2024-04-14 21:34:20,094 [WARN] PackLoader:240 - Cannot read IP mode file for STMicroelectronics.X-CUBE-AZRTOS-G0.1.1.0
2024-04-14 21:34:20,127 [WARN] PackLoader:240 - Cannot read IP mode file for STMicroelectronics.X-CUBE-SAFEA1.1.2.2
2024-04-14 21:34:20,150 [WARN] PackLoader:240 - Cannot read IP mode file for STMicroelectronics.X-CUBE-NFC4.3.0.0
2024-04-14 21:34:20,177 [WARN] PackLoader:240 - Cannot read IP mode file for STMicroelectronics.X-CUBE-BLEMGR.3.0.0
2024-04-14 21:34:20,206 [WARN] PackLoader:240 - Cannot read IP mode file for STMicroelectronics.X-CUBE-BLEMGR.1.3.0
2024-04-14 21:34:20,238 [WARN] PackLoader:240 - Cannot read IP mode file for STMicroelectronics.FP-ATR-SIGFOX1.3.2.0
2024-04-14 21:34:20,266 [WARN] PackLoader:240 - Cannot read IP mode file for STMicroelectronics.X-CUBE-EEPRMA1.5.1.0
2024-04-14 21:34:20,359 [WARN] PackLoader:240 - Cannot read IP mode file for STMicroelectronics.X-CUBE-MEMS1.9.5.0
2024-04-14 21:34:20,621 [WARN] PackLoader:240 - Cannot read IP mode file for SEGGER.I-CUBE-embOS.1.3.1
2024-04-14 21:34:20,701 [WARN] PackLoader:240 - Cannot read IP mode file for STMicroelectronics.X-CUBE-GNSS1.6.0.0
2024-04-14 21:34:20,749 [WARN] PackLoader:240 - Cannot read IP mode file for STMicroelectronics.X-CUBE-AZRTOS-F4.1.1.0
2024-04-14 21:34:20,805 [WARN] PackLoader:240 - Cannot read IP mode file for STMicroelectronics.X-CUBE-AZRTOS-L5.2.0.0
2024-04-14 21:34:20,898 [WARN] PackLoader:240 - Cannot read IP mode file for STMicroelectronics.X-CUBE-MEMS1.9.6.0
2024-04-14 21:34:21,036 [INFO] WebApp:753 - Register for checkConnection events
2024-04-14 21:34:21,036 [INFO] WebApp:390 - Apply proxy settings
2024-04-14 21:34:21,037 [INFO] WebApp:475 - Chromium requires no authentication
2024-04-14 21:34:21,045 [WARN] PackLoader:240 - Cannot read IP mode file for STMicroelectronics.X-CUBE-EEPRMA1.4.2.0
2024-04-14 21:34:21,052 [INFO] WebApp:418 - Direct internet connection detected
2024-04-14 21:34:21,075 [WARN] PackLoader:240 - Cannot read IP mode file for STMicroelectronics.X-CUBE-NFC6.3.1.0
2024-04-14 21:34:21,105 [WARN] PackLoader:240 - Cannot read IP mode file for ITTIA_DB.I-CUBE-ITTIADB.8.8.0
2024-04-14 21:34:21,140 [WARN] PackLoader:240 - Cannot read IP mode file for emotas.I-CUBE-CANOPEN.1.1.3
2024-04-14 21:34:21,162 [WARN] PackLoader:240 - Cannot read IP mode file for STMicroelectronics.X-CUBE-BLEMGR.2.0.0
2024-04-14 21:34:21,202 [WARN] ConditionMgr:438 - getConditionDescription Invalid condition id : UX DEVICE CLASS RTOS Condition cause : null
2024-04-14 21:34:21,202 [WARN] ConditionMgr:438 - getConditionDescription Invalid condition id : UX DEVICE CLASS RTOS Condition cause : null
2024-04-14 21:34:21,206 [WARN] PackLoader:240 - Cannot read IP mode file for STMicroelectronics.X-CUBE-AZRTOS-H7.3.1.0
2024-04-14 21:34:21,207 [WARN] ConditionMgr:1039 - genDependencies : Invalid condition id : UX DEVICE CLASS RTOS Condition cause : null
2024-04-14 21:34:21,207 [WARN] ConditionMgr:1039 - genDependencies : Invalid condition id : UX DEVICE CLASS RTOS Condition cause : null
2024-04-14 21:34:21,209 [WARN] ConditionMgr:1039 - genDependencies : Invalid condition id : UX DEVICE CLASS RTOS Condition cause : null
2024-04-14 21:34:21,209 [WARN] ConditionMgr:1039 - genDependencies : Invalid condition id : UX DEVICE CLASS RTOS Condition cause : null
2024-04-14 21:34:21,209 [WARN] ConditionMgr:1039 - genDependencies : Invalid condition id : UX DEVICE CLASS RTOS Condition cause : null
2024-04-14 21:34:21,238 [WARN] PackLoader:240 - Cannot read IP mode file for wolfSSL.I-CUBE-wolfSSL.5.5.4
2024-04-14 21:34:21,264 [WARN] PackLoader:240 - Cannot read IP mode file for STMicroelectronics.X-CUBE-NFC7.1.0.1
2024-04-14 21:34:21,295 [WARN] PackLoader:240 - Cannot read IP mode file for STMicroelectronics.X-CUBE-NFC7.1.0.0
2024-04-14 21:34:21,323 [WARN] PackLoader:240 - Cannot read IP mode file for STMicroelectronics.X-CUBE-NFC6.3.0.0
2024-04-14 21:34:21,351 [WARN] PackLoader:240 - Cannot read IP mode file for STMicroelectronics.X-CUBE-EEPRMA1.4.1.0
2024-04-14 21:34:21,377 [WARN] PackLoader:240 - Cannot read IP mode file for STMicroelectronics.X-CUBE-AI.8.1.0
2024-04-14 21:34:21,436 [WARN] ConditionMgr:438 - getConditionDescription Invalid condition id : LAN8742 Phy interface Condition cause : null
2024-04-14 21:34:21,438 [WARN] PackLoader:240 - Cannot read IP mode file for STMicroelectronics.X-CUBE-AZRTOS-L4.2.0.0
2024-04-14 21:34:21,440 [WARN] ConditionMgr:1039 - genDependencies : Invalid condition id : LAN8742 Phy interface Condition cause : null
2024-04-14 21:34:21,442 [WARN] ConditionMgr:1039 - genDependencies : Invalid condition id : LAN8742 Phy interface Condition cause : null
2024-04-14 21:34:21,443 [WARN] ConditionMgr:1039 - genDependencies : Invalid condition id : LAN8742 Phy interface Condition cause : null
2024-04-14 21:34:21,483 [WARN] PackLoader:240 - Cannot read IP mode file for STMicroelectronics.X-CUBE-SFXS2LP1.4.0.0
2024-04-14 21:34:21,534 [WARN] PackLoader:240 - Cannot read IP mode file for STMicroelectronics.X-CUBE-AZRTOS-H7.3.0.0
2024-04-14 21:34:21,545 [INFO] WebApp:188 - Starting web application
2024-04-14 21:34:21,547 [INFO] WebApp:520 - Web application path used C:\ST\STM32CubeIDE_1.11.2\STM32CubeIDE\plugins\com.st.stm32cube.common.mx_6.9.2.202309101412\db\plugins\mcufinder\reactClient1\index.html
2024-04-14 21:34:21,562 [WARN] PackLoader:240 - Cannot read IP mode file for STMicroelectronics.X-CUBE-ISPU.1.1.0
2024-04-14 21:34:21,590 [WARN] PackLoader:240 - Cannot read IP mode file for RoweBots.I-CUBE-UNISONRTOS.5.5.0-4
2024-04-14 21:34:21,623 [WARN] PackLoader:240 - Cannot read IP mode file for STMicroelectronics.X-CUBE-AI.8.0.0
2024-04-14 21:34:21,660 [WARN] ConditionMgr:438 - getConditionDescription Invalid condition id : UX DEVICE CLASS RTOS Condition cause : null
2024-04-14 21:34:21,661 [WARN] ConditionMgr:438 - getConditionDescription Invalid condition id : UX DEVICE CLASS RTOS Condition cause : null
2024-04-14 21:34:21,664 [WARN] PackLoader:240 - Cannot read IP mode file for STMicroelectronics.X-CUBE-AZRTOS-WB.2.0.0
2024-04-14 21:34:21,665 [WARN] ConditionMgr:1039 - genDependencies : Invalid condition id : UX DEVICE CLASS RTOS Condition cause : null
2024-04-14 21:34:21,666 [WARN] ConditionMgr:1039 - genDependencies : Invalid condition id : UX DEVICE CLASS RTOS Condition cause : null
2024-04-14 21:34:21,666 [WARN] ConditionMgr:1039 - genDependencies : Invalid condition id : UX DEVICE CLASS RTOS Condition cause : null
2024-04-14 21:34:21,667 [WARN] ConditionMgr:1039 - genDependencies : Invalid condition id : UX DEVICE CLASS RTOS Condition cause : null
2024-04-14 21:34:21,667 [WARN] ConditionMgr:1039 - genDependencies : Invalid condition id : UX DEVICE CLASS RTOS Condition cause : null
2024-04-14 21:34:21,698 [WARN] PackLoader:240 - Cannot read IP mode file for STMicroelectronics.X-CUBE-FREERTOS.1.0.1
2024-04-14 21:34:21,752 [WARN] PackLoader:240 - Cannot read IP mode file for STMicroelectronics.X-CUBE-AZRTOS-L5.1.1.0
2024-04-14 21:34:21,797 [WARN] PackLoader:240 - Cannot read IP mode file for STMicroelectronics.X-CUBE-SUBG2.5.0.0
2024-04-14 21:34:21,843 [WARN] PackLoader:240 - Cannot read IP mode file for STMicroelectronics.X-CUBE-TOF1.3.3.1
2024-04-14 21:34:21,904 [WARN] PackLoader:240 - Cannot read IP mode file for STMicroelectronics.X-CUBE-AZRTOS-G4.2.0.0
2024-04-14 21:34:21,937 [WARN] PackLoader:240 - Cannot read IP mode file for STMicroelectronics.FP-ATR-ASTRA1.1.1.1
2024-04-14 21:34:21,982 [WARN] PackLoader:240 - Cannot read IP mode file for Infineon.AIROC-Wi-Fi-Bluetooth-STM32.1.5.1
2024-04-14 21:34:22,004 [WARN] PackLoader:240 - Cannot read IP mode file for STMicroelectronics.FP-SNS-MOTENVWB1.1.3.0
2024-04-14 21:34:22,035 [WARN] PackLoader:240 - Cannot read IP mode file for STMicroelectronics.FP-SNS-MOTENVWB1.1.3.1
2024-04-14 21:34:22,083 [WARN] PackLoader:240 - Cannot read IP mode file for STMicroelectronics.X-CUBE-AZRTOS-G4.1.0.0
2024-04-14 21:34:22,154 [WARN] PackLoader:240 - Cannot read IP mode file for STMicroelectronics.X-CUBE-AZRTOS-L4.1.0.0
2024-04-14 21:34:22,184 [WARN] PackLoader:240 - Cannot read IP mode file for STMicroelectronics.X-CUBE-ISPU.2.0.0
2024-04-14 21:34:22,268 [WARN] PackLoader:240 - Cannot read IP mode file for STMicroelectronics.X-CUBE-MEMS1.10.0.0
2024-04-14 21:34:22,410 [WARN] PackLoader:240 - Cannot read IP mode file for STMicroelectronics.X-CUBE-FREERTOS.1.1.0
2024-04-14 21:34:22,447 [WARN] PackLoader:240 - Cannot read IP mode file for STMicroelectronics.X-CUBE-AZRTOS-WL.1.0.0
2024-04-14 21:34:22,475 [WARN] PackLoader:240 - Cannot read IP mode file for portGmbH.I-Cube-SoM-uGOAL.1.1.0
2024-04-14 21:34:22,495 [WARN] PackLoader:240 - Cannot read IP mode file for STMicroelectronics.X-CUBE-ALS.1.0.1
2024-04-14 21:34:22,533 [WARN] PackLoader:240 - Cannot read IP mode file for STMicroelectronics.X-CUBE-AZRTOS-WB.1.1.0
2024-04-14 21:34:22,556 [WARN] PackLoader:240 - Cannot read IP mode file for STMicroelectronics.FP-ATR-ASTRA1.2.0.0
2024-04-14 21:34:22,582 [WARN] PackLoader:240 - Cannot read IP mode file for STMicroelectronics.X-CUBE-TOF1.3.4.0
2024-04-14 21:34:22,621 [WARN] PackLoader:240 - Cannot read IP mode file for STMicroelectronics.X-CUBE-TOF1.3.4.1
2024-04-14 21:34:22,672 [WARN] PackLoader:240 - Cannot read IP mode file for STMicroelectronics.X-CUBE-AZRTOS-H7.3.2.0
2024-04-14 21:34:22,676 [INFO] ThirdParty:978 - Integrity check success = true
2024-04-14 21:34:22,676 [INFO] IntegrityCheckThread:100 - exiting critical section [integrity check]
2024-04-14 21:34:22,676 [INFO] IntegrityCheckThread:103 - End integrity checks thread
2024-04-14 21:34:43,207 [ERROR] LogOutputStream:75 - [STDERR_REDIRECT] SLF4J: Failed to load class "org.slf4j.impl.StaticLoggerBinder".
2024-04-14 21:34:43,208 [ERROR] LogOutputStream:75 - [STDERR_REDIRECT] SLF4J: Defaulting to no-operation (NOP) logger implementation
2024-04-14 21:34:43,210 [ERROR] LogOutputStream:75 - [STDERR_REDIRECT] SLF4J: See http://www.slf4j.org/codes.html#StaticLoggerBinder for further details.
