2023-10-27 00:11:23,763 [INFO] UtilMem:75 - End SaveConfig() Used Memory: 495231528 Bytes (1059061760)
2023-10-27 00:11:25,591 [INFO] UtilMem:75 - End SaveConfig() Used Memory: 524591656 Bytes (1059061760)
2023-10-27 00:11:26,100 [INFO] UtilMem:75 - End SaveConfig() Used Memory: 574923304 Bytes (1059061760)
2023-10-27 00:11:26,280 [INFO] BlockDiagram:2759 - set Specific Code input for plugin: SYS
2023-10-27 00:11:26,281 [INFO] BlockDiagram:2759 - set Specific Code input for plugin: RCC
2023-10-27 00:11:26,281 [INFO] BlockDiagram:2759 - set Specific Code input for plugin: NVIC
2023-10-27 00:11:26,281 [INFO] BlockDiagram:2759 - set Specific Code input for plugin: GPIO
2023-10-27 00:11:26,283 [INFO] CodeGenerator:799 - code generatio: config db path: C:\ST\STM32CubeIDE_1.11.2\STM32CubeIDE\plugins\com.st.stm32cube.common.mx_6.9.2.202309101412\\db\
2023-10-27 00:11:26,397 [INFO] CodeEngine:255 - oldGeneratedFile, C:\Users\erkan\STM32CubeIDE\workspace_1.11.2\MFK_HAL_TIM_001\MXTmpFiles\license.tmp_save
2023-10-27 00:11:26,482 [INFO] CodeEngine:279 - Generated code: C:\Users\erkan\STM32CubeIDE\workspace_1.11.2\MFK_HAL_TIM_001\MXTmpFiles\license.tmp
2023-10-27 00:11:26,496 [INFO] CodeEngine:255 - oldGeneratedFile, C:\Users\erkan\STM32CubeIDE\workspace_1.11.2\MFK_HAL_TIM_001\MXTmpFiles\gpio.tmp_save
2023-10-27 00:11:26,593 [INFO] CodeEngine:279 - Generated code: C:\Users\erkan\STM32CubeIDE\workspace_1.11.2\MFK_HAL_TIM_001\MXTmpFiles\gpio.tmp
2023-10-27 00:11:26,621 [INFO] CodeEngine:255 - oldGeneratedFile, C:\Users\erkan\STM32CubeIDE\workspace_1.11.2\MFK_HAL_TIM_001\Core\Src\stm32f4xx_it.c_save
2023-10-27 00:11:26,767 [INFO] CodeEngine:279 - Generated code: C:\Users\erkan\STM32CubeIDE\workspace_1.11.2\MFK_HAL_TIM_001\Core\Src\stm32f4xx_it.c
2023-10-27 00:11:26,776 [INFO] CodeEngine:255 - oldGeneratedFile, C:\Users\erkan\STM32CubeIDE\workspace_1.11.2\MFK_HAL_TIM_001\Core\Inc\stm32f4xx_it.h_save
2023-10-27 00:11:26,851 [INFO] CodeEngine:279 - Generated code: C:\Users\erkan\STM32CubeIDE\workspace_1.11.2\MFK_HAL_TIM_001\Core\Inc\stm32f4xx_it.h
2023-10-27 00:11:26,879 [INFO] CodeEngine:255 - oldGeneratedFile, C:\Users\erkan\STM32CubeIDE\workspace_1.11.2\MFK_HAL_TIM_001\Core\Src\stm32f4xx_hal_msp.c_save
2023-10-27 00:11:27,376 [INFO] CodeEngine:279 - Generated code: C:\Users\erkan\STM32CubeIDE\workspace_1.11.2\MFK_HAL_TIM_001\Core\Src\stm32f4xx_hal_msp.c
2023-10-27 00:11:27,383 [INFO] CodeEngine:255 - oldGeneratedFile, C:\Users\erkan\STM32CubeIDE\workspace_1.11.2\MFK_HAL_TIM_001\MXTmpFiles\system.tmp_save
2023-10-27 00:11:27,446 [INFO] CodeEngine:279 - Generated code: C:\Users\erkan\STM32CubeIDE\workspace_1.11.2\MFK_HAL_TIM_001\MXTmpFiles\system.tmp
2023-10-27 00:11:27,476 [INFO] CodeEngine:311 - oldGeneratedFile, C:\Users\erkan\STM32CubeIDE\workspace_1.11.2\MFK_HAL_TIM_001\Core\Inc\stm32f4xx_hal_conf.h_save
2023-10-27 00:11:27,582 [INFO] CodeEngine:335 - Generated code: C:\Users\erkan\STM32CubeIDE\workspace_1.11.2\MFK_HAL_TIM_001\Core\Inc\stm32f4xx_hal_conf.h
2023-10-27 00:11:27,649 [INFO] CodeEngine:255 - oldGeneratedFile, C:\Users\erkan\STM32CubeIDE\workspace_1.11.2\MFK_HAL_TIM_001\Core\Inc\main.h_save
2023-10-27 00:11:27,739 [INFO] CodeEngine:279 - Generated code: C:\Users\erkan\STM32CubeIDE\workspace_1.11.2\MFK_HAL_TIM_001\Core\Inc\main.h
2023-10-27 00:11:27,760 [INFO] CodeEngine:255 - oldGeneratedFile, C:\Users\erkan\STM32CubeIDE\workspace_1.11.2\MFK_HAL_TIM_001\Core\Src\main.c_save
2023-10-27 00:11:27,881 [INFO] CodeEngine:279 - Generated code: C:\Users\erkan\STM32CubeIDE\workspace_1.11.2\MFK_HAL_TIM_001\Core\Src\main.c
2023-10-27 00:11:28,519 [INFO] ProjectBuilder:3064 - Time for Copy HAL[1] : 354mS.
2023-10-27 00:11:28,524 [INFO] ProjectBuilder:4404 - Project Generator version: 4.1.0
2023-10-27 00:11:28,682 [INFO] ConfigFileManager:1457 - The Die is : DIE413
2023-10-27 00:11:30,111 [INFO] ProjectBuilder:4626 - Time for Generating toolchain IDE Files: 1587mS.
2023-10-27 00:11:30,113 [INFO] ProjectBuilder:2935 - Time for Copy CMSIS : 1mS.
2023-10-27 00:11:30,116 [INFO] ProjectBuilder:2935 - Time for Copy CMSIS : 0mS.
