2023-11-01 00:17:48,261 [ERROR] LogOutputStream:75 - [STDERR_REDIRECT] 
2023-11-01 21:39:31,046 [INFO] Activator:176 - 


2023-11-01 21:39:31,051 [INFO] Activator:177 - !SESSION log4j initialized
2023-11-01 21:39:39,660 [INFO] LogOutputStream:77 - [STDOUT_REDIRECT] 
2023-11-01 21:39:41,283 [INFO] ApplicationProperties:184 - Using Application install path: C:\ST\STM32CubeIDE_1.11.2\STM32CubeIDE\plugins\com.st.stm32cube.common.mx_6.9.2.202309101412
2023-11-01 21:39:41,328 [INFO] DbMcusXml:78 - Set database path to: C:\ST\STM32CubeIDE_1.11.2\STM32CubeIDE\plugins\com.st.stm32cube.common.mx_6.9.2.202309101412\\db\/mcu/
2023-11-01 21:39:41,329 [INFO] ApiDb:274 - Set plugin database path to: C:\ST\STM32CubeIDE_1.11.2\STM32CubeIDE\plugins\com.st.stm32cube.common.mx_6.9.2.202309101412\\db\/plugins/boardmanager/
2023-11-01 21:39:41,330 [WARN] ApiDb:259 - Overriding images path with different value:  => C:\ST\STM32CubeIDE_1.11.2\STM32CubeIDE\plugins\com.st.stm32cube.common.mx_6.9.2.202309101412\\db\/plugins/mcufinder/images/
2023-11-01 21:39:41,369 [INFO] ApiDb:250 - Set database path to: C:\Users\erkan\.stmcufinder\plugins\mcufinder//mcu/
2023-11-01 21:39:41,371 [INFO] DbMcusAds:125 - Set database path to: C:\Users\erkan\.stmcufinder\plugins\mcufinder//mcu/
2023-11-01 21:39:41,376 [INFO] CrossReferenceDbSqlite:203 - Set database path to: C:\Users\erkan\.stmcufinder\plugins\mcufinder//mcu/cs/
2023-11-01 21:39:41,545 [INFO] RulesReader:64 - Compatibility file has been processed (293 Rules)
2023-11-01 21:39:41,681 [INFO] DbMcusXml:78 - Set database path to: C:\ST\STM32CubeIDE_1.11.2\STM32CubeIDE\plugins\com.st.stm32cube.common.mx_6.9.2.202309101412\\db\/mcu/
2023-11-01 21:39:41,682 [INFO] ApiDb:274 - Set plugin database path to: C:\ST\STM32CubeIDE_1.11.2\STM32CubeIDE\plugins\com.st.stm32cube.common.mx_6.9.2.202309101412\\db\/plugins/boardmanager/
2023-11-01 21:39:41,682 [INFO] ApiDb:261 - Set plugin images path to: C:\ST\STM32CubeIDE_1.11.2\STM32CubeIDE\plugins\com.st.stm32cube.common.mx_6.9.2.202309101412\\db\/plugins/mcufinder/images/
2023-11-01 21:39:41,682 [WARN] DbFile:41 - Overriding database path with different value: C:\Users\erkan\.stmcufinder\plugins\mcufinder/ => C:\Users\erkan\.stmcufinder\plugins\mcufinder
2023-11-01 21:39:41,682 [INFO] ApiDb:250 - Set database path to: C:\Users\erkan\.stmcufinder\plugins\mcufinder//mcu/
2023-11-01 21:39:41,682 [WARN] DbFile:41 - Overriding database path with different value: C:\Users\erkan\.stmcufinder\plugins\mcufinder/ => C:\Users\erkan\.stmcufinder\plugins\mcufinder
2023-11-01 21:39:41,683 [INFO] DbMcusAds:125 - Set database path to: C:\Users\erkan\.stmcufinder\plugins\mcufinder//mcu/
2023-11-01 21:39:41,683 [WARN] DbFile:41 - Overriding database path with different value: C:\Users\erkan\.stmcufinder\plugins\mcufinder/ => C:\Users\erkan\.stmcufinder\plugins\mcufinder
2023-11-01 21:39:41,683 [WARN] DbFile:41 - Overriding database path with different value: C:\Users\erkan\.stmcufinder\plugins\mcufinder/ => C:\Users\erkan\.stmcufinder\plugins\mcufinder
2023-11-01 21:39:41,683 [INFO] CrossReferenceDbSqlite:203 - Set database path to: C:\Users\erkan\.stmcufinder\plugins\mcufinder//mcu/cs/
2023-11-01 21:39:41,803 [INFO] MainPanel:262 - HeapMemory: 268435456
2023-11-01 21:39:41,926 [INFO] DbMcusXml:78 - Set database path to: C:\ST\STM32CubeIDE_1.11.2\STM32CubeIDE\plugins\com.st.stm32cube.common.mx_6.9.2.202309101412\\db\/mcu/
2023-11-01 21:39:41,926 [INFO] ApiDb:274 - Set plugin database path to: C:\ST\STM32CubeIDE_1.11.2\STM32CubeIDE\plugins\com.st.stm32cube.common.mx_6.9.2.202309101412\\db\/plugins/boardmanager/
2023-11-01 21:39:41,926 [INFO] ApiDb:261 - Set plugin images path to: C:\ST\STM32CubeIDE_1.11.2\STM32CubeIDE\plugins\com.st.stm32cube.common.mx_6.9.2.202309101412\\db\/plugins/mcufinder/images/
2023-11-01 21:39:41,927 [WARN] DbFile:41 - Overriding database path with different value: C:\Users\erkan\.stmcufinder\plugins\mcufinder/ => C:\Users\erkan\.stmcufinder\plugins\mcufinder
2023-11-01 21:39:41,927 [INFO] ApiDb:250 - Set database path to: C:\Users\erkan\.stmcufinder\plugins\mcufinder//mcu/
2023-11-01 21:39:41,927 [WARN] DbFile:41 - Overriding database path with different value: C:\Users\erkan\.stmcufinder\plugins\mcufinder/ => C:\Users\erkan\.stmcufinder\plugins\mcufinder
2023-11-01 21:39:41,927 [INFO] DbMcusAds:125 - Set database path to: C:\Users\erkan\.stmcufinder\plugins\mcufinder//mcu/
2023-11-01 21:39:41,927 [WARN] DbFile:41 - Overriding database path with different value: C:\Users\erkan\.stmcufinder\plugins\mcufinder/ => C:\Users\erkan\.stmcufinder\plugins\mcufinder
2023-11-01 21:39:41,927 [WARN] DbFile:41 - Overriding database path with different value: C:\Users\erkan\.stmcufinder\plugins\mcufinder/ => C:\Users\erkan\.stmcufinder\plugins\mcufinder
2023-11-01 21:39:41,927 [INFO] CrossReferenceDbSqlite:203 - Set database path to: C:\Users\erkan\.stmcufinder\plugins\mcufinder//mcu/cs/
2023-11-01 21:39:41,963 [INFO] ApplicationProperties:184 - Using Application install path: C:\ST\STM32CubeIDE_1.11.2\STM32CubeIDE\plugins\com.st.stm32cube.common.mx_6.9.2.202309101412
2023-11-01 21:39:41,964 [INFO] PluginManage:196 - Search for loadable plugins [exclusion list=, ]
2023-11-01 21:39:41,969 [INFO] PluginManage:310 - Check plugin analytics
2023-11-01 21:39:42,195 [INFO] AnalyticsPlugin:253 - Accepted Software Licenses: STM32CubeMX.6.9.2
2023-11-01 21:39:42,195 [INFO] AnalyticsPlugin:255 - Accepted CMSIS Pack Licenses: 
2023-11-01 21:39:42,196 [INFO] AnalyticsPlugin:257 - Accepted Firmware Licenses: 
2023-11-01 21:39:42,200 [INFO] PluginManage:359 - Loaded plugin analytics (category:tool,tabindex:-1)
2023-11-01 21:39:42,200 [INFO] PluginManage:310 - Check plugin cadmodel
2023-11-01 21:39:42,219 [INFO] CADModel:105 - Init CAD model plugin
2023-11-01 21:39:42,220 [INFO] PluginManage:359 - Loaded plugin cadmodel (category:power,tabindex:5)
2023-11-01 21:39:42,220 [INFO] PluginManage:310 - Check plugin clock
2023-11-01 21:39:42,251 [INFO] PluginManage:359 - Loaded plugin clock (category:base,tabindex:2)
2023-11-01 21:39:42,253 [INFO] PluginManage:310 - Check plugin ddr
2023-11-01 21:39:42,257 [INFO] PluginManage:359 - Loaded plugin ddr (category:tool,tabindex:6)
2023-11-01 21:39:42,257 [INFO] PluginManage:310 - Check plugin filemanager
2023-11-01 21:39:42,431 [INFO] PluginManage:359 - Loaded plugin filemanager (category:base,tabindex:10)
2023-11-01 21:39:42,431 [INFO] PluginManage:310 - Check plugin ipmanager
2023-11-01 21:39:42,445 [INFO] PluginManage:359 - Loaded plugin ipmanager (category:base,tabindex:5)
2023-11-01 21:39:42,445 [INFO] PluginManage:310 - Check plugin lpbam
2023-11-01 21:39:42,469 [INFO] PluginManage:359 - Loaded plugin lpbam (category:base,tabindex:0)
2023-11-01 21:39:42,469 [INFO] PluginManage:310 - Check plugin memorymap
2023-11-01 21:39:42,502 [INFO] PluginManage:359 - Loaded plugin memorymap (category:base,tabindex:4)
2023-11-01 21:39:42,503 [INFO] PluginManage:310 - Check plugin pinoutandconfiguration
2023-11-01 21:39:42,527 [INFO] PluginManage:359 - Loaded plugin pinoutandconfiguration (category:base,tabindex:1)
2023-11-01 21:39:42,527 [INFO] PluginManage:310 - Check plugin pinoutconfig
2023-11-01 21:39:42,670 [WARN] SupportedApi:132 - Cannot load RTOS API schema: s4s-elt-must-match.1: The content of 'definitions' must match (annotation?, (simpleType | complexType)?, (unique | key | keyref)*)). A problem was found starting at: attribute.
2023-11-01 21:39:42,871 [INFO] PluginManage:359 - Loaded plugin pinoutconfig (category:base,tabindex:0)
2023-11-01 21:39:42,871 [INFO] PluginManage:310 - Check plugin power
2023-11-01 21:39:42,895 [INFO] PluginManage:359 - Loaded plugin power (category:power,tabindex:4)
2023-11-01 21:39:42,895 [INFO] PluginManage:310 - Check plugin projectmanager
2023-11-01 21:39:42,913 [INFO] PluginManage:359 - Loaded plugin projectmanager (category:projectmanager,tabindex:3)
2023-11-01 21:39:42,913 [INFO] PluginManage:310 - Check plugin thirdparty
2023-11-01 21:39:43,297 [WARN] IntegrityCheckThread:84 - waiting for thirdparty lock release [integrity check]
2023-11-01 21:39:43,297 [INFO] PluginManage:359 - Loaded plugin thirdparty (category:base,tabindex:-1)
2023-11-01 21:39:43,298 [INFO] PluginManage:310 - Check plugin tools
2023-11-01 21:39:43,298 [INFO] IntegrityCheckThread:86 - entering critical section [integrity check]
2023-11-01 21:39:43,298 [INFO] ThirdPartyUpdaterWithRetryManager:70 - Updater plugin not ready yet. [1/15]
2023-11-01 21:39:43,344 [INFO] PluginManage:359 - Loaded plugin tools (category:base,tabindex:7)
2023-11-01 21:39:43,344 [INFO] PluginManage:310 - Check plugin tutovideos
2023-11-01 21:39:43,611 [INFO] PluginManage:359 - Loaded plugin tutovideos (category:base,tabindex:-1)
2023-11-01 21:39:43,611 [INFO] PluginManage:310 - Check plugin updater
2023-11-01 21:39:43,624 [INFO] PluginManage:359 - Loaded plugin updater (category:base,tabindex:12)
2023-11-01 21:39:43,624 [INFO] PluginManage:310 - Check plugin userauth
2023-11-01 21:39:43,631 [INFO] UserAuth:113 - Init User Auth plugin
2023-11-01 21:39:43,631 [INFO] PluginManage:359 - Loaded plugin userauth (category:base,tabindex:14)
2023-11-01 21:39:43,632 [INFO] PluginManage:283 - PluginManage : Loaded plugins [17]
2023-11-01 21:39:44,015 [INFO] PinOutPanel:1499 - setPackage(No Configuration,No Configuration)
2023-11-01 21:39:44,205 [INFO] CADModel:165 - CPN selected for project level
2023-11-01 21:39:44,207 [INFO] CADModel:114 - Register for checkConnection events
2023-11-01 21:39:44,239 [INFO] IPUIPlugin:80 - create IPUIPlugin
2023-11-01 21:39:44,240 [INFO] PluginManager:220 - loadIPPluginJar : add adc
2023-11-01 21:39:44,282 [INFO] IPUIPlugin:80 - create IPUIPlugin
2023-11-01 21:39:44,282 [INFO] PluginManager:220 - loadIPPluginJar : add aes
2023-11-01 21:39:44,344 [INFO] IPUIPlugin:80 - create IPUIPlugin
2023-11-01 21:39:44,344 [INFO] PluginManager:220 - loadIPPluginJar : add can
2023-11-01 21:39:44,385 [INFO] IPUIPlugin:80 - create IPUIPlugin
2023-11-01 21:39:44,386 [INFO] PluginManager:220 - loadIPPluginJar : add comp
2023-11-01 21:39:44,466 [INFO] IPUIPlugin:80 - create IPUIPlugin
2023-11-01 21:39:44,466 [INFO] PluginManager:220 - loadIPPluginJar : add cryp
2023-11-01 21:39:44,542 [INFO] IPUIPlugin:80 - create IPUIPlugin
2023-11-01 21:39:44,543 [INFO] PluginManager:220 - loadIPPluginJar : add dfsdm
2023-11-01 21:39:44,583 [INFO] IPUIPlugin:80 - create IPUIPlugin
2023-11-01 21:39:44,585 [INFO] PluginManager:220 - loadIPPluginJar : add dma
2023-11-01 21:39:44,687 [INFO] IPUIPlugin:80 - create IPUIPlugin
2023-11-01 21:39:44,687 [INFO] PluginManager:220 - loadIPPluginJar : add dma3
2023-11-01 21:39:44,721 [INFO] IPUIPlugin:80 - create IPUIPlugin
2023-11-01 21:39:44,722 [INFO] PluginManager:220 - loadIPPluginJar : add fatfs
2023-11-01 21:39:44,819 [INFO] IPUIPlugin:80 - create IPUIPlugin
2023-11-01 21:39:44,819 [INFO] PluginManager:220 - loadIPPluginJar : add fmc
2023-11-01 21:39:44,846 [INFO] IPUIPlugin:80 - create IPUIPlugin
2023-11-01 21:39:44,846 [INFO] PluginManager:220 - loadIPPluginJar : add freertos
2023-11-01 21:39:44,883 [INFO] IPUIPlugin:80 - create IPUIPlugin
2023-11-01 21:39:44,883 [INFO] PluginManager:220 - loadIPPluginJar : add genericplugin
2023-11-01 21:39:45,082 [INFO] IPUIPlugin:80 - create IPUIPlugin
2023-11-01 21:39:45,082 [INFO] PluginManager:220 - loadIPPluginJar : add gfxmmu
2023-11-01 21:39:45,295 [INFO] IPUIPlugin:80 - create IPUIPlugin
2023-11-01 21:39:45,296 [INFO] PluginManager:220 - loadIPPluginJar : add gic
2023-11-01 21:39:45,313 [INFO] IPUIPlugin:80 - create IPUIPlugin
2023-11-01 21:39:45,313 [INFO] PluginManager:220 - loadIPPluginJar : add gpio
2023-11-01 21:39:45,421 [INFO] IPUIPlugin:80 - create IPUIPlugin
2023-11-01 21:39:45,421 [INFO] PluginManager:220 - loadIPPluginJar : add gtzc
2023-11-01 21:39:45,480 [INFO] IPUIPlugin:80 - create IPUIPlugin
2023-11-01 21:39:45,480 [INFO] PluginManager:220 - loadIPPluginJar : add hash
2023-11-01 21:39:45,591 [INFO] IPUIPlugin:80 - create IPUIPlugin
2023-11-01 21:39:45,591 [INFO] PluginManager:220 - loadIPPluginJar : add i2c
2023-11-01 21:39:45,677 [INFO] IPUIPlugin:80 - create IPUIPlugin
2023-11-01 21:39:45,678 [INFO] PluginManager:220 - loadIPPluginJar : add i2s
2023-11-01 21:39:45,767 [INFO] IPUIPlugin:80 - create IPUIPlugin
2023-11-01 21:39:45,767 [INFO] PluginManager:220 - loadIPPluginJar : add i3c
2023-11-01 21:39:45,928 [INFO] IPUIPlugin:80 - create IPUIPlugin
2023-11-01 21:39:45,928 [INFO] PluginManager:220 - loadIPPluginJar : add ipddr
2023-11-01 21:39:46,092 [INFO] IPUIPlugin:80 - create IPUIPlugin
2023-11-01 21:39:46,093 [INFO] PluginManager:220 - loadIPPluginJar : add linkedlist
2023-11-01 21:39:46,158 [INFO] IPUIPlugin:80 - create IPUIPlugin
2023-11-01 21:39:46,161 [INFO] PluginManager:220 - loadIPPluginJar : add lorawan
2023-11-01 21:39:46,232 [INFO] IPUIPlugin:80 - create IPUIPlugin
2023-11-01 21:39:46,232 [INFO] PluginManager:220 - loadIPPluginJar : add ltdc
2023-11-01 21:39:46,269 [INFO] IPUIPlugin:80 - create IPUIPlugin
2023-11-01 21:39:46,269 [INFO] PluginManager:220 - loadIPPluginJar : add mdma
2023-11-01 21:39:46,301 [INFO] ThirdPartyUpdaterWithRetryManager:70 - Updater plugin not ready yet. [2/15]
2023-11-01 21:39:46,301 [INFO] IPUIPlugin:80 - create IPUIPlugin
2023-11-01 21:39:46,301 [INFO] PluginManager:220 - loadIPPluginJar : add nvic
2023-11-01 21:39:46,363 [INFO] IPUIPlugin:80 - create IPUIPlugin
2023-11-01 21:39:46,363 [INFO] PluginManager:220 - loadIPPluginJar : add opamp
2023-11-01 21:39:46,460 [INFO] IPUIPlugin:80 - create IPUIPlugin
2023-11-01 21:39:46,461 [INFO] PluginManager:220 - loadIPPluginJar : add openamp
2023-11-01 21:39:46,510 [INFO] IPUIPlugin:80 - create IPUIPlugin
2023-11-01 21:39:46,510 [INFO] PluginManager:220 - loadIPPluginJar : add pdm2pcm
2023-11-01 21:39:46,530 [INFO] IPUIPlugin:80 - create IPUIPlugin
2023-11-01 21:39:46,537 [INFO] PluginManager:220 - loadIPPluginJar : add plateformsettings
2023-11-01 21:39:46,567 [INFO] IPUIPlugin:80 - create IPUIPlugin
2023-11-01 21:39:46,567 [INFO] PluginManager:220 - loadIPPluginJar : add quadspi
2023-11-01 21:39:46,586 [INFO] IPUIPlugin:80 - create IPUIPlugin
2023-11-01 21:39:46,587 [INFO] PluginManager:220 - loadIPPluginJar : add resmgrutility
2023-11-01 21:39:46,653 [INFO] IPUIPlugin:80 - create IPUIPlugin
2023-11-01 21:39:46,653 [INFO] PluginManager:220 - loadIPPluginJar : add sai
2023-11-01 21:39:46,698 [INFO] IPUIPlugin:80 - create IPUIPlugin
2023-11-01 21:39:46,698 [INFO] PluginManager:220 - loadIPPluginJar : add spi
2023-11-01 21:39:46,752 [INFO] IPUIPlugin:80 - create IPUIPlugin
2023-11-01 21:39:46,752 [INFO] PluginManager:220 - loadIPPluginJar : add stm32_wpan
2023-11-01 21:39:46,773 [INFO] IPUIPlugin:80 - create IPUIPlugin
2023-11-01 21:39:46,773 [INFO] PluginManager:220 - loadIPPluginJar : add tim
2023-11-01 21:39:46,825 [INFO] IPUIPlugin:80 - create IPUIPlugin
2023-11-01 21:39:46,825 [INFO] PluginManager:220 - loadIPPluginJar : add touchsensing
2023-11-01 21:39:46,848 [INFO] IPUIPlugin:80 - create IPUIPlugin
2023-11-01 21:39:46,849 [INFO] PluginManager:220 - loadIPPluginJar : add tracer_emb
2023-11-01 21:39:46,875 [INFO] IPUIPlugin:80 - create IPUIPlugin
2023-11-01 21:39:46,875 [INFO] PluginManager:220 - loadIPPluginJar : add ts
2023-11-01 21:39:46,902 [INFO] IPUIPlugin:80 - create IPUIPlugin
2023-11-01 21:39:46,903 [INFO] PluginManager:220 - loadIPPluginJar : add tsc
2023-11-01 21:39:46,924 [INFO] IPUIPlugin:80 - create IPUIPlugin
2023-11-01 21:39:46,924 [INFO] PluginManager:220 - loadIPPluginJar : add ucpd
2023-11-01 21:39:46,964 [INFO] IPUIPlugin:80 - create IPUIPlugin
2023-11-01 21:39:46,964 [INFO] PluginManager:220 - loadIPPluginJar : add usart
2023-11-01 21:39:47,004 [INFO] IPUIPlugin:80 - create IPUIPlugin
2023-11-01 21:39:47,004 [INFO] PluginManager:220 - loadIPPluginJar : add usbx
2023-11-01 21:39:47,172 [INFO] CADModel:165 - CPN selected for project level
2023-11-01 21:39:47,174 [INFO] CADModel:114 - Register for checkConnection events
2023-11-01 21:39:47,174 [FATAL] Updater:308 - Updater called before beeing initialized
2023-11-01 21:39:47,174 [ERROR] CADModel:125 - Updater not yet initialized, retry later 
2023-11-01 21:39:47,385 [INFO] CADModel:165 - CPN selected for project level
2023-11-01 21:39:47,386 [INFO] CADModel:114 - Register for checkConnection events
2023-11-01 21:39:47,386 [FATAL] Updater:308 - Updater called before beeing initialized
2023-11-01 21:39:47,386 [ERROR] CADModel:125 - Updater not yet initialized, retry later 
2023-11-01 21:39:47,389 [FATAL] Updater:308 - Updater called before beeing initialized
2023-11-01 21:39:47,531 [FATAL] Updater:308 - Updater called before beeing initialized
2023-11-01 21:39:47,545 [INFO] DbMcusAds:53 - JSON generation date=Tue Mar 07 09:50:55 CET 2023 (1678179055114)
2023-11-01 21:39:47,546 [FATAL] Updater:308 - Updater called before beeing initialized
2023-11-01 21:39:47,651 [WARN] DetailPanel:346 - Failed to get advertising image, set to default
2023-11-01 21:39:47,762 [FATAL] Updater:308 - Updater called before beeing initialized
2023-11-01 21:39:47,765 [FATAL] Updater:308 - Updater called before beeing initialized
2023-11-01 21:39:47,765 [FATAL] Updater:308 - Updater called before beeing initialized
2023-11-01 21:39:47,765 [WARN] DetailPanel:346 - Failed to get advertising image, set to default
2023-11-01 21:39:47,766 [FATAL] Updater:308 - Updater called before beeing initialized
2023-11-01 21:39:47,829 [ERROR] Updater:1120 - MainUpdater not yet initialized. External WinMGr cannot be set.
2023-11-01 21:39:47,840 [INFO] Updater:1056 - Updater Version found : 6.9.2
2023-11-01 21:39:47,858 [INFO] ApplicationProperties:184 - Using Application install path: C:\ST\STM32CubeIDE_1.11.2\STM32CubeIDE\plugins\com.st.stm32cube.common.mx_6.9.2.202309101412
2023-11-01 21:39:48,171 [INFO] MainUpdater:2868 - connection check result : 10
2023-11-01 21:39:48,172 [INFO] MainUpdater:285 - Updater Check For Update Now.
2023-11-01 21:39:48,172 [INFO] MicroXplorer:498 - Change Database Version : DB.6.0.92
2023-11-01 21:39:48,188 [INFO] McuFinderGlobals:63 - Set McuFinder mode to 2 (CubeIDE integrated)
2023-11-01 21:39:48,189 [INFO] UserAuth:179 - activating auth plugin
2023-11-01 21:39:48,192 [INFO] UserAuth:393 - Internet connection configuration mode: 1
2023-11-01 21:39:48,220 [INFO] JxBrowserEngine:151 - Initiate JxBrowser Engine with user profile folder
2023-11-01 21:39:48,370 [INFO] CheckServerUpdateThread:120 - End of CheckServer Thread
2023-11-01 21:39:49,720 [WARN] PackLoader:240 - Cannot read IP mode file for STMicroelectronics.X-CUBE-SMBUS.2.1.0
2023-11-01 21:39:49,798 [WARN] PackLoader:240 - Cannot read IP mode file for STMicroelectronics.X-CUBE-AZRTOS-F7.1.1.0
2023-11-01 21:39:49,831 [WARN] PackLoader:240 - Cannot read IP mode file for STMicroelectronics.FP-SNS-MOTENV1.4.3.2
2023-11-01 21:39:49,874 [WARN] PackLoader:240 - Cannot read IP mode file for STMicroelectronics.X-CUBE-BLE1.6.2.4
2023-11-01 21:39:49,897 [WARN] PackLoader:240 - Cannot read IP mode file for STMicroelectronics.FP-SNS-FLIGHT1.5.0.2
2023-11-01 21:39:49,938 [WARN] PackLoader:240 - Cannot read IP mode file for STMicroelectronics.X-CUBE-DISPLAY.3.0.0
2023-11-01 21:39:49,990 [WARN] PackLoader:240 - Cannot read IP mode file for STMicroelectronics.X-CUBE-BLE1.7.0.0
2023-11-01 21:39:50,022 [WARN] PackLoader:240 - Cannot read IP mode file for STMicroelectronics.X-CUBE-TOUCHGFX.4.22.0
2023-11-01 21:39:50,043 [WARN] PackLoader:240 - Cannot read IP mode file for STMicroelectronics.X-CUBE-TOUCHGFX.4.22.1
2023-11-01 21:39:50,069 [WARN] PackLoader:240 - Cannot read IP mode file for STMicroelectronics.FP-SNS-SMARTAG2.1.2.0
2023-11-01 21:39:50,121 [INFO] LogOutputStream:77 - [STDOUT_REDIRECT] 1 : Invalid condition id : UX_CORESTACK_Condition cause : null
2023-11-01 21:39:50,127 [INFO] LogOutputStream:77 - [STDOUT_REDIRECT] 1 : Invalid condition id : UX_CORESTACK_Condition cause : null
2023-11-01 21:39:50,130 [INFO] LogOutputStream:77 - [STDOUT_REDIRECT] 1 : Invalid condition id : UX_CORESTACK_Condition cause : null
2023-11-01 21:39:50,134 [INFO] LogOutputStream:77 - [STDOUT_REDIRECT] 1 : Invalid condition id : UX_CORESTACK_Condition cause : null
2023-11-01 21:39:50,138 [INFO] LogOutputStream:77 - [STDOUT_REDIRECT] 1 : Invalid condition id : UX_CORESTACK_Condition cause : null
2023-11-01 21:39:50,149 [WARN] PackLoader:240 - Cannot read IP mode file for STMicroelectronics.X-CUBE-AZRTOS-WL.2.0.0
2023-11-01 21:39:50,188 [WARN] PackLoader:240 - Cannot read IP mode file for WES.I-CUBE-Cesium.1.3.0
2023-11-01 21:39:50,214 [WARN] PackLoader:240 - Cannot read IP mode file for STMicroelectronics.X-CUBE-BLE2.3.3.0
2023-11-01 21:39:50,250 [WARN] PackLoader:240 - Cannot read IP mode file for STMicroelectronics.X-CUBE-TOF1.3.2.0
2023-11-01 21:39:50,283 [WARN] PackLoader:240 - Cannot read IP mode file for STMicroelectronics.X-CUBE-TOUCHGFX.4.21.1
2023-11-01 21:39:50,309 [WARN] PackLoader:240 - Cannot read IP mode file for STMicroelectronics.X-CUBE-AI.7.3.0
2023-11-01 21:39:50,333 [WARN] PackLoader:240 - Cannot read IP mode file for STMicroelectronics.X-CUBE-ALGOBUILD.1.3.0
2023-11-01 21:39:50,380 [WARN] PackLoader:240 - Cannot read IP mode file for STMicroelectronics.X-CUBE-AZRTOS-G0.1.1.0
2023-11-01 21:39:50,406 [WARN] PackLoader:240 - Cannot read IP mode file for STMicroelectronics.X-CUBE-NFC4.3.0.0
2023-11-01 21:39:50,434 [WARN] PackLoader:240 - Cannot read IP mode file for STMicroelectronics.X-CUBE-BLEMGR.3.0.0
2023-11-01 21:39:50,456 [WARN] PackLoader:240 - Cannot read IP mode file for STMicroelectronics.X-CUBE-BLEMGR.1.3.0
2023-11-01 21:39:50,475 [WARN] PackLoader:240 - Cannot read IP mode file for STMicroelectronics.FP-ATR-SIGFOX1.3.2.0
2023-11-01 21:39:50,548 [WARN] PackLoader:240 - Cannot read IP mode file for STMicroelectronics.X-CUBE-MEMS1.9.5.0
2023-11-01 21:39:50,733 [WARN] PackLoader:240 - Cannot read IP mode file for SEGGER.I-CUBE-embOS.1.3.1
2023-11-01 21:39:50,816 [WARN] PackLoader:240 - Cannot read IP mode file for STMicroelectronics.X-CUBE-GNSS1.6.0.0
2023-11-01 21:39:50,858 [WARN] PackLoader:240 - Cannot read IP mode file for STMicroelectronics.X-CUBE-AZRTOS-F4.1.1.0
2023-11-01 21:39:50,901 [WARN] PackLoader:240 - Cannot read IP mode file for STMicroelectronics.X-CUBE-AZRTOS-L5.2.0.0
2023-11-01 21:39:50,990 [WARN] PackLoader:240 - Cannot read IP mode file for STMicroelectronics.X-CUBE-MEMS1.9.6.0
2023-11-01 21:39:51,202 [WARN] PackLoader:240 - Cannot read IP mode file for STMicroelectronics.X-CUBE-EEPRMA1.4.2.0
2023-11-01 21:39:51,236 [WARN] PackLoader:240 - Cannot read IP mode file for ITTIA_DB.I-CUBE-ITTIADB.8.8.0
2023-11-01 21:39:51,271 [WARN] PackLoader:240 - Cannot read IP mode file for emotas.I-CUBE-CANOPEN.1.1.3
2023-11-01 21:39:51,343 [WARN] PackLoader:240 - Cannot read IP mode file for STMicroelectronics.X-CUBE-BLEMGR.2.0.0
2023-11-01 21:39:51,388 [WARN] ConditionMgr:438 - getConditionDescription Invalid condition id : UX DEVICE CLASS RTOS Condition cause : null
2023-11-01 21:39:51,388 [WARN] ConditionMgr:438 - getConditionDescription Invalid condition id : UX DEVICE CLASS RTOS Condition cause : null
2023-11-01 21:39:51,394 [WARN] PackLoader:240 - Cannot read IP mode file for STMicroelectronics.X-CUBE-AZRTOS-H7.3.1.0
2023-11-01 21:39:51,396 [WARN] ConditionMgr:1039 - genDependencies : Invalid condition id : UX DEVICE CLASS RTOS Condition cause : null
2023-11-01 21:39:51,396 [WARN] ConditionMgr:1039 - genDependencies : Invalid condition id : UX DEVICE CLASS RTOS Condition cause : null
2023-11-01 21:39:51,398 [WARN] ConditionMgr:1039 - genDependencies : Invalid condition id : UX DEVICE CLASS RTOS Condition cause : null
2023-11-01 21:39:51,399 [WARN] ConditionMgr:1039 - genDependencies : Invalid condition id : UX DEVICE CLASS RTOS Condition cause : null
2023-11-01 21:39:51,399 [WARN] ConditionMgr:1039 - genDependencies : Invalid condition id : UX DEVICE CLASS RTOS Condition cause : null
2023-11-01 21:39:51,418 [WARN] PackLoader:240 - Cannot read IP mode file for wolfSSL.I-CUBE-wolfSSL.5.5.4
2023-11-01 21:39:51,438 [WARN] PackLoader:240 - Cannot read IP mode file for STMicroelectronics.X-CUBE-NFC7.1.0.1
2023-11-01 21:39:51,468 [WARN] PackLoader:240 - Cannot read IP mode file for STMicroelectronics.X-CUBE-NFC7.1.0.0
2023-11-01 21:39:51,498 [WARN] PackLoader:240 - Cannot read IP mode file for STMicroelectronics.X-CUBE-NFC6.3.0.0
2023-11-01 21:39:51,521 [WARN] PackLoader:240 - Cannot read IP mode file for STMicroelectronics.X-CUBE-EEPRMA1.4.1.0
2023-11-01 21:39:51,536 [WARN] PackLoader:240 - Cannot read IP mode file for STMicroelectronics.X-CUBE-AI.8.1.0
2023-11-01 21:39:51,567 [WARN] ConditionMgr:438 - getConditionDescription Invalid condition id : LAN8742 Phy interface Condition cause : null
2023-11-01 21:39:51,568 [WARN] PackLoader:240 - Cannot read IP mode file for STMicroelectronics.X-CUBE-AZRTOS-L4.2.0.0
2023-11-01 21:39:51,569 [WARN] ConditionMgr:1039 - genDependencies : Invalid condition id : LAN8742 Phy interface Condition cause : null
2023-11-01 21:39:51,569 [WARN] ConditionMgr:1039 - genDependencies : Invalid condition id : LAN8742 Phy interface Condition cause : null
2023-11-01 21:39:51,570 [WARN] ConditionMgr:1039 - genDependencies : Invalid condition id : LAN8742 Phy interface Condition cause : null
2023-11-01 21:39:51,587 [WARN] PackLoader:240 - Cannot read IP mode file for STMicroelectronics.X-CUBE-SFXS2LP1.4.0.0
2023-11-01 21:39:51,618 [WARN] PackLoader:240 - Cannot read IP mode file for STMicroelectronics.X-CUBE-AZRTOS-H7.3.0.0
2023-11-01 21:39:51,641 [WARN] PackLoader:240 - Cannot read IP mode file for STMicroelectronics.X-CUBE-ISPU.1.1.0
2023-11-01 21:39:51,658 [WARN] PackLoader:240 - Cannot read IP mode file for RoweBots.I-CUBE-UNISONRTOS.5.5.0-4
2023-11-01 21:39:51,671 [WARN] PackLoader:240 - Cannot read IP mode file for STMicroelectronics.X-CUBE-AI.8.0.0
2023-11-01 21:39:51,697 [WARN] ConditionMgr:438 - getConditionDescription Invalid condition id : UX DEVICE CLASS RTOS Condition cause : null
2023-11-01 21:39:51,697 [WARN] ConditionMgr:438 - getConditionDescription Invalid condition id : UX DEVICE CLASS RTOS Condition cause : null
2023-11-01 21:39:51,699 [WARN] PackLoader:240 - Cannot read IP mode file for STMicroelectronics.X-CUBE-AZRTOS-WB.2.0.0
2023-11-01 21:39:51,701 [WARN] ConditionMgr:1039 - genDependencies : Invalid condition id : UX DEVICE CLASS RTOS Condition cause : null
2023-11-01 21:39:51,702 [WARN] ConditionMgr:1039 - genDependencies : Invalid condition id : UX DEVICE CLASS RTOS Condition cause : null
2023-11-01 21:39:51,702 [WARN] ConditionMgr:1039 - genDependencies : Invalid condition id : UX DEVICE CLASS RTOS Condition cause : null
2023-11-01 21:39:51,702 [WARN] ConditionMgr:1039 - genDependencies : Invalid condition id : UX DEVICE CLASS RTOS Condition cause : null
2023-11-01 21:39:51,703 [WARN] ConditionMgr:1039 - genDependencies : Invalid condition id : UX DEVICE CLASS RTOS Condition cause : null
2023-11-01 21:39:51,719 [WARN] PackLoader:240 - Cannot read IP mode file for STMicroelectronics.X-CUBE-FREERTOS.1.0.1
2023-11-01 21:39:51,751 [WARN] PackLoader:240 - Cannot read IP mode file for STMicroelectronics.X-CUBE-AZRTOS-L5.1.1.0
2023-11-01 21:39:51,777 [WARN] PackLoader:240 - Cannot read IP mode file for STMicroelectronics.X-CUBE-SUBG2.5.0.0
2023-11-01 21:39:51,797 [WARN] PackLoader:240 - Cannot read IP mode file for STMicroelectronics.X-CUBE-TOF1.3.3.1
2023-11-01 21:39:51,830 [WARN] PackLoader:240 - Cannot read IP mode file for STMicroelectronics.X-CUBE-AZRTOS-G4.2.0.0
2023-11-01 21:39:51,853 [WARN] PackLoader:240 - Cannot read IP mode file for STMicroelectronics.FP-ATR-ASTRA1.1.1.1
2023-11-01 21:39:51,910 [WARN] PackLoader:240 - Cannot read IP mode file for Infineon.AIROC-Wi-Fi-Bluetooth-STM32.1.5.1
2023-11-01 21:39:51,945 [WARN] PackLoader:240 - Cannot read IP mode file for STMicroelectronics.X-CUBE-AZRTOS-G4.1.0.0
2023-11-01 21:39:51,982 [WARN] PackLoader:240 - Cannot read IP mode file for STMicroelectronics.X-CUBE-AZRTOS-L4.1.0.0
2023-11-01 21:39:52,039 [WARN] PackLoader:240 - Cannot read IP mode file for STMicroelectronics.X-CUBE-MEMS1.10.0.0
2023-11-01 21:39:52,134 [WARN] PackLoader:240 - Cannot read IP mode file for STMicroelectronics.X-CUBE-FREERTOS.1.1.0
2023-11-01 21:39:52,144 [INFO] WebApp:157 - Instantiating new browser for Auth
2023-11-01 21:39:52,155 [WARN] PackLoader:240 - Cannot read IP mode file for STMicroelectronics.X-CUBE-AZRTOS-WL.1.0.0
2023-11-01 21:39:52,188 [WARN] PackLoader:240 - Cannot read IP mode file for portGmbH.I-Cube-SoM-uGOAL.1.1.0
2023-11-01 21:39:52,208 [WARN] PackLoader:240 - Cannot read IP mode file for STMicroelectronics.X-CUBE-ALS.1.0.1
2023-11-01 21:39:52,232 [WARN] PackLoader:240 - Cannot read IP mode file for STMicroelectronics.X-CUBE-AZRTOS-WB.1.1.0
2023-11-01 21:39:52,252 [WARN] PackLoader:240 - Cannot read IP mode file for STMicroelectronics.FP-ATR-ASTRA1.2.0.0
2023-11-01 21:39:52,254 [INFO] ThirdParty:978 - Integrity check success = true
2023-11-01 21:39:52,255 [INFO] IntegrityCheckThread:100 - exiting critical section [integrity check]
2023-11-01 21:39:52,255 [INFO] IntegrityCheckThread:103 - End integrity checks thread
2023-11-01 21:39:53,018 [INFO] WebApp:753 - Register for checkConnection events
2023-11-01 21:39:53,018 [INFO] WebApp:390 - Apply proxy settings
2023-11-01 21:39:53,018 [INFO] WebApp:475 - Chromium requires no authentication
2023-11-01 21:39:53,030 [INFO] WebApp:418 - Direct internet connection detected
2023-11-01 21:39:53,248 [INFO] WebApp:188 - Starting web application
2023-11-01 21:39:53,248 [INFO] WebApp:520 - Web application path used C:\ST\STM32CubeIDE_1.11.2\STM32CubeIDE\plugins\com.st.stm32cube.common.mx_6.9.2.202309101412\db\plugins\mcufinder\reactClient1\index.html
2023-11-01 21:40:14,607 [ERROR] LogOutputStream:75 - [STDERR_REDIRECT] SLF4J: Failed to load class "org.slf4j.impl.StaticLoggerBinder".
2023-11-01 21:40:14,608 [ERROR] LogOutputStream:75 - [STDERR_REDIRECT] SLF4J: Defaulting to no-operation (NOP) logger implementation
2023-11-01 21:40:14,610 [ERROR] LogOutputStream:75 - [STDERR_REDIRECT] SLF4J: See http://www.slf4j.org/codes.html#StaticLoggerBinder for further details.
2023-11-01 23:11:56,042 [ERROR] LogOutputStream:75 - [STDERR_REDIRECT] 
