2024-02-24 23:05:02,785 [INFO] Activator:176 - 


2024-02-24 23:05:02,794 [INFO] Activator:177 - !SESSION log4j initialized
2024-02-24 23:05:11,668 [INFO] LogOutputStream:77 - [STDOUT_REDIRECT] 
2024-02-24 23:05:13,722 [INFO] ApplicationProperties:184 - Using Application install path: C:\ST\STM32CubeIDE_1.11.2\STM32CubeIDE\plugins\com.st.stm32cube.common.mx_6.9.2.202309101412
2024-02-24 23:05:13,741 [INFO] DbMcusXml:78 - Set database path to: C:\ST\STM32CubeIDE_1.11.2\STM32CubeIDE\plugins\com.st.stm32cube.common.mx_6.9.2.202309101412\\db\/mcu/
2024-02-24 23:05:13,742 [INFO] ApiDb:274 - Set plugin database path to: C:\ST\STM32CubeIDE_1.11.2\STM32CubeIDE\plugins\com.st.stm32cube.common.mx_6.9.2.202309101412\\db\/plugins/boardmanager/
2024-02-24 23:05:13,742 [WARN] ApiDb:259 - Overriding images path with different value:  => C:\ST\STM32CubeIDE_1.11.2\STM32CubeIDE\plugins\com.st.stm32cube.common.mx_6.9.2.202309101412\\db\/plugins/mcufinder/images/
2024-02-24 23:05:13,761 [INFO] ApiDb:250 - Set database path to: C:\Users\erkan\.stmcufinder\plugins\mcufinder//mcu/
2024-02-24 23:05:13,762 [INFO] DbMcusAds:125 - Set database path to: C:\Users\erkan\.stmcufinder\plugins\mcufinder//mcu/
2024-02-24 23:05:13,764 [INFO] CrossReferenceDbSqlite:203 - Set database path to: C:\Users\erkan\.stmcufinder\plugins\mcufinder//mcu/cs/
2024-02-24 23:05:13,875 [INFO] RulesReader:64 - Compatibility file has been processed (293 Rules)
2024-02-24 23:05:13,970 [INFO] DbMcusXml:78 - Set database path to: C:\ST\STM32CubeIDE_1.11.2\STM32CubeIDE\plugins\com.st.stm32cube.common.mx_6.9.2.202309101412\\db\/mcu/
2024-02-24 23:05:13,970 [INFO] ApiDb:274 - Set plugin database path to: C:\ST\STM32CubeIDE_1.11.2\STM32CubeIDE\plugins\com.st.stm32cube.common.mx_6.9.2.202309101412\\db\/plugins/boardmanager/
2024-02-24 23:05:13,970 [INFO] ApiDb:261 - Set plugin images path to: C:\ST\STM32CubeIDE_1.11.2\STM32CubeIDE\plugins\com.st.stm32cube.common.mx_6.9.2.202309101412\\db\/plugins/mcufinder/images/
2024-02-24 23:05:13,970 [WARN] DbFile:41 - Overriding database path with different value: C:\Users\erkan\.stmcufinder\plugins\mcufinder/ => C:\Users\erkan\.stmcufinder\plugins\mcufinder
2024-02-24 23:05:13,970 [INFO] ApiDb:250 - Set database path to: C:\Users\erkan\.stmcufinder\plugins\mcufinder//mcu/
2024-02-24 23:05:13,970 [WARN] DbFile:41 - Overriding database path with different value: C:\Users\erkan\.stmcufinder\plugins\mcufinder/ => C:\Users\erkan\.stmcufinder\plugins\mcufinder
2024-02-24 23:05:13,970 [INFO] DbMcusAds:125 - Set database path to: C:\Users\erkan\.stmcufinder\plugins\mcufinder//mcu/
2024-02-24 23:05:13,970 [WARN] DbFile:41 - Overriding database path with different value: C:\Users\erkan\.stmcufinder\plugins\mcufinder/ => C:\Users\erkan\.stmcufinder\plugins\mcufinder
2024-02-24 23:05:13,971 [WARN] DbFile:41 - Overriding database path with different value: C:\Users\erkan\.stmcufinder\plugins\mcufinder/ => C:\Users\erkan\.stmcufinder\plugins\mcufinder
2024-02-24 23:05:13,971 [INFO] CrossReferenceDbSqlite:203 - Set database path to: C:\Users\erkan\.stmcufinder\plugins\mcufinder//mcu/cs/
2024-02-24 23:05:14,059 [INFO] MainPanel:262 - HeapMemory: 268435456
2024-02-24 23:05:14,153 [INFO] DbMcusXml:78 - Set database path to: C:\ST\STM32CubeIDE_1.11.2\STM32CubeIDE\plugins\com.st.stm32cube.common.mx_6.9.2.202309101412\\db\/mcu/
2024-02-24 23:05:14,153 [INFO] ApiDb:274 - Set plugin database path to: C:\ST\STM32CubeIDE_1.11.2\STM32CubeIDE\plugins\com.st.stm32cube.common.mx_6.9.2.202309101412\\db\/plugins/boardmanager/
2024-02-24 23:05:14,154 [INFO] ApiDb:261 - Set plugin images path to: C:\ST\STM32CubeIDE_1.11.2\STM32CubeIDE\plugins\com.st.stm32cube.common.mx_6.9.2.202309101412\\db\/plugins/mcufinder/images/
2024-02-24 23:05:14,154 [WARN] DbFile:41 - Overriding database path with different value: C:\Users\erkan\.stmcufinder\plugins\mcufinder/ => C:\Users\erkan\.stmcufinder\plugins\mcufinder
2024-02-24 23:05:14,154 [INFO] ApiDb:250 - Set database path to: C:\Users\erkan\.stmcufinder\plugins\mcufinder//mcu/
2024-02-24 23:05:14,155 [WARN] DbFile:41 - Overriding database path with different value: C:\Users\erkan\.stmcufinder\plugins\mcufinder/ => C:\Users\erkan\.stmcufinder\plugins\mcufinder
2024-02-24 23:05:14,155 [INFO] DbMcusAds:125 - Set database path to: C:\Users\erkan\.stmcufinder\plugins\mcufinder//mcu/
2024-02-24 23:05:14,155 [WARN] DbFile:41 - Overriding database path with different value: C:\Users\erkan\.stmcufinder\plugins\mcufinder/ => C:\Users\erkan\.stmcufinder\plugins\mcufinder
2024-02-24 23:05:14,155 [WARN] DbFile:41 - Overriding database path with different value: C:\Users\erkan\.stmcufinder\plugins\mcufinder/ => C:\Users\erkan\.stmcufinder\plugins\mcufinder
2024-02-24 23:05:14,155 [INFO] CrossReferenceDbSqlite:203 - Set database path to: C:\Users\erkan\.stmcufinder\plugins\mcufinder//mcu/cs/
2024-02-24 23:05:14,175 [INFO] ApplicationProperties:184 - Using Application install path: C:\ST\STM32CubeIDE_1.11.2\STM32CubeIDE\plugins\com.st.stm32cube.common.mx_6.9.2.202309101412
2024-02-24 23:05:14,176 [INFO] PluginManage:196 - Search for loadable plugins [exclusion list=, ]
2024-02-24 23:05:14,178 [INFO] PluginManage:310 - Check plugin analytics
2024-02-24 23:05:14,365 [INFO] AnalyticsPlugin:253 - Accepted Software Licenses: STM32CubeMX.6.9.2
2024-02-24 23:05:14,365 [INFO] AnalyticsPlugin:255 - Accepted CMSIS Pack Licenses: 
2024-02-24 23:05:14,366 [INFO] AnalyticsPlugin:257 - Accepted Firmware Licenses: 
2024-02-24 23:05:14,369 [INFO] PluginManage:359 - Loaded plugin analytics (category:tool,tabindex:-1)
2024-02-24 23:05:14,370 [INFO] PluginManage:310 - Check plugin cadmodel
2024-02-24 23:05:14,386 [INFO] CADModel:105 - Init CAD model plugin
2024-02-24 23:05:14,387 [INFO] PluginManage:359 - Loaded plugin cadmodel (category:power,tabindex:5)
2024-02-24 23:05:14,387 [INFO] PluginManage:310 - Check plugin clock
2024-02-24 23:05:14,407 [INFO] PluginManage:359 - Loaded plugin clock (category:base,tabindex:2)
2024-02-24 23:05:14,409 [INFO] PluginManage:310 - Check plugin ddr
2024-02-24 23:05:14,412 [INFO] PluginManage:359 - Loaded plugin ddr (category:tool,tabindex:6)
2024-02-24 23:05:14,412 [INFO] PluginManage:310 - Check plugin filemanager
2024-02-24 23:05:14,568 [INFO] PluginManage:359 - Loaded plugin filemanager (category:base,tabindex:10)
2024-02-24 23:05:14,568 [INFO] PluginManage:310 - Check plugin ipmanager
2024-02-24 23:05:14,577 [INFO] PluginManage:359 - Loaded plugin ipmanager (category:base,tabindex:5)
2024-02-24 23:05:14,577 [INFO] PluginManage:310 - Check plugin lpbam
2024-02-24 23:05:14,594 [INFO] PluginManage:359 - Loaded plugin lpbam (category:base,tabindex:0)
2024-02-24 23:05:14,594 [INFO] PluginManage:310 - Check plugin memorymap
2024-02-24 23:05:14,619 [INFO] PluginManage:359 - Loaded plugin memorymap (category:base,tabindex:4)
2024-02-24 23:05:14,619 [INFO] PluginManage:310 - Check plugin pinoutandconfiguration
2024-02-24 23:05:14,635 [INFO] PluginManage:359 - Loaded plugin pinoutandconfiguration (category:base,tabindex:1)
2024-02-24 23:05:14,635 [INFO] PluginManage:310 - Check plugin pinoutconfig
2024-02-24 23:05:14,729 [WARN] SupportedApi:132 - Cannot load RTOS API schema: s4s-elt-must-match.1: The content of 'definitions' must match (annotation?, (simpleType | complexType)?, (unique | key | keyref)*)). A problem was found starting at: attribute.
2024-02-24 23:05:14,865 [INFO] PluginManage:359 - Loaded plugin pinoutconfig (category:base,tabindex:0)
2024-02-24 23:05:14,865 [INFO] PluginManage:310 - Check plugin power
2024-02-24 23:05:14,886 [INFO] PluginManage:359 - Loaded plugin power (category:power,tabindex:4)
2024-02-24 23:05:14,886 [INFO] PluginManage:310 - Check plugin projectmanager
2024-02-24 23:05:14,903 [INFO] PluginManage:359 - Loaded plugin projectmanager (category:projectmanager,tabindex:3)
2024-02-24 23:05:14,903 [INFO] PluginManage:310 - Check plugin thirdparty
2024-02-24 23:05:15,193 [INFO] PluginManage:359 - Loaded plugin thirdparty (category:base,tabindex:-1)
2024-02-24 23:05:15,193 [WARN] IntegrityCheckThread:84 - waiting for thirdparty lock release [integrity check]
2024-02-24 23:05:15,194 [INFO] IntegrityCheckThread:86 - entering critical section [integrity check]
2024-02-24 23:05:15,194 [INFO] PluginManage:310 - Check plugin tools
2024-02-24 23:05:15,194 [INFO] ThirdPartyUpdaterWithRetryManager:70 - Updater plugin not ready yet. [1/15]
2024-02-24 23:05:15,229 [INFO] PluginManage:359 - Loaded plugin tools (category:base,tabindex:7)
2024-02-24 23:05:15,229 [INFO] PluginManage:310 - Check plugin tutovideos
2024-02-24 23:05:15,420 [INFO] PluginManage:359 - Loaded plugin tutovideos (category:base,tabindex:-1)
2024-02-24 23:05:15,420 [INFO] PluginManage:310 - Check plugin updater
2024-02-24 23:05:15,432 [INFO] PluginManage:359 - Loaded plugin updater (category:base,tabindex:12)
2024-02-24 23:05:15,432 [INFO] PluginManage:310 - Check plugin userauth
2024-02-24 23:05:15,438 [INFO] UserAuth:113 - Init User Auth plugin
2024-02-24 23:05:15,438 [INFO] PluginManage:359 - Loaded plugin userauth (category:base,tabindex:14)
2024-02-24 23:05:15,439 [INFO] PluginManage:283 - PluginManage : Loaded plugins [17]
2024-02-24 23:05:15,686 [INFO] PinOutPanel:1499 - setPackage(No Configuration,No Configuration)
2024-02-24 23:05:15,828 [INFO] CADModel:165 - CPN selected for project level
2024-02-24 23:05:15,828 [INFO] CADModel:114 - Register for checkConnection events
2024-02-24 23:05:15,861 [INFO] IPUIPlugin:80 - create IPUIPlugin
2024-02-24 23:05:15,862 [INFO] PluginManager:220 - loadIPPluginJar : add adc
2024-02-24 23:05:15,897 [INFO] IPUIPlugin:80 - create IPUIPlugin
2024-02-24 23:05:15,898 [INFO] PluginManager:220 - loadIPPluginJar : add aes
2024-02-24 23:05:15,939 [INFO] IPUIPlugin:80 - create IPUIPlugin
2024-02-24 23:05:15,939 [INFO] PluginManager:220 - loadIPPluginJar : add can
2024-02-24 23:05:15,961 [INFO] IPUIPlugin:80 - create IPUIPlugin
2024-02-24 23:05:15,962 [INFO] PluginManager:220 - loadIPPluginJar : add comp
2024-02-24 23:05:15,994 [INFO] IPUIPlugin:80 - create IPUIPlugin
2024-02-24 23:05:15,994 [INFO] PluginManager:220 - loadIPPluginJar : add cryp
2024-02-24 23:05:16,023 [INFO] IPUIPlugin:80 - create IPUIPlugin
2024-02-24 23:05:16,023 [INFO] PluginManager:220 - loadIPPluginJar : add dfsdm
2024-02-24 23:05:16,042 [INFO] IPUIPlugin:80 - create IPUIPlugin
2024-02-24 23:05:16,042 [INFO] PluginManager:220 - loadIPPluginJar : add dma
2024-02-24 23:05:16,090 [INFO] IPUIPlugin:80 - create IPUIPlugin
2024-02-24 23:05:16,090 [INFO] PluginManager:220 - loadIPPluginJar : add dma3
2024-02-24 23:05:16,112 [INFO] IPUIPlugin:80 - create IPUIPlugin
2024-02-24 23:05:16,113 [INFO] PluginManager:220 - loadIPPluginJar : add fatfs
2024-02-24 23:05:16,157 [INFO] IPUIPlugin:80 - create IPUIPlugin
2024-02-24 23:05:16,159 [INFO] PluginManager:220 - loadIPPluginJar : add fmc
2024-02-24 23:05:16,175 [INFO] IPUIPlugin:80 - create IPUIPlugin
2024-02-24 23:05:16,175 [INFO] PluginManager:220 - loadIPPluginJar : add freertos
2024-02-24 23:05:16,197 [INFO] IPUIPlugin:80 - create IPUIPlugin
2024-02-24 23:05:16,197 [INFO] PluginManager:220 - loadIPPluginJar : add genericplugin
2024-02-24 23:05:16,289 [INFO] IPUIPlugin:80 - create IPUIPlugin
2024-02-24 23:05:16,290 [INFO] PluginManager:220 - loadIPPluginJar : add gfxmmu
2024-02-24 23:05:16,421 [INFO] IPUIPlugin:80 - create IPUIPlugin
2024-02-24 23:05:16,421 [INFO] PluginManager:220 - loadIPPluginJar : add gic
2024-02-24 23:05:16,435 [INFO] IPUIPlugin:80 - create IPUIPlugin
2024-02-24 23:05:16,435 [INFO] PluginManager:220 - loadIPPluginJar : add gpio
2024-02-24 23:05:16,524 [INFO] IPUIPlugin:80 - create IPUIPlugin
2024-02-24 23:05:16,524 [INFO] PluginManager:220 - loadIPPluginJar : add gtzc
2024-02-24 23:05:16,559 [INFO] IPUIPlugin:80 - create IPUIPlugin
2024-02-24 23:05:16,559 [INFO] PluginManager:220 - loadIPPluginJar : add hash
2024-02-24 23:05:16,611 [INFO] IPUIPlugin:80 - create IPUIPlugin
2024-02-24 23:05:16,611 [INFO] PluginManager:220 - loadIPPluginJar : add i2c
2024-02-24 23:05:16,648 [INFO] IPUIPlugin:80 - create IPUIPlugin
2024-02-24 23:05:16,648 [INFO] PluginManager:220 - loadIPPluginJar : add i2s
2024-02-24 23:05:16,688 [INFO] IPUIPlugin:80 - create IPUIPlugin
2024-02-24 23:05:16,689 [INFO] PluginManager:220 - loadIPPluginJar : add i3c
2024-02-24 23:05:16,792 [INFO] IPUIPlugin:80 - create IPUIPlugin
2024-02-24 23:05:16,792 [INFO] PluginManager:220 - loadIPPluginJar : add ipddr
2024-02-24 23:05:16,879 [INFO] IPUIPlugin:80 - create IPUIPlugin
2024-02-24 23:05:16,879 [INFO] PluginManager:220 - loadIPPluginJar : add linkedlist
2024-02-24 23:05:16,915 [INFO] IPUIPlugin:80 - create IPUIPlugin
2024-02-24 23:05:16,915 [INFO] PluginManager:220 - loadIPPluginJar : add lorawan
2024-02-24 23:05:16,950 [INFO] IPUIPlugin:80 - create IPUIPlugin
2024-02-24 23:05:16,950 [INFO] PluginManager:220 - loadIPPluginJar : add ltdc
2024-02-24 23:05:16,964 [INFO] IPUIPlugin:80 - create IPUIPlugin
2024-02-24 23:05:16,964 [INFO] PluginManager:220 - loadIPPluginJar : add mdma
2024-02-24 23:05:16,978 [INFO] IPUIPlugin:80 - create IPUIPlugin
2024-02-24 23:05:16,978 [INFO] PluginManager:220 - loadIPPluginJar : add nvic
2024-02-24 23:05:17,015 [INFO] IPUIPlugin:80 - create IPUIPlugin
2024-02-24 23:05:17,015 [INFO] PluginManager:220 - loadIPPluginJar : add opamp
2024-02-24 23:05:17,075 [INFO] IPUIPlugin:80 - create IPUIPlugin
2024-02-24 23:05:17,075 [INFO] PluginManager:220 - loadIPPluginJar : add openamp
2024-02-24 23:05:17,116 [INFO] IPUIPlugin:80 - create IPUIPlugin
2024-02-24 23:05:17,116 [INFO] PluginManager:220 - loadIPPluginJar : add pdm2pcm
2024-02-24 23:05:17,130 [INFO] IPUIPlugin:80 - create IPUIPlugin
2024-02-24 23:05:17,133 [INFO] PluginManager:220 - loadIPPluginJar : add plateformsettings
2024-02-24 23:05:17,155 [INFO] IPUIPlugin:80 - create IPUIPlugin
2024-02-24 23:05:17,155 [INFO] PluginManager:220 - loadIPPluginJar : add quadspi
2024-02-24 23:05:17,169 [INFO] IPUIPlugin:80 - create IPUIPlugin
2024-02-24 23:05:17,169 [INFO] PluginManager:220 - loadIPPluginJar : add resmgrutility
2024-02-24 23:05:17,249 [INFO] IPUIPlugin:80 - create IPUIPlugin
2024-02-24 23:05:17,250 [INFO] PluginManager:220 - loadIPPluginJar : add sai
2024-02-24 23:05:17,314 [INFO] IPUIPlugin:80 - create IPUIPlugin
2024-02-24 23:05:17,314 [INFO] PluginManager:220 - loadIPPluginJar : add spi
2024-02-24 23:05:17,413 [INFO] IPUIPlugin:80 - create IPUIPlugin
2024-02-24 23:05:17,414 [INFO] PluginManager:220 - loadIPPluginJar : add stm32_wpan
2024-02-24 23:05:17,460 [INFO] IPUIPlugin:80 - create IPUIPlugin
2024-02-24 23:05:17,460 [INFO] PluginManager:220 - loadIPPluginJar : add tim
2024-02-24 23:05:17,529 [INFO] IPUIPlugin:80 - create IPUIPlugin
2024-02-24 23:05:17,529 [INFO] PluginManager:220 - loadIPPluginJar : add touchsensing
2024-02-24 23:05:17,555 [INFO] IPUIPlugin:80 - create IPUIPlugin
2024-02-24 23:05:17,555 [INFO] PluginManager:220 - loadIPPluginJar : add tracer_emb
2024-02-24 23:05:17,580 [INFO] IPUIPlugin:80 - create IPUIPlugin
2024-02-24 23:05:17,580 [INFO] PluginManager:220 - loadIPPluginJar : add ts
2024-02-24 23:05:17,606 [INFO] IPUIPlugin:80 - create IPUIPlugin
2024-02-24 23:05:17,606 [INFO] PluginManager:220 - loadIPPluginJar : add tsc
2024-02-24 23:05:17,629 [INFO] IPUIPlugin:80 - create IPUIPlugin
2024-02-24 23:05:17,629 [INFO] PluginManager:220 - loadIPPluginJar : add ucpd
2024-02-24 23:05:17,674 [INFO] IPUIPlugin:80 - create IPUIPlugin
2024-02-24 23:05:17,674 [INFO] PluginManager:220 - loadIPPluginJar : add usart
2024-02-24 23:05:17,722 [INFO] IPUIPlugin:80 - create IPUIPlugin
2024-02-24 23:05:17,723 [INFO] PluginManager:220 - loadIPPluginJar : add usbx
2024-02-24 23:05:17,866 [INFO] CADModel:165 - CPN selected for project level
2024-02-24 23:05:17,866 [INFO] CADModel:114 - Register for checkConnection events
2024-02-24 23:05:17,866 [FATAL] Updater:308 - Updater called before beeing initialized
2024-02-24 23:05:17,866 [ERROR] CADModel:125 - Updater not yet initialized, retry later 
2024-02-24 23:05:18,030 [INFO] CADModel:165 - CPN selected for project level
2024-02-24 23:05:18,030 [INFO] CADModel:114 - Register for checkConnection events
2024-02-24 23:05:18,030 [FATAL] Updater:308 - Updater called before beeing initialized
2024-02-24 23:05:18,030 [ERROR] CADModel:125 - Updater not yet initialized, retry later 
2024-02-24 23:05:18,035 [FATAL] Updater:308 - Updater called before beeing initialized
2024-02-24 23:05:18,154 [FATAL] Updater:308 - Updater called before beeing initialized
2024-02-24 23:05:18,165 [INFO] DbMcusAds:53 - JSON generation date=Wed Nov 29 11:52:27 CET 2023 (1701255147200)
2024-02-24 23:05:18,166 [FATAL] Updater:308 - Updater called before beeing initialized
2024-02-24 23:05:18,206 [INFO] ThirdPartyUpdaterWithRetryManager:70 - Updater plugin not ready yet. [2/15]
2024-02-24 23:05:18,261 [WARN] DetailPanel:346 - Failed to get advertising image, set to default
2024-02-24 23:05:18,360 [FATAL] Updater:308 - Updater called before beeing initialized
2024-02-24 23:05:18,362 [FATAL] Updater:308 - Updater called before beeing initialized
2024-02-24 23:05:18,362 [FATAL] Updater:308 - Updater called before beeing initialized
2024-02-24 23:05:18,362 [WARN] DetailPanel:346 - Failed to get advertising image, set to default
2024-02-24 23:05:18,363 [FATAL] Updater:308 - Updater called before beeing initialized
2024-02-24 23:05:18,425 [ERROR] Updater:1120 - MainUpdater not yet initialized. External WinMGr cannot be set.
2024-02-24 23:05:18,435 [INFO] Updater:1056 - Updater Version found : 6.9.2
2024-02-24 23:05:18,455 [INFO] ApplicationProperties:184 - Using Application install path: C:\ST\STM32CubeIDE_1.11.2\STM32CubeIDE\plugins\com.st.stm32cube.common.mx_6.9.2.202309101412
2024-02-24 23:05:18,909 [INFO] MainUpdater:2868 - connection check result : 10
2024-02-24 23:05:18,909 [INFO] MainUpdater:3562 - Updater definition file requires update
2024-02-24 23:05:18,910 [INFO] MainUpdater:285 - Updater Check For Update Now.
2024-02-24 23:05:18,911 [INFO] MicroXplorer:498 - Change Database Version : DB.6.0.92
2024-02-24 23:05:18,926 [INFO] McuFinderGlobals:63 - Set McuFinder mode to 2 (CubeIDE integrated)
2024-02-24 23:05:18,927 [INFO] UserAuth:179 - activating auth plugin
2024-02-24 23:05:18,929 [INFO] UserAuth:393 - Internet connection configuration mode: 1
2024-02-24 23:05:18,939 [INFO] ServerAccessManage:473 - Download File updaters.zip
2024-02-24 23:05:18,960 [INFO] JxBrowserEngine:151 - Initiate JxBrowser Engine with user profile folder
2024-02-24 23:05:19,006 [INFO] FileExtend:240 - Unzip File : updaters.zip
2024-02-24 23:05:19,007 [INFO] FileExtend:255 - Standard Zip Deflate
2024-02-24 23:05:19,880 [INFO] ServerAccessManage:473 - Download File PacksControlFlags.xml
2024-02-24 23:05:20,003 [INFO] ServerAccessManage:473 - Download File cubemx.pidx
2024-02-24 23:05:20,130 [INFO] LoadServerUpdatesThread:373 - End of LoadServerUpdate Thread
2024-02-24 23:05:20,316 [INFO] CheckServerUpdateThread:120 - End of CheckServer Thread
2024-02-24 23:05:21,481 [WARN] PackLoader:240 - Cannot read IP mode file for STMicroelectronics.X-CUBE-SMBUS.2.1.0
2024-02-24 23:05:21,497 [WARN] PackLoader:240 - Cannot read IP mode file for STMicroelectronics.X-CUBE-TOUCHGFX.4.23.0
2024-02-24 23:05:21,536 [WARN] PackLoader:240 - Cannot read IP mode file for STMicroelectronics.X-CUBE-AZRTOS-F7.1.1.0
2024-02-24 23:05:21,556 [WARN] PackLoader:240 - Cannot read IP mode file for STMicroelectronics.FP-SNS-MOTENV1.4.3.2
2024-02-24 23:05:21,579 [WARN] PackLoader:240 - Cannot read IP mode file for STMicroelectronics.X-CUBE-BLE1.6.2.4
2024-02-24 23:05:21,597 [WARN] PackLoader:240 - Cannot read IP mode file for STMicroelectronics.FP-SNS-FLIGHT1.5.0.2
2024-02-24 23:05:21,620 [WARN] PackLoader:240 - Cannot read IP mode file for STMicroelectronics.X-CUBE-DISPLAY.3.0.0
2024-02-24 23:05:21,653 [WARN] PackLoader:240 - Cannot read IP mode file for STMicroelectronics.X-CUBE-BLE1.7.0.0
2024-02-24 23:05:21,670 [WARN] PackLoader:240 - Cannot read IP mode file for STMicroelectronics.X-CUBE-TOUCHGFX.4.22.0
2024-02-24 23:05:21,686 [WARN] PackLoader:240 - Cannot read IP mode file for STMicroelectronics.X-CUBE-TOUCHGFX.4.22.1
2024-02-24 23:05:21,702 [WARN] PackLoader:240 - Cannot read IP mode file for STMicroelectronics.FP-SNS-SMARTAG2.1.2.0
2024-02-24 23:05:21,744 [INFO] LogOutputStream:77 - [STDOUT_REDIRECT] 1 : Invalid condition id : UX_CORESTACK_Condition cause : null
2024-02-24 23:05:21,745 [INFO] LogOutputStream:77 - [STDOUT_REDIRECT] 1 : Invalid condition id : UX_CORESTACK_Condition cause : null
2024-02-24 23:05:21,747 [INFO] LogOutputStream:77 - [STDOUT_REDIRECT] 1 : Invalid condition id : UX_CORESTACK_Condition cause : null
2024-02-24 23:05:21,748 [INFO] LogOutputStream:77 - [STDOUT_REDIRECT] 1 : Invalid condition id : UX_CORESTACK_Condition cause : null
2024-02-24 23:05:21,750 [INFO] LogOutputStream:77 - [STDOUT_REDIRECT] 1 : Invalid condition id : UX_CORESTACK_Condition cause : null
2024-02-24 23:05:21,756 [WARN] PackLoader:240 - Cannot read IP mode file for STMicroelectronics.X-CUBE-AZRTOS-WL.2.0.0
2024-02-24 23:05:21,781 [WARN] PackLoader:240 - Cannot read IP mode file for WES.I-CUBE-Cesium.1.3.0
2024-02-24 23:05:21,800 [WARN] PackLoader:240 - Cannot read IP mode file for STMicroelectronics.X-CUBE-BLE2.3.3.0
2024-02-24 23:05:21,828 [WARN] PackLoader:240 - Cannot read IP mode file for STMicroelectronics.X-CUBE-TOF1.3.2.0
2024-02-24 23:05:21,854 [WARN] PackLoader:240 - Cannot read IP mode file for STMicroelectronics.X-CUBE-TOUCHGFX.4.21.1
2024-02-24 23:05:21,885 [WARN] PackLoader:240 - Cannot read IP mode file for STMicroelectronics.X-CUBE-AI.7.3.0
2024-02-24 23:05:21,923 [WARN] PackLoader:240 - Cannot read IP mode file for STMicroelectronics.X-CUBE-ALGOBUILD.1.3.0
2024-02-24 23:05:22,002 [WARN] PackLoader:240 - Cannot read IP mode file for STMicroelectronics.X-CUBE-AZRTOS-G0.1.1.0
2024-02-24 23:05:22,033 [WARN] PackLoader:240 - Cannot read IP mode file for STMicroelectronics.X-CUBE-NFC4.3.0.0
2024-02-24 23:05:22,053 [WARN] PackLoader:240 - Cannot read IP mode file for STMicroelectronics.X-CUBE-BLEMGR.3.0.0
2024-02-24 23:05:22,075 [WARN] PackLoader:240 - Cannot read IP mode file for STMicroelectronics.X-CUBE-BLEMGR.1.3.0
2024-02-24 23:05:22,092 [WARN] PackLoader:240 - Cannot read IP mode file for STMicroelectronics.FP-ATR-SIGFOX1.3.2.0
2024-02-24 23:05:22,108 [WARN] PackLoader:240 - Cannot read IP mode file for STMicroelectronics.X-CUBE-EEPRMA1.5.1.0
2024-02-24 23:05:22,168 [WARN] PackLoader:240 - Cannot read IP mode file for STMicroelectronics.X-CUBE-MEMS1.9.5.0
2024-02-24 23:05:22,404 [WARN] PackLoader:240 - Cannot read IP mode file for SEGGER.I-CUBE-embOS.1.3.1
2024-02-24 23:05:22,495 [WARN] PackLoader:240 - Cannot read IP mode file for STMicroelectronics.X-CUBE-GNSS1.6.0.0
2024-02-24 23:05:22,532 [WARN] PackLoader:240 - Cannot read IP mode file for STMicroelectronics.X-CUBE-AZRTOS-F4.1.1.0
2024-02-24 23:05:22,571 [WARN] PackLoader:240 - Cannot read IP mode file for STMicroelectronics.X-CUBE-AZRTOS-L5.2.0.0
2024-02-24 23:05:22,664 [WARN] PackLoader:240 - Cannot read IP mode file for STMicroelectronics.X-CUBE-MEMS1.9.6.0
2024-02-24 23:05:22,721 [INFO] WebApp:157 - Instantiating new browser for Auth
2024-02-24 23:05:22,862 [WARN] PackLoader:240 - Cannot read IP mode file for STMicroelectronics.X-CUBE-EEPRMA1.4.2.0
2024-02-24 23:05:22,894 [WARN] PackLoader:240 - Cannot read IP mode file for ITTIA_DB.I-CUBE-ITTIADB.8.8.0
2024-02-24 23:05:22,921 [WARN] PackLoader:240 - Cannot read IP mode file for emotas.I-CUBE-CANOPEN.1.1.3
2024-02-24 23:05:22,937 [WARN] PackLoader:240 - Cannot read IP mode file for STMicroelectronics.X-CUBE-BLEMGR.2.0.0
2024-02-24 23:05:22,975 [WARN] ConditionMgr:438 - getConditionDescription Invalid condition id : UX DEVICE CLASS RTOS Condition cause : null
2024-02-24 23:05:22,976 [WARN] ConditionMgr:438 - getConditionDescription Invalid condition id : UX DEVICE CLASS RTOS Condition cause : null
2024-02-24 23:05:22,980 [WARN] PackLoader:240 - Cannot read IP mode file for STMicroelectronics.X-CUBE-AZRTOS-H7.3.1.0
2024-02-24 23:05:22,982 [WARN] ConditionMgr:1039 - genDependencies : Invalid condition id : UX DEVICE CLASS RTOS Condition cause : null
2024-02-24 23:05:22,982 [WARN] ConditionMgr:1039 - genDependencies : Invalid condition id : UX DEVICE CLASS RTOS Condition cause : null
2024-02-24 23:05:22,983 [WARN] ConditionMgr:1039 - genDependencies : Invalid condition id : UX DEVICE CLASS RTOS Condition cause : null
2024-02-24 23:05:22,984 [WARN] ConditionMgr:1039 - genDependencies : Invalid condition id : UX DEVICE CLASS RTOS Condition cause : null
2024-02-24 23:05:22,984 [WARN] ConditionMgr:1039 - genDependencies : Invalid condition id : UX DEVICE CLASS RTOS Condition cause : null
2024-02-24 23:05:23,003 [WARN] PackLoader:240 - Cannot read IP mode file for wolfSSL.I-CUBE-wolfSSL.5.5.4
2024-02-24 23:05:23,022 [WARN] PackLoader:240 - Cannot read IP mode file for STMicroelectronics.X-CUBE-NFC7.1.0.1
2024-02-24 23:05:23,037 [WARN] PackLoader:240 - Cannot read IP mode file for STMicroelectronics.X-CUBE-NFC7.1.0.0
2024-02-24 23:05:23,060 [WARN] PackLoader:240 - Cannot read IP mode file for STMicroelectronics.X-CUBE-NFC6.3.0.0
2024-02-24 23:05:23,082 [WARN] PackLoader:240 - Cannot read IP mode file for STMicroelectronics.X-CUBE-EEPRMA1.4.1.0
2024-02-24 23:05:23,099 [WARN] PackLoader:240 - Cannot read IP mode file for STMicroelectronics.X-CUBE-AI.8.1.0
2024-02-24 23:05:23,133 [WARN] ConditionMgr:438 - getConditionDescription Invalid condition id : LAN8742 Phy interface Condition cause : null
2024-02-24 23:05:23,134 [WARN] PackLoader:240 - Cannot read IP mode file for STMicroelectronics.X-CUBE-AZRTOS-L4.2.0.0
2024-02-24 23:05:23,135 [WARN] ConditionMgr:1039 - genDependencies : Invalid condition id : LAN8742 Phy interface Condition cause : null
2024-02-24 23:05:23,135 [WARN] ConditionMgr:1039 - genDependencies : Invalid condition id : LAN8742 Phy interface Condition cause : null
2024-02-24 23:05:23,136 [WARN] ConditionMgr:1039 - genDependencies : Invalid condition id : LAN8742 Phy interface Condition cause : null
2024-02-24 23:05:23,152 [WARN] PackLoader:240 - Cannot read IP mode file for STMicroelectronics.X-CUBE-SFXS2LP1.4.0.0
2024-02-24 23:05:23,182 [WARN] PackLoader:240 - Cannot read IP mode file for STMicroelectronics.X-CUBE-AZRTOS-H7.3.0.0
2024-02-24 23:05:23,197 [WARN] PackLoader:240 - Cannot read IP mode file for STMicroelectronics.X-CUBE-ISPU.1.1.0
2024-02-24 23:05:23,212 [WARN] PackLoader:240 - Cannot read IP mode file for RoweBots.I-CUBE-UNISONRTOS.5.5.0-4
2024-02-24 23:05:23,226 [WARN] PackLoader:240 - Cannot read IP mode file for STMicroelectronics.X-CUBE-AI.8.0.0
2024-02-24 23:05:23,249 [WARN] ConditionMgr:438 - getConditionDescription Invalid condition id : UX DEVICE CLASS RTOS Condition cause : null
2024-02-24 23:05:23,250 [WARN] ConditionMgr:438 - getConditionDescription Invalid condition id : UX DEVICE CLASS RTOS Condition cause : null
2024-02-24 23:05:23,251 [WARN] PackLoader:240 - Cannot read IP mode file for STMicroelectronics.X-CUBE-AZRTOS-WB.2.0.0
2024-02-24 23:05:23,251 [WARN] ConditionMgr:1039 - genDependencies : Invalid condition id : UX DEVICE CLASS RTOS Condition cause : null
2024-02-24 23:05:23,251 [WARN] ConditionMgr:1039 - genDependencies : Invalid condition id : UX DEVICE CLASS RTOS Condition cause : null
2024-02-24 23:05:23,253 [WARN] ConditionMgr:1039 - genDependencies : Invalid condition id : UX DEVICE CLASS RTOS Condition cause : null
2024-02-24 23:05:23,253 [WARN] ConditionMgr:1039 - genDependencies : Invalid condition id : UX DEVICE CLASS RTOS Condition cause : null
2024-02-24 23:05:23,253 [WARN] ConditionMgr:1039 - genDependencies : Invalid condition id : UX DEVICE CLASS RTOS Condition cause : null
2024-02-24 23:05:23,266 [WARN] PackLoader:240 - Cannot read IP mode file for STMicroelectronics.X-CUBE-FREERTOS.1.0.1
2024-02-24 23:05:23,291 [WARN] PackLoader:240 - Cannot read IP mode file for STMicroelectronics.X-CUBE-AZRTOS-L5.1.1.0
2024-02-24 23:05:23,312 [WARN] PackLoader:240 - Cannot read IP mode file for STMicroelectronics.X-CUBE-SUBG2.5.0.0
2024-02-24 23:05:23,333 [WARN] PackLoader:240 - Cannot read IP mode file for STMicroelectronics.X-CUBE-TOF1.3.3.1
2024-02-24 23:05:23,367 [WARN] PackLoader:240 - Cannot read IP mode file for STMicroelectronics.X-CUBE-AZRTOS-G4.2.0.0
2024-02-24 23:05:23,385 [WARN] PackLoader:240 - Cannot read IP mode file for STMicroelectronics.FP-ATR-ASTRA1.1.1.1
2024-02-24 23:05:23,415 [WARN] PackLoader:240 - Cannot read IP mode file for Infineon.AIROC-Wi-Fi-Bluetooth-STM32.1.5.1
2024-02-24 23:05:23,435 [WARN] PackLoader:240 - Cannot read IP mode file for STMicroelectronics.FP-SNS-MOTENVWB1.1.3.0
2024-02-24 23:05:23,453 [WARN] PackLoader:240 - Cannot read IP mode file for STMicroelectronics.FP-SNS-MOTENVWB1.1.3.1
2024-02-24 23:05:23,479 [WARN] PackLoader:240 - Cannot read IP mode file for STMicroelectronics.X-CUBE-AZRTOS-G4.1.0.0
2024-02-24 23:05:23,514 [WARN] PackLoader:240 - Cannot read IP mode file for STMicroelectronics.X-CUBE-AZRTOS-L4.1.0.0
2024-02-24 23:05:23,530 [WARN] PackLoader:240 - Cannot read IP mode file for STMicroelectronics.X-CUBE-ISPU.2.0.0
2024-02-24 23:05:23,595 [WARN] PackLoader:240 - Cannot read IP mode file for STMicroelectronics.X-CUBE-MEMS1.10.0.0
2024-02-24 23:05:23,699 [WARN] PackLoader:240 - Cannot read IP mode file for STMicroelectronics.X-CUBE-FREERTOS.1.1.0
2024-02-24 23:05:23,699 [INFO] WebApp:753 - Register for checkConnection events
2024-02-24 23:05:23,699 [INFO] WebApp:390 - Apply proxy settings
2024-02-24 23:05:23,699 [INFO] WebApp:475 - Chromium requires no authentication
2024-02-24 23:05:23,717 [INFO] WebApp:418 - Direct internet connection detected
2024-02-24 23:05:23,727 [WARN] PackLoader:240 - Cannot read IP mode file for STMicroelectronics.X-CUBE-AZRTOS-WL.1.0.0
2024-02-24 23:05:23,754 [WARN] PackLoader:240 - Cannot read IP mode file for portGmbH.I-Cube-SoM-uGOAL.1.1.0
2024-02-24 23:05:23,781 [WARN] PackLoader:240 - Cannot read IP mode file for STMicroelectronics.X-CUBE-ALS.1.0.1
2024-02-24 23:05:23,821 [WARN] PackLoader:240 - Cannot read IP mode file for STMicroelectronics.X-CUBE-AZRTOS-WB.1.1.0
2024-02-24 23:05:23,840 [WARN] PackLoader:240 - Cannot read IP mode file for STMicroelectronics.FP-ATR-ASTRA1.2.0.0
2024-02-24 23:05:23,872 [WARN] PackLoader:240 - Cannot read IP mode file for STMicroelectronics.X-CUBE-TOF1.3.4.0
2024-02-24 23:05:23,915 [WARN] PackLoader:240 - Cannot read IP mode file for STMicroelectronics.X-CUBE-AZRTOS-H7.3.2.0
2024-02-24 23:05:23,918 [INFO] ThirdParty:978 - Integrity check success = true
2024-02-24 23:05:23,918 [INFO] IntegrityCheckThread:100 - exiting critical section [integrity check]
2024-02-24 23:05:23,918 [INFO] IntegrityCheckThread:103 - End integrity checks thread
2024-02-24 23:05:24,038 [INFO] WebApp:188 - Starting web application
2024-02-24 23:05:24,038 [INFO] WebApp:520 - Web application path used C:\ST\STM32CubeIDE_1.11.2\STM32CubeIDE\plugins\com.st.stm32cube.common.mx_6.9.2.202309101412\db\plugins\mcufinder\reactClient1\index.html
2024-02-24 23:05:45,101 [ERROR] LogOutputStream:75 - [STDERR_REDIRECT] SLF4J: Failed to load class "org.slf4j.impl.StaticLoggerBinder".
2024-02-24 23:05:45,102 [ERROR] LogOutputStream:75 - [STDERR_REDIRECT] SLF4J: Defaulting to no-operation (NOP) logger implementation
2024-02-24 23:05:45,103 [ERROR] LogOutputStream:75 - [STDERR_REDIRECT] SLF4J: See http://www.slf4j.org/codes.html#StaticLoggerBinder for further details.
