2024-07-16 16:23:42,683 [INFO] Activator:176 - 


2024-07-16 16:23:42,691 [INFO] Activator:177 - !SESSION log4j initialized
2024-07-16 16:23:50,277 [INFO] LogOutputStream:77 - [STDOUT_REDIRECT] 
2024-07-16 16:23:52,595 [INFO] ApplicationProperties:184 - Using Application install path: C:\ST\STM32CubeIDE_1.11.2\STM32CubeIDE\plugins\com.st.stm32cube.common.mx_6.11.1.202404110753
2024-07-16 16:23:52,614 [INFO] DbMcusXml:78 - Set database path to: C:\ST\STM32CubeIDE_1.11.2\STM32CubeIDE\plugins\com.st.stm32cube.common.mx_6.11.1.202404110753\\db\/mcu/
2024-07-16 16:23:52,615 [INFO] ApiDb:274 - Set plugin database path to: C:\ST\STM32CubeIDE_1.11.2\STM32CubeIDE\plugins\com.st.stm32cube.common.mx_6.11.1.202404110753\\db\/plugins/boardmanager/
2024-07-16 16:23:52,616 [WARN] ApiDb:259 - Overriding images path with different value:  => C:\ST\STM32CubeIDE_1.11.2\STM32CubeIDE\plugins\com.st.stm32cube.common.mx_6.11.1.202404110753\\db\/plugins/mcufinder/images/
2024-07-16 16:23:52,632 [INFO] ApiDb:250 - Set database path to: C:\Users\erkan\.stmcufinder\plugins\mcufinder//mcu/
2024-07-16 16:23:52,633 [INFO] DbMcusAds:125 - Set database path to: C:\Users\erkan\.stmcufinder\plugins\mcufinder//mcu/
2024-07-16 16:23:52,635 [INFO] CrossReferenceDbSqlite:203 - Set database path to: C:\Users\erkan\.stmcufinder\plugins\mcufinder//mcu/cs/
2024-07-16 16:23:52,764 [INFO] RulesReader:64 - Compatibility file has been processed (297 Rules)
2024-07-16 16:23:52,903 [INFO] DbMcusXml:78 - Set database path to: C:\ST\STM32CubeIDE_1.11.2\STM32CubeIDE\plugins\com.st.stm32cube.common.mx_6.11.1.202404110753\\db\/mcu/
2024-07-16 16:23:52,903 [INFO] ApiDb:274 - Set plugin database path to: C:\ST\STM32CubeIDE_1.11.2\STM32CubeIDE\plugins\com.st.stm32cube.common.mx_6.11.1.202404110753\\db\/plugins/boardmanager/
2024-07-16 16:23:52,903 [INFO] ApiDb:261 - Set plugin images path to: C:\ST\STM32CubeIDE_1.11.2\STM32CubeIDE\plugins\com.st.stm32cube.common.mx_6.11.1.202404110753\\db\/plugins/mcufinder/images/
2024-07-16 16:23:52,903 [WARN] DbFile:41 - Overriding database path with different value: C:\Users\erkan\.stmcufinder\plugins\mcufinder/ => C:\Users\erkan\.stmcufinder\plugins\mcufinder
2024-07-16 16:23:52,903 [INFO] ApiDb:250 - Set database path to: C:\Users\erkan\.stmcufinder\plugins\mcufinder//mcu/
2024-07-16 16:23:52,904 [WARN] DbFile:41 - Overriding database path with different value: C:\Users\erkan\.stmcufinder\plugins\mcufinder/ => C:\Users\erkan\.stmcufinder\plugins\mcufinder
2024-07-16 16:23:52,904 [INFO] DbMcusAds:125 - Set database path to: C:\Users\erkan\.stmcufinder\plugins\mcufinder//mcu/
2024-07-16 16:23:52,904 [WARN] DbFile:41 - Overriding database path with different value: C:\Users\erkan\.stmcufinder\plugins\mcufinder/ => C:\Users\erkan\.stmcufinder\plugins\mcufinder
2024-07-16 16:23:52,904 [WARN] DbFile:41 - Overriding database path with different value: C:\Users\erkan\.stmcufinder\plugins\mcufinder/ => C:\Users\erkan\.stmcufinder\plugins\mcufinder
2024-07-16 16:23:52,904 [INFO] CrossReferenceDbSqlite:203 - Set database path to: C:\Users\erkan\.stmcufinder\plugins\mcufinder//mcu/cs/
2024-07-16 16:23:52,999 [INFO] MainPanel:264 - HeapMemory: 268435456
2024-07-16 16:23:53,133 [INFO] DbMcusXml:78 - Set database path to: C:\ST\STM32CubeIDE_1.11.2\STM32CubeIDE\plugins\com.st.stm32cube.common.mx_6.11.1.202404110753\\db\/mcu/
2024-07-16 16:23:53,133 [INFO] ApiDb:274 - Set plugin database path to: C:\ST\STM32CubeIDE_1.11.2\STM32CubeIDE\plugins\com.st.stm32cube.common.mx_6.11.1.202404110753\\db\/plugins/boardmanager/
2024-07-16 16:23:53,133 [INFO] ApiDb:261 - Set plugin images path to: C:\ST\STM32CubeIDE_1.11.2\STM32CubeIDE\plugins\com.st.stm32cube.common.mx_6.11.1.202404110753\\db\/plugins/mcufinder/images/
2024-07-16 16:23:53,134 [WARN] DbFile:41 - Overriding database path with different value: C:\Users\erkan\.stmcufinder\plugins\mcufinder/ => C:\Users\erkan\.stmcufinder\plugins\mcufinder
2024-07-16 16:23:53,134 [INFO] ApiDb:250 - Set database path to: C:\Users\erkan\.stmcufinder\plugins\mcufinder//mcu/
2024-07-16 16:23:53,134 [WARN] DbFile:41 - Overriding database path with different value: C:\Users\erkan\.stmcufinder\plugins\mcufinder/ => C:\Users\erkan\.stmcufinder\plugins\mcufinder
2024-07-16 16:23:53,134 [INFO] DbMcusAds:125 - Set database path to: C:\Users\erkan\.stmcufinder\plugins\mcufinder//mcu/
2024-07-16 16:23:53,134 [WARN] DbFile:41 - Overriding database path with different value: C:\Users\erkan\.stmcufinder\plugins\mcufinder/ => C:\Users\erkan\.stmcufinder\plugins\mcufinder
2024-07-16 16:23:53,134 [WARN] DbFile:41 - Overriding database path with different value: C:\Users\erkan\.stmcufinder\plugins\mcufinder/ => C:\Users\erkan\.stmcufinder\plugins\mcufinder
2024-07-16 16:23:53,136 [INFO] CrossReferenceDbSqlite:203 - Set database path to: C:\Users\erkan\.stmcufinder\plugins\mcufinder//mcu/cs/
2024-07-16 16:23:53,162 [INFO] ApplicationProperties:184 - Using Application install path: C:\ST\STM32CubeIDE_1.11.2\STM32CubeIDE\plugins\com.st.stm32cube.common.mx_6.11.1.202404110753
2024-07-16 16:23:53,165 [INFO] PluginManage:196 - Search for loadable plugins [exclusion list=, ]
2024-07-16 16:23:53,168 [INFO] PluginManage:310 - Check plugin analytics
2024-07-16 16:23:53,419 [INFO] AnalyticsPlugin:253 - Accepted Software Licenses: STM32CubeMX.6.9.2
2024-07-16 16:23:53,420 [INFO] AnalyticsPlugin:255 - Accepted CMSIS Pack Licenses: 
2024-07-16 16:23:53,421 [INFO] AnalyticsPlugin:257 - Accepted Firmware Licenses: 
2024-07-16 16:23:53,422 [INFO] PluginManage:359 - Loaded plugin analytics (category:tool,tabindex:-1)
2024-07-16 16:23:53,422 [INFO] PluginManage:310 - Check plugin cadmodel
2024-07-16 16:23:53,447 [INFO] CADModel:105 - Init CAD model plugin
2024-07-16 16:23:53,448 [INFO] PluginManage:359 - Loaded plugin cadmodel (category:power,tabindex:5)
2024-07-16 16:23:53,448 [INFO] PluginManage:310 - Check plugin clock
2024-07-16 16:23:53,481 [INFO] PluginManage:359 - Loaded plugin clock (category:base,tabindex:2)
2024-07-16 16:23:53,481 [INFO] PluginManage:310 - Check plugin ddr
2024-07-16 16:23:53,484 [INFO] PluginManage:359 - Loaded plugin ddr (category:tool,tabindex:6)
2024-07-16 16:23:53,486 [INFO] PluginManage:310 - Check plugin filemanager
2024-07-16 16:23:53,663 [INFO] PluginManage:359 - Loaded plugin filemanager (category:base,tabindex:10)
2024-07-16 16:23:53,663 [INFO] PluginManage:310 - Check plugin ipmanager
2024-07-16 16:23:53,675 [INFO] PluginManage:359 - Loaded plugin ipmanager (category:base,tabindex:5)
2024-07-16 16:23:53,676 [INFO] PluginManage:310 - Check plugin lpbam
2024-07-16 16:23:53,701 [INFO] PluginManage:359 - Loaded plugin lpbam (category:base,tabindex:0)
2024-07-16 16:23:53,701 [INFO] PluginManage:310 - Check plugin memorymap
2024-07-16 16:23:53,739 [INFO] PluginManage:359 - Loaded plugin memorymap (category:base,tabindex:4)
2024-07-16 16:23:53,739 [INFO] PluginManage:310 - Check plugin pinoutandconfiguration
2024-07-16 16:23:53,762 [INFO] PluginManage:359 - Loaded plugin pinoutandconfiguration (category:base,tabindex:1)
2024-07-16 16:23:53,762 [INFO] PluginManage:310 - Check plugin pinoutconfig
2024-07-16 16:23:53,925 [WARN] SupportedApi:132 - Cannot load RTOS API schema: s4s-elt-must-match.1: The content of 'definitions' must match (annotation?, (simpleType | complexType)?, (unique | key | keyref)*)). A problem was found starting at: attribute.
2024-07-16 16:23:54,145 [INFO] PluginManage:359 - Loaded plugin pinoutconfig (category:base,tabindex:0)
2024-07-16 16:23:54,145 [INFO] PluginManage:310 - Check plugin power
2024-07-16 16:23:54,170 [INFO] PluginManage:359 - Loaded plugin power (category:power,tabindex:4)
2024-07-16 16:23:54,170 [INFO] PluginManage:310 - Check plugin projectmanager
2024-07-16 16:23:54,189 [INFO] PluginManage:359 - Loaded plugin projectmanager (category:projectmanager,tabindex:3)
2024-07-16 16:23:54,190 [INFO] PluginManage:310 - Check plugin thirdparty
2024-07-16 16:23:54,559 [INFO] PluginManage:359 - Loaded plugin thirdparty (category:base,tabindex:-1)
2024-07-16 16:23:54,559 [WARN] IntegrityCheckThread:84 - waiting for thirdparty lock release [integrity check]
2024-07-16 16:23:54,559 [INFO] PluginManage:310 - Check plugin tools
2024-07-16 16:23:54,560 [INFO] IntegrityCheckThread:86 - entering critical section [integrity check]
2024-07-16 16:23:54,560 [INFO] ThirdPartyUpdaterWithRetryManager:70 - Updater plugin not ready yet. [1/15]
2024-07-16 16:23:54,612 [INFO] PluginManage:359 - Loaded plugin tools (category:base,tabindex:7)
2024-07-16 16:23:54,612 [INFO] PluginManage:310 - Check plugin tutovideos
2024-07-16 16:23:54,870 [INFO] PluginManage:359 - Loaded plugin tutovideos (category:base,tabindex:-1)
2024-07-16 16:23:54,870 [INFO] PluginManage:310 - Check plugin updater
2024-07-16 16:23:54,885 [INFO] PluginManage:359 - Loaded plugin updater (category:base,tabindex:12)
2024-07-16 16:23:54,885 [INFO] PluginManage:310 - Check plugin userauth
2024-07-16 16:23:54,892 [INFO] UserAuth:114 - Init User Auth plugin
2024-07-16 16:23:54,892 [INFO] PluginManage:359 - Loaded plugin userauth (category:base,tabindex:14)
2024-07-16 16:23:54,894 [INFO] PluginManage:283 - PluginManage : Loaded plugins [17]
2024-07-16 16:23:55,253 [INFO] PinOutPanel:1561 - setPackage(No Configuration,No Configuration)
2024-07-16 16:23:55,393 [INFO] CADModel:165 - CPN selected for project level
2024-07-16 16:23:55,393 [INFO] CADModel:114 - Register for checkConnection events
2024-07-16 16:23:55,433 [INFO] IPUIPlugin:80 - create IPUIPlugin
2024-07-16 16:23:55,435 [INFO] PluginManager:220 - loadIPPluginJar : add adc
2024-07-16 16:23:55,503 [INFO] IPUIPlugin:80 - create IPUIPlugin
2024-07-16 16:23:55,504 [INFO] PluginManager:220 - loadIPPluginJar : add aes
2024-07-16 16:23:55,574 [INFO] IPUIPlugin:80 - create IPUIPlugin
2024-07-16 16:23:55,575 [INFO] PluginManager:220 - loadIPPluginJar : add can
2024-07-16 16:23:55,620 [INFO] IPUIPlugin:80 - create IPUIPlugin
2024-07-16 16:23:55,620 [INFO] PluginManager:220 - loadIPPluginJar : add comp
2024-07-16 16:23:55,680 [INFO] IPUIPlugin:80 - create IPUIPlugin
2024-07-16 16:23:55,680 [INFO] PluginManager:220 - loadIPPluginJar : add cryp
2024-07-16 16:23:55,728 [INFO] IPUIPlugin:80 - create IPUIPlugin
2024-07-16 16:23:55,728 [INFO] PluginManager:220 - loadIPPluginJar : add dfsdm
2024-07-16 16:23:55,746 [INFO] IPUIPlugin:80 - create IPUIPlugin
2024-07-16 16:23:55,746 [INFO] PluginManager:220 - loadIPPluginJar : add dma
2024-07-16 16:23:55,805 [INFO] IPUIPlugin:80 - create IPUIPlugin
2024-07-16 16:23:55,806 [INFO] PluginManager:220 - loadIPPluginJar : add dma3
2024-07-16 16:23:55,865 [INFO] IPUIPlugin:80 - create IPUIPlugin
2024-07-16 16:23:55,865 [INFO] PluginManager:220 - loadIPPluginJar : add extmemmanager
2024-07-16 16:23:55,893 [INFO] IPUIPlugin:80 - create IPUIPlugin
2024-07-16 16:23:55,894 [INFO] PluginManager:220 - loadIPPluginJar : add fatfs
2024-07-16 16:23:55,951 [INFO] IPUIPlugin:80 - create IPUIPlugin
2024-07-16 16:23:55,952 [INFO] PluginManager:220 - loadIPPluginJar : add fmc
2024-07-16 16:23:55,966 [INFO] IPUIPlugin:80 - create IPUIPlugin
2024-07-16 16:23:55,966 [INFO] PluginManager:220 - loadIPPluginJar : add freertos
2024-07-16 16:23:55,987 [INFO] IPUIPlugin:80 - create IPUIPlugin
2024-07-16 16:23:55,987 [INFO] PluginManager:220 - loadIPPluginJar : add genericplugin
2024-07-16 16:23:56,082 [INFO] IPUIPlugin:80 - create IPUIPlugin
2024-07-16 16:23:56,082 [INFO] PluginManager:220 - loadIPPluginJar : add gfxmmu
2024-07-16 16:23:56,222 [INFO] IPUIPlugin:80 - create IPUIPlugin
2024-07-16 16:23:56,222 [INFO] PluginManager:220 - loadIPPluginJar : add gic
2024-07-16 16:23:56,235 [INFO] IPUIPlugin:80 - create IPUIPlugin
2024-07-16 16:23:56,235 [INFO] PluginManager:220 - loadIPPluginJar : add gpio
2024-07-16 16:23:56,354 [INFO] IPUIPlugin:80 - create IPUIPlugin
2024-07-16 16:23:56,354 [INFO] PluginManager:220 - loadIPPluginJar : add gtzc
2024-07-16 16:23:56,388 [INFO] IPUIPlugin:80 - create IPUIPlugin
2024-07-16 16:23:56,388 [INFO] PluginManager:220 - loadIPPluginJar : add hash
2024-07-16 16:23:56,463 [INFO] IPUIPlugin:80 - create IPUIPlugin
2024-07-16 16:23:56,463 [INFO] PluginManager:220 - loadIPPluginJar : add i2c
2024-07-16 16:23:56,517 [INFO] IPUIPlugin:80 - create IPUIPlugin
2024-07-16 16:23:56,517 [INFO] PluginManager:220 - loadIPPluginJar : add i2s
2024-07-16 16:23:56,572 [INFO] IPUIPlugin:80 - create IPUIPlugin
2024-07-16 16:23:56,573 [INFO] PluginManager:220 - loadIPPluginJar : add i3c
2024-07-16 16:23:56,699 [INFO] IPUIPlugin:80 - create IPUIPlugin
2024-07-16 16:23:56,699 [INFO] PluginManager:220 - loadIPPluginJar : add ipddr
2024-07-16 16:23:56,818 [INFO] IPUIPlugin:80 - create IPUIPlugin
2024-07-16 16:23:56,818 [INFO] PluginManager:220 - loadIPPluginJar : add linkedlist
2024-07-16 16:23:56,867 [INFO] IPUIPlugin:80 - create IPUIPlugin
2024-07-16 16:23:56,867 [INFO] PluginManager:220 - loadIPPluginJar : add lorawan
2024-07-16 16:23:56,908 [INFO] IPUIPlugin:80 - create IPUIPlugin
2024-07-16 16:23:56,908 [INFO] PluginManager:220 - loadIPPluginJar : add ltdc
2024-07-16 16:23:56,923 [INFO] IPUIPlugin:80 - create IPUIPlugin
2024-07-16 16:23:56,923 [INFO] PluginManager:220 - loadIPPluginJar : add mdma
2024-07-16 16:23:56,934 [INFO] IPUIPlugin:80 - create IPUIPlugin
2024-07-16 16:23:56,934 [INFO] PluginManager:220 - loadIPPluginJar : add nvic
2024-07-16 16:23:56,974 [INFO] IPUIPlugin:80 - create IPUIPlugin
2024-07-16 16:23:56,974 [INFO] PluginManager:220 - loadIPPluginJar : add opamp
2024-07-16 16:23:57,037 [INFO] IPUIPlugin:80 - create IPUIPlugin
2024-07-16 16:23:57,037 [INFO] PluginManager:220 - loadIPPluginJar : add openamp
2024-07-16 16:23:57,081 [INFO] IPUIPlugin:80 - create IPUIPlugin
2024-07-16 16:23:57,081 [INFO] PluginManager:220 - loadIPPluginJar : add pdm2pcm
2024-07-16 16:23:57,094 [INFO] IPUIPlugin:80 - create IPUIPlugin
2024-07-16 16:23:57,097 [INFO] PluginManager:220 - loadIPPluginJar : add plateformsettings
2024-07-16 16:23:57,119 [INFO] IPUIPlugin:80 - create IPUIPlugin
2024-07-16 16:23:57,119 [INFO] PluginManager:220 - loadIPPluginJar : add quadspi
2024-07-16 16:23:57,131 [INFO] IPUIPlugin:80 - create IPUIPlugin
2024-07-16 16:23:57,132 [INFO] PluginManager:220 - loadIPPluginJar : add resmgrutility
2024-07-16 16:23:57,185 [INFO] IPUIPlugin:80 - create IPUIPlugin
2024-07-16 16:23:57,185 [INFO] PluginManager:220 - loadIPPluginJar : add sai
2024-07-16 16:23:57,225 [INFO] IPUIPlugin:80 - create IPUIPlugin
2024-07-16 16:23:57,225 [INFO] PluginManager:220 - loadIPPluginJar : add spi
2024-07-16 16:23:57,294 [INFO] IPUIPlugin:80 - create IPUIPlugin
2024-07-16 16:23:57,294 [INFO] PluginManager:220 - loadIPPluginJar : add stm32_wpan
2024-07-16 16:23:57,319 [INFO] IPUIPlugin:80 - create IPUIPlugin
2024-07-16 16:23:57,319 [INFO] PluginManager:220 - loadIPPluginJar : add tim
2024-07-16 16:23:57,381 [INFO] IPUIPlugin:80 - create IPUIPlugin
2024-07-16 16:23:57,381 [INFO] PluginManager:220 - loadIPPluginJar : add touchsensing
2024-07-16 16:23:57,404 [INFO] IPUIPlugin:80 - create IPUIPlugin
2024-07-16 16:23:57,406 [INFO] PluginManager:220 - loadIPPluginJar : add tracer_emb
2024-07-16 16:23:57,430 [INFO] IPUIPlugin:80 - create IPUIPlugin
2024-07-16 16:23:57,430 [INFO] PluginManager:220 - loadIPPluginJar : add ts
2024-07-16 16:23:57,452 [INFO] IPUIPlugin:80 - create IPUIPlugin
2024-07-16 16:23:57,452 [INFO] PluginManager:220 - loadIPPluginJar : add tsc
2024-07-16 16:23:57,475 [INFO] IPUIPlugin:80 - create IPUIPlugin
2024-07-16 16:23:57,475 [INFO] PluginManager:220 - loadIPPluginJar : add ucpd
2024-07-16 16:23:57,519 [INFO] IPUIPlugin:80 - create IPUIPlugin
2024-07-16 16:23:57,519 [INFO] PluginManager:220 - loadIPPluginJar : add usart
2024-07-16 16:23:57,563 [INFO] ThirdPartyUpdaterWithRetryManager:70 - Updater plugin not ready yet. [2/15]
2024-07-16 16:23:57,564 [INFO] IPUIPlugin:80 - create IPUIPlugin
2024-07-16 16:23:57,564 [INFO] PluginManager:220 - loadIPPluginJar : add usbx
2024-07-16 16:23:57,710 [INFO] CADModel:165 - CPN selected for project level
2024-07-16 16:23:57,710 [INFO] CADModel:114 - Register for checkConnection events
2024-07-16 16:23:57,711 [FATAL] Updater:308 - Updater called before beeing initialized
2024-07-16 16:23:57,711 [ERROR] CADModel:125 - Updater not yet initialized, retry later 
2024-07-16 16:23:57,877 [INFO] CADModel:165 - CPN selected for project level
2024-07-16 16:23:57,878 [INFO] CADModel:114 - Register for checkConnection events
2024-07-16 16:23:57,878 [FATAL] Updater:308 - Updater called before beeing initialized
2024-07-16 16:23:57,878 [ERROR] CADModel:125 - Updater not yet initialized, retry later 
2024-07-16 16:23:57,882 [FATAL] Updater:308 - Updater called before beeing initialized
2024-07-16 16:23:58,014 [FATAL] Updater:308 - Updater called before beeing initialized
2024-07-16 16:23:58,025 [INFO] DbMcusAds:53 - JSON generation date=Thu May 16 11:22:00 CEST 2024 (1715851320852)
2024-07-16 16:23:58,025 [FATAL] Updater:308 - Updater called before beeing initialized
2024-07-16 16:23:58,065 [WARN] DetailPanel:346 - Failed to get advertising image, set to default
2024-07-16 16:23:58,157 [FATAL] Updater:308 - Updater called before beeing initialized
2024-07-16 16:23:58,159 [FATAL] Updater:308 - Updater called before beeing initialized
2024-07-16 16:23:58,159 [FATAL] Updater:308 - Updater called before beeing initialized
2024-07-16 16:23:58,159 [WARN] DetailPanel:346 - Failed to get advertising image, set to default
2024-07-16 16:23:58,159 [FATAL] Updater:308 - Updater called before beeing initialized
2024-07-16 16:23:58,224 [ERROR] Updater:1120 - MainUpdater not yet initialized. External WinMGr cannot be set.
2024-07-16 16:23:58,235 [INFO] Updater:1056 - Updater Version found : 6.11.1
2024-07-16 16:23:58,255 [INFO] ApplicationProperties:184 - Using Application install path: C:\ST\STM32CubeIDE_1.11.2\STM32CubeIDE\plugins\com.st.stm32cube.common.mx_6.11.1.202404110753
2024-07-16 16:23:58,703 [INFO] MainUpdater:2873 - connection check result : 10
2024-07-16 16:23:58,704 [INFO] MainUpdater:3567 - Updater definition file requires update
2024-07-16 16:23:58,705 [INFO] MainUpdater:290 - Updater Check For Update Now.
2024-07-16 16:23:58,706 [INFO] MicroXplorer:498 - Change Database Version : DB.6.0.111
2024-07-16 16:23:58,723 [INFO] McuFinderGlobals:63 - Set McuFinder mode to 2 (CubeIDE integrated)
2024-07-16 16:23:58,723 [INFO] UserAuth:179 - activating auth plugin
2024-07-16 16:23:58,725 [INFO] UserAuth:415 - Internet connection configuration mode: 1
2024-07-16 16:23:58,750 [INFO] JxBrowserEngine:152 - Initiate JxBrowser Engine with user profile folder
2024-07-16 16:23:58,809 [INFO] ServerAccessManage:473 - Download File updaters.zip
2024-07-16 16:23:58,874 [INFO] FileExtend:240 - Unzip File : updaters.zip
2024-07-16 16:23:58,874 [INFO] FileExtend:255 - Standard Zip Deflate
2024-07-16 16:23:59,794 [INFO] ServerAccessManage:473 - Download File PacksControlFlags.xml
2024-07-16 16:23:59,915 [INFO] ServerAccessManage:473 - Download File cubemx.pidx
2024-07-16 16:24:00,105 [INFO] LoadServerUpdatesThread:375 - End of LoadServerUpdate Thread
2024-07-16 16:24:00,287 [INFO] CheckServerUpdateThread:120 - End of CheckServer Thread
2024-07-16 16:24:00,871 [WARN] PackLoader:240 - Cannot read IP mode file for STMicroelectronics.FP-SNS-MOTENVWB1.1.4.0
2024-07-16 16:24:00,890 [WARN] PackLoader:240 - Cannot read IP mode file for STMicroelectronics.X-CUBE-SMBUS.2.1.0
2024-07-16 16:24:00,905 [WARN] PackLoader:240 - Cannot read IP mode file for STMicroelectronics.X-CUBE-TOUCHGFX.4.23.0
2024-07-16 16:24:00,915 [WARN] PackLoader:240 - Cannot read IP mode file for STMicroelectronics.X-CUBE-TOUCHGFX.4.23.2
2024-07-16 16:24:00,957 [WARN] PackLoader:240 - Cannot read IP mode file for STMicroelectronics.X-CUBE-AZRTOS-F7.1.1.0
2024-07-16 16:24:00,980 [WARN] PackLoader:240 - Cannot read IP mode file for STMicroelectronics.FP-SNS-MOTENV1.4.3.2
2024-07-16 16:24:01,006 [WARN] PackLoader:240 - Cannot read IP mode file for STMicroelectronics.X-CUBE-BLE1.6.2.4
2024-07-16 16:24:01,026 [WARN] PackLoader:240 - Cannot read IP mode file for STMicroelectronics.FP-SNS-FLIGHT1.5.0.2
2024-07-16 16:24:01,047 [WARN] PackLoader:240 - Cannot read IP mode file for STMicroelectronics.X-CUBE-DISPLAY.3.0.0
2024-07-16 16:24:01,071 [WARN] PackLoader:240 - Cannot read IP mode file for STMicroelectronics.X-CUBE-BLE1.7.0.0
2024-07-16 16:24:01,089 [WARN] PackLoader:240 - Cannot read IP mode file for STMicroelectronics.X-CUBE-TOUCHGFX.4.22.0
2024-07-16 16:24:01,104 [WARN] PackLoader:240 - Cannot read IP mode file for STMicroelectronics.X-CUBE-TOUCHGFX.4.22.1
2024-07-16 16:24:01,126 [WARN] PackLoader:240 - Cannot read IP mode file for STMicroelectronics.X-CUBE-BLEMGR.3.1.0
2024-07-16 16:24:01,145 [WARN] PackLoader:240 - Cannot read IP mode file for STMicroelectronics.FP-SNS-SMARTAG2.1.2.0
2024-07-16 16:24:01,171 [INFO] LogOutputStream:77 - [STDOUT_REDIRECT] 1 : Invalid condition id : UX_CORESTACK_Condition cause : null
2024-07-16 16:24:01,172 [INFO] LogOutputStream:77 - [STDOUT_REDIRECT] 1 : Invalid condition id : UX_CORESTACK_Condition cause : null
2024-07-16 16:24:01,173 [INFO] LogOutputStream:77 - [STDOUT_REDIRECT] 1 : Invalid condition id : UX_CORESTACK_Condition cause : null
2024-07-16 16:24:01,174 [INFO] LogOutputStream:77 - [STDOUT_REDIRECT] 1 : Invalid condition id : UX_CORESTACK_Condition cause : null
2024-07-16 16:24:01,175 [INFO] LogOutputStream:77 - [STDOUT_REDIRECT] 1 : Invalid condition id : UX_CORESTACK_Condition cause : null
2024-07-16 16:24:01,180 [WARN] PackLoader:240 - Cannot read IP mode file for STMicroelectronics.X-CUBE-AZRTOS-WL.2.0.0
2024-07-16 16:24:01,199 [WARN] PackLoader:240 - Cannot read IP mode file for STMicroelectronics.FP-SNS-MOTENV1.5.0.0
2024-07-16 16:24:01,215 [WARN] PackLoader:240 - Cannot read IP mode file for wolfSSL.I-CUBE-wolfMQTT.1.19.0
2024-07-16 16:24:01,240 [WARN] PackLoader:240 - Cannot read IP mode file for WES.I-CUBE-Cesium.1.3.0
2024-07-16 16:24:01,261 [WARN] PackLoader:240 - Cannot read IP mode file for STMicroelectronics.X-CUBE-BLE2.3.3.0
2024-07-16 16:24:01,295 [WARN] PackLoader:240 - Cannot read IP mode file for STMicroelectronics.X-CUBE-TOF1.3.2.0
2024-07-16 16:24:01,323 [WARN] PackLoader:240 - Cannot read IP mode file for STMicroelectronics.X-CUBE-TCPP.4.1.0
2024-07-16 16:24:01,342 [WARN] PackLoader:240 - Cannot read IP mode file for STMicroelectronics.X-CUBE-TOUCHGFX.4.21.1
2024-07-16 16:24:01,359 [WARN] PackLoader:240 - Cannot read IP mode file for STMicroelectronics.X-CUBE-AI.7.3.0
2024-07-16 16:24:01,377 [WARN] PackLoader:240 - Cannot read IP mode file for STMicroelectronics.X-CUBE-ALGOBUILD.1.3.0
2024-07-16 16:24:01,412 [WARN] PackLoader:240 - Cannot read IP mode file for STMicroelectronics.X-CUBE-AZRTOS-G0.1.1.0
2024-07-16 16:24:01,433 [WARN] PackLoader:240 - Cannot read IP mode file for STMicroelectronics.X-CUBE-SAFEA1.1.2.2
2024-07-16 16:24:01,452 [WARN] PackLoader:240 - Cannot read IP mode file for STMicroelectronics.X-CUBE-NFC4.3.0.0
2024-07-16 16:24:01,468 [WARN] PackLoader:240 - Cannot read IP mode file for wolfSSL.I-CUBE-wolfMQTT.1.18.0
2024-07-16 16:24:01,493 [WARN] PackLoader:240 - Cannot read IP mode file for EmbeddedOffice.I-CUBE-FS-RTOS.1.0.1
2024-07-16 16:24:01,494 [ERROR] ConditionMgr:805 - Attr not supported : Dmpu
2024-07-16 16:24:01,494 [ERROR] ConditionMgr:805 - Attr not supported : Dmpu
2024-07-16 16:24:01,495 [ERROR] ConditionMgr:805 - Attr not supported : Dmpu
2024-07-16 16:24:01,495 [ERROR] ConditionMgr:805 - Attr not supported : Dmpu
2024-07-16 16:24:01,495 [ERROR] ConditionMgr:805 - Attr not supported : Dmpu
2024-07-16 16:24:01,495 [ERROR] ConditionMgr:805 - Attr not supported : Dmpu
2024-07-16 16:24:01,495 [ERROR] ConditionMgr:805 - Attr not supported : Dmpu
2024-07-16 16:24:01,495 [ERROR] ConditionMgr:805 - Attr not supported : Dmpu
2024-07-16 16:24:01,495 [ERROR] ConditionMgr:805 - Attr not supported : Dmpu
2024-07-16 16:24:01,495 [ERROR] ConditionMgr:805 - Attr not supported : Dmpu
2024-07-16 16:24:01,495 [ERROR] ConditionMgr:805 - Attr not supported : Dmpu
2024-07-16 16:24:01,495 [ERROR] ConditionMgr:805 - Attr not supported : Dmpu
2024-07-16 16:24:01,495 [ERROR] ConditionMgr:805 - Attr not supported : Dmpu
2024-07-16 16:24:01,496 [ERROR] ConditionMgr:805 - Attr not supported : Dmpu
2024-07-16 16:24:01,496 [ERROR] ConditionMgr:805 - Attr not supported : Dmpu
2024-07-16 16:24:01,496 [ERROR] ConditionMgr:805 - Attr not supported : Dmpu
2024-07-16 16:24:01,496 [ERROR] ConditionMgr:805 - Attr not supported : Dmpu
2024-07-16 16:24:01,496 [ERROR] ConditionMgr:805 - Attr not supported : Dmpu
2024-07-16 16:24:01,496 [ERROR] ConditionMgr:805 - Attr not supported : Dmpu
2024-07-16 16:24:01,496 [ERROR] ConditionMgr:805 - Attr not supported : Dmpu
2024-07-16 16:24:01,496 [ERROR] ConditionMgr:805 - Attr not supported : Dmpu
2024-07-16 16:24:01,496 [ERROR] ConditionMgr:805 - Attr not supported : Dmpu
2024-07-16 16:24:01,496 [ERROR] ConditionMgr:805 - Attr not supported : Dmpu
2024-07-16 16:24:01,496 [ERROR] ConditionMgr:805 - Attr not supported : Dmpu
2024-07-16 16:24:01,497 [ERROR] ConditionMgr:805 - Attr not supported : Dmpu
2024-07-16 16:24:01,497 [ERROR] ConditionMgr:805 - Attr not supported : Dmpu
2024-07-16 16:24:01,497 [ERROR] ConditionMgr:805 - Attr not supported : Dmpu
2024-07-16 16:24:01,497 [ERROR] ConditionMgr:805 - Attr not supported : Dmpu
2024-07-16 16:24:01,497 [ERROR] ConditionMgr:805 - Attr not supported : Dmpu
2024-07-16 16:24:01,497 [ERROR] ConditionMgr:805 - Attr not supported : Dmpu
2024-07-16 16:24:01,497 [ERROR] ConditionMgr:805 - Attr not supported : Dmpu
2024-07-16 16:24:01,497 [ERROR] ConditionMgr:805 - Attr not supported : Dmpu
2024-07-16 16:24:01,497 [ERROR] ConditionMgr:805 - Attr not supported : Dmpu
2024-07-16 16:24:01,497 [ERROR] ConditionMgr:805 - Attr not supported : Dmpu
2024-07-16 16:24:01,497 [ERROR] ConditionMgr:805 - Attr not supported : Dmpu
2024-07-16 16:24:01,497 [ERROR] ConditionMgr:805 - Attr not supported : Dmpu
2024-07-16 16:24:01,498 [ERROR] ConditionMgr:805 - Attr not supported : Dmpu
2024-07-16 16:24:01,498 [ERROR] ConditionMgr:805 - Attr not supported : Dmpu
2024-07-16 16:24:01,498 [ERROR] ConditionMgr:805 - Attr not supported : Dmpu
2024-07-16 16:24:01,498 [ERROR] ConditionMgr:805 - Attr not supported : Dmpu
2024-07-16 16:24:01,498 [ERROR] ConditionMgr:805 - Attr not supported : Dmpu
2024-07-16 16:24:01,498 [ERROR] ConditionMgr:805 - Attr not supported : Dmpu
2024-07-16 16:24:01,498 [ERROR] ConditionMgr:805 - Attr not supported : Dmpu
2024-07-16 16:24:01,498 [ERROR] ConditionMgr:805 - Attr not supported : Dmpu
2024-07-16 16:24:01,498 [ERROR] ConditionMgr:805 - Attr not supported : Dmpu
2024-07-16 16:24:01,498 [ERROR] ConditionMgr:805 - Attr not supported : Dmpu
2024-07-16 16:24:01,498 [ERROR] ConditionMgr:805 - Attr not supported : Dmpu
2024-07-16 16:24:01,498 [ERROR] ConditionMgr:805 - Attr not supported : Dmpu
2024-07-16 16:24:01,499 [ERROR] ConditionMgr:805 - Attr not supported : Dmpu
2024-07-16 16:24:01,499 [ERROR] ConditionMgr:805 - Attr not supported : Dmpu
2024-07-16 16:24:01,499 [ERROR] ConditionMgr:805 - Attr not supported : Dmpu
2024-07-16 16:24:01,499 [ERROR] ConditionMgr:805 - Attr not supported : Dmpu
2024-07-16 16:24:01,499 [ERROR] ConditionMgr:805 - Attr not supported : Dmpu
2024-07-16 16:24:01,499 [ERROR] ConditionMgr:805 - Attr not supported : Dmpu
2024-07-16 16:24:01,499 [ERROR] ConditionMgr:805 - Attr not supported : Dmpu
2024-07-16 16:24:01,499 [ERROR] ConditionMgr:805 - Attr not supported : Dmpu
2024-07-16 16:24:01,499 [ERROR] ConditionMgr:805 - Attr not supported : Dmpu
2024-07-16 16:24:01,499 [ERROR] ConditionMgr:805 - Attr not supported : Dmpu
2024-07-16 16:24:01,499 [ERROR] ConditionMgr:805 - Attr not supported : Dmpu
2024-07-16 16:24:01,499 [ERROR] ConditionMgr:805 - Attr not supported : Dmpu
2024-07-16 16:24:01,500 [ERROR] ConditionMgr:805 - Attr not supported : Dmpu
2024-07-16 16:24:01,500 [ERROR] ConditionMgr:805 - Attr not supported : Dmpu
2024-07-16 16:24:01,500 [ERROR] ConditionMgr:805 - Attr not supported : Dmpu
2024-07-16 16:24:01,500 [ERROR] ConditionMgr:805 - Attr not supported : Dmpu
2024-07-16 16:24:01,521 [WARN] PackLoader:240 - Cannot read IP mode file for STMicroelectronics.X-CUBE-BLEMGR.3.0.0
2024-07-16 16:24:01,542 [WARN] PackLoader:240 - Cannot read IP mode file for STMicroelectronics.X-CUBE-BLEMGR.1.3.0
2024-07-16 16:24:01,560 [WARN] PackLoader:240 - Cannot read IP mode file for RealThread.X-CUBE-RT-Thread_Nano.4.1.1
2024-07-16 16:24:01,577 [WARN] PackLoader:240 - Cannot read IP mode file for STMicroelectronics.FP-ATR-SIGFOX1.3.2.0
2024-07-16 16:24:01,594 [WARN] PackLoader:240 - Cannot read IP mode file for STMicroelectronics.X-CUBE-EEPRMA1.5.1.0
2024-07-16 16:24:01,649 [WARN] PackLoader:240 - Cannot read IP mode file for STMicroelectronics.X-CUBE-MEMS1.9.5.0
2024-07-16 16:24:01,828 [WARN] PackLoader:240 - Cannot read IP mode file for SEGGER.I-CUBE-embOS.1.3.1
2024-07-16 16:24:01,879 [WARN] PackLoader:240 - Cannot read IP mode file for STMicroelectronics.X-CUBE-ALGOBUILD.1.4.0
2024-07-16 16:24:01,896 [WARN] PackLoader:240 - Cannot read IP mode file for STMicroelectronics.X-CUBE-GNSS1.6.0.0
2024-07-16 16:24:01,930 [WARN] PackLoader:240 - Cannot read IP mode file for STMicroelectronics.X-CUBE-AZRTOS-F4.1.1.0
2024-07-16 16:24:01,950 [WARN] PackLoader:240 - Cannot read IP mode file for STMicroelectronics.X-CUBE-FREERTOS.1.2.0
2024-07-16 16:24:01,981 [WARN] PackLoader:240 - Cannot read IP mode file for STMicroelectronics.X-CUBE-AZRTOS-L5.2.0.0
2024-07-16 16:24:02,029 [WARN] PackLoader:240 - Cannot read IP mode file for STMicroelectronics.X-CUBE-MEMS1.9.6.0
2024-07-16 16:24:02,139 [WARN] PackLoader:240 - Cannot read IP mode file for STMicroelectronics.X-CUBE-EEPRMA1.4.2.0
2024-07-16 16:24:02,157 [WARN] PackLoader:240 - Cannot read IP mode file for STMicroelectronics.X-CUBE-NFC6.3.1.0
2024-07-16 16:24:02,174 [WARN] PackLoader:240 - Cannot read IP mode file for ITTIA_DB.I-CUBE-ITTIADB.8.8.0
2024-07-16 16:24:02,199 [WARN] PackLoader:240 - Cannot read IP mode file for emotas.I-CUBE-CANOPEN.1.1.3
2024-07-16 16:24:02,221 [WARN] PackLoader:240 - Cannot read IP mode file for STMicroelectronics.X-CUBE-BLEMGR.2.0.0
2024-07-16 16:24:02,241 [WARN] PackLoader:240 - Cannot read IP mode file for STMicroelectronics.X-CUBE-DPower.1.2.0
2024-07-16 16:24:02,256 [WARN] PackLoader:240 - Cannot read IP mode file for STMicroelectronics.X-CUBE-AI.9.0.0
2024-07-16 16:24:02,293 [WARN] ConditionMgr:438 - getConditionDescription Invalid condition id : UX DEVICE CLASS RTOS Condition cause : null
2024-07-16 16:24:02,294 [WARN] ConditionMgr:438 - getConditionDescription Invalid condition id : UX DEVICE CLASS RTOS Condition cause : null
2024-07-16 16:24:02,297 [WARN] PackLoader:240 - Cannot read IP mode file for STMicroelectronics.X-CUBE-AZRTOS-H7.3.1.0
2024-07-16 16:24:02,298 [WARN] ConditionMgr:1039 - genDependencies : Invalid condition id : UX DEVICE CLASS RTOS Condition cause : null
2024-07-16 16:24:02,298 [WARN] ConditionMgr:1039 - genDependencies : Invalid condition id : UX DEVICE CLASS RTOS Condition cause : null
2024-07-16 16:24:02,299 [WARN] ConditionMgr:1039 - genDependencies : Invalid condition id : UX DEVICE CLASS RTOS Condition cause : null
2024-07-16 16:24:02,299 [WARN] ConditionMgr:1039 - genDependencies : Invalid condition id : UX DEVICE CLASS RTOS Condition cause : null
2024-07-16 16:24:02,300 [WARN] ConditionMgr:1039 - genDependencies : Invalid condition id : UX DEVICE CLASS RTOS Condition cause : null
2024-07-16 16:24:02,313 [WARN] PackLoader:240 - Cannot read IP mode file for wolfSSL.I-CUBE-wolfSSL.5.5.4
2024-07-16 16:24:02,330 [WARN] PackLoader:240 - Cannot read IP mode file for STMicroelectronics.X-CUBE-NFC7.1.0.1
2024-07-16 16:24:02,346 [WARN] PackLoader:240 - Cannot read IP mode file for STMicroelectronics.X-CUBE-NFC7.1.0.0
2024-07-16 16:24:02,361 [WARN] PackLoader:240 - Cannot read IP mode file for wolfSSL.I-CUBE-wolfTPM.3.2.0
2024-07-16 16:24:02,376 [WARN] PackLoader:240 - Cannot read IP mode file for STMicroelectronics.X-CUBE-NFC6.3.0.0
2024-07-16 16:24:02,392 [WARN] PackLoader:240 - Cannot read IP mode file for STMicroelectronics.X-CUBE-EEPRMA1.4.1.0
2024-07-16 16:24:02,405 [WARN] PackLoader:240 - Cannot read IP mode file for STMicroelectronics.X-CUBE-AI.8.1.0
2024-07-16 16:24:02,435 [WARN] ConditionMgr:438 - getConditionDescription Invalid condition id : LAN8742 Phy interface Condition cause : null
2024-07-16 16:24:02,436 [WARN] PackLoader:240 - Cannot read IP mode file for STMicroelectronics.X-CUBE-AZRTOS-L4.2.0.0
2024-07-16 16:24:02,437 [WARN] ConditionMgr:1039 - genDependencies : Invalid condition id : LAN8742 Phy interface Condition cause : null
2024-07-16 16:24:02,437 [WARN] ConditionMgr:1039 - genDependencies : Invalid condition id : LAN8742 Phy interface Condition cause : null
2024-07-16 16:24:02,438 [WARN] ConditionMgr:1039 - genDependencies : Invalid condition id : LAN8742 Phy interface Condition cause : null
2024-07-16 16:24:02,452 [WARN] PackLoader:240 - Cannot read IP mode file for STMicroelectronics.X-CUBE-SFXS2LP1.4.0.0
2024-07-16 16:24:02,482 [WARN] PackLoader:240 - Cannot read IP mode file for STMicroelectronics.X-CUBE-AZRTOS-H7.3.0.0
2024-07-16 16:24:02,497 [WARN] PackLoader:240 - Cannot read IP mode file for STMicroelectronics.X-CUBE-ISPU.1.1.0
2024-07-16 16:24:02,515 [WARN] PackLoader:240 - Cannot read IP mode file for RoweBots.I-CUBE-UNISONRTOS.5.5.0-4
2024-07-16 16:24:02,533 [WARN] PackLoader:240 - Cannot read IP mode file for STMicroelectronics.X-CUBE-AI.8.0.0
2024-07-16 16:24:02,562 [WARN] ConditionMgr:438 - getConditionDescription Invalid condition id : UX DEVICE CLASS RTOS Condition cause : null
2024-07-16 16:24:02,563 [WARN] ConditionMgr:438 - getConditionDescription Invalid condition id : UX DEVICE CLASS RTOS Condition cause : null
2024-07-16 16:24:02,565 [WARN] PackLoader:240 - Cannot read IP mode file for STMicroelectronics.X-CUBE-AZRTOS-WB.2.0.0
2024-07-16 16:24:02,566 [WARN] ConditionMgr:1039 - genDependencies : Invalid condition id : UX DEVICE CLASS RTOS Condition cause : null
2024-07-16 16:24:02,566 [WARN] ConditionMgr:1039 - genDependencies : Invalid condition id : UX DEVICE CLASS RTOS Condition cause : null
2024-07-16 16:24:02,566 [WARN] ConditionMgr:1039 - genDependencies : Invalid condition id : UX DEVICE CLASS RTOS Condition cause : null
2024-07-16 16:24:02,566 [WARN] ConditionMgr:1039 - genDependencies : Invalid condition id : UX DEVICE CLASS RTOS Condition cause : null
2024-07-16 16:24:02,567 [WARN] ConditionMgr:1039 - genDependencies : Invalid condition id : UX DEVICE CLASS RTOS Condition cause : null
2024-07-16 16:24:02,580 [WARN] PackLoader:240 - Cannot read IP mode file for STMicroelectronics.X-CUBE-FREERTOS.1.0.1
2024-07-16 16:24:02,609 [WARN] PackLoader:240 - Cannot read IP mode file for STMicroelectronics.X-CUBE-AZRTOS-L5.1.1.0
2024-07-16 16:24:02,634 [WARN] PackLoader:240 - Cannot read IP mode file for STMicroelectronics.X-CUBE-SUBG2.5.0.0
2024-07-16 16:24:02,663 [WARN] PackLoader:240 - Cannot read IP mode file for STMicroelectronics.X-CUBE-TOF1.3.3.1
2024-07-16 16:24:02,700 [WARN] PackLoader:240 - Cannot read IP mode file for STMicroelectronics.X-CUBE-AZRTOS-G4.2.0.0
2024-07-16 16:24:02,719 [WARN] PackLoader:240 - Cannot read IP mode file for STMicroelectronics.FP-ATR-ASTRA1.1.1.1
2024-07-16 16:24:02,744 [WARN] PackLoader:240 - Cannot read IP mode file for Infineon.AIROC-Wi-Fi-Bluetooth-STM32.1.5.1
2024-07-16 16:24:02,764 [WARN] PackLoader:240 - Cannot read IP mode file for STMicroelectronics.FP-SNS-MOTENVWB1.1.3.0
2024-07-16 16:24:02,779 [WARN] PackLoader:240 - Cannot read IP mode file for STMicroelectronics.FP-SNS-MOTENVWB1.1.3.1
2024-07-16 16:24:02,807 [WARN] PackLoader:240 - Cannot read IP mode file for STMicroelectronics.X-CUBE-AZRTOS-G4.1.0.0
2024-07-16 16:24:02,839 [WARN] PackLoader:240 - Cannot read IP mode file for STMicroelectronics.X-CUBE-AZRTOS-L4.1.0.0
2024-07-16 16:24:02,856 [WARN] PackLoader:240 - Cannot read IP mode file for STMicroelectronics.X-CUBE-ISPU.2.0.0
2024-07-16 16:24:02,873 [WARN] PackLoader:240 - Cannot read IP mode file for STMicroelectronics.X-CUBE-ALS.1.0.2
2024-07-16 16:24:02,935 [WARN] PackLoader:240 - Cannot read IP mode file for STMicroelectronics.X-CUBE-MEMS1.10.0.0
2024-07-16 16:24:03,035 [WARN] PackLoader:240 - Cannot read IP mode file for STMicroelectronics.X-CUBE-FREERTOS.1.1.0
2024-07-16 16:24:03,049 [WARN] PackLoader:240 - Cannot read IP mode file for STMicroelectronics.X-CUBE-TOUCHGFX.4.24.0
2024-07-16 16:24:03,072 [WARN] PackLoader:240 - Cannot read IP mode file for STMicroelectronics.X-CUBE-AZRTOS-WL.1.0.0
2024-07-16 16:24:03,089 [WARN] PackLoader:240 - Cannot read IP mode file for portGmbH.I-Cube-SoM-uGOAL.1.1.0
2024-07-16 16:24:03,105 [WARN] PackLoader:240 - Cannot read IP mode file for STMicroelectronics.X-CUBE-ALS.1.0.1
2024-07-16 16:24:03,131 [WARN] PackLoader:240 - Cannot read IP mode file for STMicroelectronics.X-CUBE-AZRTOS-WB.1.1.0
2024-07-16 16:24:03,162 [WARN] PackLoader:240 - Cannot read IP mode file for STMicroelectronics.X-CUBE-AZRTOS-H7RS.1.0.0
2024-07-16 16:24:03,176 [WARN] PackLoader:240 - Cannot read IP mode file for STMicroelectronics.FP-ATR-ASTRA1.2.0.0
2024-07-16 16:24:03,199 [WARN] PackLoader:240 - Cannot read IP mode file for STMicroelectronics.X-CUBE-TOF1.3.4.0
2024-07-16 16:24:03,228 [WARN] PackLoader:240 - Cannot read IP mode file for STMicroelectronics.X-CUBE-TOF1.3.4.1
2024-07-16 16:24:03,267 [WARN] PackLoader:240 - Cannot read IP mode file for STMicroelectronics.X-CUBE-AZRTOS-H7.3.2.0
2024-07-16 16:24:03,283 [WARN] PackLoader:240 - Cannot read IP mode file for wolfSSL.I-CUBE-wolfSSH.1.4.17
2024-07-16 16:24:03,284 [INFO] ThirdParty:978 - Integrity check success = true
2024-07-16 16:24:03,284 [INFO] IntegrityCheckThread:100 - exiting critical section [integrity check]
2024-07-16 16:24:03,284 [INFO] IntegrityCheckThread:103 - End integrity checks thread
2024-07-16 16:24:04,260 [INFO] WebApp:161 - Instantiating new browser for Auth
2024-07-16 16:24:05,045 [INFO] WebApp:779 - Register for checkConnection events
2024-07-16 16:24:05,046 [INFO] WebApp:414 - Apply proxy settings
2024-07-16 16:24:05,046 [INFO] WebApp:499 - Chromium requires no authentication
2024-07-16 16:24:05,054 [INFO] WebApp:442 - Direct internet connection detected
2024-07-16 16:24:05,297 [INFO] WebApp:192 - Starting web application
2024-07-16 16:24:05,297 [INFO] WebApp:544 - Web application path used C:\ST\STM32CubeIDE_1.11.2\STM32CubeIDE\plugins\com.st.stm32cube.common.mx_6.11.1.202404110753\db\plugins\mcufinder\reactClient1\index.html
