2024-03-10 19:43:22,134 [INFO] Activator:176 - 


2024-03-10 19:43:22,145 [INFO] Activator:177 - !SESSION log4j initialized
2024-03-10 19:43:30,018 [INFO] LogOutputStream:77 - [STDOUT_REDIRECT] 
2024-03-10 19:43:33,109 [INFO] ApplicationProperties:184 - Using Application install path: C:\ST\STM32CubeIDE_1.11.2\STM32CubeIDE\plugins\com.st.stm32cube.common.mx_6.9.2.202309101412
2024-03-10 19:43:33,149 [INFO] DbMcusXml:78 - Set database path to: C:\ST\STM32CubeIDE_1.11.2\STM32CubeIDE\plugins\com.st.stm32cube.common.mx_6.9.2.202309101412\\db\/mcu/
2024-03-10 19:43:33,151 [INFO] ApiDb:274 - Set plugin database path to: C:\ST\STM32CubeIDE_1.11.2\STM32CubeIDE\plugins\com.st.stm32cube.common.mx_6.9.2.202309101412\\db\/plugins/boardmanager/
2024-03-10 19:43:33,152 [WARN] ApiDb:259 - Overriding images path with different value:  => C:\ST\STM32CubeIDE_1.11.2\STM32CubeIDE\plugins\com.st.stm32cube.common.mx_6.9.2.202309101412\\db\/plugins/mcufinder/images/
2024-03-10 19:43:33,195 [INFO] ApiDb:250 - Set database path to: C:\Users\erkan\.stmcufinder\plugins\mcufinder//mcu/
2024-03-10 19:43:33,197 [INFO] DbMcusAds:125 - Set database path to: C:\Users\erkan\.stmcufinder\plugins\mcufinder//mcu/
2024-03-10 19:43:33,202 [INFO] CrossReferenceDbSqlite:203 - Set database path to: C:\Users\erkan\.stmcufinder\plugins\mcufinder//mcu/cs/
2024-03-10 19:43:33,364 [INFO] RulesReader:64 - Compatibility file has been processed (293 Rules)
2024-03-10 19:43:33,539 [INFO] DbMcusXml:78 - Set database path to: C:\ST\STM32CubeIDE_1.11.2\STM32CubeIDE\plugins\com.st.stm32cube.common.mx_6.9.2.202309101412\\db\/mcu/
2024-03-10 19:43:33,540 [INFO] ApiDb:274 - Set plugin database path to: C:\ST\STM32CubeIDE_1.11.2\STM32CubeIDE\plugins\com.st.stm32cube.common.mx_6.9.2.202309101412\\db\/plugins/boardmanager/
2024-03-10 19:43:33,540 [INFO] ApiDb:261 - Set plugin images path to: C:\ST\STM32CubeIDE_1.11.2\STM32CubeIDE\plugins\com.st.stm32cube.common.mx_6.9.2.202309101412\\db\/plugins/mcufinder/images/
2024-03-10 19:43:33,540 [WARN] DbFile:41 - Overriding database path with different value: C:\Users\erkan\.stmcufinder\plugins\mcufinder/ => C:\Users\erkan\.stmcufinder\plugins\mcufinder
2024-03-10 19:43:33,540 [INFO] ApiDb:250 - Set database path to: C:\Users\erkan\.stmcufinder\plugins\mcufinder//mcu/
2024-03-10 19:43:33,540 [WARN] DbFile:41 - Overriding database path with different value: C:\Users\erkan\.stmcufinder\plugins\mcufinder/ => C:\Users\erkan\.stmcufinder\plugins\mcufinder
2024-03-10 19:43:33,540 [INFO] DbMcusAds:125 - Set database path to: C:\Users\erkan\.stmcufinder\plugins\mcufinder//mcu/
2024-03-10 19:43:33,540 [WARN] DbFile:41 - Overriding database path with different value: C:\Users\erkan\.stmcufinder\plugins\mcufinder/ => C:\Users\erkan\.stmcufinder\plugins\mcufinder
2024-03-10 19:43:33,540 [WARN] DbFile:41 - Overriding database path with different value: C:\Users\erkan\.stmcufinder\plugins\mcufinder/ => C:\Users\erkan\.stmcufinder\plugins\mcufinder
2024-03-10 19:43:33,540 [INFO] CrossReferenceDbSqlite:203 - Set database path to: C:\Users\erkan\.stmcufinder\plugins\mcufinder//mcu/cs/
2024-03-10 19:43:33,728 [INFO] MainPanel:262 - HeapMemory: 268435456
2024-03-10 19:43:33,914 [INFO] DbMcusXml:78 - Set database path to: C:\ST\STM32CubeIDE_1.11.2\STM32CubeIDE\plugins\com.st.stm32cube.common.mx_6.9.2.202309101412\\db\/mcu/
2024-03-10 19:43:33,914 [INFO] ApiDb:274 - Set plugin database path to: C:\ST\STM32CubeIDE_1.11.2\STM32CubeIDE\plugins\com.st.stm32cube.common.mx_6.9.2.202309101412\\db\/plugins/boardmanager/
2024-03-10 19:43:33,914 [INFO] ApiDb:261 - Set plugin images path to: C:\ST\STM32CubeIDE_1.11.2\STM32CubeIDE\plugins\com.st.stm32cube.common.mx_6.9.2.202309101412\\db\/plugins/mcufinder/images/
2024-03-10 19:43:33,915 [WARN] DbFile:41 - Overriding database path with different value: C:\Users\erkan\.stmcufinder\plugins\mcufinder/ => C:\Users\erkan\.stmcufinder\plugins\mcufinder
2024-03-10 19:43:33,916 [INFO] ApiDb:250 - Set database path to: C:\Users\erkan\.stmcufinder\plugins\mcufinder//mcu/
2024-03-10 19:43:33,916 [WARN] DbFile:41 - Overriding database path with different value: C:\Users\erkan\.stmcufinder\plugins\mcufinder/ => C:\Users\erkan\.stmcufinder\plugins\mcufinder
2024-03-10 19:43:33,916 [INFO] DbMcusAds:125 - Set database path to: C:\Users\erkan\.stmcufinder\plugins\mcufinder//mcu/
2024-03-10 19:43:33,916 [WARN] DbFile:41 - Overriding database path with different value: C:\Users\erkan\.stmcufinder\plugins\mcufinder/ => C:\Users\erkan\.stmcufinder\plugins\mcufinder
2024-03-10 19:43:33,916 [WARN] DbFile:41 - Overriding database path with different value: C:\Users\erkan\.stmcufinder\plugins\mcufinder/ => C:\Users\erkan\.stmcufinder\plugins\mcufinder
2024-03-10 19:43:33,916 [INFO] CrossReferenceDbSqlite:203 - Set database path to: C:\Users\erkan\.stmcufinder\plugins\mcufinder//mcu/cs/
2024-03-10 19:43:33,950 [INFO] ApplicationProperties:184 - Using Application install path: C:\ST\STM32CubeIDE_1.11.2\STM32CubeIDE\plugins\com.st.stm32cube.common.mx_6.9.2.202309101412
2024-03-10 19:43:33,952 [INFO] PluginManage:196 - Search for loadable plugins [exclusion list=, ]
2024-03-10 19:43:33,956 [INFO] PluginManage:310 - Check plugin analytics
2024-03-10 19:43:34,277 [INFO] AnalyticsPlugin:253 - Accepted Software Licenses: STM32CubeMX.6.9.2
2024-03-10 19:43:34,277 [INFO] AnalyticsPlugin:255 - Accepted CMSIS Pack Licenses: 
2024-03-10 19:43:34,278 [INFO] AnalyticsPlugin:257 - Accepted Firmware Licenses: 
2024-03-10 19:43:34,281 [INFO] PluginManage:359 - Loaded plugin analytics (category:tool,tabindex:-1)
2024-03-10 19:43:34,282 [INFO] PluginManage:310 - Check plugin cadmodel
2024-03-10 19:43:34,303 [INFO] CADModel:105 - Init CAD model plugin
2024-03-10 19:43:34,303 [INFO] PluginManage:359 - Loaded plugin cadmodel (category:power,tabindex:5)
2024-03-10 19:43:34,303 [INFO] PluginManage:310 - Check plugin clock
2024-03-10 19:43:34,343 [INFO] PluginManage:359 - Loaded plugin clock (category:base,tabindex:2)
2024-03-10 19:43:34,345 [INFO] PluginManage:310 - Check plugin ddr
2024-03-10 19:43:34,349 [INFO] PluginManage:359 - Loaded plugin ddr (category:tool,tabindex:6)
2024-03-10 19:43:34,350 [INFO] PluginManage:310 - Check plugin filemanager
2024-03-10 19:43:34,796 [INFO] PluginManage:359 - Loaded plugin filemanager (category:base,tabindex:10)
2024-03-10 19:43:34,797 [INFO] PluginManage:310 - Check plugin ipmanager
2024-03-10 19:43:34,819 [INFO] PluginManage:359 - Loaded plugin ipmanager (category:base,tabindex:5)
2024-03-10 19:43:34,820 [INFO] PluginManage:310 - Check plugin lpbam
2024-03-10 19:43:34,874 [INFO] PluginManage:359 - Loaded plugin lpbam (category:base,tabindex:0)
2024-03-10 19:43:34,874 [INFO] PluginManage:310 - Check plugin memorymap
2024-03-10 19:43:35,236 [INFO] PluginManage:359 - Loaded plugin memorymap (category:base,tabindex:4)
2024-03-10 19:43:35,236 [INFO] PluginManage:310 - Check plugin pinoutandconfiguration
2024-03-10 19:43:35,297 [INFO] PluginManage:359 - Loaded plugin pinoutandconfiguration (category:base,tabindex:1)
2024-03-10 19:43:35,298 [INFO] PluginManage:310 - Check plugin pinoutconfig
2024-03-10 19:43:35,605 [WARN] SupportedApi:132 - Cannot load RTOS API schema: s4s-elt-must-match.1: The content of 'definitions' must match (annotation?, (simpleType | complexType)?, (unique | key | keyref)*)). A problem was found starting at: attribute.
2024-03-10 19:43:35,973 [INFO] PluginManage:359 - Loaded plugin pinoutconfig (category:base,tabindex:0)
2024-03-10 19:43:35,974 [INFO] PluginManage:310 - Check plugin power
2024-03-10 19:43:36,010 [INFO] PluginManage:359 - Loaded plugin power (category:power,tabindex:4)
2024-03-10 19:43:36,010 [INFO] PluginManage:310 - Check plugin projectmanager
2024-03-10 19:43:36,034 [INFO] PluginManage:359 - Loaded plugin projectmanager (category:projectmanager,tabindex:3)
2024-03-10 19:43:36,034 [INFO] PluginManage:310 - Check plugin thirdparty
2024-03-10 19:43:36,424 [INFO] PluginManage:359 - Loaded plugin thirdparty (category:base,tabindex:-1)
2024-03-10 19:43:36,424 [WARN] IntegrityCheckThread:84 - waiting for thirdparty lock release [integrity check]
2024-03-10 19:43:36,425 [INFO] PluginManage:310 - Check plugin tools
2024-03-10 19:43:36,425 [INFO] IntegrityCheckThread:86 - entering critical section [integrity check]
2024-03-10 19:43:36,425 [INFO] ThirdPartyUpdaterWithRetryManager:70 - Updater plugin not ready yet. [1/15]
2024-03-10 19:43:36,465 [INFO] PluginManage:359 - Loaded plugin tools (category:base,tabindex:7)
2024-03-10 19:43:36,466 [INFO] PluginManage:310 - Check plugin tutovideos
2024-03-10 19:43:36,858 [INFO] PluginManage:359 - Loaded plugin tutovideos (category:base,tabindex:-1)
2024-03-10 19:43:36,858 [INFO] PluginManage:310 - Check plugin updater
2024-03-10 19:43:36,889 [INFO] PluginManage:359 - Loaded plugin updater (category:base,tabindex:12)
2024-03-10 19:43:36,889 [INFO] PluginManage:310 - Check plugin userauth
2024-03-10 19:43:36,915 [INFO] UserAuth:113 - Init User Auth plugin
2024-03-10 19:43:36,916 [INFO] PluginManage:359 - Loaded plugin userauth (category:base,tabindex:14)
2024-03-10 19:43:36,919 [INFO] PluginManage:283 - PluginManage : Loaded plugins [17]
2024-03-10 19:43:37,737 [INFO] PinOutPanel:1499 - setPackage(No Configuration,No Configuration)
2024-03-10 19:43:38,033 [INFO] CADModel:165 - CPN selected for project level
2024-03-10 19:43:38,034 [INFO] CADModel:114 - Register for checkConnection events
2024-03-10 19:43:38,085 [INFO] IPUIPlugin:80 - create IPUIPlugin
2024-03-10 19:43:38,086 [INFO] PluginManager:220 - loadIPPluginJar : add adc
2024-03-10 19:43:38,127 [INFO] IPUIPlugin:80 - create IPUIPlugin
2024-03-10 19:43:38,127 [INFO] PluginManager:220 - loadIPPluginJar : add aes
2024-03-10 19:43:38,170 [INFO] IPUIPlugin:80 - create IPUIPlugin
2024-03-10 19:43:38,170 [INFO] PluginManager:220 - loadIPPluginJar : add can
2024-03-10 19:43:38,196 [INFO] IPUIPlugin:80 - create IPUIPlugin
2024-03-10 19:43:38,196 [INFO] PluginManager:220 - loadIPPluginJar : add comp
2024-03-10 19:43:38,232 [INFO] IPUIPlugin:80 - create IPUIPlugin
2024-03-10 19:43:38,232 [INFO] PluginManager:220 - loadIPPluginJar : add cryp
2024-03-10 19:43:38,268 [INFO] IPUIPlugin:80 - create IPUIPlugin
2024-03-10 19:43:38,269 [INFO] PluginManager:220 - loadIPPluginJar : add dfsdm
2024-03-10 19:43:38,292 [INFO] IPUIPlugin:80 - create IPUIPlugin
2024-03-10 19:43:38,292 [INFO] PluginManager:220 - loadIPPluginJar : add dma
2024-03-10 19:43:38,358 [INFO] IPUIPlugin:80 - create IPUIPlugin
2024-03-10 19:43:38,358 [INFO] PluginManager:220 - loadIPPluginJar : add dma3
2024-03-10 19:43:38,389 [INFO] IPUIPlugin:80 - create IPUIPlugin
2024-03-10 19:43:38,389 [INFO] PluginManager:220 - loadIPPluginJar : add fatfs
2024-03-10 19:43:38,444 [INFO] IPUIPlugin:80 - create IPUIPlugin
2024-03-10 19:43:38,445 [INFO] PluginManager:220 - loadIPPluginJar : add fmc
2024-03-10 19:43:38,461 [INFO] IPUIPlugin:80 - create IPUIPlugin
2024-03-10 19:43:38,461 [INFO] PluginManager:220 - loadIPPluginJar : add freertos
2024-03-10 19:43:38,485 [INFO] IPUIPlugin:80 - create IPUIPlugin
2024-03-10 19:43:38,486 [INFO] PluginManager:220 - loadIPPluginJar : add genericplugin
2024-03-10 19:43:38,589 [INFO] IPUIPlugin:80 - create IPUIPlugin
2024-03-10 19:43:38,589 [INFO] PluginManager:220 - loadIPPluginJar : add gfxmmu
2024-03-10 19:43:38,726 [INFO] IPUIPlugin:80 - create IPUIPlugin
2024-03-10 19:43:38,726 [INFO] PluginManager:220 - loadIPPluginJar : add gic
2024-03-10 19:43:38,741 [INFO] IPUIPlugin:80 - create IPUIPlugin
2024-03-10 19:43:38,741 [INFO] PluginManager:220 - loadIPPluginJar : add gpio
2024-03-10 19:43:38,839 [INFO] IPUIPlugin:80 - create IPUIPlugin
2024-03-10 19:43:38,839 [INFO] PluginManager:220 - loadIPPluginJar : add gtzc
2024-03-10 19:43:38,895 [INFO] IPUIPlugin:80 - create IPUIPlugin
2024-03-10 19:43:38,895 [INFO] PluginManager:220 - loadIPPluginJar : add hash
2024-03-10 19:43:38,976 [INFO] IPUIPlugin:80 - create IPUIPlugin
2024-03-10 19:43:38,976 [INFO] PluginManager:220 - loadIPPluginJar : add i2c
2024-03-10 19:43:39,030 [INFO] IPUIPlugin:80 - create IPUIPlugin
2024-03-10 19:43:39,030 [INFO] PluginManager:220 - loadIPPluginJar : add i2s
2024-03-10 19:43:39,074 [INFO] IPUIPlugin:80 - create IPUIPlugin
2024-03-10 19:43:39,074 [INFO] PluginManager:220 - loadIPPluginJar : add i3c
2024-03-10 19:43:39,191 [INFO] IPUIPlugin:80 - create IPUIPlugin
2024-03-10 19:43:39,191 [INFO] PluginManager:220 - loadIPPluginJar : add ipddr
2024-03-10 19:43:39,319 [INFO] IPUIPlugin:80 - create IPUIPlugin
2024-03-10 19:43:39,319 [INFO] PluginManager:220 - loadIPPluginJar : add linkedlist
2024-03-10 19:43:39,375 [INFO] IPUIPlugin:80 - create IPUIPlugin
2024-03-10 19:43:39,375 [INFO] PluginManager:220 - loadIPPluginJar : add lorawan
2024-03-10 19:43:39,427 [INFO] ThirdPartyUpdaterWithRetryManager:70 - Updater plugin not ready yet. [2/15]
2024-03-10 19:43:39,430 [INFO] IPUIPlugin:80 - create IPUIPlugin
2024-03-10 19:43:39,430 [INFO] PluginManager:220 - loadIPPluginJar : add ltdc
2024-03-10 19:43:39,452 [INFO] IPUIPlugin:80 - create IPUIPlugin
2024-03-10 19:43:39,452 [INFO] PluginManager:220 - loadIPPluginJar : add mdma
2024-03-10 19:43:39,475 [INFO] IPUIPlugin:80 - create IPUIPlugin
2024-03-10 19:43:39,475 [INFO] PluginManager:220 - loadIPPluginJar : add nvic
2024-03-10 19:43:39,513 [INFO] IPUIPlugin:80 - create IPUIPlugin
2024-03-10 19:43:39,513 [INFO] PluginManager:220 - loadIPPluginJar : add opamp
2024-03-10 19:43:39,579 [INFO] IPUIPlugin:80 - create IPUIPlugin
2024-03-10 19:43:39,579 [INFO] PluginManager:220 - loadIPPluginJar : add openamp
2024-03-10 19:43:39,631 [INFO] IPUIPlugin:80 - create IPUIPlugin
2024-03-10 19:43:39,633 [INFO] PluginManager:220 - loadIPPluginJar : add pdm2pcm
2024-03-10 19:43:39,651 [INFO] IPUIPlugin:80 - create IPUIPlugin
2024-03-10 19:43:39,656 [INFO] PluginManager:220 - loadIPPluginJar : add plateformsettings
2024-03-10 19:43:39,688 [INFO] IPUIPlugin:80 - create IPUIPlugin
2024-03-10 19:43:39,688 [INFO] PluginManager:220 - loadIPPluginJar : add quadspi
2024-03-10 19:43:39,706 [INFO] IPUIPlugin:80 - create IPUIPlugin
2024-03-10 19:43:39,706 [INFO] PluginManager:220 - loadIPPluginJar : add resmgrutility
2024-03-10 19:43:39,765 [INFO] IPUIPlugin:80 - create IPUIPlugin
2024-03-10 19:43:39,765 [INFO] PluginManager:220 - loadIPPluginJar : add sai
2024-03-10 19:43:39,820 [INFO] IPUIPlugin:80 - create IPUIPlugin
2024-03-10 19:43:39,820 [INFO] PluginManager:220 - loadIPPluginJar : add spi
2024-03-10 19:43:39,896 [INFO] IPUIPlugin:80 - create IPUIPlugin
2024-03-10 19:43:39,896 [INFO] PluginManager:220 - loadIPPluginJar : add stm32_wpan
2024-03-10 19:43:39,932 [INFO] IPUIPlugin:80 - create IPUIPlugin
2024-03-10 19:43:39,932 [INFO] PluginManager:220 - loadIPPluginJar : add tim
2024-03-10 19:43:40,020 [INFO] IPUIPlugin:80 - create IPUIPlugin
2024-03-10 19:43:40,020 [INFO] PluginManager:220 - loadIPPluginJar : add touchsensing
2024-03-10 19:43:40,057 [INFO] IPUIPlugin:80 - create IPUIPlugin
2024-03-10 19:43:40,058 [INFO] PluginManager:220 - loadIPPluginJar : add tracer_emb
2024-03-10 19:43:40,089 [INFO] IPUIPlugin:80 - create IPUIPlugin
2024-03-10 19:43:40,089 [INFO] PluginManager:220 - loadIPPluginJar : add ts
2024-03-10 19:43:40,117 [INFO] IPUIPlugin:80 - create IPUIPlugin
2024-03-10 19:43:40,117 [INFO] PluginManager:220 - loadIPPluginJar : add tsc
2024-03-10 19:43:40,145 [INFO] IPUIPlugin:80 - create IPUIPlugin
2024-03-10 19:43:40,145 [INFO] PluginManager:220 - loadIPPluginJar : add ucpd
2024-03-10 19:43:40,207 [INFO] IPUIPlugin:80 - create IPUIPlugin
2024-03-10 19:43:40,207 [INFO] PluginManager:220 - loadIPPluginJar : add usart
2024-03-10 19:43:40,269 [INFO] IPUIPlugin:80 - create IPUIPlugin
2024-03-10 19:43:40,269 [INFO] PluginManager:220 - loadIPPluginJar : add usbx
2024-03-10 19:43:40,425 [INFO] CADModel:165 - CPN selected for project level
2024-03-10 19:43:40,425 [INFO] CADModel:114 - Register for checkConnection events
2024-03-10 19:43:40,426 [FATAL] Updater:308 - Updater called before beeing initialized
2024-03-10 19:43:40,426 [ERROR] CADModel:125 - Updater not yet initialized, retry later 
2024-03-10 19:43:40,686 [INFO] CADModel:165 - CPN selected for project level
2024-03-10 19:43:40,686 [INFO] CADModel:114 - Register for checkConnection events
2024-03-10 19:43:40,686 [FATAL] Updater:308 - Updater called before beeing initialized
2024-03-10 19:43:40,686 [ERROR] CADModel:125 - Updater not yet initialized, retry later 
2024-03-10 19:43:40,692 [FATAL] Updater:308 - Updater called before beeing initialized
2024-03-10 19:43:40,949 [FATAL] Updater:308 - Updater called before beeing initialized
2024-03-10 19:43:40,981 [INFO] DbMcusAds:53 - JSON generation date=Wed Nov 29 11:52:27 CET 2023 (1701255147200)
2024-03-10 19:43:40,982 [FATAL] Updater:308 - Updater called before beeing initialized
2024-03-10 19:43:41,207 [WARN] DetailPanel:346 - Failed to get advertising image, set to default
2024-03-10 19:43:41,332 [FATAL] Updater:308 - Updater called before beeing initialized
2024-03-10 19:43:41,336 [FATAL] Updater:308 - Updater called before beeing initialized
2024-03-10 19:43:41,336 [FATAL] Updater:308 - Updater called before beeing initialized
2024-03-10 19:43:41,336 [WARN] DetailPanel:346 - Failed to get advertising image, set to default
2024-03-10 19:43:41,337 [FATAL] Updater:308 - Updater called before beeing initialized
2024-03-10 19:43:41,414 [ERROR] Updater:1120 - MainUpdater not yet initialized. External WinMGr cannot be set.
2024-03-10 19:43:41,425 [INFO] Updater:1056 - Updater Version found : 6.9.2
2024-03-10 19:43:41,442 [INFO] ApplicationProperties:184 - Using Application install path: C:\ST\STM32CubeIDE_1.11.2\STM32CubeIDE\plugins\com.st.stm32cube.common.mx_6.9.2.202309101412
2024-03-10 19:43:42,149 [INFO] MainUpdater:2868 - connection check result : 10
2024-03-10 19:43:42,150 [INFO] MainUpdater:3562 - Updater definition file requires update
2024-03-10 19:43:42,152 [INFO] MainUpdater:285 - Updater Check For Update Now.
2024-03-10 19:43:42,152 [INFO] MicroXplorer:498 - Change Database Version : DB.6.0.92
2024-03-10 19:43:42,170 [INFO] McuFinderGlobals:63 - Set McuFinder mode to 2 (CubeIDE integrated)
2024-03-10 19:43:42,171 [INFO] UserAuth:179 - activating auth plugin
2024-03-10 19:43:42,176 [INFO] UserAuth:393 - Internet connection configuration mode: 1
2024-03-10 19:43:42,209 [INFO] JxBrowserEngine:151 - Initiate JxBrowser Engine with user profile folder
2024-03-10 19:43:42,225 [INFO] ServerAccessManage:473 - Download File updaters.zip
2024-03-10 19:43:42,323 [INFO] FileExtend:240 - Unzip File : updaters.zip
2024-03-10 19:43:42,323 [INFO] FileExtend:255 - Standard Zip Deflate
2024-03-10 19:43:42,427 [WARN] MainUpdater:1189 - Updater busy. Cannot search thirdparties
2024-03-10 19:43:42,429 [INFO] ThirdPartyUpdaterWithRetryManager:96 - Updater plugin is busy. [1/15]
2024-03-10 19:43:43,266 [INFO] ServerAccessManage:473 - Download File PacksControlFlags.xml
2024-03-10 19:43:43,509 [INFO] ServerAccessManage:473 - Download File cubemx.pidx
2024-03-10 19:43:44,416 [INFO] ServerAccessManage:473 - Download File STMicroelectronics.X-CUBE-BLEMGR.pdsc
2024-03-10 19:43:45,429 [WARN] MainUpdater:1189 - Updater busy. Cannot search thirdparties
2024-03-10 19:43:45,429 [INFO] ThirdPartyUpdaterWithRetryManager:96 - Updater plugin is busy. [2/15]
2024-03-10 19:43:45,636 [INFO] ServerAccessManage:473 - Download File STMicroelectronics.X-CUBE-TOF1.pdsc
2024-03-10 19:43:46,413 [ERROR] ServerAccessManage:1089 - Problem, file not found on Server
2024-03-10 19:43:47,362 [WARN] PackLoader:240 - Cannot read IP mode file for STMicroelectronics.X-CUBE-BLEMGR.3.1.0
2024-03-10 19:43:47,392 [WARN] PackLoader:240 - Cannot read IP mode file for STMicroelectronics.X-CUBE-TOF1.3.4.1
2024-03-10 19:43:47,412 [INFO] PopulateThirdPartyThread:66 - Ending populate Thread
2024-03-10 19:43:47,414 [INFO] ThirdParty:1030 - CMSIS Pack Vendor :STMicroelectronics X-CUBE-BLEMGR 3.1.0
2024-03-10 19:43:47,415 [INFO] ThirdParty:1030 - CMSIS Pack Vendor :STMicroelectronics X-CUBE-TOF1 3.4.1
2024-03-10 19:43:47,415 [INFO] LoadServerUpdatesThread:373 - End of LoadServerUpdate Thread
2024-03-10 19:43:47,430 [INFO] WebApp:157 - Instantiating new browser for Auth
2024-03-10 19:43:47,490 [INFO] CheckServerUpdateThread:120 - End of CheckServer Thread
2024-03-10 19:43:48,746 [INFO] WebApp:753 - Register for checkConnection events
2024-03-10 19:43:48,747 [INFO] WebApp:390 - Apply proxy settings
2024-03-10 19:43:48,747 [INFO] WebApp:475 - Chromium requires no authentication
2024-03-10 19:43:48,761 [INFO] WebApp:418 - Direct internet connection detected
2024-03-10 19:43:48,798 [WARN] PackLoader:240 - Cannot read IP mode file for STMicroelectronics.X-CUBE-SMBUS.2.1.0
2024-03-10 19:43:48,818 [WARN] PackLoader:240 - Cannot read IP mode file for STMicroelectronics.X-CUBE-TOUCHGFX.4.23.0
2024-03-10 19:43:48,888 [WARN] PackLoader:240 - Cannot read IP mode file for STMicroelectronics.X-CUBE-AZRTOS-F7.1.1.0
2024-03-10 19:43:48,917 [WARN] PackLoader:240 - Cannot read IP mode file for STMicroelectronics.FP-SNS-MOTENV1.4.3.2
2024-03-10 19:43:48,947 [WARN] PackLoader:240 - Cannot read IP mode file for STMicroelectronics.X-CUBE-BLE1.6.2.4
2024-03-10 19:43:48,955 [WARN] PackLoader:240 - Cannot read IP mode file for STMicroelectronics.FP-SNS-FLIGHT1.5.0.2
2024-03-10 19:43:48,977 [WARN] PackLoader:240 - Cannot read IP mode file for STMicroelectronics.X-CUBE-DISPLAY.3.0.0
2024-03-10 19:43:49,003 [WARN] PackLoader:240 - Cannot read IP mode file for STMicroelectronics.X-CUBE-BLE1.7.0.0
2024-03-10 19:43:49,026 [WARN] PackLoader:240 - Cannot read IP mode file for STMicroelectronics.X-CUBE-TOUCHGFX.4.22.0
2024-03-10 19:43:49,043 [WARN] PackLoader:240 - Cannot read IP mode file for STMicroelectronics.X-CUBE-TOUCHGFX.4.22.1
2024-03-10 19:43:49,058 [WARN] PackLoader:240 - Cannot read IP mode file for STMicroelectronics.X-CUBE-BLEMGR.3.1.0
2024-03-10 19:43:49,081 [WARN] PackLoader:240 - Cannot read IP mode file for STMicroelectronics.FP-SNS-SMARTAG2.1.2.0
2024-03-10 19:43:49,118 [INFO] LogOutputStream:77 - [STDOUT_REDIRECT] 1 : Invalid condition id : UX_CORESTACK_Condition cause : null
2024-03-10 19:43:49,122 [INFO] LogOutputStream:77 - [STDOUT_REDIRECT] 1 : Invalid condition id : UX_CORESTACK_Condition cause : null
2024-03-10 19:43:49,125 [INFO] LogOutputStream:77 - [STDOUT_REDIRECT] 1 : Invalid condition id : UX_CORESTACK_Condition cause : null
2024-03-10 19:43:49,126 [INFO] LogOutputStream:77 - [STDOUT_REDIRECT] 1 : Invalid condition id : UX_CORESTACK_Condition cause : null
2024-03-10 19:43:49,127 [INFO] LogOutputStream:77 - [STDOUT_REDIRECT] 1 : Invalid condition id : UX_CORESTACK_Condition cause : null
2024-03-10 19:43:49,133 [WARN] PackLoader:240 - Cannot read IP mode file for STMicroelectronics.X-CUBE-AZRTOS-WL.2.0.0
2024-03-10 19:43:49,154 [INFO] WebApp:188 - Starting web application
2024-03-10 19:43:49,155 [INFO] WebApp:520 - Web application path used C:\ST\STM32CubeIDE_1.11.2\STM32CubeIDE\plugins\com.st.stm32cube.common.mx_6.9.2.202309101412\db\plugins\mcufinder\reactClient1\index.html
2024-03-10 19:43:49,164 [WARN] PackLoader:240 - Cannot read IP mode file for WES.I-CUBE-Cesium.1.3.0
2024-03-10 19:43:49,186 [WARN] PackLoader:240 - Cannot read IP mode file for STMicroelectronics.X-CUBE-BLE2.3.3.0
2024-03-10 19:43:49,214 [WARN] PackLoader:240 - Cannot read IP mode file for STMicroelectronics.X-CUBE-TOF1.3.2.0
2024-03-10 19:43:49,244 [WARN] PackLoader:240 - Cannot read IP mode file for STMicroelectronics.X-CUBE-TOUCHGFX.4.21.1
2024-03-10 19:43:49,263 [WARN] PackLoader:240 - Cannot read IP mode file for STMicroelectronics.X-CUBE-AI.7.3.0
2024-03-10 19:43:49,284 [WARN] PackLoader:240 - Cannot read IP mode file for STMicroelectronics.X-CUBE-ALGOBUILD.1.3.0
2024-03-10 19:43:49,323 [WARN] PackLoader:240 - Cannot read IP mode file for STMicroelectronics.X-CUBE-AZRTOS-G0.1.1.0
2024-03-10 19:43:49,341 [WARN] PackLoader:240 - Cannot read IP mode file for STMicroelectronics.X-CUBE-NFC4.3.0.0
2024-03-10 19:43:49,363 [WARN] PackLoader:240 - Cannot read IP mode file for STMicroelectronics.X-CUBE-BLEMGR.3.0.0
2024-03-10 19:43:49,383 [WARN] PackLoader:240 - Cannot read IP mode file for STMicroelectronics.X-CUBE-BLEMGR.1.3.0
2024-03-10 19:43:49,390 [WARN] PackLoader:240 - Cannot read IP mode file for STMicroelectronics.FP-ATR-SIGFOX1.3.2.0
2024-03-10 19:43:49,405 [WARN] PackLoader:240 - Cannot read IP mode file for STMicroelectronics.X-CUBE-EEPRMA1.5.1.0
2024-03-10 19:43:49,481 [WARN] PackLoader:240 - Cannot read IP mode file for STMicroelectronics.X-CUBE-MEMS1.9.5.0
2024-03-10 19:43:49,698 [WARN] PackLoader:240 - Cannot read IP mode file for SEGGER.I-CUBE-embOS.1.3.1
2024-03-10 19:43:49,754 [WARN] PackLoader:240 - Cannot read IP mode file for STMicroelectronics.X-CUBE-GNSS1.6.0.0
2024-03-10 19:43:49,803 [WARN] PackLoader:240 - Cannot read IP mode file for STMicroelectronics.X-CUBE-AZRTOS-F4.1.1.0
2024-03-10 19:43:49,837 [WARN] PackLoader:240 - Cannot read IP mode file for STMicroelectronics.X-CUBE-AZRTOS-L5.2.0.0
2024-03-10 19:43:49,893 [WARN] PackLoader:240 - Cannot read IP mode file for STMicroelectronics.X-CUBE-MEMS1.9.6.0
2024-03-10 19:43:50,044 [WARN] PackLoader:240 - Cannot read IP mode file for STMicroelectronics.X-CUBE-EEPRMA1.4.2.0
2024-03-10 19:43:50,066 [WARN] PackLoader:240 - Cannot read IP mode file for ITTIA_DB.I-CUBE-ITTIADB.8.8.0
2024-03-10 19:43:50,087 [WARN] PackLoader:240 - Cannot read IP mode file for emotas.I-CUBE-CANOPEN.1.1.3
2024-03-10 19:43:50,104 [WARN] PackLoader:240 - Cannot read IP mode file for STMicroelectronics.X-CUBE-BLEMGR.2.0.0
2024-03-10 19:43:50,148 [WARN] ConditionMgr:438 - getConditionDescription Invalid condition id : UX DEVICE CLASS RTOS Condition cause : null
2024-03-10 19:43:50,148 [WARN] ConditionMgr:438 - getConditionDescription Invalid condition id : UX DEVICE CLASS RTOS Condition cause : null
2024-03-10 19:43:50,153 [WARN] PackLoader:240 - Cannot read IP mode file for STMicroelectronics.X-CUBE-AZRTOS-H7.3.1.0
2024-03-10 19:43:50,155 [WARN] ConditionMgr:1039 - genDependencies : Invalid condition id : UX DEVICE CLASS RTOS Condition cause : null
2024-03-10 19:43:50,156 [WARN] ConditionMgr:1039 - genDependencies : Invalid condition id : UX DEVICE CLASS RTOS Condition cause : null
2024-03-10 19:43:50,156 [WARN] ConditionMgr:1039 - genDependencies : Invalid condition id : UX DEVICE CLASS RTOS Condition cause : null
2024-03-10 19:43:50,157 [WARN] ConditionMgr:1039 - genDependencies : Invalid condition id : UX DEVICE CLASS RTOS Condition cause : null
2024-03-10 19:43:50,157 [WARN] ConditionMgr:1039 - genDependencies : Invalid condition id : UX DEVICE CLASS RTOS Condition cause : null
2024-03-10 19:43:50,174 [WARN] PackLoader:240 - Cannot read IP mode file for wolfSSL.I-CUBE-wolfSSL.5.5.4
2024-03-10 19:43:50,187 [WARN] PackLoader:240 - Cannot read IP mode file for STMicroelectronics.X-CUBE-NFC7.1.0.1
2024-03-10 19:43:50,201 [WARN] PackLoader:240 - Cannot read IP mode file for STMicroelectronics.X-CUBE-NFC7.1.0.0
2024-03-10 19:43:50,219 [WARN] PackLoader:240 - Cannot read IP mode file for STMicroelectronics.X-CUBE-NFC6.3.0.0
2024-03-10 19:43:50,234 [WARN] PackLoader:240 - Cannot read IP mode file for STMicroelectronics.X-CUBE-EEPRMA1.4.1.0
2024-03-10 19:43:50,250 [WARN] PackLoader:240 - Cannot read IP mode file for STMicroelectronics.X-CUBE-AI.8.1.0
2024-03-10 19:43:50,284 [WARN] ConditionMgr:438 - getConditionDescription Invalid condition id : LAN8742 Phy interface Condition cause : null
2024-03-10 19:43:50,285 [WARN] PackLoader:240 - Cannot read IP mode file for STMicroelectronics.X-CUBE-AZRTOS-L4.2.0.0
2024-03-10 19:43:50,286 [WARN] ConditionMgr:1039 - genDependencies : Invalid condition id : LAN8742 Phy interface Condition cause : null
2024-03-10 19:43:50,287 [WARN] ConditionMgr:1039 - genDependencies : Invalid condition id : LAN8742 Phy interface Condition cause : null
2024-03-10 19:43:50,287 [WARN] ConditionMgr:1039 - genDependencies : Invalid condition id : LAN8742 Phy interface Condition cause : null
2024-03-10 19:43:50,306 [WARN] PackLoader:240 - Cannot read IP mode file for STMicroelectronics.X-CUBE-SFXS2LP1.4.0.0
2024-03-10 19:43:50,343 [WARN] PackLoader:240 - Cannot read IP mode file for STMicroelectronics.X-CUBE-AZRTOS-H7.3.0.0
2024-03-10 19:43:50,362 [WARN] PackLoader:240 - Cannot read IP mode file for STMicroelectronics.X-CUBE-ISPU.1.1.0
2024-03-10 19:43:50,391 [WARN] PackLoader:240 - Cannot read IP mode file for RoweBots.I-CUBE-UNISONRTOS.5.5.0-4
2024-03-10 19:43:50,413 [WARN] PackLoader:240 - Cannot read IP mode file for STMicroelectronics.X-CUBE-AI.8.0.0
2024-03-10 19:43:50,442 [WARN] ConditionMgr:438 - getConditionDescription Invalid condition id : UX DEVICE CLASS RTOS Condition cause : null
2024-03-10 19:43:50,443 [WARN] ConditionMgr:438 - getConditionDescription Invalid condition id : UX DEVICE CLASS RTOS Condition cause : null
2024-03-10 19:43:50,444 [WARN] PackLoader:240 - Cannot read IP mode file for STMicroelectronics.X-CUBE-AZRTOS-WB.2.0.0
2024-03-10 19:43:50,445 [WARN] ConditionMgr:1039 - genDependencies : Invalid condition id : UX DEVICE CLASS RTOS Condition cause : null
2024-03-10 19:43:50,445 [WARN] ConditionMgr:1039 - genDependencies : Invalid condition id : UX DEVICE CLASS RTOS Condition cause : null
2024-03-10 19:43:50,445 [WARN] ConditionMgr:1039 - genDependencies : Invalid condition id : UX DEVICE CLASS RTOS Condition cause : null
2024-03-10 19:43:50,447 [WARN] ConditionMgr:1039 - genDependencies : Invalid condition id : UX DEVICE CLASS RTOS Condition cause : null
2024-03-10 19:43:50,447 [WARN] ConditionMgr:1039 - genDependencies : Invalid condition id : UX DEVICE CLASS RTOS Condition cause : null
2024-03-10 19:43:50,462 [WARN] PackLoader:240 - Cannot read IP mode file for STMicroelectronics.X-CUBE-FREERTOS.1.0.1
2024-03-10 19:43:50,491 [WARN] PackLoader:240 - Cannot read IP mode file for STMicroelectronics.X-CUBE-AZRTOS-L5.1.1.0
2024-03-10 19:43:50,519 [WARN] PackLoader:240 - Cannot read IP mode file for STMicroelectronics.X-CUBE-SUBG2.5.0.0
2024-03-10 19:43:50,548 [WARN] PackLoader:240 - Cannot read IP mode file for STMicroelectronics.X-CUBE-TOF1.3.3.1
2024-03-10 19:43:50,593 [WARN] PackLoader:240 - Cannot read IP mode file for STMicroelectronics.X-CUBE-AZRTOS-G4.2.0.0
2024-03-10 19:43:50,613 [WARN] PackLoader:240 - Cannot read IP mode file for STMicroelectronics.FP-ATR-ASTRA1.1.1.1
2024-03-10 19:43:50,646 [WARN] PackLoader:240 - Cannot read IP mode file for Infineon.AIROC-Wi-Fi-Bluetooth-STM32.1.5.1
2024-03-10 19:43:50,673 [WARN] PackLoader:240 - Cannot read IP mode file for STMicroelectronics.FP-SNS-MOTENVWB1.1.3.0
2024-03-10 19:43:50,679 [WARN] PackLoader:240 - Cannot read IP mode file for STMicroelectronics.FP-SNS-MOTENVWB1.1.3.1
2024-03-10 19:43:50,710 [WARN] PackLoader:240 - Cannot read IP mode file for STMicroelectronics.X-CUBE-AZRTOS-G4.1.0.0
2024-03-10 19:43:50,761 [WARN] PackLoader:240 - Cannot read IP mode file for STMicroelectronics.X-CUBE-AZRTOS-L4.1.0.0
2024-03-10 19:43:50,792 [WARN] PackLoader:240 - Cannot read IP mode file for STMicroelectronics.X-CUBE-ISPU.2.0.0
2024-03-10 19:43:50,866 [WARN] PackLoader:240 - Cannot read IP mode file for STMicroelectronics.X-CUBE-MEMS1.10.0.0
2024-03-10 19:43:51,142 [WARN] PackLoader:240 - Cannot read IP mode file for STMicroelectronics.X-CUBE-FREERTOS.1.1.0
2024-03-10 19:43:51,210 [WARN] PackLoader:240 - Cannot read IP mode file for STMicroelectronics.X-CUBE-AZRTOS-WL.1.0.0
2024-03-10 19:43:51,232 [WARN] PackLoader:240 - Cannot read IP mode file for portGmbH.I-Cube-SoM-uGOAL.1.1.0
2024-03-10 19:43:51,249 [WARN] PackLoader:240 - Cannot read IP mode file for STMicroelectronics.X-CUBE-ALS.1.0.1
2024-03-10 19:43:51,297 [WARN] PackLoader:240 - Cannot read IP mode file for STMicroelectronics.X-CUBE-AZRTOS-WB.1.1.0
2024-03-10 19:43:51,316 [WARN] PackLoader:240 - Cannot read IP mode file for STMicroelectronics.FP-ATR-ASTRA1.2.0.0
2024-03-10 19:43:51,348 [WARN] PackLoader:240 - Cannot read IP mode file for STMicroelectronics.X-CUBE-TOF1.3.4.0
2024-03-10 19:43:51,423 [WARN] PackLoader:240 - Cannot read IP mode file for STMicroelectronics.X-CUBE-TOF1.3.4.1
2024-03-10 19:43:51,461 [WARN] PackLoader:240 - Cannot read IP mode file for STMicroelectronics.X-CUBE-AZRTOS-H7.3.2.0
2024-03-10 19:43:51,464 [INFO] ThirdParty:978 - Integrity check success = true
2024-03-10 19:43:51,465 [INFO] IntegrityCheckThread:100 - exiting critical section [integrity check]
2024-03-10 19:43:51,465 [INFO] IntegrityCheckThread:103 - End integrity checks thread
2024-03-10 19:44:10,670 [ERROR] LogOutputStream:75 - [STDERR_REDIRECT] SLF4J: Failed to load class "org.slf4j.impl.StaticLoggerBinder".
2024-03-10 19:44:10,671 [ERROR] LogOutputStream:75 - [STDERR_REDIRECT] SLF4J: Defaulting to no-operation (NOP) logger implementation
2024-03-10 19:44:10,673 [ERROR] LogOutputStream:75 - [STDERR_REDIRECT] SLF4J: See http://www.slf4j.org/codes.html#StaticLoggerBinder for further details.
2024-03-10 21:34:06,934 [ERROR] LogOutputStream:75 - [STDERR_REDIRECT] 
