2023-12-24 11:19:31,219 [INFO] Activator:176 - 


2023-12-24 11:19:31,228 [INFO] Activator:177 - !SESSION log4j initialized
2023-12-24 11:19:38,175 [INFO] LogOutputStream:77 - [STDOUT_REDIRECT] 
2023-12-24 11:19:40,330 [INFO] ApplicationProperties:184 - Using Application install path: C:\ST\STM32CubeIDE_1.11.2\STM32CubeIDE\plugins\com.st.stm32cube.common.mx_6.9.2.202309101412
2023-12-24 11:19:40,361 [INFO] DbMcusXml:78 - Set database path to: C:\ST\STM32CubeIDE_1.11.2\STM32CubeIDE\plugins\com.st.stm32cube.common.mx_6.9.2.202309101412\\db\/mcu/
2023-12-24 11:19:40,363 [INFO] ApiDb:274 - Set plugin database path to: C:\ST\STM32CubeIDE_1.11.2\STM32CubeIDE\plugins\com.st.stm32cube.common.mx_6.9.2.202309101412\\db\/plugins/boardmanager/
2023-12-24 11:19:40,364 [WARN] ApiDb:259 - Overriding images path with different value:  => C:\ST\STM32CubeIDE_1.11.2\STM32CubeIDE\plugins\com.st.stm32cube.common.mx_6.9.2.202309101412\\db\/plugins/mcufinder/images/
2023-12-24 11:19:40,388 [INFO] ApiDb:250 - Set database path to: C:\Users\erkan\.stmcufinder\plugins\mcufinder//mcu/
2023-12-24 11:19:40,390 [INFO] DbMcusAds:125 - Set database path to: C:\Users\erkan\.stmcufinder\plugins\mcufinder//mcu/
2023-12-24 11:19:40,392 [INFO] CrossReferenceDbSqlite:203 - Set database path to: C:\Users\erkan\.stmcufinder\plugins\mcufinder//mcu/cs/
2023-12-24 11:19:40,524 [INFO] RulesReader:64 - Compatibility file has been processed (293 Rules)
2023-12-24 11:19:40,624 [INFO] DbMcusXml:78 - Set database path to: C:\ST\STM32CubeIDE_1.11.2\STM32CubeIDE\plugins\com.st.stm32cube.common.mx_6.9.2.202309101412\\db\/mcu/
2023-12-24 11:19:40,625 [INFO] ApiDb:274 - Set plugin database path to: C:\ST\STM32CubeIDE_1.11.2\STM32CubeIDE\plugins\com.st.stm32cube.common.mx_6.9.2.202309101412\\db\/plugins/boardmanager/
2023-12-24 11:19:40,625 [INFO] ApiDb:261 - Set plugin images path to: C:\ST\STM32CubeIDE_1.11.2\STM32CubeIDE\plugins\com.st.stm32cube.common.mx_6.9.2.202309101412\\db\/plugins/mcufinder/images/
2023-12-24 11:19:40,625 [WARN] DbFile:41 - Overriding database path with different value: C:\Users\erkan\.stmcufinder\plugins\mcufinder/ => C:\Users\erkan\.stmcufinder\plugins\mcufinder
2023-12-24 11:19:40,625 [INFO] ApiDb:250 - Set database path to: C:\Users\erkan\.stmcufinder\plugins\mcufinder//mcu/
2023-12-24 11:19:40,625 [WARN] DbFile:41 - Overriding database path with different value: C:\Users\erkan\.stmcufinder\plugins\mcufinder/ => C:\Users\erkan\.stmcufinder\plugins\mcufinder
2023-12-24 11:19:40,625 [INFO] DbMcusAds:125 - Set database path to: C:\Users\erkan\.stmcufinder\plugins\mcufinder//mcu/
2023-12-24 11:19:40,625 [WARN] DbFile:41 - Overriding database path with different value: C:\Users\erkan\.stmcufinder\plugins\mcufinder/ => C:\Users\erkan\.stmcufinder\plugins\mcufinder
2023-12-24 11:19:40,625 [WARN] DbFile:41 - Overriding database path with different value: C:\Users\erkan\.stmcufinder\plugins\mcufinder/ => C:\Users\erkan\.stmcufinder\plugins\mcufinder
2023-12-24 11:19:40,625 [INFO] CrossReferenceDbSqlite:203 - Set database path to: C:\Users\erkan\.stmcufinder\plugins\mcufinder//mcu/cs/
2023-12-24 11:19:40,731 [INFO] MainPanel:262 - HeapMemory: 268435456
2023-12-24 11:19:40,862 [INFO] DbMcusXml:78 - Set database path to: C:\ST\STM32CubeIDE_1.11.2\STM32CubeIDE\plugins\com.st.stm32cube.common.mx_6.9.2.202309101412\\db\/mcu/
2023-12-24 11:19:40,862 [INFO] ApiDb:274 - Set plugin database path to: C:\ST\STM32CubeIDE_1.11.2\STM32CubeIDE\plugins\com.st.stm32cube.common.mx_6.9.2.202309101412\\db\/plugins/boardmanager/
2023-12-24 11:19:40,862 [INFO] ApiDb:261 - Set plugin images path to: C:\ST\STM32CubeIDE_1.11.2\STM32CubeIDE\plugins\com.st.stm32cube.common.mx_6.9.2.202309101412\\db\/plugins/mcufinder/images/
2023-12-24 11:19:40,863 [WARN] DbFile:41 - Overriding database path with different value: C:\Users\erkan\.stmcufinder\plugins\mcufinder/ => C:\Users\erkan\.stmcufinder\plugins\mcufinder
2023-12-24 11:19:40,863 [INFO] ApiDb:250 - Set database path to: C:\Users\erkan\.stmcufinder\plugins\mcufinder//mcu/
2023-12-24 11:19:40,863 [WARN] DbFile:41 - Overriding database path with different value: C:\Users\erkan\.stmcufinder\plugins\mcufinder/ => C:\Users\erkan\.stmcufinder\plugins\mcufinder
2023-12-24 11:19:40,863 [INFO] DbMcusAds:125 - Set database path to: C:\Users\erkan\.stmcufinder\plugins\mcufinder//mcu/
2023-12-24 11:19:40,863 [WARN] DbFile:41 - Overriding database path with different value: C:\Users\erkan\.stmcufinder\plugins\mcufinder/ => C:\Users\erkan\.stmcufinder\plugins\mcufinder
2023-12-24 11:19:40,863 [WARN] DbFile:41 - Overriding database path with different value: C:\Users\erkan\.stmcufinder\plugins\mcufinder/ => C:\Users\erkan\.stmcufinder\plugins\mcufinder
2023-12-24 11:19:40,863 [INFO] CrossReferenceDbSqlite:203 - Set database path to: C:\Users\erkan\.stmcufinder\plugins\mcufinder//mcu/cs/
2023-12-24 11:19:40,887 [INFO] ApplicationProperties:184 - Using Application install path: C:\ST\STM32CubeIDE_1.11.2\STM32CubeIDE\plugins\com.st.stm32cube.common.mx_6.9.2.202309101412
2023-12-24 11:19:40,888 [INFO] PluginManage:196 - Search for loadable plugins [exclusion list=, ]
2023-12-24 11:19:40,890 [INFO] PluginManage:310 - Check plugin analytics
2023-12-24 11:19:41,090 [INFO] AnalyticsPlugin:253 - Accepted Software Licenses: STM32CubeMX.6.9.2
2023-12-24 11:19:41,090 [INFO] AnalyticsPlugin:255 - Accepted CMSIS Pack Licenses: 
2023-12-24 11:19:41,090 [INFO] AnalyticsPlugin:257 - Accepted Firmware Licenses: 
2023-12-24 11:19:41,092 [INFO] PluginManage:359 - Loaded plugin analytics (category:tool,tabindex:-1)
2023-12-24 11:19:41,093 [INFO] PluginManage:310 - Check plugin cadmodel
2023-12-24 11:19:41,112 [INFO] CADModel:105 - Init CAD model plugin
2023-12-24 11:19:41,112 [INFO] PluginManage:359 - Loaded plugin cadmodel (category:power,tabindex:5)
2023-12-24 11:19:41,112 [INFO] PluginManage:310 - Check plugin clock
2023-12-24 11:19:41,138 [INFO] PluginManage:359 - Loaded plugin clock (category:base,tabindex:2)
2023-12-24 11:19:41,138 [INFO] PluginManage:310 - Check plugin ddr
2023-12-24 11:19:41,144 [INFO] PluginManage:359 - Loaded plugin ddr (category:tool,tabindex:6)
2023-12-24 11:19:41,144 [INFO] PluginManage:310 - Check plugin filemanager
2023-12-24 11:19:41,312 [INFO] PluginManage:359 - Loaded plugin filemanager (category:base,tabindex:10)
2023-12-24 11:19:41,312 [INFO] PluginManage:310 - Check plugin ipmanager
2023-12-24 11:19:41,344 [INFO] PluginManage:359 - Loaded plugin ipmanager (category:base,tabindex:5)
2023-12-24 11:19:41,344 [INFO] PluginManage:310 - Check plugin lpbam
2023-12-24 11:19:41,363 [INFO] PluginManage:359 - Loaded plugin lpbam (category:base,tabindex:0)
2023-12-24 11:19:41,364 [INFO] PluginManage:310 - Check plugin memorymap
2023-12-24 11:19:41,396 [INFO] PluginManage:359 - Loaded plugin memorymap (category:base,tabindex:4)
2023-12-24 11:19:41,396 [INFO] PluginManage:310 - Check plugin pinoutandconfiguration
2023-12-24 11:19:41,416 [INFO] PluginManage:359 - Loaded plugin pinoutandconfiguration (category:base,tabindex:1)
2023-12-24 11:19:41,417 [INFO] PluginManage:310 - Check plugin pinoutconfig
2023-12-24 11:19:41,548 [WARN] SupportedApi:132 - Cannot load RTOS API schema: s4s-elt-must-match.1: The content of 'definitions' must match (annotation?, (simpleType | complexType)?, (unique | key | keyref)*)). A problem was found starting at: attribute.
2023-12-24 11:19:41,700 [INFO] PluginManage:359 - Loaded plugin pinoutconfig (category:base,tabindex:0)
2023-12-24 11:19:41,700 [INFO] PluginManage:310 - Check plugin power
2023-12-24 11:19:41,721 [INFO] PluginManage:359 - Loaded plugin power (category:power,tabindex:4)
2023-12-24 11:19:41,721 [INFO] PluginManage:310 - Check plugin projectmanager
2023-12-24 11:19:41,737 [INFO] PluginManage:359 - Loaded plugin projectmanager (category:projectmanager,tabindex:3)
2023-12-24 11:19:41,737 [INFO] PluginManage:310 - Check plugin thirdparty
2023-12-24 11:19:42,026 [WARN] IntegrityCheckThread:84 - waiting for thirdparty lock release [integrity check]
2023-12-24 11:19:42,026 [INFO] PluginManage:359 - Loaded plugin thirdparty (category:base,tabindex:-1)
2023-12-24 11:19:42,026 [INFO] IntegrityCheckThread:86 - entering critical section [integrity check]
2023-12-24 11:19:42,026 [INFO] PluginManage:310 - Check plugin tools
2023-12-24 11:19:42,027 [INFO] ThirdPartyUpdaterWithRetryManager:70 - Updater plugin not ready yet. [1/15]
2023-12-24 11:19:42,059 [INFO] PluginManage:359 - Loaded plugin tools (category:base,tabindex:7)
2023-12-24 11:19:42,060 [INFO] PluginManage:310 - Check plugin tutovideos
2023-12-24 11:19:42,278 [INFO] PluginManage:359 - Loaded plugin tutovideos (category:base,tabindex:-1)
2023-12-24 11:19:42,278 [INFO] PluginManage:310 - Check plugin updater
2023-12-24 11:19:42,289 [INFO] PluginManage:359 - Loaded plugin updater (category:base,tabindex:12)
2023-12-24 11:19:42,289 [INFO] PluginManage:310 - Check plugin userauth
2023-12-24 11:19:42,296 [INFO] UserAuth:113 - Init User Auth plugin
2023-12-24 11:19:42,297 [INFO] PluginManage:359 - Loaded plugin userauth (category:base,tabindex:14)
2023-12-24 11:19:42,297 [INFO] PluginManage:283 - PluginManage : Loaded plugins [17]
2023-12-24 11:19:42,542 [INFO] PinOutPanel:1499 - setPackage(No Configuration,No Configuration)
2023-12-24 11:19:42,698 [INFO] CADModel:165 - CPN selected for project level
2023-12-24 11:19:42,698 [INFO] CADModel:114 - Register for checkConnection events
2023-12-24 11:19:42,725 [INFO] IPUIPlugin:80 - create IPUIPlugin
2023-12-24 11:19:42,725 [INFO] PluginManager:220 - loadIPPluginJar : add adc
2023-12-24 11:19:42,757 [INFO] IPUIPlugin:80 - create IPUIPlugin
2023-12-24 11:19:42,758 [INFO] PluginManager:220 - loadIPPluginJar : add aes
2023-12-24 11:19:42,797 [INFO] IPUIPlugin:80 - create IPUIPlugin
2023-12-24 11:19:42,797 [INFO] PluginManager:220 - loadIPPluginJar : add can
2023-12-24 11:19:42,820 [INFO] IPUIPlugin:80 - create IPUIPlugin
2023-12-24 11:19:42,820 [INFO] PluginManager:220 - loadIPPluginJar : add comp
2023-12-24 11:19:42,852 [INFO] IPUIPlugin:80 - create IPUIPlugin
2023-12-24 11:19:42,852 [INFO] PluginManager:220 - loadIPPluginJar : add cryp
2023-12-24 11:19:42,882 [INFO] IPUIPlugin:80 - create IPUIPlugin
2023-12-24 11:19:42,882 [INFO] PluginManager:220 - loadIPPluginJar : add dfsdm
2023-12-24 11:19:42,896 [INFO] IPUIPlugin:80 - create IPUIPlugin
2023-12-24 11:19:42,897 [INFO] PluginManager:220 - loadIPPluginJar : add dma
2023-12-24 11:19:42,937 [INFO] IPUIPlugin:80 - create IPUIPlugin
2023-12-24 11:19:42,937 [INFO] PluginManager:220 - loadIPPluginJar : add dma3
2023-12-24 11:19:42,958 [INFO] IPUIPlugin:80 - create IPUIPlugin
2023-12-24 11:19:42,958 [INFO] PluginManager:220 - loadIPPluginJar : add fatfs
2023-12-24 11:19:43,012 [INFO] IPUIPlugin:80 - create IPUIPlugin
2023-12-24 11:19:43,012 [INFO] PluginManager:220 - loadIPPluginJar : add fmc
2023-12-24 11:19:43,029 [INFO] IPUIPlugin:80 - create IPUIPlugin
2023-12-24 11:19:43,029 [INFO] PluginManager:220 - loadIPPluginJar : add freertos
2023-12-24 11:19:43,053 [INFO] IPUIPlugin:80 - create IPUIPlugin
2023-12-24 11:19:43,054 [INFO] PluginManager:220 - loadIPPluginJar : add genericplugin
2023-12-24 11:19:43,157 [INFO] IPUIPlugin:80 - create IPUIPlugin
2023-12-24 11:19:43,157 [INFO] PluginManager:220 - loadIPPluginJar : add gfxmmu
2023-12-24 11:19:43,290 [INFO] IPUIPlugin:80 - create IPUIPlugin
2023-12-24 11:19:43,291 [INFO] PluginManager:220 - loadIPPluginJar : add gic
2023-12-24 11:19:43,305 [INFO] IPUIPlugin:80 - create IPUIPlugin
2023-12-24 11:19:43,305 [INFO] PluginManager:220 - loadIPPluginJar : add gpio
2023-12-24 11:19:43,398 [INFO] IPUIPlugin:80 - create IPUIPlugin
2023-12-24 11:19:43,398 [INFO] PluginManager:220 - loadIPPluginJar : add gtzc
2023-12-24 11:19:43,429 [INFO] IPUIPlugin:80 - create IPUIPlugin
2023-12-24 11:19:43,429 [INFO] PluginManager:220 - loadIPPluginJar : add hash
2023-12-24 11:19:43,478 [INFO] IPUIPlugin:80 - create IPUIPlugin
2023-12-24 11:19:43,478 [INFO] PluginManager:220 - loadIPPluginJar : add i2c
2023-12-24 11:19:43,523 [INFO] IPUIPlugin:80 - create IPUIPlugin
2023-12-24 11:19:43,523 [INFO] PluginManager:220 - loadIPPluginJar : add i2s
2023-12-24 11:19:43,593 [INFO] IPUIPlugin:80 - create IPUIPlugin
2023-12-24 11:19:43,593 [INFO] PluginManager:220 - loadIPPluginJar : add i3c
2023-12-24 11:19:43,717 [INFO] IPUIPlugin:80 - create IPUIPlugin
2023-12-24 11:19:43,717 [INFO] PluginManager:220 - loadIPPluginJar : add ipddr
2023-12-24 11:19:43,816 [INFO] IPUIPlugin:80 - create IPUIPlugin
2023-12-24 11:19:43,816 [INFO] PluginManager:220 - loadIPPluginJar : add linkedlist
2023-12-24 11:19:43,851 [INFO] IPUIPlugin:80 - create IPUIPlugin
2023-12-24 11:19:43,851 [INFO] PluginManager:220 - loadIPPluginJar : add lorawan
2023-12-24 11:19:43,884 [INFO] IPUIPlugin:80 - create IPUIPlugin
2023-12-24 11:19:43,884 [INFO] PluginManager:220 - loadIPPluginJar : add ltdc
2023-12-24 11:19:43,905 [INFO] IPUIPlugin:80 - create IPUIPlugin
2023-12-24 11:19:43,905 [INFO] PluginManager:220 - loadIPPluginJar : add mdma
2023-12-24 11:19:43,917 [INFO] IPUIPlugin:80 - create IPUIPlugin
2023-12-24 11:19:43,917 [INFO] PluginManager:220 - loadIPPluginJar : add nvic
2023-12-24 11:19:43,951 [INFO] IPUIPlugin:80 - create IPUIPlugin
2023-12-24 11:19:43,951 [INFO] PluginManager:220 - loadIPPluginJar : add opamp
2023-12-24 11:19:44,005 [INFO] IPUIPlugin:80 - create IPUIPlugin
2023-12-24 11:19:44,006 [INFO] PluginManager:220 - loadIPPluginJar : add openamp
2023-12-24 11:19:44,045 [INFO] IPUIPlugin:80 - create IPUIPlugin
2023-12-24 11:19:44,045 [INFO] PluginManager:220 - loadIPPluginJar : add pdm2pcm
2023-12-24 11:19:44,059 [INFO] IPUIPlugin:80 - create IPUIPlugin
2023-12-24 11:19:44,061 [INFO] PluginManager:220 - loadIPPluginJar : add plateformsettings
2023-12-24 11:19:44,082 [INFO] IPUIPlugin:80 - create IPUIPlugin
2023-12-24 11:19:44,082 [INFO] PluginManager:220 - loadIPPluginJar : add quadspi
2023-12-24 11:19:44,094 [INFO] IPUIPlugin:80 - create IPUIPlugin
2023-12-24 11:19:44,094 [INFO] PluginManager:220 - loadIPPluginJar : add resmgrutility
2023-12-24 11:19:44,139 [INFO] IPUIPlugin:80 - create IPUIPlugin
2023-12-24 11:19:44,139 [INFO] PluginManager:220 - loadIPPluginJar : add sai
2023-12-24 11:19:44,173 [INFO] IPUIPlugin:80 - create IPUIPlugin
2023-12-24 11:19:44,173 [INFO] PluginManager:220 - loadIPPluginJar : add spi
2023-12-24 11:19:44,225 [INFO] IPUIPlugin:80 - create IPUIPlugin
2023-12-24 11:19:44,226 [INFO] PluginManager:220 - loadIPPluginJar : add stm32_wpan
2023-12-24 11:19:44,248 [INFO] IPUIPlugin:80 - create IPUIPlugin
2023-12-24 11:19:44,248 [INFO] PluginManager:220 - loadIPPluginJar : add tim
2023-12-24 11:19:44,298 [INFO] IPUIPlugin:80 - create IPUIPlugin
2023-12-24 11:19:44,298 [INFO] PluginManager:220 - loadIPPluginJar : add touchsensing
2023-12-24 11:19:44,319 [INFO] IPUIPlugin:80 - create IPUIPlugin
2023-12-24 11:19:44,319 [INFO] PluginManager:220 - loadIPPluginJar : add tracer_emb
2023-12-24 11:19:44,340 [INFO] IPUIPlugin:80 - create IPUIPlugin
2023-12-24 11:19:44,340 [INFO] PluginManager:220 - loadIPPluginJar : add ts
2023-12-24 11:19:44,360 [INFO] IPUIPlugin:80 - create IPUIPlugin
2023-12-24 11:19:44,360 [INFO] PluginManager:220 - loadIPPluginJar : add tsc
2023-12-24 11:19:44,380 [INFO] IPUIPlugin:80 - create IPUIPlugin
2023-12-24 11:19:44,380 [INFO] PluginManager:220 - loadIPPluginJar : add ucpd
2023-12-24 11:19:44,421 [INFO] IPUIPlugin:80 - create IPUIPlugin
2023-12-24 11:19:44,421 [INFO] PluginManager:220 - loadIPPluginJar : add usart
2023-12-24 11:19:44,460 [INFO] IPUIPlugin:80 - create IPUIPlugin
2023-12-24 11:19:44,460 [INFO] PluginManager:220 - loadIPPluginJar : add usbx
2023-12-24 11:19:44,586 [INFO] CADModel:165 - CPN selected for project level
2023-12-24 11:19:44,586 [INFO] CADModel:114 - Register for checkConnection events
2023-12-24 11:19:44,587 [FATAL] Updater:308 - Updater called before beeing initialized
2023-12-24 11:19:44,587 [ERROR] CADModel:125 - Updater not yet initialized, retry later 
2023-12-24 11:19:44,760 [INFO] CADModel:165 - CPN selected for project level
2023-12-24 11:19:44,760 [INFO] CADModel:114 - Register for checkConnection events
2023-12-24 11:19:44,760 [FATAL] Updater:308 - Updater called before beeing initialized
2023-12-24 11:19:44,761 [ERROR] CADModel:125 - Updater not yet initialized, retry later 
2023-12-24 11:19:44,764 [FATAL] Updater:308 - Updater called before beeing initialized
2023-12-24 11:19:44,882 [FATAL] Updater:308 - Updater called before beeing initialized
2023-12-24 11:19:44,892 [INFO] DbMcusAds:53 - JSON generation date=Wed Nov 29 11:52:27 CET 2023 (1701255147349)
2023-12-24 11:19:44,892 [FATAL] Updater:308 - Updater called before beeing initialized
2023-12-24 11:19:44,969 [WARN] DetailPanel:346 - Failed to get advertising image, set to default
2023-12-24 11:19:45,031 [INFO] ThirdPartyUpdaterWithRetryManager:70 - Updater plugin not ready yet. [2/15]
2023-12-24 11:19:45,067 [FATAL] Updater:308 - Updater called before beeing initialized
2023-12-24 11:19:45,069 [FATAL] Updater:308 - Updater called before beeing initialized
2023-12-24 11:19:45,069 [FATAL] Updater:308 - Updater called before beeing initialized
2023-12-24 11:19:45,069 [WARN] DetailPanel:346 - Failed to get advertising image, set to default
2023-12-24 11:19:45,069 [FATAL] Updater:308 - Updater called before beeing initialized
2023-12-24 11:19:45,127 [ERROR] Updater:1120 - MainUpdater not yet initialized. External WinMGr cannot be set.
2023-12-24 11:19:45,138 [INFO] Updater:1056 - Updater Version found : 6.9.2
2023-12-24 11:19:45,157 [INFO] ApplicationProperties:184 - Using Application install path: C:\ST\STM32CubeIDE_1.11.2\STM32CubeIDE\plugins\com.st.stm32cube.common.mx_6.9.2.202309101412
2023-12-24 11:19:45,754 [INFO] MainUpdater:2868 - connection check result : 10
2023-12-24 11:19:45,755 [INFO] MainUpdater:3562 - Updater definition file requires update
2023-12-24 11:19:45,757 [INFO] MainUpdater:285 - Updater Check For Update Now.
2023-12-24 11:19:45,757 [INFO] MicroXplorer:498 - Change Database Version : DB.6.0.92
2023-12-24 11:19:45,774 [INFO] McuFinderGlobals:63 - Set McuFinder mode to 2 (CubeIDE integrated)
2023-12-24 11:19:45,774 [INFO] UserAuth:179 - activating auth plugin
2023-12-24 11:19:45,777 [INFO] UserAuth:393 - Internet connection configuration mode: 1
2023-12-24 11:19:45,806 [INFO] JxBrowserEngine:151 - Initiate JxBrowser Engine with user profile folder
2023-12-24 11:19:45,892 [INFO] ServerAccessManage:473 - Download File updaters.zip
2023-12-24 11:19:46,174 [INFO] FileExtend:240 - Unzip File : updaters.zip
2023-12-24 11:19:46,174 [INFO] FileExtend:255 - Standard Zip Deflate
2023-12-24 11:19:47,142 [INFO] ServerAccessManage:473 - Download File PacksControlFlags.xml
2023-12-24 11:19:47,423 [INFO] ServerAccessManage:473 - Download File cubemx.pidx
2023-12-24 11:19:47,524 [INFO] LoadServerUpdatesThread:373 - End of LoadServerUpdate Thread
2023-12-24 11:19:47,683 [INFO] CheckServerUpdateThread:120 - End of CheckServer Thread
2023-12-24 11:19:48,345 [WARN] PackLoader:240 - Cannot read IP mode file for STMicroelectronics.X-CUBE-SMBUS.2.1.0
2023-12-24 11:19:48,390 [WARN] PackLoader:240 - Cannot read IP mode file for STMicroelectronics.X-CUBE-TOUCHGFX.4.23.0
2023-12-24 11:19:48,463 [WARN] PackLoader:240 - Cannot read IP mode file for STMicroelectronics.X-CUBE-AZRTOS-F7.1.1.0
2023-12-24 11:19:48,487 [WARN] PackLoader:240 - Cannot read IP mode file for STMicroelectronics.FP-SNS-MOTENV1.4.3.2
2023-12-24 11:19:48,514 [WARN] PackLoader:240 - Cannot read IP mode file for STMicroelectronics.X-CUBE-BLE1.6.2.4
2023-12-24 11:19:48,535 [WARN] PackLoader:240 - Cannot read IP mode file for STMicroelectronics.FP-SNS-FLIGHT1.5.0.2
2023-12-24 11:19:48,553 [WARN] PackLoader:240 - Cannot read IP mode file for STMicroelectronics.X-CUBE-DISPLAY.3.0.0
2023-12-24 11:19:48,573 [WARN] PackLoader:240 - Cannot read IP mode file for STMicroelectronics.X-CUBE-BLE1.7.0.0
2023-12-24 11:19:48,587 [WARN] PackLoader:240 - Cannot read IP mode file for STMicroelectronics.X-CUBE-TOUCHGFX.4.22.0
2023-12-24 11:19:48,601 [WARN] PackLoader:240 - Cannot read IP mode file for STMicroelectronics.X-CUBE-TOUCHGFX.4.22.1
2023-12-24 11:19:48,616 [WARN] PackLoader:240 - Cannot read IP mode file for STMicroelectronics.FP-SNS-SMARTAG2.1.2.0
2023-12-24 11:19:48,643 [INFO] LogOutputStream:77 - [STDOUT_REDIRECT] 1 : Invalid condition id : UX_CORESTACK_Condition cause : null
2023-12-24 11:19:48,643 [INFO] LogOutputStream:77 - [STDOUT_REDIRECT] 1 : Invalid condition id : UX_CORESTACK_Condition cause : null
2023-12-24 11:19:48,645 [INFO] LogOutputStream:77 - [STDOUT_REDIRECT] 1 : Invalid condition id : UX_CORESTACK_Condition cause : null
2023-12-24 11:19:48,646 [INFO] LogOutputStream:77 - [STDOUT_REDIRECT] 1 : Invalid condition id : UX_CORESTACK_Condition cause : null
2023-12-24 11:19:48,647 [INFO] LogOutputStream:77 - [STDOUT_REDIRECT] 1 : Invalid condition id : UX_CORESTACK_Condition cause : null
2023-12-24 11:19:48,653 [WARN] PackLoader:240 - Cannot read IP mode file for STMicroelectronics.X-CUBE-AZRTOS-WL.2.0.0
2023-12-24 11:19:48,675 [WARN] PackLoader:240 - Cannot read IP mode file for WES.I-CUBE-Cesium.1.3.0
2023-12-24 11:19:48,691 [WARN] PackLoader:240 - Cannot read IP mode file for STMicroelectronics.X-CUBE-BLE2.3.3.0
2023-12-24 11:19:48,719 [WARN] PackLoader:240 - Cannot read IP mode file for STMicroelectronics.X-CUBE-TOF1.3.2.0
2023-12-24 11:19:48,745 [WARN] PackLoader:240 - Cannot read IP mode file for STMicroelectronics.X-CUBE-TOUCHGFX.4.21.1
2023-12-24 11:19:48,763 [WARN] PackLoader:240 - Cannot read IP mode file for STMicroelectronics.X-CUBE-AI.7.3.0
2023-12-24 11:19:48,782 [WARN] PackLoader:240 - Cannot read IP mode file for STMicroelectronics.X-CUBE-ALGOBUILD.1.3.0
2023-12-24 11:19:48,831 [WARN] PackLoader:240 - Cannot read IP mode file for STMicroelectronics.X-CUBE-AZRTOS-G0.1.1.0
2023-12-24 11:19:48,861 [WARN] PackLoader:240 - Cannot read IP mode file for STMicroelectronics.X-CUBE-NFC4.3.0.0
2023-12-24 11:19:48,937 [WARN] PackLoader:240 - Cannot read IP mode file for STMicroelectronics.X-CUBE-BLEMGR.3.0.0
2023-12-24 11:19:48,956 [WARN] PackLoader:240 - Cannot read IP mode file for STMicroelectronics.X-CUBE-BLEMGR.1.3.0
2023-12-24 11:19:48,971 [WARN] PackLoader:240 - Cannot read IP mode file for STMicroelectronics.FP-ATR-SIGFOX1.3.2.0
2023-12-24 11:19:49,021 [WARN] PackLoader:240 - Cannot read IP mode file for STMicroelectronics.X-CUBE-MEMS1.9.5.0
2023-12-24 11:19:49,094 [INFO] WebApp:157 - Instantiating new browser for Auth
2023-12-24 11:19:49,234 [WARN] PackLoader:240 - Cannot read IP mode file for SEGGER.I-CUBE-embOS.1.3.1
2023-12-24 11:19:49,286 [WARN] PackLoader:240 - Cannot read IP mode file for STMicroelectronics.X-CUBE-GNSS1.6.0.0
2023-12-24 11:19:49,326 [WARN] PackLoader:240 - Cannot read IP mode file for STMicroelectronics.X-CUBE-AZRTOS-F4.1.1.0
2023-12-24 11:19:49,362 [WARN] PackLoader:240 - Cannot read IP mode file for STMicroelectronics.X-CUBE-AZRTOS-L5.2.0.0
2023-12-24 11:19:49,430 [WARN] PackLoader:240 - Cannot read IP mode file for STMicroelectronics.X-CUBE-MEMS1.9.6.0
2023-12-24 11:19:49,582 [WARN] PackLoader:240 - Cannot read IP mode file for STMicroelectronics.X-CUBE-EEPRMA1.4.2.0
2023-12-24 11:19:49,599 [WARN] PackLoader:240 - Cannot read IP mode file for ITTIA_DB.I-CUBE-ITTIADB.8.8.0
2023-12-24 11:19:49,620 [WARN] PackLoader:240 - Cannot read IP mode file for emotas.I-CUBE-CANOPEN.1.1.3
2023-12-24 11:19:49,640 [WARN] PackLoader:240 - Cannot read IP mode file for STMicroelectronics.X-CUBE-BLEMGR.2.0.0
2023-12-24 11:19:49,690 [WARN] ConditionMgr:438 - getConditionDescription Invalid condition id : UX DEVICE CLASS RTOS Condition cause : null
2023-12-24 11:19:49,690 [WARN] ConditionMgr:438 - getConditionDescription Invalid condition id : UX DEVICE CLASS RTOS Condition cause : null
2023-12-24 11:19:49,693 [WARN] PackLoader:240 - Cannot read IP mode file for STMicroelectronics.X-CUBE-AZRTOS-H7.3.1.0
2023-12-24 11:19:49,695 [WARN] ConditionMgr:1039 - genDependencies : Invalid condition id : UX DEVICE CLASS RTOS Condition cause : null
2023-12-24 11:19:49,695 [WARN] ConditionMgr:1039 - genDependencies : Invalid condition id : UX DEVICE CLASS RTOS Condition cause : null
2023-12-24 11:19:49,696 [WARN] ConditionMgr:1039 - genDependencies : Invalid condition id : UX DEVICE CLASS RTOS Condition cause : null
2023-12-24 11:19:49,697 [WARN] ConditionMgr:1039 - genDependencies : Invalid condition id : UX DEVICE CLASS RTOS Condition cause : null
2023-12-24 11:19:49,697 [WARN] ConditionMgr:1039 - genDependencies : Invalid condition id : UX DEVICE CLASS RTOS Condition cause : null
2023-12-24 11:19:49,716 [WARN] PackLoader:240 - Cannot read IP mode file for wolfSSL.I-CUBE-wolfSSL.5.5.4
2023-12-24 11:19:49,734 [WARN] PackLoader:240 - Cannot read IP mode file for STMicroelectronics.X-CUBE-NFC7.1.0.1
2023-12-24 11:19:49,747 [WARN] PackLoader:240 - Cannot read IP mode file for STMicroelectronics.X-CUBE-NFC7.1.0.0
2023-12-24 11:19:49,771 [WARN] PackLoader:240 - Cannot read IP mode file for STMicroelectronics.X-CUBE-NFC6.3.0.0
2023-12-24 11:19:49,787 [WARN] PackLoader:240 - Cannot read IP mode file for STMicroelectronics.X-CUBE-EEPRMA1.4.1.0
2023-12-24 11:19:49,804 [WARN] PackLoader:240 - Cannot read IP mode file for STMicroelectronics.X-CUBE-AI.8.1.0
2023-12-24 11:19:49,846 [WARN] ConditionMgr:438 - getConditionDescription Invalid condition id : LAN8742 Phy interface Condition cause : null
2023-12-24 11:19:49,847 [WARN] PackLoader:240 - Cannot read IP mode file for STMicroelectronics.X-CUBE-AZRTOS-L4.2.0.0
2023-12-24 11:19:49,849 [WARN] ConditionMgr:1039 - genDependencies : Invalid condition id : LAN8742 Phy interface Condition cause : null
2023-12-24 11:19:49,849 [WARN] ConditionMgr:1039 - genDependencies : Invalid condition id : LAN8742 Phy interface Condition cause : null
2023-12-24 11:19:49,850 [WARN] ConditionMgr:1039 - genDependencies : Invalid condition id : LAN8742 Phy interface Condition cause : null
2023-12-24 11:19:49,870 [WARN] PackLoader:240 - Cannot read IP mode file for STMicroelectronics.X-CUBE-SFXS2LP1.4.0.0
2023-12-24 11:19:49,904 [WARN] PackLoader:240 - Cannot read IP mode file for STMicroelectronics.X-CUBE-AZRTOS-H7.3.0.0
2023-12-24 11:19:49,924 [WARN] PackLoader:240 - Cannot read IP mode file for STMicroelectronics.X-CUBE-ISPU.1.1.0
2023-12-24 11:19:49,943 [WARN] PackLoader:240 - Cannot read IP mode file for RoweBots.I-CUBE-UNISONRTOS.5.5.0-4
2023-12-24 11:19:49,952 [INFO] WebApp:753 - Register for checkConnection events
2023-12-24 11:19:49,953 [INFO] WebApp:390 - Apply proxy settings
2023-12-24 11:19:49,953 [INFO] WebApp:475 - Chromium requires no authentication
2023-12-24 11:19:49,956 [WARN] PackLoader:240 - Cannot read IP mode file for STMicroelectronics.X-CUBE-AI.8.0.0
2023-12-24 11:19:49,964 [INFO] WebApp:418 - Direct internet connection detected
2023-12-24 11:19:49,979 [WARN] ConditionMgr:438 - getConditionDescription Invalid condition id : UX DEVICE CLASS RTOS Condition cause : null
2023-12-24 11:19:49,979 [WARN] ConditionMgr:438 - getConditionDescription Invalid condition id : UX DEVICE CLASS RTOS Condition cause : null
2023-12-24 11:19:49,980 [WARN] PackLoader:240 - Cannot read IP mode file for STMicroelectronics.X-CUBE-AZRTOS-WB.2.0.0
2023-12-24 11:19:49,981 [WARN] ConditionMgr:1039 - genDependencies : Invalid condition id : UX DEVICE CLASS RTOS Condition cause : null
2023-12-24 11:19:49,981 [WARN] ConditionMgr:1039 - genDependencies : Invalid condition id : UX DEVICE CLASS RTOS Condition cause : null
2023-12-24 11:19:49,981 [WARN] ConditionMgr:1039 - genDependencies : Invalid condition id : UX DEVICE CLASS RTOS Condition cause : null
2023-12-24 11:19:49,982 [WARN] ConditionMgr:1039 - genDependencies : Invalid condition id : UX DEVICE CLASS RTOS Condition cause : null
2023-12-24 11:19:49,982 [WARN] ConditionMgr:1039 - genDependencies : Invalid condition id : UX DEVICE CLASS RTOS Condition cause : null
2023-12-24 11:19:49,995 [WARN] PackLoader:240 - Cannot read IP mode file for STMicroelectronics.X-CUBE-FREERTOS.1.0.1
2023-12-24 11:19:50,017 [WARN] PackLoader:240 - Cannot read IP mode file for STMicroelectronics.X-CUBE-AZRTOS-L5.1.1.0
2023-12-24 11:19:50,036 [WARN] PackLoader:240 - Cannot read IP mode file for STMicroelectronics.X-CUBE-SUBG2.5.0.0
2023-12-24 11:19:50,056 [WARN] PackLoader:240 - Cannot read IP mode file for STMicroelectronics.X-CUBE-TOF1.3.3.1
2023-12-24 11:19:50,086 [WARN] PackLoader:240 - Cannot read IP mode file for STMicroelectronics.X-CUBE-AZRTOS-G4.2.0.0
2023-12-24 11:19:50,125 [WARN] PackLoader:240 - Cannot read IP mode file for STMicroelectronics.FP-ATR-ASTRA1.1.1.1
2023-12-24 11:19:50,152 [WARN] PackLoader:240 - Cannot read IP mode file for Infineon.AIROC-Wi-Fi-Bluetooth-STM32.1.5.1
2023-12-24 11:19:50,169 [WARN] PackLoader:240 - Cannot read IP mode file for STMicroelectronics.FP-SNS-MOTENVWB1.1.3.0
2023-12-24 11:19:50,181 [WARN] PackLoader:240 - Cannot read IP mode file for STMicroelectronics.FP-SNS-MOTENVWB1.1.3.1
2023-12-24 11:19:50,214 [WARN] PackLoader:240 - Cannot read IP mode file for STMicroelectronics.X-CUBE-AZRTOS-G4.1.0.0
2023-12-24 11:19:50,244 [WARN] PackLoader:240 - Cannot read IP mode file for STMicroelectronics.X-CUBE-AZRTOS-L4.1.0.0
2023-12-24 11:19:50,259 [WARN] PackLoader:240 - Cannot read IP mode file for STMicroelectronics.X-CUBE-ISPU.2.0.0
2023-12-24 11:19:50,295 [INFO] WebApp:188 - Starting web application
2023-12-24 11:19:50,296 [INFO] WebApp:520 - Web application path used C:\ST\STM32CubeIDE_1.11.2\STM32CubeIDE\plugins\com.st.stm32cube.common.mx_6.9.2.202309101412\db\plugins\mcufinder\reactClient1\index.html
2023-12-24 11:19:50,307 [WARN] PackLoader:240 - Cannot read IP mode file for STMicroelectronics.X-CUBE-MEMS1.10.0.0
2023-12-24 11:19:50,418 [WARN] PackLoader:240 - Cannot read IP mode file for STMicroelectronics.X-CUBE-FREERTOS.1.1.0
2023-12-24 11:19:50,445 [WARN] PackLoader:240 - Cannot read IP mode file for STMicroelectronics.X-CUBE-AZRTOS-WL.1.0.0
2023-12-24 11:19:50,479 [WARN] PackLoader:240 - Cannot read IP mode file for portGmbH.I-Cube-SoM-uGOAL.1.1.0
2023-12-24 11:19:50,499 [WARN] PackLoader:240 - Cannot read IP mode file for STMicroelectronics.X-CUBE-ALS.1.0.1
2023-12-24 11:19:50,530 [WARN] PackLoader:240 - Cannot read IP mode file for STMicroelectronics.X-CUBE-AZRTOS-WB.1.1.0
2023-12-24 11:19:50,549 [WARN] PackLoader:240 - Cannot read IP mode file for STMicroelectronics.FP-ATR-ASTRA1.2.0.0
2023-12-24 11:19:50,570 [WARN] PackLoader:240 - Cannot read IP mode file for STMicroelectronics.X-CUBE-TOF1.3.4.0
2023-12-24 11:19:50,607 [WARN] PackLoader:240 - Cannot read IP mode file for STMicroelectronics.X-CUBE-AZRTOS-H7.3.2.0
2023-12-24 11:19:50,611 [INFO] ThirdParty:978 - Integrity check success = true
2023-12-24 11:19:50,611 [INFO] IntegrityCheckThread:100 - exiting critical section [integrity check]
2023-12-24 11:19:50,611 [INFO] IntegrityCheckThread:103 - End integrity checks thread
2023-12-24 11:20:11,272 [ERROR] LogOutputStream:75 - [STDERR_REDIRECT] SLF4J: Failed to load class "org.slf4j.impl.StaticLoggerBinder".
2023-12-24 11:20:11,272 [ERROR] LogOutputStream:75 - [STDERR_REDIRECT] SLF4J: Defaulting to no-operation (NOP) logger implementation
2023-12-24 11:20:11,273 [ERROR] LogOutputStream:75 - [STDERR_REDIRECT] SLF4J: See http://www.slf4j.org/codes.html#StaticLoggerBinder for further details.
2023-12-24 11:22:20,300 [INFO] McuFinderGlobals:63 - Set McuFinder mode to 2 (CubeIDE integrated)
2023-12-24 11:22:20,348 [INFO] MainUpdater:2868 - connection check result : 10
2023-12-24 11:22:20,356 [INFO] MainUpdater:2868 - connection check result : 10
2023-12-24 11:22:20,717 [INFO] MicroXplorer:468 - Change Database Path : 
2023-12-24 11:22:20,718 [INFO] MicroXplorer:498 - Change Database Version : DB.6.0.92
2023-12-24 11:22:20,735 [WARN] ThirdParty:871 - waiting for thirdparty lock release [close project]
2023-12-24 11:22:20,736 [INFO] ThirdParty:873 - entering critical section [close project]
2023-12-24 11:22:20,744 [INFO] ThirdParty:883 - exiting critical section [close project]
2023-12-24 11:22:20,754 [INFO] PinOutPanel:1499 - setPackage(No Configuration,No Configuration)
2023-12-24 11:22:20,798 [INFO] UtilMem:75 - Begin LoadConfig() Used Memory: 566476704 Bytes (985661440)
2023-12-24 11:22:20,803 [INFO] MicroXplorer:468 - Change Database Path : 
2023-12-24 11:22:20,803 [INFO] MicroXplorer:498 - Change Database Version : DB.6.0.92
2023-12-24 11:22:20,804 [INFO] OpenFileManager:308 - Change cursor
2023-12-24 11:22:20,903 [INFO] Mcu:1946 - Initializing MCU STM32F407V(E-G)Tx STM32F407VGTx STM32F407VGT6
2023-12-24 11:22:24,020 [INFO] Context:659 - Trying to add GPIOservice into a context  which must be forbidden
2023-12-24 11:22:24,835 [INFO] RtosManager:555 - Registered RTOS mode: class=CMSIS, group=RTOS, mode=CMSIS_V1, owner=FREERTOS
2023-12-24 11:22:24,835 [INFO] RtosManager:555 - Registered RTOS mode: class=CMSIS, group=RTOS2, mode=CMSIS_V2, owner=FREERTOS
2023-12-24 11:22:24,836 [INFO] RtosManager:555 - Registered RTOS mode: class=RTOS, group=Core, mode=CMSIS_V1, owner=FREERTOS
2023-12-24 11:22:24,836 [INFO] RtosManager:555 - Registered RTOS mode: class=RTOS, group=Core, mode=CMSIS_V2, owner=FREERTOS
2023-12-24 11:22:24,836 [WARN] ModelIntegratedComponent:184 - Missing modes for component STMicroelectronics:FreeRTOS:0.0.1:STMicroelectronics:RTOS:FreeRTOS:Core:::10.2.0:
2023-12-24 11:22:24,854 [WARN] ModelIntegratedComponent:63 - No mode defined for component null
2023-12-24 11:22:24,854 [WARN] ModelIntegratedComponent:63 - No mode defined for component null
2023-12-24 11:22:24,854 [WARN] ModelIntegratedComponent:63 - No mode defined for component null
2023-12-24 11:22:24,854 [WARN] ModelIntegratedComponent:63 - No mode defined for component null
2023-12-24 11:22:24,854 [WARN] ModelIntegratedComponent:63 - No mode defined for component null
2023-12-24 11:22:24,854 [WARN] ModelIntegratedComponent:63 - No mode defined for component null
2023-12-24 11:22:24,854 [WARN] ModelIntegratedComponent:63 - No mode defined for component null
2023-12-24 11:22:24,854 [WARN] ModelIntegratedComponent:63 - No mode defined for component null
2023-12-24 11:22:24,854 [WARN] ModelIntegratedComponent:63 - No mode defined for component null
2023-12-24 11:22:24,854 [WARN] ModelIntegratedComponent:63 - No mode defined for component null
2023-12-24 11:22:24,854 [WARN] ModelIntegratedComponent:63 - No mode defined for component null
2023-12-24 11:22:24,854 [WARN] ModelIntegratedComponent:63 - No mode defined for component null
2023-12-24 11:22:24,854 [WARN] ModelIntegratedComponent:63 - No mode defined for component null
2023-12-24 11:22:24,855 [WARN] ModelIntegratedComponent:63 - No mode defined for component null
2023-12-24 11:22:24,855 [WARN] ModelIntegratedComponent:63 - No mode defined for component null
2023-12-24 11:22:24,855 [WARN] ModelIntegratedComponent:63 - No mode defined for component null
2023-12-24 11:22:24,855 [WARN] ModelIntegratedComponent:63 - No mode defined for component null
2023-12-24 11:22:24,855 [WARN] ModelIntegratedComponent:63 - No mode defined for component null
2023-12-24 11:22:24,855 [WARN] ModelIntegratedComponent:63 - No mode defined for component null
2023-12-24 11:22:24,855 [WARN] ModelIntegratedComponent:63 - No mode defined for component null
2023-12-24 11:22:24,855 [WARN] ModelIntegratedComponent:63 - No mode defined for component null
2023-12-24 11:22:24,855 [WARN] ModelIntegratedComponent:63 - No mode defined for component null
2023-12-24 11:22:24,855 [WARN] ModelIntegratedComponent:63 - No mode defined for component null
2023-12-24 11:22:24,855 [WARN] ModelIntegratedComponent:63 - No mode defined for component null
2023-12-24 11:22:24,855 [WARN] ModelIntegratedComponent:63 - No mode defined for component null
2023-12-24 11:22:24,855 [WARN] ModelIntegratedComponent:63 - No mode defined for component null
2023-12-24 11:22:24,855 [WARN] ModelIntegratedComponent:63 - No mode defined for component null
2023-12-24 11:22:24,855 [WARN] ModelIntegratedComponent:63 - No mode defined for component null
2023-12-24 11:22:24,855 [WARN] ModelIntegratedComponent:63 - No mode defined for component null
2023-12-24 11:22:24,855 [WARN] ModelIntegratedComponent:63 - No mode defined for component null
2023-12-24 11:22:24,855 [WARN] ModelIntegratedComponent:63 - No mode defined for component null
2023-12-24 11:22:24,855 [WARN] ModelIntegratedComponent:63 - No mode defined for component null
2023-12-24 11:22:24,856 [WARN] ModelIntegratedComponent:63 - No mode defined for component null
2023-12-24 11:22:25,096 [INFO] ThirdPartyModel:298 - Start build external matchings
2023-12-24 11:22:26,532 [INFO] ThirdPartyModel:316 - End build external matchings
2023-12-24 11:22:26,572 [INFO] ImportTextPane:194 - (OptionalMessage_ERROR) IP (DMA) : Parameter (Instance) has Id (SPI2_TX) currently not set
2023-12-24 11:22:26,573 [INFO] ImportTextPane:194 - (OptionalMessage_ERROR) IP (DMA) : Parameter (Channel) has Id (SPI2_TX) currently not set
2023-12-24 11:22:26,573 [INFO] ImportTextPane:194 - (OptionalMessage_ERROR) IP (DMA) : Parameter (Direction) has Id (SPI2_TX) currently not set
2023-12-24 11:22:26,573 [INFO] ImportTextPane:194 - (OptionalMessage_ERROR) IP (DMA) : Parameter (PeriphInc) has Id (SPI2_TX) currently not set
2023-12-24 11:22:26,573 [INFO] ImportTextPane:194 - (OptionalMessage_ERROR) IP (DMA) : Parameter (MemInc) has Id (SPI2_TX) currently not set
2023-12-24 11:22:26,574 [INFO] ImportTextPane:194 - (OptionalMessage_ERROR) IP (DMA) : Parameter (PeriphDataAlignment) has Id (SPI2_TX) currently not set
2023-12-24 11:22:26,574 [INFO] ImportTextPane:194 - (OptionalMessage_ERROR) IP (DMA) : Parameter (MemDataAlignment) has Id (SPI2_TX) currently not set
2023-12-24 11:22:26,574 [INFO] ImportTextPane:194 - (OptionalMessage_ERROR) IP (DMA) : Parameter (Mode) has Id (SPI2_TX) currently not set
2023-12-24 11:22:26,574 [INFO] ImportTextPane:194 - (OptionalMessage_ERROR) IP (DMA) : Parameter (Priority) has Id (SPI2_TX) currently not set
2023-12-24 11:22:26,574 [INFO] ImportTextPane:194 - (OptionalMessage_ERROR) IP (DMA) : Parameter (FIFOMode) has Id (SPI2_TX) currently not set
2023-12-24 11:22:26,576 [INFO] ImportTextPane:194 - (OptionalMessage_ERROR) IP (RCC) : Parameter (48MHZClocksFreq_Value) has invalid value (84000000)
2023-12-24 11:22:26,578 [INFO] ImportTextPane:194 - (OptionalMessage_ERROR) IP (RCC) : Parameter (RTCHSEDivFreq_Value) has invalid value (4000000)
2023-12-24 11:22:27,115 [INFO] UtilMem:75 - End LoadConfig() Used Memory: 683069440 Bytes (1073741824)
2023-12-24 11:22:27,339 [INFO] ApiDb:581 - Connected to CubeFinder SQLite database (C:\Users\erkan\.stmcufinder\plugins\mcufinder\mcu\cube-finder-db.db)
2023-12-24 11:22:27,476 [INFO] ApiDb:668 - CubeFinder database Data Model version=2.1
2023-12-24 11:22:27,476 [INFO] ApiDb:669 - CubeFinder database Configuration version=3.0.39
2023-12-24 11:22:27,477 [INFO] ApiDb:670 - CubeFinder database generation date=2023-11-06 (1699269565)
2023-12-24 11:22:27,477 [INFO] ApiDb:671 - CubeFinder database FW Pack versions=[FP-ATR-ASTRA1_V2.0.0, FP-SNS-FLIGHT1_V5.0.1, FP-SNS-FLIGHT1_V5.0.2, FP-SNS-MOTENV1_V4.3.1, FP-SNS-MOTENV1_V4.3.2, FP-SNS-MOTENVWB1_V1.3.0, FP-SNS-SMARTAG2_V1.2.0, STM32Cube_FW_C0_V1.1.0, STM32Cube_FW_F4_V1.28.0, STM32Cube_FW_F7_V1.17.0, STM32Cube_FW_G0_V1.6.1, STM32Cube_FW_G4_V1.5.1, STM32Cube_FW_H5_V0.5.1, STM32Cube_FW_H5_V1.1.1, STM32Cube_FW_H5_V1.2.0RC2, STM32Cube_FW_H7_V1.11.0, STM32Cube_FW_L0_V1.12.2, STM32Cube_FW_L5_V1.5.0, STM32Cube_FW_U5_V1.3.0RC4, STM32Cube_FW_U5_V1.4.0, STM32Cube_FW_WBA_V1.0.0RC1, STM32Cube_FW_WBA_V1.1.0RC1, STM32Cube_FW_WBA_V1.2.0, STM32Cube_FW_WBA_V1.2.0RC2, STM32Cube_FW_WB_V1.15.0RC1, STM32Cube_FW_WB_V1.16.0, STM32Cube_FW_WB_V1.16.0RC2, STM32Cube_FW_WB_V1.18.0, STM32Cube_FW_WL_V1.3.0, X-CUBE-ALGOBUILD_V1.3.0, X-CUBE-ALS_V1.0.1, X-CUBE-AZRTOS-F4_V1.1.0, X-CUBE-AZRTOS-F7_V1.1.0, X-CUBE-AZRTOS-G0_V1.1.0, X-CUBE-AZRTOS-G4_V2.0.0, X-CUBE-AZRTOS-H7_V3.1.0, X-CUBE-AZRTOS-L4_V1.0.0, X-CUBE-AZRTOS-L4_V2.0.0, X-CUBE-AZRTOS-L5_V1.1.0, X-CUBE-AZRTOS-WB_V2.0.0, X-CUBE-AZRTOS-WL_V2.0.0, X-CUBE-BLE1_V7.0.0, X-CUBE-BLE2_V3.3.0, X-CUBE-BLEMGR_V2.0.0, X-CUBE-EEPRMA1_V4.1.0, X-CUBE-EEPRMA1_V4.2.0, X-CUBE-FREERTOS_V1.1.0, X-CUBE-GNSS1_V6.0.0, X-CUBE-MEMS1_V10.0.0, X-CUBE-MEMS1_V9.1.0, X-CUBE-MEMS1_V9.4.0, X-CUBE-MEMS1_V9.6.0, X-CUBE-NFC4_V3.0.0, X-CUBE-NFC7_V1.0.1, X-CUBE-SFXS2LP1_V4.0.0, X-CUBE-SUBG2_V5.0.0, X-CUBE-TOF1_V3.3.1]
2023-12-24 11:22:29,888 [INFO] ApiDb:240 - Found 323 in-development CPN: [B-G473E-ZEST1S, B-WB1M-WPAN1, B-WL5M-SUBG1, NUCLEO-C031C6, NUCLEO-H503RB, NUCLEO-H563ZI, NUCLEO-U545RE-Q, NUCLEO-U5A5ZJ-Q, NUCLEO-WBA52CG, STEVAL-PROTEUS1, STEVAL-SMARTAG2, STEVAL-STWINBX1, STM320518-EVAL, STM32C0116-DK, STM32C011D6Y3TR, STM32C011D6Y6TR, STM32C011F4P3, STM32C011F4P6, STM32C011F4U3, STM32C011F4U6TR, STM32C011F6P3, STM32C011F6P6, STM32C011F6U3, STM32C011F6U6TR, STM32C011J4M3, STM32C011J4M6, STM32C011J6M3, STM32C011J6M6, STM32C0316-DK, STM32C031C4T3, STM32C031C4T6, STM32C031C4U3, STM32C031C4U6, STM32C031C6T3, STM32C031C6T6, STM32C031C6U3, STM32C031C6U6, STM32C031F4P3, STM32C031F4P6, STM32C031F6P3, STM32C031F6P6, STM32C031G4U3, STM32C031G4U6, STM32C031G6U3, STM32C031G6U6, STM32C031K4T3, STM32C031K4T6, STM32C031K4U3, STM32C031K4U6, STM32C031K6T3, STM32C031K6T6, STM32C031K6U3, STM32C031K6U6, STM32G071K8TXN, STM32G071K8UXN, STM32G081GBU6N, STM32G081KBT6N, STM32G081KBUXN, STM32G0B1CCT6N, STM32G0B1KCT6, STM32G0B1NEY6TR, STM32G0B1RCT6N, STM32G0C1CCT6, STM32G0C1CCT6N, STM32G0C1CCU6N, STM32G0C1CET6N, STM32G0C1CEU6N, STM32G0C1KCT6, STM32G0C1NEY6TR, STM32G0C1RCI6N, STM32G0C1RCT6N, STM32G0C1REI6N, STM32G0C1RET6N, STM32G0C1VCI6, STM32G0C1VEI6, STM32G471CCT6, STM32G471CCU6, STM32G471CET3, STM32G471CET6, STM32G471CEU3, STM32G471CEU6, STM32G471MCT6, STM32G471MET3, STM32G471MET6, STM32G471MEY6TR, STM32G471QCT6, STM32G471QET3, STM32G471RCT6, STM32G471RET3, STM32G471RET6, STM32G471VCH6, STM32G471VCI6, STM32G471VCT6, STM32G471VEH3, STM32G471VEH6, STM32G471VEI3, STM32G471VEI6, STM32G471VET3, STM32G471VET6, STM32G474CCT6, STM32H503CBT6, STM32H503CBU6, STM32H503EBY6TR, STM32H503KBU6, STM32H503RBT6, STM32H562AGI6, STM32H562AII6, STM32H562IGK6, STM32H562IGT6, STM32H562IIK6, STM32H562IIT6, STM32H562RGT6, STM32H562RGV6, STM32H562RIT6, STM32H562RIV6, STM32H562VGT6, STM32H562VIT6, STM32H562ZGT6, STM32H562ZIT6, STM32H563AGI6, STM32H563AII3Q, STM32H563AII6, STM32H563IGK6, STM32H563IGT6, STM32H563IIK3Q, STM32H563IIK6, STM32H563IIT3Q, STM32H563IIT6, STM32H563MIY3QTR, STM32H563RGT6, STM32H563RGV6, STM32H563RIT6, STM32H563RIV6, STM32H563VGT6, STM32H563VIT3Q, STM32H563VIT6, STM32H563ZGT6, STM32H563ZIT3Q, STM32H563ZIT6, STM32H573AII3Q, STM32H573AII6, STM32H573I-DK, STM32H573IIK3Q, STM32H573IIK6, STM32H573IIT3Q, STM32H573IIT6, STM32H573MIY3QTR, STM32H573RIT6, STM32H573RIV6, STM32H573VIT3Q, STM32H573VIT6, STM32H573ZIT3Q, STM32H573ZIT6, STM32L4R5QGI6STR, STM32MP131AAE3, STM32MP131AAF3, STM32MP131AAG3, STM32MP131CAE3, STM32MP131CAF3, STM32MP131CAG3, STM32MP131DAE7, STM32MP131DAF7, STM32MP131DAG7, STM32MP131FAE7, STM32MP131FAF7, STM32MP131FAG7, STM32MP133AAE3, STM32MP133AAF3, STM32MP133AAG3, STM32MP133CAE3, STM32MP133CAF3, STM32MP133CAG3, STM32MP133DAE7, STM32MP133DAF7, STM32MP133DAG7, STM32MP133FAE7, STM32MP133FAF7, STM32MP133FAG7, STM32MP135AAE3, STM32MP135AAF3, STM32MP135AAG3, STM32MP135CAE3, STM32MP135CAF3, STM32MP135CAG3, STM32MP135DAE7, STM32MP135DAF7, STM32MP135DAG7, STM32MP135F-DK, STM32MP135FAE7, STM32MP135FAF7, STM32MP135FAF7T, STM32MP135FAF7U, STM32MP135FAG7, STM32U535CBT6, STM32U535CBT6Q, STM32U535CBU6, STM32U535CBU6Q, STM32U535CCT6, STM32U535CCT6Q, STM32U535CCU6, STM32U535CCU6Q, STM32U535CET6, STM32U535CET6Q, STM32U535CEU6, STM32U535CEU6Q, STM32U535JEY6QTR, STM32U535NCY6QTR, STM32U535NEY6QTR, STM32U535RBI6, STM32U535RBI6Q, STM32U535RBT6, STM32U535RBT6Q, STM32U535RCI6, STM32U535RCI6Q, STM32U535RCT6, STM32U535RCT6Q, STM32U535REI6, STM32U535REI6Q, STM32U535RET6, STM32U535RET6Q, STM32U535VCI6, STM32U535VCI6Q, STM32U535VCT6, STM32U535VCT6Q, STM32U535VEI6, STM32U535VEI6Q, STM32U535VET6, STM32U535VET6Q, STM32U545CET6, STM32U545CET6Q, STM32U545CEU6, STM32U545CEU6Q, STM32U545JEY6QTR, STM32U545NEY6QTR, STM32U545REI6, STM32U545REI6Q, STM32U545RET6, STM32U545RET6Q, STM32U545VEI6, STM32U545VEI6Q, STM32U545VET6, STM32U545VET6Q, STM32U595AIH6, STM32U595AIH6Q, STM32U595AJH6, STM32U595AJH6Q, STM32U595QII6, STM32U595QII6Q, STM32U595QJI6, STM32U595QJI6Q, STM32U595RIT6, STM32U595RIT6Q, STM32U595RJT6, STM32U595RJT6Q, STM32U595VIT6, STM32U595VIT6Q, STM32U595VJT6, STM32U595VJT6Q, STM32U595ZIT6, STM32U595ZIT6Q, STM32U595ZIY6QTR, STM32U595ZJT6, STM32U595ZJT6Q, STM32U595ZJY6QTR, STM32U599BJY6QTR, STM32U599NIH6Q, STM32U599NJH6Q, STM32U599VIT6Q, STM32U599VJT6, STM32U599VJT6Q, STM32U599ZIT6Q, STM32U599ZIY6QTR, STM32U599ZJT6Q, STM32U599ZJY6QTR, STM32U5A5AJH6, STM32U5A5AJH6Q, STM32U5A5QJI6, STM32U5A5QJI6Q, STM32U5A5RJT6, STM32U5A5RJT6Q, STM32U5A5VJT6, STM32U5A5VJT6Q, STM32U5A5ZJT6, STM32U5A5ZJT6Q, STM32U5A5ZJY6QTR, STM32U5A9BJY6QTR, STM32U5A9J-DK, STM32U5A9NJH6Q, STM32U5A9VJT6Q, STM32U5A9ZJT6Q, STM32U5A9ZJY6QTR, STM32U5F7VIT6, STM32U5F7VIT6Q, STM32U5F7VJT6, STM32U5F7VJT6Q, STM32U5F9BJY6QTR, STM32U5F9NJH6Q, STM32U5F9VIT6Q, STM32U5F9VJT6Q, STM32U5F9ZIJ6QTR, STM32U5F9ZIT6Q, STM32U5F9ZJJ6QTR, STM32U5F9ZJT6Q, STM32U5G7VJT6, STM32U5G7VJT6Q, STM32U5G9BJY6QTR, STM32U5G9J-DK1, STM32U5G9J-DK2, STM32U5G9NJH6Q, STM32U5G9VJT6Q, STM32U5G9ZJJ6QTR, STM32U5G9ZJT6Q, STM32WB1MMCH6, STM32WBA52CEU6, STM32WBA52CEU6T, STM32WBA52CGU6, STM32WBA52CGU6T, STM32WBA52KEU6, STM32WBA52KEU6T, STM32WBA52KGU6, STM32WBA52KGU6T, STM32WL5MOCH6, STM32WL5MOCH6TR]
2023-12-24 11:22:29,892 [INFO] DbMcus:217 - Found 3882 MCUs, 3882 are supported
2023-12-24 11:22:29,895 [INFO] ApiDb:423 - Load user favorites file C:\Users\erkan/.stm32cubeide/favorites.mcus.txt: 0 item(s)
2023-12-24 11:22:29,896 [INFO] ApiDb:427 - User favorites MCUs=[]
2023-12-24 11:22:29,896 [INFO] DbMcus:223 - Set 0 / 0 favorites MCUs
2023-12-24 11:22:30,236 [WARN] ThirdParty:833 - waiting for thirdparty lock release [change project]
2023-12-24 11:22:30,236 [INFO] ThirdParty:835 - entering critical section [change project]
2023-12-24 11:22:30,237 [INFO] ThirdParty:1030 - CMSIS Pack Vendor :STMicroelectronics X-CUBE-ISPU 1.1.0
2023-12-24 11:22:30,237 [INFO] ThirdParty:1030 - CMSIS Pack Vendor :STMicroelectronics USBPD 4.1
2023-12-24 11:22:30,237 [INFO] ThirdParty:1030 - CMSIS Pack Vendor :RoweBots I-CUBE-UNISONRTOS 5.5.0-4
2023-12-24 11:22:30,237 [INFO] ThirdParty:1030 - CMSIS Pack Vendor :STMicroelectronics X-CUBE-GNSS1 6.0.0
2023-12-24 11:22:30,237 [INFO] ThirdParty:1030 - CMSIS Pack Vendor :STMicroelectronics USB_HOST 2.0.0
2023-12-24 11:22:30,237 [INFO] ThirdParty:1030 - CMSIS Pack Vendor :STMicroelectronics X-CUBE-AZRTOS-F4 1.1.0
2023-12-24 11:22:30,237 [INFO] ThirdParty:1030 - CMSIS Pack Vendor :STMicroelectronics LIBJPEG 8.0.0
2023-12-24 11:22:30,237 [INFO] ThirdParty:1030 - CMSIS Pack Vendor :STMicroelectronics X-CUBE-SMBUS 2.1.0
2023-12-24 11:22:30,237 [INFO] ThirdParty:1030 - CMSIS Pack Vendor :STMicroelectronics USB_DEVICE 3.0.0
2023-12-24 11:22:30,237 [INFO] ThirdParty:1030 - CMSIS Pack Vendor :STMicroelectronics X-CUBE-AI 8.0.0
2023-12-24 11:22:30,237 [INFO] ThirdParty:1030 - CMSIS Pack Vendor :STMicroelectronics X-CUBE-AZRTOS-WB 2.0.0
2023-12-24 11:22:30,237 [INFO] ThirdParty:1030 - CMSIS Pack Vendor :STMicroelectronics X-CUBE-FREERTOS 1.0.1
2023-12-24 11:22:30,237 [INFO] ThirdParty:1030 - CMSIS Pack Vendor :STMicroelectronics X-CUBE-TOUCHGFX 4.21.1
2023-12-24 11:22:30,237 [INFO] ThirdParty:1030 - CMSIS Pack Vendor :STMicroelectronics X-CUBE-TOUCHGFX 4.23.0
2023-12-24 11:22:30,237 [INFO] ThirdParty:1030 - CMSIS Pack Vendor :STMicroelectronics X-CUBE-AZRTOS-F7 1.1.0
2023-12-24 11:22:30,237 [INFO] ThirdParty:1030 - CMSIS Pack Vendor :STMicroelectronics X-CUBE-AZRTOS-L5 2.0.0
2023-12-24 11:22:30,237 [INFO] ThirdParty:1030 - CMSIS Pack Vendor :STMicroelectronics USB_DEVICE 2.0.0
2023-12-24 11:22:30,237 [INFO] ThirdParty:1030 - CMSIS Pack Vendor :STMicroelectronics X-CUBE-AI 7.3.0
2023-12-24 11:22:30,237 [INFO] ThirdParty:1030 - CMSIS Pack Vendor :STMicroelectronics X-CUBE-MEMS1 9.6.0
2023-12-24 11:22:30,237 [INFO] ThirdParty:1030 - CMSIS Pack Vendor :STMicroelectronics X-CUBE-EEPRMA1 4.2.0
2023-12-24 11:22:30,237 [INFO] ThirdParty:1030 - CMSIS Pack Vendor :ITTIA_DB I-CUBE-ITTIADB 8.8.0
2023-12-24 11:22:30,237 [INFO] ThirdParty:1030 - CMSIS Pack Vendor :STMicroelectronics FP-SNS-MOTENV1 4.3.2
2023-12-24 11:22:30,237 [INFO] ThirdParty:1030 - CMSIS Pack Vendor :STMicroelectronics X-CUBE-ALGOBUILD 1.3.0
2023-12-24 11:22:30,237 [INFO] ThirdParty:1030 - CMSIS Pack Vendor :STMicroelectronics X-CUBE-BLE1 6.2.4
2023-12-24 11:22:30,238 [INFO] ThirdParty:1030 - CMSIS Pack Vendor :STMicroelectronics X-CUBE-AZRTOS-L5 1.1.0
2023-12-24 11:22:30,238 [INFO] ThirdParty:1030 - CMSIS Pack Vendor :STMicroelectronics FreeRTOS 0.0.1
2023-12-24 11:22:30,238 [INFO] ThirdParty:1030 - CMSIS Pack Vendor :STMicroelectronics X-CUBE-AZRTOS-G0 1.1.0
2023-12-24 11:22:30,238 [INFO] ThirdParty:1030 - CMSIS Pack Vendor :emotas I-CUBE-CANOPEN 1.1.3
2023-12-24 11:22:30,238 [INFO] ThirdParty:1030 - CMSIS Pack Vendor :STMicroelectronics X-CUBE-BLEMGR 2.0.0
2023-12-24 11:22:30,238 [INFO] ThirdParty:1030 - CMSIS Pack Vendor :STMicroelectronics X-CUBE-NFC4 3.0.0
2023-12-24 11:22:30,238 [INFO] ThirdParty:1030 - CMSIS Pack Vendor :STMicroelectronics X-CUBE-SUBG2 5.0.0
2023-12-24 11:22:30,238 [INFO] ThirdParty:1030 - CMSIS Pack Vendor :STMicroelectronics STM32_WPAN 1.0.0
2023-12-24 11:22:30,238 [INFO] ThirdParty:1030 - CMSIS Pack Vendor :STMicroelectronics lwIP 2.0.3
2023-12-24 11:22:30,238 [INFO] ThirdParty:1030 - CMSIS Pack Vendor :STMicroelectronics FP-SNS-FLIGHT1 5.0.2
2023-12-24 11:22:30,238 [INFO] ThirdParty:1030 - CMSIS Pack Vendor :STMicroelectronics USB_HOST 1.0.0
2023-12-24 11:22:30,238 [INFO] ThirdParty:1030 - CMSIS Pack Vendor :STMicroelectronics X-CUBE-TOF1 3.3.1
2023-12-24 11:22:30,238 [INFO] ThirdParty:1030 - CMSIS Pack Vendor :STMicroelectronics X-CUBE-AZRTOS-G4 2.0.0
2023-12-24 11:22:30,238 [INFO] ThirdParty:1030 - CMSIS Pack Vendor :STMicroelectronics PDM2PCM 3.1.0
2023-12-24 11:22:30,238 [INFO] ThirdParty:1030 - CMSIS Pack Vendor :STMicroelectronics X-CUBE-AZRTOS-H7 3.1.0
2023-12-24 11:22:30,238 [INFO] ThirdParty:1030 - CMSIS Pack Vendor :STMicroelectronics FP-ATR-ASTRA1 1.1.1
2023-12-24 11:22:30,238 [INFO] ThirdParty:1030 - CMSIS Pack Vendor :Infineon AIROC-Wi-Fi-Bluetooth-STM32 1.5.1
2023-12-24 11:22:30,238 [INFO] ThirdParty:1030 - CMSIS Pack Vendor :STMicroelectronics X-CUBE-BLEMGR 3.0.0
2023-12-24 11:22:30,238 [INFO] ThirdParty:1030 - CMSIS Pack Vendor :STMicroelectronics PDM2PCM 3.3.0
2023-12-24 11:22:30,238 [INFO] ThirdParty:1030 - CMSIS Pack Vendor :STMicroelectronics X-CUBE-DISPLAY 3.0.0
2023-12-24 11:22:30,238 [INFO] ThirdParty:1030 - CMSIS Pack Vendor :STMicroelectronics X-CUBE-BLEMGR 1.3.0
2023-12-24 11:22:30,238 [INFO] ThirdParty:1030 - CMSIS Pack Vendor :STMicroelectronics FP-SNS-MOTENVWB1 1.3.0
2023-12-24 11:22:30,238 [INFO] ThirdParty:1030 - CMSIS Pack Vendor :STMicroelectronics FP-SNS-MOTENVWB1 1.3.1
2023-12-24 11:22:30,238 [INFO] ThirdParty:1030 - CMSIS Pack Vendor :STMicroelectronics X-CUBE-BLE1 7.0.0
2023-12-24 11:22:30,238 [INFO] ThirdParty:1030 - CMSIS Pack Vendor :STMicroelectronics FP-ATR-SIGFOX1 3.2.0
2023-12-24 11:22:30,238 [INFO] ThirdParty:1030 - CMSIS Pack Vendor :STMicroelectronics X-CUBE-AZRTOS-G4 1.0.0
2023-12-24 11:22:30,238 [INFO] ThirdParty:1030 - CMSIS Pack Vendor :wolfSSL I-CUBE-wolfSSL 5.5.4
2023-12-24 11:22:30,238 [INFO] ThirdParty:1030 - CMSIS Pack Vendor :STMicroelectronics X-CUBE-AZRTOS-L4 1.0.0
2023-12-24 11:22:30,238 [INFO] ThirdParty:1030 - CMSIS Pack Vendor :STMicroelectronics X-CUBE-ISPU 2.0.0
2023-12-24 11:22:30,238 [INFO] ThirdParty:1030 - CMSIS Pack Vendor :STMicroelectronics HAL Drivers 0.0.0
2023-12-24 11:22:30,238 [INFO] ThirdParty:1030 - CMSIS Pack Vendor :STMicroelectronics MBEDTLS 2.16.2
2023-12-24 11:22:30,238 [INFO] ThirdParty:1030 - CMSIS Pack Vendor :STMicroelectronics X-CUBE-MEMS1 10.0.0
2023-12-24 11:22:30,238 [INFO] ThirdParty:1030 - CMSIS Pack Vendor :STMicroelectronics X-CUBE-FREERTOS 1.1.0
2023-12-24 11:22:30,238 [INFO] ThirdParty:1030 - CMSIS Pack Vendor :STMicroelectronics X-CUBE-TOUCHGFX 4.22.0
2023-12-24 11:22:30,238 [INFO] ThirdParty:1030 - CMSIS Pack Vendor :STMicroelectronics X-CUBE-NFC7 1.0.1
2023-12-24 11:22:30,239 [INFO] ThirdParty:1030 - CMSIS Pack Vendor :STMicroelectronics MBEDTLS 2.14.1
2023-12-24 11:22:30,239 [INFO] ThirdParty:1030 - CMSIS Pack Vendor :STMicroelectronics X-CUBE-NFC7 1.0.0
2023-12-24 11:22:30,239 [INFO] ThirdParty:1030 - CMSIS Pack Vendor :STMicroelectronics X-CUBE-TOUCHGFX 4.22.1
2023-12-24 11:22:30,239 [INFO] ThirdParty:1030 - CMSIS Pack Vendor :STMicroelectronics X-CUBE-AZRTOS-WL 1.0.0
2023-12-24 11:22:30,239 [INFO] ThirdParty:1030 - CMSIS Pack Vendor :STMicroelectronics X-CUBE-NFC6 3.0.0
2023-12-24 11:22:30,239 [INFO] ThirdParty:1030 - CMSIS Pack Vendor :STMicroelectronics X-CUBE-EEPRMA1 4.1.0
2023-12-24 11:22:30,239 [INFO] ThirdParty:1030 - CMSIS Pack Vendor :portGmbH I-Cube-SoM-uGOAL 1.1.0
2023-12-24 11:22:30,239 [INFO] ThirdParty:1030 - CMSIS Pack Vendor :STMicroelectronics X-CUBE-ALS 1.0.1
2023-12-24 11:22:30,239 [INFO] ThirdParty:1030 - CMSIS Pack Vendor :STMicroelectronics X-CUBE-MEMS1 9.5.0
2023-12-24 11:22:30,239 [INFO] ThirdParty:1030 - CMSIS Pack Vendor :STMicroelectronics ThreadX 1.0.0
2023-12-24 11:22:30,239 [INFO] ThirdParty:1030 - CMSIS Pack Vendor :STMicroelectronics FP-SNS-SMARTAG2 1.2.0
2023-12-24 11:22:30,239 [INFO] ThirdParty:1030 - CMSIS Pack Vendor :STMicroelectronics X-CUBE-AZRTOS-WB 1.1.0
2023-12-24 11:22:30,239 [INFO] ThirdParty:1030 - CMSIS Pack Vendor :STMicroelectronics X-CUBE-AZRTOS-WL 2.0.0
2023-12-24 11:22:30,239 [INFO] ThirdParty:1030 - CMSIS Pack Vendor :SEGGER I-CUBE-embOS 1.3.1
2023-12-24 11:22:30,239 [INFO] ThirdParty:1030 - CMSIS Pack Vendor :STMicroelectronics USB_DEVICE 1.0.0
2023-12-24 11:22:30,239 [INFO] ThirdParty:1030 - CMSIS Pack Vendor :STMicroelectronics X-CUBE-AI 8.1.0
2023-12-24 11:22:30,239 [INFO] ThirdParty:1030 - CMSIS Pack Vendor :STMicroelectronics X-CUBE-AZRTOS-L4 2.0.0
2023-12-24 11:22:30,239 [INFO] ThirdParty:1030 - CMSIS Pack Vendor :STMicroelectronics ThreadX 0.0.2
2023-12-24 11:22:30,239 [INFO] ThirdParty:1030 - CMSIS Pack Vendor :WES I-CUBE-Cesium 1.3.0
2023-12-24 11:22:30,239 [INFO] ThirdParty:1030 - CMSIS Pack Vendor :STMicroelectronics FP-ATR-ASTRA1 2.0.0
2023-12-24 11:22:30,239 [INFO] ThirdParty:1030 - CMSIS Pack Vendor :STMicroelectronics lwIP 2.1.2
2023-12-24 11:22:30,239 [INFO] ThirdParty:1030 - CMSIS Pack Vendor :STMicroelectronics X-CUBE-SFXS2LP1 4.0.0
2023-12-24 11:22:30,239 [INFO] ThirdParty:1030 - CMSIS Pack Vendor :STMicroelectronics X-CUBE-BLE2 3.3.0
2023-12-24 11:22:30,239 [INFO] ThirdParty:1030 - CMSIS Pack Vendor :STMicroelectronics X-CUBE-TOF1 3.4.0
2023-12-24 11:22:30,239 [INFO] ThirdParty:1030 - CMSIS Pack Vendor :STMicroelectronics X-CUBE-TOF1 3.2.0
2023-12-24 11:22:30,239 [INFO] ThirdParty:1030 - CMSIS Pack Vendor :STMicroelectronics X-CUBE-AZRTOS-H7 3.2.0
2023-12-24 11:22:30,239 [INFO] ThirdParty:1030 - CMSIS Pack Vendor :STMicroelectronics PDM2PCM 3.2.0
2023-12-24 11:22:30,239 [INFO] ThirdParty:1030 - CMSIS Pack Vendor :STMicroelectronics X-CUBE-AZRTOS-H7 3.0.0
2023-12-24 11:22:30,240 [INFO] ThirdParty:841 - exiting critical section [change project]
2023-12-24 11:22:30,837 [INFO] PinOutPanel:1499 - setPackage(No Configuration,No Configuration)
2023-12-24 11:22:30,839 [INFO] PinOutPanel:1499 - setPackage(STM32F407VGTx,LQFP100)
2023-12-24 11:22:31,564 [INFO] UtilMem:75 - Before build in PCC Used Memory: 698140856 Bytes (1073741824)
2023-12-24 11:22:32,555 [INFO] UtilMem:75 - After build in PCC Used Memory: 796902528 Bytes (1073741824)
2023-12-24 11:22:32,593 [INFO] IPUIPlugin:80 - create IPUIPlugin
2023-12-24 11:22:32,593 [INFO] IPUIPlugin:80 - create IPUIPlugin
2023-12-24 11:22:32,593 [INFO] IPUIPlugin:80 - create IPUIPlugin
2023-12-24 11:22:32,593 [INFO] IPUIPlugin:80 - create IPUIPlugin
2023-12-24 11:22:32,593 [INFO] IPUIPlugin:80 - create IPUIPlugin
2023-12-24 11:22:32,594 [INFO] IPUIPlugin:80 - create IPUIPlugin
2023-12-24 11:22:32,594 [INFO] IPUIPlugin:80 - create IPUIPlugin
2023-12-24 11:22:32,594 [INFO] IPUIPlugin:80 - create IPUIPlugin
2023-12-24 11:22:32,595 [INFO] IPUIPlugin:80 - create IPUIPlugin
2023-12-24 11:22:32,595 [INFO] IPUIPlugin:80 - create IPUIPlugin
2023-12-24 11:22:32,595 [INFO] IPUIPlugin:80 - create IPUIPlugin
2023-12-24 11:22:32,596 [INFO] IPUIPlugin:80 - create IPUIPlugin
2023-12-24 11:22:32,596 [INFO] IPUIPlugin:80 - create IPUIPlugin
2023-12-24 11:22:32,596 [INFO] IPUIPlugin:80 - create IPUIPlugin
2023-12-24 11:22:32,596 [INFO] IPUIPlugin:80 - create IPUIPlugin
2023-12-24 11:22:32,596 [INFO] IPUIPlugin:80 - create IPUIPlugin
2023-12-24 11:22:32,596 [INFO] IPUIPlugin:80 - create IPUIPlugin
2023-12-24 11:22:32,596 [INFO] IPUIPlugin:80 - create IPUIPlugin
2023-12-24 11:22:32,596 [INFO] IPUIPlugin:80 - create IPUIPlugin
2023-12-24 11:22:32,597 [INFO] IPUIPlugin:80 - create IPUIPlugin
2023-12-24 11:22:32,597 [INFO] IPUIPlugin:80 - create IPUIPlugin
2023-12-24 11:22:32,597 [INFO] IPUIPlugin:80 - create IPUIPlugin
2023-12-24 11:22:32,597 [INFO] IPUIPlugin:80 - create IPUIPlugin
2023-12-24 11:22:32,597 [INFO] IPUIPlugin:80 - create IPUIPlugin
2023-12-24 11:22:32,598 [INFO] IPUIPlugin:80 - create IPUIPlugin
2023-12-24 11:22:32,599 [INFO] IPUIPlugin:80 - create IPUIPlugin
2023-12-24 11:22:32,599 [INFO] IPUIPlugin:80 - create IPUIPlugin
2023-12-24 11:22:32,599 [INFO] IPUIPlugin:80 - create IPUIPlugin
2023-12-24 11:22:32,599 [INFO] IPUIPlugin:80 - create IPUIPlugin
2023-12-24 11:22:32,600 [INFO] IPUIPlugin:80 - create IPUIPlugin
2023-12-24 11:22:32,600 [INFO] IPUIPlugin:80 - create IPUIPlugin
2023-12-24 11:22:32,600 [INFO] IPUIPlugin:80 - create IPUIPlugin
2023-12-24 11:22:32,600 [INFO] IPUIPlugin:80 - create IPUIPlugin
2023-12-24 11:22:32,601 [INFO] IPUIPlugin:80 - create IPUIPlugin
2023-12-24 11:22:32,601 [INFO] IPUIPlugin:80 - create IPUIPlugin
2023-12-24 11:22:32,601 [INFO] IPUIPlugin:80 - create IPUIPlugin
2023-12-24 11:22:32,601 [INFO] IPUIPlugin:80 - create IPUIPlugin
2023-12-24 11:22:32,601 [INFO] IPUIPlugin:80 - create IPUIPlugin
2023-12-24 11:22:32,602 [INFO] IPUIPlugin:80 - create IPUIPlugin
2023-12-24 11:22:32,602 [INFO] IPUIPlugin:80 - create IPUIPlugin
2023-12-24 11:22:32,602 [INFO] IPUIPlugin:80 - create IPUIPlugin
2023-12-24 11:22:32,602 [INFO] IPUIPlugin:80 - create IPUIPlugin
2023-12-24 11:22:32,602 [INFO] IPUIPlugin:80 - create IPUIPlugin
2023-12-24 11:22:32,604 [INFO] IPUIPlugin:80 - create IPUIPlugin
2023-12-24 11:22:32,604 [INFO] IPUIPlugin:80 - create IPUIPlugin
2023-12-24 11:22:32,604 [INFO] IPUIPlugin:80 - create IPUIPlugin
2023-12-24 11:22:32,605 [INFO] IPUIPlugin:80 - create IPUIPlugin
2023-12-24 11:22:32,605 [INFO] IPUIPlugin:80 - create IPUIPlugin
2023-12-24 11:22:32,605 [INFO] IPUIPlugin:80 - create IPUIPlugin
2023-12-24 11:22:32,605 [INFO] IPUIPlugin:80 - create IPUIPlugin
2023-12-24 11:22:32,606 [INFO] IPUIPlugin:80 - create IPUIPlugin
2023-12-24 11:22:32,606 [INFO] IPUIPlugin:80 - create IPUIPlugin
2023-12-24 11:22:32,606 [INFO] IPUIPlugin:80 - create IPUIPlugin
2023-12-24 11:22:32,607 [INFO] IPUIPlugin:80 - create IPUIPlugin
2023-12-24 11:22:32,608 [INFO] IPUIPlugin:80 - create IPUIPlugin
2023-12-24 11:22:32,608 [INFO] IPUIPlugin:80 - create IPUIPlugin
2023-12-24 11:22:32,609 [INFO] IPUIPlugin:80 - create IPUIPlugin
2023-12-24 11:22:32,609 [INFO] IPUIPlugin:80 - create IPUIPlugin
2023-12-24 11:22:32,713 [INFO] ApiDbMcu:507 - Load IP Config File for PDM2PCM
2023-12-24 11:22:33,009 [INFO] CADModel:165 - CPN selected for project levelSTM32F407VGT6
2023-12-24 11:22:33,009 [INFO] CADModel:114 - Register for checkConnection events
2023-12-24 11:22:33,071 [INFO] OpenFileManager:328 - Restore cursor
2023-12-24 13:34:04,289 [ERROR] LogOutputStream:75 - [STDERR_REDIRECT] 
