2024-03-21 09:54:03,545 [INFO] Activator:176 - 


2024-03-21 09:54:03,551 [INFO] Activator:177 - !SESSION log4j initialized
2024-03-21 09:54:10,026 [INFO] LogOutputStream:77 - [STDOUT_REDIRECT] 
2024-03-21 09:54:11,817 [INFO] ApplicationProperties:184 - Using Application install path: C:\ST\STM32CubeIDE_1.11.2\STM32CubeIDE\plugins\com.st.stm32cube.common.mx_6.9.2.202309101412
2024-03-21 09:54:11,837 [INFO] DbMcusXml:78 - Set database path to: C:\ST\STM32CubeIDE_1.11.2\STM32CubeIDE\plugins\com.st.stm32cube.common.mx_6.9.2.202309101412\\db\/mcu/
2024-03-21 09:54:11,837 [INFO] ApiDb:274 - Set plugin database path to: C:\ST\STM32CubeIDE_1.11.2\STM32CubeIDE\plugins\com.st.stm32cube.common.mx_6.9.2.202309101412\\db\/plugins/boardmanager/
2024-03-21 09:54:11,837 [WARN] ApiDb:259 - Overriding images path with different value:  => C:\ST\STM32CubeIDE_1.11.2\STM32CubeIDE\plugins\com.st.stm32cube.common.mx_6.9.2.202309101412\\db\/plugins/mcufinder/images/
2024-03-21 09:54:11,858 [INFO] ApiDb:250 - Set database path to: C:\Users\erkan\.stmcufinder\plugins\mcufinder//mcu/
2024-03-21 09:54:11,859 [INFO] DbMcusAds:125 - Set database path to: C:\Users\erkan\.stmcufinder\plugins\mcufinder//mcu/
2024-03-21 09:54:11,861 [INFO] CrossReferenceDbSqlite:203 - Set database path to: C:\Users\erkan\.stmcufinder\plugins\mcufinder//mcu/cs/
2024-03-21 09:54:11,971 [INFO] RulesReader:64 - Compatibility file has been processed (293 Rules)
2024-03-21 09:54:12,064 [INFO] DbMcusXml:78 - Set database path to: C:\ST\STM32CubeIDE_1.11.2\STM32CubeIDE\plugins\com.st.stm32cube.common.mx_6.9.2.202309101412\\db\/mcu/
2024-03-21 09:54:12,064 [INFO] ApiDb:274 - Set plugin database path to: C:\ST\STM32CubeIDE_1.11.2\STM32CubeIDE\plugins\com.st.stm32cube.common.mx_6.9.2.202309101412\\db\/plugins/boardmanager/
2024-03-21 09:54:12,064 [INFO] ApiDb:261 - Set plugin images path to: C:\ST\STM32CubeIDE_1.11.2\STM32CubeIDE\plugins\com.st.stm32cube.common.mx_6.9.2.202309101412\\db\/plugins/mcufinder/images/
2024-03-21 09:54:12,064 [WARN] DbFile:41 - Overriding database path with different value: C:\Users\erkan\.stmcufinder\plugins\mcufinder/ => C:\Users\erkan\.stmcufinder\plugins\mcufinder
2024-03-21 09:54:12,064 [INFO] ApiDb:250 - Set database path to: C:\Users\erkan\.stmcufinder\plugins\mcufinder//mcu/
2024-03-21 09:54:12,065 [WARN] DbFile:41 - Overriding database path with different value: C:\Users\erkan\.stmcufinder\plugins\mcufinder/ => C:\Users\erkan\.stmcufinder\plugins\mcufinder
2024-03-21 09:54:12,065 [INFO] DbMcusAds:125 - Set database path to: C:\Users\erkan\.stmcufinder\plugins\mcufinder//mcu/
2024-03-21 09:54:12,065 [WARN] DbFile:41 - Overriding database path with different value: C:\Users\erkan\.stmcufinder\plugins\mcufinder/ => C:\Users\erkan\.stmcufinder\plugins\mcufinder
2024-03-21 09:54:12,065 [WARN] DbFile:41 - Overriding database path with different value: C:\Users\erkan\.stmcufinder\plugins\mcufinder/ => C:\Users\erkan\.stmcufinder\plugins\mcufinder
2024-03-21 09:54:12,065 [INFO] CrossReferenceDbSqlite:203 - Set database path to: C:\Users\erkan\.stmcufinder\plugins\mcufinder//mcu/cs/
2024-03-21 09:54:12,144 [INFO] MainPanel:262 - HeapMemory: 268435456
2024-03-21 09:54:12,241 [INFO] DbMcusXml:78 - Set database path to: C:\ST\STM32CubeIDE_1.11.2\STM32CubeIDE\plugins\com.st.stm32cube.common.mx_6.9.2.202309101412\\db\/mcu/
2024-03-21 09:54:12,242 [INFO] ApiDb:274 - Set plugin database path to: C:\ST\STM32CubeIDE_1.11.2\STM32CubeIDE\plugins\com.st.stm32cube.common.mx_6.9.2.202309101412\\db\/plugins/boardmanager/
2024-03-21 09:54:12,242 [INFO] ApiDb:261 - Set plugin images path to: C:\ST\STM32CubeIDE_1.11.2\STM32CubeIDE\plugins\com.st.stm32cube.common.mx_6.9.2.202309101412\\db\/plugins/mcufinder/images/
2024-03-21 09:54:12,242 [WARN] DbFile:41 - Overriding database path with different value: C:\Users\erkan\.stmcufinder\plugins\mcufinder/ => C:\Users\erkan\.stmcufinder\plugins\mcufinder
2024-03-21 09:54:12,242 [INFO] ApiDb:250 - Set database path to: C:\Users\erkan\.stmcufinder\plugins\mcufinder//mcu/
2024-03-21 09:54:12,242 [WARN] DbFile:41 - Overriding database path with different value: C:\Users\erkan\.stmcufinder\plugins\mcufinder/ => C:\Users\erkan\.stmcufinder\plugins\mcufinder
2024-03-21 09:54:12,243 [INFO] DbMcusAds:125 - Set database path to: C:\Users\erkan\.stmcufinder\plugins\mcufinder//mcu/
2024-03-21 09:54:12,243 [WARN] DbFile:41 - Overriding database path with different value: C:\Users\erkan\.stmcufinder\plugins\mcufinder/ => C:\Users\erkan\.stmcufinder\plugins\mcufinder
2024-03-21 09:54:12,243 [WARN] DbFile:41 - Overriding database path with different value: C:\Users\erkan\.stmcufinder\plugins\mcufinder/ => C:\Users\erkan\.stmcufinder\plugins\mcufinder
2024-03-21 09:54:12,243 [INFO] CrossReferenceDbSqlite:203 - Set database path to: C:\Users\erkan\.stmcufinder\plugins\mcufinder//mcu/cs/
2024-03-21 09:54:12,262 [INFO] ApplicationProperties:184 - Using Application install path: C:\ST\STM32CubeIDE_1.11.2\STM32CubeIDE\plugins\com.st.stm32cube.common.mx_6.9.2.202309101412
2024-03-21 09:54:12,263 [INFO] PluginManage:196 - Search for loadable plugins [exclusion list=, ]
2024-03-21 09:54:12,265 [INFO] PluginManage:310 - Check plugin analytics
2024-03-21 09:54:12,432 [INFO] AnalyticsPlugin:253 - Accepted Software Licenses: STM32CubeMX.6.9.2
2024-03-21 09:54:12,432 [INFO] AnalyticsPlugin:255 - Accepted CMSIS Pack Licenses: 
2024-03-21 09:54:12,432 [INFO] AnalyticsPlugin:257 - Accepted Firmware Licenses: 
2024-03-21 09:54:12,434 [INFO] PluginManage:359 - Loaded plugin analytics (category:tool,tabindex:-1)
2024-03-21 09:54:12,435 [INFO] PluginManage:310 - Check plugin cadmodel
2024-03-21 09:54:12,448 [INFO] CADModel:105 - Init CAD model plugin
2024-03-21 09:54:12,448 [INFO] PluginManage:359 - Loaded plugin cadmodel (category:power,tabindex:5)
2024-03-21 09:54:12,448 [INFO] PluginManage:310 - Check plugin clock
2024-03-21 09:54:12,466 [INFO] PluginManage:359 - Loaded plugin clock (category:base,tabindex:2)
2024-03-21 09:54:12,466 [INFO] PluginManage:310 - Check plugin ddr
2024-03-21 09:54:12,468 [INFO] PluginManage:359 - Loaded plugin ddr (category:tool,tabindex:6)
2024-03-21 09:54:12,468 [INFO] PluginManage:310 - Check plugin filemanager
2024-03-21 09:54:12,603 [INFO] PluginManage:359 - Loaded plugin filemanager (category:base,tabindex:10)
2024-03-21 09:54:12,603 [INFO] PluginManage:310 - Check plugin ipmanager
2024-03-21 09:54:12,612 [INFO] PluginManage:359 - Loaded plugin ipmanager (category:base,tabindex:5)
2024-03-21 09:54:12,612 [INFO] PluginManage:310 - Check plugin lpbam
2024-03-21 09:54:12,628 [INFO] PluginManage:359 - Loaded plugin lpbam (category:base,tabindex:0)
2024-03-21 09:54:12,628 [INFO] PluginManage:310 - Check plugin memorymap
2024-03-21 09:54:12,649 [INFO] PluginManage:359 - Loaded plugin memorymap (category:base,tabindex:4)
2024-03-21 09:54:12,650 [INFO] PluginManage:310 - Check plugin pinoutandconfiguration
2024-03-21 09:54:12,665 [INFO] PluginManage:359 - Loaded plugin pinoutandconfiguration (category:base,tabindex:1)
2024-03-21 09:54:12,665 [INFO] PluginManage:310 - Check plugin pinoutconfig
2024-03-21 09:54:12,753 [WARN] SupportedApi:132 - Cannot load RTOS API schema: s4s-elt-must-match.1: The content of 'definitions' must match (annotation?, (simpleType | complexType)?, (unique | key | keyref)*)). A problem was found starting at: attribute.
2024-03-21 09:54:12,886 [INFO] PluginManage:359 - Loaded plugin pinoutconfig (category:base,tabindex:0)
2024-03-21 09:54:12,886 [INFO] PluginManage:310 - Check plugin power
2024-03-21 09:54:12,906 [INFO] PluginManage:359 - Loaded plugin power (category:power,tabindex:4)
2024-03-21 09:54:12,906 [INFO] PluginManage:310 - Check plugin projectmanager
2024-03-21 09:54:12,919 [INFO] PluginManage:359 - Loaded plugin projectmanager (category:projectmanager,tabindex:3)
2024-03-21 09:54:12,921 [INFO] PluginManage:310 - Check plugin thirdparty
2024-03-21 09:54:13,177 [INFO] PluginManage:359 - Loaded plugin thirdparty (category:base,tabindex:-1)
2024-03-21 09:54:13,177 [INFO] PluginManage:310 - Check plugin tools
2024-03-21 09:54:13,177 [WARN] IntegrityCheckThread:84 - waiting for thirdparty lock release [integrity check]
2024-03-21 09:54:13,177 [INFO] IntegrityCheckThread:86 - entering critical section [integrity check]
2024-03-21 09:54:13,178 [INFO] ThirdPartyUpdaterWithRetryManager:70 - Updater plugin not ready yet. [1/15]
2024-03-21 09:54:13,209 [INFO] PluginManage:359 - Loaded plugin tools (category:base,tabindex:7)
2024-03-21 09:54:13,209 [INFO] PluginManage:310 - Check plugin tutovideos
2024-03-21 09:54:13,419 [INFO] PluginManage:359 - Loaded plugin tutovideos (category:base,tabindex:-1)
2024-03-21 09:54:13,419 [INFO] PluginManage:310 - Check plugin updater
2024-03-21 09:54:13,432 [INFO] PluginManage:359 - Loaded plugin updater (category:base,tabindex:12)
2024-03-21 09:54:13,432 [INFO] PluginManage:310 - Check plugin userauth
2024-03-21 09:54:13,438 [INFO] UserAuth:113 - Init User Auth plugin
2024-03-21 09:54:13,438 [INFO] PluginManage:359 - Loaded plugin userauth (category:base,tabindex:14)
2024-03-21 09:54:13,438 [INFO] PluginManage:283 - PluginManage : Loaded plugins [17]
2024-03-21 09:54:13,671 [INFO] PinOutPanel:1499 - setPackage(No Configuration,No Configuration)
2024-03-21 09:54:13,798 [INFO] CADModel:165 - CPN selected for project level
2024-03-21 09:54:13,798 [INFO] CADModel:114 - Register for checkConnection events
2024-03-21 09:54:13,828 [INFO] IPUIPlugin:80 - create IPUIPlugin
2024-03-21 09:54:13,829 [INFO] PluginManager:220 - loadIPPluginJar : add adc
2024-03-21 09:54:13,865 [INFO] IPUIPlugin:80 - create IPUIPlugin
2024-03-21 09:54:13,865 [INFO] PluginManager:220 - loadIPPluginJar : add aes
2024-03-21 09:54:13,905 [INFO] IPUIPlugin:80 - create IPUIPlugin
2024-03-21 09:54:13,905 [INFO] PluginManager:220 - loadIPPluginJar : add can
2024-03-21 09:54:13,927 [INFO] IPUIPlugin:80 - create IPUIPlugin
2024-03-21 09:54:13,927 [INFO] PluginManager:220 - loadIPPluginJar : add comp
2024-03-21 09:54:13,958 [INFO] IPUIPlugin:80 - create IPUIPlugin
2024-03-21 09:54:13,959 [INFO] PluginManager:220 - loadIPPluginJar : add cryp
2024-03-21 09:54:13,985 [INFO] IPUIPlugin:80 - create IPUIPlugin
2024-03-21 09:54:13,986 [INFO] PluginManager:220 - loadIPPluginJar : add dfsdm
2024-03-21 09:54:13,998 [INFO] IPUIPlugin:80 - create IPUIPlugin
2024-03-21 09:54:13,998 [INFO] PluginManager:220 - loadIPPluginJar : add dma
2024-03-21 09:54:14,038 [INFO] IPUIPlugin:80 - create IPUIPlugin
2024-03-21 09:54:14,038 [INFO] PluginManager:220 - loadIPPluginJar : add dma3
2024-03-21 09:54:14,057 [INFO] IPUIPlugin:80 - create IPUIPlugin
2024-03-21 09:54:14,058 [INFO] PluginManager:220 - loadIPPluginJar : add fatfs
2024-03-21 09:54:14,103 [INFO] IPUIPlugin:80 - create IPUIPlugin
2024-03-21 09:54:14,103 [INFO] PluginManager:220 - loadIPPluginJar : add fmc
2024-03-21 09:54:14,119 [INFO] IPUIPlugin:80 - create IPUIPlugin
2024-03-21 09:54:14,119 [INFO] PluginManager:220 - loadIPPluginJar : add freertos
2024-03-21 09:54:14,136 [INFO] IPUIPlugin:80 - create IPUIPlugin
2024-03-21 09:54:14,137 [INFO] PluginManager:220 - loadIPPluginJar : add genericplugin
2024-03-21 09:54:14,225 [INFO] IPUIPlugin:80 - create IPUIPlugin
2024-03-21 09:54:14,225 [INFO] PluginManager:220 - loadIPPluginJar : add gfxmmu
2024-03-21 09:54:14,355 [INFO] IPUIPlugin:80 - create IPUIPlugin
2024-03-21 09:54:14,355 [INFO] PluginManager:220 - loadIPPluginJar : add gic
2024-03-21 09:54:14,368 [INFO] IPUIPlugin:80 - create IPUIPlugin
2024-03-21 09:54:14,368 [INFO] PluginManager:220 - loadIPPluginJar : add gpio
2024-03-21 09:54:14,462 [INFO] IPUIPlugin:80 - create IPUIPlugin
2024-03-21 09:54:14,462 [INFO] PluginManager:220 - loadIPPluginJar : add gtzc
2024-03-21 09:54:14,493 [INFO] IPUIPlugin:80 - create IPUIPlugin
2024-03-21 09:54:14,493 [INFO] PluginManager:220 - loadIPPluginJar : add hash
2024-03-21 09:54:14,545 [INFO] IPUIPlugin:80 - create IPUIPlugin
2024-03-21 09:54:14,545 [INFO] PluginManager:220 - loadIPPluginJar : add i2c
2024-03-21 09:54:14,587 [INFO] IPUIPlugin:80 - create IPUIPlugin
2024-03-21 09:54:14,587 [INFO] PluginManager:220 - loadIPPluginJar : add i2s
2024-03-21 09:54:14,625 [INFO] IPUIPlugin:80 - create IPUIPlugin
2024-03-21 09:54:14,625 [INFO] PluginManager:220 - loadIPPluginJar : add i3c
2024-03-21 09:54:14,721 [INFO] IPUIPlugin:80 - create IPUIPlugin
2024-03-21 09:54:14,721 [INFO] PluginManager:220 - loadIPPluginJar : add ipddr
2024-03-21 09:54:14,805 [INFO] IPUIPlugin:80 - create IPUIPlugin
2024-03-21 09:54:14,805 [INFO] PluginManager:220 - loadIPPluginJar : add linkedlist
2024-03-21 09:54:14,837 [INFO] IPUIPlugin:80 - create IPUIPlugin
2024-03-21 09:54:14,837 [INFO] PluginManager:220 - loadIPPluginJar : add lorawan
2024-03-21 09:54:14,868 [INFO] IPUIPlugin:80 - create IPUIPlugin
2024-03-21 09:54:14,869 [INFO] PluginManager:220 - loadIPPluginJar : add ltdc
2024-03-21 09:54:14,882 [INFO] IPUIPlugin:80 - create IPUIPlugin
2024-03-21 09:54:14,882 [INFO] PluginManager:220 - loadIPPluginJar : add mdma
2024-03-21 09:54:14,894 [INFO] IPUIPlugin:80 - create IPUIPlugin
2024-03-21 09:54:14,894 [INFO] PluginManager:220 - loadIPPluginJar : add nvic
2024-03-21 09:54:14,926 [INFO] IPUIPlugin:80 - create IPUIPlugin
2024-03-21 09:54:14,926 [INFO] PluginManager:220 - loadIPPluginJar : add opamp
2024-03-21 09:54:14,982 [INFO] IPUIPlugin:80 - create IPUIPlugin
2024-03-21 09:54:14,982 [INFO] PluginManager:220 - loadIPPluginJar : add openamp
2024-03-21 09:54:15,021 [INFO] IPUIPlugin:80 - create IPUIPlugin
2024-03-21 09:54:15,021 [INFO] PluginManager:220 - loadIPPluginJar : add pdm2pcm
2024-03-21 09:54:15,035 [INFO] IPUIPlugin:80 - create IPUIPlugin
2024-03-21 09:54:15,037 [INFO] PluginManager:220 - loadIPPluginJar : add plateformsettings
2024-03-21 09:54:15,057 [INFO] IPUIPlugin:80 - create IPUIPlugin
2024-03-21 09:54:15,058 [INFO] PluginManager:220 - loadIPPluginJar : add quadspi
2024-03-21 09:54:15,070 [INFO] IPUIPlugin:80 - create IPUIPlugin
2024-03-21 09:54:15,070 [INFO] PluginManager:220 - loadIPPluginJar : add resmgrutility
2024-03-21 09:54:15,113 [INFO] IPUIPlugin:80 - create IPUIPlugin
2024-03-21 09:54:15,113 [INFO] PluginManager:220 - loadIPPluginJar : add sai
2024-03-21 09:54:15,145 [INFO] IPUIPlugin:80 - create IPUIPlugin
2024-03-21 09:54:15,145 [INFO] PluginManager:220 - loadIPPluginJar : add spi
2024-03-21 09:54:15,196 [INFO] IPUIPlugin:80 - create IPUIPlugin
2024-03-21 09:54:15,196 [INFO] PluginManager:220 - loadIPPluginJar : add stm32_wpan
2024-03-21 09:54:15,217 [INFO] IPUIPlugin:80 - create IPUIPlugin
2024-03-21 09:54:15,217 [INFO] PluginManager:220 - loadIPPluginJar : add tim
2024-03-21 09:54:15,267 [INFO] IPUIPlugin:80 - create IPUIPlugin
2024-03-21 09:54:15,267 [INFO] PluginManager:220 - loadIPPluginJar : add touchsensing
2024-03-21 09:54:15,287 [INFO] IPUIPlugin:80 - create IPUIPlugin
2024-03-21 09:54:15,287 [INFO] PluginManager:220 - loadIPPluginJar : add tracer_emb
2024-03-21 09:54:15,307 [INFO] IPUIPlugin:80 - create IPUIPlugin
2024-03-21 09:54:15,307 [INFO] PluginManager:220 - loadIPPluginJar : add ts
2024-03-21 09:54:15,327 [INFO] IPUIPlugin:80 - create IPUIPlugin
2024-03-21 09:54:15,327 [INFO] PluginManager:220 - loadIPPluginJar : add tsc
2024-03-21 09:54:15,346 [INFO] IPUIPlugin:80 - create IPUIPlugin
2024-03-21 09:54:15,346 [INFO] PluginManager:220 - loadIPPluginJar : add ucpd
2024-03-21 09:54:15,384 [INFO] IPUIPlugin:80 - create IPUIPlugin
2024-03-21 09:54:15,384 [INFO] PluginManager:220 - loadIPPluginJar : add usart
2024-03-21 09:54:15,423 [INFO] IPUIPlugin:80 - create IPUIPlugin
2024-03-21 09:54:15,423 [INFO] PluginManager:220 - loadIPPluginJar : add usbx
2024-03-21 09:54:15,548 [INFO] CADModel:165 - CPN selected for project level
2024-03-21 09:54:15,548 [INFO] CADModel:114 - Register for checkConnection events
2024-03-21 09:54:15,548 [FATAL] Updater:308 - Updater called before beeing initialized
2024-03-21 09:54:15,548 [ERROR] CADModel:125 - Updater not yet initialized, retry later 
2024-03-21 09:54:15,702 [INFO] CADModel:165 - CPN selected for project level
2024-03-21 09:54:15,702 [INFO] CADModel:114 - Register for checkConnection events
2024-03-21 09:54:15,702 [FATAL] Updater:308 - Updater called before beeing initialized
2024-03-21 09:54:15,703 [ERROR] CADModel:125 - Updater not yet initialized, retry later 
2024-03-21 09:54:15,706 [FATAL] Updater:308 - Updater called before beeing initialized
2024-03-21 09:54:15,821 [FATAL] Updater:308 - Updater called before beeing initialized
2024-03-21 09:54:15,832 [INFO] DbMcusAds:53 - JSON generation date=Wed Nov 29 11:52:27 CET 2023 (1701255147349)
2024-03-21 09:54:15,832 [FATAL] Updater:308 - Updater called before beeing initialized
2024-03-21 09:54:15,909 [WARN] DetailPanel:346 - Failed to get advertising image, set to default
2024-03-21 09:54:16,004 [FATAL] Updater:308 - Updater called before beeing initialized
2024-03-21 09:54:16,006 [FATAL] Updater:308 - Updater called before beeing initialized
2024-03-21 09:54:16,006 [FATAL] Updater:308 - Updater called before beeing initialized
2024-03-21 09:54:16,006 [WARN] DetailPanel:346 - Failed to get advertising image, set to default
2024-03-21 09:54:16,007 [FATAL] Updater:308 - Updater called before beeing initialized
2024-03-21 09:54:16,061 [ERROR] Updater:1120 - MainUpdater not yet initialized. External WinMGr cannot be set.
2024-03-21 09:54:16,071 [INFO] Updater:1056 - Updater Version found : 6.9.2
2024-03-21 09:54:16,090 [INFO] ApplicationProperties:184 - Using Application install path: C:\ST\STM32CubeIDE_1.11.2\STM32CubeIDE\plugins\com.st.stm32cube.common.mx_6.9.2.202309101412
2024-03-21 09:54:16,179 [INFO] ThirdPartyUpdaterWithRetryManager:70 - Updater plugin not ready yet. [2/15]
2024-03-21 09:54:17,846 [INFO] MainUpdater:2868 - connection check result : 10
2024-03-21 09:54:17,846 [INFO] MainUpdater:3562 - Updater definition file requires update
2024-03-21 09:54:17,848 [INFO] MainUpdater:285 - Updater Check For Update Now.
2024-03-21 09:54:17,848 [INFO] MicroXplorer:498 - Change Database Version : DB.6.0.92
2024-03-21 09:54:17,862 [INFO] McuFinderGlobals:63 - Set McuFinder mode to 2 (CubeIDE integrated)
2024-03-21 09:54:17,862 [INFO] UserAuth:179 - activating auth plugin
2024-03-21 09:54:17,863 [INFO] UserAuth:393 - Internet connection configuration mode: 1
2024-03-21 09:54:17,873 [INFO] ServerAccessManage:473 - Download File updaters.zip
2024-03-21 09:54:17,894 [INFO] JxBrowserEngine:151 - Initiate JxBrowser Engine with user profile folder
2024-03-21 09:54:17,944 [INFO] FileExtend:240 - Unzip File : updaters.zip
2024-03-21 09:54:17,944 [INFO] FileExtend:255 - Standard Zip Deflate
2024-03-21 09:54:19,179 [INFO] ServerAccessManage:473 - Download File PacksControlFlags.xml
2024-03-21 09:54:19,180 [WARN] MainUpdater:1189 - Updater busy. Cannot search thirdparties
2024-03-21 09:54:19,180 [INFO] ThirdPartyUpdaterWithRetryManager:96 - Updater plugin is busy. [1/15]
2024-03-21 09:54:20,333 [INFO] ServerAccessManage:473 - Download File cubemx.pidx
2024-03-21 09:54:20,952 [INFO] WebApp:157 - Instantiating new browser for Auth
2024-03-21 09:54:21,608 [INFO] ServerAccessManage:473 - Download File STMicroelectronics.X-CUBE-NFC6.pdsc
2024-03-21 09:54:21,801 [INFO] WebApp:753 - Register for checkConnection events
2024-03-21 09:54:21,802 [INFO] WebApp:390 - Apply proxy settings
2024-03-21 09:54:21,802 [INFO] WebApp:475 - Chromium requires no authentication
2024-03-21 09:54:21,814 [INFO] WebApp:418 - Direct internet connection detected
2024-03-21 09:54:22,181 [WARN] MainUpdater:1189 - Updater busy. Cannot search thirdparties
2024-03-21 09:54:22,181 [INFO] ThirdPartyUpdaterWithRetryManager:96 - Updater plugin is busy. [2/15]
2024-03-21 09:54:22,202 [INFO] WebApp:188 - Starting web application
2024-03-21 09:54:22,202 [INFO] WebApp:520 - Web application path used C:\ST\STM32CubeIDE_1.11.2\STM32CubeIDE\plugins\com.st.stm32cube.common.mx_6.9.2.202309101412\db\plugins\mcufinder\reactClient1\index.html
2024-03-21 09:54:23,887 [WARN] PackLoader:240 - Cannot read IP mode file for STMicroelectronics.X-CUBE-NFC6.3.1.0
2024-03-21 09:54:23,897 [INFO] PopulateThirdPartyThread:66 - Ending populate Thread
2024-03-21 09:54:23,902 [INFO] ThirdParty:1030 - CMSIS Pack Vendor :STMicroelectronics X-CUBE-NFC6 3.1.0
2024-03-21 09:54:23,903 [INFO] LoadServerUpdatesThread:373 - End of LoadServerUpdate Thread
2024-03-21 09:54:24,018 [INFO] CheckServerUpdateThread:120 - End of CheckServer Thread
2024-03-21 09:54:24,365 [ERROR] LogOutputStream:75 - [STDERR_REDIRECT] 
