2024-04-23 14:36:28,251 [INFO] Activator:176 - 


2024-04-23 14:36:28,260 [INFO] Activator:177 - !SESSION log4j initialized
2024-04-23 14:36:35,950 [INFO] LogOutputStream:77 - [STDOUT_REDIRECT] 
2024-04-23 14:36:38,082 [INFO] ApplicationProperties:184 - Using Application install path: C:\ST\STM32CubeIDE_1.11.2\STM32CubeIDE\plugins\com.st.stm32cube.common.mx_6.9.2.202309101412
2024-04-23 14:36:38,107 [INFO] DbMcusXml:78 - Set database path to: C:\ST\STM32CubeIDE_1.11.2\STM32CubeIDE\plugins\com.st.stm32cube.common.mx_6.9.2.202309101412\\db\/mcu/
2024-04-23 14:36:38,108 [INFO] ApiDb:274 - Set plugin database path to: C:\ST\STM32CubeIDE_1.11.2\STM32CubeIDE\plugins\com.st.stm32cube.common.mx_6.9.2.202309101412\\db\/plugins/boardmanager/
2024-04-23 14:36:38,109 [WARN] ApiDb:259 - Overriding images path with different value:  => C:\ST\STM32CubeIDE_1.11.2\STM32CubeIDE\plugins\com.st.stm32cube.common.mx_6.9.2.202309101412\\db\/plugins/mcufinder/images/
2024-04-23 14:36:38,129 [INFO] ApiDb:250 - Set database path to: C:\Users\erkan\.stmcufinder\plugins\mcufinder//mcu/
2024-04-23 14:36:38,130 [INFO] DbMcusAds:125 - Set database path to: C:\Users\erkan\.stmcufinder\plugins\mcufinder//mcu/
2024-04-23 14:36:38,132 [INFO] CrossReferenceDbSqlite:203 - Set database path to: C:\Users\erkan\.stmcufinder\plugins\mcufinder//mcu/cs/
2024-04-23 14:36:38,254 [INFO] RulesReader:64 - Compatibility file has been processed (293 Rules)
2024-04-23 14:36:38,352 [INFO] DbMcusXml:78 - Set database path to: C:\ST\STM32CubeIDE_1.11.2\STM32CubeIDE\plugins\com.st.stm32cube.common.mx_6.9.2.202309101412\\db\/mcu/
2024-04-23 14:36:38,353 [INFO] ApiDb:274 - Set plugin database path to: C:\ST\STM32CubeIDE_1.11.2\STM32CubeIDE\plugins\com.st.stm32cube.common.mx_6.9.2.202309101412\\db\/plugins/boardmanager/
2024-04-23 14:36:38,353 [INFO] ApiDb:261 - Set plugin images path to: C:\ST\STM32CubeIDE_1.11.2\STM32CubeIDE\plugins\com.st.stm32cube.common.mx_6.9.2.202309101412\\db\/plugins/mcufinder/images/
2024-04-23 14:36:38,353 [WARN] DbFile:41 - Overriding database path with different value: C:\Users\erkan\.stmcufinder\plugins\mcufinder/ => C:\Users\erkan\.stmcufinder\plugins\mcufinder
2024-04-23 14:36:38,354 [INFO] ApiDb:250 - Set database path to: C:\Users\erkan\.stmcufinder\plugins\mcufinder//mcu/
2024-04-23 14:36:38,354 [WARN] DbFile:41 - Overriding database path with different value: C:\Users\erkan\.stmcufinder\plugins\mcufinder/ => C:\Users\erkan\.stmcufinder\plugins\mcufinder
2024-04-23 14:36:38,354 [INFO] DbMcusAds:125 - Set database path to: C:\Users\erkan\.stmcufinder\plugins\mcufinder//mcu/
2024-04-23 14:36:38,354 [WARN] DbFile:41 - Overriding database path with different value: C:\Users\erkan\.stmcufinder\plugins\mcufinder/ => C:\Users\erkan\.stmcufinder\plugins\mcufinder
2024-04-23 14:36:38,354 [WARN] DbFile:41 - Overriding database path with different value: C:\Users\erkan\.stmcufinder\plugins\mcufinder/ => C:\Users\erkan\.stmcufinder\plugins\mcufinder
2024-04-23 14:36:38,354 [INFO] CrossReferenceDbSqlite:203 - Set database path to: C:\Users\erkan\.stmcufinder\plugins\mcufinder//mcu/cs/
2024-04-23 14:36:38,449 [INFO] MainPanel:262 - HeapMemory: 268435456
2024-04-23 14:36:38,544 [INFO] DbMcusXml:78 - Set database path to: C:\ST\STM32CubeIDE_1.11.2\STM32CubeIDE\plugins\com.st.stm32cube.common.mx_6.9.2.202309101412\\db\/mcu/
2024-04-23 14:36:38,544 [INFO] ApiDb:274 - Set plugin database path to: C:\ST\STM32CubeIDE_1.11.2\STM32CubeIDE\plugins\com.st.stm32cube.common.mx_6.9.2.202309101412\\db\/plugins/boardmanager/
2024-04-23 14:36:38,544 [INFO] ApiDb:261 - Set plugin images path to: C:\ST\STM32CubeIDE_1.11.2\STM32CubeIDE\plugins\com.st.stm32cube.common.mx_6.9.2.202309101412\\db\/plugins/mcufinder/images/
2024-04-23 14:36:38,544 [WARN] DbFile:41 - Overriding database path with different value: C:\Users\erkan\.stmcufinder\plugins\mcufinder/ => C:\Users\erkan\.stmcufinder\plugins\mcufinder
2024-04-23 14:36:38,544 [INFO] ApiDb:250 - Set database path to: C:\Users\erkan\.stmcufinder\plugins\mcufinder//mcu/
2024-04-23 14:36:38,544 [WARN] DbFile:41 - Overriding database path with different value: C:\Users\erkan\.stmcufinder\plugins\mcufinder/ => C:\Users\erkan\.stmcufinder\plugins\mcufinder
2024-04-23 14:36:38,545 [INFO] DbMcusAds:125 - Set database path to: C:\Users\erkan\.stmcufinder\plugins\mcufinder//mcu/
2024-04-23 14:36:38,545 [WARN] DbFile:41 - Overriding database path with different value: C:\Users\erkan\.stmcufinder\plugins\mcufinder/ => C:\Users\erkan\.stmcufinder\plugins\mcufinder
2024-04-23 14:36:38,545 [WARN] DbFile:41 - Overriding database path with different value: C:\Users\erkan\.stmcufinder\plugins\mcufinder/ => C:\Users\erkan\.stmcufinder\plugins\mcufinder
2024-04-23 14:36:38,545 [INFO] CrossReferenceDbSqlite:203 - Set database path to: C:\Users\erkan\.stmcufinder\plugins\mcufinder//mcu/cs/
2024-04-23 14:36:38,564 [INFO] ApplicationProperties:184 - Using Application install path: C:\ST\STM32CubeIDE_1.11.2\STM32CubeIDE\plugins\com.st.stm32cube.common.mx_6.9.2.202309101412
2024-04-23 14:36:38,565 [INFO] PluginManage:196 - Search for loadable plugins [exclusion list=, ]
2024-04-23 14:36:38,567 [INFO] PluginManage:310 - Check plugin analytics
2024-04-23 14:36:38,757 [INFO] AnalyticsPlugin:253 - Accepted Software Licenses: STM32CubeMX.6.9.2
2024-04-23 14:36:38,758 [INFO] AnalyticsPlugin:255 - Accepted CMSIS Pack Licenses: 
2024-04-23 14:36:38,758 [INFO] AnalyticsPlugin:257 - Accepted Firmware Licenses: 
2024-04-23 14:36:38,762 [INFO] PluginManage:359 - Loaded plugin analytics (category:tool,tabindex:-1)
2024-04-23 14:36:38,763 [INFO] PluginManage:310 - Check plugin cadmodel
2024-04-23 14:36:38,782 [INFO] CADModel:105 - Init CAD model plugin
2024-04-23 14:36:38,782 [INFO] PluginManage:359 - Loaded plugin cadmodel (category:power,tabindex:5)
2024-04-23 14:36:38,782 [INFO] PluginManage:310 - Check plugin clock
2024-04-23 14:36:38,806 [INFO] PluginManage:359 - Loaded plugin clock (category:base,tabindex:2)
2024-04-23 14:36:38,806 [INFO] PluginManage:310 - Check plugin ddr
2024-04-23 14:36:38,810 [INFO] PluginManage:359 - Loaded plugin ddr (category:tool,tabindex:6)
2024-04-23 14:36:38,810 [INFO] PluginManage:310 - Check plugin filemanager
2024-04-23 14:36:38,965 [INFO] PluginManage:359 - Loaded plugin filemanager (category:base,tabindex:10)
2024-04-23 14:36:38,965 [INFO] PluginManage:310 - Check plugin ipmanager
2024-04-23 14:36:38,975 [INFO] PluginManage:359 - Loaded plugin ipmanager (category:base,tabindex:5)
2024-04-23 14:36:38,975 [INFO] PluginManage:310 - Check plugin lpbam
2024-04-23 14:36:38,992 [INFO] PluginManage:359 - Loaded plugin lpbam (category:base,tabindex:0)
2024-04-23 14:36:38,992 [INFO] PluginManage:310 - Check plugin memorymap
2024-04-23 14:36:39,015 [INFO] PluginManage:359 - Loaded plugin memorymap (category:base,tabindex:4)
2024-04-23 14:36:39,015 [INFO] PluginManage:310 - Check plugin pinoutandconfiguration
2024-04-23 14:36:39,034 [INFO] PluginManage:359 - Loaded plugin pinoutandconfiguration (category:base,tabindex:1)
2024-04-23 14:36:39,034 [INFO] PluginManage:310 - Check plugin pinoutconfig
2024-04-23 14:36:39,128 [WARN] SupportedApi:132 - Cannot load RTOS API schema: s4s-elt-must-match.1: The content of 'definitions' must match (annotation?, (simpleType | complexType)?, (unique | key | keyref)*)). A problem was found starting at: attribute.
2024-04-23 14:36:39,302 [INFO] PluginManage:359 - Loaded plugin pinoutconfig (category:base,tabindex:0)
2024-04-23 14:36:39,302 [INFO] PluginManage:310 - Check plugin power
2024-04-23 14:36:39,326 [INFO] PluginManage:359 - Loaded plugin power (category:power,tabindex:4)
2024-04-23 14:36:39,327 [INFO] PluginManage:310 - Check plugin projectmanager
2024-04-23 14:36:39,345 [INFO] PluginManage:359 - Loaded plugin projectmanager (category:projectmanager,tabindex:3)
2024-04-23 14:36:39,345 [INFO] PluginManage:310 - Check plugin thirdparty
2024-04-23 14:36:39,650 [INFO] PluginManage:359 - Loaded plugin thirdparty (category:base,tabindex:-1)
2024-04-23 14:36:39,650 [WARN] IntegrityCheckThread:84 - waiting for thirdparty lock release [integrity check]
2024-04-23 14:36:39,650 [INFO] PluginManage:310 - Check plugin tools
2024-04-23 14:36:39,650 [INFO] IntegrityCheckThread:86 - entering critical section [integrity check]
2024-04-23 14:36:39,651 [INFO] ThirdPartyUpdaterWithRetryManager:70 - Updater plugin not ready yet. [1/15]
2024-04-23 14:36:39,689 [INFO] PluginManage:359 - Loaded plugin tools (category:base,tabindex:7)
2024-04-23 14:36:39,689 [INFO] PluginManage:310 - Check plugin tutovideos
2024-04-23 14:36:39,888 [INFO] PluginManage:359 - Loaded plugin tutovideos (category:base,tabindex:-1)
2024-04-23 14:36:39,888 [INFO] PluginManage:310 - Check plugin updater
2024-04-23 14:36:39,901 [INFO] PluginManage:359 - Loaded plugin updater (category:base,tabindex:12)
2024-04-23 14:36:39,901 [INFO] PluginManage:310 - Check plugin userauth
2024-04-23 14:36:39,908 [INFO] UserAuth:113 - Init User Auth plugin
2024-04-23 14:36:39,908 [INFO] PluginManage:359 - Loaded plugin userauth (category:base,tabindex:14)
2024-04-23 14:36:39,909 [INFO] PluginManage:283 - PluginManage : Loaded plugins [17]
2024-04-23 14:36:40,235 [INFO] PinOutPanel:1499 - setPackage(No Configuration,No Configuration)
2024-04-23 14:36:40,380 [INFO] CADModel:165 - CPN selected for project level
2024-04-23 14:36:40,381 [INFO] CADModel:114 - Register for checkConnection events
2024-04-23 14:36:40,410 [INFO] IPUIPlugin:80 - create IPUIPlugin
2024-04-23 14:36:40,411 [INFO] PluginManager:220 - loadIPPluginJar : add adc
2024-04-23 14:36:40,450 [INFO] IPUIPlugin:80 - create IPUIPlugin
2024-04-23 14:36:40,450 [INFO] PluginManager:220 - loadIPPluginJar : add aes
2024-04-23 14:36:40,490 [INFO] IPUIPlugin:80 - create IPUIPlugin
2024-04-23 14:36:40,490 [INFO] PluginManager:220 - loadIPPluginJar : add can
2024-04-23 14:36:40,514 [INFO] IPUIPlugin:80 - create IPUIPlugin
2024-04-23 14:36:40,514 [INFO] PluginManager:220 - loadIPPluginJar : add comp
2024-04-23 14:36:40,547 [INFO] IPUIPlugin:80 - create IPUIPlugin
2024-04-23 14:36:40,547 [INFO] PluginManager:220 - loadIPPluginJar : add cryp
2024-04-23 14:36:40,600 [INFO] IPUIPlugin:80 - create IPUIPlugin
2024-04-23 14:36:40,600 [INFO] PluginManager:220 - loadIPPluginJar : add dfsdm
2024-04-23 14:36:40,616 [INFO] IPUIPlugin:80 - create IPUIPlugin
2024-04-23 14:36:40,616 [INFO] PluginManager:220 - loadIPPluginJar : add dma
2024-04-23 14:36:40,661 [INFO] IPUIPlugin:80 - create IPUIPlugin
2024-04-23 14:36:40,661 [INFO] PluginManager:220 - loadIPPluginJar : add dma3
2024-04-23 14:36:40,682 [INFO] IPUIPlugin:80 - create IPUIPlugin
2024-04-23 14:36:40,683 [INFO] PluginManager:220 - loadIPPluginJar : add fatfs
2024-04-23 14:36:40,731 [INFO] IPUIPlugin:80 - create IPUIPlugin
2024-04-23 14:36:40,731 [INFO] PluginManager:220 - loadIPPluginJar : add fmc
2024-04-23 14:36:40,759 [INFO] IPUIPlugin:80 - create IPUIPlugin
2024-04-23 14:36:40,759 [INFO] PluginManager:220 - loadIPPluginJar : add freertos
2024-04-23 14:36:40,800 [INFO] IPUIPlugin:80 - create IPUIPlugin
2024-04-23 14:36:40,800 [INFO] PluginManager:220 - loadIPPluginJar : add genericplugin
2024-04-23 14:36:40,948 [INFO] IPUIPlugin:80 - create IPUIPlugin
2024-04-23 14:36:40,949 [INFO] PluginManager:220 - loadIPPluginJar : add gfxmmu
2024-04-23 14:36:41,091 [INFO] IPUIPlugin:80 - create IPUIPlugin
2024-04-23 14:36:41,091 [INFO] PluginManager:220 - loadIPPluginJar : add gic
2024-04-23 14:36:41,104 [INFO] IPUIPlugin:80 - create IPUIPlugin
2024-04-23 14:36:41,104 [INFO] PluginManager:220 - loadIPPluginJar : add gpio
2024-04-23 14:36:41,201 [INFO] IPUIPlugin:80 - create IPUIPlugin
2024-04-23 14:36:41,201 [INFO] PluginManager:220 - loadIPPluginJar : add gtzc
2024-04-23 14:36:41,238 [INFO] IPUIPlugin:80 - create IPUIPlugin
2024-04-23 14:36:41,239 [INFO] PluginManager:220 - loadIPPluginJar : add hash
2024-04-23 14:36:41,297 [INFO] IPUIPlugin:80 - create IPUIPlugin
2024-04-23 14:36:41,297 [INFO] PluginManager:220 - loadIPPluginJar : add i2c
2024-04-23 14:36:41,335 [INFO] IPUIPlugin:80 - create IPUIPlugin
2024-04-23 14:36:41,335 [INFO] PluginManager:220 - loadIPPluginJar : add i2s
2024-04-23 14:36:41,378 [INFO] IPUIPlugin:80 - create IPUIPlugin
2024-04-23 14:36:41,378 [INFO] PluginManager:220 - loadIPPluginJar : add i3c
2024-04-23 14:36:41,478 [INFO] IPUIPlugin:80 - create IPUIPlugin
2024-04-23 14:36:41,478 [INFO] PluginManager:220 - loadIPPluginJar : add ipddr
2024-04-23 14:36:41,581 [INFO] IPUIPlugin:80 - create IPUIPlugin
2024-04-23 14:36:41,581 [INFO] PluginManager:220 - loadIPPluginJar : add linkedlist
2024-04-23 14:36:41,627 [INFO] IPUIPlugin:80 - create IPUIPlugin
2024-04-23 14:36:41,627 [INFO] PluginManager:220 - loadIPPluginJar : add lorawan
2024-04-23 14:36:41,671 [INFO] IPUIPlugin:80 - create IPUIPlugin
2024-04-23 14:36:41,671 [INFO] PluginManager:220 - loadIPPluginJar : add ltdc
2024-04-23 14:36:41,688 [INFO] IPUIPlugin:80 - create IPUIPlugin
2024-04-23 14:36:41,689 [INFO] PluginManager:220 - loadIPPluginJar : add mdma
2024-04-23 14:36:41,704 [INFO] IPUIPlugin:80 - create IPUIPlugin
2024-04-23 14:36:41,704 [INFO] PluginManager:220 - loadIPPluginJar : add nvic
2024-04-23 14:36:41,740 [INFO] IPUIPlugin:80 - create IPUIPlugin
2024-04-23 14:36:41,740 [INFO] PluginManager:220 - loadIPPluginJar : add opamp
2024-04-23 14:36:41,800 [INFO] IPUIPlugin:80 - create IPUIPlugin
2024-04-23 14:36:41,800 [INFO] PluginManager:220 - loadIPPluginJar : add openamp
2024-04-23 14:36:41,850 [INFO] IPUIPlugin:80 - create IPUIPlugin
2024-04-23 14:36:41,850 [INFO] PluginManager:220 - loadIPPluginJar : add pdm2pcm
2024-04-23 14:36:41,868 [INFO] IPUIPlugin:80 - create IPUIPlugin
2024-04-23 14:36:41,870 [INFO] PluginManager:220 - loadIPPluginJar : add plateformsettings
2024-04-23 14:36:41,892 [INFO] IPUIPlugin:80 - create IPUIPlugin
2024-04-23 14:36:41,892 [INFO] PluginManager:220 - loadIPPluginJar : add quadspi
2024-04-23 14:36:41,906 [INFO] IPUIPlugin:80 - create IPUIPlugin
2024-04-23 14:36:41,906 [INFO] PluginManager:220 - loadIPPluginJar : add resmgrutility
2024-04-23 14:36:41,956 [INFO] IPUIPlugin:80 - create IPUIPlugin
2024-04-23 14:36:41,956 [INFO] PluginManager:220 - loadIPPluginJar : add sai
2024-04-23 14:36:41,992 [INFO] IPUIPlugin:80 - create IPUIPlugin
2024-04-23 14:36:41,992 [INFO] PluginManager:220 - loadIPPluginJar : add spi
2024-04-23 14:36:42,047 [INFO] IPUIPlugin:80 - create IPUIPlugin
2024-04-23 14:36:42,047 [INFO] PluginManager:220 - loadIPPluginJar : add stm32_wpan
2024-04-23 14:36:42,071 [INFO] IPUIPlugin:80 - create IPUIPlugin
2024-04-23 14:36:42,071 [INFO] PluginManager:220 - loadIPPluginJar : add tim
2024-04-23 14:36:42,123 [INFO] IPUIPlugin:80 - create IPUIPlugin
2024-04-23 14:36:42,124 [INFO] PluginManager:220 - loadIPPluginJar : add touchsensing
2024-04-23 14:36:42,146 [INFO] IPUIPlugin:80 - create IPUIPlugin
2024-04-23 14:36:42,147 [INFO] PluginManager:220 - loadIPPluginJar : add tracer_emb
2024-04-23 14:36:42,168 [INFO] IPUIPlugin:80 - create IPUIPlugin
2024-04-23 14:36:42,168 [INFO] PluginManager:220 - loadIPPluginJar : add ts
2024-04-23 14:36:42,189 [INFO] IPUIPlugin:80 - create IPUIPlugin
2024-04-23 14:36:42,189 [INFO] PluginManager:220 - loadIPPluginJar : add tsc
2024-04-23 14:36:42,211 [INFO] IPUIPlugin:80 - create IPUIPlugin
2024-04-23 14:36:42,211 [INFO] PluginManager:220 - loadIPPluginJar : add ucpd
2024-04-23 14:36:42,255 [INFO] IPUIPlugin:80 - create IPUIPlugin
2024-04-23 14:36:42,255 [INFO] PluginManager:220 - loadIPPluginJar : add usart
2024-04-23 14:36:42,297 [INFO] IPUIPlugin:80 - create IPUIPlugin
2024-04-23 14:36:42,297 [INFO] PluginManager:220 - loadIPPluginJar : add usbx
2024-04-23 14:36:42,432 [INFO] CADModel:165 - CPN selected for project level
2024-04-23 14:36:42,433 [INFO] CADModel:114 - Register for checkConnection events
2024-04-23 14:36:42,433 [FATAL] Updater:308 - Updater called before beeing initialized
2024-04-23 14:36:42,433 [ERROR] CADModel:125 - Updater not yet initialized, retry later 
2024-04-23 14:36:42,652 [INFO] ThirdPartyUpdaterWithRetryManager:70 - Updater plugin not ready yet. [2/15]
2024-04-23 14:36:42,655 [INFO] CADModel:165 - CPN selected for project level
2024-04-23 14:36:42,655 [INFO] CADModel:114 - Register for checkConnection events
2024-04-23 14:36:42,655 [FATAL] Updater:308 - Updater called before beeing initialized
2024-04-23 14:36:42,655 [ERROR] CADModel:125 - Updater not yet initialized, retry later 
2024-04-23 14:36:42,660 [FATAL] Updater:308 - Updater called before beeing initialized
2024-04-23 14:36:42,782 [FATAL] Updater:308 - Updater called before beeing initialized
2024-04-23 14:36:42,793 [INFO] DbMcusAds:53 - JSON generation date=Wed Nov 29 11:52:27 CET 2023 (1701255147349)
2024-04-23 14:36:42,795 [FATAL] Updater:308 - Updater called before beeing initialized
2024-04-23 14:36:42,878 [WARN] DetailPanel:346 - Failed to get advertising image, set to default
2024-04-23 14:36:42,977 [FATAL] Updater:308 - Updater called before beeing initialized
2024-04-23 14:36:42,979 [FATAL] Updater:308 - Updater called before beeing initialized
2024-04-23 14:36:42,979 [FATAL] Updater:308 - Updater called before beeing initialized
2024-04-23 14:36:42,980 [WARN] DetailPanel:346 - Failed to get advertising image, set to default
2024-04-23 14:36:42,980 [FATAL] Updater:308 - Updater called before beeing initialized
2024-04-23 14:36:43,054 [ERROR] Updater:1120 - MainUpdater not yet initialized. External WinMGr cannot be set.
2024-04-23 14:36:43,065 [INFO] Updater:1056 - Updater Version found : 6.9.2
2024-04-23 14:36:43,086 [INFO] ApplicationProperties:184 - Using Application install path: C:\ST\STM32CubeIDE_1.11.2\STM32CubeIDE\plugins\com.st.stm32cube.common.mx_6.9.2.202309101412
2024-04-23 14:36:43,945 [INFO] MainUpdater:2868 - connection check result : 10
2024-04-23 14:36:43,948 [INFO] MainUpdater:285 - Updater Check For Update Now.
2024-04-23 14:36:43,949 [INFO] MicroXplorer:498 - Change Database Version : DB.6.0.92
2024-04-23 14:36:43,990 [INFO] McuFinderGlobals:63 - Set McuFinder mode to 2 (CubeIDE integrated)
2024-04-23 14:36:43,991 [INFO] UserAuth:179 - activating auth plugin
2024-04-23 14:36:43,999 [INFO] UserAuth:393 - Internet connection configuration mode: 1
2024-04-23 14:36:44,045 [INFO] JxBrowserEngine:151 - Initiate JxBrowser Engine with user profile folder
2024-04-23 14:36:44,233 [INFO] CheckServerUpdateThread:120 - End of CheckServer Thread
2024-04-23 14:36:46,059 [WARN] PackLoader:240 - Cannot read IP mode file for STMicroelectronics.FP-SNS-MOTENVWB1.1.4.0
2024-04-23 14:36:46,082 [WARN] PackLoader:240 - Cannot read IP mode file for STMicroelectronics.X-CUBE-SMBUS.2.1.0
2024-04-23 14:36:46,099 [WARN] PackLoader:240 - Cannot read IP mode file for STMicroelectronics.X-CUBE-TOUCHGFX.4.23.0
2024-04-23 14:36:46,114 [WARN] PackLoader:240 - Cannot read IP mode file for STMicroelectronics.X-CUBE-TOUCHGFX.4.23.2
2024-04-23 14:36:46,175 [WARN] PackLoader:240 - Cannot read IP mode file for STMicroelectronics.X-CUBE-AZRTOS-F7.1.1.0
2024-04-23 14:36:46,204 [WARN] PackLoader:240 - Cannot read IP mode file for STMicroelectronics.FP-SNS-MOTENV1.4.3.2
2024-04-23 14:36:46,228 [WARN] PackLoader:240 - Cannot read IP mode file for STMicroelectronics.X-CUBE-BLE1.6.2.4
2024-04-23 14:36:46,249 [WARN] PackLoader:240 - Cannot read IP mode file for STMicroelectronics.FP-SNS-FLIGHT1.5.0.2
2024-04-23 14:36:46,279 [WARN] PackLoader:240 - Cannot read IP mode file for STMicroelectronics.X-CUBE-DISPLAY.3.0.0
2024-04-23 14:36:46,305 [WARN] PackLoader:240 - Cannot read IP mode file for STMicroelectronics.X-CUBE-BLE1.7.0.0
2024-04-23 14:36:46,326 [WARN] PackLoader:240 - Cannot read IP mode file for STMicroelectronics.X-CUBE-TOUCHGFX.4.22.0
2024-04-23 14:36:46,340 [WARN] PackLoader:240 - Cannot read IP mode file for STMicroelectronics.X-CUBE-TOUCHGFX.4.22.1
2024-04-23 14:36:46,366 [WARN] PackLoader:240 - Cannot read IP mode file for STMicroelectronics.X-CUBE-BLEMGR.3.1.0
2024-04-23 14:36:46,389 [WARN] PackLoader:240 - Cannot read IP mode file for STMicroelectronics.FP-SNS-SMARTAG2.1.2.0
2024-04-23 14:36:46,425 [INFO] LogOutputStream:77 - [STDOUT_REDIRECT] 1 : Invalid condition id : UX_CORESTACK_Condition cause : null
2024-04-23 14:36:46,426 [INFO] LogOutputStream:77 - [STDOUT_REDIRECT] 1 : Invalid condition id : UX_CORESTACK_Condition cause : null
2024-04-23 14:36:46,428 [INFO] LogOutputStream:77 - [STDOUT_REDIRECT] 1 : Invalid condition id : UX_CORESTACK_Condition cause : null
2024-04-23 14:36:46,431 [INFO] LogOutputStream:77 - [STDOUT_REDIRECT] 1 : Invalid condition id : UX_CORESTACK_Condition cause : null
2024-04-23 14:36:46,433 [INFO] LogOutputStream:77 - [STDOUT_REDIRECT] 1 : Invalid condition id : UX_CORESTACK_Condition cause : null
2024-04-23 14:36:46,440 [WARN] PackLoader:240 - Cannot read IP mode file for STMicroelectronics.X-CUBE-AZRTOS-WL.2.0.0
2024-04-23 14:36:46,461 [WARN] PackLoader:240 - Cannot read IP mode file for STMicroelectronics.FP-SNS-MOTENV1.5.0.0
2024-04-23 14:36:46,491 [WARN] PackLoader:240 - Cannot read IP mode file for WES.I-CUBE-Cesium.1.3.0
2024-04-23 14:36:46,513 [WARN] PackLoader:240 - Cannot read IP mode file for STMicroelectronics.X-CUBE-BLE2.3.3.0
2024-04-23 14:36:46,557 [WARN] PackLoader:240 - Cannot read IP mode file for STMicroelectronics.X-CUBE-TOF1.3.2.0
2024-04-23 14:36:46,586 [WARN] PackLoader:240 - Cannot read IP mode file for STMicroelectronics.X-CUBE-TCPP.4.1.0
2024-04-23 14:36:46,603 [WARN] PackLoader:240 - Cannot read IP mode file for STMicroelectronics.X-CUBE-TOUCHGFX.4.21.1
2024-04-23 14:36:46,617 [WARN] PackLoader:240 - Cannot read IP mode file for STMicroelectronics.X-CUBE-AI.7.3.0
2024-04-23 14:36:46,635 [WARN] PackLoader:240 - Cannot read IP mode file for STMicroelectronics.X-CUBE-ALGOBUILD.1.3.0
2024-04-23 14:36:46,671 [WARN] PackLoader:240 - Cannot read IP mode file for STMicroelectronics.X-CUBE-AZRTOS-G0.1.1.0
2024-04-23 14:36:46,693 [WARN] PackLoader:240 - Cannot read IP mode file for STMicroelectronics.X-CUBE-SAFEA1.1.2.2
2024-04-23 14:36:46,712 [WARN] PackLoader:240 - Cannot read IP mode file for STMicroelectronics.X-CUBE-NFC4.3.0.0
2024-04-23 14:36:46,733 [WARN] PackLoader:240 - Cannot read IP mode file for STMicroelectronics.X-CUBE-BLEMGR.3.0.0
2024-04-23 14:36:46,757 [WARN] PackLoader:240 - Cannot read IP mode file for STMicroelectronics.X-CUBE-BLEMGR.1.3.0
2024-04-23 14:36:46,775 [WARN] PackLoader:240 - Cannot read IP mode file for STMicroelectronics.FP-ATR-SIGFOX1.3.2.0
2024-04-23 14:36:46,793 [WARN] PackLoader:240 - Cannot read IP mode file for STMicroelectronics.X-CUBE-EEPRMA1.5.1.0
2024-04-23 14:36:46,865 [WARN] PackLoader:240 - Cannot read IP mode file for STMicroelectronics.X-CUBE-MEMS1.9.5.0
2024-04-23 14:36:47,111 [WARN] PackLoader:240 - Cannot read IP mode file for SEGGER.I-CUBE-embOS.1.3.1
2024-04-23 14:36:47,176 [WARN] PackLoader:240 - Cannot read IP mode file for STMicroelectronics.X-CUBE-GNSS1.6.0.0
2024-04-23 14:36:47,238 [WARN] PackLoader:240 - Cannot read IP mode file for STMicroelectronics.X-CUBE-AZRTOS-F4.1.1.0
2024-04-23 14:36:47,292 [WARN] PackLoader:240 - Cannot read IP mode file for STMicroelectronics.X-CUBE-AZRTOS-L5.2.0.0
2024-04-23 14:36:47,406 [WARN] PackLoader:240 - Cannot read IP mode file for STMicroelectronics.X-CUBE-MEMS1.9.6.0
2024-04-23 14:36:47,645 [WARN] PackLoader:240 - Cannot read IP mode file for STMicroelectronics.X-CUBE-EEPRMA1.4.2.0
2024-04-23 14:36:47,671 [WARN] PackLoader:240 - Cannot read IP mode file for STMicroelectronics.X-CUBE-NFC6.3.1.0
2024-04-23 14:36:47,697 [WARN] PackLoader:240 - Cannot read IP mode file for ITTIA_DB.I-CUBE-ITTIADB.8.8.0
2024-04-23 14:36:47,721 [WARN] PackLoader:240 - Cannot read IP mode file for emotas.I-CUBE-CANOPEN.1.1.3
2024-04-23 14:36:47,744 [WARN] PackLoader:240 - Cannot read IP mode file for STMicroelectronics.X-CUBE-BLEMGR.2.0.0
2024-04-23 14:36:47,762 [WARN] PackLoader:240 - Cannot read IP mode file for STMicroelectronics.X-CUBE-AI.9.0.0
2024-04-23 14:36:47,804 [WARN] ConditionMgr:438 - getConditionDescription Invalid condition id : UX DEVICE CLASS RTOS Condition cause : null
2024-04-23 14:36:47,805 [WARN] ConditionMgr:438 - getConditionDescription Invalid condition id : UX DEVICE CLASS RTOS Condition cause : null
2024-04-23 14:36:47,809 [WARN] PackLoader:240 - Cannot read IP mode file for STMicroelectronics.X-CUBE-AZRTOS-H7.3.1.0
2024-04-23 14:36:47,811 [WARN] ConditionMgr:1039 - genDependencies : Invalid condition id : UX DEVICE CLASS RTOS Condition cause : null
2024-04-23 14:36:47,811 [WARN] ConditionMgr:1039 - genDependencies : Invalid condition id : UX DEVICE CLASS RTOS Condition cause : null
2024-04-23 14:36:47,813 [WARN] ConditionMgr:1039 - genDependencies : Invalid condition id : UX DEVICE CLASS RTOS Condition cause : null
2024-04-23 14:36:47,813 [WARN] ConditionMgr:1039 - genDependencies : Invalid condition id : UX DEVICE CLASS RTOS Condition cause : null
2024-04-23 14:36:47,814 [WARN] ConditionMgr:1039 - genDependencies : Invalid condition id : UX DEVICE CLASS RTOS Condition cause : null
2024-04-23 14:36:47,831 [WARN] PackLoader:240 - Cannot read IP mode file for wolfSSL.I-CUBE-wolfSSL.5.5.4
2024-04-23 14:36:47,850 [INFO] WebApp:157 - Instantiating new browser for Auth
2024-04-23 14:36:47,851 [WARN] PackLoader:240 - Cannot read IP mode file for STMicroelectronics.X-CUBE-NFC7.1.0.1
2024-04-23 14:36:47,878 [WARN] PackLoader:240 - Cannot read IP mode file for STMicroelectronics.X-CUBE-NFC7.1.0.0
2024-04-23 14:36:47,914 [WARN] PackLoader:240 - Cannot read IP mode file for STMicroelectronics.X-CUBE-NFC6.3.0.0
2024-04-23 14:36:47,940 [WARN] PackLoader:240 - Cannot read IP mode file for STMicroelectronics.X-CUBE-EEPRMA1.4.1.0
2024-04-23 14:36:47,957 [WARN] PackLoader:240 - Cannot read IP mode file for STMicroelectronics.X-CUBE-AI.8.1.0
2024-04-23 14:36:47,998 [WARN] ConditionMgr:438 - getConditionDescription Invalid condition id : LAN8742 Phy interface Condition cause : null
2024-04-23 14:36:47,999 [WARN] PackLoader:240 - Cannot read IP mode file for STMicroelectronics.X-CUBE-AZRTOS-L4.2.0.0
2024-04-23 14:36:48,001 [WARN] ConditionMgr:1039 - genDependencies : Invalid condition id : LAN8742 Phy interface Condition cause : null
2024-04-23 14:36:48,005 [WARN] ConditionMgr:1039 - genDependencies : Invalid condition id : LAN8742 Phy interface Condition cause : null
2024-04-23 14:36:48,008 [WARN] ConditionMgr:1039 - genDependencies : Invalid condition id : LAN8742 Phy interface Condition cause : null
2024-04-23 14:36:48,031 [WARN] PackLoader:240 - Cannot read IP mode file for STMicroelectronics.X-CUBE-SFXS2LP1.4.0.0
2024-04-23 14:36:48,101 [WARN] PackLoader:240 - Cannot read IP mode file for STMicroelectronics.X-CUBE-AZRTOS-H7.3.0.0
2024-04-23 14:36:48,126 [WARN] PackLoader:240 - Cannot read IP mode file for STMicroelectronics.X-CUBE-ISPU.1.1.0
2024-04-23 14:36:48,152 [WARN] PackLoader:240 - Cannot read IP mode file for RoweBots.I-CUBE-UNISONRTOS.5.5.0-4
2024-04-23 14:36:48,167 [WARN] PackLoader:240 - Cannot read IP mode file for STMicroelectronics.X-CUBE-AI.8.0.0
2024-04-23 14:36:48,198 [WARN] ConditionMgr:438 - getConditionDescription Invalid condition id : UX DEVICE CLASS RTOS Condition cause : null
2024-04-23 14:36:48,198 [WARN] ConditionMgr:438 - getConditionDescription Invalid condition id : UX DEVICE CLASS RTOS Condition cause : null
2024-04-23 14:36:48,200 [WARN] PackLoader:240 - Cannot read IP mode file for STMicroelectronics.X-CUBE-AZRTOS-WB.2.0.0
2024-04-23 14:36:48,201 [WARN] ConditionMgr:1039 - genDependencies : Invalid condition id : UX DEVICE CLASS RTOS Condition cause : null
2024-04-23 14:36:48,201 [WARN] ConditionMgr:1039 - genDependencies : Invalid condition id : UX DEVICE CLASS RTOS Condition cause : null
2024-04-23 14:36:48,202 [WARN] ConditionMgr:1039 - genDependencies : Invalid condition id : UX DEVICE CLASS RTOS Condition cause : null
2024-04-23 14:36:48,202 [WARN] ConditionMgr:1039 - genDependencies : Invalid condition id : UX DEVICE CLASS RTOS Condition cause : null
2024-04-23 14:36:48,202 [WARN] ConditionMgr:1039 - genDependencies : Invalid condition id : UX DEVICE CLASS RTOS Condition cause : null
2024-04-23 14:36:48,218 [WARN] PackLoader:240 - Cannot read IP mode file for STMicroelectronics.X-CUBE-FREERTOS.1.0.1
2024-04-23 14:36:48,259 [WARN] PackLoader:240 - Cannot read IP mode file for STMicroelectronics.X-CUBE-AZRTOS-L5.1.1.0
2024-04-23 14:36:48,293 [WARN] PackLoader:240 - Cannot read IP mode file for STMicroelectronics.X-CUBE-SUBG2.5.0.0
2024-04-23 14:36:48,326 [WARN] PackLoader:240 - Cannot read IP mode file for STMicroelectronics.X-CUBE-TOF1.3.3.1
2024-04-23 14:36:48,377 [WARN] PackLoader:240 - Cannot read IP mode file for STMicroelectronics.X-CUBE-AZRTOS-G4.2.0.0
2024-04-23 14:36:48,395 [WARN] PackLoader:240 - Cannot read IP mode file for STMicroelectronics.FP-ATR-ASTRA1.1.1.1
2024-04-23 14:36:48,429 [WARN] PackLoader:240 - Cannot read IP mode file for Infineon.AIROC-Wi-Fi-Bluetooth-STM32.1.5.1
2024-04-23 14:36:48,446 [WARN] PackLoader:240 - Cannot read IP mode file for STMicroelectronics.FP-SNS-MOTENVWB1.1.3.0
2024-04-23 14:36:48,464 [WARN] PackLoader:240 - Cannot read IP mode file for STMicroelectronics.FP-SNS-MOTENVWB1.1.3.1
2024-04-23 14:36:48,500 [WARN] PackLoader:240 - Cannot read IP mode file for STMicroelectronics.X-CUBE-AZRTOS-G4.1.0.0
2024-04-23 14:36:48,547 [WARN] PackLoader:240 - Cannot read IP mode file for STMicroelectronics.X-CUBE-AZRTOS-L4.1.0.0
2024-04-23 14:36:48,570 [WARN] PackLoader:240 - Cannot read IP mode file for STMicroelectronics.X-CUBE-ISPU.2.0.0
2024-04-23 14:36:48,636 [WARN] PackLoader:240 - Cannot read IP mode file for STMicroelectronics.X-CUBE-MEMS1.10.0.0
2024-04-23 14:36:48,783 [WARN] PackLoader:240 - Cannot read IP mode file for STMicroelectronics.X-CUBE-FREERTOS.1.1.0
2024-04-23 14:36:48,820 [WARN] PackLoader:240 - Cannot read IP mode file for STMicroelectronics.X-CUBE-AZRTOS-WL.1.0.0
2024-04-23 14:36:48,853 [WARN] PackLoader:240 - Cannot read IP mode file for portGmbH.I-Cube-SoM-uGOAL.1.1.0
2024-04-23 14:36:48,871 [WARN] PackLoader:240 - Cannot read IP mode file for STMicroelectronics.X-CUBE-ALS.1.0.1
2024-04-23 14:36:48,893 [INFO] WebApp:753 - Register for checkConnection events
2024-04-23 14:36:48,893 [INFO] WebApp:390 - Apply proxy settings
2024-04-23 14:36:48,893 [INFO] WebApp:475 - Chromium requires no authentication
2024-04-23 14:36:48,903 [WARN] PackLoader:240 - Cannot read IP mode file for STMicroelectronics.X-CUBE-AZRTOS-WB.1.1.0
2024-04-23 14:36:48,906 [INFO] WebApp:418 - Direct internet connection detected
2024-04-23 14:36:48,945 [WARN] PackLoader:240 - Cannot read IP mode file for STMicroelectronics.X-CUBE-AZRTOS-H7RS.1.0.0
2024-04-23 14:36:48,961 [WARN] PackLoader:240 - Cannot read IP mode file for STMicroelectronics.FP-ATR-ASTRA1.2.0.0
2024-04-23 14:36:48,986 [WARN] PackLoader:240 - Cannot read IP mode file for STMicroelectronics.X-CUBE-TOF1.3.4.0
2024-04-23 14:36:49,021 [WARN] PackLoader:240 - Cannot read IP mode file for STMicroelectronics.X-CUBE-TOF1.3.4.1
2024-04-23 14:36:49,085 [WARN] PackLoader:240 - Cannot read IP mode file for STMicroelectronics.X-CUBE-AZRTOS-H7.3.2.0
2024-04-23 14:36:49,088 [INFO] ThirdParty:978 - Integrity check success = true
2024-04-23 14:36:49,089 [INFO] IntegrityCheckThread:100 - exiting critical section [integrity check]
2024-04-23 14:36:49,089 [INFO] IntegrityCheckThread:103 - End integrity checks thread
2024-04-23 14:36:49,188 [INFO] WebApp:188 - Starting web application
2024-04-23 14:36:49,188 [INFO] WebApp:520 - Web application path used C:\ST\STM32CubeIDE_1.11.2\STM32CubeIDE\plugins\com.st.stm32cube.common.mx_6.9.2.202309101412\db\plugins\mcufinder\reactClient1\index.html
2024-04-23 14:37:10,465 [ERROR] LogOutputStream:75 - [STDERR_REDIRECT] SLF4J: Failed to load class "org.slf4j.impl.StaticLoggerBinder".
2024-04-23 14:37:10,468 [ERROR] LogOutputStream:75 - [STDERR_REDIRECT] SLF4J: Defaulting to no-operation (NOP) logger implementation
2024-04-23 14:37:10,470 [ERROR] LogOutputStream:75 - [STDERR_REDIRECT] SLF4J: See http://www.slf4j.org/codes.html#StaticLoggerBinder for further details.
2024-04-23 16:03:18,971 [ERROR] LogOutputStream:75 - [STDERR_REDIRECT] 
