2024-04-05 10:47:42,213 [INFO] Activator:176 - 


2024-04-05 10:47:42,222 [INFO] Activator:177 - !SESSION log4j initialized
2024-04-05 10:47:49,172 [INFO] LogOutputStream:77 - [STDOUT_REDIRECT] 
2024-04-05 10:47:51,366 [INFO] ApplicationProperties:184 - Using Application install path: C:\ST\STM32CubeIDE_1.11.2\STM32CubeIDE\plugins\com.st.stm32cube.common.mx_6.9.2.202309101412
2024-04-05 10:47:51,386 [INFO] DbMcusXml:78 - Set database path to: C:\ST\STM32CubeIDE_1.11.2\STM32CubeIDE\plugins\com.st.stm32cube.common.mx_6.9.2.202309101412\\db\/mcu/
2024-04-05 10:47:51,387 [INFO] ApiDb:274 - Set plugin database path to: C:\ST\STM32CubeIDE_1.11.2\STM32CubeIDE\plugins\com.st.stm32cube.common.mx_6.9.2.202309101412\\db\/plugins/boardmanager/
2024-04-05 10:47:51,387 [WARN] ApiDb:259 - Overriding images path with different value:  => C:\ST\STM32CubeIDE_1.11.2\STM32CubeIDE\plugins\com.st.stm32cube.common.mx_6.9.2.202309101412\\db\/plugins/mcufinder/images/
2024-04-05 10:47:51,406 [INFO] ApiDb:250 - Set database path to: C:\Users\erkan\.stmcufinder\plugins\mcufinder//mcu/
2024-04-05 10:47:51,408 [INFO] DbMcusAds:125 - Set database path to: C:\Users\erkan\.stmcufinder\plugins\mcufinder//mcu/
2024-04-05 10:47:51,410 [INFO] CrossReferenceDbSqlite:203 - Set database path to: C:\Users\erkan\.stmcufinder\plugins\mcufinder//mcu/cs/
2024-04-05 10:47:51,522 [INFO] RulesReader:64 - Compatibility file has been processed (293 Rules)
2024-04-05 10:47:51,614 [INFO] DbMcusXml:78 - Set database path to: C:\ST\STM32CubeIDE_1.11.2\STM32CubeIDE\plugins\com.st.stm32cube.common.mx_6.9.2.202309101412\\db\/mcu/
2024-04-05 10:47:51,615 [INFO] ApiDb:274 - Set plugin database path to: C:\ST\STM32CubeIDE_1.11.2\STM32CubeIDE\plugins\com.st.stm32cube.common.mx_6.9.2.202309101412\\db\/plugins/boardmanager/
2024-04-05 10:47:51,615 [INFO] ApiDb:261 - Set plugin images path to: C:\ST\STM32CubeIDE_1.11.2\STM32CubeIDE\plugins\com.st.stm32cube.common.mx_6.9.2.202309101412\\db\/plugins/mcufinder/images/
2024-04-05 10:47:51,615 [WARN] DbFile:41 - Overriding database path with different value: C:\Users\erkan\.stmcufinder\plugins\mcufinder/ => C:\Users\erkan\.stmcufinder\plugins\mcufinder
2024-04-05 10:47:51,615 [INFO] ApiDb:250 - Set database path to: C:\Users\erkan\.stmcufinder\plugins\mcufinder//mcu/
2024-04-05 10:47:51,615 [WARN] DbFile:41 - Overriding database path with different value: C:\Users\erkan\.stmcufinder\plugins\mcufinder/ => C:\Users\erkan\.stmcufinder\plugins\mcufinder
2024-04-05 10:47:51,615 [INFO] DbMcusAds:125 - Set database path to: C:\Users\erkan\.stmcufinder\plugins\mcufinder//mcu/
2024-04-05 10:47:51,615 [WARN] DbFile:41 - Overriding database path with different value: C:\Users\erkan\.stmcufinder\plugins\mcufinder/ => C:\Users\erkan\.stmcufinder\plugins\mcufinder
2024-04-05 10:47:51,615 [WARN] DbFile:41 - Overriding database path with different value: C:\Users\erkan\.stmcufinder\plugins\mcufinder/ => C:\Users\erkan\.stmcufinder\plugins\mcufinder
2024-04-05 10:47:51,615 [INFO] CrossReferenceDbSqlite:203 - Set database path to: C:\Users\erkan\.stmcufinder\plugins\mcufinder//mcu/cs/
2024-04-05 10:47:51,697 [INFO] MainPanel:262 - HeapMemory: 268435456
2024-04-05 10:47:51,804 [INFO] DbMcusXml:78 - Set database path to: C:\ST\STM32CubeIDE_1.11.2\STM32CubeIDE\plugins\com.st.stm32cube.common.mx_6.9.2.202309101412\\db\/mcu/
2024-04-05 10:47:51,804 [INFO] ApiDb:274 - Set plugin database path to: C:\ST\STM32CubeIDE_1.11.2\STM32CubeIDE\plugins\com.st.stm32cube.common.mx_6.9.2.202309101412\\db\/plugins/boardmanager/
2024-04-05 10:47:51,804 [INFO] ApiDb:261 - Set plugin images path to: C:\ST\STM32CubeIDE_1.11.2\STM32CubeIDE\plugins\com.st.stm32cube.common.mx_6.9.2.202309101412\\db\/plugins/mcufinder/images/
2024-04-05 10:47:51,804 [WARN] DbFile:41 - Overriding database path with different value: C:\Users\erkan\.stmcufinder\plugins\mcufinder/ => C:\Users\erkan\.stmcufinder\plugins\mcufinder
2024-04-05 10:47:51,804 [INFO] ApiDb:250 - Set database path to: C:\Users\erkan\.stmcufinder\plugins\mcufinder//mcu/
2024-04-05 10:47:51,804 [WARN] DbFile:41 - Overriding database path with different value: C:\Users\erkan\.stmcufinder\plugins\mcufinder/ => C:\Users\erkan\.stmcufinder\plugins\mcufinder
2024-04-05 10:47:51,805 [INFO] DbMcusAds:125 - Set database path to: C:\Users\erkan\.stmcufinder\plugins\mcufinder//mcu/
2024-04-05 10:47:51,805 [WARN] DbFile:41 - Overriding database path with different value: C:\Users\erkan\.stmcufinder\plugins\mcufinder/ => C:\Users\erkan\.stmcufinder\plugins\mcufinder
2024-04-05 10:47:51,805 [WARN] DbFile:41 - Overriding database path with different value: C:\Users\erkan\.stmcufinder\plugins\mcufinder/ => C:\Users\erkan\.stmcufinder\plugins\mcufinder
2024-04-05 10:47:51,805 [INFO] CrossReferenceDbSqlite:203 - Set database path to: C:\Users\erkan\.stmcufinder\plugins\mcufinder//mcu/cs/
2024-04-05 10:47:51,826 [INFO] ApplicationProperties:184 - Using Application install path: C:\ST\STM32CubeIDE_1.11.2\STM32CubeIDE\plugins\com.st.stm32cube.common.mx_6.9.2.202309101412
2024-04-05 10:47:51,828 [INFO] PluginManage:196 - Search for loadable plugins [exclusion list=, ]
2024-04-05 10:47:51,829 [INFO] PluginManage:310 - Check plugin analytics
2024-04-05 10:47:51,998 [INFO] AnalyticsPlugin:253 - Accepted Software Licenses: STM32CubeMX.6.9.2
2024-04-05 10:47:51,998 [INFO] AnalyticsPlugin:255 - Accepted CMSIS Pack Licenses: 
2024-04-05 10:47:51,998 [INFO] AnalyticsPlugin:257 - Accepted Firmware Licenses: 
2024-04-05 10:47:52,001 [INFO] PluginManage:359 - Loaded plugin analytics (category:tool,tabindex:-1)
2024-04-05 10:47:52,001 [INFO] PluginManage:310 - Check plugin cadmodel
2024-04-05 10:47:52,015 [INFO] CADModel:105 - Init CAD model plugin
2024-04-05 10:47:52,015 [INFO] PluginManage:359 - Loaded plugin cadmodel (category:power,tabindex:5)
2024-04-05 10:47:52,016 [INFO] PluginManage:310 - Check plugin clock
2024-04-05 10:47:52,037 [INFO] PluginManage:359 - Loaded plugin clock (category:base,tabindex:2)
2024-04-05 10:47:52,037 [INFO] PluginManage:310 - Check plugin ddr
2024-04-05 10:47:52,040 [INFO] PluginManage:359 - Loaded plugin ddr (category:tool,tabindex:6)
2024-04-05 10:47:52,040 [INFO] PluginManage:310 - Check plugin filemanager
2024-04-05 10:47:52,189 [INFO] PluginManage:359 - Loaded plugin filemanager (category:base,tabindex:10)
2024-04-05 10:47:52,189 [INFO] PluginManage:310 - Check plugin ipmanager
2024-04-05 10:47:52,198 [INFO] PluginManage:359 - Loaded plugin ipmanager (category:base,tabindex:5)
2024-04-05 10:47:52,198 [INFO] PluginManage:310 - Check plugin lpbam
2024-04-05 10:47:52,218 [INFO] PluginManage:359 - Loaded plugin lpbam (category:base,tabindex:0)
2024-04-05 10:47:52,218 [INFO] PluginManage:310 - Check plugin memorymap
2024-04-05 10:47:52,245 [INFO] PluginManage:359 - Loaded plugin memorymap (category:base,tabindex:4)
2024-04-05 10:47:52,246 [INFO] PluginManage:310 - Check plugin pinoutandconfiguration
2024-04-05 10:47:52,263 [INFO] PluginManage:359 - Loaded plugin pinoutandconfiguration (category:base,tabindex:1)
2024-04-05 10:47:52,263 [INFO] PluginManage:310 - Check plugin pinoutconfig
2024-04-05 10:47:52,356 [WARN] SupportedApi:132 - Cannot load RTOS API schema: s4s-elt-must-match.1: The content of 'definitions' must match (annotation?, (simpleType | complexType)?, (unique | key | keyref)*)). A problem was found starting at: attribute.
2024-04-05 10:47:52,517 [INFO] PluginManage:359 - Loaded plugin pinoutconfig (category:base,tabindex:0)
2024-04-05 10:47:52,517 [INFO] PluginManage:310 - Check plugin power
2024-04-05 10:47:52,544 [INFO] PluginManage:359 - Loaded plugin power (category:power,tabindex:4)
2024-04-05 10:47:52,544 [INFO] PluginManage:310 - Check plugin projectmanager
2024-04-05 10:47:52,560 [INFO] PluginManage:359 - Loaded plugin projectmanager (category:projectmanager,tabindex:3)
2024-04-05 10:47:52,560 [INFO] PluginManage:310 - Check plugin thirdparty
2024-04-05 10:47:52,854 [INFO] PluginManage:359 - Loaded plugin thirdparty (category:base,tabindex:-1)
2024-04-05 10:47:52,854 [WARN] IntegrityCheckThread:84 - waiting for thirdparty lock release [integrity check]
2024-04-05 10:47:52,854 [INFO] PluginManage:310 - Check plugin tools
2024-04-05 10:47:52,854 [INFO] IntegrityCheckThread:86 - entering critical section [integrity check]
2024-04-05 10:47:52,855 [INFO] ThirdPartyUpdaterWithRetryManager:70 - Updater plugin not ready yet. [1/15]
2024-04-05 10:47:52,898 [INFO] PluginManage:359 - Loaded plugin tools (category:base,tabindex:7)
2024-04-05 10:47:52,898 [INFO] PluginManage:310 - Check plugin tutovideos
2024-04-05 10:47:53,104 [INFO] PluginManage:359 - Loaded plugin tutovideos (category:base,tabindex:-1)
2024-04-05 10:47:53,104 [INFO] PluginManage:310 - Check plugin updater
2024-04-05 10:47:53,117 [INFO] PluginManage:359 - Loaded plugin updater (category:base,tabindex:12)
2024-04-05 10:47:53,117 [INFO] PluginManage:310 - Check plugin userauth
2024-04-05 10:47:53,122 [INFO] UserAuth:113 - Init User Auth plugin
2024-04-05 10:47:53,123 [INFO] PluginManage:359 - Loaded plugin userauth (category:base,tabindex:14)
2024-04-05 10:47:53,123 [INFO] PluginManage:283 - PluginManage : Loaded plugins [17]
2024-04-05 10:47:53,363 [INFO] PinOutPanel:1499 - setPackage(No Configuration,No Configuration)
2024-04-05 10:47:53,483 [INFO] CADModel:165 - CPN selected for project level
2024-04-05 10:47:53,483 [INFO] CADModel:114 - Register for checkConnection events
2024-04-05 10:47:53,510 [INFO] IPUIPlugin:80 - create IPUIPlugin
2024-04-05 10:47:53,510 [INFO] PluginManager:220 - loadIPPluginJar : add adc
2024-04-05 10:47:53,543 [INFO] IPUIPlugin:80 - create IPUIPlugin
2024-04-05 10:47:53,543 [INFO] PluginManager:220 - loadIPPluginJar : add aes
2024-04-05 10:47:53,582 [INFO] IPUIPlugin:80 - create IPUIPlugin
2024-04-05 10:47:53,582 [INFO] PluginManager:220 - loadIPPluginJar : add can
2024-04-05 10:47:53,605 [INFO] IPUIPlugin:80 - create IPUIPlugin
2024-04-05 10:47:53,605 [INFO] PluginManager:220 - loadIPPluginJar : add comp
2024-04-05 10:47:53,637 [INFO] IPUIPlugin:80 - create IPUIPlugin
2024-04-05 10:47:53,637 [INFO] PluginManager:220 - loadIPPluginJar : add cryp
2024-04-05 10:47:53,665 [INFO] IPUIPlugin:80 - create IPUIPlugin
2024-04-05 10:47:53,665 [INFO] PluginManager:220 - loadIPPluginJar : add dfsdm
2024-04-05 10:47:53,680 [INFO] IPUIPlugin:80 - create IPUIPlugin
2024-04-05 10:47:53,681 [INFO] PluginManager:220 - loadIPPluginJar : add dma
2024-04-05 10:47:53,724 [INFO] IPUIPlugin:80 - create IPUIPlugin
2024-04-05 10:47:53,724 [INFO] PluginManager:220 - loadIPPluginJar : add dma3
2024-04-05 10:47:53,748 [INFO] IPUIPlugin:80 - create IPUIPlugin
2024-04-05 10:47:53,748 [INFO] PluginManager:220 - loadIPPluginJar : add fatfs
2024-04-05 10:47:53,799 [INFO] IPUIPlugin:80 - create IPUIPlugin
2024-04-05 10:47:53,799 [INFO] PluginManager:220 - loadIPPluginJar : add fmc
2024-04-05 10:47:53,815 [INFO] IPUIPlugin:80 - create IPUIPlugin
2024-04-05 10:47:53,815 [INFO] PluginManager:220 - loadIPPluginJar : add freertos
2024-04-05 10:47:53,839 [INFO] IPUIPlugin:80 - create IPUIPlugin
2024-04-05 10:47:53,839 [INFO] PluginManager:220 - loadIPPluginJar : add genericplugin
2024-04-05 10:47:53,933 [INFO] IPUIPlugin:80 - create IPUIPlugin
2024-04-05 10:47:53,933 [INFO] PluginManager:220 - loadIPPluginJar : add gfxmmu
2024-04-05 10:47:54,054 [INFO] IPUIPlugin:80 - create IPUIPlugin
2024-04-05 10:47:54,054 [INFO] PluginManager:220 - loadIPPluginJar : add gic
2024-04-05 10:47:54,067 [INFO] IPUIPlugin:80 - create IPUIPlugin
2024-04-05 10:47:54,068 [INFO] PluginManager:220 - loadIPPluginJar : add gpio
2024-04-05 10:47:54,152 [INFO] IPUIPlugin:80 - create IPUIPlugin
2024-04-05 10:47:54,152 [INFO] PluginManager:220 - loadIPPluginJar : add gtzc
2024-04-05 10:47:54,183 [INFO] IPUIPlugin:80 - create IPUIPlugin
2024-04-05 10:47:54,183 [INFO] PluginManager:220 - loadIPPluginJar : add hash
2024-04-05 10:47:54,232 [INFO] IPUIPlugin:80 - create IPUIPlugin
2024-04-05 10:47:54,232 [INFO] PluginManager:220 - loadIPPluginJar : add i2c
2024-04-05 10:47:54,270 [INFO] IPUIPlugin:80 - create IPUIPlugin
2024-04-05 10:47:54,270 [INFO] PluginManager:220 - loadIPPluginJar : add i2s
2024-04-05 10:47:54,308 [INFO] IPUIPlugin:80 - create IPUIPlugin
2024-04-05 10:47:54,308 [INFO] PluginManager:220 - loadIPPluginJar : add i3c
2024-04-05 10:47:54,403 [INFO] IPUIPlugin:80 - create IPUIPlugin
2024-04-05 10:47:54,403 [INFO] PluginManager:220 - loadIPPluginJar : add ipddr
2024-04-05 10:47:54,490 [INFO] IPUIPlugin:80 - create IPUIPlugin
2024-04-05 10:47:54,490 [INFO] PluginManager:220 - loadIPPluginJar : add linkedlist
2024-04-05 10:47:54,524 [INFO] IPUIPlugin:80 - create IPUIPlugin
2024-04-05 10:47:54,525 [INFO] PluginManager:220 - loadIPPluginJar : add lorawan
2024-04-05 10:47:54,561 [INFO] IPUIPlugin:80 - create IPUIPlugin
2024-04-05 10:47:54,561 [INFO] PluginManager:220 - loadIPPluginJar : add ltdc
2024-04-05 10:47:54,574 [INFO] IPUIPlugin:80 - create IPUIPlugin
2024-04-05 10:47:54,574 [INFO] PluginManager:220 - loadIPPluginJar : add mdma
2024-04-05 10:47:54,587 [INFO] IPUIPlugin:80 - create IPUIPlugin
2024-04-05 10:47:54,588 [INFO] PluginManager:220 - loadIPPluginJar : add nvic
2024-04-05 10:47:54,621 [INFO] IPUIPlugin:80 - create IPUIPlugin
2024-04-05 10:47:54,621 [INFO] PluginManager:220 - loadIPPluginJar : add opamp
2024-04-05 10:47:54,677 [INFO] IPUIPlugin:80 - create IPUIPlugin
2024-04-05 10:47:54,677 [INFO] PluginManager:220 - loadIPPluginJar : add openamp
2024-04-05 10:47:54,719 [INFO] IPUIPlugin:80 - create IPUIPlugin
2024-04-05 10:47:54,719 [INFO] PluginManager:220 - loadIPPluginJar : add pdm2pcm
2024-04-05 10:47:54,735 [INFO] IPUIPlugin:80 - create IPUIPlugin
2024-04-05 10:47:54,737 [INFO] PluginManager:220 - loadIPPluginJar : add plateformsettings
2024-04-05 10:47:54,760 [INFO] IPUIPlugin:80 - create IPUIPlugin
2024-04-05 10:47:54,760 [INFO] PluginManager:220 - loadIPPluginJar : add quadspi
2024-04-05 10:47:54,773 [INFO] IPUIPlugin:80 - create IPUIPlugin
2024-04-05 10:47:54,774 [INFO] PluginManager:220 - loadIPPluginJar : add resmgrutility
2024-04-05 10:47:54,818 [INFO] IPUIPlugin:80 - create IPUIPlugin
2024-04-05 10:47:54,818 [INFO] PluginManager:220 - loadIPPluginJar : add sai
2024-04-05 10:47:54,852 [INFO] IPUIPlugin:80 - create IPUIPlugin
2024-04-05 10:47:54,852 [INFO] PluginManager:220 - loadIPPluginJar : add spi
2024-04-05 10:47:54,909 [INFO] IPUIPlugin:80 - create IPUIPlugin
2024-04-05 10:47:54,909 [INFO] PluginManager:220 - loadIPPluginJar : add stm32_wpan
2024-04-05 10:47:54,934 [INFO] IPUIPlugin:80 - create IPUIPlugin
2024-04-05 10:47:54,934 [INFO] PluginManager:220 - loadIPPluginJar : add tim
2024-04-05 10:47:54,996 [INFO] IPUIPlugin:80 - create IPUIPlugin
2024-04-05 10:47:54,996 [INFO] PluginManager:220 - loadIPPluginJar : add touchsensing
2024-04-05 10:47:55,018 [INFO] IPUIPlugin:80 - create IPUIPlugin
2024-04-05 10:47:55,019 [INFO] PluginManager:220 - loadIPPluginJar : add tracer_emb
2024-04-05 10:47:55,045 [INFO] IPUIPlugin:80 - create IPUIPlugin
2024-04-05 10:47:55,045 [INFO] PluginManager:220 - loadIPPluginJar : add ts
2024-04-05 10:47:55,067 [INFO] IPUIPlugin:80 - create IPUIPlugin
2024-04-05 10:47:55,067 [INFO] PluginManager:220 - loadIPPluginJar : add tsc
2024-04-05 10:47:55,088 [INFO] IPUIPlugin:80 - create IPUIPlugin
2024-04-05 10:47:55,088 [INFO] PluginManager:220 - loadIPPluginJar : add ucpd
2024-04-05 10:47:55,128 [INFO] IPUIPlugin:80 - create IPUIPlugin
2024-04-05 10:47:55,129 [INFO] PluginManager:220 - loadIPPluginJar : add usart
2024-04-05 10:47:55,170 [INFO] IPUIPlugin:80 - create IPUIPlugin
2024-04-05 10:47:55,170 [INFO] PluginManager:220 - loadIPPluginJar : add usbx
2024-04-05 10:47:55,300 [INFO] CADModel:165 - CPN selected for project level
2024-04-05 10:47:55,300 [INFO] CADModel:114 - Register for checkConnection events
2024-04-05 10:47:55,301 [FATAL] Updater:308 - Updater called before beeing initialized
2024-04-05 10:47:55,301 [ERROR] CADModel:125 - Updater not yet initialized, retry later 
2024-04-05 10:47:55,466 [INFO] CADModel:165 - CPN selected for project level
2024-04-05 10:47:55,466 [INFO] CADModel:114 - Register for checkConnection events
2024-04-05 10:47:55,466 [FATAL] Updater:308 - Updater called before beeing initialized
2024-04-05 10:47:55,466 [ERROR] CADModel:125 - Updater not yet initialized, retry later 
2024-04-05 10:47:55,469 [FATAL] Updater:308 - Updater called before beeing initialized
2024-04-05 10:47:55,580 [FATAL] Updater:308 - Updater called before beeing initialized
2024-04-05 10:47:55,593 [INFO] DbMcusAds:53 - JSON generation date=Wed Nov 29 11:52:27 CET 2023 (1701255147349)
2024-04-05 10:47:55,593 [FATAL] Updater:308 - Updater called before beeing initialized
2024-04-05 10:47:55,682 [WARN] DetailPanel:346 - Failed to get advertising image, set to default
2024-04-05 10:47:55,808 [FATAL] Updater:308 - Updater called before beeing initialized
2024-04-05 10:47:55,810 [FATAL] Updater:308 - Updater called before beeing initialized
2024-04-05 10:47:55,810 [FATAL] Updater:308 - Updater called before beeing initialized
2024-04-05 10:47:55,810 [WARN] DetailPanel:346 - Failed to get advertising image, set to default
2024-04-05 10:47:55,811 [FATAL] Updater:308 - Updater called before beeing initialized
2024-04-05 10:47:55,855 [INFO] ThirdPartyUpdaterWithRetryManager:70 - Updater plugin not ready yet. [2/15]
2024-04-05 10:47:55,875 [ERROR] Updater:1120 - MainUpdater not yet initialized. External WinMGr cannot be set.
2024-04-05 10:47:55,886 [INFO] Updater:1056 - Updater Version found : 6.9.2
2024-04-05 10:47:55,898 [INFO] ApplicationProperties:184 - Using Application install path: C:\ST\STM32CubeIDE_1.11.2\STM32CubeIDE\plugins\com.st.stm32cube.common.mx_6.9.2.202309101412
2024-04-05 10:47:56,219 [INFO] MainUpdater:2868 - connection check result : 10
2024-04-05 10:47:56,220 [INFO] MainUpdater:285 - Updater Check For Update Now.
2024-04-05 10:47:56,221 [INFO] MicroXplorer:498 - Change Database Version : DB.6.0.92
2024-04-05 10:47:56,234 [INFO] McuFinderGlobals:63 - Set McuFinder mode to 2 (CubeIDE integrated)
2024-04-05 10:47:56,235 [INFO] UserAuth:179 - activating auth plugin
2024-04-05 10:47:56,238 [INFO] UserAuth:393 - Internet connection configuration mode: 1
2024-04-05 10:47:56,267 [INFO] JxBrowserEngine:151 - Initiate JxBrowser Engine with user profile folder
2024-04-05 10:47:56,421 [INFO] CheckServerUpdateThread:120 - End of CheckServer Thread
2024-04-05 10:47:59,105 [INFO] WebApp:157 - Instantiating new browser for Auth
2024-04-05 10:47:59,143 [WARN] PackLoader:240 - Cannot read IP mode file for STMicroelectronics.X-CUBE-SMBUS.2.1.0
2024-04-05 10:47:59,161 [WARN] PackLoader:240 - Cannot read IP mode file for STMicroelectronics.X-CUBE-TOUCHGFX.4.23.0
2024-04-05 10:47:59,172 [WARN] PackLoader:240 - Cannot read IP mode file for STMicroelectronics.X-CUBE-TOUCHGFX.4.23.2
2024-04-05 10:47:59,225 [WARN] PackLoader:240 - Cannot read IP mode file for STMicroelectronics.X-CUBE-AZRTOS-F7.1.1.0
2024-04-05 10:47:59,247 [WARN] PackLoader:240 - Cannot read IP mode file for STMicroelectronics.FP-SNS-MOTENV1.4.3.2
2024-04-05 10:47:59,269 [WARN] PackLoader:240 - Cannot read IP mode file for STMicroelectronics.X-CUBE-BLE1.6.2.4
2024-04-05 10:47:59,284 [WARN] PackLoader:240 - Cannot read IP mode file for STMicroelectronics.FP-SNS-FLIGHT1.5.0.2
2024-04-05 10:47:59,307 [WARN] PackLoader:240 - Cannot read IP mode file for STMicroelectronics.X-CUBE-DISPLAY.3.0.0
2024-04-05 10:47:59,328 [WARN] PackLoader:240 - Cannot read IP mode file for STMicroelectronics.X-CUBE-BLE1.7.0.0
2024-04-05 10:47:59,344 [WARN] PackLoader:240 - Cannot read IP mode file for STMicroelectronics.X-CUBE-TOUCHGFX.4.22.0
2024-04-05 10:47:59,357 [WARN] PackLoader:240 - Cannot read IP mode file for STMicroelectronics.X-CUBE-TOUCHGFX.4.22.1
2024-04-05 10:47:59,398 [WARN] PackLoader:240 - Cannot read IP mode file for STMicroelectronics.X-CUBE-BLEMGR.3.1.0
2024-04-05 10:47:59,415 [WARN] PackLoader:240 - Cannot read IP mode file for STMicroelectronics.FP-SNS-SMARTAG2.1.2.0
2024-04-05 10:47:59,447 [INFO] LogOutputStream:77 - [STDOUT_REDIRECT] 1 : Invalid condition id : UX_CORESTACK_Condition cause : null
2024-04-05 10:47:59,448 [INFO] LogOutputStream:77 - [STDOUT_REDIRECT] 1 : Invalid condition id : UX_CORESTACK_Condition cause : null
2024-04-05 10:47:59,449 [INFO] LogOutputStream:77 - [STDOUT_REDIRECT] 1 : Invalid condition id : UX_CORESTACK_Condition cause : null
2024-04-05 10:47:59,450 [INFO] LogOutputStream:77 - [STDOUT_REDIRECT] 1 : Invalid condition id : UX_CORESTACK_Condition cause : null
2024-04-05 10:47:59,451 [INFO] LogOutputStream:77 - [STDOUT_REDIRECT] 1 : Invalid condition id : UX_CORESTACK_Condition cause : null
2024-04-05 10:47:59,454 [WARN] PackLoader:240 - Cannot read IP mode file for STMicroelectronics.X-CUBE-AZRTOS-WL.2.0.0
2024-04-05 10:47:59,467 [WARN] PackLoader:240 - Cannot read IP mode file for STMicroelectronics.FP-SNS-MOTENV1.5.0.0
2024-04-05 10:47:59,485 [WARN] PackLoader:240 - Cannot read IP mode file for WES.I-CUBE-Cesium.1.3.0
2024-04-05 10:47:59,499 [WARN] PackLoader:240 - Cannot read IP mode file for STMicroelectronics.X-CUBE-BLE2.3.3.0
2024-04-05 10:47:59,521 [WARN] PackLoader:240 - Cannot read IP mode file for STMicroelectronics.X-CUBE-TOF1.3.2.0
2024-04-05 10:47:59,539 [WARN] PackLoader:240 - Cannot read IP mode file for STMicroelectronics.X-CUBE-TOUCHGFX.4.21.1
2024-04-05 10:47:59,549 [WARN] PackLoader:240 - Cannot read IP mode file for STMicroelectronics.X-CUBE-AI.7.3.0
2024-04-05 10:47:59,561 [WARN] PackLoader:240 - Cannot read IP mode file for STMicroelectronics.X-CUBE-ALGOBUILD.1.3.0
2024-04-05 10:47:59,590 [WARN] PackLoader:240 - Cannot read IP mode file for STMicroelectronics.X-CUBE-AZRTOS-G0.1.1.0
2024-04-05 10:47:59,607 [WARN] PackLoader:240 - Cannot read IP mode file for STMicroelectronics.X-CUBE-SAFEA1.1.2.2
2024-04-05 10:47:59,620 [WARN] PackLoader:240 - Cannot read IP mode file for STMicroelectronics.X-CUBE-NFC4.3.0.0
2024-04-05 10:47:59,640 [WARN] PackLoader:240 - Cannot read IP mode file for STMicroelectronics.X-CUBE-BLEMGR.3.0.0
2024-04-05 10:47:59,660 [WARN] PackLoader:240 - Cannot read IP mode file for STMicroelectronics.X-CUBE-BLEMGR.1.3.0
2024-04-05 10:47:59,679 [WARN] PackLoader:240 - Cannot read IP mode file for STMicroelectronics.FP-ATR-SIGFOX1.3.2.0
2024-04-05 10:47:59,696 [WARN] PackLoader:240 - Cannot read IP mode file for STMicroelectronics.X-CUBE-EEPRMA1.5.1.0
2024-04-05 10:47:59,827 [WARN] PackLoader:240 - Cannot read IP mode file for STMicroelectronics.X-CUBE-MEMS1.9.5.0
2024-04-05 10:48:00,028 [WARN] PackLoader:240 - Cannot read IP mode file for SEGGER.I-CUBE-embOS.1.3.1
2024-04-05 10:48:00,081 [WARN] PackLoader:240 - Cannot read IP mode file for STMicroelectronics.X-CUBE-GNSS1.6.0.0
2024-04-05 10:48:00,109 [WARN] PackLoader:240 - Cannot read IP mode file for STMicroelectronics.X-CUBE-AZRTOS-F4.1.1.0
2024-04-05 10:48:00,142 [WARN] PackLoader:240 - Cannot read IP mode file for STMicroelectronics.X-CUBE-AZRTOS-L5.2.0.0
2024-04-05 10:48:00,190 [WARN] PackLoader:240 - Cannot read IP mode file for STMicroelectronics.X-CUBE-MEMS1.9.6.0
2024-04-05 10:48:00,268 [INFO] WebApp:753 - Register for checkConnection events
2024-04-05 10:48:00,269 [INFO] WebApp:390 - Apply proxy settings
2024-04-05 10:48:00,269 [INFO] WebApp:475 - Chromium requires no authentication
2024-04-05 10:48:00,284 [INFO] WebApp:418 - Direct internet connection detected
2024-04-05 10:48:00,413 [WARN] PackLoader:240 - Cannot read IP mode file for STMicroelectronics.X-CUBE-EEPRMA1.4.2.0
2024-04-05 10:48:00,434 [WARN] PackLoader:240 - Cannot read IP mode file for STMicroelectronics.X-CUBE-NFC6.3.1.0
2024-04-05 10:48:00,454 [WARN] PackLoader:240 - Cannot read IP mode file for ITTIA_DB.I-CUBE-ITTIADB.8.8.0
2024-04-05 10:48:00,472 [WARN] PackLoader:240 - Cannot read IP mode file for emotas.I-CUBE-CANOPEN.1.1.3
2024-04-05 10:48:00,487 [WARN] PackLoader:240 - Cannot read IP mode file for STMicroelectronics.X-CUBE-BLEMGR.2.0.0
2024-04-05 10:48:00,524 [WARN] ConditionMgr:438 - getConditionDescription Invalid condition id : UX DEVICE CLASS RTOS Condition cause : null
2024-04-05 10:48:00,525 [WARN] ConditionMgr:438 - getConditionDescription Invalid condition id : UX DEVICE CLASS RTOS Condition cause : null
2024-04-05 10:48:00,528 [WARN] PackLoader:240 - Cannot read IP mode file for STMicroelectronics.X-CUBE-AZRTOS-H7.3.1.0
2024-04-05 10:48:00,529 [WARN] ConditionMgr:1039 - genDependencies : Invalid condition id : UX DEVICE CLASS RTOS Condition cause : null
2024-04-05 10:48:00,530 [WARN] ConditionMgr:1039 - genDependencies : Invalid condition id : UX DEVICE CLASS RTOS Condition cause : null
2024-04-05 10:48:00,530 [WARN] ConditionMgr:1039 - genDependencies : Invalid condition id : UX DEVICE CLASS RTOS Condition cause : null
2024-04-05 10:48:00,531 [WARN] ConditionMgr:1039 - genDependencies : Invalid condition id : UX DEVICE CLASS RTOS Condition cause : null
2024-04-05 10:48:00,531 [WARN] ConditionMgr:1039 - genDependencies : Invalid condition id : UX DEVICE CLASS RTOS Condition cause : null
2024-04-05 10:48:00,544 [WARN] PackLoader:240 - Cannot read IP mode file for wolfSSL.I-CUBE-wolfSSL.5.5.4
2024-04-05 10:48:00,556 [WARN] PackLoader:240 - Cannot read IP mode file for STMicroelectronics.X-CUBE-NFC7.1.0.1
2024-04-05 10:48:00,568 [WARN] PackLoader:240 - Cannot read IP mode file for STMicroelectronics.X-CUBE-NFC7.1.0.0
2024-04-05 10:48:00,571 [INFO] WebApp:188 - Starting web application
2024-04-05 10:48:00,571 [INFO] WebApp:520 - Web application path used C:\ST\STM32CubeIDE_1.11.2\STM32CubeIDE\plugins\com.st.stm32cube.common.mx_6.9.2.202309101412\db\plugins\mcufinder\reactClient1\index.html
2024-04-05 10:48:00,583 [WARN] PackLoader:240 - Cannot read IP mode file for STMicroelectronics.X-CUBE-NFC6.3.0.0
2024-04-05 10:48:00,597 [WARN] PackLoader:240 - Cannot read IP mode file for STMicroelectronics.X-CUBE-EEPRMA1.4.1.0
2024-04-05 10:48:00,610 [WARN] PackLoader:240 - Cannot read IP mode file for STMicroelectronics.X-CUBE-AI.8.1.0
2024-04-05 10:48:00,641 [WARN] ConditionMgr:438 - getConditionDescription Invalid condition id : LAN8742 Phy interface Condition cause : null
2024-04-05 10:48:00,643 [WARN] PackLoader:240 - Cannot read IP mode file for STMicroelectronics.X-CUBE-AZRTOS-L4.2.0.0
2024-04-05 10:48:00,645 [WARN] ConditionMgr:1039 - genDependencies : Invalid condition id : LAN8742 Phy interface Condition cause : null
2024-04-05 10:48:00,645 [WARN] ConditionMgr:1039 - genDependencies : Invalid condition id : LAN8742 Phy interface Condition cause : null
2024-04-05 10:48:00,646 [WARN] ConditionMgr:1039 - genDependencies : Invalid condition id : LAN8742 Phy interface Condition cause : null
2024-04-05 10:48:00,661 [WARN] PackLoader:240 - Cannot read IP mode file for STMicroelectronics.X-CUBE-SFXS2LP1.4.0.0
2024-04-05 10:48:00,693 [WARN] PackLoader:240 - Cannot read IP mode file for STMicroelectronics.X-CUBE-AZRTOS-H7.3.0.0
2024-04-05 10:48:00,708 [WARN] PackLoader:240 - Cannot read IP mode file for STMicroelectronics.X-CUBE-ISPU.1.1.0
2024-04-05 10:48:00,723 [WARN] PackLoader:240 - Cannot read IP mode file for RoweBots.I-CUBE-UNISONRTOS.5.5.0-4
2024-04-05 10:48:00,734 [WARN] PackLoader:240 - Cannot read IP mode file for STMicroelectronics.X-CUBE-AI.8.0.0
2024-04-05 10:48:00,764 [WARN] ConditionMgr:438 - getConditionDescription Invalid condition id : UX DEVICE CLASS RTOS Condition cause : null
2024-04-05 10:48:00,764 [WARN] ConditionMgr:438 - getConditionDescription Invalid condition id : UX DEVICE CLASS RTOS Condition cause : null
2024-04-05 10:48:00,767 [WARN] PackLoader:240 - Cannot read IP mode file for STMicroelectronics.X-CUBE-AZRTOS-WB.2.0.0
2024-04-05 10:48:00,767 [WARN] ConditionMgr:1039 - genDependencies : Invalid condition id : UX DEVICE CLASS RTOS Condition cause : null
2024-04-05 10:48:00,768 [WARN] ConditionMgr:1039 - genDependencies : Invalid condition id : UX DEVICE CLASS RTOS Condition cause : null
2024-04-05 10:48:00,768 [WARN] ConditionMgr:1039 - genDependencies : Invalid condition id : UX DEVICE CLASS RTOS Condition cause : null
2024-04-05 10:48:00,768 [WARN] ConditionMgr:1039 - genDependencies : Invalid condition id : UX DEVICE CLASS RTOS Condition cause : null
2024-04-05 10:48:00,768 [WARN] ConditionMgr:1039 - genDependencies : Invalid condition id : UX DEVICE CLASS RTOS Condition cause : null
2024-04-05 10:48:00,782 [WARN] PackLoader:240 - Cannot read IP mode file for STMicroelectronics.X-CUBE-FREERTOS.1.0.1
2024-04-05 10:48:00,821 [WARN] PackLoader:240 - Cannot read IP mode file for STMicroelectronics.X-CUBE-AZRTOS-L5.1.1.0
2024-04-05 10:48:00,849 [WARN] PackLoader:240 - Cannot read IP mode file for STMicroelectronics.X-CUBE-SUBG2.5.0.0
2024-04-05 10:48:00,885 [WARN] PackLoader:240 - Cannot read IP mode file for STMicroelectronics.X-CUBE-TOF1.3.3.1
2024-04-05 10:48:00,931 [WARN] PackLoader:240 - Cannot read IP mode file for STMicroelectronics.X-CUBE-AZRTOS-G4.2.0.0
2024-04-05 10:48:00,948 [WARN] PackLoader:240 - Cannot read IP mode file for STMicroelectronics.FP-ATR-ASTRA1.1.1.1
2024-04-05 10:48:00,974 [WARN] PackLoader:240 - Cannot read IP mode file for Infineon.AIROC-Wi-Fi-Bluetooth-STM32.1.5.1
2024-04-05 10:48:00,996 [WARN] PackLoader:240 - Cannot read IP mode file for STMicroelectronics.FP-SNS-MOTENVWB1.1.3.0
2024-04-05 10:48:01,008 [WARN] PackLoader:240 - Cannot read IP mode file for STMicroelectronics.FP-SNS-MOTENVWB1.1.3.1
2024-04-05 10:48:01,035 [WARN] PackLoader:240 - Cannot read IP mode file for STMicroelectronics.X-CUBE-AZRTOS-G4.1.0.0
2024-04-05 10:48:01,065 [WARN] PackLoader:240 - Cannot read IP mode file for STMicroelectronics.X-CUBE-AZRTOS-L4.1.0.0
2024-04-05 10:48:01,081 [WARN] PackLoader:240 - Cannot read IP mode file for STMicroelectronics.X-CUBE-ISPU.2.0.0
2024-04-05 10:48:01,162 [WARN] PackLoader:240 - Cannot read IP mode file for STMicroelectronics.X-CUBE-MEMS1.10.0.0
2024-04-05 10:48:01,257 [WARN] PackLoader:240 - Cannot read IP mode file for STMicroelectronics.X-CUBE-FREERTOS.1.1.0
2024-04-05 10:48:01,278 [WARN] PackLoader:240 - Cannot read IP mode file for STMicroelectronics.X-CUBE-AZRTOS-WL.1.0.0
2024-04-05 10:48:01,294 [WARN] PackLoader:240 - Cannot read IP mode file for portGmbH.I-Cube-SoM-uGOAL.1.1.0
2024-04-05 10:48:01,306 [WARN] PackLoader:240 - Cannot read IP mode file for STMicroelectronics.X-CUBE-ALS.1.0.1
2024-04-05 10:48:01,329 [WARN] PackLoader:240 - Cannot read IP mode file for STMicroelectronics.X-CUBE-AZRTOS-WB.1.1.0
2024-04-05 10:48:01,342 [WARN] PackLoader:240 - Cannot read IP mode file for STMicroelectronics.FP-ATR-ASTRA1.2.0.0
2024-04-05 10:48:01,364 [WARN] PackLoader:240 - Cannot read IP mode file for STMicroelectronics.X-CUBE-TOF1.3.4.0
2024-04-05 10:48:01,390 [WARN] PackLoader:240 - Cannot read IP mode file for STMicroelectronics.X-CUBE-TOF1.3.4.1
2024-04-05 10:48:01,423 [WARN] PackLoader:240 - Cannot read IP mode file for STMicroelectronics.X-CUBE-AZRTOS-H7.3.2.0
2024-04-05 10:48:01,426 [INFO] ThirdParty:978 - Integrity check success = true
2024-04-05 10:48:01,426 [INFO] IntegrityCheckThread:100 - exiting critical section [integrity check]
2024-04-05 10:48:01,426 [INFO] IntegrityCheckThread:103 - End integrity checks thread
2024-04-05 10:48:21,740 [ERROR] LogOutputStream:75 - [STDERR_REDIRECT] SLF4J: Failed to load class "org.slf4j.impl.StaticLoggerBinder".
2024-04-05 10:48:21,742 [ERROR] LogOutputStream:75 - [STDERR_REDIRECT] SLF4J: Defaulting to no-operation (NOP) logger implementation
2024-04-05 10:48:21,743 [ERROR] LogOutputStream:75 - [STDERR_REDIRECT] SLF4J: See http://www.slf4j.org/codes.html#StaticLoggerBinder for further details.
2024-04-05 17:21:21,582 [ERROR] LogOutputStream:75 - [STDERR_REDIRECT] 
