2024-03-16 13:50:19,897 [INFO] Activator:176 - 


2024-03-16 13:50:19,918 [INFO] Activator:177 - !SESSION log4j initialized
2024-03-16 13:50:26,986 [INFO] LogOutputStream:77 - [STDOUT_REDIRECT] 
2024-03-16 13:50:28,980 [INFO] ApplicationProperties:184 - Using Application install path: C:\ST\STM32CubeIDE_1.11.2\STM32CubeIDE\plugins\com.st.stm32cube.common.mx_6.9.2.202309101412
2024-03-16 13:50:28,999 [INFO] DbMcusXml:78 - Set database path to: C:\ST\STM32CubeIDE_1.11.2\STM32CubeIDE\plugins\com.st.stm32cube.common.mx_6.9.2.202309101412\\db\/mcu/
2024-03-16 13:50:28,999 [INFO] ApiDb:274 - Set plugin database path to: C:\ST\STM32CubeIDE_1.11.2\STM32CubeIDE\plugins\com.st.stm32cube.common.mx_6.9.2.202309101412\\db\/plugins/boardmanager/
2024-03-16 13:50:29,000 [WARN] ApiDb:259 - Overriding images path with different value:  => C:\ST\STM32CubeIDE_1.11.2\STM32CubeIDE\plugins\com.st.stm32cube.common.mx_6.9.2.202309101412\\db\/plugins/mcufinder/images/
2024-03-16 13:50:29,017 [INFO] ApiDb:250 - Set database path to: C:\Users\erkan\.stmcufinder\plugins\mcufinder//mcu/
2024-03-16 13:50:29,019 [INFO] DbMcusAds:125 - Set database path to: C:\Users\erkan\.stmcufinder\plugins\mcufinder//mcu/
2024-03-16 13:50:29,021 [INFO] CrossReferenceDbSqlite:203 - Set database path to: C:\Users\erkan\.stmcufinder\plugins\mcufinder//mcu/cs/
2024-03-16 13:50:29,132 [INFO] RulesReader:64 - Compatibility file has been processed (293 Rules)
2024-03-16 13:50:29,256 [INFO] DbMcusXml:78 - Set database path to: C:\ST\STM32CubeIDE_1.11.2\STM32CubeIDE\plugins\com.st.stm32cube.common.mx_6.9.2.202309101412\\db\/mcu/
2024-03-16 13:50:29,256 [INFO] ApiDb:274 - Set plugin database path to: C:\ST\STM32CubeIDE_1.11.2\STM32CubeIDE\plugins\com.st.stm32cube.common.mx_6.9.2.202309101412\\db\/plugins/boardmanager/
2024-03-16 13:50:29,256 [INFO] ApiDb:261 - Set plugin images path to: C:\ST\STM32CubeIDE_1.11.2\STM32CubeIDE\plugins\com.st.stm32cube.common.mx_6.9.2.202309101412\\db\/plugins/mcufinder/images/
2024-03-16 13:50:29,256 [WARN] DbFile:41 - Overriding database path with different value: C:\Users\erkan\.stmcufinder\plugins\mcufinder/ => C:\Users\erkan\.stmcufinder\plugins\mcufinder
2024-03-16 13:50:29,256 [INFO] ApiDb:250 - Set database path to: C:\Users\erkan\.stmcufinder\plugins\mcufinder//mcu/
2024-03-16 13:50:29,256 [WARN] DbFile:41 - Overriding database path with different value: C:\Users\erkan\.stmcufinder\plugins\mcufinder/ => C:\Users\erkan\.stmcufinder\plugins\mcufinder
2024-03-16 13:50:29,256 [INFO] DbMcusAds:125 - Set database path to: C:\Users\erkan\.stmcufinder\plugins\mcufinder//mcu/
2024-03-16 13:50:29,257 [WARN] DbFile:41 - Overriding database path with different value: C:\Users\erkan\.stmcufinder\plugins\mcufinder/ => C:\Users\erkan\.stmcufinder\plugins\mcufinder
2024-03-16 13:50:29,257 [WARN] DbFile:41 - Overriding database path with different value: C:\Users\erkan\.stmcufinder\plugins\mcufinder/ => C:\Users\erkan\.stmcufinder\plugins\mcufinder
2024-03-16 13:50:29,257 [INFO] CrossReferenceDbSqlite:203 - Set database path to: C:\Users\erkan\.stmcufinder\plugins\mcufinder//mcu/cs/
2024-03-16 13:50:29,342 [INFO] MainPanel:262 - HeapMemory: 268435456
2024-03-16 13:50:29,443 [INFO] DbMcusXml:78 - Set database path to: C:\ST\STM32CubeIDE_1.11.2\STM32CubeIDE\plugins\com.st.stm32cube.common.mx_6.9.2.202309101412\\db\/mcu/
2024-03-16 13:50:29,443 [INFO] ApiDb:274 - Set plugin database path to: C:\ST\STM32CubeIDE_1.11.2\STM32CubeIDE\plugins\com.st.stm32cube.common.mx_6.9.2.202309101412\\db\/plugins/boardmanager/
2024-03-16 13:50:29,443 [INFO] ApiDb:261 - Set plugin images path to: C:\ST\STM32CubeIDE_1.11.2\STM32CubeIDE\plugins\com.st.stm32cube.common.mx_6.9.2.202309101412\\db\/plugins/mcufinder/images/
2024-03-16 13:50:29,444 [WARN] DbFile:41 - Overriding database path with different value: C:\Users\erkan\.stmcufinder\plugins\mcufinder/ => C:\Users\erkan\.stmcufinder\plugins\mcufinder
2024-03-16 13:50:29,444 [INFO] ApiDb:250 - Set database path to: C:\Users\erkan\.stmcufinder\plugins\mcufinder//mcu/
2024-03-16 13:50:29,444 [WARN] DbFile:41 - Overriding database path with different value: C:\Users\erkan\.stmcufinder\plugins\mcufinder/ => C:\Users\erkan\.stmcufinder\plugins\mcufinder
2024-03-16 13:50:29,444 [INFO] DbMcusAds:125 - Set database path to: C:\Users\erkan\.stmcufinder\plugins\mcufinder//mcu/
2024-03-16 13:50:29,444 [WARN] DbFile:41 - Overriding database path with different value: C:\Users\erkan\.stmcufinder\plugins\mcufinder/ => C:\Users\erkan\.stmcufinder\plugins\mcufinder
2024-03-16 13:50:29,444 [WARN] DbFile:41 - Overriding database path with different value: C:\Users\erkan\.stmcufinder\plugins\mcufinder/ => C:\Users\erkan\.stmcufinder\plugins\mcufinder
2024-03-16 13:50:29,445 [INFO] CrossReferenceDbSqlite:203 - Set database path to: C:\Users\erkan\.stmcufinder\plugins\mcufinder//mcu/cs/
2024-03-16 13:50:29,478 [INFO] ApplicationProperties:184 - Using Application install path: C:\ST\STM32CubeIDE_1.11.2\STM32CubeIDE\plugins\com.st.stm32cube.common.mx_6.9.2.202309101412
2024-03-16 13:50:29,480 [INFO] PluginManage:196 - Search for loadable plugins [exclusion list=, ]
2024-03-16 13:50:29,482 [INFO] PluginManage:310 - Check plugin analytics
2024-03-16 13:50:29,685 [INFO] AnalyticsPlugin:253 - Accepted Software Licenses: STM32CubeMX.6.9.2
2024-03-16 13:50:29,685 [INFO] AnalyticsPlugin:255 - Accepted CMSIS Pack Licenses: 
2024-03-16 13:50:29,685 [INFO] AnalyticsPlugin:257 - Accepted Firmware Licenses: 
2024-03-16 13:50:29,689 [INFO] PluginManage:359 - Loaded plugin analytics (category:tool,tabindex:-1)
2024-03-16 13:50:29,689 [INFO] PluginManage:310 - Check plugin cadmodel
2024-03-16 13:50:29,706 [INFO] CADModel:105 - Init CAD model plugin
2024-03-16 13:50:29,706 [INFO] PluginManage:359 - Loaded plugin cadmodel (category:power,tabindex:5)
2024-03-16 13:50:29,706 [INFO] PluginManage:310 - Check plugin clock
2024-03-16 13:50:29,744 [INFO] PluginManage:359 - Loaded plugin clock (category:base,tabindex:2)
2024-03-16 13:50:29,745 [INFO] PluginManage:310 - Check plugin ddr
2024-03-16 13:50:29,748 [INFO] PluginManage:359 - Loaded plugin ddr (category:tool,tabindex:6)
2024-03-16 13:50:29,748 [INFO] PluginManage:310 - Check plugin filemanager
2024-03-16 13:50:29,906 [INFO] PluginManage:359 - Loaded plugin filemanager (category:base,tabindex:10)
2024-03-16 13:50:29,906 [INFO] PluginManage:310 - Check plugin ipmanager
2024-03-16 13:50:29,918 [INFO] PluginManage:359 - Loaded plugin ipmanager (category:base,tabindex:5)
2024-03-16 13:50:29,918 [INFO] PluginManage:310 - Check plugin lpbam
2024-03-16 13:50:29,936 [INFO] PluginManage:359 - Loaded plugin lpbam (category:base,tabindex:0)
2024-03-16 13:50:29,937 [INFO] PluginManage:310 - Check plugin memorymap
2024-03-16 13:50:29,963 [INFO] PluginManage:359 - Loaded plugin memorymap (category:base,tabindex:4)
2024-03-16 13:50:29,963 [INFO] PluginManage:310 - Check plugin pinoutandconfiguration
2024-03-16 13:50:29,993 [INFO] PluginManage:359 - Loaded plugin pinoutandconfiguration (category:base,tabindex:1)
2024-03-16 13:50:29,994 [INFO] PluginManage:310 - Check plugin pinoutconfig
2024-03-16 13:50:30,098 [WARN] SupportedApi:132 - Cannot load RTOS API schema: s4s-elt-must-match.1: The content of 'definitions' must match (annotation?, (simpleType | complexType)?, (unique | key | keyref)*)). A problem was found starting at: attribute.
2024-03-16 13:50:30,250 [INFO] PluginManage:359 - Loaded plugin pinoutconfig (category:base,tabindex:0)
2024-03-16 13:50:30,252 [INFO] PluginManage:310 - Check plugin power
2024-03-16 13:50:30,282 [INFO] PluginManage:359 - Loaded plugin power (category:power,tabindex:4)
2024-03-16 13:50:30,282 [INFO] PluginManage:310 - Check plugin projectmanager
2024-03-16 13:50:30,298 [INFO] PluginManage:359 - Loaded plugin projectmanager (category:projectmanager,tabindex:3)
2024-03-16 13:50:30,298 [INFO] PluginManage:310 - Check plugin thirdparty
2024-03-16 13:50:30,599 [INFO] PluginManage:359 - Loaded plugin thirdparty (category:base,tabindex:-1)
2024-03-16 13:50:30,599 [INFO] PluginManage:310 - Check plugin tools
2024-03-16 13:50:30,599 [WARN] IntegrityCheckThread:84 - waiting for thirdparty lock release [integrity check]
2024-03-16 13:50:30,599 [INFO] IntegrityCheckThread:86 - entering critical section [integrity check]
2024-03-16 13:50:30,600 [INFO] ThirdPartyUpdaterWithRetryManager:70 - Updater plugin not ready yet. [1/15]
2024-03-16 13:50:30,638 [INFO] PluginManage:359 - Loaded plugin tools (category:base,tabindex:7)
2024-03-16 13:50:30,638 [INFO] PluginManage:310 - Check plugin tutovideos
2024-03-16 13:50:30,842 [INFO] PluginManage:359 - Loaded plugin tutovideos (category:base,tabindex:-1)
2024-03-16 13:50:30,843 [INFO] PluginManage:310 - Check plugin updater
2024-03-16 13:50:30,854 [INFO] PluginManage:359 - Loaded plugin updater (category:base,tabindex:12)
2024-03-16 13:50:30,854 [INFO] PluginManage:310 - Check plugin userauth
2024-03-16 13:50:30,861 [INFO] UserAuth:113 - Init User Auth plugin
2024-03-16 13:50:30,861 [INFO] PluginManage:359 - Loaded plugin userauth (category:base,tabindex:14)
2024-03-16 13:50:30,861 [INFO] PluginManage:283 - PluginManage : Loaded plugins [17]
2024-03-16 13:50:31,171 [INFO] PinOutPanel:1499 - setPackage(No Configuration,No Configuration)
2024-03-16 13:50:31,322 [INFO] CADModel:165 - CPN selected for project level
2024-03-16 13:50:31,322 [INFO] CADModel:114 - Register for checkConnection events
2024-03-16 13:50:31,349 [INFO] IPUIPlugin:80 - create IPUIPlugin
2024-03-16 13:50:31,349 [INFO] PluginManager:220 - loadIPPluginJar : add adc
2024-03-16 13:50:31,384 [INFO] IPUIPlugin:80 - create IPUIPlugin
2024-03-16 13:50:31,384 [INFO] PluginManager:220 - loadIPPluginJar : add aes
2024-03-16 13:50:31,423 [INFO] IPUIPlugin:80 - create IPUIPlugin
2024-03-16 13:50:31,423 [INFO] PluginManager:220 - loadIPPluginJar : add can
2024-03-16 13:50:31,445 [INFO] IPUIPlugin:80 - create IPUIPlugin
2024-03-16 13:50:31,445 [INFO] PluginManager:220 - loadIPPluginJar : add comp
2024-03-16 13:50:31,479 [INFO] IPUIPlugin:80 - create IPUIPlugin
2024-03-16 13:50:31,479 [INFO] PluginManager:220 - loadIPPluginJar : add cryp
2024-03-16 13:50:31,512 [INFO] IPUIPlugin:80 - create IPUIPlugin
2024-03-16 13:50:31,512 [INFO] PluginManager:220 - loadIPPluginJar : add dfsdm
2024-03-16 13:50:31,528 [INFO] IPUIPlugin:80 - create IPUIPlugin
2024-03-16 13:50:31,528 [INFO] PluginManager:220 - loadIPPluginJar : add dma
2024-03-16 13:50:31,587 [INFO] IPUIPlugin:80 - create IPUIPlugin
2024-03-16 13:50:31,587 [INFO] PluginManager:220 - loadIPPluginJar : add dma3
2024-03-16 13:50:31,607 [INFO] IPUIPlugin:80 - create IPUIPlugin
2024-03-16 13:50:31,607 [INFO] PluginManager:220 - loadIPPluginJar : add fatfs
2024-03-16 13:50:31,652 [INFO] IPUIPlugin:80 - create IPUIPlugin
2024-03-16 13:50:31,653 [INFO] PluginManager:220 - loadIPPluginJar : add fmc
2024-03-16 13:50:31,666 [INFO] IPUIPlugin:80 - create IPUIPlugin
2024-03-16 13:50:31,667 [INFO] PluginManager:220 - loadIPPluginJar : add freertos
2024-03-16 13:50:31,687 [INFO] IPUIPlugin:80 - create IPUIPlugin
2024-03-16 13:50:31,687 [INFO] PluginManager:220 - loadIPPluginJar : add genericplugin
2024-03-16 13:50:31,780 [INFO] IPUIPlugin:80 - create IPUIPlugin
2024-03-16 13:50:31,780 [INFO] PluginManager:220 - loadIPPluginJar : add gfxmmu
2024-03-16 13:50:31,925 [INFO] IPUIPlugin:80 - create IPUIPlugin
2024-03-16 13:50:31,925 [INFO] PluginManager:220 - loadIPPluginJar : add gic
2024-03-16 13:50:31,938 [INFO] IPUIPlugin:80 - create IPUIPlugin
2024-03-16 13:50:31,938 [INFO] PluginManager:220 - loadIPPluginJar : add gpio
2024-03-16 13:50:32,024 [INFO] IPUIPlugin:80 - create IPUIPlugin
2024-03-16 13:50:32,025 [INFO] PluginManager:220 - loadIPPluginJar : add gtzc
2024-03-16 13:50:32,069 [INFO] IPUIPlugin:80 - create IPUIPlugin
2024-03-16 13:50:32,070 [INFO] PluginManager:220 - loadIPPluginJar : add hash
2024-03-16 13:50:32,122 [INFO] IPUIPlugin:80 - create IPUIPlugin
2024-03-16 13:50:32,122 [INFO] PluginManager:220 - loadIPPluginJar : add i2c
2024-03-16 13:50:32,158 [INFO] IPUIPlugin:80 - create IPUIPlugin
2024-03-16 13:50:32,158 [INFO] PluginManager:220 - loadIPPluginJar : add i2s
2024-03-16 13:50:32,198 [INFO] IPUIPlugin:80 - create IPUIPlugin
2024-03-16 13:50:32,198 [INFO] PluginManager:220 - loadIPPluginJar : add i3c
2024-03-16 13:50:32,299 [INFO] IPUIPlugin:80 - create IPUIPlugin
2024-03-16 13:50:32,300 [INFO] PluginManager:220 - loadIPPluginJar : add ipddr
2024-03-16 13:50:32,408 [INFO] IPUIPlugin:80 - create IPUIPlugin
2024-03-16 13:50:32,409 [INFO] PluginManager:220 - loadIPPluginJar : add linkedlist
2024-03-16 13:50:32,443 [INFO] IPUIPlugin:80 - create IPUIPlugin
2024-03-16 13:50:32,443 [INFO] PluginManager:220 - loadIPPluginJar : add lorawan
2024-03-16 13:50:32,478 [INFO] IPUIPlugin:80 - create IPUIPlugin
2024-03-16 13:50:32,478 [INFO] PluginManager:220 - loadIPPluginJar : add ltdc
2024-03-16 13:50:32,492 [INFO] IPUIPlugin:80 - create IPUIPlugin
2024-03-16 13:50:32,492 [INFO] PluginManager:220 - loadIPPluginJar : add mdma
2024-03-16 13:50:32,504 [INFO] IPUIPlugin:80 - create IPUIPlugin
2024-03-16 13:50:32,504 [INFO] PluginManager:220 - loadIPPluginJar : add nvic
2024-03-16 13:50:32,538 [INFO] IPUIPlugin:80 - create IPUIPlugin
2024-03-16 13:50:32,538 [INFO] PluginManager:220 - loadIPPluginJar : add opamp
2024-03-16 13:50:32,609 [INFO] IPUIPlugin:80 - create IPUIPlugin
2024-03-16 13:50:32,609 [INFO] PluginManager:220 - loadIPPluginJar : add openamp
2024-03-16 13:50:32,649 [INFO] IPUIPlugin:80 - create IPUIPlugin
2024-03-16 13:50:32,649 [INFO] PluginManager:220 - loadIPPluginJar : add pdm2pcm
2024-03-16 13:50:32,663 [INFO] IPUIPlugin:80 - create IPUIPlugin
2024-03-16 13:50:32,665 [INFO] PluginManager:220 - loadIPPluginJar : add plateformsettings
2024-03-16 13:50:32,687 [INFO] IPUIPlugin:80 - create IPUIPlugin
2024-03-16 13:50:32,688 [INFO] PluginManager:220 - loadIPPluginJar : add quadspi
2024-03-16 13:50:32,700 [INFO] IPUIPlugin:80 - create IPUIPlugin
2024-03-16 13:50:32,700 [INFO] PluginManager:220 - loadIPPluginJar : add resmgrutility
2024-03-16 13:50:32,753 [INFO] IPUIPlugin:80 - create IPUIPlugin
2024-03-16 13:50:32,753 [INFO] PluginManager:220 - loadIPPluginJar : add sai
2024-03-16 13:50:32,807 [INFO] IPUIPlugin:80 - create IPUIPlugin
2024-03-16 13:50:32,807 [INFO] PluginManager:220 - loadIPPluginJar : add spi
2024-03-16 13:50:32,891 [INFO] IPUIPlugin:80 - create IPUIPlugin
2024-03-16 13:50:32,891 [INFO] PluginManager:220 - loadIPPluginJar : add stm32_wpan
2024-03-16 13:50:32,914 [INFO] IPUIPlugin:80 - create IPUIPlugin
2024-03-16 13:50:32,914 [INFO] PluginManager:220 - loadIPPluginJar : add tim
2024-03-16 13:50:32,966 [INFO] IPUIPlugin:80 - create IPUIPlugin
2024-03-16 13:50:32,966 [INFO] PluginManager:220 - loadIPPluginJar : add touchsensing
2024-03-16 13:50:32,989 [INFO] IPUIPlugin:80 - create IPUIPlugin
2024-03-16 13:50:32,990 [INFO] PluginManager:220 - loadIPPluginJar : add tracer_emb
2024-03-16 13:50:33,012 [INFO] IPUIPlugin:80 - create IPUIPlugin
2024-03-16 13:50:33,012 [INFO] PluginManager:220 - loadIPPluginJar : add ts
2024-03-16 13:50:33,033 [INFO] IPUIPlugin:80 - create IPUIPlugin
2024-03-16 13:50:33,033 [INFO] PluginManager:220 - loadIPPluginJar : add tsc
2024-03-16 13:50:33,056 [INFO] IPUIPlugin:80 - create IPUIPlugin
2024-03-16 13:50:33,056 [INFO] PluginManager:220 - loadIPPluginJar : add ucpd
2024-03-16 13:50:33,113 [INFO] IPUIPlugin:80 - create IPUIPlugin
2024-03-16 13:50:33,113 [INFO] PluginManager:220 - loadIPPluginJar : add usart
2024-03-16 13:50:33,157 [INFO] IPUIPlugin:80 - create IPUIPlugin
2024-03-16 13:50:33,157 [INFO] PluginManager:220 - loadIPPluginJar : add usbx
2024-03-16 13:50:33,292 [INFO] CADModel:165 - CPN selected for project level
2024-03-16 13:50:33,292 [INFO] CADModel:114 - Register for checkConnection events
2024-03-16 13:50:33,293 [FATAL] Updater:308 - Updater called before beeing initialized
2024-03-16 13:50:33,293 [ERROR] CADModel:125 - Updater not yet initialized, retry later 
2024-03-16 13:50:33,464 [INFO] CADModel:165 - CPN selected for project level
2024-03-16 13:50:33,464 [INFO] CADModel:114 - Register for checkConnection events
2024-03-16 13:50:33,464 [FATAL] Updater:308 - Updater called before beeing initialized
2024-03-16 13:50:33,464 [ERROR] CADModel:125 - Updater not yet initialized, retry later 
2024-03-16 13:50:33,469 [FATAL] Updater:308 - Updater called before beeing initialized
2024-03-16 13:50:33,584 [FATAL] Updater:308 - Updater called before beeing initialized
2024-03-16 13:50:33,601 [INFO] ThirdPartyUpdaterWithRetryManager:70 - Updater plugin not ready yet. [2/15]
2024-03-16 13:50:33,608 [INFO] DbMcusAds:53 - JSON generation date=Wed Nov 29 11:52:27 CET 2023 (1701255147349)
2024-03-16 13:50:33,609 [FATAL] Updater:308 - Updater called before beeing initialized
2024-03-16 13:50:33,691 [WARN] DetailPanel:346 - Failed to get advertising image, set to default
2024-03-16 13:50:33,785 [FATAL] Updater:308 - Updater called before beeing initialized
2024-03-16 13:50:33,786 [FATAL] Updater:308 - Updater called before beeing initialized
2024-03-16 13:50:33,788 [FATAL] Updater:308 - Updater called before beeing initialized
2024-03-16 13:50:33,788 [WARN] DetailPanel:346 - Failed to get advertising image, set to default
2024-03-16 13:50:33,788 [FATAL] Updater:308 - Updater called before beeing initialized
2024-03-16 13:50:33,853 [ERROR] Updater:1120 - MainUpdater not yet initialized. External WinMGr cannot be set.
2024-03-16 13:50:33,863 [INFO] Updater:1056 - Updater Version found : 6.9.2
2024-03-16 13:50:33,882 [INFO] ApplicationProperties:184 - Using Application install path: C:\ST\STM32CubeIDE_1.11.2\STM32CubeIDE\plugins\com.st.stm32cube.common.mx_6.9.2.202309101412
2024-03-16 13:50:34,219 [INFO] MainUpdater:2868 - connection check result : 10
2024-03-16 13:50:34,220 [INFO] MainUpdater:285 - Updater Check For Update Now.
2024-03-16 13:50:34,220 [INFO] MicroXplorer:498 - Change Database Version : DB.6.0.92
2024-03-16 13:50:34,237 [INFO] McuFinderGlobals:63 - Set McuFinder mode to 2 (CubeIDE integrated)
2024-03-16 13:50:34,237 [INFO] UserAuth:179 - activating auth plugin
2024-03-16 13:50:34,240 [INFO] UserAuth:393 - Internet connection configuration mode: 1
2024-03-16 13:50:34,274 [INFO] JxBrowserEngine:151 - Initiate JxBrowser Engine with user profile folder
2024-03-16 13:50:34,416 [INFO] CheckServerUpdateThread:120 - End of CheckServer Thread
2024-03-16 13:50:36,886 [INFO] WebApp:157 - Instantiating new browser for Auth
2024-03-16 13:50:36,954 [WARN] PackLoader:240 - Cannot read IP mode file for STMicroelectronics.X-CUBE-SMBUS.2.1.0
2024-03-16 13:50:36,993 [WARN] PackLoader:240 - Cannot read IP mode file for STMicroelectronics.X-CUBE-TOUCHGFX.4.23.0
2024-03-16 13:50:37,045 [WARN] PackLoader:240 - Cannot read IP mode file for STMicroelectronics.X-CUBE-AZRTOS-F7.1.1.0
2024-03-16 13:50:37,069 [WARN] PackLoader:240 - Cannot read IP mode file for STMicroelectronics.FP-SNS-MOTENV1.4.3.2
2024-03-16 13:50:37,093 [WARN] PackLoader:240 - Cannot read IP mode file for STMicroelectronics.X-CUBE-BLE1.6.2.4
2024-03-16 13:50:37,106 [WARN] PackLoader:240 - Cannot read IP mode file for STMicroelectronics.FP-SNS-FLIGHT1.5.0.2
2024-03-16 13:50:37,130 [WARN] PackLoader:240 - Cannot read IP mode file for STMicroelectronics.X-CUBE-DISPLAY.3.0.0
2024-03-16 13:50:37,165 [WARN] PackLoader:240 - Cannot read IP mode file for STMicroelectronics.X-CUBE-BLE1.7.0.0
2024-03-16 13:50:37,197 [WARN] PackLoader:240 - Cannot read IP mode file for STMicroelectronics.X-CUBE-TOUCHGFX.4.22.0
2024-03-16 13:50:37,223 [WARN] PackLoader:240 - Cannot read IP mode file for STMicroelectronics.X-CUBE-TOUCHGFX.4.22.1
2024-03-16 13:50:37,273 [WARN] PackLoader:240 - Cannot read IP mode file for STMicroelectronics.X-CUBE-BLEMGR.3.1.0
2024-03-16 13:50:37,295 [WARN] PackLoader:240 - Cannot read IP mode file for STMicroelectronics.FP-SNS-SMARTAG2.1.2.0
2024-03-16 13:50:37,324 [INFO] LogOutputStream:77 - [STDOUT_REDIRECT] 1 : Invalid condition id : UX_CORESTACK_Condition cause : null
2024-03-16 13:50:37,325 [INFO] LogOutputStream:77 - [STDOUT_REDIRECT] 1 : Invalid condition id : UX_CORESTACK_Condition cause : null
2024-03-16 13:50:37,326 [INFO] LogOutputStream:77 - [STDOUT_REDIRECT] 1 : Invalid condition id : UX_CORESTACK_Condition cause : null
2024-03-16 13:50:37,328 [INFO] LogOutputStream:77 - [STDOUT_REDIRECT] 1 : Invalid condition id : UX_CORESTACK_Condition cause : null
2024-03-16 13:50:37,329 [INFO] LogOutputStream:77 - [STDOUT_REDIRECT] 1 : Invalid condition id : UX_CORESTACK_Condition cause : null
2024-03-16 13:50:37,332 [WARN] PackLoader:240 - Cannot read IP mode file for STMicroelectronics.X-CUBE-AZRTOS-WL.2.0.0
2024-03-16 13:50:37,354 [WARN] PackLoader:240 - Cannot read IP mode file for WES.I-CUBE-Cesium.1.3.0
2024-03-16 13:50:37,370 [WARN] PackLoader:240 - Cannot read IP mode file for STMicroelectronics.X-CUBE-BLE2.3.3.0
2024-03-16 13:50:37,389 [WARN] PackLoader:240 - Cannot read IP mode file for STMicroelectronics.X-CUBE-TOF1.3.2.0
2024-03-16 13:50:37,409 [WARN] PackLoader:240 - Cannot read IP mode file for STMicroelectronics.X-CUBE-TOUCHGFX.4.21.1
2024-03-16 13:50:37,424 [WARN] PackLoader:240 - Cannot read IP mode file for STMicroelectronics.X-CUBE-AI.7.3.0
2024-03-16 13:50:37,438 [WARN] PackLoader:240 - Cannot read IP mode file for STMicroelectronics.X-CUBE-ALGOBUILD.1.3.0
2024-03-16 13:50:37,467 [WARN] PackLoader:240 - Cannot read IP mode file for STMicroelectronics.X-CUBE-AZRTOS-G0.1.1.0
2024-03-16 13:50:37,492 [WARN] PackLoader:240 - Cannot read IP mode file for STMicroelectronics.X-CUBE-NFC4.3.0.0
2024-03-16 13:50:37,526 [WARN] PackLoader:240 - Cannot read IP mode file for STMicroelectronics.X-CUBE-BLEMGR.3.0.0
2024-03-16 13:50:37,546 [WARN] PackLoader:240 - Cannot read IP mode file for STMicroelectronics.X-CUBE-BLEMGR.1.3.0
2024-03-16 13:50:37,568 [WARN] PackLoader:240 - Cannot read IP mode file for STMicroelectronics.FP-ATR-SIGFOX1.3.2.0
2024-03-16 13:50:37,584 [WARN] PackLoader:240 - Cannot read IP mode file for STMicroelectronics.X-CUBE-EEPRMA1.5.1.0
2024-03-16 13:50:37,654 [WARN] PackLoader:240 - Cannot read IP mode file for STMicroelectronics.X-CUBE-MEMS1.9.5.0
2024-03-16 13:50:37,841 [WARN] PackLoader:240 - Cannot read IP mode file for SEGGER.I-CUBE-embOS.1.3.1
2024-03-16 13:50:37,890 [WARN] PackLoader:240 - Cannot read IP mode file for STMicroelectronics.X-CUBE-GNSS1.6.0.0
2024-03-16 13:50:37,901 [INFO] WebApp:753 - Register for checkConnection events
2024-03-16 13:50:37,903 [INFO] WebApp:390 - Apply proxy settings
2024-03-16 13:50:37,903 [INFO] WebApp:475 - Chromium requires no authentication
2024-03-16 13:50:37,918 [INFO] WebApp:418 - Direct internet connection detected
2024-03-16 13:50:37,939 [WARN] PackLoader:240 - Cannot read IP mode file for STMicroelectronics.X-CUBE-AZRTOS-F4.1.1.0
2024-03-16 13:50:37,976 [WARN] PackLoader:240 - Cannot read IP mode file for STMicroelectronics.X-CUBE-AZRTOS-L5.2.0.0
2024-03-16 13:50:38,038 [WARN] PackLoader:240 - Cannot read IP mode file for STMicroelectronics.X-CUBE-MEMS1.9.6.0
2024-03-16 13:50:38,170 [WARN] PackLoader:240 - Cannot read IP mode file for STMicroelectronics.X-CUBE-EEPRMA1.4.2.0
2024-03-16 13:50:38,189 [WARN] PackLoader:240 - Cannot read IP mode file for ITTIA_DB.I-CUBE-ITTIADB.8.8.0
2024-03-16 13:50:38,205 [WARN] PackLoader:240 - Cannot read IP mode file for emotas.I-CUBE-CANOPEN.1.1.3
2024-03-16 13:50:38,223 [WARN] PackLoader:240 - Cannot read IP mode file for STMicroelectronics.X-CUBE-BLEMGR.2.0.0
2024-03-16 13:50:38,225 [INFO] WebApp:188 - Starting web application
2024-03-16 13:50:38,225 [INFO] WebApp:520 - Web application path used C:\ST\STM32CubeIDE_1.11.2\STM32CubeIDE\plugins\com.st.stm32cube.common.mx_6.9.2.202309101412\db\plugins\mcufinder\reactClient1\index.html
2024-03-16 13:50:38,258 [WARN] ConditionMgr:438 - getConditionDescription Invalid condition id : UX DEVICE CLASS RTOS Condition cause : null
2024-03-16 13:50:38,259 [WARN] ConditionMgr:438 - getConditionDescription Invalid condition id : UX DEVICE CLASS RTOS Condition cause : null
2024-03-16 13:50:38,261 [WARN] PackLoader:240 - Cannot read IP mode file for STMicroelectronics.X-CUBE-AZRTOS-H7.3.1.0
2024-03-16 13:50:38,271 [WARN] ConditionMgr:1039 - genDependencies : Invalid condition id : UX DEVICE CLASS RTOS Condition cause : null
2024-03-16 13:50:38,272 [WARN] ConditionMgr:1039 - genDependencies : Invalid condition id : UX DEVICE CLASS RTOS Condition cause : null
2024-03-16 13:50:38,273 [WARN] ConditionMgr:1039 - genDependencies : Invalid condition id : UX DEVICE CLASS RTOS Condition cause : null
2024-03-16 13:50:38,275 [WARN] ConditionMgr:1039 - genDependencies : Invalid condition id : UX DEVICE CLASS RTOS Condition cause : null
2024-03-16 13:50:38,276 [WARN] ConditionMgr:1039 - genDependencies : Invalid condition id : UX DEVICE CLASS RTOS Condition cause : null
2024-03-16 13:50:38,321 [WARN] PackLoader:240 - Cannot read IP mode file for wolfSSL.I-CUBE-wolfSSL.5.5.4
2024-03-16 13:50:38,339 [WARN] PackLoader:240 - Cannot read IP mode file for STMicroelectronics.X-CUBE-NFC7.1.0.1
2024-03-16 13:50:38,359 [WARN] PackLoader:240 - Cannot read IP mode file for STMicroelectronics.X-CUBE-NFC7.1.0.0
2024-03-16 13:50:38,380 [WARN] PackLoader:240 - Cannot read IP mode file for STMicroelectronics.X-CUBE-NFC6.3.0.0
2024-03-16 13:50:38,397 [WARN] PackLoader:240 - Cannot read IP mode file for STMicroelectronics.X-CUBE-EEPRMA1.4.1.0
2024-03-16 13:50:38,412 [WARN] PackLoader:240 - Cannot read IP mode file for STMicroelectronics.X-CUBE-AI.8.1.0
2024-03-16 13:50:38,450 [WARN] ConditionMgr:438 - getConditionDescription Invalid condition id : LAN8742 Phy interface Condition cause : null
2024-03-16 13:50:38,451 [WARN] PackLoader:240 - Cannot read IP mode file for STMicroelectronics.X-CUBE-AZRTOS-L4.2.0.0
2024-03-16 13:50:38,452 [WARN] ConditionMgr:1039 - genDependencies : Invalid condition id : LAN8742 Phy interface Condition cause : null
2024-03-16 13:50:38,452 [WARN] ConditionMgr:1039 - genDependencies : Invalid condition id : LAN8742 Phy interface Condition cause : null
2024-03-16 13:50:38,454 [WARN] ConditionMgr:1039 - genDependencies : Invalid condition id : LAN8742 Phy interface Condition cause : null
2024-03-16 13:50:38,473 [WARN] PackLoader:240 - Cannot read IP mode file for STMicroelectronics.X-CUBE-SFXS2LP1.4.0.0
2024-03-16 13:50:38,512 [WARN] PackLoader:240 - Cannot read IP mode file for STMicroelectronics.X-CUBE-AZRTOS-H7.3.0.0
2024-03-16 13:50:38,528 [WARN] PackLoader:240 - Cannot read IP mode file for STMicroelectronics.X-CUBE-ISPU.1.1.0
2024-03-16 13:50:38,569 [WARN] PackLoader:240 - Cannot read IP mode file for RoweBots.I-CUBE-UNISONRTOS.5.5.0-4
2024-03-16 13:50:38,585 [WARN] PackLoader:240 - Cannot read IP mode file for STMicroelectronics.X-CUBE-AI.8.0.0
2024-03-16 13:50:38,614 [WARN] ConditionMgr:438 - getConditionDescription Invalid condition id : UX DEVICE CLASS RTOS Condition cause : null
2024-03-16 13:50:38,615 [WARN] ConditionMgr:438 - getConditionDescription Invalid condition id : UX DEVICE CLASS RTOS Condition cause : null
2024-03-16 13:50:38,617 [WARN] PackLoader:240 - Cannot read IP mode file for STMicroelectronics.X-CUBE-AZRTOS-WB.2.0.0
2024-03-16 13:50:38,617 [WARN] ConditionMgr:1039 - genDependencies : Invalid condition id : UX DEVICE CLASS RTOS Condition cause : null
2024-03-16 13:50:38,618 [WARN] ConditionMgr:1039 - genDependencies : Invalid condition id : UX DEVICE CLASS RTOS Condition cause : null
2024-03-16 13:50:38,618 [WARN] ConditionMgr:1039 - genDependencies : Invalid condition id : UX DEVICE CLASS RTOS Condition cause : null
2024-03-16 13:50:38,618 [WARN] ConditionMgr:1039 - genDependencies : Invalid condition id : UX DEVICE CLASS RTOS Condition cause : null
2024-03-16 13:50:38,618 [WARN] ConditionMgr:1039 - genDependencies : Invalid condition id : UX DEVICE CLASS RTOS Condition cause : null
2024-03-16 13:50:38,634 [WARN] PackLoader:240 - Cannot read IP mode file for STMicroelectronics.X-CUBE-FREERTOS.1.0.1
2024-03-16 13:50:38,668 [WARN] PackLoader:240 - Cannot read IP mode file for STMicroelectronics.X-CUBE-AZRTOS-L5.1.1.0
2024-03-16 13:50:38,692 [WARN] PackLoader:240 - Cannot read IP mode file for STMicroelectronics.X-CUBE-SUBG2.5.0.0
2024-03-16 13:50:38,721 [WARN] PackLoader:240 - Cannot read IP mode file for STMicroelectronics.X-CUBE-TOF1.3.3.1
2024-03-16 13:50:38,775 [WARN] PackLoader:240 - Cannot read IP mode file for STMicroelectronics.X-CUBE-AZRTOS-G4.2.0.0
2024-03-16 13:50:38,794 [WARN] PackLoader:240 - Cannot read IP mode file for STMicroelectronics.FP-ATR-ASTRA1.1.1.1
2024-03-16 13:50:38,851 [WARN] PackLoader:240 - Cannot read IP mode file for Infineon.AIROC-Wi-Fi-Bluetooth-STM32.1.5.1
2024-03-16 13:50:38,868 [WARN] PackLoader:240 - Cannot read IP mode file for STMicroelectronics.FP-SNS-MOTENVWB1.1.3.0
2024-03-16 13:50:38,881 [WARN] PackLoader:240 - Cannot read IP mode file for STMicroelectronics.FP-SNS-MOTENVWB1.1.3.1
2024-03-16 13:50:38,908 [WARN] PackLoader:240 - Cannot read IP mode file for STMicroelectronics.X-CUBE-AZRTOS-G4.1.0.0
2024-03-16 13:50:38,939 [WARN] PackLoader:240 - Cannot read IP mode file for STMicroelectronics.X-CUBE-AZRTOS-L4.1.0.0
2024-03-16 13:50:38,953 [WARN] PackLoader:240 - Cannot read IP mode file for STMicroelectronics.X-CUBE-ISPU.2.0.0
2024-03-16 13:50:39,002 [WARN] PackLoader:240 - Cannot read IP mode file for STMicroelectronics.X-CUBE-MEMS1.10.0.0
2024-03-16 13:50:39,110 [WARN] PackLoader:240 - Cannot read IP mode file for STMicroelectronics.X-CUBE-FREERTOS.1.1.0
2024-03-16 13:50:39,131 [WARN] PackLoader:240 - Cannot read IP mode file for STMicroelectronics.X-CUBE-AZRTOS-WL.1.0.0
2024-03-16 13:50:39,146 [WARN] PackLoader:240 - Cannot read IP mode file for portGmbH.I-Cube-SoM-uGOAL.1.1.0
2024-03-16 13:50:39,159 [WARN] PackLoader:240 - Cannot read IP mode file for STMicroelectronics.X-CUBE-ALS.1.0.1
2024-03-16 13:50:39,182 [WARN] PackLoader:240 - Cannot read IP mode file for STMicroelectronics.X-CUBE-AZRTOS-WB.1.1.0
2024-03-16 13:50:39,196 [WARN] PackLoader:240 - Cannot read IP mode file for STMicroelectronics.FP-ATR-ASTRA1.2.0.0
2024-03-16 13:50:39,215 [WARN] PackLoader:240 - Cannot read IP mode file for STMicroelectronics.X-CUBE-TOF1.3.4.0
2024-03-16 13:50:39,242 [WARN] PackLoader:240 - Cannot read IP mode file for STMicroelectronics.X-CUBE-TOF1.3.4.1
2024-03-16 13:50:39,283 [WARN] PackLoader:240 - Cannot read IP mode file for STMicroelectronics.X-CUBE-AZRTOS-H7.3.2.0
2024-03-16 13:50:39,285 [INFO] ThirdParty:978 - Integrity check success = true
2024-03-16 13:50:39,285 [INFO] IntegrityCheckThread:100 - exiting critical section [integrity check]
2024-03-16 13:50:39,285 [INFO] IntegrityCheckThread:103 - End integrity checks thread
2024-03-16 13:50:59,363 [ERROR] LogOutputStream:75 - [STDERR_REDIRECT] SLF4J: Failed to load class "org.slf4j.impl.StaticLoggerBinder".
2024-03-16 13:50:59,363 [ERROR] LogOutputStream:75 - [STDERR_REDIRECT] SLF4J: Defaulting to no-operation (NOP) logger implementation
2024-03-16 13:50:59,365 [ERROR] LogOutputStream:75 - [STDERR_REDIRECT] SLF4J: See http://www.slf4j.org/codes.html#StaticLoggerBinder for further details.
2024-03-16 15:21:56,100 [ERROR] LogOutputStream:75 - [STDERR_REDIRECT] 
2024-03-16 19:20:56,302 [INFO] Activator:176 - 


2024-03-16 19:20:56,304 [INFO] Activator:177 - !SESSION log4j initialized
2024-03-16 19:21:03,575 [INFO] LogOutputStream:77 - [STDOUT_REDIRECT] 
2024-03-16 19:21:04,522 [INFO] ApplicationProperties:184 - Using Application install path: C:\ST\STM32CubeIDE_1.11.2\STM32CubeIDE\plugins\com.st.stm32cube.common.mx_6.9.2.202309101412
2024-03-16 19:21:04,541 [INFO] DbMcusXml:78 - Set database path to: C:\ST\STM32CubeIDE_1.11.2\STM32CubeIDE\plugins\com.st.stm32cube.common.mx_6.9.2.202309101412\\db\/mcu/
2024-03-16 19:21:04,541 [INFO] ApiDb:274 - Set plugin database path to: C:\ST\STM32CubeIDE_1.11.2\STM32CubeIDE\plugins\com.st.stm32cube.common.mx_6.9.2.202309101412\\db\/plugins/boardmanager/
2024-03-16 19:21:04,542 [WARN] ApiDb:259 - Overriding images path with different value:  => C:\ST\STM32CubeIDE_1.11.2\STM32CubeIDE\plugins\com.st.stm32cube.common.mx_6.9.2.202309101412\\db\/plugins/mcufinder/images/
2024-03-16 19:21:04,558 [INFO] ApiDb:250 - Set database path to: C:\Users\erkan\.stmcufinder\plugins\mcufinder//mcu/
2024-03-16 19:21:04,559 [INFO] DbMcusAds:125 - Set database path to: C:\Users\erkan\.stmcufinder\plugins\mcufinder//mcu/
2024-03-16 19:21:04,561 [INFO] CrossReferenceDbSqlite:203 - Set database path to: C:\Users\erkan\.stmcufinder\plugins\mcufinder//mcu/cs/
2024-03-16 19:21:04,691 [INFO] RulesReader:64 - Compatibility file has been processed (293 Rules)
2024-03-16 19:21:04,793 [INFO] DbMcusXml:78 - Set database path to: C:\ST\STM32CubeIDE_1.11.2\STM32CubeIDE\plugins\com.st.stm32cube.common.mx_6.9.2.202309101412\\db\/mcu/
2024-03-16 19:21:04,793 [INFO] ApiDb:274 - Set plugin database path to: C:\ST\STM32CubeIDE_1.11.2\STM32CubeIDE\plugins\com.st.stm32cube.common.mx_6.9.2.202309101412\\db\/plugins/boardmanager/
2024-03-16 19:21:04,793 [INFO] ApiDb:261 - Set plugin images path to: C:\ST\STM32CubeIDE_1.11.2\STM32CubeIDE\plugins\com.st.stm32cube.common.mx_6.9.2.202309101412\\db\/plugins/mcufinder/images/
2024-03-16 19:21:04,793 [WARN] DbFile:41 - Overriding database path with different value: C:\Users\erkan\.stmcufinder\plugins\mcufinder/ => C:\Users\erkan\.stmcufinder\plugins\mcufinder
2024-03-16 19:21:04,793 [INFO] ApiDb:250 - Set database path to: C:\Users\erkan\.stmcufinder\plugins\mcufinder//mcu/
2024-03-16 19:21:04,794 [WARN] DbFile:41 - Overriding database path with different value: C:\Users\erkan\.stmcufinder\plugins\mcufinder/ => C:\Users\erkan\.stmcufinder\plugins\mcufinder
2024-03-16 19:21:04,794 [INFO] DbMcusAds:125 - Set database path to: C:\Users\erkan\.stmcufinder\plugins\mcufinder//mcu/
2024-03-16 19:21:04,794 [WARN] DbFile:41 - Overriding database path with different value: C:\Users\erkan\.stmcufinder\plugins\mcufinder/ => C:\Users\erkan\.stmcufinder\plugins\mcufinder
2024-03-16 19:21:04,794 [WARN] DbFile:41 - Overriding database path with different value: C:\Users\erkan\.stmcufinder\plugins\mcufinder/ => C:\Users\erkan\.stmcufinder\plugins\mcufinder
2024-03-16 19:21:04,794 [INFO] CrossReferenceDbSqlite:203 - Set database path to: C:\Users\erkan\.stmcufinder\plugins\mcufinder//mcu/cs/
2024-03-16 19:21:04,887 [INFO] MainPanel:262 - HeapMemory: 268435456
2024-03-16 19:21:04,991 [INFO] DbMcusXml:78 - Set database path to: C:\ST\STM32CubeIDE_1.11.2\STM32CubeIDE\plugins\com.st.stm32cube.common.mx_6.9.2.202309101412\\db\/mcu/
2024-03-16 19:21:04,991 [INFO] ApiDb:274 - Set plugin database path to: C:\ST\STM32CubeIDE_1.11.2\STM32CubeIDE\plugins\com.st.stm32cube.common.mx_6.9.2.202309101412\\db\/plugins/boardmanager/
2024-03-16 19:21:04,991 [INFO] ApiDb:261 - Set plugin images path to: C:\ST\STM32CubeIDE_1.11.2\STM32CubeIDE\plugins\com.st.stm32cube.common.mx_6.9.2.202309101412\\db\/plugins/mcufinder/images/
2024-03-16 19:21:04,991 [WARN] DbFile:41 - Overriding database path with different value: C:\Users\erkan\.stmcufinder\plugins\mcufinder/ => C:\Users\erkan\.stmcufinder\plugins\mcufinder
2024-03-16 19:21:04,992 [INFO] ApiDb:250 - Set database path to: C:\Users\erkan\.stmcufinder\plugins\mcufinder//mcu/
2024-03-16 19:21:04,992 [WARN] DbFile:41 - Overriding database path with different value: C:\Users\erkan\.stmcufinder\plugins\mcufinder/ => C:\Users\erkan\.stmcufinder\plugins\mcufinder
2024-03-16 19:21:04,992 [INFO] DbMcusAds:125 - Set database path to: C:\Users\erkan\.stmcufinder\plugins\mcufinder//mcu/
2024-03-16 19:21:04,992 [WARN] DbFile:41 - Overriding database path with different value: C:\Users\erkan\.stmcufinder\plugins\mcufinder/ => C:\Users\erkan\.stmcufinder\plugins\mcufinder
2024-03-16 19:21:04,992 [WARN] DbFile:41 - Overriding database path with different value: C:\Users\erkan\.stmcufinder\plugins\mcufinder/ => C:\Users\erkan\.stmcufinder\plugins\mcufinder
2024-03-16 19:21:04,992 [INFO] CrossReferenceDbSqlite:203 - Set database path to: C:\Users\erkan\.stmcufinder\plugins\mcufinder//mcu/cs/
2024-03-16 19:21:05,017 [INFO] ApplicationProperties:184 - Using Application install path: C:\ST\STM32CubeIDE_1.11.2\STM32CubeIDE\plugins\com.st.stm32cube.common.mx_6.9.2.202309101412
2024-03-16 19:21:05,018 [INFO] PluginManage:196 - Search for loadable plugins [exclusion list=, ]
2024-03-16 19:21:05,021 [INFO] PluginManage:310 - Check plugin analytics
2024-03-16 19:21:05,208 [INFO] AnalyticsPlugin:253 - Accepted Software Licenses: STM32CubeMX.6.9.2
2024-03-16 19:21:05,208 [INFO] AnalyticsPlugin:255 - Accepted CMSIS Pack Licenses: 
2024-03-16 19:21:05,209 [INFO] AnalyticsPlugin:257 - Accepted Firmware Licenses: 
2024-03-16 19:21:05,212 [INFO] PluginManage:359 - Loaded plugin analytics (category:tool,tabindex:-1)
2024-03-16 19:21:05,213 [INFO] PluginManage:310 - Check plugin cadmodel
2024-03-16 19:21:05,221 [INFO] CADModel:105 - Init CAD model plugin
2024-03-16 19:21:05,221 [INFO] PluginManage:359 - Loaded plugin cadmodel (category:power,tabindex:5)
2024-03-16 19:21:05,221 [INFO] PluginManage:310 - Check plugin clock
2024-03-16 19:21:05,233 [INFO] PluginManage:359 - Loaded plugin clock (category:base,tabindex:2)
2024-03-16 19:21:05,234 [INFO] PluginManage:310 - Check plugin ddr
2024-03-16 19:21:05,236 [INFO] PluginManage:359 - Loaded plugin ddr (category:tool,tabindex:6)
2024-03-16 19:21:05,236 [INFO] PluginManage:310 - Check plugin filemanager
2024-03-16 19:21:05,408 [INFO] PluginManage:359 - Loaded plugin filemanager (category:base,tabindex:10)
2024-03-16 19:21:05,409 [INFO] PluginManage:310 - Check plugin ipmanager
2024-03-16 19:21:05,421 [INFO] PluginManage:359 - Loaded plugin ipmanager (category:base,tabindex:5)
2024-03-16 19:21:05,422 [INFO] PluginManage:310 - Check plugin lpbam
2024-03-16 19:21:05,435 [INFO] PluginManage:359 - Loaded plugin lpbam (category:base,tabindex:0)
2024-03-16 19:21:05,435 [INFO] PluginManage:310 - Check plugin memorymap
2024-03-16 19:21:05,452 [INFO] PluginManage:359 - Loaded plugin memorymap (category:base,tabindex:4)
2024-03-16 19:21:05,452 [INFO] PluginManage:310 - Check plugin pinoutandconfiguration
2024-03-16 19:21:05,463 [INFO] PluginManage:359 - Loaded plugin pinoutandconfiguration (category:base,tabindex:1)
2024-03-16 19:21:05,463 [INFO] PluginManage:310 - Check plugin pinoutconfig
2024-03-16 19:21:05,575 [WARN] SupportedApi:132 - Cannot load RTOS API schema: s4s-elt-must-match.1: The content of 'definitions' must match (annotation?, (simpleType | complexType)?, (unique | key | keyref)*)). A problem was found starting at: attribute.
2024-03-16 19:21:05,721 [INFO] PluginManage:359 - Loaded plugin pinoutconfig (category:base,tabindex:0)
2024-03-16 19:21:05,721 [INFO] PluginManage:310 - Check plugin power
2024-03-16 19:21:05,736 [INFO] PluginManage:359 - Loaded plugin power (category:power,tabindex:4)
2024-03-16 19:21:05,737 [INFO] PluginManage:310 - Check plugin projectmanager
2024-03-16 19:21:05,754 [INFO] PluginManage:359 - Loaded plugin projectmanager (category:projectmanager,tabindex:3)
2024-03-16 19:21:05,754 [INFO] PluginManage:310 - Check plugin thirdparty
2024-03-16 19:21:05,933 [INFO] PluginManage:359 - Loaded plugin thirdparty (category:base,tabindex:-1)
2024-03-16 19:21:05,933 [INFO] PluginManage:310 - Check plugin tools
2024-03-16 19:21:05,933 [WARN] IntegrityCheckThread:84 - waiting for thirdparty lock release [integrity check]
2024-03-16 19:21:05,933 [INFO] IntegrityCheckThread:86 - entering critical section [integrity check]
2024-03-16 19:21:05,934 [INFO] ThirdPartyUpdaterWithRetryManager:70 - Updater plugin not ready yet. [1/15]
2024-03-16 19:21:05,937 [INFO] PluginManage:359 - Loaded plugin tools (category:base,tabindex:7)
2024-03-16 19:21:05,937 [INFO] PluginManage:310 - Check plugin tutovideos
2024-03-16 19:21:06,143 [INFO] PluginManage:359 - Loaded plugin tutovideos (category:base,tabindex:-1)
2024-03-16 19:21:06,144 [INFO] PluginManage:310 - Check plugin updater
2024-03-16 19:21:06,160 [INFO] PluginManage:359 - Loaded plugin updater (category:base,tabindex:12)
2024-03-16 19:21:06,160 [INFO] PluginManage:310 - Check plugin userauth
2024-03-16 19:21:06,167 [INFO] UserAuth:113 - Init User Auth plugin
2024-03-16 19:21:06,167 [INFO] PluginManage:359 - Loaded plugin userauth (category:base,tabindex:14)
2024-03-16 19:21:06,168 [INFO] PluginManage:283 - PluginManage : Loaded plugins [17]
2024-03-16 19:21:06,427 [INFO] PinOutPanel:1499 - setPackage(No Configuration,No Configuration)
2024-03-16 19:21:06,561 [INFO] CADModel:165 - CPN selected for project level
2024-03-16 19:21:06,561 [INFO] CADModel:114 - Register for checkConnection events
2024-03-16 19:21:06,579 [INFO] IPUIPlugin:80 - create IPUIPlugin
2024-03-16 19:21:06,579 [INFO] PluginManager:220 - loadIPPluginJar : add adc
2024-03-16 19:21:06,583 [INFO] IPUIPlugin:80 - create IPUIPlugin
2024-03-16 19:21:06,583 [INFO] PluginManager:220 - loadIPPluginJar : add aes
2024-03-16 19:21:06,586 [INFO] IPUIPlugin:80 - create IPUIPlugin
2024-03-16 19:21:06,586 [INFO] PluginManager:220 - loadIPPluginJar : add can
2024-03-16 19:21:06,588 [INFO] IPUIPlugin:80 - create IPUIPlugin
2024-03-16 19:21:06,588 [INFO] PluginManager:220 - loadIPPluginJar : add comp
2024-03-16 19:21:06,592 [INFO] IPUIPlugin:80 - create IPUIPlugin
2024-03-16 19:21:06,592 [INFO] PluginManager:220 - loadIPPluginJar : add cryp
2024-03-16 19:21:06,595 [INFO] IPUIPlugin:80 - create IPUIPlugin
2024-03-16 19:21:06,595 [INFO] PluginManager:220 - loadIPPluginJar : add dfsdm
2024-03-16 19:21:06,601 [INFO] IPUIPlugin:80 - create IPUIPlugin
2024-03-16 19:21:06,602 [INFO] PluginManager:220 - loadIPPluginJar : add dma
2024-03-16 19:21:06,605 [INFO] IPUIPlugin:80 - create IPUIPlugin
2024-03-16 19:21:06,605 [INFO] PluginManager:220 - loadIPPluginJar : add dma3
2024-03-16 19:21:06,607 [INFO] IPUIPlugin:80 - create IPUIPlugin
2024-03-16 19:21:06,607 [INFO] PluginManager:220 - loadIPPluginJar : add fatfs
2024-03-16 19:21:06,613 [INFO] IPUIPlugin:80 - create IPUIPlugin
2024-03-16 19:21:06,613 [INFO] PluginManager:220 - loadIPPluginJar : add fmc
2024-03-16 19:21:06,619 [INFO] IPUIPlugin:80 - create IPUIPlugin
2024-03-16 19:21:06,620 [INFO] PluginManager:220 - loadIPPluginJar : add freertos
2024-03-16 19:21:06,621 [INFO] IPUIPlugin:80 - create IPUIPlugin
2024-03-16 19:21:06,622 [INFO] PluginManager:220 - loadIPPluginJar : add genericplugin
2024-03-16 19:21:06,625 [INFO] IPUIPlugin:80 - create IPUIPlugin
2024-03-16 19:21:06,625 [INFO] PluginManager:220 - loadIPPluginJar : add gfxmmu
2024-03-16 19:21:06,630 [INFO] IPUIPlugin:80 - create IPUIPlugin
2024-03-16 19:21:06,630 [INFO] PluginManager:220 - loadIPPluginJar : add gic
2024-03-16 19:21:06,636 [INFO] IPUIPlugin:80 - create IPUIPlugin
2024-03-16 19:21:06,636 [INFO] PluginManager:220 - loadIPPluginJar : add gpio
2024-03-16 19:21:06,639 [INFO] IPUIPlugin:80 - create IPUIPlugin
2024-03-16 19:21:06,639 [INFO] PluginManager:220 - loadIPPluginJar : add gtzc
2024-03-16 19:21:06,643 [INFO] IPUIPlugin:80 - create IPUIPlugin
2024-03-16 19:21:06,643 [INFO] PluginManager:220 - loadIPPluginJar : add hash
2024-03-16 19:21:06,647 [INFO] IPUIPlugin:80 - create IPUIPlugin
2024-03-16 19:21:06,647 [INFO] PluginManager:220 - loadIPPluginJar : add i2c
2024-03-16 19:21:06,650 [INFO] IPUIPlugin:80 - create IPUIPlugin
2024-03-16 19:21:06,650 [INFO] PluginManager:220 - loadIPPluginJar : add i2s
2024-03-16 19:21:06,653 [INFO] IPUIPlugin:80 - create IPUIPlugin
2024-03-16 19:21:06,653 [INFO] PluginManager:220 - loadIPPluginJar : add i3c
2024-03-16 19:21:06,657 [INFO] IPUIPlugin:80 - create IPUIPlugin
2024-03-16 19:21:06,657 [INFO] PluginManager:220 - loadIPPluginJar : add ipddr
2024-03-16 19:21:06,664 [INFO] IPUIPlugin:80 - create IPUIPlugin
2024-03-16 19:21:06,664 [INFO] PluginManager:220 - loadIPPluginJar : add linkedlist
2024-03-16 19:21:06,668 [INFO] IPUIPlugin:80 - create IPUIPlugin
2024-03-16 19:21:06,668 [INFO] PluginManager:220 - loadIPPluginJar : add lorawan
2024-03-16 19:21:06,670 [INFO] IPUIPlugin:80 - create IPUIPlugin
2024-03-16 19:21:06,670 [INFO] PluginManager:220 - loadIPPluginJar : add ltdc
2024-03-16 19:21:06,676 [INFO] IPUIPlugin:80 - create IPUIPlugin
2024-03-16 19:21:06,676 [INFO] PluginManager:220 - loadIPPluginJar : add mdma
2024-03-16 19:21:06,680 [INFO] IPUIPlugin:80 - create IPUIPlugin
2024-03-16 19:21:06,680 [INFO] PluginManager:220 - loadIPPluginJar : add nvic
2024-03-16 19:21:06,684 [INFO] IPUIPlugin:80 - create IPUIPlugin
2024-03-16 19:21:06,685 [INFO] PluginManager:220 - loadIPPluginJar : add opamp
2024-03-16 19:21:06,689 [INFO] IPUIPlugin:80 - create IPUIPlugin
2024-03-16 19:21:06,689 [INFO] PluginManager:220 - loadIPPluginJar : add openamp
2024-03-16 19:21:06,693 [INFO] IPUIPlugin:80 - create IPUIPlugin
2024-03-16 19:21:06,693 [INFO] PluginManager:220 - loadIPPluginJar : add pdm2pcm
2024-03-16 19:21:06,701 [INFO] IPUIPlugin:80 - create IPUIPlugin
2024-03-16 19:21:06,704 [INFO] PluginManager:220 - loadIPPluginJar : add plateformsettings
2024-03-16 19:21:06,706 [INFO] IPUIPlugin:80 - create IPUIPlugin
2024-03-16 19:21:06,706 [INFO] PluginManager:220 - loadIPPluginJar : add quadspi
2024-03-16 19:21:06,711 [INFO] IPUIPlugin:80 - create IPUIPlugin
2024-03-16 19:21:06,712 [INFO] PluginManager:220 - loadIPPluginJar : add resmgrutility
2024-03-16 19:21:06,716 [INFO] IPUIPlugin:80 - create IPUIPlugin
2024-03-16 19:21:06,716 [INFO] PluginManager:220 - loadIPPluginJar : add sai
2024-03-16 19:21:06,720 [INFO] IPUIPlugin:80 - create IPUIPlugin
2024-03-16 19:21:06,720 [INFO] PluginManager:220 - loadIPPluginJar : add spi
2024-03-16 19:21:06,725 [INFO] IPUIPlugin:80 - create IPUIPlugin
2024-03-16 19:21:06,726 [INFO] PluginManager:220 - loadIPPluginJar : add stm32_wpan
2024-03-16 19:21:06,727 [INFO] IPUIPlugin:80 - create IPUIPlugin
2024-03-16 19:21:06,727 [INFO] PluginManager:220 - loadIPPluginJar : add tim
2024-03-16 19:21:06,730 [INFO] IPUIPlugin:80 - create IPUIPlugin
2024-03-16 19:21:06,731 [INFO] PluginManager:220 - loadIPPluginJar : add touchsensing
2024-03-16 19:21:06,735 [INFO] IPUIPlugin:80 - create IPUIPlugin
2024-03-16 19:21:06,735 [INFO] PluginManager:220 - loadIPPluginJar : add tracer_emb
2024-03-16 19:21:06,738 [INFO] IPUIPlugin:80 - create IPUIPlugin
2024-03-16 19:21:06,738 [INFO] PluginManager:220 - loadIPPluginJar : add ts
2024-03-16 19:21:06,742 [INFO] IPUIPlugin:80 - create IPUIPlugin
2024-03-16 19:21:06,742 [INFO] PluginManager:220 - loadIPPluginJar : add tsc
2024-03-16 19:21:06,745 [INFO] IPUIPlugin:80 - create IPUIPlugin
2024-03-16 19:21:06,745 [INFO] PluginManager:220 - loadIPPluginJar : add ucpd
2024-03-16 19:21:06,749 [INFO] IPUIPlugin:80 - create IPUIPlugin
2024-03-16 19:21:06,749 [INFO] PluginManager:220 - loadIPPluginJar : add usart
2024-03-16 19:21:06,753 [INFO] IPUIPlugin:80 - create IPUIPlugin
2024-03-16 19:21:06,753 [INFO] PluginManager:220 - loadIPPluginJar : add usbx
2024-03-16 19:21:06,889 [INFO] CADModel:165 - CPN selected for project level
2024-03-16 19:21:06,889 [INFO] CADModel:114 - Register for checkConnection events
2024-03-16 19:21:06,889 [FATAL] Updater:308 - Updater called before beeing initialized
2024-03-16 19:21:06,889 [ERROR] CADModel:125 - Updater not yet initialized, retry later 
2024-03-16 19:21:07,093 [INFO] CADModel:165 - CPN selected for project level
2024-03-16 19:21:07,093 [INFO] CADModel:114 - Register for checkConnection events
2024-03-16 19:21:07,093 [FATAL] Updater:308 - Updater called before beeing initialized
2024-03-16 19:21:07,093 [ERROR] CADModel:125 - Updater not yet initialized, retry later 
2024-03-16 19:21:07,096 [FATAL] Updater:308 - Updater called before beeing initialized
2024-03-16 19:21:07,226 [FATAL] Updater:308 - Updater called before beeing initialized
2024-03-16 19:21:07,232 [INFO] DbMcusAds:53 - JSON generation date=Wed Nov 29 11:52:27 CET 2023 (1701255147349)
2024-03-16 19:21:07,232 [FATAL] Updater:308 - Updater called before beeing initialized
2024-03-16 19:21:07,271 [WARN] DetailPanel:346 - Failed to get advertising image, set to default
2024-03-16 19:21:07,366 [FATAL] Updater:308 - Updater called before beeing initialized
2024-03-16 19:21:07,368 [FATAL] Updater:308 - Updater called before beeing initialized
2024-03-16 19:21:07,368 [FATAL] Updater:308 - Updater called before beeing initialized
2024-03-16 19:21:07,368 [WARN] DetailPanel:346 - Failed to get advertising image, set to default
2024-03-16 19:21:07,369 [FATAL] Updater:308 - Updater called before beeing initialized
2024-03-16 19:21:07,418 [ERROR] Updater:1120 - MainUpdater not yet initialized. External WinMGr cannot be set.
2024-03-16 19:21:07,421 [INFO] Updater:1056 - Updater Version found : 6.9.2
2024-03-16 19:21:07,438 [INFO] ApplicationProperties:184 - Using Application install path: C:\ST\STM32CubeIDE_1.11.2\STM32CubeIDE\plugins\com.st.stm32cube.common.mx_6.9.2.202309101412
2024-03-16 19:21:07,708 [INFO] MainUpdater:2868 - connection check result : 10
2024-03-16 19:21:07,709 [INFO] MainUpdater:285 - Updater Check For Update Now.
2024-03-16 19:21:07,709 [INFO] MicroXplorer:498 - Change Database Version : DB.6.0.92
2024-03-16 19:21:07,717 [INFO] McuFinderGlobals:63 - Set McuFinder mode to 2 (CubeIDE integrated)
2024-03-16 19:21:07,717 [INFO] UserAuth:179 - activating auth plugin
2024-03-16 19:21:07,721 [INFO] UserAuth:393 - Internet connection configuration mode: 1
2024-03-16 19:21:07,746 [INFO] JxBrowserEngine:151 - Initiate JxBrowser Engine with user profile folder
2024-03-16 19:21:07,885 [INFO] CheckServerUpdateThread:120 - End of CheckServer Thread
2024-03-16 19:21:09,426 [WARN] PackLoader:240 - Cannot read IP mode file for STMicroelectronics.X-CUBE-SMBUS.2.1.0
2024-03-16 19:21:09,438 [WARN] PackLoader:240 - Cannot read IP mode file for STMicroelectronics.X-CUBE-TOUCHGFX.4.23.0
2024-03-16 19:21:09,490 [WARN] PackLoader:240 - Cannot read IP mode file for STMicroelectronics.X-CUBE-AZRTOS-F7.1.1.0
2024-03-16 19:21:09,513 [WARN] PackLoader:240 - Cannot read IP mode file for STMicroelectronics.FP-SNS-MOTENV1.4.3.2
2024-03-16 19:21:09,543 [WARN] PackLoader:240 - Cannot read IP mode file for STMicroelectronics.X-CUBE-BLE1.6.2.4
2024-03-16 19:21:09,561 [WARN] PackLoader:240 - Cannot read IP mode file for STMicroelectronics.FP-SNS-FLIGHT1.5.0.2
2024-03-16 19:21:09,582 [WARN] PackLoader:240 - Cannot read IP mode file for STMicroelectronics.X-CUBE-DISPLAY.3.0.0
2024-03-16 19:21:09,604 [WARN] PackLoader:240 - Cannot read IP mode file for STMicroelectronics.X-CUBE-BLE1.7.0.0
2024-03-16 19:21:09,615 [WARN] PackLoader:240 - Cannot read IP mode file for STMicroelectronics.X-CUBE-TOUCHGFX.4.22.0
2024-03-16 19:21:09,627 [WARN] PackLoader:240 - Cannot read IP mode file for STMicroelectronics.X-CUBE-TOUCHGFX.4.22.1
2024-03-16 19:21:09,643 [WARN] PackLoader:240 - Cannot read IP mode file for STMicroelectronics.X-CUBE-BLEMGR.3.1.0
2024-03-16 19:21:09,660 [WARN] PackLoader:240 - Cannot read IP mode file for STMicroelectronics.FP-SNS-SMARTAG2.1.2.0
2024-03-16 19:21:09,675 [INFO] LogOutputStream:77 - [STDOUT_REDIRECT] 1 : Invalid condition id : UX_CORESTACK_Condition cause : null
2024-03-16 19:21:09,677 [INFO] LogOutputStream:77 - [STDOUT_REDIRECT] 1 : Invalid condition id : UX_CORESTACK_Condition cause : null
2024-03-16 19:21:09,679 [INFO] LogOutputStream:77 - [STDOUT_REDIRECT] 1 : Invalid condition id : UX_CORESTACK_Condition cause : null
2024-03-16 19:21:09,680 [INFO] LogOutputStream:77 - [STDOUT_REDIRECT] 1 : Invalid condition id : UX_CORESTACK_Condition cause : null
2024-03-16 19:21:09,682 [INFO] LogOutputStream:77 - [STDOUT_REDIRECT] 1 : Invalid condition id : UX_CORESTACK_Condition cause : null
2024-03-16 19:21:09,690 [WARN] PackLoader:240 - Cannot read IP mode file for STMicroelectronics.X-CUBE-AZRTOS-WL.2.0.0
2024-03-16 19:21:09,710 [WARN] PackLoader:240 - Cannot read IP mode file for WES.I-CUBE-Cesium.1.3.0
2024-03-16 19:21:09,723 [WARN] PackLoader:240 - Cannot read IP mode file for STMicroelectronics.X-CUBE-BLE2.3.3.0
2024-03-16 19:21:09,747 [WARN] PackLoader:240 - Cannot read IP mode file for STMicroelectronics.X-CUBE-TOF1.3.2.0
2024-03-16 19:21:09,769 [WARN] PackLoader:240 - Cannot read IP mode file for STMicroelectronics.X-CUBE-TOUCHGFX.4.21.1
2024-03-16 19:21:09,777 [WARN] PackLoader:240 - Cannot read IP mode file for STMicroelectronics.X-CUBE-AI.7.3.0
2024-03-16 19:21:09,791 [WARN] PackLoader:240 - Cannot read IP mode file for STMicroelectronics.X-CUBE-ALGOBUILD.1.3.0
2024-03-16 19:21:09,830 [WARN] PackLoader:240 - Cannot read IP mode file for STMicroelectronics.X-CUBE-AZRTOS-G0.1.1.0
2024-03-16 19:21:09,844 [WARN] PackLoader:240 - Cannot read IP mode file for STMicroelectronics.X-CUBE-NFC4.3.0.0
2024-03-16 19:21:09,864 [WARN] PackLoader:240 - Cannot read IP mode file for STMicroelectronics.X-CUBE-BLEMGR.3.0.0
2024-03-16 19:21:09,880 [WARN] PackLoader:240 - Cannot read IP mode file for STMicroelectronics.X-CUBE-BLEMGR.1.3.0
2024-03-16 19:21:09,893 [WARN] PackLoader:240 - Cannot read IP mode file for STMicroelectronics.FP-ATR-SIGFOX1.3.2.0
2024-03-16 19:21:09,905 [WARN] PackLoader:240 - Cannot read IP mode file for STMicroelectronics.X-CUBE-EEPRMA1.5.1.0
2024-03-16 19:21:09,964 [WARN] PackLoader:240 - Cannot read IP mode file for STMicroelectronics.X-CUBE-MEMS1.9.5.0
2024-03-16 19:21:10,468 [WARN] PackLoader:240 - Cannot read IP mode file for SEGGER.I-CUBE-embOS.1.3.1
2024-03-16 19:21:10,562 [WARN] PackLoader:240 - Cannot read IP mode file for STMicroelectronics.X-CUBE-GNSS1.6.0.0
2024-03-16 19:21:10,589 [WARN] PackLoader:240 - Cannot read IP mode file for STMicroelectronics.X-CUBE-AZRTOS-F4.1.1.0
2024-03-16 19:21:10,618 [WARN] PackLoader:240 - Cannot read IP mode file for STMicroelectronics.X-CUBE-AZRTOS-L5.2.0.0
2024-03-16 19:21:10,681 [WARN] PackLoader:240 - Cannot read IP mode file for STMicroelectronics.X-CUBE-MEMS1.9.6.0
2024-03-16 19:21:10,700 [INFO] WebApp:157 - Instantiating new browser for Auth
2024-03-16 19:21:10,972 [WARN] PackLoader:240 - Cannot read IP mode file for STMicroelectronics.X-CUBE-EEPRMA1.4.2.0
2024-03-16 19:21:11,021 [WARN] PackLoader:240 - Cannot read IP mode file for ITTIA_DB.I-CUBE-ITTIADB.8.8.0
2024-03-16 19:21:11,057 [WARN] PackLoader:240 - Cannot read IP mode file for emotas.I-CUBE-CANOPEN.1.1.3
2024-03-16 19:21:11,090 [WARN] PackLoader:240 - Cannot read IP mode file for STMicroelectronics.X-CUBE-BLEMGR.2.0.0
2024-03-16 19:21:11,148 [WARN] ConditionMgr:438 - getConditionDescription Invalid condition id : UX DEVICE CLASS RTOS Condition cause : null
2024-03-16 19:21:11,149 [WARN] ConditionMgr:438 - getConditionDescription Invalid condition id : UX DEVICE CLASS RTOS Condition cause : null
2024-03-16 19:21:11,156 [WARN] PackLoader:240 - Cannot read IP mode file for STMicroelectronics.X-CUBE-AZRTOS-H7.3.1.0
2024-03-16 19:21:11,158 [WARN] ConditionMgr:1039 - genDependencies : Invalid condition id : UX DEVICE CLASS RTOS Condition cause : null
2024-03-16 19:21:11,160 [WARN] ConditionMgr:1039 - genDependencies : Invalid condition id : UX DEVICE CLASS RTOS Condition cause : null
2024-03-16 19:21:11,161 [WARN] ConditionMgr:1039 - genDependencies : Invalid condition id : UX DEVICE CLASS RTOS Condition cause : null
2024-03-16 19:21:11,162 [WARN] ConditionMgr:1039 - genDependencies : Invalid condition id : UX DEVICE CLASS RTOS Condition cause : null
2024-03-16 19:21:11,162 [WARN] ConditionMgr:1039 - genDependencies : Invalid condition id : UX DEVICE CLASS RTOS Condition cause : null
2024-03-16 19:21:11,196 [WARN] PackLoader:240 - Cannot read IP mode file for wolfSSL.I-CUBE-wolfSSL.5.5.4
2024-03-16 19:21:11,223 [WARN] PackLoader:240 - Cannot read IP mode file for STMicroelectronics.X-CUBE-NFC7.1.0.1
2024-03-16 19:21:11,262 [WARN] PackLoader:240 - Cannot read IP mode file for STMicroelectronics.X-CUBE-NFC7.1.0.0
2024-03-16 19:21:11,289 [WARN] PackLoader:240 - Cannot read IP mode file for STMicroelectronics.X-CUBE-NFC6.3.0.0
2024-03-16 19:21:11,311 [WARN] PackLoader:240 - Cannot read IP mode file for STMicroelectronics.X-CUBE-EEPRMA1.4.1.0
2024-03-16 19:21:11,334 [WARN] PackLoader:240 - Cannot read IP mode file for STMicroelectronics.X-CUBE-AI.8.1.0
2024-03-16 19:21:11,375 [WARN] ConditionMgr:438 - getConditionDescription Invalid condition id : LAN8742 Phy interface Condition cause : null
2024-03-16 19:21:11,376 [WARN] PackLoader:240 - Cannot read IP mode file for STMicroelectronics.X-CUBE-AZRTOS-L4.2.0.0
2024-03-16 19:21:11,376 [WARN] ConditionMgr:1039 - genDependencies : Invalid condition id : LAN8742 Phy interface Condition cause : null
2024-03-16 19:21:11,378 [WARN] ConditionMgr:1039 - genDependencies : Invalid condition id : LAN8742 Phy interface Condition cause : null
2024-03-16 19:21:11,379 [WARN] ConditionMgr:1039 - genDependencies : Invalid condition id : LAN8742 Phy interface Condition cause : null
2024-03-16 19:21:11,402 [WARN] PackLoader:240 - Cannot read IP mode file for STMicroelectronics.X-CUBE-SFXS2LP1.4.0.0
2024-03-16 19:21:11,443 [WARN] PackLoader:240 - Cannot read IP mode file for STMicroelectronics.X-CUBE-AZRTOS-H7.3.0.0
2024-03-16 19:21:11,468 [WARN] PackLoader:240 - Cannot read IP mode file for STMicroelectronics.X-CUBE-ISPU.1.1.0
2024-03-16 19:21:11,492 [WARN] PackLoader:240 - Cannot read IP mode file for RoweBots.I-CUBE-UNISONRTOS.5.5.0-4
2024-03-16 19:21:11,514 [WARN] PackLoader:240 - Cannot read IP mode file for STMicroelectronics.X-CUBE-AI.8.0.0
2024-03-16 19:21:11,556 [WARN] ConditionMgr:438 - getConditionDescription Invalid condition id : UX DEVICE CLASS RTOS Condition cause : null
2024-03-16 19:21:11,558 [WARN] ConditionMgr:438 - getConditionDescription Invalid condition id : UX DEVICE CLASS RTOS Condition cause : null
2024-03-16 19:21:11,563 [WARN] PackLoader:240 - Cannot read IP mode file for STMicroelectronics.X-CUBE-AZRTOS-WB.2.0.0
2024-03-16 19:21:11,564 [WARN] ConditionMgr:1039 - genDependencies : Invalid condition id : UX DEVICE CLASS RTOS Condition cause : null
2024-03-16 19:21:11,565 [WARN] ConditionMgr:1039 - genDependencies : Invalid condition id : UX DEVICE CLASS RTOS Condition cause : null
2024-03-16 19:21:11,567 [WARN] ConditionMgr:1039 - genDependencies : Invalid condition id : UX DEVICE CLASS RTOS Condition cause : null
2024-03-16 19:21:11,569 [WARN] ConditionMgr:1039 - genDependencies : Invalid condition id : UX DEVICE CLASS RTOS Condition cause : null
2024-03-16 19:21:11,570 [WARN] ConditionMgr:1039 - genDependencies : Invalid condition id : UX DEVICE CLASS RTOS Condition cause : null
2024-03-16 19:21:11,603 [WARN] PackLoader:240 - Cannot read IP mode file for STMicroelectronics.X-CUBE-FREERTOS.1.0.1
2024-03-16 19:21:11,660 [WARN] PackLoader:240 - Cannot read IP mode file for STMicroelectronics.X-CUBE-AZRTOS-L5.1.1.0
2024-03-16 19:21:11,714 [WARN] PackLoader:240 - Cannot read IP mode file for STMicroelectronics.X-CUBE-SUBG2.5.0.0
2024-03-16 19:21:11,775 [WARN] PackLoader:240 - Cannot read IP mode file for STMicroelectronics.X-CUBE-TOF1.3.3.1
2024-03-16 19:21:11,834 [WARN] PackLoader:240 - Cannot read IP mode file for STMicroelectronics.X-CUBE-AZRTOS-G4.2.0.0
2024-03-16 19:21:11,861 [WARN] PackLoader:240 - Cannot read IP mode file for STMicroelectronics.FP-ATR-ASTRA1.1.1.1
2024-03-16 19:21:11,902 [WARN] PackLoader:240 - Cannot read IP mode file for Infineon.AIROC-Wi-Fi-Bluetooth-STM32.1.5.1
2024-03-16 19:21:11,932 [WARN] PackLoader:240 - Cannot read IP mode file for STMicroelectronics.FP-SNS-MOTENVWB1.1.3.0
2024-03-16 19:21:11,953 [WARN] PackLoader:240 - Cannot read IP mode file for STMicroelectronics.FP-SNS-MOTENVWB1.1.3.1
2024-03-16 19:21:11,985 [WARN] PackLoader:240 - Cannot read IP mode file for STMicroelectronics.X-CUBE-AZRTOS-G4.1.0.0
2024-03-16 19:21:12,030 [WARN] PackLoader:240 - Cannot read IP mode file for STMicroelectronics.X-CUBE-AZRTOS-L4.1.0.0
2024-03-16 19:21:12,053 [WARN] PackLoader:240 - Cannot read IP mode file for STMicroelectronics.X-CUBE-ISPU.2.0.0
2024-03-16 19:21:12,074 [INFO] WebApp:753 - Register for checkConnection events
2024-03-16 19:21:12,075 [INFO] WebApp:390 - Apply proxy settings
2024-03-16 19:21:12,075 [INFO] WebApp:475 - Chromium requires no authentication
2024-03-16 19:21:12,093 [INFO] WebApp:418 - Direct internet connection detected
2024-03-16 19:21:12,119 [WARN] PackLoader:240 - Cannot read IP mode file for STMicroelectronics.X-CUBE-MEMS1.10.0.0
2024-03-16 19:21:12,288 [WARN] PackLoader:240 - Cannot read IP mode file for STMicroelectronics.X-CUBE-FREERTOS.1.1.0
2024-03-16 19:21:12,321 [WARN] PackLoader:240 - Cannot read IP mode file for STMicroelectronics.X-CUBE-AZRTOS-WL.1.0.0
2024-03-16 19:21:12,344 [WARN] PackLoader:240 - Cannot read IP mode file for portGmbH.I-Cube-SoM-uGOAL.1.1.0
2024-03-16 19:21:12,367 [WARN] PackLoader:240 - Cannot read IP mode file for STMicroelectronics.X-CUBE-ALS.1.0.1
2024-03-16 19:21:12,399 [WARN] PackLoader:240 - Cannot read IP mode file for STMicroelectronics.X-CUBE-AZRTOS-WB.1.1.0
2024-03-16 19:21:12,419 [WARN] PackLoader:240 - Cannot read IP mode file for STMicroelectronics.FP-ATR-ASTRA1.2.0.0
2024-03-16 19:21:12,456 [WARN] PackLoader:240 - Cannot read IP mode file for STMicroelectronics.X-CUBE-TOF1.3.4.0
2024-03-16 19:21:12,498 [WARN] PackLoader:240 - Cannot read IP mode file for STMicroelectronics.X-CUBE-TOF1.3.4.1
2024-03-16 19:21:12,504 [INFO] WebApp:188 - Starting web application
2024-03-16 19:21:12,505 [INFO] WebApp:520 - Web application path used C:\ST\STM32CubeIDE_1.11.2\STM32CubeIDE\plugins\com.st.stm32cube.common.mx_6.9.2.202309101412\db\plugins\mcufinder\reactClient1\index.html
2024-03-16 19:21:12,565 [WARN] PackLoader:240 - Cannot read IP mode file for STMicroelectronics.X-CUBE-AZRTOS-H7.3.2.0
2024-03-16 19:21:12,572 [INFO] ThirdParty:978 - Integrity check success = true
2024-03-16 19:21:12,572 [INFO] IntegrityCheckThread:100 - exiting critical section [integrity check]
2024-03-16 19:21:12,572 [INFO] IntegrityCheckThread:103 - End integrity checks thread
2024-03-16 19:21:33,727 [ERROR] LogOutputStream:75 - [STDERR_REDIRECT] SLF4J: Failed to load class "org.slf4j.impl.StaticLoggerBinder".
2024-03-16 19:21:33,727 [ERROR] LogOutputStream:75 - [STDERR_REDIRECT] SLF4J: Defaulting to no-operation (NOP) logger implementation
2024-03-16 19:21:33,730 [ERROR] LogOutputStream:75 - [STDERR_REDIRECT] SLF4J: See http://www.slf4j.org/codes.html#StaticLoggerBinder for further details.
