2024-05-15 09:39:38,875 [INFO] Activator:176 - 


2024-05-15 09:39:38,895 [INFO] Activator:177 - !SESSION log4j initialized
2024-05-15 09:39:49,704 [INFO] LogOutputStream:77 - [STDOUT_REDIRECT] 
2024-05-15 09:39:52,332 [INFO] ApplicationProperties:184 - Using Application install path: C:\ST\STM32CubeIDE_1.11.2\STM32CubeIDE\plugins\com.st.stm32cube.common.mx_6.9.2.202309101412
2024-05-15 09:39:52,354 [INFO] DbMcusXml:78 - Set database path to: C:\ST\STM32CubeIDE_1.11.2\STM32CubeIDE\plugins\com.st.stm32cube.common.mx_6.9.2.202309101412\\db\/mcu/
2024-05-15 09:39:52,354 [INFO] ApiDb:274 - Set plugin database path to: C:\ST\STM32CubeIDE_1.11.2\STM32CubeIDE\plugins\com.st.stm32cube.common.mx_6.9.2.202309101412\\db\/plugins/boardmanager/
2024-05-15 09:39:52,355 [WARN] ApiDb:259 - Overriding images path with different value:  => C:\ST\STM32CubeIDE_1.11.2\STM32CubeIDE\plugins\com.st.stm32cube.common.mx_6.9.2.202309101412\\db\/plugins/mcufinder/images/
2024-05-15 09:39:52,379 [INFO] ApiDb:250 - Set database path to: C:\Users\erkan\.stmcufinder\plugins\mcufinder//mcu/
2024-05-15 09:39:52,380 [INFO] DbMcusAds:125 - Set database path to: C:\Users\erkan\.stmcufinder\plugins\mcufinder//mcu/
2024-05-15 09:39:52,383 [INFO] CrossReferenceDbSqlite:203 - Set database path to: C:\Users\erkan\.stmcufinder\plugins\mcufinder//mcu/cs/
2024-05-15 09:39:52,520 [INFO] RulesReader:64 - Compatibility file has been processed (293 Rules)
2024-05-15 09:39:52,637 [INFO] DbMcusXml:78 - Set database path to: C:\ST\STM32CubeIDE_1.11.2\STM32CubeIDE\plugins\com.st.stm32cube.common.mx_6.9.2.202309101412\\db\/mcu/
2024-05-15 09:39:52,637 [INFO] ApiDb:274 - Set plugin database path to: C:\ST\STM32CubeIDE_1.11.2\STM32CubeIDE\plugins\com.st.stm32cube.common.mx_6.9.2.202309101412\\db\/plugins/boardmanager/
2024-05-15 09:39:52,637 [INFO] ApiDb:261 - Set plugin images path to: C:\ST\STM32CubeIDE_1.11.2\STM32CubeIDE\plugins\com.st.stm32cube.common.mx_6.9.2.202309101412\\db\/plugins/mcufinder/images/
2024-05-15 09:39:52,638 [WARN] DbFile:41 - Overriding database path with different value: C:\Users\erkan\.stmcufinder\plugins\mcufinder/ => C:\Users\erkan\.stmcufinder\plugins\mcufinder
2024-05-15 09:39:52,638 [INFO] ApiDb:250 - Set database path to: C:\Users\erkan\.stmcufinder\plugins\mcufinder//mcu/
2024-05-15 09:39:52,638 [WARN] DbFile:41 - Overriding database path with different value: C:\Users\erkan\.stmcufinder\plugins\mcufinder/ => C:\Users\erkan\.stmcufinder\plugins\mcufinder
2024-05-15 09:39:52,638 [INFO] DbMcusAds:125 - Set database path to: C:\Users\erkan\.stmcufinder\plugins\mcufinder//mcu/
2024-05-15 09:39:52,638 [WARN] DbFile:41 - Overriding database path with different value: C:\Users\erkan\.stmcufinder\plugins\mcufinder/ => C:\Users\erkan\.stmcufinder\plugins\mcufinder
2024-05-15 09:39:52,638 [WARN] DbFile:41 - Overriding database path with different value: C:\Users\erkan\.stmcufinder\plugins\mcufinder/ => C:\Users\erkan\.stmcufinder\plugins\mcufinder
2024-05-15 09:39:52,638 [INFO] CrossReferenceDbSqlite:203 - Set database path to: C:\Users\erkan\.stmcufinder\plugins\mcufinder//mcu/cs/
2024-05-15 09:39:52,751 [INFO] MainPanel:262 - HeapMemory: 268435456
2024-05-15 09:39:52,886 [INFO] DbMcusXml:78 - Set database path to: C:\ST\STM32CubeIDE_1.11.2\STM32CubeIDE\plugins\com.st.stm32cube.common.mx_6.9.2.202309101412\\db\/mcu/
2024-05-15 09:39:52,886 [INFO] ApiDb:274 - Set plugin database path to: C:\ST\STM32CubeIDE_1.11.2\STM32CubeIDE\plugins\com.st.stm32cube.common.mx_6.9.2.202309101412\\db\/plugins/boardmanager/
2024-05-15 09:39:52,886 [INFO] ApiDb:261 - Set plugin images path to: C:\ST\STM32CubeIDE_1.11.2\STM32CubeIDE\plugins\com.st.stm32cube.common.mx_6.9.2.202309101412\\db\/plugins/mcufinder/images/
2024-05-15 09:39:52,887 [WARN] DbFile:41 - Overriding database path with different value: C:\Users\erkan\.stmcufinder\plugins\mcufinder/ => C:\Users\erkan\.stmcufinder\plugins\mcufinder
2024-05-15 09:39:52,887 [INFO] ApiDb:250 - Set database path to: C:\Users\erkan\.stmcufinder\plugins\mcufinder//mcu/
2024-05-15 09:39:52,887 [WARN] DbFile:41 - Overriding database path with different value: C:\Users\erkan\.stmcufinder\plugins\mcufinder/ => C:\Users\erkan\.stmcufinder\plugins\mcufinder
2024-05-15 09:39:52,887 [INFO] DbMcusAds:125 - Set database path to: C:\Users\erkan\.stmcufinder\plugins\mcufinder//mcu/
2024-05-15 09:39:52,887 [WARN] DbFile:41 - Overriding database path with different value: C:\Users\erkan\.stmcufinder\plugins\mcufinder/ => C:\Users\erkan\.stmcufinder\plugins\mcufinder
2024-05-15 09:39:52,887 [WARN] DbFile:41 - Overriding database path with different value: C:\Users\erkan\.stmcufinder\plugins\mcufinder/ => C:\Users\erkan\.stmcufinder\plugins\mcufinder
2024-05-15 09:39:52,887 [INFO] CrossReferenceDbSqlite:203 - Set database path to: C:\Users\erkan\.stmcufinder\plugins\mcufinder//mcu/cs/
2024-05-15 09:39:52,923 [INFO] ApplicationProperties:184 - Using Application install path: C:\ST\STM32CubeIDE_1.11.2\STM32CubeIDE\plugins\com.st.stm32cube.common.mx_6.9.2.202309101412
2024-05-15 09:39:52,926 [INFO] PluginManage:196 - Search for loadable plugins [exclusion list=, ]
2024-05-15 09:39:52,930 [INFO] PluginManage:310 - Check plugin analytics
2024-05-15 09:39:53,176 [INFO] AnalyticsPlugin:253 - Accepted Software Licenses: STM32CubeMX.6.9.2
2024-05-15 09:39:53,177 [INFO] AnalyticsPlugin:255 - Accepted CMSIS Pack Licenses: 
2024-05-15 09:39:53,177 [INFO] AnalyticsPlugin:257 - Accepted Firmware Licenses: 
2024-05-15 09:39:53,185 [INFO] PluginManage:359 - Loaded plugin analytics (category:tool,tabindex:-1)
2024-05-15 09:39:53,186 [INFO] PluginManage:310 - Check plugin cadmodel
2024-05-15 09:39:53,215 [INFO] CADModel:105 - Init CAD model plugin
2024-05-15 09:39:53,216 [INFO] PluginManage:359 - Loaded plugin cadmodel (category:power,tabindex:5)
2024-05-15 09:39:53,217 [INFO] PluginManage:310 - Check plugin clock
2024-05-15 09:39:53,255 [INFO] PluginManage:359 - Loaded plugin clock (category:base,tabindex:2)
2024-05-15 09:39:53,255 [INFO] PluginManage:310 - Check plugin ddr
2024-05-15 09:39:53,261 [INFO] PluginManage:359 - Loaded plugin ddr (category:tool,tabindex:6)
2024-05-15 09:39:53,261 [INFO] PluginManage:310 - Check plugin filemanager
2024-05-15 09:39:53,517 [INFO] PluginManage:359 - Loaded plugin filemanager (category:base,tabindex:10)
2024-05-15 09:39:53,518 [INFO] PluginManage:310 - Check plugin ipmanager
2024-05-15 09:39:53,529 [INFO] PluginManage:359 - Loaded plugin ipmanager (category:base,tabindex:5)
2024-05-15 09:39:53,529 [INFO] PluginManage:310 - Check plugin lpbam
2024-05-15 09:39:53,553 [INFO] PluginManage:359 - Loaded plugin lpbam (category:base,tabindex:0)
2024-05-15 09:39:53,553 [INFO] PluginManage:310 - Check plugin memorymap
2024-05-15 09:39:53,584 [INFO] PluginManage:359 - Loaded plugin memorymap (category:base,tabindex:4)
2024-05-15 09:39:53,584 [INFO] PluginManage:310 - Check plugin pinoutandconfiguration
2024-05-15 09:39:53,603 [INFO] PluginManage:359 - Loaded plugin pinoutandconfiguration (category:base,tabindex:1)
2024-05-15 09:39:53,603 [INFO] PluginManage:310 - Check plugin pinoutconfig
2024-05-15 09:39:53,727 [WARN] SupportedApi:132 - Cannot load RTOS API schema: s4s-elt-must-match.1: The content of 'definitions' must match (annotation?, (simpleType | complexType)?, (unique | key | keyref)*)). A problem was found starting at: attribute.
2024-05-15 09:39:53,953 [INFO] PluginManage:359 - Loaded plugin pinoutconfig (category:base,tabindex:0)
2024-05-15 09:39:53,953 [INFO] PluginManage:310 - Check plugin power
2024-05-15 09:39:53,978 [INFO] PluginManage:359 - Loaded plugin power (category:power,tabindex:4)
2024-05-15 09:39:53,978 [INFO] PluginManage:310 - Check plugin projectmanager
2024-05-15 09:39:54,010 [INFO] PluginManage:359 - Loaded plugin projectmanager (category:projectmanager,tabindex:3)
2024-05-15 09:39:54,010 [INFO] PluginManage:310 - Check plugin thirdparty
2024-05-15 09:39:54,430 [INFO] PluginManage:359 - Loaded plugin thirdparty (category:base,tabindex:-1)
2024-05-15 09:39:54,431 [INFO] PluginManage:310 - Check plugin tools
2024-05-15 09:39:54,430 [WARN] IntegrityCheckThread:84 - waiting for thirdparty lock release [integrity check]
2024-05-15 09:39:54,431 [INFO] IntegrityCheckThread:86 - entering critical section [integrity check]
2024-05-15 09:39:54,432 [INFO] ThirdPartyUpdaterWithRetryManager:70 - Updater plugin not ready yet. [1/15]
2024-05-15 09:39:54,488 [INFO] PluginManage:359 - Loaded plugin tools (category:base,tabindex:7)
2024-05-15 09:39:54,488 [INFO] PluginManage:310 - Check plugin tutovideos
2024-05-15 09:39:54,786 [INFO] PluginManage:359 - Loaded plugin tutovideos (category:base,tabindex:-1)
2024-05-15 09:39:54,787 [INFO] PluginManage:310 - Check plugin updater
2024-05-15 09:39:54,807 [INFO] PluginManage:359 - Loaded plugin updater (category:base,tabindex:12)
2024-05-15 09:39:54,807 [INFO] PluginManage:310 - Check plugin userauth
2024-05-15 09:39:54,817 [INFO] UserAuth:113 - Init User Auth plugin
2024-05-15 09:39:54,818 [INFO] PluginManage:359 - Loaded plugin userauth (category:base,tabindex:14)
2024-05-15 09:39:54,818 [INFO] PluginManage:283 - PluginManage : Loaded plugins [17]
2024-05-15 09:39:55,168 [INFO] PinOutPanel:1499 - setPackage(No Configuration,No Configuration)
2024-05-15 09:39:55,356 [INFO] CADModel:165 - CPN selected for project level
2024-05-15 09:39:55,356 [INFO] CADModel:114 - Register for checkConnection events
2024-05-15 09:39:55,386 [INFO] IPUIPlugin:80 - create IPUIPlugin
2024-05-15 09:39:55,387 [INFO] PluginManager:220 - loadIPPluginJar : add adc
2024-05-15 09:39:55,432 [INFO] IPUIPlugin:80 - create IPUIPlugin
2024-05-15 09:39:55,432 [INFO] PluginManager:220 - loadIPPluginJar : add aes
2024-05-15 09:39:55,494 [INFO] IPUIPlugin:80 - create IPUIPlugin
2024-05-15 09:39:55,494 [INFO] PluginManager:220 - loadIPPluginJar : add can
2024-05-15 09:39:55,522 [INFO] IPUIPlugin:80 - create IPUIPlugin
2024-05-15 09:39:55,523 [INFO] PluginManager:220 - loadIPPluginJar : add comp
2024-05-15 09:39:55,570 [INFO] IPUIPlugin:80 - create IPUIPlugin
2024-05-15 09:39:55,570 [INFO] PluginManager:220 - loadIPPluginJar : add cryp
2024-05-15 09:39:55,610 [INFO] IPUIPlugin:80 - create IPUIPlugin
2024-05-15 09:39:55,610 [INFO] PluginManager:220 - loadIPPluginJar : add dfsdm
2024-05-15 09:39:55,628 [INFO] IPUIPlugin:80 - create IPUIPlugin
2024-05-15 09:39:55,628 [INFO] PluginManager:220 - loadIPPluginJar : add dma
2024-05-15 09:39:55,684 [INFO] IPUIPlugin:80 - create IPUIPlugin
2024-05-15 09:39:55,684 [INFO] PluginManager:220 - loadIPPluginJar : add dma3
2024-05-15 09:39:55,719 [INFO] IPUIPlugin:80 - create IPUIPlugin
2024-05-15 09:39:55,719 [INFO] PluginManager:220 - loadIPPluginJar : add fatfs
2024-05-15 09:39:55,789 [INFO] IPUIPlugin:80 - create IPUIPlugin
2024-05-15 09:39:55,789 [INFO] PluginManager:220 - loadIPPluginJar : add fmc
2024-05-15 09:39:55,808 [INFO] IPUIPlugin:80 - create IPUIPlugin
2024-05-15 09:39:55,808 [INFO] PluginManager:220 - loadIPPluginJar : add freertos
2024-05-15 09:39:55,843 [INFO] IPUIPlugin:80 - create IPUIPlugin
2024-05-15 09:39:55,843 [INFO] PluginManager:220 - loadIPPluginJar : add genericplugin
2024-05-15 09:39:55,964 [INFO] IPUIPlugin:80 - create IPUIPlugin
2024-05-15 09:39:55,964 [INFO] PluginManager:220 - loadIPPluginJar : add gfxmmu
2024-05-15 09:39:56,135 [INFO] IPUIPlugin:80 - create IPUIPlugin
2024-05-15 09:39:56,135 [INFO] PluginManager:220 - loadIPPluginJar : add gic
2024-05-15 09:39:56,152 [INFO] IPUIPlugin:80 - create IPUIPlugin
2024-05-15 09:39:56,153 [INFO] PluginManager:220 - loadIPPluginJar : add gpio
2024-05-15 09:39:56,279 [INFO] IPUIPlugin:80 - create IPUIPlugin
2024-05-15 09:39:56,279 [INFO] PluginManager:220 - loadIPPluginJar : add gtzc
2024-05-15 09:39:56,323 [INFO] IPUIPlugin:80 - create IPUIPlugin
2024-05-15 09:39:56,324 [INFO] PluginManager:220 - loadIPPluginJar : add hash
2024-05-15 09:39:56,391 [INFO] IPUIPlugin:80 - create IPUIPlugin
2024-05-15 09:39:56,392 [INFO] PluginManager:220 - loadIPPluginJar : add i2c
2024-05-15 09:39:56,445 [INFO] IPUIPlugin:80 - create IPUIPlugin
2024-05-15 09:39:56,445 [INFO] PluginManager:220 - loadIPPluginJar : add i2s
2024-05-15 09:39:56,497 [INFO] IPUIPlugin:80 - create IPUIPlugin
2024-05-15 09:39:56,497 [INFO] PluginManager:220 - loadIPPluginJar : add i3c
2024-05-15 09:39:56,623 [INFO] IPUIPlugin:80 - create IPUIPlugin
2024-05-15 09:39:56,624 [INFO] PluginManager:220 - loadIPPluginJar : add ipddr
2024-05-15 09:39:56,750 [INFO] IPUIPlugin:80 - create IPUIPlugin
2024-05-15 09:39:56,750 [INFO] PluginManager:220 - loadIPPluginJar : add linkedlist
2024-05-15 09:39:56,802 [INFO] IPUIPlugin:80 - create IPUIPlugin
2024-05-15 09:39:56,803 [INFO] PluginManager:220 - loadIPPluginJar : add lorawan
2024-05-15 09:39:56,851 [INFO] IPUIPlugin:80 - create IPUIPlugin
2024-05-15 09:39:56,851 [INFO] PluginManager:220 - loadIPPluginJar : add ltdc
2024-05-15 09:39:56,870 [INFO] IPUIPlugin:80 - create IPUIPlugin
2024-05-15 09:39:56,870 [INFO] PluginManager:220 - loadIPPluginJar : add mdma
2024-05-15 09:39:56,882 [INFO] IPUIPlugin:80 - create IPUIPlugin
2024-05-15 09:39:56,882 [INFO] PluginManager:220 - loadIPPluginJar : add nvic
2024-05-15 09:39:56,921 [INFO] IPUIPlugin:80 - create IPUIPlugin
2024-05-15 09:39:56,921 [INFO] PluginManager:220 - loadIPPluginJar : add opamp
2024-05-15 09:39:57,005 [INFO] IPUIPlugin:80 - create IPUIPlugin
2024-05-15 09:39:57,005 [INFO] PluginManager:220 - loadIPPluginJar : add openamp
2024-05-15 09:39:57,064 [INFO] IPUIPlugin:80 - create IPUIPlugin
2024-05-15 09:39:57,064 [INFO] PluginManager:220 - loadIPPluginJar : add pdm2pcm
2024-05-15 09:39:57,083 [INFO] IPUIPlugin:80 - create IPUIPlugin
2024-05-15 09:39:57,085 [INFO] PluginManager:220 - loadIPPluginJar : add plateformsettings
2024-05-15 09:39:57,112 [INFO] IPUIPlugin:80 - create IPUIPlugin
2024-05-15 09:39:57,112 [INFO] PluginManager:220 - loadIPPluginJar : add quadspi
2024-05-15 09:39:57,128 [INFO] IPUIPlugin:80 - create IPUIPlugin
2024-05-15 09:39:57,128 [INFO] PluginManager:220 - loadIPPluginJar : add resmgrutility
2024-05-15 09:39:57,190 [INFO] IPUIPlugin:80 - create IPUIPlugin
2024-05-15 09:39:57,190 [INFO] PluginManager:220 - loadIPPluginJar : add sai
2024-05-15 09:39:57,236 [INFO] IPUIPlugin:80 - create IPUIPlugin
2024-05-15 09:39:57,236 [INFO] PluginManager:220 - loadIPPluginJar : add spi
2024-05-15 09:39:57,303 [INFO] IPUIPlugin:80 - create IPUIPlugin
2024-05-15 09:39:57,303 [INFO] PluginManager:220 - loadIPPluginJar : add stm32_wpan
2024-05-15 09:39:57,335 [INFO] IPUIPlugin:80 - create IPUIPlugin
2024-05-15 09:39:57,335 [INFO] PluginManager:220 - loadIPPluginJar : add tim
2024-05-15 09:39:57,425 [INFO] IPUIPlugin:80 - create IPUIPlugin
2024-05-15 09:39:57,425 [INFO] PluginManager:220 - loadIPPluginJar : add touchsensing
2024-05-15 09:39:57,433 [INFO] ThirdPartyUpdaterWithRetryManager:70 - Updater plugin not ready yet. [2/15]
2024-05-15 09:39:57,468 [INFO] IPUIPlugin:80 - create IPUIPlugin
2024-05-15 09:39:57,469 [INFO] PluginManager:220 - loadIPPluginJar : add tracer_emb
2024-05-15 09:39:57,517 [INFO] IPUIPlugin:80 - create IPUIPlugin
2024-05-15 09:39:57,517 [INFO] PluginManager:220 - loadIPPluginJar : add ts
2024-05-15 09:39:57,558 [INFO] IPUIPlugin:80 - create IPUIPlugin
2024-05-15 09:39:57,558 [INFO] PluginManager:220 - loadIPPluginJar : add tsc
2024-05-15 09:39:57,596 [INFO] IPUIPlugin:80 - create IPUIPlugin
2024-05-15 09:39:57,596 [INFO] PluginManager:220 - loadIPPluginJar : add ucpd
2024-05-15 09:39:57,673 [INFO] IPUIPlugin:80 - create IPUIPlugin
2024-05-15 09:39:57,673 [INFO] PluginManager:220 - loadIPPluginJar : add usart
2024-05-15 09:39:57,827 [INFO] IPUIPlugin:80 - create IPUIPlugin
2024-05-15 09:39:57,827 [INFO] PluginManager:220 - loadIPPluginJar : add usbx
2024-05-15 09:39:57,972 [INFO] CADModel:165 - CPN selected for project level
2024-05-15 09:39:57,972 [INFO] CADModel:114 - Register for checkConnection events
2024-05-15 09:39:57,972 [FATAL] Updater:308 - Updater called before beeing initialized
2024-05-15 09:39:57,974 [ERROR] CADModel:125 - Updater not yet initialized, retry later 
2024-05-15 09:39:58,214 [INFO] CADModel:165 - CPN selected for project level
2024-05-15 09:39:58,215 [INFO] CADModel:114 - Register for checkConnection events
2024-05-15 09:39:58,215 [FATAL] Updater:308 - Updater called before beeing initialized
2024-05-15 09:39:58,215 [ERROR] CADModel:125 - Updater not yet initialized, retry later 
2024-05-15 09:39:58,219 [FATAL] Updater:308 - Updater called before beeing initialized
2024-05-15 09:39:58,379 [FATAL] Updater:308 - Updater called before beeing initialized
2024-05-15 09:39:58,395 [INFO] DbMcusAds:53 - JSON generation date=Wed Nov 29 11:52:27 CET 2023 (1701255147349)
2024-05-15 09:39:58,395 [FATAL] Updater:308 - Updater called before beeing initialized
2024-05-15 09:39:58,505 [WARN] DetailPanel:346 - Failed to get advertising image, set to default
2024-05-15 09:39:58,619 [FATAL] Updater:308 - Updater called before beeing initialized
2024-05-15 09:39:58,621 [FATAL] Updater:308 - Updater called before beeing initialized
2024-05-15 09:39:58,621 [FATAL] Updater:308 - Updater called before beeing initialized
2024-05-15 09:39:58,621 [WARN] DetailPanel:346 - Failed to get advertising image, set to default
2024-05-15 09:39:58,623 [FATAL] Updater:308 - Updater called before beeing initialized
2024-05-15 09:39:58,695 [ERROR] Updater:1120 - MainUpdater not yet initialized. External WinMGr cannot be set.
2024-05-15 09:39:58,708 [INFO] Updater:1056 - Updater Version found : 6.9.2
2024-05-15 09:39:58,735 [INFO] ApplicationProperties:184 - Using Application install path: C:\ST\STM32CubeIDE_1.11.2\STM32CubeIDE\plugins\com.st.stm32cube.common.mx_6.9.2.202309101412
2024-05-15 09:39:59,097 [INFO] MainUpdater:2868 - connection check result : 10
2024-05-15 09:39:59,099 [INFO] MainUpdater:285 - Updater Check For Update Now.
2024-05-15 09:39:59,100 [INFO] MicroXplorer:498 - Change Database Version : DB.6.0.92
2024-05-15 09:39:59,124 [INFO] McuFinderGlobals:63 - Set McuFinder mode to 2 (CubeIDE integrated)
2024-05-15 09:39:59,125 [INFO] UserAuth:179 - activating auth plugin
2024-05-15 09:39:59,129 [INFO] UserAuth:393 - Internet connection configuration mode: 1
2024-05-15 09:39:59,170 [INFO] JxBrowserEngine:151 - Initiate JxBrowser Engine with user profile folder
2024-05-15 09:39:59,342 [INFO] CheckServerUpdateThread:120 - End of CheckServer Thread
2024-05-15 09:40:00,992 [WARN] PackLoader:240 - Cannot read IP mode file for STMicroelectronics.FP-SNS-MOTENVWB1.1.4.0
2024-05-15 09:40:01,027 [WARN] PackLoader:240 - Cannot read IP mode file for STMicroelectronics.X-CUBE-SMBUS.2.1.0
2024-05-15 09:40:01,056 [WARN] PackLoader:240 - Cannot read IP mode file for STMicroelectronics.X-CUBE-TOUCHGFX.4.23.0
2024-05-15 09:40:01,080 [WARN] PackLoader:240 - Cannot read IP mode file for STMicroelectronics.X-CUBE-TOUCHGFX.4.23.2
2024-05-15 09:40:01,148 [WARN] PackLoader:240 - Cannot read IP mode file for STMicroelectronics.X-CUBE-AZRTOS-F7.1.1.0
2024-05-15 09:40:01,177 [WARN] PackLoader:240 - Cannot read IP mode file for STMicroelectronics.FP-SNS-MOTENV1.4.3.2
2024-05-15 09:40:01,208 [WARN] PackLoader:240 - Cannot read IP mode file for STMicroelectronics.X-CUBE-BLE1.6.2.4
2024-05-15 09:40:01,228 [WARN] PackLoader:240 - Cannot read IP mode file for STMicroelectronics.FP-SNS-FLIGHT1.5.0.2
2024-05-15 09:40:01,252 [WARN] PackLoader:240 - Cannot read IP mode file for STMicroelectronics.X-CUBE-DISPLAY.3.0.0
2024-05-15 09:40:01,280 [WARN] PackLoader:240 - Cannot read IP mode file for STMicroelectronics.X-CUBE-BLE1.7.0.0
2024-05-15 09:40:01,297 [WARN] PackLoader:240 - Cannot read IP mode file for STMicroelectronics.X-CUBE-TOUCHGFX.4.22.0
2024-05-15 09:40:01,317 [WARN] PackLoader:240 - Cannot read IP mode file for STMicroelectronics.X-CUBE-TOUCHGFX.4.22.1
2024-05-15 09:40:01,344 [WARN] PackLoader:240 - Cannot read IP mode file for STMicroelectronics.X-CUBE-BLEMGR.3.1.0
2024-05-15 09:40:01,369 [WARN] PackLoader:240 - Cannot read IP mode file for STMicroelectronics.FP-SNS-SMARTAG2.1.2.0
2024-05-15 09:40:01,399 [INFO] LogOutputStream:77 - [STDOUT_REDIRECT] 1 : Invalid condition id : UX_CORESTACK_Condition cause : null
2024-05-15 09:40:01,400 [INFO] LogOutputStream:77 - [STDOUT_REDIRECT] 1 : Invalid condition id : UX_CORESTACK_Condition cause : null
2024-05-15 09:40:01,401 [INFO] LogOutputStream:77 - [STDOUT_REDIRECT] 1 : Invalid condition id : UX_CORESTACK_Condition cause : null
2024-05-15 09:40:01,403 [INFO] LogOutputStream:77 - [STDOUT_REDIRECT] 1 : Invalid condition id : UX_CORESTACK_Condition cause : null
2024-05-15 09:40:01,405 [INFO] LogOutputStream:77 - [STDOUT_REDIRECT] 1 : Invalid condition id : UX_CORESTACK_Condition cause : null
2024-05-15 09:40:01,409 [WARN] PackLoader:240 - Cannot read IP mode file for STMicroelectronics.X-CUBE-AZRTOS-WL.2.0.0
2024-05-15 09:40:01,430 [WARN] PackLoader:240 - Cannot read IP mode file for STMicroelectronics.FP-SNS-MOTENV1.5.0.0
2024-05-15 09:40:01,461 [WARN] PackLoader:240 - Cannot read IP mode file for WES.I-CUBE-Cesium.1.3.0
2024-05-15 09:40:01,496 [WARN] PackLoader:240 - Cannot read IP mode file for STMicroelectronics.X-CUBE-BLE2.3.3.0
2024-05-15 09:40:01,527 [WARN] PackLoader:240 - Cannot read IP mode file for STMicroelectronics.X-CUBE-TOF1.3.2.0
2024-05-15 09:40:01,552 [WARN] PackLoader:240 - Cannot read IP mode file for STMicroelectronics.X-CUBE-TCPP.4.1.0
2024-05-15 09:40:01,571 [WARN] PackLoader:240 - Cannot read IP mode file for STMicroelectronics.X-CUBE-TOUCHGFX.4.21.1
2024-05-15 09:40:01,587 [WARN] PackLoader:240 - Cannot read IP mode file for STMicroelectronics.X-CUBE-AI.7.3.0
2024-05-15 09:40:01,612 [WARN] PackLoader:240 - Cannot read IP mode file for STMicroelectronics.X-CUBE-ALGOBUILD.1.3.0
2024-05-15 09:40:01,643 [WARN] PackLoader:240 - Cannot read IP mode file for STMicroelectronics.X-CUBE-AZRTOS-G0.1.1.0
2024-05-15 09:40:01,672 [WARN] PackLoader:240 - Cannot read IP mode file for STMicroelectronics.X-CUBE-SAFEA1.1.2.2
2024-05-15 09:40:01,691 [WARN] PackLoader:240 - Cannot read IP mode file for STMicroelectronics.X-CUBE-NFC4.3.0.0
2024-05-15 09:40:01,718 [WARN] PackLoader:240 - Cannot read IP mode file for STMicroelectronics.X-CUBE-BLEMGR.3.0.0
2024-05-15 09:40:01,747 [WARN] PackLoader:240 - Cannot read IP mode file for STMicroelectronics.X-CUBE-BLEMGR.1.3.0
2024-05-15 09:40:01,765 [WARN] PackLoader:240 - Cannot read IP mode file for STMicroelectronics.FP-ATR-SIGFOX1.3.2.0
2024-05-15 09:40:01,787 [WARN] PackLoader:240 - Cannot read IP mode file for STMicroelectronics.X-CUBE-EEPRMA1.5.1.0
2024-05-15 09:40:01,853 [WARN] PackLoader:240 - Cannot read IP mode file for STMicroelectronics.X-CUBE-MEMS1.9.5.0
2024-05-15 09:40:02,049 [WARN] PackLoader:240 - Cannot read IP mode file for SEGGER.I-CUBE-embOS.1.3.1
2024-05-15 09:40:02,133 [WARN] PackLoader:240 - Cannot read IP mode file for STMicroelectronics.X-CUBE-ALGOBUILD.1.4.0
2024-05-15 09:40:02,159 [WARN] PackLoader:240 - Cannot read IP mode file for STMicroelectronics.X-CUBE-GNSS1.6.0.0
2024-05-15 09:40:02,199 [WARN] PackLoader:240 - Cannot read IP mode file for STMicroelectronics.X-CUBE-AZRTOS-F4.1.1.0
2024-05-15 09:40:02,229 [WARN] PackLoader:240 - Cannot read IP mode file for STMicroelectronics.X-CUBE-FREERTOS.1.2.0
2024-05-15 09:40:02,273 [WARN] PackLoader:240 - Cannot read IP mode file for STMicroelectronics.X-CUBE-AZRTOS-L5.2.0.0
2024-05-15 09:40:02,357 [WARN] PackLoader:240 - Cannot read IP mode file for STMicroelectronics.X-CUBE-MEMS1.9.6.0
2024-05-15 09:40:02,488 [WARN] PackLoader:240 - Cannot read IP mode file for STMicroelectronics.X-CUBE-EEPRMA1.4.2.0
2024-05-15 09:40:02,506 [WARN] PackLoader:240 - Cannot read IP mode file for STMicroelectronics.X-CUBE-NFC6.3.1.0
2024-05-15 09:40:02,530 [WARN] PackLoader:240 - Cannot read IP mode file for ITTIA_DB.I-CUBE-ITTIADB.8.8.0
2024-05-15 09:40:02,555 [WARN] PackLoader:240 - Cannot read IP mode file for emotas.I-CUBE-CANOPEN.1.1.3
2024-05-15 09:40:02,579 [WARN] PackLoader:240 - Cannot read IP mode file for STMicroelectronics.X-CUBE-BLEMGR.2.0.0
2024-05-15 09:40:02,594 [WARN] PackLoader:240 - Cannot read IP mode file for STMicroelectronics.X-CUBE-AI.9.0.0
2024-05-15 09:40:02,633 [WARN] ConditionMgr:438 - getConditionDescription Invalid condition id : UX DEVICE CLASS RTOS Condition cause : null
2024-05-15 09:40:02,634 [WARN] ConditionMgr:438 - getConditionDescription Invalid condition id : UX DEVICE CLASS RTOS Condition cause : null
2024-05-15 09:40:02,637 [WARN] PackLoader:240 - Cannot read IP mode file for STMicroelectronics.X-CUBE-AZRTOS-H7.3.1.0
2024-05-15 09:40:02,640 [WARN] ConditionMgr:1039 - genDependencies : Invalid condition id : UX DEVICE CLASS RTOS Condition cause : null
2024-05-15 09:40:02,640 [WARN] ConditionMgr:1039 - genDependencies : Invalid condition id : UX DEVICE CLASS RTOS Condition cause : null
2024-05-15 09:40:02,643 [WARN] ConditionMgr:1039 - genDependencies : Invalid condition id : UX DEVICE CLASS RTOS Condition cause : null
2024-05-15 09:40:02,643 [WARN] ConditionMgr:1039 - genDependencies : Invalid condition id : UX DEVICE CLASS RTOS Condition cause : null
2024-05-15 09:40:02,643 [WARN] ConditionMgr:1039 - genDependencies : Invalid condition id : UX DEVICE CLASS RTOS Condition cause : null
2024-05-15 09:40:02,678 [WARN] PackLoader:240 - Cannot read IP mode file for wolfSSL.I-CUBE-wolfSSL.5.5.4
2024-05-15 09:40:02,716 [WARN] PackLoader:240 - Cannot read IP mode file for STMicroelectronics.X-CUBE-NFC7.1.0.1
2024-05-15 09:40:02,743 [WARN] PackLoader:240 - Cannot read IP mode file for STMicroelectronics.X-CUBE-NFC7.1.0.0
2024-05-15 09:40:02,771 [WARN] PackLoader:240 - Cannot read IP mode file for STMicroelectronics.X-CUBE-NFC6.3.0.0
2024-05-15 09:40:02,800 [WARN] PackLoader:240 - Cannot read IP mode file for STMicroelectronics.X-CUBE-EEPRMA1.4.1.0
2024-05-15 09:40:02,829 [WARN] PackLoader:240 - Cannot read IP mode file for STMicroelectronics.X-CUBE-AI.8.1.0
2024-05-15 09:40:02,884 [WARN] ConditionMgr:438 - getConditionDescription Invalid condition id : LAN8742 Phy interface Condition cause : null
2024-05-15 09:40:02,885 [WARN] PackLoader:240 - Cannot read IP mode file for STMicroelectronics.X-CUBE-AZRTOS-L4.2.0.0
2024-05-15 09:40:02,887 [WARN] ConditionMgr:1039 - genDependencies : Invalid condition id : LAN8742 Phy interface Condition cause : null
2024-05-15 09:40:02,888 [WARN] ConditionMgr:1039 - genDependencies : Invalid condition id : LAN8742 Phy interface Condition cause : null
2024-05-15 09:40:02,889 [WARN] ConditionMgr:1039 - genDependencies : Invalid condition id : LAN8742 Phy interface Condition cause : null
2024-05-15 09:40:02,927 [WARN] PackLoader:240 - Cannot read IP mode file for STMicroelectronics.X-CUBE-SFXS2LP1.4.0.0
2024-05-15 09:40:02,989 [WARN] PackLoader:240 - Cannot read IP mode file for STMicroelectronics.X-CUBE-AZRTOS-H7.3.0.0
2024-05-15 09:40:03,026 [WARN] PackLoader:240 - Cannot read IP mode file for STMicroelectronics.X-CUBE-ISPU.1.1.0
2024-05-15 09:40:03,058 [WARN] PackLoader:240 - Cannot read IP mode file for RoweBots.I-CUBE-UNISONRTOS.5.5.0-4
2024-05-15 09:40:03,083 [WARN] PackLoader:240 - Cannot read IP mode file for STMicroelectronics.X-CUBE-AI.8.0.0
2024-05-15 09:40:03,126 [WARN] ConditionMgr:438 - getConditionDescription Invalid condition id : UX DEVICE CLASS RTOS Condition cause : null
2024-05-15 09:40:03,126 [WARN] ConditionMgr:438 - getConditionDescription Invalid condition id : UX DEVICE CLASS RTOS Condition cause : null
2024-05-15 09:40:03,128 [WARN] PackLoader:240 - Cannot read IP mode file for STMicroelectronics.X-CUBE-AZRTOS-WB.2.0.0
2024-05-15 09:40:03,130 [WARN] ConditionMgr:1039 - genDependencies : Invalid condition id : UX DEVICE CLASS RTOS Condition cause : null
2024-05-15 09:40:03,130 [WARN] ConditionMgr:1039 - genDependencies : Invalid condition id : UX DEVICE CLASS RTOS Condition cause : null
2024-05-15 09:40:03,131 [WARN] ConditionMgr:1039 - genDependencies : Invalid condition id : UX DEVICE CLASS RTOS Condition cause : null
2024-05-15 09:40:03,131 [WARN] ConditionMgr:1039 - genDependencies : Invalid condition id : UX DEVICE CLASS RTOS Condition cause : null
2024-05-15 09:40:03,131 [WARN] ConditionMgr:1039 - genDependencies : Invalid condition id : UX DEVICE CLASS RTOS Condition cause : null
2024-05-15 09:40:03,160 [WARN] PackLoader:240 - Cannot read IP mode file for STMicroelectronics.X-CUBE-FREERTOS.1.0.1
2024-05-15 09:40:03,191 [WARN] PackLoader:240 - Cannot read IP mode file for STMicroelectronics.X-CUBE-AZRTOS-L5.1.1.0
2024-05-15 09:40:03,225 [WARN] PackLoader:240 - Cannot read IP mode file for STMicroelectronics.X-CUBE-SUBG2.5.0.0
2024-05-15 09:40:03,272 [WARN] PackLoader:240 - Cannot read IP mode file for STMicroelectronics.X-CUBE-TOF1.3.3.1
2024-05-15 09:40:03,422 [WARN] PackLoader:240 - Cannot read IP mode file for STMicroelectronics.X-CUBE-AZRTOS-G4.2.0.0
2024-05-15 09:40:03,468 [WARN] PackLoader:240 - Cannot read IP mode file for STMicroelectronics.FP-ATR-ASTRA1.1.1.1
2024-05-15 09:40:03,519 [WARN] PackLoader:240 - Cannot read IP mode file for Infineon.AIROC-Wi-Fi-Bluetooth-STM32.1.5.1
2024-05-15 09:40:03,563 [WARN] PackLoader:240 - Cannot read IP mode file for STMicroelectronics.FP-SNS-MOTENVWB1.1.3.0
2024-05-15 09:40:03,612 [WARN] PackLoader:240 - Cannot read IP mode file for STMicroelectronics.FP-SNS-MOTENVWB1.1.3.1
2024-05-15 09:40:03,690 [WARN] PackLoader:240 - Cannot read IP mode file for STMicroelectronics.X-CUBE-AZRTOS-G4.1.0.0
2024-05-15 09:40:03,726 [INFO] WebApp:157 - Instantiating new browser for Auth
2024-05-15 09:40:03,753 [WARN] PackLoader:240 - Cannot read IP mode file for STMicroelectronics.X-CUBE-AZRTOS-L4.1.0.0
2024-05-15 09:40:03,797 [WARN] PackLoader:240 - Cannot read IP mode file for STMicroelectronics.X-CUBE-ISPU.2.0.0
2024-05-15 09:40:03,908 [WARN] PackLoader:240 - Cannot read IP mode file for STMicroelectronics.X-CUBE-MEMS1.10.0.0
2024-05-15 09:40:04,185 [WARN] PackLoader:240 - Cannot read IP mode file for STMicroelectronics.X-CUBE-FREERTOS.1.1.0
2024-05-15 09:40:04,240 [WARN] PackLoader:240 - Cannot read IP mode file for STMicroelectronics.X-CUBE-AZRTOS-WL.1.0.0
2024-05-15 09:40:04,286 [WARN] PackLoader:240 - Cannot read IP mode file for portGmbH.I-Cube-SoM-uGOAL.1.1.0
2024-05-15 09:40:04,320 [WARN] PackLoader:240 - Cannot read IP mode file for STMicroelectronics.X-CUBE-ALS.1.0.1
2024-05-15 09:40:04,366 [WARN] PackLoader:240 - Cannot read IP mode file for STMicroelectronics.X-CUBE-AZRTOS-WB.1.1.0
2024-05-15 09:40:04,422 [WARN] PackLoader:240 - Cannot read IP mode file for STMicroelectronics.X-CUBE-AZRTOS-H7RS.1.0.0
2024-05-15 09:40:04,463 [WARN] PackLoader:240 - Cannot read IP mode file for STMicroelectronics.FP-ATR-ASTRA1.2.0.0
2024-05-15 09:40:04,503 [WARN] PackLoader:240 - Cannot read IP mode file for STMicroelectronics.X-CUBE-TOF1.3.4.0
2024-05-15 09:40:04,551 [WARN] PackLoader:240 - Cannot read IP mode file for STMicroelectronics.X-CUBE-TOF1.3.4.1
2024-05-15 09:40:04,626 [WARN] PackLoader:240 - Cannot read IP mode file for STMicroelectronics.X-CUBE-AZRTOS-H7.3.2.0
2024-05-15 09:40:04,631 [INFO] ThirdParty:978 - Integrity check success = true
2024-05-15 09:40:04,632 [INFO] IntegrityCheckThread:100 - exiting critical section [integrity check]
2024-05-15 09:40:04,632 [INFO] IntegrityCheckThread:103 - End integrity checks thread
2024-05-15 09:40:05,167 [INFO] WebApp:753 - Register for checkConnection events
2024-05-15 09:40:05,167 [INFO] WebApp:390 - Apply proxy settings
2024-05-15 09:40:05,167 [INFO] WebApp:475 - Chromium requires no authentication
2024-05-15 09:40:05,181 [INFO] WebApp:418 - Direct internet connection detected
2024-05-15 09:40:05,503 [INFO] WebApp:188 - Starting web application
2024-05-15 09:40:05,504 [INFO] WebApp:520 - Web application path used C:\ST\STM32CubeIDE_1.11.2\STM32CubeIDE\plugins\com.st.stm32cube.common.mx_6.9.2.202309101412\db\plugins\mcufinder\reactClient1\index.html
2024-05-15 09:40:27,062 [ERROR] LogOutputStream:75 - [STDERR_REDIRECT] SLF4J: Failed to load class "org.slf4j.impl.StaticLoggerBinder".
2024-05-15 09:40:27,063 [ERROR] LogOutputStream:75 - [STDERR_REDIRECT] SLF4J: Defaulting to no-operation (NOP) logger implementation
2024-05-15 09:40:27,064 [ERROR] LogOutputStream:75 - [STDERR_REDIRECT] SLF4J: See http://www.slf4j.org/codes.html#StaticLoggerBinder for further details.
