2023-11-01 00:01:25,910 [INFO] NvicIntPanel:101 - NVIC parent = com.st.microxplorer.plugins.ip.nvic.MultiNvicIntPanel[,0,0,0x0,invalid,layout=javax.swing.BoxLayout,alignmentX=0.0,alignmentY=0.0,border=,flags=9,maximumSize=,minimumSize=,preferredSize=]
2023-11-01 00:01:27,720 [INFO] UtilMem:75 - End SaveConfig() Used Memory: 636801288 Bytes (1073741824)
2023-11-01 00:01:29,094 [INFO] UtilMem:75 - End SaveConfig() Used Memory: 665639176 Bytes (1073741824)
2023-11-01 00:01:29,664 [INFO] UtilMem:75 - End SaveConfig() Used Memory: 706007304 Bytes (1073741824)
2023-11-01 00:01:30,010 [INFO] BlockDiagram:2759 - set Specific Code input for plugin: TIM1_8
2023-11-01 00:01:30,010 [INFO] BlockDiagram:2759 - set Specific Code input for plugin: SYS
2023-11-01 00:01:30,010 [INFO] BlockDiagram:2759 - set Specific Code input for plugin: RCC
2023-11-01 00:01:30,010 [INFO] BlockDiagram:2759 - set Specific Code input for plugin: NVIC
2023-11-01 00:01:30,011 [INFO] BlockDiagram:2759 - set Specific Code input for plugin: GPIO
2023-11-01 00:01:30,013 [INFO] CodeGenerator:799 - code generatio: config db path: C:\ST\STM32CubeIDE_1.11.2\STM32CubeIDE\plugins\com.st.stm32cube.common.mx_6.9.2.202309101412\\db\
2023-11-01 00:01:30,132 [INFO] CodeEngine:255 - oldGeneratedFile, C:\Users\erkan\STM32CubeIDE\workspace_1.11.2\MFK_HAL_TIM_005\MXTmpFiles\license.tmp_save
2023-11-01 00:01:30,230 [INFO] CodeEngine:279 - Generated code: C:\Users\erkan\STM32CubeIDE\workspace_1.11.2\MFK_HAL_TIM_005\MXTmpFiles\license.tmp
2023-11-01 00:01:30,248 [INFO] CodeEngine:255 - oldGeneratedFile, C:\Users\erkan\STM32CubeIDE\workspace_1.11.2\MFK_HAL_TIM_005\MXTmpFiles\gpio.tmp_save
2023-11-01 00:01:30,322 [INFO] CodeEngine:279 - Generated code: C:\Users\erkan\STM32CubeIDE\workspace_1.11.2\MFK_HAL_TIM_005\MXTmpFiles\gpio.tmp
2023-11-01 00:01:30,377 [INFO] CodeEngine:255 - oldGeneratedFile, C:\Users\erkan\STM32CubeIDE\workspace_1.11.2\MFK_HAL_TIM_005\Core\Src\stm32f4xx_it.c_save
2023-11-01 00:01:30,452 [INFO] CodeEngine:279 - Generated code: C:\Users\erkan\STM32CubeIDE\workspace_1.11.2\MFK_HAL_TIM_005\Core\Src\stm32f4xx_it.c
2023-11-01 00:01:30,461 [INFO] CodeEngine:255 - oldGeneratedFile, C:\Users\erkan\STM32CubeIDE\workspace_1.11.2\MFK_HAL_TIM_005\Core\Inc\stm32f4xx_it.h_save
2023-11-01 00:01:30,531 [INFO] CodeEngine:279 - Generated code: C:\Users\erkan\STM32CubeIDE\workspace_1.11.2\MFK_HAL_TIM_005\Core\Inc\stm32f4xx_it.h
2023-11-01 00:01:30,557 [INFO] CodeEngine:255 - oldGeneratedFile, C:\Users\erkan\STM32CubeIDE\workspace_1.11.2\MFK_HAL_TIM_005\Core\Src\stm32f4xx_hal_msp.c_save
2023-11-01 00:01:30,657 [INFO] CodeEngine:279 - Generated code: C:\Users\erkan\STM32CubeIDE\workspace_1.11.2\MFK_HAL_TIM_005\Core\Src\stm32f4xx_hal_msp.c
2023-11-01 00:01:30,667 [INFO] CodeEngine:255 - oldGeneratedFile, C:\Users\erkan\STM32CubeIDE\workspace_1.11.2\MFK_HAL_TIM_005\MXTmpFiles\system.tmp_save
2023-11-01 00:01:30,730 [INFO] CodeEngine:279 - Generated code: C:\Users\erkan\STM32CubeIDE\workspace_1.11.2\MFK_HAL_TIM_005\MXTmpFiles\system.tmp
2023-11-01 00:01:30,751 [INFO] CodeEngine:311 - oldGeneratedFile, C:\Users\erkan\STM32CubeIDE\workspace_1.11.2\MFK_HAL_TIM_005\Core\Inc\stm32f4xx_hal_conf.h_save
2023-11-01 00:01:30,837 [INFO] CodeEngine:335 - Generated code: C:\Users\erkan\STM32CubeIDE\workspace_1.11.2\MFK_HAL_TIM_005\Core\Inc\stm32f4xx_hal_conf.h
2023-11-01 00:01:30,861 [WARN] IPConfigManager:3431 - IP not found : TIM
2023-11-01 00:01:30,862 [WARN] CodeGenerator:3764 - IP not found : null
2023-11-01 00:01:30,879 [INFO] CodeEngine:255 - oldGeneratedFile, C:\Users\erkan\STM32CubeIDE\workspace_1.11.2\MFK_HAL_TIM_005\Core\Inc\main.h_save
2023-11-01 00:01:30,949 [INFO] CodeEngine:279 - Generated code: C:\Users\erkan\STM32CubeIDE\workspace_1.11.2\MFK_HAL_TIM_005\Core\Inc\main.h
2023-11-01 00:01:30,964 [INFO] CodeEngine:255 - oldGeneratedFile, C:\Users\erkan\STM32CubeIDE\workspace_1.11.2\MFK_HAL_TIM_005\Core\Src\main.c_save
2023-11-01 00:01:31,068 [INFO] CodeEngine:279 - Generated code: C:\Users\erkan\STM32CubeIDE\workspace_1.11.2\MFK_HAL_TIM_005\Core\Src\main.c
2023-11-01 00:01:31,538 [INFO] ProjectBuilder:3064 - Time for Copy HAL[1] : 224mS.
2023-11-01 00:01:31,541 [INFO] ProjectBuilder:4404 - Project Generator version: 4.1.0
2023-11-01 00:01:31,859 [INFO] ConfigFileManager:1457 - The Die is : DIE413
2023-11-01 00:01:33,021 [INFO] ProjectBuilder:4626 - Time for Generating toolchain IDE Files: 1479mS.
2023-11-01 00:01:33,022 [INFO] ProjectBuilder:2935 - Time for Copy CMSIS : 1mS.
2023-11-01 00:01:33,026 [INFO] ProjectBuilder:2935 - Time for Copy CMSIS : 0mS.
