2024-04-09 14:02:12,405 [INFO] Activator:176 - 


2024-04-09 14:02:12,413 [INFO] Activator:177 - !SESSION log4j initialized
2024-04-09 14:02:17,201 [INFO] LogOutputStream:77 - [STDOUT_REDIRECT] 
2024-04-09 14:02:24,389 [INFO] ApplicationProperties:184 - Using Application install path: C:\ST\STM32CubeIDE_1.11.2\STM32CubeIDE\plugins\com.st.stm32cube.common.mx_6.9.2.202309101412
2024-04-09 14:02:24,418 [INFO] DbMcusXml:78 - Set database path to: C:\ST\STM32CubeIDE_1.11.2\STM32CubeIDE\plugins\com.st.stm32cube.common.mx_6.9.2.202309101412\\db\/mcu/
2024-04-09 14:02:24,419 [INFO] ApiDb:274 - Set plugin database path to: C:\ST\STM32CubeIDE_1.11.2\STM32CubeIDE\plugins\com.st.stm32cube.common.mx_6.9.2.202309101412\\db\/plugins/boardmanager/
2024-04-09 14:02:24,420 [WARN] ApiDb:259 - Overriding images path with different value:  => C:\ST\STM32CubeIDE_1.11.2\STM32CubeIDE\plugins\com.st.stm32cube.common.mx_6.9.2.202309101412\\db\/plugins/mcufinder/images/
2024-04-09 14:02:24,450 [INFO] ApiDb:250 - Set database path to: C:\Users\erkan\.stmcufinder\plugins\mcufinder//mcu/
2024-04-09 14:02:24,452 [INFO] DbMcusAds:125 - Set database path to: C:\Users\erkan\.stmcufinder\plugins\mcufinder//mcu/
2024-04-09 14:02:24,454 [INFO] CrossReferenceDbSqlite:203 - Set database path to: C:\Users\erkan\.stmcufinder\plugins\mcufinder//mcu/cs/
2024-04-09 14:02:24,594 [INFO] RulesReader:64 - Compatibility file has been processed (293 Rules)
2024-04-09 14:02:24,716 [INFO] DbMcusXml:78 - Set database path to: C:\ST\STM32CubeIDE_1.11.2\STM32CubeIDE\plugins\com.st.stm32cube.common.mx_6.9.2.202309101412\\db\/mcu/
2024-04-09 14:02:24,716 [INFO] ApiDb:274 - Set plugin database path to: C:\ST\STM32CubeIDE_1.11.2\STM32CubeIDE\plugins\com.st.stm32cube.common.mx_6.9.2.202309101412\\db\/plugins/boardmanager/
2024-04-09 14:02:24,717 [INFO] ApiDb:261 - Set plugin images path to: C:\ST\STM32CubeIDE_1.11.2\STM32CubeIDE\plugins\com.st.stm32cube.common.mx_6.9.2.202309101412\\db\/plugins/mcufinder/images/
2024-04-09 14:02:24,717 [WARN] DbFile:41 - Overriding database path with different value: C:\Users\erkan\.stmcufinder\plugins\mcufinder/ => C:\Users\erkan\.stmcufinder\plugins\mcufinder
2024-04-09 14:02:24,717 [INFO] ApiDb:250 - Set database path to: C:\Users\erkan\.stmcufinder\plugins\mcufinder//mcu/
2024-04-09 14:02:24,717 [WARN] DbFile:41 - Overriding database path with different value: C:\Users\erkan\.stmcufinder\plugins\mcufinder/ => C:\Users\erkan\.stmcufinder\plugins\mcufinder
2024-04-09 14:02:24,717 [INFO] DbMcusAds:125 - Set database path to: C:\Users\erkan\.stmcufinder\plugins\mcufinder//mcu/
2024-04-09 14:02:24,717 [WARN] DbFile:41 - Overriding database path with different value: C:\Users\erkan\.stmcufinder\plugins\mcufinder/ => C:\Users\erkan\.stmcufinder\plugins\mcufinder
2024-04-09 14:02:24,717 [WARN] DbFile:41 - Overriding database path with different value: C:\Users\erkan\.stmcufinder\plugins\mcufinder/ => C:\Users\erkan\.stmcufinder\plugins\mcufinder
2024-04-09 14:02:24,718 [INFO] CrossReferenceDbSqlite:203 - Set database path to: C:\Users\erkan\.stmcufinder\plugins\mcufinder//mcu/cs/
2024-04-09 14:02:24,819 [INFO] MainPanel:262 - HeapMemory: 268435456
2024-04-09 14:02:24,938 [INFO] DbMcusXml:78 - Set database path to: C:\ST\STM32CubeIDE_1.11.2\STM32CubeIDE\plugins\com.st.stm32cube.common.mx_6.9.2.202309101412\\db\/mcu/
2024-04-09 14:02:24,939 [INFO] ApiDb:274 - Set plugin database path to: C:\ST\STM32CubeIDE_1.11.2\STM32CubeIDE\plugins\com.st.stm32cube.common.mx_6.9.2.202309101412\\db\/plugins/boardmanager/
2024-04-09 14:02:24,939 [INFO] ApiDb:261 - Set plugin images path to: C:\ST\STM32CubeIDE_1.11.2\STM32CubeIDE\plugins\com.st.stm32cube.common.mx_6.9.2.202309101412\\db\/plugins/mcufinder/images/
2024-04-09 14:02:24,941 [WARN] DbFile:41 - Overriding database path with different value: C:\Users\erkan\.stmcufinder\plugins\mcufinder/ => C:\Users\erkan\.stmcufinder\plugins\mcufinder
2024-04-09 14:02:24,941 [INFO] ApiDb:250 - Set database path to: C:\Users\erkan\.stmcufinder\plugins\mcufinder//mcu/
2024-04-09 14:02:24,941 [WARN] DbFile:41 - Overriding database path with different value: C:\Users\erkan\.stmcufinder\plugins\mcufinder/ => C:\Users\erkan\.stmcufinder\plugins\mcufinder
2024-04-09 14:02:24,941 [INFO] DbMcusAds:125 - Set database path to: C:\Users\erkan\.stmcufinder\plugins\mcufinder//mcu/
2024-04-09 14:02:24,942 [WARN] DbFile:41 - Overriding database path with different value: C:\Users\erkan\.stmcufinder\plugins\mcufinder/ => C:\Users\erkan\.stmcufinder\plugins\mcufinder
2024-04-09 14:02:24,942 [WARN] DbFile:41 - Overriding database path with different value: C:\Users\erkan\.stmcufinder\plugins\mcufinder/ => C:\Users\erkan\.stmcufinder\plugins\mcufinder
2024-04-09 14:02:24,942 [INFO] CrossReferenceDbSqlite:203 - Set database path to: C:\Users\erkan\.stmcufinder\plugins\mcufinder//mcu/cs/
2024-04-09 14:02:24,975 [INFO] ApplicationProperties:184 - Using Application install path: C:\ST\STM32CubeIDE_1.11.2\STM32CubeIDE\plugins\com.st.stm32cube.common.mx_6.9.2.202309101412
2024-04-09 14:02:24,978 [INFO] PluginManage:196 - Search for loadable plugins [exclusion list=, ]
2024-04-09 14:02:24,981 [INFO] PluginManage:310 - Check plugin analytics
2024-04-09 14:02:25,333 [INFO] AnalyticsPlugin:253 - Accepted Software Licenses: STM32CubeMX.6.9.2
2024-04-09 14:02:25,334 [INFO] AnalyticsPlugin:255 - Accepted CMSIS Pack Licenses: 
2024-04-09 14:02:25,335 [INFO] AnalyticsPlugin:257 - Accepted Firmware Licenses: 
2024-04-09 14:02:25,341 [INFO] PluginManage:359 - Loaded plugin analytics (category:tool,tabindex:-1)
2024-04-09 14:02:25,342 [INFO] PluginManage:310 - Check plugin cadmodel
2024-04-09 14:02:25,357 [INFO] CADModel:105 - Init CAD model plugin
2024-04-09 14:02:25,357 [INFO] PluginManage:359 - Loaded plugin cadmodel (category:power,tabindex:5)
2024-04-09 14:02:25,357 [INFO] PluginManage:310 - Check plugin clock
2024-04-09 14:02:25,377 [INFO] PluginManage:359 - Loaded plugin clock (category:base,tabindex:2)
2024-04-09 14:02:25,378 [INFO] PluginManage:310 - Check plugin ddr
2024-04-09 14:02:25,380 [INFO] PluginManage:359 - Loaded plugin ddr (category:tool,tabindex:6)
2024-04-09 14:02:25,380 [INFO] PluginManage:310 - Check plugin filemanager
2024-04-09 14:02:25,651 [INFO] PluginManage:359 - Loaded plugin filemanager (category:base,tabindex:10)
2024-04-09 14:02:25,651 [INFO] PluginManage:310 - Check plugin ipmanager
2024-04-09 14:02:25,663 [INFO] PluginManage:359 - Loaded plugin ipmanager (category:base,tabindex:5)
2024-04-09 14:02:25,663 [INFO] PluginManage:310 - Check plugin lpbam
2024-04-09 14:02:25,681 [INFO] PluginManage:359 - Loaded plugin lpbam (category:base,tabindex:0)
2024-04-09 14:02:25,681 [INFO] PluginManage:310 - Check plugin memorymap
2024-04-09 14:02:25,708 [INFO] PluginManage:359 - Loaded plugin memorymap (category:base,tabindex:4)
2024-04-09 14:02:25,708 [INFO] PluginManage:310 - Check plugin pinoutandconfiguration
2024-04-09 14:02:25,725 [INFO] PluginManage:359 - Loaded plugin pinoutandconfiguration (category:base,tabindex:1)
2024-04-09 14:02:25,725 [INFO] PluginManage:310 - Check plugin pinoutconfig
2024-04-09 14:02:25,844 [WARN] SupportedApi:132 - Cannot load RTOS API schema: s4s-elt-must-match.1: The content of 'definitions' must match (annotation?, (simpleType | complexType)?, (unique | key | keyref)*)). A problem was found starting at: attribute.
2024-04-09 14:02:26,157 [INFO] PluginManage:359 - Loaded plugin pinoutconfig (category:base,tabindex:0)
2024-04-09 14:02:26,157 [INFO] PluginManage:310 - Check plugin power
2024-04-09 14:02:26,184 [INFO] PluginManage:359 - Loaded plugin power (category:power,tabindex:4)
2024-04-09 14:02:26,184 [INFO] PluginManage:310 - Check plugin projectmanager
2024-04-09 14:02:26,205 [INFO] PluginManage:359 - Loaded plugin projectmanager (category:projectmanager,tabindex:3)
2024-04-09 14:02:26,205 [INFO] PluginManage:310 - Check plugin thirdparty
2024-04-09 14:02:26,571 [INFO] PluginManage:359 - Loaded plugin thirdparty (category:base,tabindex:-1)
2024-04-09 14:02:26,571 [WARN] IntegrityCheckThread:84 - waiting for thirdparty lock release [integrity check]
2024-04-09 14:02:26,571 [INFO] IntegrityCheckThread:86 - entering critical section [integrity check]
2024-04-09 14:02:26,571 [INFO] PluginManage:310 - Check plugin tools
2024-04-09 14:02:26,572 [INFO] ThirdPartyUpdaterWithRetryManager:70 - Updater plugin not ready yet. [1/15]
2024-04-09 14:02:26,618 [INFO] PluginManage:359 - Loaded plugin tools (category:base,tabindex:7)
2024-04-09 14:02:26,619 [INFO] PluginManage:310 - Check plugin tutovideos
2024-04-09 14:02:26,834 [INFO] PluginManage:359 - Loaded plugin tutovideos (category:base,tabindex:-1)
2024-04-09 14:02:26,835 [INFO] PluginManage:310 - Check plugin updater
2024-04-09 14:02:26,850 [INFO] PluginManage:359 - Loaded plugin updater (category:base,tabindex:12)
2024-04-09 14:02:26,850 [INFO] PluginManage:310 - Check plugin userauth
2024-04-09 14:02:26,857 [INFO] UserAuth:113 - Init User Auth plugin
2024-04-09 14:02:26,859 [INFO] PluginManage:359 - Loaded plugin userauth (category:base,tabindex:14)
2024-04-09 14:02:26,859 [INFO] PluginManage:283 - PluginManage : Loaded plugins [17]
2024-04-09 14:02:27,179 [INFO] PinOutPanel:1499 - setPackage(No Configuration,No Configuration)
2024-04-09 14:02:27,312 [INFO] CADModel:165 - CPN selected for project level
2024-04-09 14:02:27,312 [INFO] CADModel:114 - Register for checkConnection events
2024-04-09 14:02:27,347 [INFO] IPUIPlugin:80 - create IPUIPlugin
2024-04-09 14:02:27,347 [INFO] PluginManager:220 - loadIPPluginJar : add adc
2024-04-09 14:02:27,382 [INFO] IPUIPlugin:80 - create IPUIPlugin
2024-04-09 14:02:27,382 [INFO] PluginManager:220 - loadIPPluginJar : add aes
2024-04-09 14:02:27,429 [INFO] IPUIPlugin:80 - create IPUIPlugin
2024-04-09 14:02:27,429 [INFO] PluginManager:220 - loadIPPluginJar : add can
2024-04-09 14:02:27,452 [INFO] IPUIPlugin:80 - create IPUIPlugin
2024-04-09 14:02:27,452 [INFO] PluginManager:220 - loadIPPluginJar : add comp
2024-04-09 14:02:27,490 [INFO] IPUIPlugin:80 - create IPUIPlugin
2024-04-09 14:02:27,490 [INFO] PluginManager:220 - loadIPPluginJar : add cryp
2024-04-09 14:02:27,525 [INFO] IPUIPlugin:80 - create IPUIPlugin
2024-04-09 14:02:27,525 [INFO] PluginManager:220 - loadIPPluginJar : add dfsdm
2024-04-09 14:02:27,570 [INFO] IPUIPlugin:80 - create IPUIPlugin
2024-04-09 14:02:27,571 [INFO] PluginManager:220 - loadIPPluginJar : add dma
2024-04-09 14:02:27,630 [INFO] IPUIPlugin:80 - create IPUIPlugin
2024-04-09 14:02:27,630 [INFO] PluginManager:220 - loadIPPluginJar : add dma3
2024-04-09 14:02:27,651 [INFO] IPUIPlugin:80 - create IPUIPlugin
2024-04-09 14:02:27,652 [INFO] PluginManager:220 - loadIPPluginJar : add fatfs
2024-04-09 14:02:27,703 [INFO] IPUIPlugin:80 - create IPUIPlugin
2024-04-09 14:02:27,703 [INFO] PluginManager:220 - loadIPPluginJar : add fmc
2024-04-09 14:02:27,720 [INFO] IPUIPlugin:80 - create IPUIPlugin
2024-04-09 14:02:27,721 [INFO] PluginManager:220 - loadIPPluginJar : add freertos
2024-04-09 14:02:27,747 [INFO] IPUIPlugin:80 - create IPUIPlugin
2024-04-09 14:02:27,747 [INFO] PluginManager:220 - loadIPPluginJar : add genericplugin
2024-04-09 14:02:27,898 [INFO] IPUIPlugin:80 - create IPUIPlugin
2024-04-09 14:02:27,898 [INFO] PluginManager:220 - loadIPPluginJar : add gfxmmu
2024-04-09 14:02:28,040 [INFO] IPUIPlugin:80 - create IPUIPlugin
2024-04-09 14:02:28,040 [INFO] PluginManager:220 - loadIPPluginJar : add gic
2024-04-09 14:02:28,053 [INFO] IPUIPlugin:80 - create IPUIPlugin
2024-04-09 14:02:28,053 [INFO] PluginManager:220 - loadIPPluginJar : add gpio
2024-04-09 14:02:28,141 [INFO] IPUIPlugin:80 - create IPUIPlugin
2024-04-09 14:02:28,141 [INFO] PluginManager:220 - loadIPPluginJar : add gtzc
2024-04-09 14:02:28,173 [INFO] IPUIPlugin:80 - create IPUIPlugin
2024-04-09 14:02:28,173 [INFO] PluginManager:220 - loadIPPluginJar : add hash
2024-04-09 14:02:28,223 [INFO] IPUIPlugin:80 - create IPUIPlugin
2024-04-09 14:02:28,224 [INFO] PluginManager:220 - loadIPPluginJar : add i2c
2024-04-09 14:02:28,261 [INFO] IPUIPlugin:80 - create IPUIPlugin
2024-04-09 14:02:28,261 [INFO] PluginManager:220 - loadIPPluginJar : add i2s
2024-04-09 14:02:28,301 [INFO] IPUIPlugin:80 - create IPUIPlugin
2024-04-09 14:02:28,301 [INFO] PluginManager:220 - loadIPPluginJar : add i3c
2024-04-09 14:02:28,419 [INFO] IPUIPlugin:80 - create IPUIPlugin
2024-04-09 14:02:28,419 [INFO] PluginManager:220 - loadIPPluginJar : add ipddr
2024-04-09 14:02:28,510 [INFO] IPUIPlugin:80 - create IPUIPlugin
2024-04-09 14:02:28,510 [INFO] PluginManager:220 - loadIPPluginJar : add linkedlist
2024-04-09 14:02:28,544 [INFO] IPUIPlugin:80 - create IPUIPlugin
2024-04-09 14:02:28,544 [INFO] PluginManager:220 - loadIPPluginJar : add lorawan
2024-04-09 14:02:28,583 [INFO] IPUIPlugin:80 - create IPUIPlugin
2024-04-09 14:02:28,583 [INFO] PluginManager:220 - loadIPPluginJar : add ltdc
2024-04-09 14:02:28,603 [INFO] IPUIPlugin:80 - create IPUIPlugin
2024-04-09 14:02:28,604 [INFO] PluginManager:220 - loadIPPluginJar : add mdma
2024-04-09 14:02:28,619 [INFO] IPUIPlugin:80 - create IPUIPlugin
2024-04-09 14:02:28,619 [INFO] PluginManager:220 - loadIPPluginJar : add nvic
2024-04-09 14:02:28,671 [INFO] IPUIPlugin:80 - create IPUIPlugin
2024-04-09 14:02:28,671 [INFO] PluginManager:220 - loadIPPluginJar : add opamp
2024-04-09 14:02:28,750 [INFO] IPUIPlugin:80 - create IPUIPlugin
2024-04-09 14:02:28,750 [INFO] PluginManager:220 - loadIPPluginJar : add openamp
2024-04-09 14:02:28,810 [INFO] IPUIPlugin:80 - create IPUIPlugin
2024-04-09 14:02:28,810 [INFO] PluginManager:220 - loadIPPluginJar : add pdm2pcm
2024-04-09 14:02:28,827 [INFO] IPUIPlugin:80 - create IPUIPlugin
2024-04-09 14:02:28,829 [INFO] PluginManager:220 - loadIPPluginJar : add plateformsettings
2024-04-09 14:02:28,854 [INFO] IPUIPlugin:80 - create IPUIPlugin
2024-04-09 14:02:28,854 [INFO] PluginManager:220 - loadIPPluginJar : add quadspi
2024-04-09 14:02:28,869 [INFO] IPUIPlugin:80 - create IPUIPlugin
2024-04-09 14:02:28,870 [INFO] PluginManager:220 - loadIPPluginJar : add resmgrutility
2024-04-09 14:02:28,914 [INFO] IPUIPlugin:80 - create IPUIPlugin
2024-04-09 14:02:28,914 [INFO] PluginManager:220 - loadIPPluginJar : add sai
2024-04-09 14:02:28,952 [INFO] IPUIPlugin:80 - create IPUIPlugin
2024-04-09 14:02:28,952 [INFO] PluginManager:220 - loadIPPluginJar : add spi
2024-04-09 14:02:29,007 [INFO] IPUIPlugin:80 - create IPUIPlugin
2024-04-09 14:02:29,008 [INFO] PluginManager:220 - loadIPPluginJar : add stm32_wpan
2024-04-09 14:02:29,030 [INFO] IPUIPlugin:80 - create IPUIPlugin
2024-04-09 14:02:29,030 [INFO] PluginManager:220 - loadIPPluginJar : add tim
2024-04-09 14:02:29,089 [INFO] IPUIPlugin:80 - create IPUIPlugin
2024-04-09 14:02:29,089 [INFO] PluginManager:220 - loadIPPluginJar : add touchsensing
2024-04-09 14:02:29,109 [INFO] IPUIPlugin:80 - create IPUIPlugin
2024-04-09 14:02:29,109 [INFO] PluginManager:220 - loadIPPluginJar : add tracer_emb
2024-04-09 14:02:29,135 [INFO] IPUIPlugin:80 - create IPUIPlugin
2024-04-09 14:02:29,135 [INFO] PluginManager:220 - loadIPPluginJar : add ts
2024-04-09 14:02:29,156 [INFO] IPUIPlugin:80 - create IPUIPlugin
2024-04-09 14:02:29,157 [INFO] PluginManager:220 - loadIPPluginJar : add tsc
2024-04-09 14:02:29,179 [INFO] IPUIPlugin:80 - create IPUIPlugin
2024-04-09 14:02:29,179 [INFO] PluginManager:220 - loadIPPluginJar : add ucpd
2024-04-09 14:02:29,222 [INFO] IPUIPlugin:80 - create IPUIPlugin
2024-04-09 14:02:29,222 [INFO] PluginManager:220 - loadIPPluginJar : add usart
2024-04-09 14:02:29,266 [INFO] IPUIPlugin:80 - create IPUIPlugin
2024-04-09 14:02:29,266 [INFO] PluginManager:220 - loadIPPluginJar : add usbx
2024-04-09 14:02:29,408 [INFO] CADModel:165 - CPN selected for project level
2024-04-09 14:02:29,408 [INFO] CADModel:114 - Register for checkConnection events
2024-04-09 14:02:29,408 [FATAL] Updater:308 - Updater called before beeing initialized
2024-04-09 14:02:29,408 [ERROR] CADModel:125 - Updater not yet initialized, retry later 
2024-04-09 14:02:29,578 [INFO] ThirdPartyUpdaterWithRetryManager:70 - Updater plugin not ready yet. [2/15]
2024-04-09 14:02:29,743 [INFO] CADModel:165 - CPN selected for project level
2024-04-09 14:02:29,743 [INFO] CADModel:114 - Register for checkConnection events
2024-04-09 14:02:29,743 [FATAL] Updater:308 - Updater called before beeing initialized
2024-04-09 14:02:29,743 [ERROR] CADModel:125 - Updater not yet initialized, retry later 
2024-04-09 14:02:29,748 [FATAL] Updater:308 - Updater called before beeing initialized
2024-04-09 14:02:29,875 [FATAL] Updater:308 - Updater called before beeing initialized
2024-04-09 14:02:29,886 [INFO] DbMcusAds:53 - JSON generation date=Wed Nov 29 11:52:27 CET 2023 (1701255147349)
2024-04-09 14:02:29,886 [FATAL] Updater:308 - Updater called before beeing initialized
2024-04-09 14:02:29,970 [WARN] DetailPanel:346 - Failed to get advertising image, set to default
2024-04-09 14:02:30,075 [FATAL] Updater:308 - Updater called before beeing initialized
2024-04-09 14:02:30,077 [FATAL] Updater:308 - Updater called before beeing initialized
2024-04-09 14:02:30,077 [FATAL] Updater:308 - Updater called before beeing initialized
2024-04-09 14:02:30,077 [WARN] DetailPanel:346 - Failed to get advertising image, set to default
2024-04-09 14:02:30,078 [FATAL] Updater:308 - Updater called before beeing initialized
2024-04-09 14:02:30,143 [ERROR] Updater:1120 - MainUpdater not yet initialized. External WinMGr cannot be set.
2024-04-09 14:02:30,154 [INFO] Updater:1056 - Updater Version found : 6.9.2
2024-04-09 14:02:30,176 [INFO] ApplicationProperties:184 - Using Application install path: C:\ST\STM32CubeIDE_1.11.2\STM32CubeIDE\plugins\com.st.stm32cube.common.mx_6.9.2.202309101412
2024-04-09 14:02:32,585 [FATAL] Updater:308 - Updater called before beeing initialized
2024-04-09 14:02:32,586 [ERROR] IntegrityCheckThread:130 - Cannot retrieve database content from updater: error 21
2024-04-09 14:02:32,587 [INFO] ThirdParty:978 - Integrity check success = false
2024-04-09 14:02:32,587 [INFO] IntegrityCheckThread:100 - exiting critical section [integrity check]
2024-04-09 14:02:32,588 [INFO] IntegrityCheckThread:103 - End integrity checks thread
2024-04-09 14:02:34,893 [INFO] MainUpdater:2868 - connection check result : 10
2024-04-09 14:02:34,894 [INFO] MainUpdater:3562 - Updater definition file requires update
2024-04-09 14:02:34,897 [INFO] MainUpdater:285 - Updater Check For Update Now.
2024-04-09 14:02:34,898 [INFO] MicroXplorer:498 - Change Database Version : DB.6.0.92
2024-04-09 14:02:34,938 [INFO] McuFinderGlobals:63 - Set McuFinder mode to 2 (CubeIDE integrated)
2024-04-09 14:02:34,939 [INFO] UserAuth:179 - activating auth plugin
2024-04-09 14:02:34,945 [INFO] UserAuth:393 - Internet connection configuration mode: 1
2024-04-09 14:02:34,998 [INFO] JxBrowserEngine:151 - Initiate JxBrowser Engine with user profile folder
2024-04-09 14:02:37,444 [INFO] ServerAccessManage:473 - Download File updaters.zip
2024-04-09 14:02:38,870 [INFO] FileExtend:240 - Unzip File : updaters.zip
2024-04-09 14:02:38,871 [INFO] FileExtend:255 - Standard Zip Deflate
2024-04-09 14:02:40,055 [INFO] WebApp:157 - Instantiating new browser for Auth
2024-04-09 14:02:40,199 [INFO] ServerAccessManage:473 - Download File PacksControlFlags.xml
2024-04-09 14:02:40,386 [INFO] ServerAccessManage:473 - Download File cubemx.pidx
2024-04-09 14:02:41,614 [INFO] WebApp:753 - Register for checkConnection events
2024-04-09 14:02:41,615 [INFO] WebApp:390 - Apply proxy settings
2024-04-09 14:02:41,615 [INFO] WebApp:475 - Chromium requires no authentication
2024-04-09 14:02:41,635 [INFO] WebApp:418 - Direct internet connection detected
2024-04-09 14:02:42,112 [INFO] WebApp:188 - Starting web application
2024-04-09 14:02:42,112 [INFO] WebApp:520 - Web application path used C:\ST\STM32CubeIDE_1.11.2\STM32CubeIDE\plugins\com.st.stm32cube.common.mx_6.9.2.202309101412\db\plugins\mcufinder\reactClient1\index.html
2024-04-09 14:02:42,150 [INFO] ServerAccessManage:473 - Download File STMicroelectronics.X-CUBE-TCPP.pdsc
2024-04-09 14:02:43,206 [WARN] PackLoader:240 - Cannot read IP mode file for STMicroelectronics.X-CUBE-TCPP.4.1.0
2024-04-09 14:02:43,212 [INFO] PopulateThirdPartyThread:66 - Ending populate Thread
2024-04-09 14:02:43,214 [INFO] ThirdParty:1030 - CMSIS Pack Vendor :STMicroelectronics X-CUBE-TCPP 4.1.0
2024-04-09 14:02:43,214 [INFO] LoadServerUpdatesThread:373 - End of LoadServerUpdate Thread
2024-04-09 14:02:43,333 [INFO] CheckServerUpdateThread:120 - End of CheckServer Thread
2024-04-09 14:03:04,569 [ERROR] LogOutputStream:75 - [STDERR_REDIRECT] SLF4J: Failed to load class "org.slf4j.impl.StaticLoggerBinder".
2024-04-09 14:03:04,572 [ERROR] LogOutputStream:75 - [STDERR_REDIRECT] SLF4J: Defaulting to no-operation (NOP) logger implementation
2024-04-09 14:03:04,574 [ERROR] LogOutputStream:75 - [STDERR_REDIRECT] SLF4J: See http://www.slf4j.org/codes.html#StaticLoggerBinder for further details.
2024-04-09 14:38:54,104 [ERROR] LogOutputStream:75 - [STDERR_REDIRECT] 
