2024-04-21 23:40:06,935 [INFO] Activator:176 - 


2024-04-21 23:40:06,948 [INFO] Activator:177 - !SESSION log4j initialized
2024-04-21 23:40:14,015 [INFO] LogOutputStream:77 - [STDOUT_REDIRECT] 
2024-04-21 23:40:15,953 [INFO] ApplicationProperties:184 - Using Application install path: C:\ST\STM32CubeIDE_1.11.2\STM32CubeIDE\plugins\com.st.stm32cube.common.mx_6.9.2.202309101412
2024-04-21 23:40:15,976 [INFO] DbMcusXml:78 - Set database path to: C:\ST\STM32CubeIDE_1.11.2\STM32CubeIDE\plugins\com.st.stm32cube.common.mx_6.9.2.202309101412\\db\/mcu/
2024-04-21 23:40:15,977 [INFO] ApiDb:274 - Set plugin database path to: C:\ST\STM32CubeIDE_1.11.2\STM32CubeIDE\plugins\com.st.stm32cube.common.mx_6.9.2.202309101412\\db\/plugins/boardmanager/
2024-04-21 23:40:15,978 [WARN] ApiDb:259 - Overriding images path with different value:  => C:\ST\STM32CubeIDE_1.11.2\STM32CubeIDE\plugins\com.st.stm32cube.common.mx_6.9.2.202309101412\\db\/plugins/mcufinder/images/
2024-04-21 23:40:15,999 [INFO] ApiDb:250 - Set database path to: C:\Users\erkan\.stmcufinder\plugins\mcufinder//mcu/
2024-04-21 23:40:16,000 [INFO] DbMcusAds:125 - Set database path to: C:\Users\erkan\.stmcufinder\plugins\mcufinder//mcu/
2024-04-21 23:40:16,002 [INFO] CrossReferenceDbSqlite:203 - Set database path to: C:\Users\erkan\.stmcufinder\plugins\mcufinder//mcu/cs/
2024-04-21 23:40:16,137 [INFO] RulesReader:64 - Compatibility file has been processed (293 Rules)
2024-04-21 23:40:16,234 [INFO] DbMcusXml:78 - Set database path to: C:\ST\STM32CubeIDE_1.11.2\STM32CubeIDE\plugins\com.st.stm32cube.common.mx_6.9.2.202309101412\\db\/mcu/
2024-04-21 23:40:16,234 [INFO] ApiDb:274 - Set plugin database path to: C:\ST\STM32CubeIDE_1.11.2\STM32CubeIDE\plugins\com.st.stm32cube.common.mx_6.9.2.202309101412\\db\/plugins/boardmanager/
2024-04-21 23:40:16,234 [INFO] ApiDb:261 - Set plugin images path to: C:\ST\STM32CubeIDE_1.11.2\STM32CubeIDE\plugins\com.st.stm32cube.common.mx_6.9.2.202309101412\\db\/plugins/mcufinder/images/
2024-04-21 23:40:16,235 [WARN] DbFile:41 - Overriding database path with different value: C:\Users\erkan\.stmcufinder\plugins\mcufinder/ => C:\Users\erkan\.stmcufinder\plugins\mcufinder
2024-04-21 23:40:16,235 [INFO] ApiDb:250 - Set database path to: C:\Users\erkan\.stmcufinder\plugins\mcufinder//mcu/
2024-04-21 23:40:16,235 [WARN] DbFile:41 - Overriding database path with different value: C:\Users\erkan\.stmcufinder\plugins\mcufinder/ => C:\Users\erkan\.stmcufinder\plugins\mcufinder
2024-04-21 23:40:16,235 [INFO] DbMcusAds:125 - Set database path to: C:\Users\erkan\.stmcufinder\plugins\mcufinder//mcu/
2024-04-21 23:40:16,235 [WARN] DbFile:41 - Overriding database path with different value: C:\Users\erkan\.stmcufinder\plugins\mcufinder/ => C:\Users\erkan\.stmcufinder\plugins\mcufinder
2024-04-21 23:40:16,235 [WARN] DbFile:41 - Overriding database path with different value: C:\Users\erkan\.stmcufinder\plugins\mcufinder/ => C:\Users\erkan\.stmcufinder\plugins\mcufinder
2024-04-21 23:40:16,235 [INFO] CrossReferenceDbSqlite:203 - Set database path to: C:\Users\erkan\.stmcufinder\plugins\mcufinder//mcu/cs/
2024-04-21 23:40:16,337 [INFO] MainPanel:262 - HeapMemory: 268435456
2024-04-21 23:40:16,473 [INFO] DbMcusXml:78 - Set database path to: C:\ST\STM32CubeIDE_1.11.2\STM32CubeIDE\plugins\com.st.stm32cube.common.mx_6.9.2.202309101412\\db\/mcu/
2024-04-21 23:40:16,473 [INFO] ApiDb:274 - Set plugin database path to: C:\ST\STM32CubeIDE_1.11.2\STM32CubeIDE\plugins\com.st.stm32cube.common.mx_6.9.2.202309101412\\db\/plugins/boardmanager/
2024-04-21 23:40:16,473 [INFO] ApiDb:261 - Set plugin images path to: C:\ST\STM32CubeIDE_1.11.2\STM32CubeIDE\plugins\com.st.stm32cube.common.mx_6.9.2.202309101412\\db\/plugins/mcufinder/images/
2024-04-21 23:40:16,474 [WARN] DbFile:41 - Overriding database path with different value: C:\Users\erkan\.stmcufinder\plugins\mcufinder/ => C:\Users\erkan\.stmcufinder\plugins\mcufinder
2024-04-21 23:40:16,474 [INFO] ApiDb:250 - Set database path to: C:\Users\erkan\.stmcufinder\plugins\mcufinder//mcu/
2024-04-21 23:40:16,474 [WARN] DbFile:41 - Overriding database path with different value: C:\Users\erkan\.stmcufinder\plugins\mcufinder/ => C:\Users\erkan\.stmcufinder\plugins\mcufinder
2024-04-21 23:40:16,474 [INFO] DbMcusAds:125 - Set database path to: C:\Users\erkan\.stmcufinder\plugins\mcufinder//mcu/
2024-04-21 23:40:16,474 [WARN] DbFile:41 - Overriding database path with different value: C:\Users\erkan\.stmcufinder\plugins\mcufinder/ => C:\Users\erkan\.stmcufinder\plugins\mcufinder
2024-04-21 23:40:16,474 [WARN] DbFile:41 - Overriding database path with different value: C:\Users\erkan\.stmcufinder\plugins\mcufinder/ => C:\Users\erkan\.stmcufinder\plugins\mcufinder
2024-04-21 23:40:16,475 [INFO] CrossReferenceDbSqlite:203 - Set database path to: C:\Users\erkan\.stmcufinder\plugins\mcufinder//mcu/cs/
2024-04-21 23:40:16,506 [INFO] ApplicationProperties:184 - Using Application install path: C:\ST\STM32CubeIDE_1.11.2\STM32CubeIDE\plugins\com.st.stm32cube.common.mx_6.9.2.202309101412
2024-04-21 23:40:16,508 [INFO] PluginManage:196 - Search for loadable plugins [exclusion list=, ]
2024-04-21 23:40:16,511 [INFO] PluginManage:310 - Check plugin analytics
2024-04-21 23:40:16,751 [INFO] AnalyticsPlugin:253 - Accepted Software Licenses: STM32CubeMX.6.9.2
2024-04-21 23:40:16,752 [INFO] AnalyticsPlugin:255 - Accepted CMSIS Pack Licenses: 
2024-04-21 23:40:16,752 [INFO] AnalyticsPlugin:257 - Accepted Firmware Licenses: 
2024-04-21 23:40:16,755 [INFO] PluginManage:359 - Loaded plugin analytics (category:tool,tabindex:-1)
2024-04-21 23:40:16,757 [INFO] PluginManage:310 - Check plugin cadmodel
2024-04-21 23:40:16,781 [INFO] CADModel:105 - Init CAD model plugin
2024-04-21 23:40:16,781 [INFO] PluginManage:359 - Loaded plugin cadmodel (category:power,tabindex:5)
2024-04-21 23:40:16,781 [INFO] PluginManage:310 - Check plugin clock
2024-04-21 23:40:16,807 [INFO] PluginManage:359 - Loaded plugin clock (category:base,tabindex:2)
2024-04-21 23:40:16,808 [INFO] PluginManage:310 - Check plugin ddr
2024-04-21 23:40:16,811 [INFO] PluginManage:359 - Loaded plugin ddr (category:tool,tabindex:6)
2024-04-21 23:40:16,812 [INFO] PluginManage:310 - Check plugin filemanager
2024-04-21 23:40:17,012 [INFO] PluginManage:359 - Loaded plugin filemanager (category:base,tabindex:10)
2024-04-21 23:40:17,012 [INFO] PluginManage:310 - Check plugin ipmanager
2024-04-21 23:40:17,024 [INFO] PluginManage:359 - Loaded plugin ipmanager (category:base,tabindex:5)
2024-04-21 23:40:17,024 [INFO] PluginManage:310 - Check plugin lpbam
2024-04-21 23:40:17,044 [INFO] PluginManage:359 - Loaded plugin lpbam (category:base,tabindex:0)
2024-04-21 23:40:17,044 [INFO] PluginManage:310 - Check plugin memorymap
2024-04-21 23:40:17,084 [INFO] PluginManage:359 - Loaded plugin memorymap (category:base,tabindex:4)
2024-04-21 23:40:17,085 [INFO] PluginManage:310 - Check plugin pinoutandconfiguration
2024-04-21 23:40:17,119 [INFO] PluginManage:359 - Loaded plugin pinoutandconfiguration (category:base,tabindex:1)
2024-04-21 23:40:17,119 [INFO] PluginManage:310 - Check plugin pinoutconfig
2024-04-21 23:40:17,304 [WARN] SupportedApi:132 - Cannot load RTOS API schema: s4s-elt-must-match.1: The content of 'definitions' must match (annotation?, (simpleType | complexType)?, (unique | key | keyref)*)). A problem was found starting at: attribute.
2024-04-21 23:40:17,439 [INFO] PluginManage:359 - Loaded plugin pinoutconfig (category:base,tabindex:0)
2024-04-21 23:40:17,439 [INFO] PluginManage:310 - Check plugin power
2024-04-21 23:40:17,460 [INFO] PluginManage:359 - Loaded plugin power (category:power,tabindex:4)
2024-04-21 23:40:17,461 [INFO] PluginManage:310 - Check plugin projectmanager
2024-04-21 23:40:17,478 [INFO] PluginManage:359 - Loaded plugin projectmanager (category:projectmanager,tabindex:3)
2024-04-21 23:40:17,478 [INFO] PluginManage:310 - Check plugin thirdparty
2024-04-21 23:40:17,774 [INFO] PluginManage:359 - Loaded plugin thirdparty (category:base,tabindex:-1)
2024-04-21 23:40:17,774 [WARN] IntegrityCheckThread:84 - waiting for thirdparty lock release [integrity check]
2024-04-21 23:40:17,775 [INFO] PluginManage:310 - Check plugin tools
2024-04-21 23:40:17,775 [INFO] IntegrityCheckThread:86 - entering critical section [integrity check]
2024-04-21 23:40:17,775 [INFO] ThirdPartyUpdaterWithRetryManager:70 - Updater plugin not ready yet. [1/15]
2024-04-21 23:40:17,814 [INFO] PluginManage:359 - Loaded plugin tools (category:base,tabindex:7)
2024-04-21 23:40:17,814 [INFO] PluginManage:310 - Check plugin tutovideos
2024-04-21 23:40:18,009 [INFO] PluginManage:359 - Loaded plugin tutovideos (category:base,tabindex:-1)
2024-04-21 23:40:18,009 [INFO] PluginManage:310 - Check plugin updater
2024-04-21 23:40:18,021 [INFO] PluginManage:359 - Loaded plugin updater (category:base,tabindex:12)
2024-04-21 23:40:18,021 [INFO] PluginManage:310 - Check plugin userauth
2024-04-21 23:40:18,027 [INFO] UserAuth:113 - Init User Auth plugin
2024-04-21 23:40:18,027 [INFO] PluginManage:359 - Loaded plugin userauth (category:base,tabindex:14)
2024-04-21 23:40:18,027 [INFO] PluginManage:283 - PluginManage : Loaded plugins [17]
2024-04-21 23:40:18,265 [INFO] PinOutPanel:1499 - setPackage(No Configuration,No Configuration)
2024-04-21 23:40:18,396 [INFO] CADModel:165 - CPN selected for project level
2024-04-21 23:40:18,396 [INFO] CADModel:114 - Register for checkConnection events
2024-04-21 23:40:18,428 [INFO] IPUIPlugin:80 - create IPUIPlugin
2024-04-21 23:40:18,428 [INFO] PluginManager:220 - loadIPPluginJar : add adc
2024-04-21 23:40:18,497 [INFO] IPUIPlugin:80 - create IPUIPlugin
2024-04-21 23:40:18,498 [INFO] PluginManager:220 - loadIPPluginJar : add aes
2024-04-21 23:40:18,575 [INFO] IPUIPlugin:80 - create IPUIPlugin
2024-04-21 23:40:18,576 [INFO] PluginManager:220 - loadIPPluginJar : add can
2024-04-21 23:40:18,625 [INFO] IPUIPlugin:80 - create IPUIPlugin
2024-04-21 23:40:18,625 [INFO] PluginManager:220 - loadIPPluginJar : add comp
2024-04-21 23:40:18,675 [INFO] IPUIPlugin:80 - create IPUIPlugin
2024-04-21 23:40:18,676 [INFO] PluginManager:220 - loadIPPluginJar : add cryp
2024-04-21 23:40:18,707 [INFO] IPUIPlugin:80 - create IPUIPlugin
2024-04-21 23:40:18,707 [INFO] PluginManager:220 - loadIPPluginJar : add dfsdm
2024-04-21 23:40:18,723 [INFO] IPUIPlugin:80 - create IPUIPlugin
2024-04-21 23:40:18,723 [INFO] PluginManager:220 - loadIPPluginJar : add dma
2024-04-21 23:40:18,766 [INFO] IPUIPlugin:80 - create IPUIPlugin
2024-04-21 23:40:18,767 [INFO] PluginManager:220 - loadIPPluginJar : add dma3
2024-04-21 23:40:18,788 [INFO] IPUIPlugin:80 - create IPUIPlugin
2024-04-21 23:40:18,788 [INFO] PluginManager:220 - loadIPPluginJar : add fatfs
2024-04-21 23:40:18,848 [INFO] IPUIPlugin:80 - create IPUIPlugin
2024-04-21 23:40:18,848 [INFO] PluginManager:220 - loadIPPluginJar : add fmc
2024-04-21 23:40:18,879 [INFO] IPUIPlugin:80 - create IPUIPlugin
2024-04-21 23:40:18,879 [INFO] PluginManager:220 - loadIPPluginJar : add freertos
2024-04-21 23:40:18,922 [INFO] IPUIPlugin:80 - create IPUIPlugin
2024-04-21 23:40:18,922 [INFO] PluginManager:220 - loadIPPluginJar : add genericplugin
2024-04-21 23:40:19,098 [INFO] IPUIPlugin:80 - create IPUIPlugin
2024-04-21 23:40:19,098 [INFO] PluginManager:220 - loadIPPluginJar : add gfxmmu
2024-04-21 23:40:19,232 [INFO] IPUIPlugin:80 - create IPUIPlugin
2024-04-21 23:40:19,232 [INFO] PluginManager:220 - loadIPPluginJar : add gic
2024-04-21 23:40:19,246 [INFO] IPUIPlugin:80 - create IPUIPlugin
2024-04-21 23:40:19,246 [INFO] PluginManager:220 - loadIPPluginJar : add gpio
2024-04-21 23:40:19,333 [INFO] IPUIPlugin:80 - create IPUIPlugin
2024-04-21 23:40:19,333 [INFO] PluginManager:220 - loadIPPluginJar : add gtzc
2024-04-21 23:40:19,367 [INFO] IPUIPlugin:80 - create IPUIPlugin
2024-04-21 23:40:19,367 [INFO] PluginManager:220 - loadIPPluginJar : add hash
2024-04-21 23:40:19,419 [INFO] IPUIPlugin:80 - create IPUIPlugin
2024-04-21 23:40:19,420 [INFO] PluginManager:220 - loadIPPluginJar : add i2c
2024-04-21 23:40:19,457 [INFO] IPUIPlugin:80 - create IPUIPlugin
2024-04-21 23:40:19,457 [INFO] PluginManager:220 - loadIPPluginJar : add i2s
2024-04-21 23:40:19,515 [INFO] IPUIPlugin:80 - create IPUIPlugin
2024-04-21 23:40:19,516 [INFO] PluginManager:220 - loadIPPluginJar : add i3c
2024-04-21 23:40:19,704 [INFO] IPUIPlugin:80 - create IPUIPlugin
2024-04-21 23:40:19,704 [INFO] PluginManager:220 - loadIPPluginJar : add ipddr
2024-04-21 23:40:19,797 [INFO] IPUIPlugin:80 - create IPUIPlugin
2024-04-21 23:40:19,797 [INFO] PluginManager:220 - loadIPPluginJar : add linkedlist
2024-04-21 23:40:19,833 [INFO] IPUIPlugin:80 - create IPUIPlugin
2024-04-21 23:40:19,833 [INFO] PluginManager:220 - loadIPPluginJar : add lorawan
2024-04-21 23:40:19,869 [INFO] IPUIPlugin:80 - create IPUIPlugin
2024-04-21 23:40:19,869 [INFO] PluginManager:220 - loadIPPluginJar : add ltdc
2024-04-21 23:40:19,884 [INFO] IPUIPlugin:80 - create IPUIPlugin
2024-04-21 23:40:19,884 [INFO] PluginManager:220 - loadIPPluginJar : add mdma
2024-04-21 23:40:19,898 [INFO] IPUIPlugin:80 - create IPUIPlugin
2024-04-21 23:40:19,898 [INFO] PluginManager:220 - loadIPPluginJar : add nvic
2024-04-21 23:40:19,932 [INFO] IPUIPlugin:80 - create IPUIPlugin
2024-04-21 23:40:19,933 [INFO] PluginManager:220 - loadIPPluginJar : add opamp
2024-04-21 23:40:19,990 [INFO] IPUIPlugin:80 - create IPUIPlugin
2024-04-21 23:40:19,990 [INFO] PluginManager:220 - loadIPPluginJar : add openamp
2024-04-21 23:40:20,061 [INFO] IPUIPlugin:80 - create IPUIPlugin
2024-04-21 23:40:20,062 [INFO] PluginManager:220 - loadIPPluginJar : add pdm2pcm
2024-04-21 23:40:20,088 [INFO] IPUIPlugin:80 - create IPUIPlugin
2024-04-21 23:40:20,094 [INFO] PluginManager:220 - loadIPPluginJar : add plateformsettings
2024-04-21 23:40:20,134 [INFO] IPUIPlugin:80 - create IPUIPlugin
2024-04-21 23:40:20,134 [INFO] PluginManager:220 - loadIPPluginJar : add quadspi
2024-04-21 23:40:20,160 [INFO] IPUIPlugin:80 - create IPUIPlugin
2024-04-21 23:40:20,160 [INFO] PluginManager:220 - loadIPPluginJar : add resmgrutility
2024-04-21 23:40:20,232 [INFO] IPUIPlugin:80 - create IPUIPlugin
2024-04-21 23:40:20,232 [INFO] PluginManager:220 - loadIPPluginJar : add sai
2024-04-21 23:40:20,271 [INFO] IPUIPlugin:80 - create IPUIPlugin
2024-04-21 23:40:20,272 [INFO] PluginManager:220 - loadIPPluginJar : add spi
2024-04-21 23:40:20,327 [INFO] IPUIPlugin:80 - create IPUIPlugin
2024-04-21 23:40:20,327 [INFO] PluginManager:220 - loadIPPluginJar : add stm32_wpan
2024-04-21 23:40:20,351 [INFO] IPUIPlugin:80 - create IPUIPlugin
2024-04-21 23:40:20,351 [INFO] PluginManager:220 - loadIPPluginJar : add tim
2024-04-21 23:40:20,415 [INFO] IPUIPlugin:80 - create IPUIPlugin
2024-04-21 23:40:20,415 [INFO] PluginManager:220 - loadIPPluginJar : add touchsensing
2024-04-21 23:40:20,464 [INFO] IPUIPlugin:80 - create IPUIPlugin
2024-04-21 23:40:20,465 [INFO] PluginManager:220 - loadIPPluginJar : add tracer_emb
2024-04-21 23:40:20,502 [INFO] IPUIPlugin:80 - create IPUIPlugin
2024-04-21 23:40:20,502 [INFO] PluginManager:220 - loadIPPluginJar : add ts
2024-04-21 23:40:20,539 [INFO] IPUIPlugin:80 - create IPUIPlugin
2024-04-21 23:40:20,539 [INFO] PluginManager:220 - loadIPPluginJar : add tsc
2024-04-21 23:40:20,588 [INFO] IPUIPlugin:80 - create IPUIPlugin
2024-04-21 23:40:20,589 [INFO] PluginManager:220 - loadIPPluginJar : add ucpd
2024-04-21 23:40:20,641 [INFO] IPUIPlugin:80 - create IPUIPlugin
2024-04-21 23:40:20,641 [INFO] PluginManager:220 - loadIPPluginJar : add usart
2024-04-21 23:40:20,683 [INFO] IPUIPlugin:80 - create IPUIPlugin
2024-04-21 23:40:20,684 [INFO] PluginManager:220 - loadIPPluginJar : add usbx
2024-04-21 23:40:20,786 [INFO] ThirdPartyUpdaterWithRetryManager:70 - Updater plugin not ready yet. [2/15]
2024-04-21 23:40:20,820 [INFO] CADModel:165 - CPN selected for project level
2024-04-21 23:40:20,821 [INFO] CADModel:114 - Register for checkConnection events
2024-04-21 23:40:20,821 [FATAL] Updater:308 - Updater called before beeing initialized
2024-04-21 23:40:20,821 [ERROR] CADModel:125 - Updater not yet initialized, retry later 
2024-04-21 23:40:21,038 [INFO] CADModel:165 - CPN selected for project level
2024-04-21 23:40:21,038 [INFO] CADModel:114 - Register for checkConnection events
2024-04-21 23:40:21,039 [FATAL] Updater:308 - Updater called before beeing initialized
2024-04-21 23:40:21,039 [ERROR] CADModel:125 - Updater not yet initialized, retry later 
2024-04-21 23:40:21,042 [FATAL] Updater:308 - Updater called before beeing initialized
2024-04-21 23:40:21,175 [FATAL] Updater:308 - Updater called before beeing initialized
2024-04-21 23:40:21,186 [INFO] DbMcusAds:53 - JSON generation date=Wed Nov 29 11:52:27 CET 2023 (1701255147349)
2024-04-21 23:40:21,186 [FATAL] Updater:308 - Updater called before beeing initialized
2024-04-21 23:40:21,285 [WARN] DetailPanel:346 - Failed to get advertising image, set to default
2024-04-21 23:40:21,416 [FATAL] Updater:308 - Updater called before beeing initialized
2024-04-21 23:40:21,421 [FATAL] Updater:308 - Updater called before beeing initialized
2024-04-21 23:40:21,422 [FATAL] Updater:308 - Updater called before beeing initialized
2024-04-21 23:40:21,422 [WARN] DetailPanel:346 - Failed to get advertising image, set to default
2024-04-21 23:40:21,423 [FATAL] Updater:308 - Updater called before beeing initialized
2024-04-21 23:40:21,512 [ERROR] Updater:1120 - MainUpdater not yet initialized. External WinMGr cannot be set.
2024-04-21 23:40:21,523 [INFO] Updater:1056 - Updater Version found : 6.9.2
2024-04-21 23:40:21,541 [INFO] ApplicationProperties:184 - Using Application install path: C:\ST\STM32CubeIDE_1.11.2\STM32CubeIDE\plugins\com.st.stm32cube.common.mx_6.9.2.202309101412
2024-04-21 23:40:21,917 [INFO] MainUpdater:2868 - connection check result : 10
2024-04-21 23:40:21,918 [INFO] MainUpdater:3562 - Updater definition file requires update
2024-04-21 23:40:21,921 [INFO] MainUpdater:285 - Updater Check For Update Now.
2024-04-21 23:40:21,922 [INFO] MicroXplorer:498 - Change Database Version : DB.6.0.92
2024-04-21 23:40:21,947 [INFO] McuFinderGlobals:63 - Set McuFinder mode to 2 (CubeIDE integrated)
2024-04-21 23:40:21,948 [INFO] UserAuth:179 - activating auth plugin
2024-04-21 23:40:21,951 [INFO] UserAuth:393 - Internet connection configuration mode: 1
2024-04-21 23:40:21,985 [INFO] ServerAccessManage:473 - Download File updaters.zip
2024-04-21 23:40:22,002 [INFO] JxBrowserEngine:151 - Initiate JxBrowser Engine with user profile folder
2024-04-21 23:40:22,065 [INFO] FileExtend:240 - Unzip File : updaters.zip
2024-04-21 23:40:22,066 [INFO] FileExtend:255 - Standard Zip Deflate
2024-04-21 23:40:22,864 [INFO] ServerAccessManage:473 - Download File PacksControlFlags.xml
2024-04-21 23:40:22,949 [INFO] ServerAccessManage:473 - Download File cubemx.pidx
2024-04-21 23:40:23,317 [INFO] ServerAccessManage:473 - Download File STMicroelectronics.FP-SNS-MOTENVWB1.pdsc
2024-04-21 23:40:23,673 [INFO] ServerAccessManage:473 - Download File STMicroelectronics.X-CUBE-AI.pdsc
2024-04-21 23:40:23,800 [WARN] MainUpdater:1189 - Updater busy. Cannot search thirdparties
2024-04-21 23:40:23,800 [INFO] ThirdPartyUpdaterWithRetryManager:96 - Updater plugin is busy. [1/15]
2024-04-21 23:40:25,308 [INFO] ServerAccessManage:473 - Download File STMicroelectronics.X-CUBE-AZRTOS-H7RS.pdsc
2024-04-21 23:40:25,352 [INFO] WebApp:157 - Instantiating new browser for Auth
2024-04-21 23:40:25,979 [WARN] PackLoader:240 - Cannot read IP mode file for STMicroelectronics.FP-SNS-MOTENVWB1.1.4.0
2024-04-21 23:40:25,996 [WARN] PackLoader:240 - Cannot read IP mode file for STMicroelectronics.X-CUBE-AI.9.0.0
2024-04-21 23:40:26,037 [WARN] PackLoader:240 - Cannot read IP mode file for STMicroelectronics.X-CUBE-AZRTOS-H7RS.1.0.0
2024-04-21 23:40:26,042 [INFO] PopulateThirdPartyThread:66 - Ending populate Thread
2024-04-21 23:40:26,046 [INFO] ThirdParty:1030 - CMSIS Pack Vendor :STMicroelectronics FP-SNS-MOTENVWB1 1.4.0
2024-04-21 23:40:26,046 [INFO] ThirdParty:1030 - CMSIS Pack Vendor :STMicroelectronics X-CUBE-AI 9.0.0
2024-04-21 23:40:26,046 [INFO] ThirdParty:1030 - CMSIS Pack Vendor :STMicroelectronics X-CUBE-AZRTOS-H7RS 1.0.0
2024-04-21 23:40:26,047 [INFO] LoadServerUpdatesThread:373 - End of LoadServerUpdate Thread
2024-04-21 23:40:26,151 [INFO] CheckServerUpdateThread:120 - End of CheckServer Thread
2024-04-21 23:40:26,202 [INFO] WebApp:753 - Register for checkConnection events
2024-04-21 23:40:26,202 [INFO] WebApp:390 - Apply proxy settings
2024-04-21 23:40:26,203 [INFO] WebApp:475 - Chromium requires no authentication
2024-04-21 23:40:26,214 [INFO] WebApp:418 - Direct internet connection detected
2024-04-21 23:40:26,484 [INFO] WebApp:188 - Starting web application
2024-04-21 23:40:26,484 [INFO] WebApp:520 - Web application path used C:\ST\STM32CubeIDE_1.11.2\STM32CubeIDE\plugins\com.st.stm32cube.common.mx_6.9.2.202309101412\db\plugins\mcufinder\reactClient1\index.html
2024-04-21 23:40:27,248 [WARN] PackLoader:240 - Cannot read IP mode file for STMicroelectronics.FP-SNS-MOTENVWB1.1.4.0
2024-04-21 23:40:27,283 [WARN] PackLoader:240 - Cannot read IP mode file for STMicroelectronics.X-CUBE-SMBUS.2.1.0
2024-04-21 23:40:27,304 [WARN] PackLoader:240 - Cannot read IP mode file for STMicroelectronics.X-CUBE-TOUCHGFX.4.23.0
2024-04-21 23:40:27,319 [WARN] PackLoader:240 - Cannot read IP mode file for STMicroelectronics.X-CUBE-TOUCHGFX.4.23.2
2024-04-21 23:40:27,357 [WARN] PackLoader:240 - Cannot read IP mode file for STMicroelectronics.X-CUBE-AZRTOS-F7.1.1.0
2024-04-21 23:40:27,376 [WARN] PackLoader:240 - Cannot read IP mode file for STMicroelectronics.FP-SNS-MOTENV1.4.3.2
2024-04-21 23:40:27,398 [WARN] PackLoader:240 - Cannot read IP mode file for STMicroelectronics.X-CUBE-BLE1.6.2.4
2024-04-21 23:40:27,405 [WARN] PackLoader:240 - Cannot read IP mode file for STMicroelectronics.FP-SNS-FLIGHT1.5.0.2
2024-04-21 23:40:27,427 [WARN] PackLoader:240 - Cannot read IP mode file for STMicroelectronics.X-CUBE-DISPLAY.3.0.0
2024-04-21 23:40:27,448 [WARN] PackLoader:240 - Cannot read IP mode file for STMicroelectronics.X-CUBE-BLE1.7.0.0
2024-04-21 23:40:27,463 [WARN] PackLoader:240 - Cannot read IP mode file for STMicroelectronics.X-CUBE-TOUCHGFX.4.22.0
2024-04-21 23:40:27,478 [WARN] PackLoader:240 - Cannot read IP mode file for STMicroelectronics.X-CUBE-TOUCHGFX.4.22.1
2024-04-21 23:40:27,496 [WARN] PackLoader:240 - Cannot read IP mode file for STMicroelectronics.X-CUBE-BLEMGR.3.1.0
2024-04-21 23:40:27,514 [WARN] PackLoader:240 - Cannot read IP mode file for STMicroelectronics.FP-SNS-SMARTAG2.1.2.0
2024-04-21 23:40:27,537 [INFO] LogOutputStream:77 - [STDOUT_REDIRECT] 1 : Invalid condition id : UX_CORESTACK_Condition cause : null
2024-04-21 23:40:27,538 [INFO] LogOutputStream:77 - [STDOUT_REDIRECT] 1 : Invalid condition id : UX_CORESTACK_Condition cause : null
2024-04-21 23:40:27,539 [INFO] LogOutputStream:77 - [STDOUT_REDIRECT] 1 : Invalid condition id : UX_CORESTACK_Condition cause : null
2024-04-21 23:40:27,540 [INFO] LogOutputStream:77 - [STDOUT_REDIRECT] 1 : Invalid condition id : UX_CORESTACK_Condition cause : null
2024-04-21 23:40:27,542 [INFO] LogOutputStream:77 - [STDOUT_REDIRECT] 1 : Invalid condition id : UX_CORESTACK_Condition cause : null
2024-04-21 23:40:27,546 [WARN] PackLoader:240 - Cannot read IP mode file for STMicroelectronics.X-CUBE-AZRTOS-WL.2.0.0
2024-04-21 23:40:27,560 [WARN] PackLoader:240 - Cannot read IP mode file for STMicroelectronics.FP-SNS-MOTENV1.5.0.0
2024-04-21 23:40:27,580 [WARN] PackLoader:240 - Cannot read IP mode file for WES.I-CUBE-Cesium.1.3.0
2024-04-21 23:40:27,597 [WARN] PackLoader:240 - Cannot read IP mode file for STMicroelectronics.X-CUBE-BLE2.3.3.0
2024-04-21 23:40:27,627 [WARN] PackLoader:240 - Cannot read IP mode file for STMicroelectronics.X-CUBE-TOF1.3.2.0
2024-04-21 23:40:27,664 [WARN] PackLoader:240 - Cannot read IP mode file for STMicroelectronics.X-CUBE-TCPP.4.1.0
2024-04-21 23:40:27,696 [WARN] PackLoader:240 - Cannot read IP mode file for STMicroelectronics.X-CUBE-TOUCHGFX.4.21.1
2024-04-21 23:40:27,723 [WARN] PackLoader:240 - Cannot read IP mode file for STMicroelectronics.X-CUBE-AI.7.3.0
2024-04-21 23:40:27,753 [WARN] PackLoader:240 - Cannot read IP mode file for STMicroelectronics.X-CUBE-ALGOBUILD.1.3.0
2024-04-21 23:40:27,821 [WARN] PackLoader:240 - Cannot read IP mode file for STMicroelectronics.X-CUBE-AZRTOS-G0.1.1.0
2024-04-21 23:40:27,856 [WARN] PackLoader:240 - Cannot read IP mode file for STMicroelectronics.X-CUBE-SAFEA1.1.2.2
2024-04-21 23:40:27,879 [WARN] PackLoader:240 - Cannot read IP mode file for STMicroelectronics.X-CUBE-NFC4.3.0.0
2024-04-21 23:40:27,899 [WARN] PackLoader:240 - Cannot read IP mode file for STMicroelectronics.X-CUBE-BLEMGR.3.0.0
2024-04-21 23:40:27,919 [WARN] PackLoader:240 - Cannot read IP mode file for STMicroelectronics.X-CUBE-BLEMGR.1.3.0
2024-04-21 23:40:27,925 [WARN] PackLoader:240 - Cannot read IP mode file for STMicroelectronics.FP-ATR-SIGFOX1.3.2.0
2024-04-21 23:40:27,942 [WARN] PackLoader:240 - Cannot read IP mode file for STMicroelectronics.X-CUBE-EEPRMA1.5.1.0
2024-04-21 23:40:27,992 [WARN] PackLoader:240 - Cannot read IP mode file for STMicroelectronics.X-CUBE-MEMS1.9.5.0
2024-04-21 23:40:28,184 [WARN] PackLoader:240 - Cannot read IP mode file for SEGGER.I-CUBE-embOS.1.3.1
2024-04-21 23:40:28,273 [WARN] PackLoader:240 - Cannot read IP mode file for STMicroelectronics.X-CUBE-GNSS1.6.0.0
2024-04-21 23:40:28,324 [WARN] PackLoader:240 - Cannot read IP mode file for STMicroelectronics.X-CUBE-AZRTOS-F4.1.1.0
2024-04-21 23:40:28,358 [WARN] PackLoader:240 - Cannot read IP mode file for STMicroelectronics.X-CUBE-AZRTOS-L5.2.0.0
2024-04-21 23:40:28,400 [WARN] PackLoader:240 - Cannot read IP mode file for STMicroelectronics.X-CUBE-MEMS1.9.6.0
2024-04-21 23:40:28,498 [WARN] PackLoader:240 - Cannot read IP mode file for STMicroelectronics.X-CUBE-EEPRMA1.4.2.0
2024-04-21 23:40:28,512 [WARN] PackLoader:240 - Cannot read IP mode file for STMicroelectronics.X-CUBE-NFC6.3.1.0
2024-04-21 23:40:28,528 [WARN] PackLoader:240 - Cannot read IP mode file for ITTIA_DB.I-CUBE-ITTIADB.8.8.0
2024-04-21 23:40:28,543 [WARN] PackLoader:240 - Cannot read IP mode file for emotas.I-CUBE-CANOPEN.1.1.3
2024-04-21 23:40:28,559 [WARN] PackLoader:240 - Cannot read IP mode file for STMicroelectronics.X-CUBE-BLEMGR.2.0.0
2024-04-21 23:40:28,564 [WARN] PackLoader:240 - Cannot read IP mode file for STMicroelectronics.X-CUBE-AI.9.0.0
2024-04-21 23:40:28,599 [WARN] ConditionMgr:438 - getConditionDescription Invalid condition id : UX DEVICE CLASS RTOS Condition cause : null
2024-04-21 23:40:28,599 [WARN] ConditionMgr:438 - getConditionDescription Invalid condition id : UX DEVICE CLASS RTOS Condition cause : null
2024-04-21 23:40:28,602 [WARN] PackLoader:240 - Cannot read IP mode file for STMicroelectronics.X-CUBE-AZRTOS-H7.3.1.0
2024-04-21 23:40:28,603 [WARN] ConditionMgr:1039 - genDependencies : Invalid condition id : UX DEVICE CLASS RTOS Condition cause : null
2024-04-21 23:40:28,603 [WARN] ConditionMgr:1039 - genDependencies : Invalid condition id : UX DEVICE CLASS RTOS Condition cause : null
2024-04-21 23:40:28,603 [WARN] ConditionMgr:1039 - genDependencies : Invalid condition id : UX DEVICE CLASS RTOS Condition cause : null
2024-04-21 23:40:28,604 [WARN] ConditionMgr:1039 - genDependencies : Invalid condition id : UX DEVICE CLASS RTOS Condition cause : null
2024-04-21 23:40:28,604 [WARN] ConditionMgr:1039 - genDependencies : Invalid condition id : UX DEVICE CLASS RTOS Condition cause : null
2024-04-21 23:40:28,618 [WARN] PackLoader:240 - Cannot read IP mode file for wolfSSL.I-CUBE-wolfSSL.5.5.4
2024-04-21 23:40:28,632 [WARN] PackLoader:240 - Cannot read IP mode file for STMicroelectronics.X-CUBE-NFC7.1.0.1
2024-04-21 23:40:28,645 [WARN] PackLoader:240 - Cannot read IP mode file for STMicroelectronics.X-CUBE-NFC7.1.0.0
2024-04-21 23:40:28,660 [WARN] PackLoader:240 - Cannot read IP mode file for STMicroelectronics.X-CUBE-NFC6.3.0.0
2024-04-21 23:40:28,673 [WARN] PackLoader:240 - Cannot read IP mode file for STMicroelectronics.X-CUBE-EEPRMA1.4.1.0
2024-04-21 23:40:28,686 [WARN] PackLoader:240 - Cannot read IP mode file for STMicroelectronics.X-CUBE-AI.8.1.0
2024-04-21 23:40:28,715 [WARN] ConditionMgr:438 - getConditionDescription Invalid condition id : LAN8742 Phy interface Condition cause : null
2024-04-21 23:40:28,716 [WARN] PackLoader:240 - Cannot read IP mode file for STMicroelectronics.X-CUBE-AZRTOS-L4.2.0.0
2024-04-21 23:40:28,717 [WARN] ConditionMgr:1039 - genDependencies : Invalid condition id : LAN8742 Phy interface Condition cause : null
2024-04-21 23:40:28,717 [WARN] ConditionMgr:1039 - genDependencies : Invalid condition id : LAN8742 Phy interface Condition cause : null
2024-04-21 23:40:28,717 [WARN] ConditionMgr:1039 - genDependencies : Invalid condition id : LAN8742 Phy interface Condition cause : null
2024-04-21 23:40:28,735 [WARN] PackLoader:240 - Cannot read IP mode file for STMicroelectronics.X-CUBE-SFXS2LP1.4.0.0
2024-04-21 23:40:28,763 [WARN] PackLoader:240 - Cannot read IP mode file for STMicroelectronics.X-CUBE-AZRTOS-H7.3.0.0
2024-04-21 23:40:28,779 [WARN] PackLoader:240 - Cannot read IP mode file for STMicroelectronics.X-CUBE-ISPU.1.1.0
2024-04-21 23:40:28,795 [WARN] PackLoader:240 - Cannot read IP mode file for RoweBots.I-CUBE-UNISONRTOS.5.5.0-4
2024-04-21 23:40:28,807 [WARN] PackLoader:240 - Cannot read IP mode file for STMicroelectronics.X-CUBE-AI.8.0.0
2024-04-21 23:40:28,830 [WARN] ConditionMgr:438 - getConditionDescription Invalid condition id : UX DEVICE CLASS RTOS Condition cause : null
2024-04-21 23:40:28,830 [WARN] ConditionMgr:438 - getConditionDescription Invalid condition id : UX DEVICE CLASS RTOS Condition cause : null
2024-04-21 23:40:28,831 [WARN] PackLoader:240 - Cannot read IP mode file for STMicroelectronics.X-CUBE-AZRTOS-WB.2.0.0
2024-04-21 23:40:28,832 [WARN] ConditionMgr:1039 - genDependencies : Invalid condition id : UX DEVICE CLASS RTOS Condition cause : null
2024-04-21 23:40:28,832 [WARN] ConditionMgr:1039 - genDependencies : Invalid condition id : UX DEVICE CLASS RTOS Condition cause : null
2024-04-21 23:40:28,832 [WARN] ConditionMgr:1039 - genDependencies : Invalid condition id : UX DEVICE CLASS RTOS Condition cause : null
2024-04-21 23:40:28,832 [WARN] ConditionMgr:1039 - genDependencies : Invalid condition id : UX DEVICE CLASS RTOS Condition cause : null
2024-04-21 23:40:28,832 [WARN] ConditionMgr:1039 - genDependencies : Invalid condition id : UX DEVICE CLASS RTOS Condition cause : null
2024-04-21 23:40:28,846 [WARN] PackLoader:240 - Cannot read IP mode file for STMicroelectronics.X-CUBE-FREERTOS.1.0.1
2024-04-21 23:40:28,872 [WARN] PackLoader:240 - Cannot read IP mode file for STMicroelectronics.X-CUBE-AZRTOS-L5.1.1.0
2024-04-21 23:40:28,893 [WARN] PackLoader:240 - Cannot read IP mode file for STMicroelectronics.X-CUBE-SUBG2.5.0.0
2024-04-21 23:40:28,914 [WARN] PackLoader:240 - Cannot read IP mode file for STMicroelectronics.X-CUBE-TOF1.3.3.1
2024-04-21 23:40:28,942 [WARN] PackLoader:240 - Cannot read IP mode file for STMicroelectronics.X-CUBE-AZRTOS-G4.2.0.0
2024-04-21 23:40:28,955 [WARN] PackLoader:240 - Cannot read IP mode file for STMicroelectronics.FP-ATR-ASTRA1.1.1.1
2024-04-21 23:40:28,976 [WARN] PackLoader:240 - Cannot read IP mode file for Infineon.AIROC-Wi-Fi-Bluetooth-STM32.1.5.1
2024-04-21 23:40:28,991 [WARN] PackLoader:240 - Cannot read IP mode file for STMicroelectronics.FP-SNS-MOTENVWB1.1.3.0
2024-04-21 23:40:28,997 [WARN] PackLoader:240 - Cannot read IP mode file for STMicroelectronics.FP-SNS-MOTENVWB1.1.3.1
2024-04-21 23:40:29,018 [WARN] PackLoader:240 - Cannot read IP mode file for STMicroelectronics.X-CUBE-AZRTOS-G4.1.0.0
2024-04-21 23:40:29,047 [WARN] PackLoader:240 - Cannot read IP mode file for STMicroelectronics.X-CUBE-AZRTOS-L4.1.0.0
2024-04-21 23:40:29,071 [WARN] PackLoader:240 - Cannot read IP mode file for STMicroelectronics.X-CUBE-ISPU.2.0.0
2024-04-21 23:40:29,139 [WARN] PackLoader:240 - Cannot read IP mode file for STMicroelectronics.X-CUBE-MEMS1.10.0.0
2024-04-21 23:40:29,249 [WARN] PackLoader:240 - Cannot read IP mode file for STMicroelectronics.X-CUBE-FREERTOS.1.1.0
2024-04-21 23:40:29,274 [WARN] PackLoader:240 - Cannot read IP mode file for STMicroelectronics.X-CUBE-AZRTOS-WL.1.0.0
2024-04-21 23:40:29,291 [WARN] PackLoader:240 - Cannot read IP mode file for portGmbH.I-Cube-SoM-uGOAL.1.1.0
2024-04-21 23:40:29,303 [WARN] PackLoader:240 - Cannot read IP mode file for STMicroelectronics.X-CUBE-ALS.1.0.1
2024-04-21 23:40:29,323 [WARN] PackLoader:240 - Cannot read IP mode file for STMicroelectronics.X-CUBE-AZRTOS-WB.1.1.0
2024-04-21 23:40:29,335 [WARN] PackLoader:240 - Cannot read IP mode file for STMicroelectronics.X-CUBE-AZRTOS-H7RS.1.0.0
2024-04-21 23:40:29,341 [WARN] PackLoader:240 - Cannot read IP mode file for STMicroelectronics.FP-ATR-ASTRA1.2.0.0
2024-04-21 23:40:29,359 [WARN] PackLoader:240 - Cannot read IP mode file for STMicroelectronics.X-CUBE-TOF1.3.4.0
2024-04-21 23:40:29,382 [WARN] PackLoader:240 - Cannot read IP mode file for STMicroelectronics.X-CUBE-TOF1.3.4.1
2024-04-21 23:40:29,426 [WARN] PackLoader:240 - Cannot read IP mode file for STMicroelectronics.X-CUBE-AZRTOS-H7.3.2.0
2024-04-21 23:40:29,431 [INFO] ThirdParty:978 - Integrity check success = true
2024-04-21 23:40:29,431 [INFO] IntegrityCheckThread:100 - exiting critical section [integrity check]
2024-04-21 23:40:29,431 [INFO] IntegrityCheckThread:103 - End integrity checks thread
2024-04-21 23:40:47,660 [ERROR] LogOutputStream:75 - [STDERR_REDIRECT] SLF4J: Failed to load class "org.slf4j.impl.StaticLoggerBinder".
2024-04-21 23:40:47,662 [ERROR] LogOutputStream:75 - [STDERR_REDIRECT] SLF4J: Defaulting to no-operation (NOP) logger implementation
2024-04-21 23:40:47,664 [ERROR] LogOutputStream:75 - [STDERR_REDIRECT] SLF4J: See http://www.slf4j.org/codes.html#StaticLoggerBinder for further details.
