2024-02-20 00:15:19,131 [ERROR] LogOutputStream:75 - [STDERR_REDIRECT] 
2024-02-20 20:12:41,139 [INFO] Activator:176 - 


2024-02-20 20:12:41,141 [INFO] Activator:177 - !SESSION log4j initialized
2024-02-20 20:12:47,893 [INFO] LogOutputStream:77 - [STDOUT_REDIRECT] 
2024-02-20 20:12:49,613 [INFO] ApplicationProperties:184 - Using Application install path: C:\ST\STM32CubeIDE_1.11.2\STM32CubeIDE\plugins\com.st.stm32cube.common.mx_6.9.2.202309101412
2024-02-20 20:12:49,632 [INFO] DbMcusXml:78 - Set database path to: C:\ST\STM32CubeIDE_1.11.2\STM32CubeIDE\plugins\com.st.stm32cube.common.mx_6.9.2.202309101412\\db\/mcu/
2024-02-20 20:12:49,633 [INFO] ApiDb:274 - Set plugin database path to: C:\ST\STM32CubeIDE_1.11.2\STM32CubeIDE\plugins\com.st.stm32cube.common.mx_6.9.2.202309101412\\db\/plugins/boardmanager/
2024-02-20 20:12:49,633 [WARN] ApiDb:259 - Overriding images path with different value:  => C:\ST\STM32CubeIDE_1.11.2\STM32CubeIDE\plugins\com.st.stm32cube.common.mx_6.9.2.202309101412\\db\/plugins/mcufinder/images/
2024-02-20 20:12:49,651 [INFO] ApiDb:250 - Set database path to: C:\Users\erkan\.stmcufinder\plugins\mcufinder//mcu/
2024-02-20 20:12:49,652 [INFO] DbMcusAds:125 - Set database path to: C:\Users\erkan\.stmcufinder\plugins\mcufinder//mcu/
2024-02-20 20:12:49,654 [INFO] CrossReferenceDbSqlite:203 - Set database path to: C:\Users\erkan\.stmcufinder\plugins\mcufinder//mcu/cs/
2024-02-20 20:12:49,766 [INFO] RulesReader:64 - Compatibility file has been processed (293 Rules)
2024-02-20 20:12:49,864 [INFO] DbMcusXml:78 - Set database path to: C:\ST\STM32CubeIDE_1.11.2\STM32CubeIDE\plugins\com.st.stm32cube.common.mx_6.9.2.202309101412\\db\/mcu/
2024-02-20 20:12:49,864 [INFO] ApiDb:274 - Set plugin database path to: C:\ST\STM32CubeIDE_1.11.2\STM32CubeIDE\plugins\com.st.stm32cube.common.mx_6.9.2.202309101412\\db\/plugins/boardmanager/
2024-02-20 20:12:49,864 [INFO] ApiDb:261 - Set plugin images path to: C:\ST\STM32CubeIDE_1.11.2\STM32CubeIDE\plugins\com.st.stm32cube.common.mx_6.9.2.202309101412\\db\/plugins/mcufinder/images/
2024-02-20 20:12:49,865 [WARN] DbFile:41 - Overriding database path with different value: C:\Users\erkan\.stmcufinder\plugins\mcufinder/ => C:\Users\erkan\.stmcufinder\plugins\mcufinder
2024-02-20 20:12:49,865 [INFO] ApiDb:250 - Set database path to: C:\Users\erkan\.stmcufinder\plugins\mcufinder//mcu/
2024-02-20 20:12:49,865 [WARN] DbFile:41 - Overriding database path with different value: C:\Users\erkan\.stmcufinder\plugins\mcufinder/ => C:\Users\erkan\.stmcufinder\plugins\mcufinder
2024-02-20 20:12:49,865 [INFO] DbMcusAds:125 - Set database path to: C:\Users\erkan\.stmcufinder\plugins\mcufinder//mcu/
2024-02-20 20:12:49,865 [WARN] DbFile:41 - Overriding database path with different value: C:\Users\erkan\.stmcufinder\plugins\mcufinder/ => C:\Users\erkan\.stmcufinder\plugins\mcufinder
2024-02-20 20:12:49,865 [WARN] DbFile:41 - Overriding database path with different value: C:\Users\erkan\.stmcufinder\plugins\mcufinder/ => C:\Users\erkan\.stmcufinder\plugins\mcufinder
2024-02-20 20:12:49,865 [INFO] CrossReferenceDbSqlite:203 - Set database path to: C:\Users\erkan\.stmcufinder\plugins\mcufinder//mcu/cs/
2024-02-20 20:12:49,949 [INFO] MainPanel:262 - HeapMemory: 268435456
2024-02-20 20:12:50,045 [INFO] DbMcusXml:78 - Set database path to: C:\ST\STM32CubeIDE_1.11.2\STM32CubeIDE\plugins\com.st.stm32cube.common.mx_6.9.2.202309101412\\db\/mcu/
2024-02-20 20:12:50,045 [INFO] ApiDb:274 - Set plugin database path to: C:\ST\STM32CubeIDE_1.11.2\STM32CubeIDE\plugins\com.st.stm32cube.common.mx_6.9.2.202309101412\\db\/plugins/boardmanager/
2024-02-20 20:12:50,045 [INFO] ApiDb:261 - Set plugin images path to: C:\ST\STM32CubeIDE_1.11.2\STM32CubeIDE\plugins\com.st.stm32cube.common.mx_6.9.2.202309101412\\db\/plugins/mcufinder/images/
2024-02-20 20:12:50,045 [WARN] DbFile:41 - Overriding database path with different value: C:\Users\erkan\.stmcufinder\plugins\mcufinder/ => C:\Users\erkan\.stmcufinder\plugins\mcufinder
2024-02-20 20:12:50,045 [INFO] ApiDb:250 - Set database path to: C:\Users\erkan\.stmcufinder\plugins\mcufinder//mcu/
2024-02-20 20:12:50,046 [WARN] DbFile:41 - Overriding database path with different value: C:\Users\erkan\.stmcufinder\plugins\mcufinder/ => C:\Users\erkan\.stmcufinder\plugins\mcufinder
2024-02-20 20:12:50,046 [INFO] DbMcusAds:125 - Set database path to: C:\Users\erkan\.stmcufinder\plugins\mcufinder//mcu/
2024-02-20 20:12:50,046 [WARN] DbFile:41 - Overriding database path with different value: C:\Users\erkan\.stmcufinder\plugins\mcufinder/ => C:\Users\erkan\.stmcufinder\plugins\mcufinder
2024-02-20 20:12:50,046 [WARN] DbFile:41 - Overriding database path with different value: C:\Users\erkan\.stmcufinder\plugins\mcufinder/ => C:\Users\erkan\.stmcufinder\plugins\mcufinder
2024-02-20 20:12:50,046 [INFO] CrossReferenceDbSqlite:203 - Set database path to: C:\Users\erkan\.stmcufinder\plugins\mcufinder//mcu/cs/
2024-02-20 20:12:50,065 [INFO] ApplicationProperties:184 - Using Application install path: C:\ST\STM32CubeIDE_1.11.2\STM32CubeIDE\plugins\com.st.stm32cube.common.mx_6.9.2.202309101412
2024-02-20 20:12:50,066 [INFO] PluginManage:196 - Search for loadable plugins [exclusion list=, ]
2024-02-20 20:12:50,068 [INFO] PluginManage:310 - Check plugin analytics
2024-02-20 20:12:50,255 [INFO] AnalyticsPlugin:253 - Accepted Software Licenses: STM32CubeMX.6.9.2
2024-02-20 20:12:50,256 [INFO] AnalyticsPlugin:255 - Accepted CMSIS Pack Licenses: 
2024-02-20 20:12:50,256 [INFO] AnalyticsPlugin:257 - Accepted Firmware Licenses: 
2024-02-20 20:12:50,259 [INFO] PluginManage:359 - Loaded plugin analytics (category:tool,tabindex:-1)
2024-02-20 20:12:50,260 [INFO] PluginManage:310 - Check plugin cadmodel
2024-02-20 20:12:50,275 [INFO] CADModel:105 - Init CAD model plugin
2024-02-20 20:12:50,275 [INFO] PluginManage:359 - Loaded plugin cadmodel (category:power,tabindex:5)
2024-02-20 20:12:50,276 [INFO] PluginManage:310 - Check plugin clock
2024-02-20 20:12:50,298 [INFO] PluginManage:359 - Loaded plugin clock (category:base,tabindex:2)
2024-02-20 20:12:50,298 [INFO] PluginManage:310 - Check plugin ddr
2024-02-20 20:12:50,301 [INFO] PluginManage:359 - Loaded plugin ddr (category:tool,tabindex:6)
2024-02-20 20:12:50,301 [INFO] PluginManage:310 - Check plugin filemanager
2024-02-20 20:12:50,464 [INFO] PluginManage:359 - Loaded plugin filemanager (category:base,tabindex:10)
2024-02-20 20:12:50,464 [INFO] PluginManage:310 - Check plugin ipmanager
2024-02-20 20:12:50,475 [INFO] PluginManage:359 - Loaded plugin ipmanager (category:base,tabindex:5)
2024-02-20 20:12:50,476 [INFO] PluginManage:310 - Check plugin lpbam
2024-02-20 20:12:50,493 [INFO] PluginManage:359 - Loaded plugin lpbam (category:base,tabindex:0)
2024-02-20 20:12:50,493 [INFO] PluginManage:310 - Check plugin memorymap
2024-02-20 20:12:50,519 [INFO] PluginManage:359 - Loaded plugin memorymap (category:base,tabindex:4)
2024-02-20 20:12:50,519 [INFO] PluginManage:310 - Check plugin pinoutandconfiguration
2024-02-20 20:12:50,539 [INFO] PluginManage:359 - Loaded plugin pinoutandconfiguration (category:base,tabindex:1)
2024-02-20 20:12:50,539 [INFO] PluginManage:310 - Check plugin pinoutconfig
2024-02-20 20:12:50,644 [WARN] SupportedApi:132 - Cannot load RTOS API schema: s4s-elt-must-match.1: The content of 'definitions' must match (annotation?, (simpleType | complexType)?, (unique | key | keyref)*)). A problem was found starting at: attribute.
2024-02-20 20:12:50,785 [INFO] PluginManage:359 - Loaded plugin pinoutconfig (category:base,tabindex:0)
2024-02-20 20:12:50,785 [INFO] PluginManage:310 - Check plugin power
2024-02-20 20:12:50,807 [INFO] PluginManage:359 - Loaded plugin power (category:power,tabindex:4)
2024-02-20 20:12:50,807 [INFO] PluginManage:310 - Check plugin projectmanager
2024-02-20 20:12:50,823 [INFO] PluginManage:359 - Loaded plugin projectmanager (category:projectmanager,tabindex:3)
2024-02-20 20:12:50,824 [INFO] PluginManage:310 - Check plugin thirdparty
2024-02-20 20:12:51,112 [INFO] PluginManage:359 - Loaded plugin thirdparty (category:base,tabindex:-1)
2024-02-20 20:12:51,112 [INFO] PluginManage:310 - Check plugin tools
2024-02-20 20:12:51,112 [WARN] IntegrityCheckThread:84 - waiting for thirdparty lock release [integrity check]
2024-02-20 20:12:51,112 [INFO] IntegrityCheckThread:86 - entering critical section [integrity check]
2024-02-20 20:12:51,113 [INFO] ThirdPartyUpdaterWithRetryManager:70 - Updater plugin not ready yet. [1/15]
2024-02-20 20:12:51,151 [INFO] PluginManage:359 - Loaded plugin tools (category:base,tabindex:7)
2024-02-20 20:12:51,151 [INFO] PluginManage:310 - Check plugin tutovideos
2024-02-20 20:12:51,346 [INFO] PluginManage:359 - Loaded plugin tutovideos (category:base,tabindex:-1)
2024-02-20 20:12:51,346 [INFO] PluginManage:310 - Check plugin updater
2024-02-20 20:12:51,359 [INFO] PluginManage:359 - Loaded plugin updater (category:base,tabindex:12)
2024-02-20 20:12:51,359 [INFO] PluginManage:310 - Check plugin userauth
2024-02-20 20:12:51,364 [INFO] UserAuth:113 - Init User Auth plugin
2024-02-20 20:12:51,364 [INFO] PluginManage:359 - Loaded plugin userauth (category:base,tabindex:14)
2024-02-20 20:12:51,364 [INFO] PluginManage:283 - PluginManage : Loaded plugins [17]
2024-02-20 20:12:51,639 [INFO] PinOutPanel:1499 - setPackage(No Configuration,No Configuration)
2024-02-20 20:12:51,763 [INFO] CADModel:165 - CPN selected for project level
2024-02-20 20:12:51,763 [INFO] CADModel:114 - Register for checkConnection events
2024-02-20 20:12:51,792 [INFO] IPUIPlugin:80 - create IPUIPlugin
2024-02-20 20:12:51,793 [INFO] PluginManager:220 - loadIPPluginJar : add adc
2024-02-20 20:12:51,824 [INFO] IPUIPlugin:80 - create IPUIPlugin
2024-02-20 20:12:51,824 [INFO] PluginManager:220 - loadIPPluginJar : add aes
2024-02-20 20:12:51,861 [INFO] IPUIPlugin:80 - create IPUIPlugin
2024-02-20 20:12:51,861 [INFO] PluginManager:220 - loadIPPluginJar : add can
2024-02-20 20:12:51,881 [INFO] IPUIPlugin:80 - create IPUIPlugin
2024-02-20 20:12:51,881 [INFO] PluginManager:220 - loadIPPluginJar : add comp
2024-02-20 20:12:51,915 [INFO] IPUIPlugin:80 - create IPUIPlugin
2024-02-20 20:12:51,915 [INFO] PluginManager:220 - loadIPPluginJar : add cryp
2024-02-20 20:12:51,947 [INFO] IPUIPlugin:80 - create IPUIPlugin
2024-02-20 20:12:51,948 [INFO] PluginManager:220 - loadIPPluginJar : add dfsdm
2024-02-20 20:12:51,964 [INFO] IPUIPlugin:80 - create IPUIPlugin
2024-02-20 20:12:51,965 [INFO] PluginManager:220 - loadIPPluginJar : add dma
2024-02-20 20:12:52,005 [INFO] IPUIPlugin:80 - create IPUIPlugin
2024-02-20 20:12:52,006 [INFO] PluginManager:220 - loadIPPluginJar : add dma3
2024-02-20 20:12:52,025 [INFO] IPUIPlugin:80 - create IPUIPlugin
2024-02-20 20:12:52,025 [INFO] PluginManager:220 - loadIPPluginJar : add fatfs
2024-02-20 20:12:52,067 [INFO] IPUIPlugin:80 - create IPUIPlugin
2024-02-20 20:12:52,067 [INFO] PluginManager:220 - loadIPPluginJar : add fmc
2024-02-20 20:12:52,081 [INFO] IPUIPlugin:80 - create IPUIPlugin
2024-02-20 20:12:52,081 [INFO] PluginManager:220 - loadIPPluginJar : add freertos
2024-02-20 20:12:52,101 [INFO] IPUIPlugin:80 - create IPUIPlugin
2024-02-20 20:12:52,101 [INFO] PluginManager:220 - loadIPPluginJar : add genericplugin
2024-02-20 20:12:52,182 [INFO] IPUIPlugin:80 - create IPUIPlugin
2024-02-20 20:12:52,182 [INFO] PluginManager:220 - loadIPPluginJar : add gfxmmu
2024-02-20 20:12:52,297 [INFO] IPUIPlugin:80 - create IPUIPlugin
2024-02-20 20:12:52,298 [INFO] PluginManager:220 - loadIPPluginJar : add gic
2024-02-20 20:12:52,312 [INFO] IPUIPlugin:80 - create IPUIPlugin
2024-02-20 20:12:52,313 [INFO] PluginManager:220 - loadIPPluginJar : add gpio
2024-02-20 20:12:52,392 [INFO] IPUIPlugin:80 - create IPUIPlugin
2024-02-20 20:12:52,392 [INFO] PluginManager:220 - loadIPPluginJar : add gtzc
2024-02-20 20:12:52,422 [INFO] IPUIPlugin:80 - create IPUIPlugin
2024-02-20 20:12:52,422 [INFO] PluginManager:220 - loadIPPluginJar : add hash
2024-02-20 20:12:52,467 [INFO] IPUIPlugin:80 - create IPUIPlugin
2024-02-20 20:12:52,467 [INFO] PluginManager:220 - loadIPPluginJar : add i2c
2024-02-20 20:12:52,503 [INFO] IPUIPlugin:80 - create IPUIPlugin
2024-02-20 20:12:52,503 [INFO] PluginManager:220 - loadIPPluginJar : add i2s
2024-02-20 20:12:52,539 [INFO] IPUIPlugin:80 - create IPUIPlugin
2024-02-20 20:12:52,539 [INFO] PluginManager:220 - loadIPPluginJar : add i3c
2024-02-20 20:12:52,632 [INFO] IPUIPlugin:80 - create IPUIPlugin
2024-02-20 20:12:52,632 [INFO] PluginManager:220 - loadIPPluginJar : add ipddr
2024-02-20 20:12:52,716 [INFO] IPUIPlugin:80 - create IPUIPlugin
2024-02-20 20:12:52,716 [INFO] PluginManager:220 - loadIPPluginJar : add linkedlist
2024-02-20 20:12:52,748 [INFO] IPUIPlugin:80 - create IPUIPlugin
2024-02-20 20:12:52,748 [INFO] PluginManager:220 - loadIPPluginJar : add lorawan
2024-02-20 20:12:52,782 [INFO] IPUIPlugin:80 - create IPUIPlugin
2024-02-20 20:12:52,783 [INFO] PluginManager:220 - loadIPPluginJar : add ltdc
2024-02-20 20:12:52,797 [INFO] IPUIPlugin:80 - create IPUIPlugin
2024-02-20 20:12:52,797 [INFO] PluginManager:220 - loadIPPluginJar : add mdma
2024-02-20 20:12:52,808 [INFO] IPUIPlugin:80 - create IPUIPlugin
2024-02-20 20:12:52,808 [INFO] PluginManager:220 - loadIPPluginJar : add nvic
2024-02-20 20:12:52,840 [INFO] IPUIPlugin:80 - create IPUIPlugin
2024-02-20 20:12:52,840 [INFO] PluginManager:220 - loadIPPluginJar : add opamp
2024-02-20 20:12:52,895 [INFO] IPUIPlugin:80 - create IPUIPlugin
2024-02-20 20:12:52,895 [INFO] PluginManager:220 - loadIPPluginJar : add openamp
2024-02-20 20:12:52,933 [INFO] IPUIPlugin:80 - create IPUIPlugin
2024-02-20 20:12:52,933 [INFO] PluginManager:220 - loadIPPluginJar : add pdm2pcm
2024-02-20 20:12:52,946 [INFO] IPUIPlugin:80 - create IPUIPlugin
2024-02-20 20:12:52,948 [INFO] PluginManager:220 - loadIPPluginJar : add plateformsettings
2024-02-20 20:12:52,968 [INFO] IPUIPlugin:80 - create IPUIPlugin
2024-02-20 20:12:52,968 [INFO] PluginManager:220 - loadIPPluginJar : add quadspi
2024-02-20 20:12:52,980 [INFO] IPUIPlugin:80 - create IPUIPlugin
2024-02-20 20:12:52,980 [INFO] PluginManager:220 - loadIPPluginJar : add resmgrutility
2024-02-20 20:12:53,022 [INFO] IPUIPlugin:80 - create IPUIPlugin
2024-02-20 20:12:53,022 [INFO] PluginManager:220 - loadIPPluginJar : add sai
2024-02-20 20:12:53,056 [INFO] IPUIPlugin:80 - create IPUIPlugin
2024-02-20 20:12:53,056 [INFO] PluginManager:220 - loadIPPluginJar : add spi
2024-02-20 20:12:53,107 [INFO] IPUIPlugin:80 - create IPUIPlugin
2024-02-20 20:12:53,108 [INFO] PluginManager:220 - loadIPPluginJar : add stm32_wpan
2024-02-20 20:12:53,128 [INFO] IPUIPlugin:80 - create IPUIPlugin
2024-02-20 20:12:53,128 [INFO] PluginManager:220 - loadIPPluginJar : add tim
2024-02-20 20:12:53,178 [INFO] IPUIPlugin:80 - create IPUIPlugin
2024-02-20 20:12:53,178 [INFO] PluginManager:220 - loadIPPluginJar : add touchsensing
2024-02-20 20:12:53,198 [INFO] IPUIPlugin:80 - create IPUIPlugin
2024-02-20 20:12:53,199 [INFO] PluginManager:220 - loadIPPluginJar : add tracer_emb
2024-02-20 20:12:53,219 [INFO] IPUIPlugin:80 - create IPUIPlugin
2024-02-20 20:12:53,220 [INFO] PluginManager:220 - loadIPPluginJar : add ts
2024-02-20 20:12:53,238 [INFO] IPUIPlugin:80 - create IPUIPlugin
2024-02-20 20:12:53,239 [INFO] PluginManager:220 - loadIPPluginJar : add tsc
2024-02-20 20:12:53,259 [INFO] IPUIPlugin:80 - create IPUIPlugin
2024-02-20 20:12:53,259 [INFO] PluginManager:220 - loadIPPluginJar : add ucpd
2024-02-20 20:12:53,297 [INFO] IPUIPlugin:80 - create IPUIPlugin
2024-02-20 20:12:53,297 [INFO] PluginManager:220 - loadIPPluginJar : add usart
2024-02-20 20:12:53,337 [INFO] IPUIPlugin:80 - create IPUIPlugin
2024-02-20 20:12:53,337 [INFO] PluginManager:220 - loadIPPluginJar : add usbx
2024-02-20 20:12:53,464 [INFO] CADModel:165 - CPN selected for project level
2024-02-20 20:12:53,464 [INFO] CADModel:114 - Register for checkConnection events
2024-02-20 20:12:53,464 [FATAL] Updater:308 - Updater called before beeing initialized
2024-02-20 20:12:53,464 [ERROR] CADModel:125 - Updater not yet initialized, retry later 
2024-02-20 20:12:53,617 [INFO] CADModel:165 - CPN selected for project level
2024-02-20 20:12:53,617 [INFO] CADModel:114 - Register for checkConnection events
2024-02-20 20:12:53,617 [FATAL] Updater:308 - Updater called before beeing initialized
2024-02-20 20:12:53,617 [ERROR] CADModel:125 - Updater not yet initialized, retry later 
2024-02-20 20:12:53,621 [FATAL] Updater:308 - Updater called before beeing initialized
2024-02-20 20:12:53,735 [FATAL] Updater:308 - Updater called before beeing initialized
2024-02-20 20:12:53,747 [INFO] DbMcusAds:53 - JSON generation date=Wed Nov 29 11:52:27 CET 2023 (1701255147200)
2024-02-20 20:12:53,747 [FATAL] Updater:308 - Updater called before beeing initialized
2024-02-20 20:12:53,822 [WARN] DetailPanel:346 - Failed to get advertising image, set to default
2024-02-20 20:12:53,916 [FATAL] Updater:308 - Updater called before beeing initialized
2024-02-20 20:12:53,918 [FATAL] Updater:308 - Updater called before beeing initialized
2024-02-20 20:12:53,918 [FATAL] Updater:308 - Updater called before beeing initialized
2024-02-20 20:12:53,918 [WARN] DetailPanel:346 - Failed to get advertising image, set to default
2024-02-20 20:12:53,919 [FATAL] Updater:308 - Updater called before beeing initialized
2024-02-20 20:12:53,977 [ERROR] Updater:1120 - MainUpdater not yet initialized. External WinMGr cannot be set.
2024-02-20 20:12:53,987 [INFO] Updater:1056 - Updater Version found : 6.9.2
2024-02-20 20:12:54,006 [INFO] ApplicationProperties:184 - Using Application install path: C:\ST\STM32CubeIDE_1.11.2\STM32CubeIDE\plugins\com.st.stm32cube.common.mx_6.9.2.202309101412
2024-02-20 20:12:54,115 [INFO] ThirdPartyUpdaterWithRetryManager:70 - Updater plugin not ready yet. [2/15]
2024-02-20 20:12:54,482 [INFO] MainUpdater:2868 - connection check result : 10
2024-02-20 20:12:54,483 [INFO] MainUpdater:285 - Updater Check For Update Now.
2024-02-20 20:12:54,483 [INFO] MicroXplorer:498 - Change Database Version : DB.6.0.92
2024-02-20 20:12:54,499 [INFO] McuFinderGlobals:63 - Set McuFinder mode to 2 (CubeIDE integrated)
2024-02-20 20:12:54,499 [INFO] UserAuth:179 - activating auth plugin
2024-02-20 20:12:54,502 [INFO] UserAuth:393 - Internet connection configuration mode: 1
2024-02-20 20:12:54,535 [INFO] JxBrowserEngine:151 - Initiate JxBrowser Engine with user profile folder
2024-02-20 20:12:54,684 [INFO] CheckServerUpdateThread:120 - End of CheckServer Thread
2024-02-20 20:12:56,793 [INFO] WebApp:157 - Instantiating new browser for Auth
2024-02-20 20:12:57,390 [INFO] WebApp:753 - Register for checkConnection events
2024-02-20 20:12:57,391 [INFO] WebApp:390 - Apply proxy settings
2024-02-20 20:12:57,391 [INFO] WebApp:475 - Chromium requires no authentication
2024-02-20 20:12:57,393 [WARN] PackLoader:240 - Cannot read IP mode file for STMicroelectronics.X-CUBE-SMBUS.2.1.0
2024-02-20 20:12:57,406 [INFO] WebApp:418 - Direct internet connection detected
2024-02-20 20:12:57,412 [WARN] PackLoader:240 - Cannot read IP mode file for STMicroelectronics.X-CUBE-TOUCHGFX.4.23.0
2024-02-20 20:12:57,458 [WARN] PackLoader:240 - Cannot read IP mode file for STMicroelectronics.X-CUBE-AZRTOS-F7.1.1.0
2024-02-20 20:12:57,476 [WARN] PackLoader:240 - Cannot read IP mode file for STMicroelectronics.FP-SNS-MOTENV1.4.3.2
2024-02-20 20:12:57,497 [WARN] PackLoader:240 - Cannot read IP mode file for STMicroelectronics.X-CUBE-BLE1.6.2.4
2024-02-20 20:12:57,512 [WARN] PackLoader:240 - Cannot read IP mode file for STMicroelectronics.FP-SNS-FLIGHT1.5.0.2
2024-02-20 20:12:57,537 [WARN] PackLoader:240 - Cannot read IP mode file for STMicroelectronics.X-CUBE-DISPLAY.3.0.0
2024-02-20 20:12:57,559 [WARN] PackLoader:240 - Cannot read IP mode file for STMicroelectronics.X-CUBE-BLE1.7.0.0
2024-02-20 20:12:57,574 [WARN] PackLoader:240 - Cannot read IP mode file for STMicroelectronics.X-CUBE-TOUCHGFX.4.22.0
2024-02-20 20:12:57,588 [WARN] PackLoader:240 - Cannot read IP mode file for STMicroelectronics.X-CUBE-TOUCHGFX.4.22.1
2024-02-20 20:12:57,604 [WARN] PackLoader:240 - Cannot read IP mode file for STMicroelectronics.FP-SNS-SMARTAG2.1.2.0
2024-02-20 20:12:57,628 [INFO] LogOutputStream:77 - [STDOUT_REDIRECT] 1 : Invalid condition id : UX_CORESTACK_Condition cause : null
2024-02-20 20:12:57,629 [INFO] LogOutputStream:77 - [STDOUT_REDIRECT] 1 : Invalid condition id : UX_CORESTACK_Condition cause : null
2024-02-20 20:12:57,630 [INFO] LogOutputStream:77 - [STDOUT_REDIRECT] 1 : Invalid condition id : UX_CORESTACK_Condition cause : null
2024-02-20 20:12:57,632 [INFO] LogOutputStream:77 - [STDOUT_REDIRECT] 1 : Invalid condition id : UX_CORESTACK_Condition cause : null
2024-02-20 20:12:57,633 [INFO] LogOutputStream:77 - [STDOUT_REDIRECT] 1 : Invalid condition id : UX_CORESTACK_Condition cause : null
2024-02-20 20:12:57,638 [WARN] PackLoader:240 - Cannot read IP mode file for STMicroelectronics.X-CUBE-AZRTOS-WL.2.0.0
2024-02-20 20:12:57,662 [WARN] PackLoader:240 - Cannot read IP mode file for WES.I-CUBE-Cesium.1.3.0
2024-02-20 20:12:57,680 [WARN] PackLoader:240 - Cannot read IP mode file for STMicroelectronics.X-CUBE-BLE2.3.3.0
2024-02-20 20:12:57,703 [WARN] PackLoader:240 - Cannot read IP mode file for STMicroelectronics.X-CUBE-TOF1.3.2.0
2024-02-20 20:12:57,704 [INFO] WebApp:188 - Starting web application
2024-02-20 20:12:57,705 [INFO] WebApp:520 - Web application path used C:\ST\STM32CubeIDE_1.11.2\STM32CubeIDE\plugins\com.st.stm32cube.common.mx_6.9.2.202309101412\db\plugins\mcufinder\reactClient1\index.html
2024-02-20 20:12:57,723 [WARN] PackLoader:240 - Cannot read IP mode file for STMicroelectronics.X-CUBE-TOUCHGFX.4.21.1
2024-02-20 20:12:57,738 [WARN] PackLoader:240 - Cannot read IP mode file for STMicroelectronics.X-CUBE-AI.7.3.0
2024-02-20 20:12:57,753 [WARN] PackLoader:240 - Cannot read IP mode file for STMicroelectronics.X-CUBE-ALGOBUILD.1.3.0
2024-02-20 20:12:57,782 [WARN] PackLoader:240 - Cannot read IP mode file for STMicroelectronics.X-CUBE-AZRTOS-G0.1.1.0
2024-02-20 20:12:57,796 [WARN] PackLoader:240 - Cannot read IP mode file for STMicroelectronics.X-CUBE-NFC4.3.0.0
2024-02-20 20:12:57,818 [WARN] PackLoader:240 - Cannot read IP mode file for STMicroelectronics.X-CUBE-BLEMGR.3.0.0
2024-02-20 20:12:57,836 [WARN] PackLoader:240 - Cannot read IP mode file for STMicroelectronics.X-CUBE-BLEMGR.1.3.0
2024-02-20 20:12:57,857 [WARN] PackLoader:240 - Cannot read IP mode file for STMicroelectronics.FP-ATR-SIGFOX1.3.2.0
2024-02-20 20:12:57,878 [WARN] PackLoader:240 - Cannot read IP mode file for STMicroelectronics.X-CUBE-EEPRMA1.5.1.0
2024-02-20 20:12:57,950 [WARN] PackLoader:240 - Cannot read IP mode file for STMicroelectronics.X-CUBE-MEMS1.9.5.0
2024-02-20 20:12:58,140 [WARN] PackLoader:240 - Cannot read IP mode file for SEGGER.I-CUBE-embOS.1.3.1
2024-02-20 20:12:58,204 [WARN] PackLoader:240 - Cannot read IP mode file for STMicroelectronics.X-CUBE-GNSS1.6.0.0
2024-02-20 20:12:58,248 [WARN] PackLoader:240 - Cannot read IP mode file for STMicroelectronics.X-CUBE-AZRTOS-F4.1.1.0
2024-02-20 20:12:58,284 [WARN] PackLoader:240 - Cannot read IP mode file for STMicroelectronics.X-CUBE-AZRTOS-L5.2.0.0
2024-02-20 20:12:58,336 [WARN] PackLoader:240 - Cannot read IP mode file for STMicroelectronics.X-CUBE-MEMS1.9.6.0
2024-02-20 20:12:58,469 [WARN] PackLoader:240 - Cannot read IP mode file for STMicroelectronics.X-CUBE-EEPRMA1.4.2.0
2024-02-20 20:12:58,484 [WARN] PackLoader:240 - Cannot read IP mode file for ITTIA_DB.I-CUBE-ITTIADB.8.8.0
2024-02-20 20:12:58,500 [WARN] PackLoader:240 - Cannot read IP mode file for emotas.I-CUBE-CANOPEN.1.1.3
2024-02-20 20:12:58,514 [WARN] PackLoader:240 - Cannot read IP mode file for STMicroelectronics.X-CUBE-BLEMGR.2.0.0
2024-02-20 20:12:58,541 [WARN] ConditionMgr:438 - getConditionDescription Invalid condition id : UX DEVICE CLASS RTOS Condition cause : null
2024-02-20 20:12:58,542 [WARN] ConditionMgr:438 - getConditionDescription Invalid condition id : UX DEVICE CLASS RTOS Condition cause : null
2024-02-20 20:12:58,546 [WARN] PackLoader:240 - Cannot read IP mode file for STMicroelectronics.X-CUBE-AZRTOS-H7.3.1.0
2024-02-20 20:12:58,547 [WARN] ConditionMgr:1039 - genDependencies : Invalid condition id : UX DEVICE CLASS RTOS Condition cause : null
2024-02-20 20:12:58,547 [WARN] ConditionMgr:1039 - genDependencies : Invalid condition id : UX DEVICE CLASS RTOS Condition cause : null
2024-02-20 20:12:58,548 [WARN] ConditionMgr:1039 - genDependencies : Invalid condition id : UX DEVICE CLASS RTOS Condition cause : null
2024-02-20 20:12:58,548 [WARN] ConditionMgr:1039 - genDependencies : Invalid condition id : UX DEVICE CLASS RTOS Condition cause : null
2024-02-20 20:12:58,549 [WARN] ConditionMgr:1039 - genDependencies : Invalid condition id : UX DEVICE CLASS RTOS Condition cause : null
2024-02-20 20:12:58,564 [WARN] PackLoader:240 - Cannot read IP mode file for wolfSSL.I-CUBE-wolfSSL.5.5.4
2024-02-20 20:12:58,577 [WARN] PackLoader:240 - Cannot read IP mode file for STMicroelectronics.X-CUBE-NFC7.1.0.1
2024-02-20 20:12:58,590 [WARN] PackLoader:240 - Cannot read IP mode file for STMicroelectronics.X-CUBE-NFC7.1.0.0
2024-02-20 20:12:58,604 [WARN] PackLoader:240 - Cannot read IP mode file for STMicroelectronics.X-CUBE-NFC6.3.0.0
2024-02-20 20:12:58,618 [WARN] PackLoader:240 - Cannot read IP mode file for STMicroelectronics.X-CUBE-EEPRMA1.4.1.0
2024-02-20 20:12:58,631 [WARN] PackLoader:240 - Cannot read IP mode file for STMicroelectronics.X-CUBE-AI.8.1.0
2024-02-20 20:12:58,663 [WARN] ConditionMgr:438 - getConditionDescription Invalid condition id : LAN8742 Phy interface Condition cause : null
2024-02-20 20:12:58,664 [WARN] PackLoader:240 - Cannot read IP mode file for STMicroelectronics.X-CUBE-AZRTOS-L4.2.0.0
2024-02-20 20:12:58,665 [WARN] ConditionMgr:1039 - genDependencies : Invalid condition id : LAN8742 Phy interface Condition cause : null
2024-02-20 20:12:58,666 [WARN] ConditionMgr:1039 - genDependencies : Invalid condition id : LAN8742 Phy interface Condition cause : null
2024-02-20 20:12:58,666 [WARN] ConditionMgr:1039 - genDependencies : Invalid condition id : LAN8742 Phy interface Condition cause : null
2024-02-20 20:12:58,685 [WARN] PackLoader:240 - Cannot read IP mode file for STMicroelectronics.X-CUBE-SFXS2LP1.4.0.0
2024-02-20 20:12:58,726 [WARN] PackLoader:240 - Cannot read IP mode file for STMicroelectronics.X-CUBE-AZRTOS-H7.3.0.0
2024-02-20 20:12:58,751 [WARN] PackLoader:240 - Cannot read IP mode file for STMicroelectronics.X-CUBE-ISPU.1.1.0
2024-02-20 20:12:58,771 [WARN] PackLoader:240 - Cannot read IP mode file for RoweBots.I-CUBE-UNISONRTOS.5.5.0-4
2024-02-20 20:12:58,785 [WARN] PackLoader:240 - Cannot read IP mode file for STMicroelectronics.X-CUBE-AI.8.0.0
2024-02-20 20:12:58,807 [WARN] ConditionMgr:438 - getConditionDescription Invalid condition id : UX DEVICE CLASS RTOS Condition cause : null
2024-02-20 20:12:58,807 [WARN] ConditionMgr:438 - getConditionDescription Invalid condition id : UX DEVICE CLASS RTOS Condition cause : null
2024-02-20 20:12:58,808 [WARN] PackLoader:240 - Cannot read IP mode file for STMicroelectronics.X-CUBE-AZRTOS-WB.2.0.0
2024-02-20 20:12:58,809 [WARN] ConditionMgr:1039 - genDependencies : Invalid condition id : UX DEVICE CLASS RTOS Condition cause : null
2024-02-20 20:12:58,809 [WARN] ConditionMgr:1039 - genDependencies : Invalid condition id : UX DEVICE CLASS RTOS Condition cause : null
2024-02-20 20:12:58,809 [WARN] ConditionMgr:1039 - genDependencies : Invalid condition id : UX DEVICE CLASS RTOS Condition cause : null
2024-02-20 20:12:58,809 [WARN] ConditionMgr:1039 - genDependencies : Invalid condition id : UX DEVICE CLASS RTOS Condition cause : null
2024-02-20 20:12:58,809 [WARN] ConditionMgr:1039 - genDependencies : Invalid condition id : UX DEVICE CLASS RTOS Condition cause : null
2024-02-20 20:12:58,822 [WARN] PackLoader:240 - Cannot read IP mode file for STMicroelectronics.X-CUBE-FREERTOS.1.0.1
2024-02-20 20:12:58,848 [WARN] PackLoader:240 - Cannot read IP mode file for STMicroelectronics.X-CUBE-AZRTOS-L5.1.1.0
2024-02-20 20:12:58,866 [WARN] PackLoader:240 - Cannot read IP mode file for STMicroelectronics.X-CUBE-SUBG2.5.0.0
2024-02-20 20:12:58,886 [WARN] PackLoader:240 - Cannot read IP mode file for STMicroelectronics.X-CUBE-TOF1.3.3.1
2024-02-20 20:12:58,913 [WARN] PackLoader:240 - Cannot read IP mode file for STMicroelectronics.X-CUBE-AZRTOS-G4.2.0.0
2024-02-20 20:12:58,927 [WARN] PackLoader:240 - Cannot read IP mode file for STMicroelectronics.FP-ATR-ASTRA1.1.1.1
2024-02-20 20:12:58,949 [WARN] PackLoader:240 - Cannot read IP mode file for Infineon.AIROC-Wi-Fi-Bluetooth-STM32.1.5.1
2024-02-20 20:12:58,963 [WARN] PackLoader:240 - Cannot read IP mode file for STMicroelectronics.FP-SNS-MOTENVWB1.1.3.0
2024-02-20 20:12:58,973 [WARN] PackLoader:240 - Cannot read IP mode file for STMicroelectronics.FP-SNS-MOTENVWB1.1.3.1
2024-02-20 20:12:58,995 [WARN] PackLoader:240 - Cannot read IP mode file for STMicroelectronics.X-CUBE-AZRTOS-G4.1.0.0
2024-02-20 20:12:59,022 [WARN] PackLoader:240 - Cannot read IP mode file for STMicroelectronics.X-CUBE-AZRTOS-L4.1.0.0
2024-02-20 20:12:59,036 [WARN] PackLoader:240 - Cannot read IP mode file for STMicroelectronics.X-CUBE-ISPU.2.0.0
2024-02-20 20:12:59,078 [WARN] PackLoader:240 - Cannot read IP mode file for STMicroelectronics.X-CUBE-MEMS1.10.0.0
2024-02-20 20:12:59,156 [WARN] PackLoader:240 - Cannot read IP mode file for STMicroelectronics.X-CUBE-FREERTOS.1.1.0
2024-02-20 20:12:59,174 [WARN] PackLoader:240 - Cannot read IP mode file for STMicroelectronics.X-CUBE-AZRTOS-WL.1.0.0
2024-02-20 20:12:59,187 [WARN] PackLoader:240 - Cannot read IP mode file for portGmbH.I-Cube-SoM-uGOAL.1.1.0
2024-02-20 20:12:59,199 [WARN] PackLoader:240 - Cannot read IP mode file for STMicroelectronics.X-CUBE-ALS.1.0.1
2024-02-20 20:12:59,224 [WARN] PackLoader:240 - Cannot read IP mode file for STMicroelectronics.X-CUBE-AZRTOS-WB.1.1.0
2024-02-20 20:12:59,241 [WARN] PackLoader:240 - Cannot read IP mode file for STMicroelectronics.FP-ATR-ASTRA1.2.0.0
2024-02-20 20:12:59,262 [WARN] PackLoader:240 - Cannot read IP mode file for STMicroelectronics.X-CUBE-TOF1.3.4.0
2024-02-20 20:12:59,309 [WARN] PackLoader:240 - Cannot read IP mode file for STMicroelectronics.X-CUBE-AZRTOS-H7.3.2.0
2024-02-20 20:12:59,313 [INFO] ThirdParty:978 - Integrity check success = true
2024-02-20 20:12:59,313 [INFO] IntegrityCheckThread:100 - exiting critical section [integrity check]
2024-02-20 20:12:59,313 [INFO] IntegrityCheckThread:103 - End integrity checks thread
2024-02-20 20:13:18,667 [ERROR] LogOutputStream:75 - [STDERR_REDIRECT] SLF4J: Failed to load class "org.slf4j.impl.StaticLoggerBinder".
2024-02-20 20:13:18,667 [ERROR] LogOutputStream:75 - [STDERR_REDIRECT] SLF4J: Defaulting to no-operation (NOP) logger implementation
2024-02-20 20:13:18,668 [ERROR] LogOutputStream:75 - [STDERR_REDIRECT] SLF4J: See http://www.slf4j.org/codes.html#StaticLoggerBinder for further details.
2024-02-20 22:29:10,779 [ERROR] LogOutputStream:75 - [STDERR_REDIRECT] 
