2023-11-19 01:00:13,337 [INFO] Activator:176 - 


2023-11-19 01:00:13,351 [INFO] Activator:177 - !SESSION log4j initialized
2023-11-19 01:00:20,376 [INFO] LogOutputStream:77 - [STDOUT_REDIRECT] 
2023-11-19 01:00:22,193 [INFO] ApplicationProperties:184 - Using Application install path: C:\ST\STM32CubeIDE_1.11.2\STM32CubeIDE\plugins\com.st.stm32cube.common.mx_6.9.2.202309101412
2023-11-19 01:00:22,211 [INFO] DbMcusXml:78 - Set database path to: C:\ST\STM32CubeIDE_1.11.2\STM32CubeIDE\plugins\com.st.stm32cube.common.mx_6.9.2.202309101412\\db\/mcu/
2023-11-19 01:00:22,211 [INFO] ApiDb:274 - Set plugin database path to: C:\ST\STM32CubeIDE_1.11.2\STM32CubeIDE\plugins\com.st.stm32cube.common.mx_6.9.2.202309101412\\db\/plugins/boardmanager/
2023-11-19 01:00:22,211 [WARN] ApiDb:259 - Overriding images path with different value:  => C:\ST\STM32CubeIDE_1.11.2\STM32CubeIDE\plugins\com.st.stm32cube.common.mx_6.9.2.202309101412\\db\/plugins/mcufinder/images/
2023-11-19 01:00:22,230 [INFO] ApiDb:250 - Set database path to: C:\Users\erkan\.stmcufinder\plugins\mcufinder//mcu/
2023-11-19 01:00:22,231 [INFO] DbMcusAds:125 - Set database path to: C:\Users\erkan\.stmcufinder\plugins\mcufinder//mcu/
2023-11-19 01:00:22,233 [INFO] CrossReferenceDbSqlite:203 - Set database path to: C:\Users\erkan\.stmcufinder\plugins\mcufinder//mcu/cs/
2023-11-19 01:00:22,347 [INFO] RulesReader:64 - Compatibility file has been processed (293 Rules)
2023-11-19 01:00:22,440 [INFO] DbMcusXml:78 - Set database path to: C:\ST\STM32CubeIDE_1.11.2\STM32CubeIDE\plugins\com.st.stm32cube.common.mx_6.9.2.202309101412\\db\/mcu/
2023-11-19 01:00:22,440 [INFO] ApiDb:274 - Set plugin database path to: C:\ST\STM32CubeIDE_1.11.2\STM32CubeIDE\plugins\com.st.stm32cube.common.mx_6.9.2.202309101412\\db\/plugins/boardmanager/
2023-11-19 01:00:22,440 [INFO] ApiDb:261 - Set plugin images path to: C:\ST\STM32CubeIDE_1.11.2\STM32CubeIDE\plugins\com.st.stm32cube.common.mx_6.9.2.202309101412\\db\/plugins/mcufinder/images/
2023-11-19 01:00:22,441 [WARN] DbFile:41 - Overriding database path with different value: C:\Users\erkan\.stmcufinder\plugins\mcufinder/ => C:\Users\erkan\.stmcufinder\plugins\mcufinder
2023-11-19 01:00:22,441 [INFO] ApiDb:250 - Set database path to: C:\Users\erkan\.stmcufinder\plugins\mcufinder//mcu/
2023-11-19 01:00:22,441 [WARN] DbFile:41 - Overriding database path with different value: C:\Users\erkan\.stmcufinder\plugins\mcufinder/ => C:\Users\erkan\.stmcufinder\plugins\mcufinder
2023-11-19 01:00:22,441 [INFO] DbMcusAds:125 - Set database path to: C:\Users\erkan\.stmcufinder\plugins\mcufinder//mcu/
2023-11-19 01:00:22,441 [WARN] DbFile:41 - Overriding database path with different value: C:\Users\erkan\.stmcufinder\plugins\mcufinder/ => C:\Users\erkan\.stmcufinder\plugins\mcufinder
2023-11-19 01:00:22,441 [WARN] DbFile:41 - Overriding database path with different value: C:\Users\erkan\.stmcufinder\plugins\mcufinder/ => C:\Users\erkan\.stmcufinder\plugins\mcufinder
2023-11-19 01:00:22,441 [INFO] CrossReferenceDbSqlite:203 - Set database path to: C:\Users\erkan\.stmcufinder\plugins\mcufinder//mcu/cs/
2023-11-19 01:00:22,525 [INFO] MainPanel:262 - HeapMemory: 268435456
2023-11-19 01:00:22,659 [INFO] DbMcusXml:78 - Set database path to: C:\ST\STM32CubeIDE_1.11.2\STM32CubeIDE\plugins\com.st.stm32cube.common.mx_6.9.2.202309101412\\db\/mcu/
2023-11-19 01:00:22,660 [INFO] ApiDb:274 - Set plugin database path to: C:\ST\STM32CubeIDE_1.11.2\STM32CubeIDE\plugins\com.st.stm32cube.common.mx_6.9.2.202309101412\\db\/plugins/boardmanager/
2023-11-19 01:00:22,660 [INFO] ApiDb:261 - Set plugin images path to: C:\ST\STM32CubeIDE_1.11.2\STM32CubeIDE\plugins\com.st.stm32cube.common.mx_6.9.2.202309101412\\db\/plugins/mcufinder/images/
2023-11-19 01:00:22,661 [WARN] DbFile:41 - Overriding database path with different value: C:\Users\erkan\.stmcufinder\plugins\mcufinder/ => C:\Users\erkan\.stmcufinder\plugins\mcufinder
2023-11-19 01:00:22,661 [INFO] ApiDb:250 - Set database path to: C:\Users\erkan\.stmcufinder\plugins\mcufinder//mcu/
2023-11-19 01:00:22,661 [WARN] DbFile:41 - Overriding database path with different value: C:\Users\erkan\.stmcufinder\plugins\mcufinder/ => C:\Users\erkan\.stmcufinder\plugins\mcufinder
2023-11-19 01:00:22,661 [INFO] DbMcusAds:125 - Set database path to: C:\Users\erkan\.stmcufinder\plugins\mcufinder//mcu/
2023-11-19 01:00:22,661 [WARN] DbFile:41 - Overriding database path with different value: C:\Users\erkan\.stmcufinder\plugins\mcufinder/ => C:\Users\erkan\.stmcufinder\plugins\mcufinder
2023-11-19 01:00:22,661 [WARN] DbFile:41 - Overriding database path with different value: C:\Users\erkan\.stmcufinder\plugins\mcufinder/ => C:\Users\erkan\.stmcufinder\plugins\mcufinder
2023-11-19 01:00:22,661 [INFO] CrossReferenceDbSqlite:203 - Set database path to: C:\Users\erkan\.stmcufinder\plugins\mcufinder//mcu/cs/
2023-11-19 01:00:22,684 [INFO] ApplicationProperties:184 - Using Application install path: C:\ST\STM32CubeIDE_1.11.2\STM32CubeIDE\plugins\com.st.stm32cube.common.mx_6.9.2.202309101412
2023-11-19 01:00:22,685 [INFO] PluginManage:196 - Search for loadable plugins [exclusion list=, ]
2023-11-19 01:00:22,687 [INFO] PluginManage:310 - Check plugin analytics
2023-11-19 01:00:22,891 [INFO] AnalyticsPlugin:253 - Accepted Software Licenses: STM32CubeMX.6.9.2
2023-11-19 01:00:22,891 [INFO] AnalyticsPlugin:255 - Accepted CMSIS Pack Licenses: 
2023-11-19 01:00:22,892 [INFO] AnalyticsPlugin:257 - Accepted Firmware Licenses: 
2023-11-19 01:00:22,896 [INFO] PluginManage:359 - Loaded plugin analytics (category:tool,tabindex:-1)
2023-11-19 01:00:22,897 [INFO] PluginManage:310 - Check plugin cadmodel
2023-11-19 01:00:22,914 [INFO] CADModel:105 - Init CAD model plugin
2023-11-19 01:00:22,914 [INFO] PluginManage:359 - Loaded plugin cadmodel (category:power,tabindex:5)
2023-11-19 01:00:22,914 [INFO] PluginManage:310 - Check plugin clock
2023-11-19 01:00:22,936 [INFO] PluginManage:359 - Loaded plugin clock (category:base,tabindex:2)
2023-11-19 01:00:22,936 [INFO] PluginManage:310 - Check plugin ddr
2023-11-19 01:00:22,939 [INFO] PluginManage:359 - Loaded plugin ddr (category:tool,tabindex:6)
2023-11-19 01:00:22,939 [INFO] PluginManage:310 - Check plugin filemanager
2023-11-19 01:00:23,107 [INFO] PluginManage:359 - Loaded plugin filemanager (category:base,tabindex:10)
2023-11-19 01:00:23,108 [INFO] PluginManage:310 - Check plugin ipmanager
2023-11-19 01:00:23,119 [INFO] PluginManage:359 - Loaded plugin ipmanager (category:base,tabindex:5)
2023-11-19 01:00:23,120 [INFO] PluginManage:310 - Check plugin lpbam
2023-11-19 01:00:23,137 [INFO] PluginManage:359 - Loaded plugin lpbam (category:base,tabindex:0)
2023-11-19 01:00:23,137 [INFO] PluginManage:310 - Check plugin memorymap
2023-11-19 01:00:23,162 [INFO] PluginManage:359 - Loaded plugin memorymap (category:base,tabindex:4)
2023-11-19 01:00:23,162 [INFO] PluginManage:310 - Check plugin pinoutandconfiguration
2023-11-19 01:00:23,180 [INFO] PluginManage:359 - Loaded plugin pinoutandconfiguration (category:base,tabindex:1)
2023-11-19 01:00:23,180 [INFO] PluginManage:310 - Check plugin pinoutconfig
2023-11-19 01:00:23,285 [WARN] SupportedApi:132 - Cannot load RTOS API schema: s4s-elt-must-match.1: The content of 'definitions' must match (annotation?, (simpleType | complexType)?, (unique | key | keyref)*)). A problem was found starting at: attribute.
2023-11-19 01:00:23,427 [INFO] PluginManage:359 - Loaded plugin pinoutconfig (category:base,tabindex:0)
2023-11-19 01:00:23,427 [INFO] PluginManage:310 - Check plugin power
2023-11-19 01:00:23,447 [INFO] PluginManage:359 - Loaded plugin power (category:power,tabindex:4)
2023-11-19 01:00:23,447 [INFO] PluginManage:310 - Check plugin projectmanager
2023-11-19 01:00:23,461 [INFO] PluginManage:359 - Loaded plugin projectmanager (category:projectmanager,tabindex:3)
2023-11-19 01:00:23,461 [INFO] PluginManage:310 - Check plugin thirdparty
2023-11-19 01:00:23,746 [INFO] PluginManage:359 - Loaded plugin thirdparty (category:base,tabindex:-1)
2023-11-19 01:00:23,746 [WARN] IntegrityCheckThread:84 - waiting for thirdparty lock release [integrity check]
2023-11-19 01:00:23,747 [INFO] PluginManage:310 - Check plugin tools
2023-11-19 01:00:23,747 [INFO] IntegrityCheckThread:86 - entering critical section [integrity check]
2023-11-19 01:00:23,747 [INFO] ThirdPartyUpdaterWithRetryManager:70 - Updater plugin not ready yet. [1/15]
2023-11-19 01:00:23,780 [INFO] PluginManage:359 - Loaded plugin tools (category:base,tabindex:7)
2023-11-19 01:00:23,780 [INFO] PluginManage:310 - Check plugin tutovideos
2023-11-19 01:00:24,004 [INFO] McuFinderGlobals:63 - Set McuFinder mode to 2 (CubeIDE integrated)
2023-11-19 01:00:24,029 [INFO] PluginManage:359 - Loaded plugin tutovideos (category:base,tabindex:-1)
2023-11-19 01:00:24,030 [INFO] PluginManage:310 - Check plugin updater
2023-11-19 01:00:24,041 [INFO] PluginManage:359 - Loaded plugin updater (category:base,tabindex:12)
2023-11-19 01:00:24,041 [INFO] PluginManage:310 - Check plugin userauth
2023-11-19 01:00:24,047 [INFO] UserAuth:113 - Init User Auth plugin
2023-11-19 01:00:24,047 [INFO] PluginManage:359 - Loaded plugin userauth (category:base,tabindex:14)
2023-11-19 01:00:24,047 [INFO] PluginManage:283 - PluginManage : Loaded plugins [17]
2023-11-19 01:00:24,299 [INFO] PinOutPanel:1499 - setPackage(No Configuration,No Configuration)
2023-11-19 01:00:24,440 [INFO] CADModel:165 - CPN selected for project level
2023-11-19 01:00:24,440 [INFO] CADModel:114 - Register for checkConnection events
2023-11-19 01:00:24,474 [INFO] IPUIPlugin:80 - create IPUIPlugin
2023-11-19 01:00:24,474 [INFO] PluginManager:220 - loadIPPluginJar : add adc
2023-11-19 01:00:24,510 [INFO] IPUIPlugin:80 - create IPUIPlugin
2023-11-19 01:00:24,511 [INFO] PluginManager:220 - loadIPPluginJar : add aes
2023-11-19 01:00:24,560 [INFO] IPUIPlugin:80 - create IPUIPlugin
2023-11-19 01:00:24,560 [INFO] PluginManager:220 - loadIPPluginJar : add can
2023-11-19 01:00:24,584 [INFO] IPUIPlugin:80 - create IPUIPlugin
2023-11-19 01:00:24,584 [INFO] PluginManager:220 - loadIPPluginJar : add comp
2023-11-19 01:00:24,615 [INFO] IPUIPlugin:80 - create IPUIPlugin
2023-11-19 01:00:24,615 [INFO] PluginManager:220 - loadIPPluginJar : add cryp
2023-11-19 01:00:24,645 [INFO] IPUIPlugin:80 - create IPUIPlugin
2023-11-19 01:00:24,645 [INFO] PluginManager:220 - loadIPPluginJar : add dfsdm
2023-11-19 01:00:24,660 [INFO] IPUIPlugin:80 - create IPUIPlugin
2023-11-19 01:00:24,660 [INFO] PluginManager:220 - loadIPPluginJar : add dma
2023-11-19 01:00:24,704 [INFO] IPUIPlugin:80 - create IPUIPlugin
2023-11-19 01:00:24,704 [INFO] PluginManager:220 - loadIPPluginJar : add dma3
2023-11-19 01:00:24,725 [INFO] IPUIPlugin:80 - create IPUIPlugin
2023-11-19 01:00:24,725 [INFO] PluginManager:220 - loadIPPluginJar : add fatfs
2023-11-19 01:00:24,770 [INFO] IPUIPlugin:80 - create IPUIPlugin
2023-11-19 01:00:24,770 [INFO] PluginManager:220 - loadIPPluginJar : add fmc
2023-11-19 01:00:24,783 [INFO] IPUIPlugin:80 - create IPUIPlugin
2023-11-19 01:00:24,783 [INFO] PluginManager:220 - loadIPPluginJar : add freertos
2023-11-19 01:00:24,803 [INFO] IPUIPlugin:80 - create IPUIPlugin
2023-11-19 01:00:24,803 [INFO] PluginManager:220 - loadIPPluginJar : add genericplugin
2023-11-19 01:00:24,893 [INFO] IPUIPlugin:80 - create IPUIPlugin
2023-11-19 01:00:24,893 [INFO] PluginManager:220 - loadIPPluginJar : add gfxmmu
2023-11-19 01:00:25,016 [INFO] IPUIPlugin:80 - create IPUIPlugin
2023-11-19 01:00:25,017 [INFO] PluginManager:220 - loadIPPluginJar : add gic
2023-11-19 01:00:25,030 [INFO] IPUIPlugin:80 - create IPUIPlugin
2023-11-19 01:00:25,030 [INFO] PluginManager:220 - loadIPPluginJar : add gpio
2023-11-19 01:00:25,119 [INFO] IPUIPlugin:80 - create IPUIPlugin
2023-11-19 01:00:25,119 [INFO] PluginManager:220 - loadIPPluginJar : add gtzc
2023-11-19 01:00:25,154 [INFO] IPUIPlugin:80 - create IPUIPlugin
2023-11-19 01:00:25,154 [INFO] PluginManager:220 - loadIPPluginJar : add hash
2023-11-19 01:00:25,208 [INFO] IPUIPlugin:80 - create IPUIPlugin
2023-11-19 01:00:25,208 [INFO] PluginManager:220 - loadIPPluginJar : add i2c
2023-11-19 01:00:25,247 [INFO] IPUIPlugin:80 - create IPUIPlugin
2023-11-19 01:00:25,247 [INFO] PluginManager:220 - loadIPPluginJar : add i2s
2023-11-19 01:00:25,288 [INFO] IPUIPlugin:80 - create IPUIPlugin
2023-11-19 01:00:25,288 [INFO] PluginManager:220 - loadIPPluginJar : add i3c
2023-11-19 01:00:25,392 [INFO] IPUIPlugin:80 - create IPUIPlugin
2023-11-19 01:00:25,392 [INFO] PluginManager:220 - loadIPPluginJar : add ipddr
2023-11-19 01:00:25,480 [INFO] IPUIPlugin:80 - create IPUIPlugin
2023-11-19 01:00:25,480 [INFO] PluginManager:220 - loadIPPluginJar : add linkedlist
2023-11-19 01:00:25,515 [INFO] IPUIPlugin:80 - create IPUIPlugin
2023-11-19 01:00:25,515 [INFO] PluginManager:220 - loadIPPluginJar : add lorawan
2023-11-19 01:00:25,549 [INFO] IPUIPlugin:80 - create IPUIPlugin
2023-11-19 01:00:25,550 [INFO] PluginManager:220 - loadIPPluginJar : add ltdc
2023-11-19 01:00:25,564 [INFO] IPUIPlugin:80 - create IPUIPlugin
2023-11-19 01:00:25,564 [INFO] PluginManager:220 - loadIPPluginJar : add mdma
2023-11-19 01:00:25,575 [INFO] IPUIPlugin:80 - create IPUIPlugin
2023-11-19 01:00:25,575 [INFO] PluginManager:220 - loadIPPluginJar : add nvic
2023-11-19 01:00:25,609 [INFO] IPUIPlugin:80 - create IPUIPlugin
2023-11-19 01:00:25,609 [INFO] PluginManager:220 - loadIPPluginJar : add opamp
2023-11-19 01:00:25,669 [INFO] IPUIPlugin:80 - create IPUIPlugin
2023-11-19 01:00:25,669 [INFO] PluginManager:220 - loadIPPluginJar : add openamp
2023-11-19 01:00:25,710 [INFO] IPUIPlugin:80 - create IPUIPlugin
2023-11-19 01:00:25,710 [INFO] PluginManager:220 - loadIPPluginJar : add pdm2pcm
2023-11-19 01:00:25,724 [INFO] IPUIPlugin:80 - create IPUIPlugin
2023-11-19 01:00:25,726 [INFO] PluginManager:220 - loadIPPluginJar : add plateformsettings
2023-11-19 01:00:25,748 [INFO] IPUIPlugin:80 - create IPUIPlugin
2023-11-19 01:00:25,748 [INFO] PluginManager:220 - loadIPPluginJar : add quadspi
2023-11-19 01:00:25,761 [INFO] IPUIPlugin:80 - create IPUIPlugin
2023-11-19 01:00:25,761 [INFO] PluginManager:220 - loadIPPluginJar : add resmgrutility
2023-11-19 01:00:25,806 [INFO] IPUIPlugin:80 - create IPUIPlugin
2023-11-19 01:00:25,806 [INFO] PluginManager:220 - loadIPPluginJar : add sai
2023-11-19 01:00:25,841 [INFO] IPUIPlugin:80 - create IPUIPlugin
2023-11-19 01:00:25,841 [INFO] PluginManager:220 - loadIPPluginJar : add spi
2023-11-19 01:00:25,894 [INFO] IPUIPlugin:80 - create IPUIPlugin
2023-11-19 01:00:25,894 [INFO] PluginManager:220 - loadIPPluginJar : add stm32_wpan
2023-11-19 01:00:25,915 [INFO] IPUIPlugin:80 - create IPUIPlugin
2023-11-19 01:00:25,915 [INFO] PluginManager:220 - loadIPPluginJar : add tim
2023-11-19 01:00:25,967 [INFO] IPUIPlugin:80 - create IPUIPlugin
2023-11-19 01:00:25,967 [INFO] PluginManager:220 - loadIPPluginJar : add touchsensing
2023-11-19 01:00:25,988 [INFO] IPUIPlugin:80 - create IPUIPlugin
2023-11-19 01:00:25,988 [INFO] PluginManager:220 - loadIPPluginJar : add tracer_emb
2023-11-19 01:00:26,010 [INFO] IPUIPlugin:80 - create IPUIPlugin
2023-11-19 01:00:26,011 [INFO] PluginManager:220 - loadIPPluginJar : add ts
2023-11-19 01:00:26,031 [INFO] IPUIPlugin:80 - create IPUIPlugin
2023-11-19 01:00:26,031 [INFO] PluginManager:220 - loadIPPluginJar : add tsc
2023-11-19 01:00:26,051 [INFO] IPUIPlugin:80 - create IPUIPlugin
2023-11-19 01:00:26,051 [INFO] PluginManager:220 - loadIPPluginJar : add ucpd
2023-11-19 01:00:26,092 [INFO] IPUIPlugin:80 - create IPUIPlugin
2023-11-19 01:00:26,093 [INFO] PluginManager:220 - loadIPPluginJar : add usart
2023-11-19 01:00:26,133 [INFO] IPUIPlugin:80 - create IPUIPlugin
2023-11-19 01:00:26,133 [INFO] PluginManager:220 - loadIPPluginJar : add usbx
2023-11-19 01:00:26,259 [INFO] CADModel:165 - CPN selected for project level
2023-11-19 01:00:26,259 [INFO] CADModel:114 - Register for checkConnection events
2023-11-19 01:00:26,260 [FATAL] Updater:308 - Updater called before beeing initialized
2023-11-19 01:00:26,260 [ERROR] CADModel:125 - Updater not yet initialized, retry later 
2023-11-19 01:00:26,416 [INFO] CADModel:165 - CPN selected for project level
2023-11-19 01:00:26,416 [INFO] CADModel:114 - Register for checkConnection events
2023-11-19 01:00:26,416 [FATAL] Updater:308 - Updater called before beeing initialized
2023-11-19 01:00:26,416 [ERROR] CADModel:125 - Updater not yet initialized, retry later 
2023-11-19 01:00:26,420 [FATAL] Updater:308 - Updater called before beeing initialized
2023-11-19 01:00:26,529 [FATAL] Updater:308 - Updater called before beeing initialized
2023-11-19 01:00:26,539 [INFO] DbMcusAds:53 - JSON generation date=Tue Mar 07 09:50:55 CET 2023 (1678179055335)
2023-11-19 01:00:26,540 [FATAL] Updater:308 - Updater called before beeing initialized
2023-11-19 01:00:26,615 [WARN] DetailPanel:346 - Failed to get advertising image, set to default
2023-11-19 01:00:26,711 [FATAL] Updater:308 - Updater called before beeing initialized
2023-11-19 01:00:26,713 [FATAL] Updater:308 - Updater called before beeing initialized
2023-11-19 01:00:26,713 [FATAL] Updater:308 - Updater called before beeing initialized
2023-11-19 01:00:26,713 [WARN] DetailPanel:346 - Failed to get advertising image, set to default
2023-11-19 01:00:26,714 [FATAL] Updater:308 - Updater called before beeing initialized
2023-11-19 01:00:26,750 [INFO] ThirdPartyUpdaterWithRetryManager:70 - Updater plugin not ready yet. [2/15]
2023-11-19 01:00:26,775 [ERROR] Updater:1120 - MainUpdater not yet initialized. External WinMGr cannot be set.
2023-11-19 01:00:26,786 [INFO] Updater:1056 - Updater Version found : 6.9.2
2023-11-19 01:00:26,812 [INFO] ApplicationProperties:184 - Using Application install path: C:\ST\STM32CubeIDE_1.11.2\STM32CubeIDE\plugins\com.st.stm32cube.common.mx_6.9.2.202309101412
2023-11-19 01:00:27,123 [INFO] MainUpdater:2868 - connection check result : 10
2023-11-19 01:00:27,123 [INFO] MainUpdater:3562 - Updater definition file requires update
2023-11-19 01:00:27,124 [INFO] MainUpdater:285 - Updater Check For Update Now.
2023-11-19 01:00:27,124 [INFO] MicroXplorer:498 - Change Database Version : DB.6.0.92
2023-11-19 01:00:27,138 [INFO] McuFinderGlobals:63 - Set McuFinder mode to 2 (CubeIDE integrated)
2023-11-19 01:00:27,139 [INFO] UserAuth:179 - activating auth plugin
2023-11-19 01:00:27,141 [INFO] UserAuth:393 - Internet connection configuration mode: 1
2023-11-19 01:00:27,166 [INFO] JxBrowserEngine:151 - Initiate JxBrowser Engine with user profile folder
2023-11-19 01:00:27,177 [INFO] ServerAccessManage:473 - Download File updaters.zip
2023-11-19 01:00:27,240 [INFO] FileExtend:240 - Unzip File : updaters.zip
2023-11-19 01:00:27,241 [INFO] FileExtend:255 - Standard Zip Deflate
2023-11-19 01:00:28,046 [INFO] ServerAccessManage:473 - Download File PacksControlFlags.xml
2023-11-19 01:00:28,161 [INFO] ServerAccessManage:473 - Download File cubemx.pidx
2023-11-19 01:00:28,297 [INFO] LoadServerUpdatesThread:373 - End of LoadServerUpdate Thread
2023-11-19 01:00:28,472 [INFO] CheckServerUpdateThread:120 - End of CheckServer Thread
2023-11-19 01:00:28,558 [INFO] MainUpdater:2868 - connection check result : 10
2023-11-19 01:00:29,233 [INFO] ApiDb:581 - Connected to CubeFinder SQLite database (C:\Users\erkan\.stmcufinder\plugins\mcufinder\mcu\cube-finder-db.db)
2023-11-19 01:00:29,329 [INFO] ApiDb:668 - CubeFinder database Data Model version=2.1
2023-11-19 01:00:29,329 [INFO] ApiDb:669 - CubeFinder database Configuration version=3.0.37
2023-11-19 01:00:29,329 [INFO] ApiDb:670 - CubeFinder database generation date=2023-10-13 (1697197505)
2023-11-19 01:00:29,329 [INFO] ApiDb:671 - CubeFinder database FW Pack versions=[FP-ATR-ASTRA1_V2.0.0, FP-SNS-FLIGHT1_V5.0.1, FP-SNS-FLIGHT1_V5.0.2, FP-SNS-MOTENV1_V4.3.1, FP-SNS-MOTENV1_V4.3.2, FP-SNS-SMARTAG2_V1.2.0, I-CUBE-ITTIADB_V8.6.3-1, STM32Cube_FW_C0_V1.1.0, STM32Cube_FW_F4_V1.27.1, STM32Cube_FW_F7_V1.17.0, STM32Cube_FW_G0_V1.6.1, STM32Cube_FW_G4_V1.5.1, STM32Cube_FW_H5_V0.5.1, STM32Cube_FW_H5_V1.1.1, STM32Cube_FW_H7_V1.11.0, STM32Cube_FW_L0_V1.12.2, STM32Cube_FW_L5_V1.5.0, STM32Cube_FW_U5_V1.3.0, STM32Cube_FW_U5_V1.3.0RC4, STM32Cube_FW_WBA_V1.0.0RC1, STM32Cube_FW_WBA_V1.1.0RC1, STM32Cube_FW_WBA_V1.1.1, STM32Cube_FW_WB_V1.15.0RC1, STM32Cube_FW_WB_V1.16.0, STM32Cube_FW_WB_V1.16.0RC2, STM32Cube_FW_WB_V1.17.3, STM32Cube_FW_WL_V1.3.0, X-CUBE-ALGOBUILD_V1.3.0, X-CUBE-ALS_V1.0.1, X-CUBE-AZRTOS-F4_V1.1.0, X-CUBE-AZRTOS-F7_V1.1.0, X-CUBE-AZRTOS-G0_V1.1.0, X-CUBE-AZRTOS-G4_V2.0.0, X-CUBE-AZRTOS-H7_V3.1.0, X-CUBE-AZRTOS-L4_V1.0.0, X-CUBE-AZRTOS-L4_V2.0.0, X-CUBE-AZRTOS-L5_V1.1.0, X-CUBE-AZRTOS-WB_V2.0.0, X-CUBE-AZRTOS-WL_V2.0.0, X-CUBE-BLE1_V7.0.0, X-CUBE-BLE2_V3.3.0, X-CUBE-BLEMGR_V2.0.0, X-CUBE-EEPRMA1_V4.1.0, X-CUBE-FREERTOS_V1.1.0, X-CUBE-GNSS1_V6.0.0, X-CUBE-MEMS1_V10.0.0, X-CUBE-MEMS1_V9.1.0, X-CUBE-MEMS1_V9.4.0, X-CUBE-MEMS1_V9.6.0, X-CUBE-NFC4_V3.0.0, X-CUBE-NFC7_V1.0.1, X-CUBE-SFXS2LP1_V4.0.0, X-CUBE-SUBG2_V5.0.0, X-CUBE-TOF1_V3.3.1]
2023-11-19 01:00:29,473 [INFO] DbBoardsSqlite:226 - include board P-NUCLEO-WB55-NUCLEO as a kit item of type 'Nucleo-64'
2023-11-19 01:00:29,474 [INFO] DbBoardsSqlite:226 - include board P-NUCLEO-WB55-USBDONGLE as a kit item of type 'Nucleo USB Dongle'
2023-11-19 01:00:29,475 [INFO] DbBoardsSqlite:226 - include board STEVAL-IDP005V1 as a kit item of type 'Evaluation Board'
2023-11-19 01:00:29,476 [INFO] DbBoardsSqlite:226 - include board STEVAL-IDP005V2 as a kit item of type 'Evaluation Board'
2023-11-19 01:00:30,087 [INFO] ApiDb:240 - Found 323 in-development CPN: [B-G473E-ZEST1S, B-WB1M-WPAN1, B-WL5M-SUBG1, NUCLEO-C031C6, NUCLEO-H503RB, NUCLEO-H563ZI, NUCLEO-U545RE-Q, NUCLEO-U5A5ZJ-Q, NUCLEO-WBA52CG, STEVAL-PROTEUS1, STEVAL-SMARTAG2, STEVAL-STWINBX1, STM320518-EVAL, STM32C0116-DK, STM32C011D6Y3TR, STM32C011D6Y6TR, STM32C011F4P3, STM32C011F4P6, STM32C011F4U3, STM32C011F4U6TR, STM32C011F6P3, STM32C011F6P6, STM32C011F6U3, STM32C011F6U6TR, STM32C011J4M3, STM32C011J4M6, STM32C011J6M3, STM32C011J6M6, STM32C0316-DK, STM32C031C4T3, STM32C031C4T6, STM32C031C4U3, STM32C031C4U6, STM32C031C6T3, STM32C031C6T6, STM32C031C6U3, STM32C031C6U6, STM32C031F4P3, STM32C031F4P6, STM32C031F6P3, STM32C031F6P6, STM32C031G4U3, STM32C031G4U6, STM32C031G6U3, STM32C031G6U6, STM32C031K4T3, STM32C031K4T6, STM32C031K4U3, STM32C031K4U6, STM32C031K6T3, STM32C031K6T6, STM32C031K6U3, STM32C031K6U6, STM32G071K8TXN, STM32G071K8UXN, STM32G081GBU6N, STM32G081KBT6N, STM32G081KBUXN, STM32G0B1CCT6N, STM32G0B1KCT6, STM32G0B1NEY6TR, STM32G0B1RCT6N, STM32G0C1CCT6, STM32G0C1CCT6N, STM32G0C1CCU6N, STM32G0C1CET6N, STM32G0C1CEU6N, STM32G0C1KCT6, STM32G0C1NEY6TR, STM32G0C1RCI6N, STM32G0C1RCT6N, STM32G0C1REI6N, STM32G0C1RET6N, STM32G0C1VCI6, STM32G0C1VEI6, STM32G471CCT6, STM32G471CCU6, STM32G471CET3, STM32G471CET6, STM32G471CEU3, STM32G471CEU6, STM32G471MCT6, STM32G471MET3, STM32G471MET6, STM32G471MEY6TR, STM32G471QCT6, STM32G471QET3, STM32G471RCT6, STM32G471RET3, STM32G471RET6, STM32G471VCH6, STM32G471VCI6, STM32G471VCT6, STM32G471VEH3, STM32G471VEH6, STM32G471VEI3, STM32G471VEI6, STM32G471VET3, STM32G471VET6, STM32G474CCT6, STM32H503CBT6, STM32H503CBU6, STM32H503EBY6TR, STM32H503KBU6, STM32H503RBT6, STM32H562AGI6, STM32H562AII6, STM32H562IGK6, STM32H562IGT6, STM32H562IIK6, STM32H562IIT6, STM32H562RGT6, STM32H562RGV6, STM32H562RIT6, STM32H562RIV6, STM32H562VGT6, STM32H562VIT6, STM32H562ZGT6, STM32H562ZIT6, STM32H563AGI6, STM32H563AII3Q, STM32H563AII6, STM32H563IGK6, STM32H563IGT6, STM32H563IIK3Q, STM32H563IIK6, STM32H563IIT3Q, STM32H563IIT6, STM32H563MIY3QTR, STM32H563RGT6, STM32H563RGV6, STM32H563RIT6, STM32H563RIV6, STM32H563VGT6, STM32H563VIT3Q, STM32H563VIT6, STM32H563ZGT6, STM32H563ZIT3Q, STM32H563ZIT6, STM32H573AII3Q, STM32H573AII6, STM32H573I-DK, STM32H573IIK3Q, STM32H573IIK6, STM32H573IIT3Q, STM32H573IIT6, STM32H573MIY3QTR, STM32H573RIT6, STM32H573RIV6, STM32H573VIT3Q, STM32H573VIT6, STM32H573ZIT3Q, STM32H573ZIT6, STM32L4R5QGI6STR, STM32MP131AAE3, STM32MP131AAF3, STM32MP131AAG3, STM32MP131CAE3, STM32MP131CAF3, STM32MP131CAG3, STM32MP131DAE7, STM32MP131DAF7, STM32MP131DAG7, STM32MP131FAE7, STM32MP131FAF7, STM32MP131FAG7, STM32MP133AAE3, STM32MP133AAF3, STM32MP133AAG3, STM32MP133CAE3, STM32MP133CAF3, STM32MP133CAG3, STM32MP133DAE7, STM32MP133DAF7, STM32MP133DAG7, STM32MP133FAE7, STM32MP133FAF7, STM32MP133FAG7, STM32MP135AAE3, STM32MP135AAF3, STM32MP135AAG3, STM32MP135CAE3, STM32MP135CAF3, STM32MP135CAG3, STM32MP135DAE7, STM32MP135DAF7, STM32MP135DAG7, STM32MP135F-DK, STM32MP135FAE7, STM32MP135FAF7, STM32MP135FAF7T, STM32MP135FAF7U, STM32MP135FAG7, STM32U535CBT6, STM32U535CBT6Q, STM32U535CBU6, STM32U535CBU6Q, STM32U535CCT6, STM32U535CCT6Q, STM32U535CCU6, STM32U535CCU6Q, STM32U535CET6, STM32U535CET6Q, STM32U535CEU6, STM32U535CEU6Q, STM32U535JEY6QTR, STM32U535NCY6QTR, STM32U535NEY6QTR, STM32U535RBI6, STM32U535RBI6Q, STM32U535RBT6, STM32U535RBT6Q, STM32U535RCI6, STM32U535RCI6Q, STM32U535RCT6, STM32U535RCT6Q, STM32U535REI6, STM32U535REI6Q, STM32U535RET6, STM32U535RET6Q, STM32U535VCI6, STM32U535VCI6Q, STM32U535VCT6, STM32U535VCT6Q, STM32U535VEI6, STM32U535VEI6Q, STM32U535VET6, STM32U535VET6Q, STM32U545CET6, STM32U545CET6Q, STM32U545CEU6, STM32U545CEU6Q, STM32U545JEY6QTR, STM32U545NEY6QTR, STM32U545REI6, STM32U545REI6Q, STM32U545RET6, STM32U545RET6Q, STM32U545VEI6, STM32U545VEI6Q, STM32U545VET6, STM32U545VET6Q, STM32U595AIH6, STM32U595AIH6Q, STM32U595AJH6, STM32U595AJH6Q, STM32U595QII6, STM32U595QII6Q, STM32U595QJI6, STM32U595QJI6Q, STM32U595RIT6, STM32U595RIT6Q, STM32U595RJT6, STM32U595RJT6Q, STM32U595VIT6, STM32U595VIT6Q, STM32U595VJT6, STM32U595VJT6Q, STM32U595ZIT6, STM32U595ZIT6Q, STM32U595ZIY6QTR, STM32U595ZJT6, STM32U595ZJT6Q, STM32U595ZJY6QTR, STM32U599BJY6QTR, STM32U599NIH6Q, STM32U599NJH6Q, STM32U599VIT6Q, STM32U599VJT6, STM32U599VJT6Q, STM32U599ZIT6Q, STM32U599ZIY6QTR, STM32U599ZJT6Q, STM32U599ZJY6QTR, STM32U5A5AJH6, STM32U5A5AJH6Q, STM32U5A5QJI6, STM32U5A5QJI6Q, STM32U5A5RJT6, STM32U5A5RJT6Q, STM32U5A5VJT6, STM32U5A5VJT6Q, STM32U5A5ZJT6, STM32U5A5ZJT6Q, STM32U5A5ZJY6QTR, STM32U5A9BJY6QTR, STM32U5A9J-DK, STM32U5A9NJH6Q, STM32U5A9VJT6Q, STM32U5A9ZJT6Q, STM32U5A9ZJY6QTR, STM32U5F7VIT6, STM32U5F7VIT6Q, STM32U5F7VJT6, STM32U5F7VJT6Q, STM32U5F9BJY6QTR, STM32U5F9NJH6Q, STM32U5F9VIT6Q, STM32U5F9VJT6Q, STM32U5F9ZIJ6QTR, STM32U5F9ZIT6Q, STM32U5F9ZJJ6QTR, STM32U5F9ZJT6Q, STM32U5G7VJT6, STM32U5G7VJT6Q, STM32U5G9BJY6QTR, STM32U5G9J-DK1, STM32U5G9J-DK2, STM32U5G9NJH6Q, STM32U5G9VJT6Q, STM32U5G9ZJJ6QTR, STM32U5G9ZJT6Q, STM32WB1MMCH6, STM32WBA52CEU6, STM32WBA52CEU6T, STM32WBA52CGU6, STM32WBA52CGU6T, STM32WBA52KEU6, STM32WBA52KEU6T, STM32WBA52KGU6, STM32WBA52KGU6T, STM32WL5MOCH6, STM32WL5MOCH6TR]
2023-11-19 01:00:30,195 [WARN] PackLoader:240 - Cannot read IP mode file for STMicroelectronics.X-CUBE-SMBUS.2.1.0
2023-11-19 01:00:30,251 [WARN] PackLoader:240 - Cannot read IP mode file for STMicroelectronics.X-CUBE-AZRTOS-F7.1.1.0
2023-11-19 01:00:30,273 [INFO] BoardInfo:880 - No configuration file found for board P-NUCLEO-WB55
2023-11-19 01:00:30,274 [INFO] DbBoards:157 - Kit is not supported: P-NUCLEO-WB55
2023-11-19 01:00:30,275 [WARN] PackLoader:240 - Cannot read IP mode file for STMicroelectronics.FP-SNS-MOTENV1.4.3.2
2023-11-19 01:00:30,280 [INFO] BoardInfo:880 - No configuration file found for board STEVAL-BFA001V1B
2023-11-19 01:00:30,281 [INFO] DbBoards:157 - Kit is not supported: STEVAL-BFA001V1B
2023-11-19 01:00:30,283 [INFO] BoardInfo:880 - No configuration file found for board STEVAL-BFA001V2B
2023-11-19 01:00:30,284 [INFO] DbBoards:157 - Kit is not supported: STEVAL-BFA001V2B
2023-11-19 01:00:30,303 [WARN] PackLoader:240 - Cannot read IP mode file for STMicroelectronics.X-CUBE-BLE1.6.2.4
2023-11-19 01:00:30,327 [WARN] PackLoader:240 - Cannot read IP mode file for STMicroelectronics.FP-SNS-FLIGHT1.5.0.2
2023-11-19 01:00:30,368 [WARN] PackLoader:240 - Cannot read IP mode file for STMicroelectronics.X-CUBE-DISPLAY.3.0.0
2023-11-19 01:00:30,422 [WARN] PackLoader:240 - Cannot read IP mode file for STMicroelectronics.X-CUBE-BLE1.7.0.0
2023-11-19 01:00:30,452 [WARN] PackLoader:240 - Cannot read IP mode file for STMicroelectronics.X-CUBE-TOUCHGFX.4.22.0
2023-11-19 01:00:30,472 [WARN] PackLoader:240 - Cannot read IP mode file for STMicroelectronics.X-CUBE-TOUCHGFX.4.22.1
2023-11-19 01:00:30,494 [WARN] PackLoader:240 - Cannot read IP mode file for STMicroelectronics.FP-SNS-SMARTAG2.1.2.0
2023-11-19 01:00:30,496 [INFO] DbBoards:161 - Found 190 boards, 187 are supported
2023-11-19 01:00:30,501 [INFO] ApiDb:668 - CubeFinder database Data Model version=2.1
2023-11-19 01:00:30,501 [INFO] ApiDb:669 - CubeFinder database Configuration version=3.0.37
2023-11-19 01:00:30,501 [INFO] ApiDb:670 - CubeFinder database generation date=2023-10-13 (1697197505)
2023-11-19 01:00:30,501 [INFO] ApiDb:671 - CubeFinder database FW Pack versions=[FP-ATR-ASTRA1_V2.0.0, FP-SNS-FLIGHT1_V5.0.1, FP-SNS-FLIGHT1_V5.0.2, FP-SNS-MOTENV1_V4.3.1, FP-SNS-MOTENV1_V4.3.2, FP-SNS-SMARTAG2_V1.2.0, I-CUBE-ITTIADB_V8.6.3-1, STM32Cube_FW_C0_V1.1.0, STM32Cube_FW_F4_V1.27.1, STM32Cube_FW_F7_V1.17.0, STM32Cube_FW_G0_V1.6.1, STM32Cube_FW_G4_V1.5.1, STM32Cube_FW_H5_V0.5.1, STM32Cube_FW_H5_V1.1.1, STM32Cube_FW_H7_V1.11.0, STM32Cube_FW_L0_V1.12.2, STM32Cube_FW_L5_V1.5.0, STM32Cube_FW_U5_V1.3.0, STM32Cube_FW_U5_V1.3.0RC4, STM32Cube_FW_WBA_V1.0.0RC1, STM32Cube_FW_WBA_V1.1.0RC1, STM32Cube_FW_WBA_V1.1.1, STM32Cube_FW_WB_V1.15.0RC1, STM32Cube_FW_WB_V1.16.0, STM32Cube_FW_WB_V1.16.0RC2, STM32Cube_FW_WB_V1.17.3, STM32Cube_FW_WL_V1.3.0, X-CUBE-ALGOBUILD_V1.3.0, X-CUBE-ALS_V1.0.1, X-CUBE-AZRTOS-F4_V1.1.0, X-CUBE-AZRTOS-F7_V1.1.0, X-CUBE-AZRTOS-G0_V1.1.0, X-CUBE-AZRTOS-G4_V2.0.0, X-CUBE-AZRTOS-H7_V3.1.0, X-CUBE-AZRTOS-L4_V1.0.0, X-CUBE-AZRTOS-L4_V2.0.0, X-CUBE-AZRTOS-L5_V1.1.0, X-CUBE-AZRTOS-WB_V2.0.0, X-CUBE-AZRTOS-WL_V2.0.0, X-CUBE-BLE1_V7.0.0, X-CUBE-BLE2_V3.3.0, X-CUBE-BLEMGR_V2.0.0, X-CUBE-EEPRMA1_V4.1.0, X-CUBE-FREERTOS_V1.1.0, X-CUBE-GNSS1_V6.0.0, X-CUBE-MEMS1_V10.0.0, X-CUBE-MEMS1_V9.1.0, X-CUBE-MEMS1_V9.4.0, X-CUBE-MEMS1_V9.6.0, X-CUBE-NFC4_V3.0.0, X-CUBE-NFC7_V1.0.1, X-CUBE-SFXS2LP1_V4.0.0, X-CUBE-SUBG2_V5.0.0, X-CUBE-TOF1_V3.3.1]
2023-11-19 01:00:30,524 [INFO] LogOutputStream:77 - [STDOUT_REDIRECT] 1 : Invalid condition id : UX_CORESTACK_Condition cause : null
2023-11-19 01:00:30,525 [INFO] LogOutputStream:77 - [STDOUT_REDIRECT] 1 : Invalid condition id : UX_CORESTACK_Condition cause : null
2023-11-19 01:00:30,526 [INFO] LogOutputStream:77 - [STDOUT_REDIRECT] 1 : Invalid condition id : UX_CORESTACK_Condition cause : null
2023-11-19 01:00:30,528 [INFO] LogOutputStream:77 - [STDOUT_REDIRECT] 1 : Invalid condition id : UX_CORESTACK_Condition cause : null
2023-11-19 01:00:30,529 [INFO] LogOutputStream:77 - [STDOUT_REDIRECT] 1 : Invalid condition id : UX_CORESTACK_Condition cause : null
2023-11-19 01:00:30,535 [WARN] PackLoader:240 - Cannot read IP mode file for STMicroelectronics.X-CUBE-AZRTOS-WL.2.0.0
2023-11-19 01:00:30,562 [WARN] PackLoader:240 - Cannot read IP mode file for WES.I-CUBE-Cesium.1.3.0
2023-11-19 01:00:30,579 [WARN] PackLoader:240 - Cannot read IP mode file for STMicroelectronics.X-CUBE-BLE2.3.3.0
2023-11-19 01:00:30,605 [WARN] PackLoader:240 - Cannot read IP mode file for STMicroelectronics.X-CUBE-TOF1.3.2.0
2023-11-19 01:00:30,633 [WARN] PackLoader:240 - Cannot read IP mode file for STMicroelectronics.X-CUBE-TOUCHGFX.4.21.1
2023-11-19 01:00:30,653 [WARN] PackLoader:240 - Cannot read IP mode file for STMicroelectronics.X-CUBE-AI.7.3.0
2023-11-19 01:00:30,677 [WARN] PackLoader:240 - Cannot read IP mode file for STMicroelectronics.X-CUBE-ALGOBUILD.1.3.0
2023-11-19 01:00:30,692 [INFO] WebApp:157 - Instantiating new browser for Auth
2023-11-19 01:00:30,716 [WARN] PackLoader:240 - Cannot read IP mode file for STMicroelectronics.X-CUBE-AZRTOS-G0.1.1.0
2023-11-19 01:00:30,741 [WARN] PackLoader:240 - Cannot read IP mode file for STMicroelectronics.X-CUBE-NFC4.3.0.0
2023-11-19 01:00:30,774 [WARN] PackLoader:240 - Cannot read IP mode file for STMicroelectronics.X-CUBE-BLEMGR.3.0.0
2023-11-19 01:00:30,798 [WARN] PackLoader:240 - Cannot read IP mode file for STMicroelectronics.X-CUBE-BLEMGR.1.3.0
2023-11-19 01:00:30,816 [WARN] PackLoader:240 - Cannot read IP mode file for STMicroelectronics.FP-ATR-SIGFOX1.3.2.0
2023-11-19 01:00:30,894 [WARN] PackLoader:240 - Cannot read IP mode file for STMicroelectronics.X-CUBE-MEMS1.9.5.0
2023-11-19 01:00:31,109 [WARN] PackLoader:240 - Cannot read IP mode file for SEGGER.I-CUBE-embOS.1.3.1
2023-11-19 01:00:31,165 [WARN] PackLoader:240 - Cannot read IP mode file for STMicroelectronics.X-CUBE-GNSS1.6.0.0
2023-11-19 01:00:31,204 [WARN] PackLoader:240 - Cannot read IP mode file for STMicroelectronics.X-CUBE-AZRTOS-F4.1.1.0
2023-11-19 01:00:31,236 [WARN] PackLoader:240 - Cannot read IP mode file for STMicroelectronics.X-CUBE-AZRTOS-L5.2.0.0
2023-11-19 01:00:31,288 [WARN] PackLoader:240 - Cannot read IP mode file for STMicroelectronics.X-CUBE-MEMS1.9.6.0
2023-11-19 01:00:31,430 [WARN] PackLoader:240 - Cannot read IP mode file for STMicroelectronics.X-CUBE-EEPRMA1.4.2.0
2023-11-19 01:00:31,452 [WARN] PackLoader:240 - Cannot read IP mode file for ITTIA_DB.I-CUBE-ITTIADB.8.8.0
2023-11-19 01:00:31,471 [WARN] PackLoader:240 - Cannot read IP mode file for emotas.I-CUBE-CANOPEN.1.1.3
2023-11-19 01:00:31,494 [WARN] PackLoader:240 - Cannot read IP mode file for STMicroelectronics.X-CUBE-BLEMGR.2.0.0
2023-11-19 01:00:31,536 [WARN] ConditionMgr:438 - getConditionDescription Invalid condition id : UX DEVICE CLASS RTOS Condition cause : null
2023-11-19 01:00:31,537 [WARN] ConditionMgr:438 - getConditionDescription Invalid condition id : UX DEVICE CLASS RTOS Condition cause : null
2023-11-19 01:00:31,541 [WARN] PackLoader:240 - Cannot read IP mode file for STMicroelectronics.X-CUBE-AZRTOS-H7.3.1.0
2023-11-19 01:00:31,543 [WARN] ConditionMgr:1039 - genDependencies : Invalid condition id : UX DEVICE CLASS RTOS Condition cause : null
2023-11-19 01:00:31,543 [WARN] ConditionMgr:1039 - genDependencies : Invalid condition id : UX DEVICE CLASS RTOS Condition cause : null
2023-11-19 01:00:31,544 [WARN] ConditionMgr:1039 - genDependencies : Invalid condition id : UX DEVICE CLASS RTOS Condition cause : null
2023-11-19 01:00:31,544 [WARN] ConditionMgr:1039 - genDependencies : Invalid condition id : UX DEVICE CLASS RTOS Condition cause : null
2023-11-19 01:00:31,545 [WARN] ConditionMgr:1039 - genDependencies : Invalid condition id : UX DEVICE CLASS RTOS Condition cause : null
2023-11-19 01:00:31,563 [WARN] PackLoader:240 - Cannot read IP mode file for wolfSSL.I-CUBE-wolfSSL.5.5.4
2023-11-19 01:00:31,583 [WARN] PackLoader:240 - Cannot read IP mode file for STMicroelectronics.X-CUBE-NFC7.1.0.1
2023-11-19 01:00:31,596 [WARN] PackLoader:240 - Cannot read IP mode file for STMicroelectronics.X-CUBE-NFC7.1.0.0
2023-11-19 01:00:31,612 [WARN] PackLoader:240 - Cannot read IP mode file for STMicroelectronics.X-CUBE-NFC6.3.0.0
2023-11-19 01:00:31,630 [WARN] PackLoader:240 - Cannot read IP mode file for STMicroelectronics.X-CUBE-EEPRMA1.4.1.0
2023-11-19 01:00:31,646 [WARN] PackLoader:240 - Cannot read IP mode file for STMicroelectronics.X-CUBE-AI.8.1.0
2023-11-19 01:00:31,677 [WARN] ConditionMgr:438 - getConditionDescription Invalid condition id : LAN8742 Phy interface Condition cause : null
2023-11-19 01:00:31,678 [WARN] PackLoader:240 - Cannot read IP mode file for STMicroelectronics.X-CUBE-AZRTOS-L4.2.0.0
2023-11-19 01:00:31,679 [WARN] ConditionMgr:1039 - genDependencies : Invalid condition id : LAN8742 Phy interface Condition cause : null
2023-11-19 01:00:31,679 [WARN] ConditionMgr:1039 - genDependencies : Invalid condition id : LAN8742 Phy interface Condition cause : null
2023-11-19 01:00:31,680 [WARN] ConditionMgr:1039 - genDependencies : Invalid condition id : LAN8742 Phy interface Condition cause : null
2023-11-19 01:00:31,688 [INFO] WebApp:753 - Register for checkConnection events
2023-11-19 01:00:31,688 [INFO] WebApp:390 - Apply proxy settings
2023-11-19 01:00:31,688 [INFO] WebApp:475 - Chromium requires no authentication
2023-11-19 01:00:31,700 [WARN] PackLoader:240 - Cannot read IP mode file for STMicroelectronics.X-CUBE-SFXS2LP1.4.0.0
2023-11-19 01:00:31,702 [INFO] WebApp:418 - Direct internet connection detected
2023-11-19 01:00:31,737 [WARN] PackLoader:240 - Cannot read IP mode file for STMicroelectronics.X-CUBE-AZRTOS-H7.3.0.0
2023-11-19 01:00:31,756 [WARN] PackLoader:240 - Cannot read IP mode file for STMicroelectronics.X-CUBE-ISPU.1.1.0
2023-11-19 01:00:31,775 [WARN] PackLoader:240 - Cannot read IP mode file for RoweBots.I-CUBE-UNISONRTOS.5.5.0-4
2023-11-19 01:00:31,792 [WARN] PackLoader:240 - Cannot read IP mode file for STMicroelectronics.X-CUBE-AI.8.0.0
2023-11-19 01:00:31,828 [WARN] ConditionMgr:438 - getConditionDescription Invalid condition id : UX DEVICE CLASS RTOS Condition cause : null
2023-11-19 01:00:31,829 [WARN] ConditionMgr:438 - getConditionDescription Invalid condition id : UX DEVICE CLASS RTOS Condition cause : null
2023-11-19 01:00:31,831 [WARN] PackLoader:240 - Cannot read IP mode file for STMicroelectronics.X-CUBE-AZRTOS-WB.2.0.0
2023-11-19 01:00:31,831 [WARN] ConditionMgr:1039 - genDependencies : Invalid condition id : UX DEVICE CLASS RTOS Condition cause : null
2023-11-19 01:00:31,831 [WARN] ConditionMgr:1039 - genDependencies : Invalid condition id : UX DEVICE CLASS RTOS Condition cause : null
2023-11-19 01:00:31,833 [WARN] ConditionMgr:1039 - genDependencies : Invalid condition id : UX DEVICE CLASS RTOS Condition cause : null
2023-11-19 01:00:31,834 [WARN] ConditionMgr:1039 - genDependencies : Invalid condition id : UX DEVICE CLASS RTOS Condition cause : null
2023-11-19 01:00:31,834 [WARN] ConditionMgr:1039 - genDependencies : Invalid condition id : UX DEVICE CLASS RTOS Condition cause : null
2023-11-19 01:00:31,850 [WARN] PackLoader:240 - Cannot read IP mode file for STMicroelectronics.X-CUBE-FREERTOS.1.0.1
2023-11-19 01:00:31,882 [WARN] PackLoader:240 - Cannot read IP mode file for STMicroelectronics.X-CUBE-AZRTOS-L5.1.1.0
2023-11-19 01:00:31,907 [WARN] PackLoader:240 - Cannot read IP mode file for STMicroelectronics.X-CUBE-SUBG2.5.0.0
2023-11-19 01:00:31,931 [WARN] PackLoader:240 - Cannot read IP mode file for STMicroelectronics.X-CUBE-TOF1.3.3.1
2023-11-19 01:00:31,969 [WARN] PackLoader:240 - Cannot read IP mode file for STMicroelectronics.X-CUBE-AZRTOS-G4.2.0.0
2023-11-19 01:00:31,987 [WARN] PackLoader:240 - Cannot read IP mode file for STMicroelectronics.FP-ATR-ASTRA1.1.1.1
2023-11-19 01:00:32,012 [WARN] PackLoader:240 - Cannot read IP mode file for Infineon.AIROC-Wi-Fi-Bluetooth-STM32.1.5.1
2023-11-19 01:00:32,025 [INFO] WebApp:188 - Starting web application
2023-11-19 01:00:32,025 [INFO] WebApp:520 - Web application path used C:\ST\STM32CubeIDE_1.11.2\STM32CubeIDE\plugins\com.st.stm32cube.common.mx_6.9.2.202309101412\db\plugins\mcufinder\reactClient1\index.html
2023-11-19 01:00:32,029 [WARN] PackLoader:240 - Cannot read IP mode file for STMicroelectronics.FP-SNS-MOTENVWB1.1.3.0
2023-11-19 01:00:32,056 [WARN] PackLoader:240 - Cannot read IP mode file for STMicroelectronics.X-CUBE-AZRTOS-G4.1.0.0
2023-11-19 01:00:32,087 [WARN] PackLoader:240 - Cannot read IP mode file for STMicroelectronics.X-CUBE-AZRTOS-L4.1.0.0
2023-11-19 01:00:32,139 [WARN] PackLoader:240 - Cannot read IP mode file for STMicroelectronics.X-CUBE-MEMS1.10.0.0
2023-11-19 01:00:32,263 [WARN] PackLoader:240 - Cannot read IP mode file for STMicroelectronics.X-CUBE-FREERTOS.1.1.0
2023-11-19 01:00:32,288 [WARN] PackLoader:240 - Cannot read IP mode file for STMicroelectronics.X-CUBE-AZRTOS-WL.1.0.0
2023-11-19 01:00:32,310 [WARN] PackLoader:240 - Cannot read IP mode file for portGmbH.I-Cube-SoM-uGOAL.1.1.0
2023-11-19 01:00:32,341 [WARN] PackLoader:240 - Cannot read IP mode file for STMicroelectronics.X-CUBE-ALS.1.0.1
2023-11-19 01:00:32,366 [WARN] PackLoader:240 - Cannot read IP mode file for STMicroelectronics.X-CUBE-AZRTOS-WB.1.1.0
2023-11-19 01:00:32,380 [WARN] PackLoader:240 - Cannot read IP mode file for STMicroelectronics.FP-ATR-ASTRA1.2.0.0
2023-11-19 01:00:32,382 [INFO] ThirdParty:978 - Integrity check success = true
2023-11-19 01:00:32,382 [INFO] IntegrityCheckThread:100 - exiting critical section [integrity check]
2023-11-19 01:00:32,382 [INFO] IntegrityCheckThread:103 - End integrity checks thread
2023-11-19 01:00:33,299 [INFO] ApiDb:240 - Found 323 in-development CPN: [B-G473E-ZEST1S, B-WB1M-WPAN1, B-WL5M-SUBG1, NUCLEO-C031C6, NUCLEO-H503RB, NUCLEO-H563ZI, NUCLEO-U545RE-Q, NUCLEO-U5A5ZJ-Q, NUCLEO-WBA52CG, STEVAL-PROTEUS1, STEVAL-SMARTAG2, STEVAL-STWINBX1, STM320518-EVAL, STM32C0116-DK, STM32C011D6Y3TR, STM32C011D6Y6TR, STM32C011F4P3, STM32C011F4P6, STM32C011F4U3, STM32C011F4U6TR, STM32C011F6P3, STM32C011F6P6, STM32C011F6U3, STM32C011F6U6TR, STM32C011J4M3, STM32C011J4M6, STM32C011J6M3, STM32C011J6M6, STM32C0316-DK, STM32C031C4T3, STM32C031C4T6, STM32C031C4U3, STM32C031C4U6, STM32C031C6T3, STM32C031C6T6, STM32C031C6U3, STM32C031C6U6, STM32C031F4P3, STM32C031F4P6, STM32C031F6P3, STM32C031F6P6, STM32C031G4U3, STM32C031G4U6, STM32C031G6U3, STM32C031G6U6, STM32C031K4T3, STM32C031K4T6, STM32C031K4U3, STM32C031K4U6, STM32C031K6T3, STM32C031K6T6, STM32C031K6U3, STM32C031K6U6, STM32G071K8TXN, STM32G071K8UXN, STM32G081GBU6N, STM32G081KBT6N, STM32G081KBUXN, STM32G0B1CCT6N, STM32G0B1KCT6, STM32G0B1NEY6TR, STM32G0B1RCT6N, STM32G0C1CCT6, STM32G0C1CCT6N, STM32G0C1CCU6N, STM32G0C1CET6N, STM32G0C1CEU6N, STM32G0C1KCT6, STM32G0C1NEY6TR, STM32G0C1RCI6N, STM32G0C1RCT6N, STM32G0C1REI6N, STM32G0C1RET6N, STM32G0C1VCI6, STM32G0C1VEI6, STM32G471CCT6, STM32G471CCU6, STM32G471CET3, STM32G471CET6, STM32G471CEU3, STM32G471CEU6, STM32G471MCT6, STM32G471MET3, STM32G471MET6, STM32G471MEY6TR, STM32G471QCT6, STM32G471QET3, STM32G471RCT6, STM32G471RET3, STM32G471RET6, STM32G471VCH6, STM32G471VCI6, STM32G471VCT6, STM32G471VEH3, STM32G471VEH6, STM32G471VEI3, STM32G471VEI6, STM32G471VET3, STM32G471VET6, STM32G474CCT6, STM32H503CBT6, STM32H503CBU6, STM32H503EBY6TR, STM32H503KBU6, STM32H503RBT6, STM32H562AGI6, STM32H562AII6, STM32H562IGK6, STM32H562IGT6, STM32H562IIK6, STM32H562IIT6, STM32H562RGT6, STM32H562RGV6, STM32H562RIT6, STM32H562RIV6, STM32H562VGT6, STM32H562VIT6, STM32H562ZGT6, STM32H562ZIT6, STM32H563AGI6, STM32H563AII3Q, STM32H563AII6, STM32H563IGK6, STM32H563IGT6, STM32H563IIK3Q, STM32H563IIK6, STM32H563IIT3Q, STM32H563IIT6, STM32H563MIY3QTR, STM32H563RGT6, STM32H563RGV6, STM32H563RIT6, STM32H563RIV6, STM32H563VGT6, STM32H563VIT3Q, STM32H563VIT6, STM32H563ZGT6, STM32H563ZIT3Q, STM32H563ZIT6, STM32H573AII3Q, STM32H573AII6, STM32H573I-DK, STM32H573IIK3Q, STM32H573IIK6, STM32H573IIT3Q, STM32H573IIT6, STM32H573MIY3QTR, STM32H573RIT6, STM32H573RIV6, STM32H573VIT3Q, STM32H573VIT6, STM32H573ZIT3Q, STM32H573ZIT6, STM32L4R5QGI6STR, STM32MP131AAE3, STM32MP131AAF3, STM32MP131AAG3, STM32MP131CAE3, STM32MP131CAF3, STM32MP131CAG3, STM32MP131DAE7, STM32MP131DAF7, STM32MP131DAG7, STM32MP131FAE7, STM32MP131FAF7, STM32MP131FAG7, STM32MP133AAE3, STM32MP133AAF3, STM32MP133AAG3, STM32MP133CAE3, STM32MP133CAF3, STM32MP133CAG3, STM32MP133DAE7, STM32MP133DAF7, STM32MP133DAG7, STM32MP133FAE7, STM32MP133FAF7, STM32MP133FAG7, STM32MP135AAE3, STM32MP135AAF3, STM32MP135AAG3, STM32MP135CAE3, STM32MP135CAF3, STM32MP135CAG3, STM32MP135DAE7, STM32MP135DAF7, STM32MP135DAG7, STM32MP135F-DK, STM32MP135FAE7, STM32MP135FAF7, STM32MP135FAF7T, STM32MP135FAF7U, STM32MP135FAG7, STM32U535CBT6, STM32U535CBT6Q, STM32U535CBU6, STM32U535CBU6Q, STM32U535CCT6, STM32U535CCT6Q, STM32U535CCU6, STM32U535CCU6Q, STM32U535CET6, STM32U535CET6Q, STM32U535CEU6, STM32U535CEU6Q, STM32U535JEY6QTR, STM32U535NCY6QTR, STM32U535NEY6QTR, STM32U535RBI6, STM32U535RBI6Q, STM32U535RBT6, STM32U535RBT6Q, STM32U535RCI6, STM32U535RCI6Q, STM32U535RCT6, STM32U535RCT6Q, STM32U535REI6, STM32U535REI6Q, STM32U535RET6, STM32U535RET6Q, STM32U535VCI6, STM32U535VCI6Q, STM32U535VCT6, STM32U535VCT6Q, STM32U535VEI6, STM32U535VEI6Q, STM32U535VET6, STM32U535VET6Q, STM32U545CET6, STM32U545CET6Q, STM32U545CEU6, STM32U545CEU6Q, STM32U545JEY6QTR, STM32U545NEY6QTR, STM32U545REI6, STM32U545REI6Q, STM32U545RET6, STM32U545RET6Q, STM32U545VEI6, STM32U545VEI6Q, STM32U545VET6, STM32U545VET6Q, STM32U595AIH6, STM32U595AIH6Q, STM32U595AJH6, STM32U595AJH6Q, STM32U595QII6, STM32U595QII6Q, STM32U595QJI6, STM32U595QJI6Q, STM32U595RIT6, STM32U595RIT6Q, STM32U595RJT6, STM32U595RJT6Q, STM32U595VIT6, STM32U595VIT6Q, STM32U595VJT6, STM32U595VJT6Q, STM32U595ZIT6, STM32U595ZIT6Q, STM32U595ZIY6QTR, STM32U595ZJT6, STM32U595ZJT6Q, STM32U595ZJY6QTR, STM32U599BJY6QTR, STM32U599NIH6Q, STM32U599NJH6Q, STM32U599VIT6Q, STM32U599VJT6, STM32U599VJT6Q, STM32U599ZIT6Q, STM32U599ZIY6QTR, STM32U599ZJT6Q, STM32U599ZJY6QTR, STM32U5A5AJH6, STM32U5A5AJH6Q, STM32U5A5QJI6, STM32U5A5QJI6Q, STM32U5A5RJT6, STM32U5A5RJT6Q, STM32U5A5VJT6, STM32U5A5VJT6Q, STM32U5A5ZJT6, STM32U5A5ZJT6Q, STM32U5A5ZJY6QTR, STM32U5A9BJY6QTR, STM32U5A9J-DK, STM32U5A9NJH6Q, STM32U5A9VJT6Q, STM32U5A9ZJT6Q, STM32U5A9ZJY6QTR, STM32U5F7VIT6, STM32U5F7VIT6Q, STM32U5F7VJT6, STM32U5F7VJT6Q, STM32U5F9BJY6QTR, STM32U5F9NJH6Q, STM32U5F9VIT6Q, STM32U5F9VJT6Q, STM32U5F9ZIJ6QTR, STM32U5F9ZIT6Q, STM32U5F9ZJJ6QTR, STM32U5F9ZJT6Q, STM32U5G7VJT6, STM32U5G7VJT6Q, STM32U5G9BJY6QTR, STM32U5G9J-DK1, STM32U5G9J-DK2, STM32U5G9NJH6Q, STM32U5G9VJT6Q, STM32U5G9ZJJ6QTR, STM32U5G9ZJT6Q, STM32WB1MMCH6, STM32WBA52CEU6, STM32WBA52CEU6T, STM32WBA52CGU6, STM32WBA52CGU6T, STM32WBA52KEU6, STM32WBA52KEU6T, STM32WBA52KGU6, STM32WBA52KGU6T, STM32WL5MOCH6, STM32WL5MOCH6TR]
2023-11-19 01:00:33,306 [INFO] DbMcus:217 - Found 3848 MCUs, 3848 are supported
2023-11-19 01:00:33,307 [INFO] ApiDb:423 - Load user favorites file C:\Users\erkan/.stm32cubeide/favorites.mcus.txt: 0 item(s)
2023-11-19 01:00:33,308 [INFO] ApiDb:427 - User favorites MCUs=[]
2023-11-19 01:00:33,308 [INFO] DbMcus:223 - Set 0 / 0 favorites MCUs
2023-11-19 01:00:33,638 [INFO] ApiDb:423 - Load user favorites file C:\Users\erkan/.stm32cubeide/favorites.boards.txt: 0 item(s)
2023-11-19 01:00:33,638 [INFO] ApiDb:427 - User favorites Boards=[]
2023-11-19 01:00:33,638 [INFO] DbBoards:190 - Set 0 / 0 favorites Boards
2023-11-19 01:00:33,639 [INFO] McuFinderGlobals:76 - Set McuFinderConnectedMode to true
2023-11-19 01:00:33,648 [INFO] MultiScanPanel:200 - Auto-refresh data requested => check proxy status ongoing
2023-11-19 01:00:33,653 [INFO] FinderPluginLoader:95 - Searching for filters in installed packs
2023-11-19 01:00:35,113 [INFO] LoadUrlFilesThread:185 - End of LoadServerUrlFiles without Thread
2023-11-19 01:00:35,122 [INFO] DetailPanel:341 - Set advertising image to C:/Users/erkan/STM32Cube/Repository/\en.prom-stm32h5-mcu-finder.jpg
2023-11-19 01:00:53,171 [ERROR] LogOutputStream:75 - [STDERR_REDIRECT] SLF4J: Failed to load class "org.slf4j.impl.StaticLoggerBinder".
2023-11-19 01:00:53,171 [ERROR] LogOutputStream:75 - [STDERR_REDIRECT] SLF4J: Defaulting to no-operation (NOP) logger implementation
2023-11-19 01:00:53,173 [ERROR] LogOutputStream:75 - [STDERR_REDIRECT] SLF4J: See http://www.slf4j.org/codes.html#StaticLoggerBinder for further details.
2023-11-19 01:01:02,995 [INFO] McuFinderGlobals:76 - Set McuFinderConnectedMode to true
2023-11-19 01:01:03,002 [INFO] ApiDb:448 - Save user favorites file C:\Users\erkan/.stm32cubeide/favorites.mcus.txt: 0 item(s)
2023-11-19 01:01:03,002 [INFO] ApiDb:452 - User favorites MCUs=[]
2023-11-19 01:01:14,049 [INFO] MainUpdater:2868 - connection check result : 10
2023-11-19 01:01:14,205 [INFO] McuFinderGlobals:76 - Set McuFinderConnectedMode to true
2023-11-19 01:01:14,207 [INFO] MultiScanPanel:200 - Auto-refresh data requested => check proxy status ongoing
2023-11-19 01:01:14,208 [INFO] FinderPluginLoader:95 - Searching for filters in installed packs
2023-11-19 01:01:14,900 [INFO] LoadUrlFilesThread:185 - End of LoadServerUrlFiles without Thread
2023-11-19 01:01:14,901 [INFO] DetailPanel:341 - Set advertising image to C:/Users/erkan/STM32Cube/Repository/\en.prom-stm32h5-mcu-finder.jpg
2023-11-19 01:01:39,598 [INFO] MainUpdater:2868 - connection check result : 10
2023-11-19 01:01:39,599 [INFO] MainUpdater:2868 - connection check result : 10
2023-11-19 01:01:39,669 [INFO] MicroXplorer:468 - Change Database Path : 
2023-11-19 01:01:39,669 [INFO] MicroXplorer:498 - Change Database Version : DB.6.0.92
2023-11-19 01:01:39,675 [WARN] ThirdParty:871 - waiting for thirdparty lock release [close project]
2023-11-19 01:01:39,676 [INFO] ThirdParty:873 - entering critical section [close project]
2023-11-19 01:01:39,679 [INFO] ThirdParty:883 - exiting critical section [close project]
2023-11-19 01:01:39,685 [INFO] PinOutPanel:1499 - setPackage(No Configuration,No Configuration)
2023-11-19 01:01:39,697 [INFO] UtilMem:75 - Begin LoadConfig() Used Memory: 666985632 Bytes (775946240)
2023-11-19 01:01:39,699 [INFO] MicroXplorer:468 - Change Database Path : 
2023-11-19 01:01:39,700 [INFO] MicroXplorer:498 - Change Database Version : DB.6.0.92
2023-11-19 01:01:39,700 [INFO] OpenFileManager:308 - Change cursor
2023-11-19 01:01:39,832 [INFO] Mcu:1946 - Initializing MCU STM32F407VGTx STM32F407VGTx STM32F407VGT6
2023-11-19 01:01:42,478 [INFO] Context:659 - Trying to add GPIOservice into a context  which must be forbidden
2023-11-19 01:01:42,970 [INFO] ImportTextPane:194 - (OptionalMessage_ERROR) Unable to find key (Mcu.ThirdPartyNb) in loaded IOC file
2023-11-19 01:01:42,970 [INFO] ImportTextPane:194 - (OptionalMessage_ERROR) Unable to find key (Mcu.PinsNb) in loaded IOC file
2023-11-19 01:01:42,970 [INFO] ImportTextPane:194 - (OptionalMessage_ERROR) Unable to find key (Mcu.IPNb) in loaded IOC file
2023-11-19 01:01:43,205 [INFO] RtosManager:555 - Registered RTOS mode: class=CMSIS, group=RTOS, mode=CMSIS_V1, owner=FREERTOS
2023-11-19 01:01:43,206 [INFO] RtosManager:555 - Registered RTOS mode: class=CMSIS, group=RTOS2, mode=CMSIS_V2, owner=FREERTOS
2023-11-19 01:01:43,206 [INFO] RtosManager:555 - Registered RTOS mode: class=RTOS, group=Core, mode=CMSIS_V1, owner=FREERTOS
2023-11-19 01:01:43,206 [INFO] RtosManager:555 - Registered RTOS mode: class=RTOS, group=Core, mode=CMSIS_V2, owner=FREERTOS
2023-11-19 01:01:43,206 [WARN] ModelIntegratedComponent:184 - Missing modes for component STMicroelectronics:FreeRTOS:0.0.1:STMicroelectronics:RTOS:FreeRTOS:Core:::10.2.0:
2023-11-19 01:01:43,220 [WARN] ModelIntegratedComponent:63 - No mode defined for component null
2023-11-19 01:01:43,220 [WARN] ModelIntegratedComponent:63 - No mode defined for component null
2023-11-19 01:01:43,220 [WARN] ModelIntegratedComponent:63 - No mode defined for component null
2023-11-19 01:01:43,221 [WARN] ModelIntegratedComponent:63 - No mode defined for component null
2023-11-19 01:01:43,221 [WARN] ModelIntegratedComponent:63 - No mode defined for component null
2023-11-19 01:01:43,221 [WARN] ModelIntegratedComponent:63 - No mode defined for component null
2023-11-19 01:01:43,221 [WARN] ModelIntegratedComponent:63 - No mode defined for component null
2023-11-19 01:01:43,221 [WARN] ModelIntegratedComponent:63 - No mode defined for component null
2023-11-19 01:01:43,221 [WARN] ModelIntegratedComponent:63 - No mode defined for component null
2023-11-19 01:01:43,221 [WARN] ModelIntegratedComponent:63 - No mode defined for component null
2023-11-19 01:01:43,221 [WARN] ModelIntegratedComponent:63 - No mode defined for component null
2023-11-19 01:01:43,221 [WARN] ModelIntegratedComponent:63 - No mode defined for component null
2023-11-19 01:01:43,221 [WARN] ModelIntegratedComponent:63 - No mode defined for component null
2023-11-19 01:01:43,221 [WARN] ModelIntegratedComponent:63 - No mode defined for component null
2023-11-19 01:01:43,221 [WARN] ModelIntegratedComponent:63 - No mode defined for component null
2023-11-19 01:01:43,221 [WARN] ModelIntegratedComponent:63 - No mode defined for component null
2023-11-19 01:01:43,221 [WARN] ModelIntegratedComponent:63 - No mode defined for component null
2023-11-19 01:01:43,221 [WARN] ModelIntegratedComponent:63 - No mode defined for component null
2023-11-19 01:01:43,221 [WARN] ModelIntegratedComponent:63 - No mode defined for component null
2023-11-19 01:01:43,221 [WARN] ModelIntegratedComponent:63 - No mode defined for component null
2023-11-19 01:01:43,221 [WARN] ModelIntegratedComponent:63 - No mode defined for component null
2023-11-19 01:01:43,221 [WARN] ModelIntegratedComponent:63 - No mode defined for component null
2023-11-19 01:01:43,221 [WARN] ModelIntegratedComponent:63 - No mode defined for component null
2023-11-19 01:01:43,221 [WARN] ModelIntegratedComponent:63 - No mode defined for component null
2023-11-19 01:01:43,221 [WARN] ModelIntegratedComponent:63 - No mode defined for component null
2023-11-19 01:01:43,222 [WARN] ModelIntegratedComponent:63 - No mode defined for component null
2023-11-19 01:01:43,222 [WARN] ModelIntegratedComponent:63 - No mode defined for component null
2023-11-19 01:01:43,222 [WARN] ModelIntegratedComponent:63 - No mode defined for component null
2023-11-19 01:01:43,222 [WARN] ModelIntegratedComponent:63 - No mode defined for component null
2023-11-19 01:01:43,222 [WARN] ModelIntegratedComponent:63 - No mode defined for component null
2023-11-19 01:01:43,222 [WARN] ModelIntegratedComponent:63 - No mode defined for component null
2023-11-19 01:01:43,222 [WARN] ModelIntegratedComponent:63 - No mode defined for component null
2023-11-19 01:01:43,222 [WARN] ModelIntegratedComponent:63 - No mode defined for component null
2023-11-19 01:01:43,430 [INFO] ThirdPartyModel:298 - Start build external matchings
2023-11-19 01:01:45,050 [INFO] ThirdPartyModel:316 - End build external matchings
2023-11-19 01:01:45,524 [INFO] UtilMem:75 - End LoadConfig() Used Memory: 537063584 Bytes (903872512)
2023-11-19 01:01:45,559 [WARN] ThirdParty:833 - waiting for thirdparty lock release [change project]
2023-11-19 01:01:45,560 [INFO] ThirdParty:835 - entering critical section [change project]
2023-11-19 01:01:45,561 [INFO] ThirdParty:1030 - CMSIS Pack Vendor :STMicroelectronics X-CUBE-ISPU 1.1.0
2023-11-19 01:01:45,561 [INFO] ThirdParty:1030 - CMSIS Pack Vendor :STMicroelectronics USBPD 4.1
2023-11-19 01:01:45,561 [INFO] ThirdParty:1030 - CMSIS Pack Vendor :RoweBots I-CUBE-UNISONRTOS 5.5.0-4
2023-11-19 01:01:45,561 [INFO] ThirdParty:1030 - CMSIS Pack Vendor :STMicroelectronics X-CUBE-GNSS1 6.0.0
2023-11-19 01:01:45,562 [INFO] ThirdParty:1030 - CMSIS Pack Vendor :STMicroelectronics USB_HOST 2.0.0
2023-11-19 01:01:45,562 [INFO] ThirdParty:1030 - CMSIS Pack Vendor :STMicroelectronics X-CUBE-AZRTOS-F4 1.1.0
2023-11-19 01:01:45,562 [INFO] ThirdParty:1030 - CMSIS Pack Vendor :STMicroelectronics LIBJPEG 8.0.0
2023-11-19 01:01:45,562 [INFO] ThirdParty:1030 - CMSIS Pack Vendor :STMicroelectronics X-CUBE-SMBUS 2.1.0
2023-11-19 01:01:45,562 [INFO] ThirdParty:1030 - CMSIS Pack Vendor :STMicroelectronics USB_DEVICE 3.0.0
2023-11-19 01:01:45,562 [INFO] ThirdParty:1030 - CMSIS Pack Vendor :STMicroelectronics X-CUBE-AI 8.0.0
2023-11-19 01:01:45,562 [INFO] ThirdParty:1030 - CMSIS Pack Vendor :STMicroelectronics X-CUBE-AZRTOS-WB 2.0.0
2023-11-19 01:01:45,562 [INFO] ThirdParty:1030 - CMSIS Pack Vendor :STMicroelectronics X-CUBE-FREERTOS 1.0.1
2023-11-19 01:01:45,562 [INFO] ThirdParty:1030 - CMSIS Pack Vendor :STMicroelectronics X-CUBE-TOUCHGFX 4.21.1
2023-11-19 01:01:45,562 [INFO] ThirdParty:1030 - CMSIS Pack Vendor :STMicroelectronics X-CUBE-AZRTOS-F7 1.1.0
2023-11-19 01:01:45,562 [INFO] ThirdParty:1030 - CMSIS Pack Vendor :STMicroelectronics X-CUBE-AZRTOS-L5 2.0.0
2023-11-19 01:01:45,562 [INFO] ThirdParty:1030 - CMSIS Pack Vendor :STMicroelectronics USB_DEVICE 2.0.0
2023-11-19 01:01:45,562 [INFO] ThirdParty:1030 - CMSIS Pack Vendor :STMicroelectronics X-CUBE-AI 7.3.0
2023-11-19 01:01:45,562 [INFO] ThirdParty:1030 - CMSIS Pack Vendor :STMicroelectronics X-CUBE-MEMS1 9.6.0
2023-11-19 01:01:45,562 [INFO] ThirdParty:1030 - CMSIS Pack Vendor :STMicroelectronics X-CUBE-EEPRMA1 4.2.0
2023-11-19 01:01:45,562 [INFO] ThirdParty:1030 - CMSIS Pack Vendor :ITTIA_DB I-CUBE-ITTIADB 8.8.0
2023-11-19 01:01:45,562 [INFO] ThirdParty:1030 - CMSIS Pack Vendor :STMicroelectronics FP-SNS-MOTENV1 4.3.2
2023-11-19 01:01:45,562 [INFO] ThirdParty:1030 - CMSIS Pack Vendor :STMicroelectronics X-CUBE-ALGOBUILD 1.3.0
2023-11-19 01:01:45,563 [INFO] ThirdParty:1030 - CMSIS Pack Vendor :STMicroelectronics X-CUBE-BLE1 6.2.4
2023-11-19 01:01:45,563 [INFO] ThirdParty:1030 - CMSIS Pack Vendor :STMicroelectronics X-CUBE-AZRTOS-L5 1.1.0
2023-11-19 01:01:45,563 [INFO] ThirdParty:1030 - CMSIS Pack Vendor :STMicroelectronics FreeRTOS 0.0.1
2023-11-19 01:01:45,563 [INFO] ThirdParty:1030 - CMSIS Pack Vendor :STMicroelectronics X-CUBE-AZRTOS-G0 1.1.0
2023-11-19 01:01:45,563 [INFO] ThirdParty:1030 - CMSIS Pack Vendor :emotas I-CUBE-CANOPEN 1.1.3
2023-11-19 01:01:45,563 [INFO] ThirdParty:1030 - CMSIS Pack Vendor :STMicroelectronics X-CUBE-BLEMGR 2.0.0
2023-11-19 01:01:45,563 [INFO] ThirdParty:1030 - CMSIS Pack Vendor :STMicroelectronics X-CUBE-NFC4 3.0.0
2023-11-19 01:01:45,563 [INFO] ThirdParty:1030 - CMSIS Pack Vendor :STMicroelectronics X-CUBE-SUBG2 5.0.0
2023-11-19 01:01:45,563 [INFO] ThirdParty:1030 - CMSIS Pack Vendor :STMicroelectronics STM32_WPAN 1.0.0
2023-11-19 01:01:45,563 [INFO] ThirdParty:1030 - CMSIS Pack Vendor :STMicroelectronics lwIP 2.0.3
2023-11-19 01:01:45,563 [INFO] ThirdParty:1030 - CMSIS Pack Vendor :STMicroelectronics FP-SNS-FLIGHT1 5.0.2
2023-11-19 01:01:45,563 [INFO] ThirdParty:1030 - CMSIS Pack Vendor :STMicroelectronics USB_HOST 1.0.0
2023-11-19 01:01:45,563 [INFO] ThirdParty:1030 - CMSIS Pack Vendor :STMicroelectronics X-CUBE-TOF1 3.3.1
2023-11-19 01:01:45,563 [INFO] ThirdParty:1030 - CMSIS Pack Vendor :STMicroelectronics X-CUBE-AZRTOS-G4 2.0.0
2023-11-19 01:01:45,564 [INFO] ThirdParty:1030 - CMSIS Pack Vendor :STMicroelectronics PDM2PCM 3.1.0
2023-11-19 01:01:45,564 [INFO] ThirdParty:1030 - CMSIS Pack Vendor :STMicroelectronics X-CUBE-AZRTOS-H7 3.1.0
2023-11-19 01:01:45,564 [INFO] ThirdParty:1030 - CMSIS Pack Vendor :STMicroelectronics FP-ATR-ASTRA1 1.1.1
2023-11-19 01:01:45,564 [INFO] ThirdParty:1030 - CMSIS Pack Vendor :Infineon AIROC-Wi-Fi-Bluetooth-STM32 1.5.1
2023-11-19 01:01:45,564 [INFO] ThirdParty:1030 - CMSIS Pack Vendor :STMicroelectronics X-CUBE-BLEMGR 3.0.0
2023-11-19 01:01:45,564 [INFO] ThirdParty:1030 - CMSIS Pack Vendor :STMicroelectronics PDM2PCM 3.3.0
2023-11-19 01:01:45,565 [INFO] ThirdParty:1030 - CMSIS Pack Vendor :STMicroelectronics X-CUBE-DISPLAY 3.0.0
2023-11-19 01:01:45,565 [INFO] ThirdParty:1030 - CMSIS Pack Vendor :STMicroelectronics X-CUBE-BLEMGR 1.3.0
2023-11-19 01:01:45,565 [INFO] ThirdParty:1030 - CMSIS Pack Vendor :STMicroelectronics FP-SNS-MOTENVWB1 1.3.0
2023-11-19 01:01:45,565 [INFO] ThirdParty:1030 - CMSIS Pack Vendor :STMicroelectronics X-CUBE-BLE1 7.0.0
2023-11-19 01:01:45,565 [INFO] ThirdParty:1030 - CMSIS Pack Vendor :STMicroelectronics FP-ATR-SIGFOX1 3.2.0
2023-11-19 01:01:45,565 [INFO] ThirdParty:1030 - CMSIS Pack Vendor :STMicroelectronics X-CUBE-AZRTOS-G4 1.0.0
2023-11-19 01:01:45,565 [INFO] ThirdParty:1030 - CMSIS Pack Vendor :wolfSSL I-CUBE-wolfSSL 5.5.4
2023-11-19 01:01:45,565 [INFO] ThirdParty:1030 - CMSIS Pack Vendor :STMicroelectronics X-CUBE-AZRTOS-L4 1.0.0
2023-11-19 01:01:45,565 [INFO] ThirdParty:1030 - CMSIS Pack Vendor :STMicroelectronics HAL Drivers 0.0.0
2023-11-19 01:01:45,565 [INFO] ThirdParty:1030 - CMSIS Pack Vendor :STMicroelectronics MBEDTLS 2.16.2
2023-11-19 01:01:45,565 [INFO] ThirdParty:1030 - CMSIS Pack Vendor :STMicroelectronics X-CUBE-MEMS1 10.0.0
2023-11-19 01:01:45,565 [INFO] ThirdParty:1030 - CMSIS Pack Vendor :STMicroelectronics X-CUBE-FREERTOS 1.1.0
2023-11-19 01:01:45,565 [INFO] ThirdParty:1030 - CMSIS Pack Vendor :STMicroelectronics X-CUBE-TOUCHGFX 4.22.0
2023-11-19 01:01:45,565 [INFO] ThirdParty:1030 - CMSIS Pack Vendor :STMicroelectronics X-CUBE-NFC7 1.0.1
2023-11-19 01:01:45,565 [INFO] ThirdParty:1030 - CMSIS Pack Vendor :STMicroelectronics MBEDTLS 2.14.1
2023-11-19 01:01:45,565 [INFO] ThirdParty:1030 - CMSIS Pack Vendor :STMicroelectronics X-CUBE-NFC7 1.0.0
2023-11-19 01:01:45,565 [INFO] ThirdParty:1030 - CMSIS Pack Vendor :STMicroelectronics X-CUBE-TOUCHGFX 4.22.1
2023-11-19 01:01:45,565 [INFO] ThirdParty:1030 - CMSIS Pack Vendor :STMicroelectronics X-CUBE-AZRTOS-WL 1.0.0
2023-11-19 01:01:45,566 [INFO] ThirdParty:1030 - CMSIS Pack Vendor :STMicroelectronics X-CUBE-NFC6 3.0.0
2023-11-19 01:01:45,566 [INFO] ThirdParty:1030 - CMSIS Pack Vendor :STMicroelectronics X-CUBE-EEPRMA1 4.1.0
2023-11-19 01:01:45,566 [INFO] ThirdParty:1030 - CMSIS Pack Vendor :portGmbH I-Cube-SoM-uGOAL 1.1.0
2023-11-19 01:01:45,566 [INFO] ThirdParty:1030 - CMSIS Pack Vendor :STMicroelectronics X-CUBE-ALS 1.0.1
2023-11-19 01:01:45,566 [INFO] ThirdParty:1030 - CMSIS Pack Vendor :STMicroelectronics X-CUBE-MEMS1 9.5.0
2023-11-19 01:01:45,566 [INFO] ThirdParty:1030 - CMSIS Pack Vendor :STMicroelectronics ThreadX 1.0.0
2023-11-19 01:01:45,566 [INFO] ThirdParty:1030 - CMSIS Pack Vendor :STMicroelectronics FP-SNS-SMARTAG2 1.2.0
2023-11-19 01:01:45,566 [INFO] ThirdParty:1030 - CMSIS Pack Vendor :STMicroelectronics X-CUBE-AZRTOS-WB 1.1.0
2023-11-19 01:01:45,566 [INFO] ThirdParty:1030 - CMSIS Pack Vendor :STMicroelectronics X-CUBE-AZRTOS-WL 2.0.0
2023-11-19 01:01:45,566 [INFO] ThirdParty:1030 - CMSIS Pack Vendor :SEGGER I-CUBE-embOS 1.3.1
2023-11-19 01:01:45,566 [INFO] ThirdParty:1030 - CMSIS Pack Vendor :STMicroelectronics USB_DEVICE 1.0.0
2023-11-19 01:01:45,566 [INFO] ThirdParty:1030 - CMSIS Pack Vendor :STMicroelectronics X-CUBE-AI 8.1.0
2023-11-19 01:01:45,566 [INFO] ThirdParty:1030 - CMSIS Pack Vendor :STMicroelectronics X-CUBE-AZRTOS-L4 2.0.0
2023-11-19 01:01:45,566 [INFO] ThirdParty:1030 - CMSIS Pack Vendor :STMicroelectronics ThreadX 0.0.2
2023-11-19 01:01:45,566 [INFO] ThirdParty:1030 - CMSIS Pack Vendor :WES I-CUBE-Cesium 1.3.0
2023-11-19 01:01:45,566 [INFO] ThirdParty:1030 - CMSIS Pack Vendor :STMicroelectronics FP-ATR-ASTRA1 2.0.0
2023-11-19 01:01:45,566 [INFO] ThirdParty:1030 - CMSIS Pack Vendor :STMicroelectronics lwIP 2.1.2
2023-11-19 01:01:45,566 [INFO] ThirdParty:1030 - CMSIS Pack Vendor :STMicroelectronics X-CUBE-SFXS2LP1 4.0.0
2023-11-19 01:01:45,566 [INFO] ThirdParty:1030 - CMSIS Pack Vendor :STMicroelectronics X-CUBE-BLE2 3.3.0
2023-11-19 01:01:45,566 [INFO] ThirdParty:1030 - CMSIS Pack Vendor :STMicroelectronics X-CUBE-TOF1 3.2.0
2023-11-19 01:01:45,567 [INFO] ThirdParty:1030 - CMSIS Pack Vendor :STMicroelectronics PDM2PCM 3.2.0
2023-11-19 01:01:45,567 [INFO] ThirdParty:1030 - CMSIS Pack Vendor :STMicroelectronics X-CUBE-AZRTOS-H7 3.0.0
2023-11-19 01:01:45,567 [INFO] ThirdParty:841 - exiting critical section [change project]
2023-11-19 01:01:46,025 [INFO] PinOutPanel:1499 - setPackage(No Configuration,No Configuration)
2023-11-19 01:01:46,027 [INFO] PinOutPanel:1499 - setPackage(STM32F407VGTx,LQFP100)
2023-11-19 01:01:46,601 [INFO] UtilMem:75 - Before build in PCC Used Memory: 788431864 Bytes (903872512)
2023-11-19 01:01:47,628 [INFO] UtilMem:75 - After build in PCC Used Memory: 623516664 Bytes (903872512)
2023-11-19 01:01:47,658 [INFO] IPUIPlugin:80 - create IPUIPlugin
2023-11-19 01:01:47,659 [INFO] IPUIPlugin:80 - create IPUIPlugin
2023-11-19 01:01:47,659 [INFO] IPUIPlugin:80 - create IPUIPlugin
2023-11-19 01:01:47,659 [INFO] IPUIPlugin:80 - create IPUIPlugin
2023-11-19 01:01:47,659 [INFO] IPUIPlugin:80 - create IPUIPlugin
2023-11-19 01:01:47,661 [INFO] IPUIPlugin:80 - create IPUIPlugin
2023-11-19 01:01:47,661 [INFO] IPUIPlugin:80 - create IPUIPlugin
2023-11-19 01:01:47,662 [INFO] IPUIPlugin:80 - create IPUIPlugin
2023-11-19 01:01:47,663 [INFO] IPUIPlugin:80 - create IPUIPlugin
2023-11-19 01:01:47,664 [INFO] IPUIPlugin:80 - create IPUIPlugin
2023-11-19 01:01:47,664 [INFO] IPUIPlugin:80 - create IPUIPlugin
2023-11-19 01:01:47,664 [INFO] IPUIPlugin:80 - create IPUIPlugin
2023-11-19 01:01:47,665 [INFO] IPUIPlugin:80 - create IPUIPlugin
2023-11-19 01:01:47,665 [INFO] IPUIPlugin:80 - create IPUIPlugin
2023-11-19 01:01:47,665 [INFO] IPUIPlugin:80 - create IPUIPlugin
2023-11-19 01:01:47,667 [INFO] IPUIPlugin:80 - create IPUIPlugin
2023-11-19 01:01:47,667 [INFO] IPUIPlugin:80 - create IPUIPlugin
2023-11-19 01:01:47,667 [INFO] IPUIPlugin:80 - create IPUIPlugin
2023-11-19 01:01:47,667 [INFO] IPUIPlugin:80 - create IPUIPlugin
2023-11-19 01:01:47,667 [INFO] IPUIPlugin:80 - create IPUIPlugin
2023-11-19 01:01:47,668 [INFO] IPUIPlugin:80 - create IPUIPlugin
2023-11-19 01:01:47,668 [INFO] IPUIPlugin:80 - create IPUIPlugin
2023-11-19 01:01:47,668 [INFO] IPUIPlugin:80 - create IPUIPlugin
2023-11-19 01:01:47,668 [INFO] IPUIPlugin:80 - create IPUIPlugin
2023-11-19 01:01:47,668 [INFO] IPUIPlugin:80 - create IPUIPlugin
2023-11-19 01:01:47,668 [INFO] IPUIPlugin:80 - create IPUIPlugin
2023-11-19 01:01:47,669 [INFO] IPUIPlugin:80 - create IPUIPlugin
2023-11-19 01:01:47,669 [INFO] IPUIPlugin:80 - create IPUIPlugin
2023-11-19 01:01:47,669 [INFO] IPUIPlugin:80 - create IPUIPlugin
2023-11-19 01:01:47,671 [INFO] IPUIPlugin:80 - create IPUIPlugin
2023-11-19 01:01:47,671 [INFO] IPUIPlugin:80 - create IPUIPlugin
2023-11-19 01:01:47,671 [INFO] IPUIPlugin:80 - create IPUIPlugin
2023-11-19 01:01:47,671 [INFO] IPUIPlugin:80 - create IPUIPlugin
2023-11-19 01:01:47,672 [INFO] IPUIPlugin:80 - create IPUIPlugin
2023-11-19 01:01:47,672 [INFO] IPUIPlugin:80 - create IPUIPlugin
2023-11-19 01:01:47,673 [INFO] IPUIPlugin:80 - create IPUIPlugin
2023-11-19 01:01:47,673 [INFO] IPUIPlugin:80 - create IPUIPlugin
2023-11-19 01:01:47,673 [INFO] IPUIPlugin:80 - create IPUIPlugin
2023-11-19 01:01:47,673 [INFO] IPUIPlugin:80 - create IPUIPlugin
2023-11-19 01:01:47,673 [INFO] IPUIPlugin:80 - create IPUIPlugin
2023-11-19 01:01:47,673 [INFO] IPUIPlugin:80 - create IPUIPlugin
2023-11-19 01:01:47,674 [INFO] IPUIPlugin:80 - create IPUIPlugin
2023-11-19 01:01:47,674 [INFO] IPUIPlugin:80 - create IPUIPlugin
2023-11-19 01:01:47,674 [INFO] IPUIPlugin:80 - create IPUIPlugin
2023-11-19 01:01:47,674 [INFO] IPUIPlugin:80 - create IPUIPlugin
2023-11-19 01:01:47,674 [INFO] IPUIPlugin:80 - create IPUIPlugin
2023-11-19 01:01:47,675 [INFO] IPUIPlugin:80 - create IPUIPlugin
2023-11-19 01:01:47,675 [INFO] IPUIPlugin:80 - create IPUIPlugin
2023-11-19 01:01:47,675 [INFO] IPUIPlugin:80 - create IPUIPlugin
2023-11-19 01:01:47,677 [INFO] IPUIPlugin:80 - create IPUIPlugin
2023-11-19 01:01:47,677 [INFO] IPUIPlugin:80 - create IPUIPlugin
2023-11-19 01:01:47,677 [INFO] IPUIPlugin:80 - create IPUIPlugin
2023-11-19 01:01:47,678 [INFO] IPUIPlugin:80 - create IPUIPlugin
2023-11-19 01:01:47,678 [INFO] IPUIPlugin:80 - create IPUIPlugin
2023-11-19 01:01:47,679 [INFO] IPUIPlugin:80 - create IPUIPlugin
2023-11-19 01:01:47,680 [INFO] IPUIPlugin:80 - create IPUIPlugin
2023-11-19 01:01:47,680 [INFO] IPUIPlugin:80 - create IPUIPlugin
2023-11-19 01:01:47,680 [INFO] IPUIPlugin:80 - create IPUIPlugin
2023-11-19 01:01:47,787 [INFO] ApiDbMcu:507 - Load IP Config File for PDM2PCM
2023-11-19 01:01:48,007 [INFO] CADModel:165 - CPN selected for project levelSTM32F407VGT6
2023-11-19 01:01:48,007 [INFO] CADModel:114 - Register for checkConnection events
2023-11-19 01:01:48,047 [INFO] OpenFileManager:328 - Restore cursor
2023-11-19 01:01:49,086 [INFO] UtilMem:75 - End SaveConfig() Used Memory: 765179264 Bytes (903872512)
2023-11-19 01:01:49,213 [INFO] UtilMem:75 - End SaveConfig() Used Memory: 544528808 Bytes (903872512)
2023-11-19 01:01:49,722 [INFO] BlockDiagram:2759 - set Specific Code input for plugin: RCC
2023-11-19 01:01:49,722 [INFO] BlockDiagram:2759 - set Specific Code input for plugin: NVIC
2023-11-19 01:01:49,724 [INFO] CodeGenerator:799 - code generatio: config db path: C:\ST\STM32CubeIDE_1.11.2\STM32CubeIDE\plugins\com.st.stm32cube.common.mx_6.9.2.202309101412\\db\
2023-11-19 01:01:50,068 [INFO] CodeEngine:255 - oldGeneratedFile, C:\Users\erkan\STM32CubeIDE\workspace_1.11.2\MFK_HAL_UART_004\MXTmpFiles\license.tmp_save
2023-11-19 01:01:50,547 [INFO] CodeEngine:279 - Generated code: C:\Users\erkan\STM32CubeIDE\workspace_1.11.2\MFK_HAL_UART_004\MXTmpFiles\license.tmp
2023-11-19 01:01:50,583 [INFO] CodeEngine:255 - oldGeneratedFile, C:\Users\erkan\STM32CubeIDE\workspace_1.11.2\MFK_HAL_UART_004\Core\Src\stm32f4xx_it.c_save
2023-11-19 01:01:50,808 [INFO] CodeEngine:279 - Generated code: C:\Users\erkan\STM32CubeIDE\workspace_1.11.2\MFK_HAL_UART_004\Core\Src\stm32f4xx_it.c
2023-11-19 01:01:50,823 [INFO] CodeEngine:255 - oldGeneratedFile, C:\Users\erkan\STM32CubeIDE\workspace_1.11.2\MFK_HAL_UART_004\Core\Inc\stm32f4xx_it.h_save
2023-11-19 01:01:50,972 [INFO] CodeEngine:279 - Generated code: C:\Users\erkan\STM32CubeIDE\workspace_1.11.2\MFK_HAL_UART_004\Core\Inc\stm32f4xx_it.h
2023-11-19 01:01:51,090 [INFO] CodeEngine:255 - oldGeneratedFile, C:\Users\erkan\STM32CubeIDE\workspace_1.11.2\MFK_HAL_UART_004\Core\Src\stm32f4xx_hal_msp.c_save
2023-11-19 01:01:51,320 [INFO] CodeEngine:279 - Generated code: C:\Users\erkan\STM32CubeIDE\workspace_1.11.2\MFK_HAL_UART_004\Core\Src\stm32f4xx_hal_msp.c
2023-11-19 01:01:51,333 [INFO] CodeEngine:255 - oldGeneratedFile, C:\Users\erkan\STM32CubeIDE\workspace_1.11.2\MFK_HAL_UART_004\MXTmpFiles\system.tmp_save
2023-11-19 01:01:51,427 [INFO] CodeEngine:279 - Generated code: C:\Users\erkan\STM32CubeIDE\workspace_1.11.2\MFK_HAL_UART_004\MXTmpFiles\system.tmp
2023-11-19 01:01:51,454 [INFO] CodeEngine:311 - oldGeneratedFile, C:\Users\erkan\STM32CubeIDE\workspace_1.11.2\MFK_HAL_UART_004\Core\Inc\stm32f4xx_hal_conf.h_save
2023-11-19 01:01:51,606 [INFO] CodeEngine:335 - Generated code: C:\Users\erkan\STM32CubeIDE\workspace_1.11.2\MFK_HAL_UART_004\Core\Inc\stm32f4xx_hal_conf.h
2023-11-19 01:01:51,697 [INFO] CodeEngine:255 - oldGeneratedFile, C:\Users\erkan\STM32CubeIDE\workspace_1.11.2\MFK_HAL_UART_004\Core\Inc\main.h_save
2023-11-19 01:01:51,853 [INFO] CodeEngine:279 - Generated code: C:\Users\erkan\STM32CubeIDE\workspace_1.11.2\MFK_HAL_UART_004\Core\Inc\main.h
2023-11-19 01:01:51,872 [INFO] CodeEngine:255 - oldGeneratedFile, C:\Users\erkan\STM32CubeIDE\workspace_1.11.2\MFK_HAL_UART_004\Core\Src\main.c_save
2023-11-19 01:01:52,118 [INFO] CodeEngine:279 - Generated code: C:\Users\erkan\STM32CubeIDE\workspace_1.11.2\MFK_HAL_UART_004\Core\Src\main.c
2023-11-19 01:01:52,771 [INFO] ProjectBuilder:3064 - Time for Copy HAL[1] : 285mS.
2023-11-19 01:01:52,780 [INFO] ProjectBuilder:4404 - Project Generator version: 4.1.0
2023-11-19 01:01:53,222 [INFO] ConfigFileManager:1457 - The Die is : DIE413
2023-11-19 01:01:53,253 [INFO] ApiDbMcu:507 - Load IP Config File for FATFS
2023-11-19 01:01:53,309 [INFO] ApiDbMcu:507 - Load IP Config File for FREERTOS
2023-11-19 01:01:53,355 [INFO] ApiDbMcu:507 - Load IP Config File for LIBJPEG
2023-11-19 01:01:53,506 [INFO] ApiDbMcu:507 - Load IP Config File for LWIP
2023-11-19 01:01:53,607 [INFO] ApiDbMcu:507 - Load IP Config File for MBEDTLS
2023-11-19 01:01:53,678 [INFO] ApiDbMcu:507 - Load IP Config File for USB_DEVICE
2023-11-19 01:01:53,706 [INFO] ApiDbMcu:507 - Load IP Config File for USB_HOST
2023-11-19 01:01:55,627 [INFO] LogOutputStream:77 - [STDOUT_REDIRECT] 
2023-11-19 01:01:58,829 [INFO] ProjectBuilder:4626 - Time for Generating toolchain IDE Files: 6048mS.
2023-11-19 01:01:58,831 [INFO] ProjectBuilder:2935 - Time for Copy CMSIS : 2mS.
2023-11-19 01:01:58,835 [INFO] ProjectBuilder:2935 - Time for Copy CMSIS : 0mS.
2023-11-19 01:01:59,712 [INFO] McuFinderGlobals:76 - Set McuFinderConnectedMode to true
2023-11-19 01:01:59,719 [INFO] ApiDb:448 - Save user favorites file C:\Users\erkan/.stm32cubeide/favorites.mcus.txt: 0 item(s)
2023-11-19 01:01:59,720 [INFO] ApiDb:452 - User favorites MCUs=[]
2023-11-19 01:04:27,525 [INFO] UtilMem:75 - End SaveConfig() Used Memory: 734657656 Bytes (1073741824)
2023-11-19 01:04:28,464 [INFO] UtilMem:75 - End SaveConfig() Used Memory: 763495544 Bytes (1073741824)
2023-11-19 01:04:31,089 [INFO] UtilMem:75 - End SaveConfig() Used Memory: 962746320 Bytes (1073741824)
2023-11-19 01:04:31,493 [INFO] BlockDiagram:2759 - set Specific Code input for plugin: RCC
2023-11-19 01:04:31,493 [INFO] BlockDiagram:2759 - set Specific Code input for plugin: NVIC
2023-11-19 01:04:31,493 [INFO] BlockDiagram:2759 - set Specific Code input for plugin: USART
2023-11-19 01:04:31,494 [INFO] BlockDiagram:2759 - set Specific Code input for plugin: GPIO
2023-11-19 01:04:31,496 [INFO] CodeGenerator:799 - code generatio: config db path: C:\ST\STM32CubeIDE_1.11.2\STM32CubeIDE\plugins\com.st.stm32cube.common.mx_6.9.2.202309101412\\db\
2023-11-19 01:04:31,668 [INFO] CodeEngine:255 - oldGeneratedFile, C:\Users\erkan\STM32CubeIDE\workspace_1.11.2\MFK_HAL_UART_004\MXTmpFiles\license.tmp_save
2023-11-19 01:04:31,788 [INFO] CodeEngine:279 - Generated code: C:\Users\erkan\STM32CubeIDE\workspace_1.11.2\MFK_HAL_UART_004\MXTmpFiles\license.tmp
2023-11-19 01:04:31,908 [INFO] CodeEngine:255 - oldGeneratedFile, C:\Users\erkan\STM32CubeIDE\workspace_1.11.2\MFK_HAL_UART_004\MXTmpFiles\gpio.tmp_save
2023-11-19 01:04:32,116 [INFO] CodeEngine:279 - Generated code: C:\Users\erkan\STM32CubeIDE\workspace_1.11.2\MFK_HAL_UART_004\MXTmpFiles\gpio.tmp
2023-11-19 01:04:32,270 [INFO] CodeEngine:255 - oldGeneratedFile, C:\Users\erkan\STM32CubeIDE\workspace_1.11.2\MFK_HAL_UART_004\Core\Src\stm32f4xx_it.c_save
2023-11-19 01:04:32,368 [INFO] CodeEngine:279 - Generated code: C:\Users\erkan\STM32CubeIDE\workspace_1.11.2\MFK_HAL_UART_004\Core\Src\stm32f4xx_it.c
2023-11-19 01:04:32,379 [INFO] CodeEngine:255 - oldGeneratedFile, C:\Users\erkan\STM32CubeIDE\workspace_1.11.2\MFK_HAL_UART_004\Core\Inc\stm32f4xx_it.h_save
2023-11-19 01:04:32,471 [INFO] CodeEngine:279 - Generated code: C:\Users\erkan\STM32CubeIDE\workspace_1.11.2\MFK_HAL_UART_004\Core\Inc\stm32f4xx_it.h
2023-11-19 01:04:32,536 [INFO] CodeEngine:255 - oldGeneratedFile, C:\Users\erkan\STM32CubeIDE\workspace_1.11.2\MFK_HAL_UART_004\Core\Src\stm32f4xx_hal_msp.c_save
2023-11-19 01:04:32,675 [INFO] CodeEngine:279 - Generated code: C:\Users\erkan\STM32CubeIDE\workspace_1.11.2\MFK_HAL_UART_004\Core\Src\stm32f4xx_hal_msp.c
2023-11-19 01:04:32,685 [INFO] CodeEngine:255 - oldGeneratedFile, C:\Users\erkan\STM32CubeIDE\workspace_1.11.2\MFK_HAL_UART_004\MXTmpFiles\system.tmp_save
2023-11-19 01:04:32,742 [INFO] CodeEngine:279 - Generated code: C:\Users\erkan\STM32CubeIDE\workspace_1.11.2\MFK_HAL_UART_004\MXTmpFiles\system.tmp
2023-11-19 01:04:32,770 [INFO] CodeEngine:311 - oldGeneratedFile, C:\Users\erkan\STM32CubeIDE\workspace_1.11.2\MFK_HAL_UART_004\Core\Inc\stm32f4xx_hal_conf.h_save
2023-11-19 01:04:32,906 [INFO] CodeEngine:335 - Generated code: C:\Users\erkan\STM32CubeIDE\workspace_1.11.2\MFK_HAL_UART_004\Core\Inc\stm32f4xx_hal_conf.h
2023-11-19 01:04:33,004 [INFO] CodeEngine:255 - oldGeneratedFile, C:\Users\erkan\STM32CubeIDE\workspace_1.11.2\MFK_HAL_UART_004\Core\Inc\main.h_save
2023-11-19 01:04:33,075 [INFO] CodeEngine:279 - Generated code: C:\Users\erkan\STM32CubeIDE\workspace_1.11.2\MFK_HAL_UART_004\Core\Inc\main.h
2023-11-19 01:04:33,095 [INFO] CodeEngine:255 - oldGeneratedFile, C:\Users\erkan\STM32CubeIDE\workspace_1.11.2\MFK_HAL_UART_004\Core\Src\main.c_save
2023-11-19 01:04:33,211 [INFO] CodeEngine:279 - Generated code: C:\Users\erkan\STM32CubeIDE\workspace_1.11.2\MFK_HAL_UART_004\Core\Src\main.c
2023-11-19 01:04:33,862 [INFO] ProjectBuilder:3064 - Time for Copy HAL[1] : 256mS.
2023-11-19 01:04:33,867 [INFO] ProjectBuilder:4404 - Project Generator version: 4.1.0
2023-11-19 01:04:34,096 [INFO] ConfigFileManager:1457 - The Die is : DIE413
2023-11-19 01:04:36,008 [INFO] ProjectBuilder:4626 - Time for Generating toolchain IDE Files: 2141mS.
2023-11-19 01:04:36,009 [INFO] ProjectBuilder:2935 - Time for Copy CMSIS : 1mS.
2023-11-19 01:04:36,013 [INFO] ProjectBuilder:2935 - Time for Copy CMSIS : 1mS.
2023-11-19 01:38:24,162 [ERROR] LogOutputStream:75 - [STDERR_REDIRECT] 
