2024-05-20 15:51:58,182 [INFO] Activator:176 - 


2024-05-20 15:51:58,189 [INFO] Activator:177 - !SESSION log4j initialized
2024-05-20 15:52:04,655 [INFO] LogOutputStream:77 - [STDOUT_REDIRECT] 
2024-05-20 15:52:07,071 [INFO] ApplicationProperties:184 - Using Application install path: C:\ST\STM32CubeIDE_1.11.2\STM32CubeIDE\plugins\com.st.stm32cube.common.mx_6.11.1.202404110753
2024-05-20 15:52:07,096 [INFO] DbMcusXml:78 - Set database path to: C:\ST\STM32CubeIDE_1.11.2\STM32CubeIDE\plugins\com.st.stm32cube.common.mx_6.11.1.202404110753\\db\/mcu/
2024-05-20 15:52:07,097 [INFO] ApiDb:274 - Set plugin database path to: C:\ST\STM32CubeIDE_1.11.2\STM32CubeIDE\plugins\com.st.stm32cube.common.mx_6.11.1.202404110753\\db\/plugins/boardmanager/
2024-05-20 15:52:07,098 [WARN] ApiDb:259 - Overriding images path with different value:  => C:\ST\STM32CubeIDE_1.11.2\STM32CubeIDE\plugins\com.st.stm32cube.common.mx_6.11.1.202404110753\\db\/plugins/mcufinder/images/
2024-05-20 15:52:07,120 [INFO] ApiDb:250 - Set database path to: C:\Users\erkan\.stmcufinder\plugins\mcufinder//mcu/
2024-05-20 15:52:07,121 [INFO] DbMcusAds:125 - Set database path to: C:\Users\erkan\.stmcufinder\plugins\mcufinder//mcu/
2024-05-20 15:52:07,123 [INFO] CrossReferenceDbSqlite:203 - Set database path to: C:\Users\erkan\.stmcufinder\plugins\mcufinder//mcu/cs/
2024-05-20 15:52:07,282 [INFO] RulesReader:64 - Compatibility file has been processed (297 Rules)
2024-05-20 15:52:07,391 [INFO] DbMcusXml:78 - Set database path to: C:\ST\STM32CubeIDE_1.11.2\STM32CubeIDE\plugins\com.st.stm32cube.common.mx_6.11.1.202404110753\\db\/mcu/
2024-05-20 15:52:07,391 [INFO] ApiDb:274 - Set plugin database path to: C:\ST\STM32CubeIDE_1.11.2\STM32CubeIDE\plugins\com.st.stm32cube.common.mx_6.11.1.202404110753\\db\/plugins/boardmanager/
2024-05-20 15:52:07,392 [INFO] ApiDb:261 - Set plugin images path to: C:\ST\STM32CubeIDE_1.11.2\STM32CubeIDE\plugins\com.st.stm32cube.common.mx_6.11.1.202404110753\\db\/plugins/mcufinder/images/
2024-05-20 15:52:07,392 [WARN] DbFile:41 - Overriding database path with different value: C:\Users\erkan\.stmcufinder\plugins\mcufinder/ => C:\Users\erkan\.stmcufinder\plugins\mcufinder
2024-05-20 15:52:07,392 [INFO] ApiDb:250 - Set database path to: C:\Users\erkan\.stmcufinder\plugins\mcufinder//mcu/
2024-05-20 15:52:07,392 [WARN] DbFile:41 - Overriding database path with different value: C:\Users\erkan\.stmcufinder\plugins\mcufinder/ => C:\Users\erkan\.stmcufinder\plugins\mcufinder
2024-05-20 15:52:07,392 [INFO] DbMcusAds:125 - Set database path to: C:\Users\erkan\.stmcufinder\plugins\mcufinder//mcu/
2024-05-20 15:52:07,392 [WARN] DbFile:41 - Overriding database path with different value: C:\Users\erkan\.stmcufinder\plugins\mcufinder/ => C:\Users\erkan\.stmcufinder\plugins\mcufinder
2024-05-20 15:52:07,392 [WARN] DbFile:41 - Overriding database path with different value: C:\Users\erkan\.stmcufinder\plugins\mcufinder/ => C:\Users\erkan\.stmcufinder\plugins\mcufinder
2024-05-20 15:52:07,392 [INFO] CrossReferenceDbSqlite:203 - Set database path to: C:\Users\erkan\.stmcufinder\plugins\mcufinder//mcu/cs/
2024-05-20 15:52:07,498 [INFO] MainPanel:264 - HeapMemory: 268435456
2024-05-20 15:52:07,644 [INFO] DbMcusXml:78 - Set database path to: C:\ST\STM32CubeIDE_1.11.2\STM32CubeIDE\plugins\com.st.stm32cube.common.mx_6.11.1.202404110753\\db\/mcu/
2024-05-20 15:52:07,644 [INFO] ApiDb:274 - Set plugin database path to: C:\ST\STM32CubeIDE_1.11.2\STM32CubeIDE\plugins\com.st.stm32cube.common.mx_6.11.1.202404110753\\db\/plugins/boardmanager/
2024-05-20 15:52:07,644 [INFO] ApiDb:261 - Set plugin images path to: C:\ST\STM32CubeIDE_1.11.2\STM32CubeIDE\plugins\com.st.stm32cube.common.mx_6.11.1.202404110753\\db\/plugins/mcufinder/images/
2024-05-20 15:52:07,644 [WARN] DbFile:41 - Overriding database path with different value: C:\Users\erkan\.stmcufinder\plugins\mcufinder/ => C:\Users\erkan\.stmcufinder\plugins\mcufinder
2024-05-20 15:52:07,645 [INFO] ApiDb:250 - Set database path to: C:\Users\erkan\.stmcufinder\plugins\mcufinder//mcu/
2024-05-20 15:52:07,645 [WARN] DbFile:41 - Overriding database path with different value: C:\Users\erkan\.stmcufinder\plugins\mcufinder/ => C:\Users\erkan\.stmcufinder\plugins\mcufinder
2024-05-20 15:52:07,645 [INFO] DbMcusAds:125 - Set database path to: C:\Users\erkan\.stmcufinder\plugins\mcufinder//mcu/
2024-05-20 15:52:07,645 [WARN] DbFile:41 - Overriding database path with different value: C:\Users\erkan\.stmcufinder\plugins\mcufinder/ => C:\Users\erkan\.stmcufinder\plugins\mcufinder
2024-05-20 15:52:07,645 [WARN] DbFile:41 - Overriding database path with different value: C:\Users\erkan\.stmcufinder\plugins\mcufinder/ => C:\Users\erkan\.stmcufinder\plugins\mcufinder
2024-05-20 15:52:07,645 [INFO] CrossReferenceDbSqlite:203 - Set database path to: C:\Users\erkan\.stmcufinder\plugins\mcufinder//mcu/cs/
2024-05-20 15:52:07,684 [INFO] ApplicationProperties:184 - Using Application install path: C:\ST\STM32CubeIDE_1.11.2\STM32CubeIDE\plugins\com.st.stm32cube.common.mx_6.11.1.202404110753
2024-05-20 15:52:07,687 [INFO] PluginManage:196 - Search for loadable plugins [exclusion list=, ]
2024-05-20 15:52:07,689 [INFO] PluginManage:310 - Check plugin analytics
2024-05-20 15:52:07,922 [INFO] AnalyticsPlugin:253 - Accepted Software Licenses: STM32CubeMX.6.9.2
2024-05-20 15:52:07,922 [INFO] AnalyticsPlugin:255 - Accepted CMSIS Pack Licenses: 
2024-05-20 15:52:07,922 [INFO] AnalyticsPlugin:257 - Accepted Firmware Licenses: 
2024-05-20 15:52:07,926 [INFO] PluginManage:359 - Loaded plugin analytics (category:tool,tabindex:-1)
2024-05-20 15:52:07,927 [INFO] PluginManage:310 - Check plugin cadmodel
2024-05-20 15:52:07,948 [INFO] CADModel:105 - Init CAD model plugin
2024-05-20 15:52:07,948 [INFO] PluginManage:359 - Loaded plugin cadmodel (category:power,tabindex:5)
2024-05-20 15:52:07,949 [INFO] PluginManage:310 - Check plugin clock
2024-05-20 15:52:07,975 [INFO] PluginManage:359 - Loaded plugin clock (category:base,tabindex:2)
2024-05-20 15:52:07,975 [INFO] PluginManage:310 - Check plugin ddr
2024-05-20 15:52:07,978 [INFO] PluginManage:359 - Loaded plugin ddr (category:tool,tabindex:6)
2024-05-20 15:52:07,978 [INFO] PluginManage:310 - Check plugin filemanager
2024-05-20 15:52:08,154 [INFO] PluginManage:359 - Loaded plugin filemanager (category:base,tabindex:10)
2024-05-20 15:52:08,154 [INFO] PluginManage:310 - Check plugin ipmanager
2024-05-20 15:52:08,168 [INFO] PluginManage:359 - Loaded plugin ipmanager (category:base,tabindex:5)
2024-05-20 15:52:08,168 [INFO] PluginManage:310 - Check plugin lpbam
2024-05-20 15:52:08,189 [INFO] PluginManage:359 - Loaded plugin lpbam (category:base,tabindex:0)
2024-05-20 15:52:08,189 [INFO] PluginManage:310 - Check plugin memorymap
2024-05-20 15:52:08,225 [INFO] PluginManage:359 - Loaded plugin memorymap (category:base,tabindex:4)
2024-05-20 15:52:08,225 [INFO] PluginManage:310 - Check plugin pinoutandconfiguration
2024-05-20 15:52:08,250 [INFO] PluginManage:359 - Loaded plugin pinoutandconfiguration (category:base,tabindex:1)
2024-05-20 15:52:08,250 [INFO] PluginManage:310 - Check plugin pinoutconfig
2024-05-20 15:52:08,379 [WARN] SupportedApi:132 - Cannot load RTOS API schema: s4s-elt-must-match.1: The content of 'definitions' must match (annotation?, (simpleType | complexType)?, (unique | key | keyref)*)). A problem was found starting at: attribute.
2024-05-20 15:52:08,557 [INFO] PluginManage:359 - Loaded plugin pinoutconfig (category:base,tabindex:0)
2024-05-20 15:52:08,557 [INFO] PluginManage:310 - Check plugin power
2024-05-20 15:52:08,581 [INFO] PluginManage:359 - Loaded plugin power (category:power,tabindex:4)
2024-05-20 15:52:08,581 [INFO] PluginManage:310 - Check plugin projectmanager
2024-05-20 15:52:08,601 [INFO] PluginManage:359 - Loaded plugin projectmanager (category:projectmanager,tabindex:3)
2024-05-20 15:52:08,602 [INFO] PluginManage:310 - Check plugin thirdparty
2024-05-20 15:52:08,944 [INFO] PluginManage:359 - Loaded plugin thirdparty (category:base,tabindex:-1)
2024-05-20 15:52:08,944 [INFO] PluginManage:310 - Check plugin tools
2024-05-20 15:52:08,944 [WARN] IntegrityCheckThread:84 - waiting for thirdparty lock release [integrity check]
2024-05-20 15:52:08,945 [INFO] IntegrityCheckThread:86 - entering critical section [integrity check]
2024-05-20 15:52:08,947 [INFO] ThirdPartyUpdaterWithRetryManager:70 - Updater plugin not ready yet. [1/15]
2024-05-20 15:52:09,006 [INFO] PluginManage:359 - Loaded plugin tools (category:base,tabindex:7)
2024-05-20 15:52:09,007 [INFO] PluginManage:310 - Check plugin tutovideos
2024-05-20 15:52:09,283 [INFO] PluginManage:359 - Loaded plugin tutovideos (category:base,tabindex:-1)
2024-05-20 15:52:09,284 [INFO] PluginManage:310 - Check plugin updater
2024-05-20 15:52:09,297 [INFO] PluginManage:359 - Loaded plugin updater (category:base,tabindex:12)
2024-05-20 15:52:09,297 [INFO] PluginManage:310 - Check plugin userauth
2024-05-20 15:52:09,303 [INFO] UserAuth:114 - Init User Auth plugin
2024-05-20 15:52:09,303 [INFO] PluginManage:359 - Loaded plugin userauth (category:base,tabindex:14)
2024-05-20 15:52:09,303 [INFO] PluginManage:283 - PluginManage : Loaded plugins [17]
2024-05-20 15:52:09,605 [INFO] PinOutPanel:1561 - setPackage(No Configuration,No Configuration)
2024-05-20 15:52:09,698 [INFO] CADModel:165 - CPN selected for project level
2024-05-20 15:52:09,698 [INFO] CADModel:114 - Register for checkConnection events
2024-05-20 15:52:09,723 [INFO] IPUIPlugin:80 - create IPUIPlugin
2024-05-20 15:52:09,723 [INFO] PluginManager:220 - loadIPPluginJar : add adc
2024-05-20 15:52:09,764 [INFO] IPUIPlugin:80 - create IPUIPlugin
2024-05-20 15:52:09,764 [INFO] PluginManager:220 - loadIPPluginJar : add aes
2024-05-20 15:52:09,814 [INFO] IPUIPlugin:80 - create IPUIPlugin
2024-05-20 15:52:09,814 [INFO] PluginManager:220 - loadIPPluginJar : add can
2024-05-20 15:52:09,842 [INFO] IPUIPlugin:80 - create IPUIPlugin
2024-05-20 15:52:09,842 [INFO] PluginManager:220 - loadIPPluginJar : add comp
2024-05-20 15:52:09,885 [INFO] IPUIPlugin:80 - create IPUIPlugin
2024-05-20 15:52:09,885 [INFO] PluginManager:220 - loadIPPluginJar : add cryp
2024-05-20 15:52:09,916 [INFO] IPUIPlugin:80 - create IPUIPlugin
2024-05-20 15:52:09,916 [INFO] PluginManager:220 - loadIPPluginJar : add dfsdm
2024-05-20 15:52:09,930 [INFO] IPUIPlugin:80 - create IPUIPlugin
2024-05-20 15:52:09,930 [INFO] PluginManager:220 - loadIPPluginJar : add dma
2024-05-20 15:52:09,973 [INFO] IPUIPlugin:80 - create IPUIPlugin
2024-05-20 15:52:09,973 [INFO] PluginManager:220 - loadIPPluginJar : add dma3
2024-05-20 15:52:10,017 [INFO] IPUIPlugin:80 - create IPUIPlugin
2024-05-20 15:52:10,017 [INFO] PluginManager:220 - loadIPPluginJar : add extmemmanager
2024-05-20 15:52:10,038 [INFO] IPUIPlugin:80 - create IPUIPlugin
2024-05-20 15:52:10,038 [INFO] PluginManager:220 - loadIPPluginJar : add fatfs
2024-05-20 15:52:10,084 [INFO] IPUIPlugin:80 - create IPUIPlugin
2024-05-20 15:52:10,084 [INFO] PluginManager:220 - loadIPPluginJar : add fmc
2024-05-20 15:52:10,099 [INFO] IPUIPlugin:80 - create IPUIPlugin
2024-05-20 15:52:10,100 [INFO] PluginManager:220 - loadIPPluginJar : add freertos
2024-05-20 15:52:10,121 [INFO] IPUIPlugin:80 - create IPUIPlugin
2024-05-20 15:52:10,121 [INFO] PluginManager:220 - loadIPPluginJar : add genericplugin
2024-05-20 15:52:10,217 [INFO] IPUIPlugin:80 - create IPUIPlugin
2024-05-20 15:52:10,217 [INFO] PluginManager:220 - loadIPPluginJar : add gfxmmu
2024-05-20 15:52:10,352 [INFO] IPUIPlugin:80 - create IPUIPlugin
2024-05-20 15:52:10,352 [INFO] PluginManager:220 - loadIPPluginJar : add gic
2024-05-20 15:52:10,366 [INFO] IPUIPlugin:80 - create IPUIPlugin
2024-05-20 15:52:10,366 [INFO] PluginManager:220 - loadIPPluginJar : add gpio
2024-05-20 15:52:10,454 [INFO] IPUIPlugin:80 - create IPUIPlugin
2024-05-20 15:52:10,455 [INFO] PluginManager:220 - loadIPPluginJar : add gtzc
2024-05-20 15:52:10,489 [INFO] IPUIPlugin:80 - create IPUIPlugin
2024-05-20 15:52:10,489 [INFO] PluginManager:220 - loadIPPluginJar : add hash
2024-05-20 15:52:10,549 [INFO] IPUIPlugin:80 - create IPUIPlugin
2024-05-20 15:52:10,549 [INFO] PluginManager:220 - loadIPPluginJar : add i2c
2024-05-20 15:52:10,588 [INFO] IPUIPlugin:80 - create IPUIPlugin
2024-05-20 15:52:10,588 [INFO] PluginManager:220 - loadIPPluginJar : add i2s
2024-05-20 15:52:10,629 [INFO] IPUIPlugin:80 - create IPUIPlugin
2024-05-20 15:52:10,629 [INFO] PluginManager:220 - loadIPPluginJar : add i3c
2024-05-20 15:52:10,732 [INFO] IPUIPlugin:80 - create IPUIPlugin
2024-05-20 15:52:10,732 [INFO] PluginManager:220 - loadIPPluginJar : add ipddr
2024-05-20 15:52:10,826 [INFO] IPUIPlugin:80 - create IPUIPlugin
2024-05-20 15:52:10,827 [INFO] PluginManager:220 - loadIPPluginJar : add linkedlist
2024-05-20 15:52:10,861 [INFO] IPUIPlugin:80 - create IPUIPlugin
2024-05-20 15:52:10,862 [INFO] PluginManager:220 - loadIPPluginJar : add lorawan
2024-05-20 15:52:10,898 [INFO] IPUIPlugin:80 - create IPUIPlugin
2024-05-20 15:52:10,899 [INFO] PluginManager:220 - loadIPPluginJar : add ltdc
2024-05-20 15:52:10,913 [INFO] IPUIPlugin:80 - create IPUIPlugin
2024-05-20 15:52:10,913 [INFO] PluginManager:220 - loadIPPluginJar : add mdma
2024-05-20 15:52:10,925 [INFO] IPUIPlugin:80 - create IPUIPlugin
2024-05-20 15:52:10,926 [INFO] PluginManager:220 - loadIPPluginJar : add nvic
2024-05-20 15:52:10,963 [INFO] IPUIPlugin:80 - create IPUIPlugin
2024-05-20 15:52:10,963 [INFO] PluginManager:220 - loadIPPluginJar : add opamp
2024-05-20 15:52:11,030 [INFO] IPUIPlugin:80 - create IPUIPlugin
2024-05-20 15:52:11,030 [INFO] PluginManager:220 - loadIPPluginJar : add openamp
2024-05-20 15:52:11,082 [INFO] IPUIPlugin:80 - create IPUIPlugin
2024-05-20 15:52:11,082 [INFO] PluginManager:220 - loadIPPluginJar : add pdm2pcm
2024-05-20 15:52:11,098 [INFO] IPUIPlugin:80 - create IPUIPlugin
2024-05-20 15:52:11,101 [INFO] PluginManager:220 - loadIPPluginJar : add plateformsettings
2024-05-20 15:52:11,124 [INFO] IPUIPlugin:80 - create IPUIPlugin
2024-05-20 15:52:11,124 [INFO] PluginManager:220 - loadIPPluginJar : add quadspi
2024-05-20 15:52:11,136 [INFO] IPUIPlugin:80 - create IPUIPlugin
2024-05-20 15:52:11,137 [INFO] PluginManager:220 - loadIPPluginJar : add resmgrutility
2024-05-20 15:52:11,184 [INFO] IPUIPlugin:80 - create IPUIPlugin
2024-05-20 15:52:11,184 [INFO] PluginManager:220 - loadIPPluginJar : add sai
2024-05-20 15:52:11,222 [INFO] IPUIPlugin:80 - create IPUIPlugin
2024-05-20 15:52:11,222 [INFO] PluginManager:220 - loadIPPluginJar : add spi
2024-05-20 15:52:11,292 [INFO] IPUIPlugin:80 - create IPUIPlugin
2024-05-20 15:52:11,292 [INFO] PluginManager:220 - loadIPPluginJar : add stm32_wpan
2024-05-20 15:52:11,316 [INFO] IPUIPlugin:80 - create IPUIPlugin
2024-05-20 15:52:11,316 [INFO] PluginManager:220 - loadIPPluginJar : add tim
2024-05-20 15:52:11,381 [INFO] IPUIPlugin:80 - create IPUIPlugin
2024-05-20 15:52:11,381 [INFO] PluginManager:220 - loadIPPluginJar : add touchsensing
2024-05-20 15:52:11,405 [INFO] IPUIPlugin:80 - create IPUIPlugin
2024-05-20 15:52:11,405 [INFO] PluginManager:220 - loadIPPluginJar : add tracer_emb
2024-05-20 15:52:11,430 [INFO] IPUIPlugin:80 - create IPUIPlugin
2024-05-20 15:52:11,430 [INFO] PluginManager:220 - loadIPPluginJar : add ts
2024-05-20 15:52:11,452 [INFO] IPUIPlugin:80 - create IPUIPlugin
2024-05-20 15:52:11,453 [INFO] PluginManager:220 - loadIPPluginJar : add tsc
2024-05-20 15:52:11,476 [INFO] IPUIPlugin:80 - create IPUIPlugin
2024-05-20 15:52:11,476 [INFO] PluginManager:220 - loadIPPluginJar : add ucpd
2024-05-20 15:52:11,521 [INFO] IPUIPlugin:80 - create IPUIPlugin
2024-05-20 15:52:11,521 [INFO] PluginManager:220 - loadIPPluginJar : add usart
2024-05-20 15:52:11,564 [INFO] IPUIPlugin:80 - create IPUIPlugin
2024-05-20 15:52:11,565 [INFO] PluginManager:220 - loadIPPluginJar : add usbx
2024-05-20 15:52:11,708 [INFO] CADModel:165 - CPN selected for project level
2024-05-20 15:52:11,708 [INFO] CADModel:114 - Register for checkConnection events
2024-05-20 15:52:11,708 [FATAL] Updater:308 - Updater called before beeing initialized
2024-05-20 15:52:11,708 [ERROR] CADModel:125 - Updater not yet initialized, retry later 
2024-05-20 15:52:11,870 [INFO] CADModel:165 - CPN selected for project level
2024-05-20 15:52:11,870 [INFO] CADModel:114 - Register for checkConnection events
2024-05-20 15:52:11,870 [FATAL] Updater:308 - Updater called before beeing initialized
2024-05-20 15:52:11,870 [ERROR] CADModel:125 - Updater not yet initialized, retry later 
2024-05-20 15:52:11,874 [FATAL] Updater:308 - Updater called before beeing initialized
2024-05-20 15:52:11,947 [INFO] ThirdPartyUpdaterWithRetryManager:70 - Updater plugin not ready yet. [2/15]
2024-05-20 15:52:11,994 [FATAL] Updater:308 - Updater called before beeing initialized
2024-05-20 15:52:12,005 [INFO] DbMcusAds:53 - JSON generation date=Thu May 16 11:22:00 CEST 2024 (1715851320852)
2024-05-20 15:52:12,006 [FATAL] Updater:308 - Updater called before beeing initialized
2024-05-20 15:52:12,092 [WARN] DetailPanel:346 - Failed to get advertising image, set to default
2024-05-20 15:52:12,189 [FATAL] Updater:308 - Updater called before beeing initialized
2024-05-20 15:52:12,191 [FATAL] Updater:308 - Updater called before beeing initialized
2024-05-20 15:52:12,191 [FATAL] Updater:308 - Updater called before beeing initialized
2024-05-20 15:52:12,191 [WARN] DetailPanel:346 - Failed to get advertising image, set to default
2024-05-20 15:52:12,192 [FATAL] Updater:308 - Updater called before beeing initialized
2024-05-20 15:52:12,267 [ERROR] Updater:1120 - MainUpdater not yet initialized. External WinMGr cannot be set.
2024-05-20 15:52:12,280 [INFO] Updater:1056 - Updater Version found : 6.11.1
2024-05-20 15:52:12,296 [INFO] ApplicationProperties:184 - Using Application install path: C:\ST\STM32CubeIDE_1.11.2\STM32CubeIDE\plugins\com.st.stm32cube.common.mx_6.11.1.202404110753
2024-05-20 15:52:12,721 [INFO] MainUpdater:2873 - connection check result : 10
2024-05-20 15:52:12,722 [INFO] MainUpdater:290 - Updater Check For Update Now.
2024-05-20 15:52:12,722 [INFO] MicroXplorer:498 - Change Database Version : DB.6.0.111
2024-05-20 15:52:12,740 [INFO] McuFinderGlobals:63 - Set McuFinder mode to 2 (CubeIDE integrated)
2024-05-20 15:52:12,741 [INFO] UserAuth:179 - activating auth plugin
2024-05-20 15:52:12,744 [INFO] UserAuth:415 - Internet connection configuration mode: 1
2024-05-20 15:52:12,774 [INFO] JxBrowserEngine:152 - Initiate JxBrowser Engine with user profile folder
2024-05-20 15:52:12,932 [INFO] CheckServerUpdateThread:120 - End of CheckServer Thread
2024-05-20 15:52:15,194 [WARN] PackLoader:240 - Cannot read IP mode file for STMicroelectronics.FP-SNS-MOTENVWB1.1.4.0
2024-05-20 15:52:15,212 [WARN] PackLoader:240 - Cannot read IP mode file for STMicroelectronics.X-CUBE-SMBUS.2.1.0
2024-05-20 15:52:15,227 [WARN] PackLoader:240 - Cannot read IP mode file for STMicroelectronics.X-CUBE-TOUCHGFX.4.23.0
2024-05-20 15:52:15,238 [WARN] PackLoader:240 - Cannot read IP mode file for STMicroelectronics.X-CUBE-TOUCHGFX.4.23.2
2024-05-20 15:52:15,277 [WARN] PackLoader:240 - Cannot read IP mode file for STMicroelectronics.X-CUBE-AZRTOS-F7.1.1.0
2024-05-20 15:52:15,296 [WARN] PackLoader:240 - Cannot read IP mode file for STMicroelectronics.FP-SNS-MOTENV1.4.3.2
2024-05-20 15:52:15,317 [WARN] PackLoader:240 - Cannot read IP mode file for STMicroelectronics.X-CUBE-BLE1.6.2.4
2024-05-20 15:52:15,333 [WARN] PackLoader:240 - Cannot read IP mode file for STMicroelectronics.FP-SNS-FLIGHT1.5.0.2
2024-05-20 15:52:15,351 [WARN] PackLoader:240 - Cannot read IP mode file for STMicroelectronics.X-CUBE-DISPLAY.3.0.0
2024-05-20 15:52:15,371 [WARN] PackLoader:240 - Cannot read IP mode file for STMicroelectronics.X-CUBE-BLE1.7.0.0
2024-05-20 15:52:15,389 [WARN] PackLoader:240 - Cannot read IP mode file for STMicroelectronics.X-CUBE-TOUCHGFX.4.22.0
2024-05-20 15:52:15,406 [WARN] PackLoader:240 - Cannot read IP mode file for STMicroelectronics.X-CUBE-TOUCHGFX.4.22.1
2024-05-20 15:52:15,425 [WARN] PackLoader:240 - Cannot read IP mode file for STMicroelectronics.X-CUBE-BLEMGR.3.1.0
2024-05-20 15:52:15,441 [WARN] PackLoader:240 - Cannot read IP mode file for STMicroelectronics.FP-SNS-SMARTAG2.1.2.0
2024-05-20 15:52:15,465 [INFO] LogOutputStream:77 - [STDOUT_REDIRECT] 1 : Invalid condition id : UX_CORESTACK_Condition cause : null
2024-05-20 15:52:15,466 [INFO] LogOutputStream:77 - [STDOUT_REDIRECT] 1 : Invalid condition id : UX_CORESTACK_Condition cause : null
2024-05-20 15:52:15,467 [INFO] LogOutputStream:77 - [STDOUT_REDIRECT] 1 : Invalid condition id : UX_CORESTACK_Condition cause : null
2024-05-20 15:52:15,468 [INFO] LogOutputStream:77 - [STDOUT_REDIRECT] 1 : Invalid condition id : UX_CORESTACK_Condition cause : null
2024-05-20 15:52:15,469 [INFO] LogOutputStream:77 - [STDOUT_REDIRECT] 1 : Invalid condition id : UX_CORESTACK_Condition cause : null
2024-05-20 15:52:15,472 [WARN] PackLoader:240 - Cannot read IP mode file for STMicroelectronics.X-CUBE-AZRTOS-WL.2.0.0
2024-05-20 15:52:15,488 [WARN] PackLoader:240 - Cannot read IP mode file for STMicroelectronics.FP-SNS-MOTENV1.5.0.0
2024-05-20 15:52:15,506 [WARN] PackLoader:240 - Cannot read IP mode file for WES.I-CUBE-Cesium.1.3.0
2024-05-20 15:52:15,520 [WARN] PackLoader:240 - Cannot read IP mode file for STMicroelectronics.X-CUBE-BLE2.3.3.0
2024-05-20 15:52:15,542 [WARN] PackLoader:240 - Cannot read IP mode file for STMicroelectronics.X-CUBE-TOF1.3.2.0
2024-05-20 15:52:15,562 [WARN] PackLoader:240 - Cannot read IP mode file for STMicroelectronics.X-CUBE-TCPP.4.1.0
2024-05-20 15:52:15,577 [WARN] PackLoader:240 - Cannot read IP mode file for STMicroelectronics.X-CUBE-TOUCHGFX.4.21.1
2024-05-20 15:52:15,589 [WARN] PackLoader:240 - Cannot read IP mode file for STMicroelectronics.X-CUBE-AI.7.3.0
2024-05-20 15:52:15,601 [WARN] PackLoader:240 - Cannot read IP mode file for STMicroelectronics.X-CUBE-ALGOBUILD.1.3.0
2024-05-20 15:52:15,628 [WARN] PackLoader:240 - Cannot read IP mode file for STMicroelectronics.X-CUBE-AZRTOS-G0.1.1.0
2024-05-20 15:52:15,643 [WARN] PackLoader:240 - Cannot read IP mode file for STMicroelectronics.X-CUBE-SAFEA1.1.2.2
2024-05-20 15:52:15,658 [WARN] PackLoader:240 - Cannot read IP mode file for STMicroelectronics.X-CUBE-NFC4.3.0.0
2024-05-20 15:52:15,677 [WARN] PackLoader:240 - Cannot read IP mode file for STMicroelectronics.X-CUBE-BLEMGR.3.0.0
2024-05-20 15:52:15,693 [WARN] PackLoader:240 - Cannot read IP mode file for STMicroelectronics.X-CUBE-BLEMGR.1.3.0
2024-05-20 15:52:15,705 [WARN] PackLoader:240 - Cannot read IP mode file for STMicroelectronics.FP-ATR-SIGFOX1.3.2.0
2024-05-20 15:52:15,719 [WARN] PackLoader:240 - Cannot read IP mode file for STMicroelectronics.X-CUBE-EEPRMA1.5.1.0
2024-05-20 15:52:15,761 [WARN] PackLoader:240 - Cannot read IP mode file for STMicroelectronics.X-CUBE-MEMS1.9.5.0
2024-05-20 15:52:15,926 [WARN] PackLoader:240 - Cannot read IP mode file for SEGGER.I-CUBE-embOS.1.3.1
2024-05-20 15:52:15,966 [WARN] PackLoader:240 - Cannot read IP mode file for STMicroelectronics.X-CUBE-ALGOBUILD.1.4.0
2024-05-20 15:52:15,979 [WARN] PackLoader:240 - Cannot read IP mode file for STMicroelectronics.X-CUBE-GNSS1.6.0.0
2024-05-20 15:52:16,007 [WARN] PackLoader:240 - Cannot read IP mode file for STMicroelectronics.X-CUBE-AZRTOS-F4.1.1.0
2024-05-20 15:52:16,023 [WARN] PackLoader:240 - Cannot read IP mode file for STMicroelectronics.X-CUBE-FREERTOS.1.2.0
2024-05-20 15:52:16,054 [WARN] PackLoader:240 - Cannot read IP mode file for STMicroelectronics.X-CUBE-AZRTOS-L5.2.0.0
2024-05-20 15:52:16,103 [WARN] PackLoader:240 - Cannot read IP mode file for STMicroelectronics.X-CUBE-MEMS1.9.6.0
2024-05-20 15:52:16,207 [WARN] PackLoader:240 - Cannot read IP mode file for STMicroelectronics.X-CUBE-EEPRMA1.4.2.0
2024-05-20 15:52:16,225 [WARN] PackLoader:240 - Cannot read IP mode file for STMicroelectronics.X-CUBE-NFC6.3.1.0
2024-05-20 15:52:16,241 [WARN] PackLoader:240 - Cannot read IP mode file for ITTIA_DB.I-CUBE-ITTIADB.8.8.0
2024-05-20 15:52:16,256 [WARN] PackLoader:240 - Cannot read IP mode file for emotas.I-CUBE-CANOPEN.1.1.3
2024-05-20 15:52:16,270 [WARN] PackLoader:240 - Cannot read IP mode file for STMicroelectronics.X-CUBE-BLEMGR.2.0.0
2024-05-20 15:52:16,283 [WARN] PackLoader:240 - Cannot read IP mode file for STMicroelectronics.X-CUBE-AI.9.0.0
2024-05-20 15:52:16,308 [WARN] ConditionMgr:438 - getConditionDescription Invalid condition id : UX DEVICE CLASS RTOS Condition cause : null
2024-05-20 15:52:16,308 [WARN] ConditionMgr:438 - getConditionDescription Invalid condition id : UX DEVICE CLASS RTOS Condition cause : null
2024-05-20 15:52:16,311 [WARN] PackLoader:240 - Cannot read IP mode file for STMicroelectronics.X-CUBE-AZRTOS-H7.3.1.0
2024-05-20 15:52:16,312 [WARN] ConditionMgr:1039 - genDependencies : Invalid condition id : UX DEVICE CLASS RTOS Condition cause : null
2024-05-20 15:52:16,312 [WARN] ConditionMgr:1039 - genDependencies : Invalid condition id : UX DEVICE CLASS RTOS Condition cause : null
2024-05-20 15:52:16,312 [WARN] ConditionMgr:1039 - genDependencies : Invalid condition id : UX DEVICE CLASS RTOS Condition cause : null
2024-05-20 15:52:16,312 [WARN] ConditionMgr:1039 - genDependencies : Invalid condition id : UX DEVICE CLASS RTOS Condition cause : null
2024-05-20 15:52:16,312 [WARN] ConditionMgr:1039 - genDependencies : Invalid condition id : UX DEVICE CLASS RTOS Condition cause : null
2024-05-20 15:52:16,325 [WARN] PackLoader:240 - Cannot read IP mode file for wolfSSL.I-CUBE-wolfSSL.5.5.4
2024-05-20 15:52:16,338 [WARN] PackLoader:240 - Cannot read IP mode file for STMicroelectronics.X-CUBE-NFC7.1.0.1
2024-05-20 15:52:16,352 [WARN] PackLoader:240 - Cannot read IP mode file for STMicroelectronics.X-CUBE-NFC7.1.0.0
2024-05-20 15:52:16,366 [WARN] PackLoader:240 - Cannot read IP mode file for STMicroelectronics.X-CUBE-NFC6.3.0.0
2024-05-20 15:52:16,380 [WARN] PackLoader:240 - Cannot read IP mode file for STMicroelectronics.X-CUBE-EEPRMA1.4.1.0
2024-05-20 15:52:16,389 [WARN] PackLoader:240 - Cannot read IP mode file for STMicroelectronics.X-CUBE-AI.8.1.0
2024-05-20 15:52:16,415 [WARN] ConditionMgr:438 - getConditionDescription Invalid condition id : LAN8742 Phy interface Condition cause : null
2024-05-20 15:52:16,415 [WARN] PackLoader:240 - Cannot read IP mode file for STMicroelectronics.X-CUBE-AZRTOS-L4.2.0.0
2024-05-20 15:52:16,416 [WARN] ConditionMgr:1039 - genDependencies : Invalid condition id : LAN8742 Phy interface Condition cause : null
2024-05-20 15:52:16,416 [WARN] ConditionMgr:1039 - genDependencies : Invalid condition id : LAN8742 Phy interface Condition cause : null
2024-05-20 15:52:16,416 [WARN] ConditionMgr:1039 - genDependencies : Invalid condition id : LAN8742 Phy interface Condition cause : null
2024-05-20 15:52:16,431 [WARN] PackLoader:240 - Cannot read IP mode file for STMicroelectronics.X-CUBE-SFXS2LP1.4.0.0
2024-05-20 15:52:16,463 [WARN] PackLoader:240 - Cannot read IP mode file for STMicroelectronics.X-CUBE-AZRTOS-H7.3.0.0
2024-05-20 15:52:16,483 [WARN] PackLoader:240 - Cannot read IP mode file for STMicroelectronics.X-CUBE-ISPU.1.1.0
2024-05-20 15:52:16,502 [WARN] PackLoader:240 - Cannot read IP mode file for RoweBots.I-CUBE-UNISONRTOS.5.5.0-4
2024-05-20 15:52:16,518 [WARN] PackLoader:240 - Cannot read IP mode file for STMicroelectronics.X-CUBE-AI.8.0.0
2024-05-20 15:52:16,548 [WARN] ConditionMgr:438 - getConditionDescription Invalid condition id : UX DEVICE CLASS RTOS Condition cause : null
2024-05-20 15:52:16,548 [WARN] ConditionMgr:438 - getConditionDescription Invalid condition id : UX DEVICE CLASS RTOS Condition cause : null
2024-05-20 15:52:16,550 [WARN] PackLoader:240 - Cannot read IP mode file for STMicroelectronics.X-CUBE-AZRTOS-WB.2.0.0
2024-05-20 15:52:16,551 [WARN] ConditionMgr:1039 - genDependencies : Invalid condition id : UX DEVICE CLASS RTOS Condition cause : null
2024-05-20 15:52:16,551 [WARN] ConditionMgr:1039 - genDependencies : Invalid condition id : UX DEVICE CLASS RTOS Condition cause : null
2024-05-20 15:52:16,552 [WARN] ConditionMgr:1039 - genDependencies : Invalid condition id : UX DEVICE CLASS RTOS Condition cause : null
2024-05-20 15:52:16,552 [WARN] ConditionMgr:1039 - genDependencies : Invalid condition id : UX DEVICE CLASS RTOS Condition cause : null
2024-05-20 15:52:16,552 [WARN] ConditionMgr:1039 - genDependencies : Invalid condition id : UX DEVICE CLASS RTOS Condition cause : null
2024-05-20 15:52:16,566 [WARN] PackLoader:240 - Cannot read IP mode file for STMicroelectronics.X-CUBE-FREERTOS.1.0.1
2024-05-20 15:52:16,593 [WARN] PackLoader:240 - Cannot read IP mode file for STMicroelectronics.X-CUBE-AZRTOS-L5.1.1.0
2024-05-20 15:52:16,623 [WARN] PackLoader:240 - Cannot read IP mode file for STMicroelectronics.X-CUBE-SUBG2.5.0.0
2024-05-20 15:52:16,643 [WARN] PackLoader:240 - Cannot read IP mode file for STMicroelectronics.X-CUBE-TOF1.3.3.1
2024-05-20 15:52:16,672 [WARN] PackLoader:240 - Cannot read IP mode file for STMicroelectronics.X-CUBE-AZRTOS-G4.2.0.0
2024-05-20 15:52:16,684 [WARN] PackLoader:240 - Cannot read IP mode file for STMicroelectronics.FP-ATR-ASTRA1.1.1.1
2024-05-20 15:52:16,704 [WARN] PackLoader:240 - Cannot read IP mode file for Infineon.AIROC-Wi-Fi-Bluetooth-STM32.1.5.1
2024-05-20 15:52:16,719 [WARN] PackLoader:240 - Cannot read IP mode file for STMicroelectronics.FP-SNS-MOTENVWB1.1.3.0
2024-05-20 15:52:16,731 [WARN] PackLoader:240 - Cannot read IP mode file for STMicroelectronics.FP-SNS-MOTENVWB1.1.3.1
2024-05-20 15:52:16,752 [WARN] PackLoader:240 - Cannot read IP mode file for STMicroelectronics.X-CUBE-AZRTOS-G4.1.0.0
2024-05-20 15:52:16,778 [WARN] PackLoader:240 - Cannot read IP mode file for STMicroelectronics.X-CUBE-AZRTOS-L4.1.0.0
2024-05-20 15:52:16,791 [WARN] PackLoader:240 - Cannot read IP mode file for STMicroelectronics.X-CUBE-ISPU.2.0.0
2024-05-20 15:52:16,834 [WARN] PackLoader:240 - Cannot read IP mode file for STMicroelectronics.X-CUBE-MEMS1.10.0.0
2024-05-20 15:52:16,921 [WARN] PackLoader:240 - Cannot read IP mode file for STMicroelectronics.X-CUBE-FREERTOS.1.1.0
2024-05-20 15:52:16,940 [WARN] PackLoader:240 - Cannot read IP mode file for STMicroelectronics.X-CUBE-AZRTOS-WL.1.0.0
2024-05-20 15:52:16,957 [WARN] PackLoader:240 - Cannot read IP mode file for portGmbH.I-Cube-SoM-uGOAL.1.1.0
2024-05-20 15:52:16,970 [WARN] PackLoader:240 - Cannot read IP mode file for STMicroelectronics.X-CUBE-ALS.1.0.1
2024-05-20 15:52:16,992 [WARN] PackLoader:240 - Cannot read IP mode file for STMicroelectronics.X-CUBE-AZRTOS-WB.1.1.0
2024-05-20 15:52:17,020 [WARN] PackLoader:240 - Cannot read IP mode file for STMicroelectronics.X-CUBE-AZRTOS-H7RS.1.0.0
2024-05-20 15:52:17,034 [WARN] PackLoader:240 - Cannot read IP mode file for STMicroelectronics.FP-ATR-ASTRA1.2.0.0
2024-05-20 15:52:17,054 [WARN] PackLoader:240 - Cannot read IP mode file for STMicroelectronics.X-CUBE-TOF1.3.4.0
2024-05-20 15:52:17,079 [WARN] PackLoader:240 - Cannot read IP mode file for STMicroelectronics.X-CUBE-TOF1.3.4.1
2024-05-20 15:52:17,118 [WARN] PackLoader:240 - Cannot read IP mode file for STMicroelectronics.X-CUBE-AZRTOS-H7.3.2.0
2024-05-20 15:52:17,121 [INFO] ThirdParty:978 - Integrity check success = true
2024-05-20 15:52:17,121 [INFO] IntegrityCheckThread:100 - exiting critical section [integrity check]
2024-05-20 15:52:17,121 [INFO] IntegrityCheckThread:103 - End integrity checks thread
2024-05-20 15:52:18,072 [INFO] WebApp:161 - Instantiating new browser for Auth
2024-05-20 15:52:18,761 [INFO] WebApp:779 - Register for checkConnection events
2024-05-20 15:52:18,761 [INFO] WebApp:414 - Apply proxy settings
2024-05-20 15:52:18,761 [INFO] WebApp:499 - Chromium requires no authentication
2024-05-20 15:52:18,771 [INFO] WebApp:442 - Direct internet connection detected
2024-05-20 15:52:18,958 [INFO] WebApp:192 - Starting web application
2024-05-20 15:52:18,958 [INFO] WebApp:544 - Web application path used C:\ST\STM32CubeIDE_1.11.2\STM32CubeIDE\plugins\com.st.stm32cube.common.mx_6.11.1.202404110753\db\plugins\mcufinder\reactClient1\index.html
2024-05-20 15:52:25,149 [ERROR] LogOutputStream:75 - [STDERR_REDIRECT] 
