2024-05-22 20:16:55,745 [INFO] Activator:176 - 


2024-05-22 20:16:55,753 [INFO] Activator:177 - !SESSION log4j initialized
2024-05-22 20:17:04,180 [INFO] LogOutputStream:77 - [STDOUT_REDIRECT] 
2024-05-22 20:17:06,025 [INFO] ApplicationProperties:184 - Using Application install path: C:\ST\STM32CubeIDE_1.11.2\STM32CubeIDE\plugins\com.st.stm32cube.common.mx_6.11.1.202404110753
2024-05-22 20:17:06,049 [INFO] DbMcusXml:78 - Set database path to: C:\ST\STM32CubeIDE_1.11.2\STM32CubeIDE\plugins\com.st.stm32cube.common.mx_6.11.1.202404110753\\db\/mcu/
2024-05-22 20:17:06,050 [INFO] ApiDb:274 - Set plugin database path to: C:\ST\STM32CubeIDE_1.11.2\STM32CubeIDE\plugins\com.st.stm32cube.common.mx_6.11.1.202404110753\\db\/plugins/boardmanager/
2024-05-22 20:17:06,050 [WARN] ApiDb:259 - Overriding images path with different value:  => C:\ST\STM32CubeIDE_1.11.2\STM32CubeIDE\plugins\com.st.stm32cube.common.mx_6.11.1.202404110753\\db\/plugins/mcufinder/images/
2024-05-22 20:17:06,066 [INFO] ApiDb:250 - Set database path to: C:\Users\erkan\.stmcufinder\plugins\mcufinder//mcu/
2024-05-22 20:17:06,068 [INFO] DbMcusAds:125 - Set database path to: C:\Users\erkan\.stmcufinder\plugins\mcufinder//mcu/
2024-05-22 20:17:06,071 [INFO] CrossReferenceDbSqlite:203 - Set database path to: C:\Users\erkan\.stmcufinder\plugins\mcufinder//mcu/cs/
2024-05-22 20:17:06,226 [INFO] RulesReader:64 - Compatibility file has been processed (297 Rules)
2024-05-22 20:17:06,340 [INFO] DbMcusXml:78 - Set database path to: C:\ST\STM32CubeIDE_1.11.2\STM32CubeIDE\plugins\com.st.stm32cube.common.mx_6.11.1.202404110753\\db\/mcu/
2024-05-22 20:17:06,340 [INFO] ApiDb:274 - Set plugin database path to: C:\ST\STM32CubeIDE_1.11.2\STM32CubeIDE\plugins\com.st.stm32cube.common.mx_6.11.1.202404110753\\db\/plugins/boardmanager/
2024-05-22 20:17:06,340 [INFO] ApiDb:261 - Set plugin images path to: C:\ST\STM32CubeIDE_1.11.2\STM32CubeIDE\plugins\com.st.stm32cube.common.mx_6.11.1.202404110753\\db\/plugins/mcufinder/images/
2024-05-22 20:17:06,340 [WARN] DbFile:41 - Overriding database path with different value: C:\Users\erkan\.stmcufinder\plugins\mcufinder/ => C:\Users\erkan\.stmcufinder\plugins\mcufinder
2024-05-22 20:17:06,340 [INFO] ApiDb:250 - Set database path to: C:\Users\erkan\.stmcufinder\plugins\mcufinder//mcu/
2024-05-22 20:17:06,341 [WARN] DbFile:41 - Overriding database path with different value: C:\Users\erkan\.stmcufinder\plugins\mcufinder/ => C:\Users\erkan\.stmcufinder\plugins\mcufinder
2024-05-22 20:17:06,341 [INFO] DbMcusAds:125 - Set database path to: C:\Users\erkan\.stmcufinder\plugins\mcufinder//mcu/
2024-05-22 20:17:06,341 [WARN] DbFile:41 - Overriding database path with different value: C:\Users\erkan\.stmcufinder\plugins\mcufinder/ => C:\Users\erkan\.stmcufinder\plugins\mcufinder
2024-05-22 20:17:06,341 [WARN] DbFile:41 - Overriding database path with different value: C:\Users\erkan\.stmcufinder\plugins\mcufinder/ => C:\Users\erkan\.stmcufinder\plugins\mcufinder
2024-05-22 20:17:06,341 [INFO] CrossReferenceDbSqlite:203 - Set database path to: C:\Users\erkan\.stmcufinder\plugins\mcufinder//mcu/cs/
2024-05-22 20:17:06,434 [INFO] MainPanel:264 - HeapMemory: 268435456
2024-05-22 20:17:06,543 [INFO] DbMcusXml:78 - Set database path to: C:\ST\STM32CubeIDE_1.11.2\STM32CubeIDE\plugins\com.st.stm32cube.common.mx_6.11.1.202404110753\\db\/mcu/
2024-05-22 20:17:06,545 [INFO] ApiDb:274 - Set plugin database path to: C:\ST\STM32CubeIDE_1.11.2\STM32CubeIDE\plugins\com.st.stm32cube.common.mx_6.11.1.202404110753\\db\/plugins/boardmanager/
2024-05-22 20:17:06,545 [INFO] ApiDb:261 - Set plugin images path to: C:\ST\STM32CubeIDE_1.11.2\STM32CubeIDE\plugins\com.st.stm32cube.common.mx_6.11.1.202404110753\\db\/plugins/mcufinder/images/
2024-05-22 20:17:06,545 [WARN] DbFile:41 - Overriding database path with different value: C:\Users\erkan\.stmcufinder\plugins\mcufinder/ => C:\Users\erkan\.stmcufinder\plugins\mcufinder
2024-05-22 20:17:06,545 [INFO] ApiDb:250 - Set database path to: C:\Users\erkan\.stmcufinder\plugins\mcufinder//mcu/
2024-05-22 20:17:06,545 [WARN] DbFile:41 - Overriding database path with different value: C:\Users\erkan\.stmcufinder\plugins\mcufinder/ => C:\Users\erkan\.stmcufinder\plugins\mcufinder
2024-05-22 20:17:06,545 [INFO] DbMcusAds:125 - Set database path to: C:\Users\erkan\.stmcufinder\plugins\mcufinder//mcu/
2024-05-22 20:17:06,545 [WARN] DbFile:41 - Overriding database path with different value: C:\Users\erkan\.stmcufinder\plugins\mcufinder/ => C:\Users\erkan\.stmcufinder\plugins\mcufinder
2024-05-22 20:17:06,546 [WARN] DbFile:41 - Overriding database path with different value: C:\Users\erkan\.stmcufinder\plugins\mcufinder/ => C:\Users\erkan\.stmcufinder\plugins\mcufinder
2024-05-22 20:17:06,546 [INFO] CrossReferenceDbSqlite:203 - Set database path to: C:\Users\erkan\.stmcufinder\plugins\mcufinder//mcu/cs/
2024-05-22 20:17:06,574 [INFO] ApplicationProperties:184 - Using Application install path: C:\ST\STM32CubeIDE_1.11.2\STM32CubeIDE\plugins\com.st.stm32cube.common.mx_6.11.1.202404110753
2024-05-22 20:17:06,575 [INFO] PluginManage:196 - Search for loadable plugins [exclusion list=, ]
2024-05-22 20:17:06,577 [INFO] PluginManage:310 - Check plugin analytics
2024-05-22 20:17:06,758 [INFO] AnalyticsPlugin:253 - Accepted Software Licenses: STM32CubeMX.6.9.2
2024-05-22 20:17:06,758 [INFO] AnalyticsPlugin:255 - Accepted CMSIS Pack Licenses: 
2024-05-22 20:17:06,759 [INFO] AnalyticsPlugin:257 - Accepted Firmware Licenses: 
2024-05-22 20:17:06,761 [INFO] PluginManage:359 - Loaded plugin analytics (category:tool,tabindex:-1)
2024-05-22 20:17:06,763 [INFO] PluginManage:310 - Check plugin cadmodel
2024-05-22 20:17:06,780 [INFO] CADModel:105 - Init CAD model plugin
2024-05-22 20:17:06,780 [INFO] PluginManage:359 - Loaded plugin cadmodel (category:power,tabindex:5)
2024-05-22 20:17:06,781 [INFO] PluginManage:310 - Check plugin clock
2024-05-22 20:17:06,804 [INFO] PluginManage:359 - Loaded plugin clock (category:base,tabindex:2)
2024-05-22 20:17:06,804 [INFO] PluginManage:310 - Check plugin ddr
2024-05-22 20:17:06,807 [INFO] PluginManage:359 - Loaded plugin ddr (category:tool,tabindex:6)
2024-05-22 20:17:06,807 [INFO] PluginManage:310 - Check plugin filemanager
2024-05-22 20:17:06,972 [INFO] PluginManage:359 - Loaded plugin filemanager (category:base,tabindex:10)
2024-05-22 20:17:06,972 [INFO] PluginManage:310 - Check plugin ipmanager
2024-05-22 20:17:06,982 [INFO] PluginManage:359 - Loaded plugin ipmanager (category:base,tabindex:5)
2024-05-22 20:17:06,982 [INFO] PluginManage:310 - Check plugin lpbam
2024-05-22 20:17:07,005 [INFO] PluginManage:359 - Loaded plugin lpbam (category:base,tabindex:0)
2024-05-22 20:17:07,005 [INFO] PluginManage:310 - Check plugin memorymap
2024-05-22 20:17:07,032 [INFO] PluginManage:359 - Loaded plugin memorymap (category:base,tabindex:4)
2024-05-22 20:17:07,033 [INFO] PluginManage:310 - Check plugin pinoutandconfiguration
2024-05-22 20:17:07,052 [INFO] PluginManage:359 - Loaded plugin pinoutandconfiguration (category:base,tabindex:1)
2024-05-22 20:17:07,052 [INFO] PluginManage:310 - Check plugin pinoutconfig
2024-05-22 20:17:07,151 [WARN] SupportedApi:132 - Cannot load RTOS API schema: s4s-elt-must-match.1: The content of 'definitions' must match (annotation?, (simpleType | complexType)?, (unique | key | keyref)*)). A problem was found starting at: attribute.
2024-05-22 20:17:07,304 [INFO] PluginManage:359 - Loaded plugin pinoutconfig (category:base,tabindex:0)
2024-05-22 20:17:07,304 [INFO] PluginManage:310 - Check plugin power
2024-05-22 20:17:07,344 [INFO] PluginManage:359 - Loaded plugin power (category:power,tabindex:4)
2024-05-22 20:17:07,344 [INFO] PluginManage:310 - Check plugin projectmanager
2024-05-22 20:17:07,363 [INFO] PluginManage:359 - Loaded plugin projectmanager (category:projectmanager,tabindex:3)
2024-05-22 20:17:07,363 [INFO] PluginManage:310 - Check plugin thirdparty
2024-05-22 20:17:07,646 [INFO] PluginManage:359 - Loaded plugin thirdparty (category:base,tabindex:-1)
2024-05-22 20:17:07,646 [WARN] IntegrityCheckThread:84 - waiting for thirdparty lock release [integrity check]
2024-05-22 20:17:07,646 [INFO] PluginManage:310 - Check plugin tools
2024-05-22 20:17:07,646 [INFO] IntegrityCheckThread:86 - entering critical section [integrity check]
2024-05-22 20:17:07,647 [INFO] ThirdPartyUpdaterWithRetryManager:70 - Updater plugin not ready yet. [1/15]
2024-05-22 20:17:07,687 [INFO] PluginManage:359 - Loaded plugin tools (category:base,tabindex:7)
2024-05-22 20:17:07,687 [INFO] PluginManage:310 - Check plugin tutovideos
2024-05-22 20:17:07,907 [INFO] PluginManage:359 - Loaded plugin tutovideos (category:base,tabindex:-1)
2024-05-22 20:17:07,907 [INFO] PluginManage:310 - Check plugin updater
2024-05-22 20:17:07,920 [INFO] PluginManage:359 - Loaded plugin updater (category:base,tabindex:12)
2024-05-22 20:17:07,920 [INFO] PluginManage:310 - Check plugin userauth
2024-05-22 20:17:07,928 [INFO] UserAuth:114 - Init User Auth plugin
2024-05-22 20:17:07,928 [INFO] PluginManage:359 - Loaded plugin userauth (category:base,tabindex:14)
2024-05-22 20:17:07,929 [INFO] PluginManage:283 - PluginManage : Loaded plugins [17]
2024-05-22 20:17:08,227 [INFO] PinOutPanel:1561 - setPackage(No Configuration,No Configuration)
2024-05-22 20:17:08,334 [INFO] CADModel:165 - CPN selected for project level
2024-05-22 20:17:08,334 [INFO] CADModel:114 - Register for checkConnection events
2024-05-22 20:17:08,365 [INFO] IPUIPlugin:80 - create IPUIPlugin
2024-05-22 20:17:08,365 [INFO] PluginManager:220 - loadIPPluginJar : add adc
2024-05-22 20:17:08,403 [INFO] IPUIPlugin:80 - create IPUIPlugin
2024-05-22 20:17:08,403 [INFO] PluginManager:220 - loadIPPluginJar : add aes
2024-05-22 20:17:08,448 [INFO] IPUIPlugin:80 - create IPUIPlugin
2024-05-22 20:17:08,448 [INFO] PluginManager:220 - loadIPPluginJar : add can
2024-05-22 20:17:08,474 [INFO] IPUIPlugin:80 - create IPUIPlugin
2024-05-22 20:17:08,474 [INFO] PluginManager:220 - loadIPPluginJar : add comp
2024-05-22 20:17:08,513 [INFO] IPUIPlugin:80 - create IPUIPlugin
2024-05-22 20:17:08,513 [INFO] PluginManager:220 - loadIPPluginJar : add cryp
2024-05-22 20:17:08,545 [INFO] IPUIPlugin:80 - create IPUIPlugin
2024-05-22 20:17:08,545 [INFO] PluginManager:220 - loadIPPluginJar : add dfsdm
2024-05-22 20:17:08,559 [INFO] IPUIPlugin:80 - create IPUIPlugin
2024-05-22 20:17:08,560 [INFO] PluginManager:220 - loadIPPluginJar : add dma
2024-05-22 20:17:08,608 [INFO] IPUIPlugin:80 - create IPUIPlugin
2024-05-22 20:17:08,608 [INFO] PluginManager:220 - loadIPPluginJar : add dma3
2024-05-22 20:17:08,655 [INFO] IPUIPlugin:80 - create IPUIPlugin
2024-05-22 20:17:08,655 [INFO] PluginManager:220 - loadIPPluginJar : add extmemmanager
2024-05-22 20:17:08,677 [INFO] IPUIPlugin:80 - create IPUIPlugin
2024-05-22 20:17:08,677 [INFO] PluginManager:220 - loadIPPluginJar : add fatfs
2024-05-22 20:17:08,732 [INFO] IPUIPlugin:80 - create IPUIPlugin
2024-05-22 20:17:08,732 [INFO] PluginManager:220 - loadIPPluginJar : add fmc
2024-05-22 20:17:08,748 [INFO] IPUIPlugin:80 - create IPUIPlugin
2024-05-22 20:17:08,749 [INFO] PluginManager:220 - loadIPPluginJar : add freertos
2024-05-22 20:17:08,771 [INFO] IPUIPlugin:80 - create IPUIPlugin
2024-05-22 20:17:08,771 [INFO] PluginManager:220 - loadIPPluginJar : add genericplugin
2024-05-22 20:17:08,877 [INFO] IPUIPlugin:80 - create IPUIPlugin
2024-05-22 20:17:08,877 [INFO] PluginManager:220 - loadIPPluginJar : add gfxmmu
2024-05-22 20:17:09,014 [INFO] IPUIPlugin:80 - create IPUIPlugin
2024-05-22 20:17:09,014 [INFO] PluginManager:220 - loadIPPluginJar : add gic
2024-05-22 20:17:09,030 [INFO] IPUIPlugin:80 - create IPUIPlugin
2024-05-22 20:17:09,030 [INFO] PluginManager:220 - loadIPPluginJar : add gpio
2024-05-22 20:17:09,123 [INFO] IPUIPlugin:80 - create IPUIPlugin
2024-05-22 20:17:09,123 [INFO] PluginManager:220 - loadIPPluginJar : add gtzc
2024-05-22 20:17:09,159 [INFO] IPUIPlugin:80 - create IPUIPlugin
2024-05-22 20:17:09,159 [INFO] PluginManager:220 - loadIPPluginJar : add hash
2024-05-22 20:17:09,217 [INFO] IPUIPlugin:80 - create IPUIPlugin
2024-05-22 20:17:09,217 [INFO] PluginManager:220 - loadIPPluginJar : add i2c
2024-05-22 20:17:09,258 [INFO] IPUIPlugin:80 - create IPUIPlugin
2024-05-22 20:17:09,258 [INFO] PluginManager:220 - loadIPPluginJar : add i2s
2024-05-22 20:17:09,302 [INFO] IPUIPlugin:80 - create IPUIPlugin
2024-05-22 20:17:09,302 [INFO] PluginManager:220 - loadIPPluginJar : add i3c
2024-05-22 20:17:09,409 [INFO] IPUIPlugin:80 - create IPUIPlugin
2024-05-22 20:17:09,410 [INFO] PluginManager:220 - loadIPPluginJar : add ipddr
2024-05-22 20:17:09,511 [INFO] IPUIPlugin:80 - create IPUIPlugin
2024-05-22 20:17:09,511 [INFO] PluginManager:220 - loadIPPluginJar : add linkedlist
2024-05-22 20:17:09,549 [INFO] IPUIPlugin:80 - create IPUIPlugin
2024-05-22 20:17:09,549 [INFO] PluginManager:220 - loadIPPluginJar : add lorawan
2024-05-22 20:17:09,588 [INFO] IPUIPlugin:80 - create IPUIPlugin
2024-05-22 20:17:09,588 [INFO] PluginManager:220 - loadIPPluginJar : add ltdc
2024-05-22 20:17:09,604 [INFO] IPUIPlugin:80 - create IPUIPlugin
2024-05-22 20:17:09,604 [INFO] PluginManager:220 - loadIPPluginJar : add mdma
2024-05-22 20:17:09,618 [INFO] IPUIPlugin:80 - create IPUIPlugin
2024-05-22 20:17:09,618 [INFO] PluginManager:220 - loadIPPluginJar : add nvic
2024-05-22 20:17:09,661 [INFO] IPUIPlugin:80 - create IPUIPlugin
2024-05-22 20:17:09,661 [INFO] PluginManager:220 - loadIPPluginJar : add opamp
2024-05-22 20:17:09,726 [INFO] IPUIPlugin:80 - create IPUIPlugin
2024-05-22 20:17:09,726 [INFO] PluginManager:220 - loadIPPluginJar : add openamp
2024-05-22 20:17:09,774 [INFO] IPUIPlugin:80 - create IPUIPlugin
2024-05-22 20:17:09,774 [INFO] PluginManager:220 - loadIPPluginJar : add pdm2pcm
2024-05-22 20:17:09,789 [INFO] IPUIPlugin:80 - create IPUIPlugin
2024-05-22 20:17:09,791 [INFO] PluginManager:220 - loadIPPluginJar : add plateformsettings
2024-05-22 20:17:09,813 [INFO] IPUIPlugin:80 - create IPUIPlugin
2024-05-22 20:17:09,813 [INFO] PluginManager:220 - loadIPPluginJar : add quadspi
2024-05-22 20:17:09,827 [INFO] IPUIPlugin:80 - create IPUIPlugin
2024-05-22 20:17:09,827 [INFO] PluginManager:220 - loadIPPluginJar : add resmgrutility
2024-05-22 20:17:09,875 [INFO] IPUIPlugin:80 - create IPUIPlugin
2024-05-22 20:17:09,875 [INFO] PluginManager:220 - loadIPPluginJar : add sai
2024-05-22 20:17:09,913 [INFO] IPUIPlugin:80 - create IPUIPlugin
2024-05-22 20:17:09,914 [INFO] PluginManager:220 - loadIPPluginJar : add spi
2024-05-22 20:17:09,983 [INFO] IPUIPlugin:80 - create IPUIPlugin
2024-05-22 20:17:09,984 [INFO] PluginManager:220 - loadIPPluginJar : add stm32_wpan
2024-05-22 20:17:10,007 [INFO] IPUIPlugin:80 - create IPUIPlugin
2024-05-22 20:17:10,007 [INFO] PluginManager:220 - loadIPPluginJar : add tim
2024-05-22 20:17:10,068 [INFO] IPUIPlugin:80 - create IPUIPlugin
2024-05-22 20:17:10,068 [INFO] PluginManager:220 - loadIPPluginJar : add touchsensing
2024-05-22 20:17:10,092 [INFO] IPUIPlugin:80 - create IPUIPlugin
2024-05-22 20:17:10,092 [INFO] PluginManager:220 - loadIPPluginJar : add tracer_emb
2024-05-22 20:17:10,115 [INFO] IPUIPlugin:80 - create IPUIPlugin
2024-05-22 20:17:10,115 [INFO] PluginManager:220 - loadIPPluginJar : add ts
2024-05-22 20:17:10,137 [INFO] IPUIPlugin:80 - create IPUIPlugin
2024-05-22 20:17:10,137 [INFO] PluginManager:220 - loadIPPluginJar : add tsc
2024-05-22 20:17:10,160 [INFO] IPUIPlugin:80 - create IPUIPlugin
2024-05-22 20:17:10,161 [INFO] PluginManager:220 - loadIPPluginJar : add ucpd
2024-05-22 20:17:10,227 [INFO] IPUIPlugin:80 - create IPUIPlugin
2024-05-22 20:17:10,227 [INFO] PluginManager:220 - loadIPPluginJar : add usart
2024-05-22 20:17:10,278 [INFO] IPUIPlugin:80 - create IPUIPlugin
2024-05-22 20:17:10,278 [INFO] PluginManager:220 - loadIPPluginJar : add usbx
2024-05-22 20:17:10,456 [INFO] CADModel:165 - CPN selected for project level
2024-05-22 20:17:10,456 [INFO] CADModel:114 - Register for checkConnection events
2024-05-22 20:17:10,456 [FATAL] Updater:308 - Updater called before beeing initialized
2024-05-22 20:17:10,456 [ERROR] CADModel:125 - Updater not yet initialized, retry later 
2024-05-22 20:17:10,649 [INFO] ThirdPartyUpdaterWithRetryManager:70 - Updater plugin not ready yet. [2/15]
2024-05-22 20:17:10,679 [INFO] CADModel:165 - CPN selected for project level
2024-05-22 20:17:10,679 [INFO] CADModel:114 - Register for checkConnection events
2024-05-22 20:17:10,679 [FATAL] Updater:308 - Updater called before beeing initialized
2024-05-22 20:17:10,679 [ERROR] CADModel:125 - Updater not yet initialized, retry later 
2024-05-22 20:17:10,683 [FATAL] Updater:308 - Updater called before beeing initialized
2024-05-22 20:17:10,820 [FATAL] Updater:308 - Updater called before beeing initialized
2024-05-22 20:17:10,833 [INFO] DbMcusAds:53 - JSON generation date=Thu May 16 11:22:00 CEST 2024 (1715851320852)
2024-05-22 20:17:10,833 [FATAL] Updater:308 - Updater called before beeing initialized
2024-05-22 20:17:10,884 [WARN] DetailPanel:346 - Failed to get advertising image, set to default
2024-05-22 20:17:11,007 [FATAL] Updater:308 - Updater called before beeing initialized
2024-05-22 20:17:11,010 [FATAL] Updater:308 - Updater called before beeing initialized
2024-05-22 20:17:11,010 [FATAL] Updater:308 - Updater called before beeing initialized
2024-05-22 20:17:11,011 [WARN] DetailPanel:346 - Failed to get advertising image, set to default
2024-05-22 20:17:11,011 [FATAL] Updater:308 - Updater called before beeing initialized
2024-05-22 20:17:11,107 [ERROR] Updater:1120 - MainUpdater not yet initialized. External WinMGr cannot be set.
2024-05-22 20:17:11,119 [INFO] Updater:1056 - Updater Version found : 6.11.1
2024-05-22 20:17:11,141 [INFO] ApplicationProperties:184 - Using Application install path: C:\ST\STM32CubeIDE_1.11.2\STM32CubeIDE\plugins\com.st.stm32cube.common.mx_6.11.1.202404110753
2024-05-22 20:17:11,576 [INFO] MainUpdater:2873 - connection check result : 10
2024-05-22 20:17:11,577 [INFO] MainUpdater:3567 - Updater definition file requires update
2024-05-22 20:17:11,579 [INFO] MainUpdater:290 - Updater Check For Update Now.
2024-05-22 20:17:11,580 [INFO] MicroXplorer:498 - Change Database Version : DB.6.0.111
2024-05-22 20:17:11,596 [INFO] McuFinderGlobals:63 - Set McuFinder mode to 2 (CubeIDE integrated)
2024-05-22 20:17:11,597 [INFO] UserAuth:179 - activating auth plugin
2024-05-22 20:17:11,599 [INFO] UserAuth:415 - Internet connection configuration mode: 1
2024-05-22 20:17:11,622 [INFO] JxBrowserEngine:152 - Initiate JxBrowser Engine with user profile folder
2024-05-22 20:17:11,681 [INFO] ServerAccessManage:473 - Download File updaters.zip
2024-05-22 20:17:11,743 [INFO] FileExtend:240 - Unzip File : updaters.zip
2024-05-22 20:17:11,744 [INFO] FileExtend:255 - Standard Zip Deflate
2024-05-22 20:17:12,627 [INFO] ServerAccessManage:473 - Download File PacksControlFlags.xml
2024-05-22 20:17:12,733 [INFO] ServerAccessManage:473 - Download File cubemx.pidx
2024-05-22 20:17:13,158 [INFO] ServerAccessManage:473 - Download File STMicroelectronics.X-CUBE-ALS.pdsc
2024-05-22 20:17:13,650 [WARN] MainUpdater:1194 - Updater busy. Cannot search thirdparties
2024-05-22 20:17:13,650 [INFO] ThirdPartyUpdaterWithRetryManager:96 - Updater plugin is busy. [1/15]
2024-05-22 20:17:14,512 [WARN] PackLoader:240 - Cannot read IP mode file for STMicroelectronics.X-CUBE-ALS.1.0.2
2024-05-22 20:17:14,515 [INFO] PopulateThirdPartyThread:66 - Ending populate Thread
2024-05-22 20:17:14,519 [INFO] ThirdParty:1030 - CMSIS Pack Vendor :STMicroelectronics X-CUBE-ALS 1.0.2
2024-05-22 20:17:14,519 [INFO] LoadServerUpdatesThread:375 - End of LoadServerUpdate Thread
2024-05-22 20:17:14,644 [INFO] CheckServerUpdateThread:120 - End of CheckServer Thread
2024-05-22 20:17:16,912 [WARN] PackLoader:240 - Cannot read IP mode file for STMicroelectronics.FP-SNS-MOTENVWB1.1.4.0
2024-05-22 20:17:16,933 [WARN] PackLoader:240 - Cannot read IP mode file for STMicroelectronics.X-CUBE-SMBUS.2.1.0
2024-05-22 20:17:16,953 [WARN] PackLoader:240 - Cannot read IP mode file for STMicroelectronics.X-CUBE-TOUCHGFX.4.23.0
2024-05-22 20:17:17,026 [WARN] PackLoader:240 - Cannot read IP mode file for STMicroelectronics.X-CUBE-TOUCHGFX.4.23.2
2024-05-22 20:17:17,067 [WARN] PackLoader:240 - Cannot read IP mode file for STMicroelectronics.X-CUBE-AZRTOS-F7.1.1.0
2024-05-22 20:17:17,088 [WARN] PackLoader:240 - Cannot read IP mode file for STMicroelectronics.FP-SNS-MOTENV1.4.3.2
2024-05-22 20:17:17,109 [WARN] PackLoader:240 - Cannot read IP mode file for STMicroelectronics.X-CUBE-BLE1.6.2.4
2024-05-22 20:17:17,116 [WARN] PackLoader:240 - Cannot read IP mode file for STMicroelectronics.FP-SNS-FLIGHT1.5.0.2
2024-05-22 20:17:17,134 [WARN] PackLoader:240 - Cannot read IP mode file for STMicroelectronics.X-CUBE-DISPLAY.3.0.0
2024-05-22 20:17:17,153 [WARN] PackLoader:240 - Cannot read IP mode file for STMicroelectronics.X-CUBE-BLE1.7.0.0
2024-05-22 20:17:17,171 [WARN] PackLoader:240 - Cannot read IP mode file for STMicroelectronics.X-CUBE-TOUCHGFX.4.22.0
2024-05-22 20:17:17,186 [WARN] PackLoader:240 - Cannot read IP mode file for STMicroelectronics.X-CUBE-TOUCHGFX.4.22.1
2024-05-22 20:17:17,214 [WARN] PackLoader:240 - Cannot read IP mode file for STMicroelectronics.X-CUBE-BLEMGR.3.1.0
2024-05-22 20:17:17,240 [WARN] PackLoader:240 - Cannot read IP mode file for STMicroelectronics.FP-SNS-SMARTAG2.1.2.0
2024-05-22 20:17:17,278 [INFO] LogOutputStream:77 - [STDOUT_REDIRECT] 1 : Invalid condition id : UX_CORESTACK_Condition cause : null
2024-05-22 20:17:17,279 [INFO] LogOutputStream:77 - [STDOUT_REDIRECT] 1 : Invalid condition id : UX_CORESTACK_Condition cause : null
2024-05-22 20:17:17,281 [INFO] LogOutputStream:77 - [STDOUT_REDIRECT] 1 : Invalid condition id : UX_CORESTACK_Condition cause : null
2024-05-22 20:17:17,282 [INFO] LogOutputStream:77 - [STDOUT_REDIRECT] 1 : Invalid condition id : UX_CORESTACK_Condition cause : null
2024-05-22 20:17:17,284 [INFO] LogOutputStream:77 - [STDOUT_REDIRECT] 1 : Invalid condition id : UX_CORESTACK_Condition cause : null
2024-05-22 20:17:17,290 [WARN] PackLoader:240 - Cannot read IP mode file for STMicroelectronics.X-CUBE-AZRTOS-WL.2.0.0
2024-05-22 20:17:17,312 [WARN] PackLoader:240 - Cannot read IP mode file for STMicroelectronics.FP-SNS-MOTENV1.5.0.0
2024-05-22 20:17:17,338 [WARN] PackLoader:240 - Cannot read IP mode file for WES.I-CUBE-Cesium.1.3.0
2024-05-22 20:17:17,361 [WARN] PackLoader:240 - Cannot read IP mode file for STMicroelectronics.X-CUBE-BLE2.3.3.0
2024-05-22 20:17:17,392 [WARN] PackLoader:240 - Cannot read IP mode file for STMicroelectronics.X-CUBE-TOF1.3.2.0
2024-05-22 20:17:17,424 [WARN] PackLoader:240 - Cannot read IP mode file for STMicroelectronics.X-CUBE-TCPP.4.1.0
2024-05-22 20:17:17,444 [WARN] PackLoader:240 - Cannot read IP mode file for STMicroelectronics.X-CUBE-TOUCHGFX.4.21.1
2024-05-22 20:17:17,461 [WARN] PackLoader:240 - Cannot read IP mode file for STMicroelectronics.X-CUBE-AI.7.3.0
2024-05-22 20:17:17,478 [WARN] PackLoader:240 - Cannot read IP mode file for STMicroelectronics.X-CUBE-ALGOBUILD.1.3.0
2024-05-22 20:17:17,513 [WARN] PackLoader:240 - Cannot read IP mode file for STMicroelectronics.X-CUBE-AZRTOS-G0.1.1.0
2024-05-22 20:17:17,539 [WARN] PackLoader:240 - Cannot read IP mode file for STMicroelectronics.X-CUBE-SAFEA1.1.2.2
2024-05-22 20:17:17,560 [WARN] PackLoader:240 - Cannot read IP mode file for STMicroelectronics.X-CUBE-NFC4.3.0.0
2024-05-22 20:17:17,568 [INFO] WebApp:161 - Instantiating new browser for Auth
2024-05-22 20:17:17,585 [WARN] PackLoader:240 - Cannot read IP mode file for STMicroelectronics.X-CUBE-BLEMGR.3.0.0
2024-05-22 20:17:17,621 [WARN] PackLoader:240 - Cannot read IP mode file for STMicroelectronics.X-CUBE-BLEMGR.1.3.0
2024-05-22 20:17:17,633 [WARN] PackLoader:240 - Cannot read IP mode file for STMicroelectronics.FP-ATR-SIGFOX1.3.2.0
2024-05-22 20:17:17,656 [WARN] PackLoader:240 - Cannot read IP mode file for STMicroelectronics.X-CUBE-EEPRMA1.5.1.0
2024-05-22 20:17:17,721 [WARN] PackLoader:240 - Cannot read IP mode file for STMicroelectronics.X-CUBE-MEMS1.9.5.0
2024-05-22 20:17:17,948 [WARN] PackLoader:240 - Cannot read IP mode file for SEGGER.I-CUBE-embOS.1.3.1
2024-05-22 20:17:18,012 [WARN] PackLoader:240 - Cannot read IP mode file for STMicroelectronics.X-CUBE-ALGOBUILD.1.4.0
2024-05-22 20:17:18,030 [WARN] PackLoader:240 - Cannot read IP mode file for STMicroelectronics.X-CUBE-GNSS1.6.0.0
2024-05-22 20:17:18,072 [WARN] PackLoader:240 - Cannot read IP mode file for STMicroelectronics.X-CUBE-AZRTOS-F4.1.1.0
2024-05-22 20:17:18,094 [WARN] PackLoader:240 - Cannot read IP mode file for STMicroelectronics.X-CUBE-FREERTOS.1.2.0
2024-05-22 20:17:18,131 [WARN] PackLoader:240 - Cannot read IP mode file for STMicroelectronics.X-CUBE-AZRTOS-L5.2.0.0
2024-05-22 20:17:18,192 [WARN] PackLoader:240 - Cannot read IP mode file for STMicroelectronics.X-CUBE-MEMS1.9.6.0
2024-05-22 20:17:18,340 [WARN] PackLoader:240 - Cannot read IP mode file for STMicroelectronics.X-CUBE-EEPRMA1.4.2.0
2024-05-22 20:17:18,362 [WARN] PackLoader:240 - Cannot read IP mode file for STMicroelectronics.X-CUBE-NFC6.3.1.0
2024-05-22 20:17:18,384 [WARN] PackLoader:240 - Cannot read IP mode file for ITTIA_DB.I-CUBE-ITTIADB.8.8.0
2024-05-22 20:17:18,406 [WARN] PackLoader:240 - Cannot read IP mode file for emotas.I-CUBE-CANOPEN.1.1.3
2024-05-22 20:17:18,425 [WARN] PackLoader:240 - Cannot read IP mode file for STMicroelectronics.X-CUBE-BLEMGR.2.0.0
2024-05-22 20:17:18,442 [WARN] PackLoader:240 - Cannot read IP mode file for STMicroelectronics.X-CUBE-AI.9.0.0
2024-05-22 20:17:18,477 [WARN] ConditionMgr:438 - getConditionDescription Invalid condition id : UX DEVICE CLASS RTOS Condition cause : null
2024-05-22 20:17:18,477 [WARN] ConditionMgr:438 - getConditionDescription Invalid condition id : UX DEVICE CLASS RTOS Condition cause : null
2024-05-22 20:17:18,480 [WARN] PackLoader:240 - Cannot read IP mode file for STMicroelectronics.X-CUBE-AZRTOS-H7.3.1.0
2024-05-22 20:17:18,481 [WARN] ConditionMgr:1039 - genDependencies : Invalid condition id : UX DEVICE CLASS RTOS Condition cause : null
2024-05-22 20:17:18,481 [WARN] ConditionMgr:1039 - genDependencies : Invalid condition id : UX DEVICE CLASS RTOS Condition cause : null
2024-05-22 20:17:18,481 [WARN] ConditionMgr:1039 - genDependencies : Invalid condition id : UX DEVICE CLASS RTOS Condition cause : null
2024-05-22 20:17:18,482 [WARN] ConditionMgr:1039 - genDependencies : Invalid condition id : UX DEVICE CLASS RTOS Condition cause : null
2024-05-22 20:17:18,482 [WARN] ConditionMgr:1039 - genDependencies : Invalid condition id : UX DEVICE CLASS RTOS Condition cause : null
2024-05-22 20:17:18,497 [WARN] PackLoader:240 - Cannot read IP mode file for wolfSSL.I-CUBE-wolfSSL.5.5.4
2024-05-22 20:17:18,499 [INFO] WebApp:779 - Register for checkConnection events
2024-05-22 20:17:18,499 [INFO] WebApp:414 - Apply proxy settings
2024-05-22 20:17:18,499 [INFO] WebApp:499 - Chromium requires no authentication
2024-05-22 20:17:18,511 [INFO] WebApp:442 - Direct internet connection detected
2024-05-22 20:17:18,512 [WARN] PackLoader:240 - Cannot read IP mode file for STMicroelectronics.X-CUBE-NFC7.1.0.1
2024-05-22 20:17:18,526 [WARN] PackLoader:240 - Cannot read IP mode file for STMicroelectronics.X-CUBE-NFC7.1.0.0
2024-05-22 20:17:18,544 [WARN] PackLoader:240 - Cannot read IP mode file for STMicroelectronics.X-CUBE-NFC6.3.0.0
2024-05-22 20:17:18,562 [WARN] PackLoader:240 - Cannot read IP mode file for STMicroelectronics.X-CUBE-EEPRMA1.4.1.0
2024-05-22 20:17:18,578 [WARN] PackLoader:240 - Cannot read IP mode file for STMicroelectronics.X-CUBE-AI.8.1.0
2024-05-22 20:17:18,612 [WARN] ConditionMgr:438 - getConditionDescription Invalid condition id : LAN8742 Phy interface Condition cause : null
2024-05-22 20:17:18,613 [WARN] PackLoader:240 - Cannot read IP mode file for STMicroelectronics.X-CUBE-AZRTOS-L4.2.0.0
2024-05-22 20:17:18,613 [WARN] ConditionMgr:1039 - genDependencies : Invalid condition id : LAN8742 Phy interface Condition cause : null
2024-05-22 20:17:18,614 [WARN] ConditionMgr:1039 - genDependencies : Invalid condition id : LAN8742 Phy interface Condition cause : null
2024-05-22 20:17:18,614 [WARN] ConditionMgr:1039 - genDependencies : Invalid condition id : LAN8742 Phy interface Condition cause : null
2024-05-22 20:17:18,631 [WARN] PackLoader:240 - Cannot read IP mode file for STMicroelectronics.X-CUBE-SFXS2LP1.4.0.0
2024-05-22 20:17:18,660 [WARN] PackLoader:240 - Cannot read IP mode file for STMicroelectronics.X-CUBE-AZRTOS-H7.3.0.0
2024-05-22 20:17:18,677 [WARN] PackLoader:240 - Cannot read IP mode file for STMicroelectronics.X-CUBE-ISPU.1.1.0
2024-05-22 20:17:18,695 [WARN] PackLoader:240 - Cannot read IP mode file for RoweBots.I-CUBE-UNISONRTOS.5.5.0-4
2024-05-22 20:17:18,708 [WARN] PackLoader:240 - Cannot read IP mode file for STMicroelectronics.X-CUBE-AI.8.0.0
2024-05-22 20:17:18,735 [WARN] ConditionMgr:438 - getConditionDescription Invalid condition id : UX DEVICE CLASS RTOS Condition cause : null
2024-05-22 20:17:18,735 [WARN] ConditionMgr:438 - getConditionDescription Invalid condition id : UX DEVICE CLASS RTOS Condition cause : null
2024-05-22 20:17:18,737 [WARN] PackLoader:240 - Cannot read IP mode file for STMicroelectronics.X-CUBE-AZRTOS-WB.2.0.0
2024-05-22 20:17:18,737 [WARN] ConditionMgr:1039 - genDependencies : Invalid condition id : UX DEVICE CLASS RTOS Condition cause : null
2024-05-22 20:17:18,737 [WARN] ConditionMgr:1039 - genDependencies : Invalid condition id : UX DEVICE CLASS RTOS Condition cause : null
2024-05-22 20:17:18,738 [WARN] ConditionMgr:1039 - genDependencies : Invalid condition id : UX DEVICE CLASS RTOS Condition cause : null
2024-05-22 20:17:18,738 [WARN] ConditionMgr:1039 - genDependencies : Invalid condition id : UX DEVICE CLASS RTOS Condition cause : null
2024-05-22 20:17:18,738 [WARN] ConditionMgr:1039 - genDependencies : Invalid condition id : UX DEVICE CLASS RTOS Condition cause : null
2024-05-22 20:17:18,753 [WARN] PackLoader:240 - Cannot read IP mode file for STMicroelectronics.X-CUBE-FREERTOS.1.0.1
2024-05-22 20:17:18,781 [INFO] WebApp:192 - Starting web application
2024-05-22 20:17:18,782 [INFO] WebApp:544 - Web application path used C:\ST\STM32CubeIDE_1.11.2\STM32CubeIDE\plugins\com.st.stm32cube.common.mx_6.11.1.202404110753\db\plugins\mcufinder\reactClient1\index.html
2024-05-22 20:17:18,785 [WARN] PackLoader:240 - Cannot read IP mode file for STMicroelectronics.X-CUBE-AZRTOS-L5.1.1.0
2024-05-22 20:17:18,813 [WARN] PackLoader:240 - Cannot read IP mode file for STMicroelectronics.X-CUBE-SUBG2.5.0.0
2024-05-22 20:17:18,842 [WARN] PackLoader:240 - Cannot read IP mode file for STMicroelectronics.X-CUBE-TOF1.3.3.1
2024-05-22 20:17:18,886 [WARN] PackLoader:240 - Cannot read IP mode file for STMicroelectronics.X-CUBE-AZRTOS-G4.2.0.0
2024-05-22 20:17:18,905 [WARN] PackLoader:240 - Cannot read IP mode file for STMicroelectronics.FP-ATR-ASTRA1.1.1.1
2024-05-22 20:17:18,934 [WARN] PackLoader:240 - Cannot read IP mode file for Infineon.AIROC-Wi-Fi-Bluetooth-STM32.1.5.1
2024-05-22 20:17:18,953 [WARN] PackLoader:240 - Cannot read IP mode file for STMicroelectronics.FP-SNS-MOTENVWB1.1.3.0
2024-05-22 20:17:18,971 [WARN] PackLoader:240 - Cannot read IP mode file for STMicroelectronics.FP-SNS-MOTENVWB1.1.3.1
2024-05-22 20:17:19,007 [WARN] PackLoader:240 - Cannot read IP mode file for STMicroelectronics.X-CUBE-AZRTOS-G4.1.0.0
2024-05-22 20:17:19,058 [WARN] PackLoader:240 - Cannot read IP mode file for STMicroelectronics.X-CUBE-AZRTOS-L4.1.0.0
2024-05-22 20:17:19,075 [WARN] PackLoader:240 - Cannot read IP mode file for STMicroelectronics.X-CUBE-ISPU.2.0.0
2024-05-22 20:17:19,083 [WARN] PackLoader:240 - Cannot read IP mode file for STMicroelectronics.X-CUBE-ALS.1.0.2
2024-05-22 20:17:19,138 [WARN] PackLoader:240 - Cannot read IP mode file for STMicroelectronics.X-CUBE-MEMS1.10.0.0
2024-05-22 20:17:19,227 [WARN] PackLoader:240 - Cannot read IP mode file for STMicroelectronics.X-CUBE-FREERTOS.1.1.0
2024-05-22 20:17:19,248 [WARN] PackLoader:240 - Cannot read IP mode file for STMicroelectronics.X-CUBE-AZRTOS-WL.1.0.0
2024-05-22 20:17:19,267 [WARN] PackLoader:240 - Cannot read IP mode file for portGmbH.I-Cube-SoM-uGOAL.1.1.0
2024-05-22 20:17:19,281 [WARN] PackLoader:240 - Cannot read IP mode file for STMicroelectronics.X-CUBE-ALS.1.0.1
2024-05-22 20:17:19,308 [WARN] PackLoader:240 - Cannot read IP mode file for STMicroelectronics.X-CUBE-AZRTOS-WB.1.1.0
2024-05-22 20:17:19,339 [WARN] PackLoader:240 - Cannot read IP mode file for STMicroelectronics.X-CUBE-AZRTOS-H7RS.1.0.0
2024-05-22 20:17:19,348 [WARN] PackLoader:240 - Cannot read IP mode file for STMicroelectronics.FP-ATR-ASTRA1.2.0.0
2024-05-22 20:17:19,366 [WARN] PackLoader:240 - Cannot read IP mode file for STMicroelectronics.X-CUBE-TOF1.3.4.0
2024-05-22 20:17:19,396 [WARN] PackLoader:240 - Cannot read IP mode file for STMicroelectronics.X-CUBE-TOF1.3.4.1
2024-05-22 20:17:19,433 [WARN] PackLoader:240 - Cannot read IP mode file for STMicroelectronics.X-CUBE-AZRTOS-H7.3.2.0
2024-05-22 20:17:19,435 [INFO] ThirdParty:978 - Integrity check success = true
2024-05-22 20:17:19,435 [INFO] IntegrityCheckThread:100 - exiting critical section [integrity check]
2024-05-22 20:17:19,435 [INFO] IntegrityCheckThread:103 - End integrity checks thread
2024-05-22 20:23:03,717 [ERROR] LogOutputStream:75 - [STDERR_REDIRECT] 
2024-05-22 23:45:21,802 [INFO] Activator:176 - 


2024-05-22 23:45:21,809 [INFO] Activator:177 - !SESSION log4j initialized
2024-05-22 23:45:31,602 [INFO] LogOutputStream:77 - [STDOUT_REDIRECT] 
2024-05-22 23:45:33,324 [INFO] ApplicationProperties:184 - Using Application install path: C:\ST\STM32CubeIDE_1.11.2\STM32CubeIDE\plugins\com.st.stm32cube.common.mx_6.11.1.202404110753
2024-05-22 23:45:33,340 [INFO] DbMcusXml:78 - Set database path to: C:\ST\STM32CubeIDE_1.11.2\STM32CubeIDE\plugins\com.st.stm32cube.common.mx_6.11.1.202404110753\\db\/mcu/
2024-05-22 23:45:33,341 [INFO] ApiDb:274 - Set plugin database path to: C:\ST\STM32CubeIDE_1.11.2\STM32CubeIDE\plugins\com.st.stm32cube.common.mx_6.11.1.202404110753\\db\/plugins/boardmanager/
2024-05-22 23:45:33,341 [WARN] ApiDb:259 - Overriding images path with different value:  => C:\ST\STM32CubeIDE_1.11.2\STM32CubeIDE\plugins\com.st.stm32cube.common.mx_6.11.1.202404110753\\db\/plugins/mcufinder/images/
2024-05-22 23:45:33,358 [INFO] ApiDb:250 - Set database path to: C:\Users\erkan\.stmcufinder\plugins\mcufinder//mcu/
2024-05-22 23:45:33,359 [INFO] DbMcusAds:125 - Set database path to: C:\Users\erkan\.stmcufinder\plugins\mcufinder//mcu/
2024-05-22 23:45:33,361 [INFO] CrossReferenceDbSqlite:203 - Set database path to: C:\Users\erkan\.stmcufinder\plugins\mcufinder//mcu/cs/
2024-05-22 23:45:33,476 [INFO] RulesReader:64 - Compatibility file has been processed (297 Rules)
2024-05-22 23:45:33,616 [INFO] DbMcusXml:78 - Set database path to: C:\ST\STM32CubeIDE_1.11.2\STM32CubeIDE\plugins\com.st.stm32cube.common.mx_6.11.1.202404110753\\db\/mcu/
2024-05-22 23:45:33,616 [INFO] ApiDb:274 - Set plugin database path to: C:\ST\STM32CubeIDE_1.11.2\STM32CubeIDE\plugins\com.st.stm32cube.common.mx_6.11.1.202404110753\\db\/plugins/boardmanager/
2024-05-22 23:45:33,616 [INFO] ApiDb:261 - Set plugin images path to: C:\ST\STM32CubeIDE_1.11.2\STM32CubeIDE\plugins\com.st.stm32cube.common.mx_6.11.1.202404110753\\db\/plugins/mcufinder/images/
2024-05-22 23:45:33,616 [WARN] DbFile:41 - Overriding database path with different value: C:\Users\erkan\.stmcufinder\plugins\mcufinder/ => C:\Users\erkan\.stmcufinder\plugins\mcufinder
2024-05-22 23:45:33,617 [INFO] ApiDb:250 - Set database path to: C:\Users\erkan\.stmcufinder\plugins\mcufinder//mcu/
2024-05-22 23:45:33,617 [WARN] DbFile:41 - Overriding database path with different value: C:\Users\erkan\.stmcufinder\plugins\mcufinder/ => C:\Users\erkan\.stmcufinder\plugins\mcufinder
2024-05-22 23:45:33,617 [INFO] DbMcusAds:125 - Set database path to: C:\Users\erkan\.stmcufinder\plugins\mcufinder//mcu/
2024-05-22 23:45:33,617 [WARN] DbFile:41 - Overriding database path with different value: C:\Users\erkan\.stmcufinder\plugins\mcufinder/ => C:\Users\erkan\.stmcufinder\plugins\mcufinder
2024-05-22 23:45:33,617 [WARN] DbFile:41 - Overriding database path with different value: C:\Users\erkan\.stmcufinder\plugins\mcufinder/ => C:\Users\erkan\.stmcufinder\plugins\mcufinder
2024-05-22 23:45:33,617 [INFO] CrossReferenceDbSqlite:203 - Set database path to: C:\Users\erkan\.stmcufinder\plugins\mcufinder//mcu/cs/
2024-05-22 23:45:33,697 [INFO] MainPanel:264 - HeapMemory: 268435456
2024-05-22 23:45:33,858 [INFO] DbMcusXml:78 - Set database path to: C:\ST\STM32CubeIDE_1.11.2\STM32CubeIDE\plugins\com.st.stm32cube.common.mx_6.11.1.202404110753\\db\/mcu/
2024-05-22 23:45:33,858 [INFO] ApiDb:274 - Set plugin database path to: C:\ST\STM32CubeIDE_1.11.2\STM32CubeIDE\plugins\com.st.stm32cube.common.mx_6.11.1.202404110753\\db\/plugins/boardmanager/
2024-05-22 23:45:33,858 [INFO] ApiDb:261 - Set plugin images path to: C:\ST\STM32CubeIDE_1.11.2\STM32CubeIDE\plugins\com.st.stm32cube.common.mx_6.11.1.202404110753\\db\/plugins/mcufinder/images/
2024-05-22 23:45:33,859 [WARN] DbFile:41 - Overriding database path with different value: C:\Users\erkan\.stmcufinder\plugins\mcufinder/ => C:\Users\erkan\.stmcufinder\plugins\mcufinder
2024-05-22 23:45:33,859 [INFO] ApiDb:250 - Set database path to: C:\Users\erkan\.stmcufinder\plugins\mcufinder//mcu/
2024-05-22 23:45:33,859 [WARN] DbFile:41 - Overriding database path with different value: C:\Users\erkan\.stmcufinder\plugins\mcufinder/ => C:\Users\erkan\.stmcufinder\plugins\mcufinder
2024-05-22 23:45:33,859 [INFO] DbMcusAds:125 - Set database path to: C:\Users\erkan\.stmcufinder\plugins\mcufinder//mcu/
2024-05-22 23:45:33,859 [WARN] DbFile:41 - Overriding database path with different value: C:\Users\erkan\.stmcufinder\plugins\mcufinder/ => C:\Users\erkan\.stmcufinder\plugins\mcufinder
2024-05-22 23:45:33,859 [WARN] DbFile:41 - Overriding database path with different value: C:\Users\erkan\.stmcufinder\plugins\mcufinder/ => C:\Users\erkan\.stmcufinder\plugins\mcufinder
2024-05-22 23:45:33,859 [INFO] CrossReferenceDbSqlite:203 - Set database path to: C:\Users\erkan\.stmcufinder\plugins\mcufinder//mcu/cs/
2024-05-22 23:45:33,891 [INFO] ApplicationProperties:184 - Using Application install path: C:\ST\STM32CubeIDE_1.11.2\STM32CubeIDE\plugins\com.st.stm32cube.common.mx_6.11.1.202404110753
2024-05-22 23:45:33,893 [INFO] PluginManage:196 - Search for loadable plugins [exclusion list=, ]
2024-05-22 23:45:33,897 [INFO] PluginManage:310 - Check plugin analytics
2024-05-22 23:45:34,156 [INFO] AnalyticsPlugin:253 - Accepted Software Licenses: STM32CubeMX.6.9.2
2024-05-22 23:45:34,157 [INFO] AnalyticsPlugin:255 - Accepted CMSIS Pack Licenses: 
2024-05-22 23:45:34,157 [INFO] AnalyticsPlugin:257 - Accepted Firmware Licenses: 
2024-05-22 23:45:34,160 [INFO] PluginManage:359 - Loaded plugin analytics (category:tool,tabindex:-1)
2024-05-22 23:45:34,160 [INFO] PluginManage:310 - Check plugin cadmodel
2024-05-22 23:45:34,166 [INFO] CADModel:105 - Init CAD model plugin
2024-05-22 23:45:34,167 [INFO] PluginManage:359 - Loaded plugin cadmodel (category:power,tabindex:5)
2024-05-22 23:45:34,167 [INFO] PluginManage:310 - Check plugin clock
2024-05-22 23:45:34,182 [INFO] PluginManage:359 - Loaded plugin clock (category:base,tabindex:2)
2024-05-22 23:45:34,182 [INFO] PluginManage:310 - Check plugin ddr
2024-05-22 23:45:34,185 [INFO] PluginManage:359 - Loaded plugin ddr (category:tool,tabindex:6)
2024-05-22 23:45:34,185 [INFO] PluginManage:310 - Check plugin filemanager
2024-05-22 23:45:34,389 [INFO] PluginManage:359 - Loaded plugin filemanager (category:base,tabindex:10)
2024-05-22 23:45:34,389 [INFO] PluginManage:310 - Check plugin ipmanager
2024-05-22 23:45:34,400 [INFO] PluginManage:359 - Loaded plugin ipmanager (category:base,tabindex:5)
2024-05-22 23:45:34,401 [INFO] PluginManage:310 - Check plugin lpbam
2024-05-22 23:45:34,411 [INFO] PluginManage:359 - Loaded plugin lpbam (category:base,tabindex:0)
2024-05-22 23:45:34,411 [INFO] PluginManage:310 - Check plugin memorymap
2024-05-22 23:45:34,433 [INFO] PluginManage:359 - Loaded plugin memorymap (category:base,tabindex:4)
2024-05-22 23:45:34,433 [INFO] PluginManage:310 - Check plugin pinoutandconfiguration
2024-05-22 23:45:34,446 [INFO] PluginManage:359 - Loaded plugin pinoutandconfiguration (category:base,tabindex:1)
2024-05-22 23:45:34,446 [INFO] PluginManage:310 - Check plugin pinoutconfig
2024-05-22 23:45:34,536 [WARN] SupportedApi:132 - Cannot load RTOS API schema: s4s-elt-must-match.1: The content of 'definitions' must match (annotation?, (simpleType | complexType)?, (unique | key | keyref)*)). A problem was found starting at: attribute.
2024-05-22 23:45:34,748 [INFO] PluginManage:359 - Loaded plugin pinoutconfig (category:base,tabindex:0)
2024-05-22 23:45:34,750 [INFO] PluginManage:310 - Check plugin power
2024-05-22 23:45:34,768 [INFO] PluginManage:359 - Loaded plugin power (category:power,tabindex:4)
2024-05-22 23:45:34,769 [INFO] PluginManage:310 - Check plugin projectmanager
2024-05-22 23:45:34,799 [INFO] PluginManage:359 - Loaded plugin projectmanager (category:projectmanager,tabindex:3)
2024-05-22 23:45:34,799 [INFO] PluginManage:310 - Check plugin thirdparty
2024-05-22 23:45:35,158 [INFO] PluginManage:359 - Loaded plugin thirdparty (category:base,tabindex:-1)
2024-05-22 23:45:35,158 [INFO] PluginManage:310 - Check plugin tools
2024-05-22 23:45:35,158 [WARN] IntegrityCheckThread:84 - waiting for thirdparty lock release [integrity check]
2024-05-22 23:45:35,159 [INFO] IntegrityCheckThread:86 - entering critical section [integrity check]
2024-05-22 23:45:35,159 [INFO] ThirdPartyUpdaterWithRetryManager:70 - Updater plugin not ready yet. [1/15]
2024-05-22 23:45:35,162 [INFO] PluginManage:359 - Loaded plugin tools (category:base,tabindex:7)
2024-05-22 23:45:35,162 [INFO] PluginManage:310 - Check plugin tutovideos
2024-05-22 23:45:35,475 [INFO] PluginManage:359 - Loaded plugin tutovideos (category:base,tabindex:-1)
2024-05-22 23:45:35,475 [INFO] PluginManage:310 - Check plugin updater
2024-05-22 23:45:35,488 [INFO] PluginManage:359 - Loaded plugin updater (category:base,tabindex:12)
2024-05-22 23:45:35,488 [INFO] PluginManage:310 - Check plugin userauth
2024-05-22 23:45:35,496 [INFO] UserAuth:114 - Init User Auth plugin
2024-05-22 23:45:35,496 [INFO] PluginManage:359 - Loaded plugin userauth (category:base,tabindex:14)
2024-05-22 23:45:35,497 [INFO] PluginManage:283 - PluginManage : Loaded plugins [17]
2024-05-22 23:45:35,782 [INFO] PinOutPanel:1561 - setPackage(No Configuration,No Configuration)
2024-05-22 23:45:35,884 [INFO] CADModel:165 - CPN selected for project level
2024-05-22 23:45:35,884 [INFO] CADModel:114 - Register for checkConnection events
2024-05-22 23:45:35,907 [INFO] IPUIPlugin:80 - create IPUIPlugin
2024-05-22 23:45:35,907 [INFO] PluginManager:220 - loadIPPluginJar : add adc
2024-05-22 23:45:35,910 [INFO] IPUIPlugin:80 - create IPUIPlugin
2024-05-22 23:45:35,911 [INFO] PluginManager:220 - loadIPPluginJar : add aes
2024-05-22 23:45:35,914 [INFO] IPUIPlugin:80 - create IPUIPlugin
2024-05-22 23:45:35,914 [INFO] PluginManager:220 - loadIPPluginJar : add can
2024-05-22 23:45:35,916 [INFO] IPUIPlugin:80 - create IPUIPlugin
2024-05-22 23:45:35,916 [INFO] PluginManager:220 - loadIPPluginJar : add comp
2024-05-22 23:45:35,920 [INFO] IPUIPlugin:80 - create IPUIPlugin
2024-05-22 23:45:35,920 [INFO] PluginManager:220 - loadIPPluginJar : add cryp
2024-05-22 23:45:35,924 [INFO] IPUIPlugin:80 - create IPUIPlugin
2024-05-22 23:45:35,924 [INFO] PluginManager:220 - loadIPPluginJar : add dfsdm
2024-05-22 23:45:35,931 [INFO] IPUIPlugin:80 - create IPUIPlugin
2024-05-22 23:45:35,932 [INFO] PluginManager:220 - loadIPPluginJar : add dma
2024-05-22 23:45:35,936 [INFO] IPUIPlugin:80 - create IPUIPlugin
2024-05-22 23:45:35,937 [INFO] PluginManager:220 - loadIPPluginJar : add dma3
2024-05-22 23:45:35,941 [INFO] IPUIPlugin:80 - create IPUIPlugin
2024-05-22 23:45:35,941 [INFO] PluginManager:220 - loadIPPluginJar : add extmemmanager
2024-05-22 23:45:35,944 [INFO] IPUIPlugin:80 - create IPUIPlugin
2024-05-22 23:45:35,944 [INFO] PluginManager:220 - loadIPPluginJar : add fatfs
2024-05-22 23:45:35,950 [INFO] IPUIPlugin:80 - create IPUIPlugin
2024-05-22 23:45:35,950 [INFO] PluginManager:220 - loadIPPluginJar : add fmc
2024-05-22 23:45:35,957 [INFO] IPUIPlugin:80 - create IPUIPlugin
2024-05-22 23:45:35,957 [INFO] PluginManager:220 - loadIPPluginJar : add freertos
2024-05-22 23:45:35,960 [INFO] IPUIPlugin:80 - create IPUIPlugin
2024-05-22 23:45:35,960 [INFO] PluginManager:220 - loadIPPluginJar : add genericplugin
2024-05-22 23:45:35,965 [INFO] IPUIPlugin:80 - create IPUIPlugin
2024-05-22 23:45:35,965 [INFO] PluginManager:220 - loadIPPluginJar : add gfxmmu
2024-05-22 23:45:35,975 [INFO] IPUIPlugin:80 - create IPUIPlugin
2024-05-22 23:45:35,975 [INFO] PluginManager:220 - loadIPPluginJar : add gic
2024-05-22 23:45:35,980 [INFO] IPUIPlugin:80 - create IPUIPlugin
2024-05-22 23:45:35,982 [INFO] PluginManager:220 - loadIPPluginJar : add gpio
2024-05-22 23:45:35,987 [INFO] IPUIPlugin:80 - create IPUIPlugin
2024-05-22 23:45:35,988 [INFO] PluginManager:220 - loadIPPluginJar : add gtzc
2024-05-22 23:45:35,991 [INFO] IPUIPlugin:80 - create IPUIPlugin
2024-05-22 23:45:35,991 [INFO] PluginManager:220 - loadIPPluginJar : add hash
2024-05-22 23:45:35,996 [INFO] IPUIPlugin:80 - create IPUIPlugin
2024-05-22 23:45:35,997 [INFO] PluginManager:220 - loadIPPluginJar : add i2c
2024-05-22 23:45:36,000 [INFO] IPUIPlugin:80 - create IPUIPlugin
2024-05-22 23:45:36,000 [INFO] PluginManager:220 - loadIPPluginJar : add i2s
2024-05-22 23:45:36,007 [INFO] IPUIPlugin:80 - create IPUIPlugin
2024-05-22 23:45:36,009 [INFO] PluginManager:220 - loadIPPluginJar : add i3c
2024-05-22 23:45:36,198 [INFO] IPUIPlugin:80 - create IPUIPlugin
2024-05-22 23:45:36,199 [INFO] PluginManager:220 - loadIPPluginJar : add ipddr
2024-05-22 23:45:36,211 [INFO] IPUIPlugin:80 - create IPUIPlugin
2024-05-22 23:45:36,211 [INFO] PluginManager:220 - loadIPPluginJar : add linkedlist
2024-05-22 23:45:36,216 [INFO] IPUIPlugin:80 - create IPUIPlugin
2024-05-22 23:45:36,216 [INFO] PluginManager:220 - loadIPPluginJar : add lorawan
2024-05-22 23:45:36,219 [INFO] IPUIPlugin:80 - create IPUIPlugin
2024-05-22 23:45:36,220 [INFO] PluginManager:220 - loadIPPluginJar : add ltdc
2024-05-22 23:45:36,228 [INFO] IPUIPlugin:80 - create IPUIPlugin
2024-05-22 23:45:36,228 [INFO] PluginManager:220 - loadIPPluginJar : add mdma
2024-05-22 23:45:36,233 [INFO] IPUIPlugin:80 - create IPUIPlugin
2024-05-22 23:45:36,234 [INFO] PluginManager:220 - loadIPPluginJar : add nvic
2024-05-22 23:45:36,239 [INFO] IPUIPlugin:80 - create IPUIPlugin
2024-05-22 23:45:36,239 [INFO] PluginManager:220 - loadIPPluginJar : add opamp
2024-05-22 23:45:36,244 [INFO] IPUIPlugin:80 - create IPUIPlugin
2024-05-22 23:45:36,244 [INFO] PluginManager:220 - loadIPPluginJar : add openamp
2024-05-22 23:45:36,249 [INFO] IPUIPlugin:80 - create IPUIPlugin
2024-05-22 23:45:36,249 [INFO] PluginManager:220 - loadIPPluginJar : add pdm2pcm
2024-05-22 23:45:36,256 [INFO] IPUIPlugin:80 - create IPUIPlugin
2024-05-22 23:45:36,259 [INFO] PluginManager:220 - loadIPPluginJar : add plateformsettings
2024-05-22 23:45:36,261 [INFO] IPUIPlugin:80 - create IPUIPlugin
2024-05-22 23:45:36,261 [INFO] PluginManager:220 - loadIPPluginJar : add quadspi
2024-05-22 23:45:36,267 [INFO] IPUIPlugin:80 - create IPUIPlugin
2024-05-22 23:45:36,267 [INFO] PluginManager:220 - loadIPPluginJar : add resmgrutility
2024-05-22 23:45:36,272 [INFO] IPUIPlugin:80 - create IPUIPlugin
2024-05-22 23:45:36,272 [INFO] PluginManager:220 - loadIPPluginJar : add sai
2024-05-22 23:45:36,275 [INFO] IPUIPlugin:80 - create IPUIPlugin
2024-05-22 23:45:36,276 [INFO] PluginManager:220 - loadIPPluginJar : add spi
2024-05-22 23:45:36,282 [INFO] IPUIPlugin:80 - create IPUIPlugin
2024-05-22 23:45:36,282 [INFO] PluginManager:220 - loadIPPluginJar : add stm32_wpan
2024-05-22 23:45:36,286 [INFO] IPUIPlugin:80 - create IPUIPlugin
2024-05-22 23:45:36,286 [INFO] PluginManager:220 - loadIPPluginJar : add tim
2024-05-22 23:45:36,291 [INFO] IPUIPlugin:80 - create IPUIPlugin
2024-05-22 23:45:36,291 [INFO] PluginManager:220 - loadIPPluginJar : add touchsensing
2024-05-22 23:45:36,294 [INFO] IPUIPlugin:80 - create IPUIPlugin
2024-05-22 23:45:36,294 [INFO] PluginManager:220 - loadIPPluginJar : add tracer_emb
2024-05-22 23:45:36,297 [INFO] IPUIPlugin:80 - create IPUIPlugin
2024-05-22 23:45:36,298 [INFO] PluginManager:220 - loadIPPluginJar : add ts
2024-05-22 23:45:36,300 [INFO] IPUIPlugin:80 - create IPUIPlugin
2024-05-22 23:45:36,302 [INFO] PluginManager:220 - loadIPPluginJar : add tsc
2024-05-22 23:45:36,305 [INFO] IPUIPlugin:80 - create IPUIPlugin
2024-05-22 23:45:36,305 [INFO] PluginManager:220 - loadIPPluginJar : add ucpd
2024-05-22 23:45:36,309 [INFO] IPUIPlugin:80 - create IPUIPlugin
2024-05-22 23:45:36,309 [INFO] PluginManager:220 - loadIPPluginJar : add usart
2024-05-22 23:45:36,315 [INFO] IPUIPlugin:80 - create IPUIPlugin
2024-05-22 23:45:36,315 [INFO] PluginManager:220 - loadIPPluginJar : add usbx
2024-05-22 23:45:36,489 [INFO] CADModel:165 - CPN selected for project level
2024-05-22 23:45:36,490 [INFO] CADModel:114 - Register for checkConnection events
2024-05-22 23:45:36,490 [FATAL] Updater:308 - Updater called before beeing initialized
2024-05-22 23:45:36,490 [ERROR] CADModel:125 - Updater not yet initialized, retry later 
2024-05-22 23:45:36,673 [INFO] CADModel:165 - CPN selected for project level
2024-05-22 23:45:36,673 [INFO] CADModel:114 - Register for checkConnection events
2024-05-22 23:45:36,673 [FATAL] Updater:308 - Updater called before beeing initialized
2024-05-22 23:45:36,674 [ERROR] CADModel:125 - Updater not yet initialized, retry later 
2024-05-22 23:45:36,677 [FATAL] Updater:308 - Updater called before beeing initialized
2024-05-22 23:45:36,814 [FATAL] Updater:308 - Updater called before beeing initialized
2024-05-22 23:45:36,826 [INFO] DbMcusAds:53 - JSON generation date=Thu May 16 11:22:00 CEST 2024 (1715851320852)
2024-05-22 23:45:36,826 [FATAL] Updater:308 - Updater called before beeing initialized
2024-05-22 23:45:36,869 [WARN] DetailPanel:346 - Failed to get advertising image, set to default
2024-05-22 23:45:36,965 [FATAL] Updater:308 - Updater called before beeing initialized
2024-05-22 23:45:36,969 [FATAL] Updater:308 - Updater called before beeing initialized
2024-05-22 23:45:36,970 [FATAL] Updater:308 - Updater called before beeing initialized
2024-05-22 23:45:36,970 [WARN] DetailPanel:346 - Failed to get advertising image, set to default
2024-05-22 23:45:36,971 [FATAL] Updater:308 - Updater called before beeing initialized
2024-05-22 23:45:37,055 [ERROR] Updater:1120 - MainUpdater not yet initialized. External WinMGr cannot be set.
2024-05-22 23:45:37,068 [INFO] Updater:1056 - Updater Version found : 6.11.1
2024-05-22 23:45:37,090 [INFO] ApplicationProperties:184 - Using Application install path: C:\ST\STM32CubeIDE_1.11.2\STM32CubeIDE\plugins\com.st.stm32cube.common.mx_6.11.1.202404110753
2024-05-22 23:45:37,783 [INFO] MainUpdater:2873 - connection check result : 10
2024-05-22 23:45:37,784 [INFO] MainUpdater:290 - Updater Check For Update Now.
2024-05-22 23:45:37,784 [INFO] MicroXplorer:498 - Change Database Version : DB.6.0.111
2024-05-22 23:45:37,809 [INFO] McuFinderGlobals:63 - Set McuFinder mode to 2 (CubeIDE integrated)
2024-05-22 23:45:37,810 [INFO] UserAuth:179 - activating auth plugin
2024-05-22 23:45:37,817 [INFO] UserAuth:415 - Internet connection configuration mode: 1
2024-05-22 23:45:37,855 [INFO] JxBrowserEngine:152 - Initiate JxBrowser Engine with user profile folder
2024-05-22 23:45:38,031 [INFO] CheckServerUpdateThread:120 - End of CheckServer Thread
2024-05-22 23:45:38,575 [WARN] PackLoader:240 - Cannot read IP mode file for STMicroelectronics.FP-SNS-MOTENVWB1.1.4.0
2024-05-22 23:45:38,619 [WARN] PackLoader:240 - Cannot read IP mode file for STMicroelectronics.X-CUBE-SMBUS.2.1.0
2024-05-22 23:45:38,651 [WARN] PackLoader:240 - Cannot read IP mode file for STMicroelectronics.X-CUBE-TOUCHGFX.4.23.0
2024-05-22 23:45:38,675 [WARN] PackLoader:240 - Cannot read IP mode file for STMicroelectronics.X-CUBE-TOUCHGFX.4.23.2
2024-05-22 23:45:38,768 [WARN] PackLoader:240 - Cannot read IP mode file for STMicroelectronics.X-CUBE-AZRTOS-F7.1.1.0
2024-05-22 23:45:38,811 [WARN] PackLoader:240 - Cannot read IP mode file for STMicroelectronics.FP-SNS-MOTENV1.4.3.2
2024-05-22 23:45:38,852 [WARN] PackLoader:240 - Cannot read IP mode file for STMicroelectronics.X-CUBE-BLE1.6.2.4
2024-05-22 23:45:38,880 [WARN] PackLoader:240 - Cannot read IP mode file for STMicroelectronics.FP-SNS-FLIGHT1.5.0.2
2024-05-22 23:45:38,913 [WARN] PackLoader:240 - Cannot read IP mode file for STMicroelectronics.X-CUBE-DISPLAY.3.0.0
2024-05-22 23:45:38,945 [WARN] PackLoader:240 - Cannot read IP mode file for STMicroelectronics.X-CUBE-BLE1.7.0.0
2024-05-22 23:45:38,969 [WARN] PackLoader:240 - Cannot read IP mode file for STMicroelectronics.X-CUBE-TOUCHGFX.4.22.0
2024-05-22 23:45:38,991 [WARN] PackLoader:240 - Cannot read IP mode file for STMicroelectronics.X-CUBE-TOUCHGFX.4.22.1
2024-05-22 23:45:39,024 [WARN] PackLoader:240 - Cannot read IP mode file for STMicroelectronics.X-CUBE-BLEMGR.3.1.0
2024-05-22 23:45:39,062 [WARN] PackLoader:240 - Cannot read IP mode file for STMicroelectronics.FP-SNS-SMARTAG2.1.2.0
2024-05-22 23:45:39,103 [INFO] LogOutputStream:77 - [STDOUT_REDIRECT] 1 : Invalid condition id : UX_CORESTACK_Condition cause : null
2024-05-22 23:45:39,104 [INFO] LogOutputStream:77 - [STDOUT_REDIRECT] 1 : Invalid condition id : UX_CORESTACK_Condition cause : null
2024-05-22 23:45:39,105 [INFO] LogOutputStream:77 - [STDOUT_REDIRECT] 1 : Invalid condition id : UX_CORESTACK_Condition cause : null
2024-05-22 23:45:39,108 [INFO] LogOutputStream:77 - [STDOUT_REDIRECT] 1 : Invalid condition id : UX_CORESTACK_Condition cause : null
2024-05-22 23:45:39,110 [INFO] LogOutputStream:77 - [STDOUT_REDIRECT] 1 : Invalid condition id : UX_CORESTACK_Condition cause : null
2024-05-22 23:45:39,115 [WARN] PackLoader:240 - Cannot read IP mode file for STMicroelectronics.X-CUBE-AZRTOS-WL.2.0.0
2024-05-22 23:45:39,145 [WARN] PackLoader:240 - Cannot read IP mode file for STMicroelectronics.FP-SNS-MOTENV1.5.0.0
2024-05-22 23:45:39,177 [WARN] PackLoader:240 - Cannot read IP mode file for WES.I-CUBE-Cesium.1.3.0
2024-05-22 23:45:39,202 [WARN] PackLoader:240 - Cannot read IP mode file for STMicroelectronics.X-CUBE-BLE2.3.3.0
2024-05-22 23:45:39,237 [WARN] PackLoader:240 - Cannot read IP mode file for STMicroelectronics.X-CUBE-TOF1.3.2.0
2024-05-22 23:45:39,285 [WARN] PackLoader:240 - Cannot read IP mode file for STMicroelectronics.X-CUBE-TCPP.4.1.0
2024-05-22 23:45:39,311 [WARN] PackLoader:240 - Cannot read IP mode file for STMicroelectronics.X-CUBE-TOUCHGFX.4.21.1
2024-05-22 23:45:39,334 [WARN] PackLoader:240 - Cannot read IP mode file for STMicroelectronics.X-CUBE-AI.7.3.0
2024-05-22 23:45:39,362 [WARN] PackLoader:240 - Cannot read IP mode file for STMicroelectronics.X-CUBE-ALGOBUILD.1.3.0
2024-05-22 23:45:39,413 [WARN] PackLoader:240 - Cannot read IP mode file for STMicroelectronics.X-CUBE-AZRTOS-G0.1.1.0
2024-05-22 23:45:39,436 [WARN] PackLoader:240 - Cannot read IP mode file for STMicroelectronics.X-CUBE-SAFEA1.1.2.2
2024-05-22 23:45:39,457 [WARN] PackLoader:240 - Cannot read IP mode file for STMicroelectronics.X-CUBE-NFC4.3.0.0
2024-05-22 23:45:39,480 [WARN] PackLoader:240 - Cannot read IP mode file for STMicroelectronics.X-CUBE-BLEMGR.3.0.0
2024-05-22 23:45:39,510 [WARN] PackLoader:240 - Cannot read IP mode file for STMicroelectronics.X-CUBE-BLEMGR.1.3.0
2024-05-22 23:45:39,522 [WARN] PackLoader:240 - Cannot read IP mode file for STMicroelectronics.FP-ATR-SIGFOX1.3.2.0
2024-05-22 23:45:39,551 [WARN] PackLoader:240 - Cannot read IP mode file for STMicroelectronics.X-CUBE-EEPRMA1.5.1.0
2024-05-22 23:45:39,662 [WARN] PackLoader:240 - Cannot read IP mode file for STMicroelectronics.X-CUBE-MEMS1.9.5.0
2024-05-22 23:45:40,010 [WARN] PackLoader:240 - Cannot read IP mode file for SEGGER.I-CUBE-embOS.1.3.1
2024-05-22 23:45:40,096 [WARN] PackLoader:240 - Cannot read IP mode file for STMicroelectronics.X-CUBE-ALGOBUILD.1.4.0
2024-05-22 23:45:40,120 [WARN] PackLoader:240 - Cannot read IP mode file for STMicroelectronics.X-CUBE-GNSS1.6.0.0
2024-05-22 23:45:40,168 [WARN] PackLoader:240 - Cannot read IP mode file for STMicroelectronics.X-CUBE-AZRTOS-F4.1.1.0
2024-05-22 23:45:40,204 [WARN] PackLoader:240 - Cannot read IP mode file for STMicroelectronics.X-CUBE-FREERTOS.1.2.0
2024-05-22 23:45:40,259 [WARN] PackLoader:240 - Cannot read IP mode file for STMicroelectronics.X-CUBE-AZRTOS-L5.2.0.0
2024-05-22 23:45:40,373 [WARN] PackLoader:240 - Cannot read IP mode file for STMicroelectronics.X-CUBE-MEMS1.9.6.0
2024-05-22 23:45:40,633 [WARN] PackLoader:240 - Cannot read IP mode file for STMicroelectronics.X-CUBE-EEPRMA1.4.2.0
2024-05-22 23:45:40,661 [WARN] PackLoader:240 - Cannot read IP mode file for STMicroelectronics.X-CUBE-NFC6.3.1.0
2024-05-22 23:45:40,687 [WARN] PackLoader:240 - Cannot read IP mode file for ITTIA_DB.I-CUBE-ITTIADB.8.8.0
2024-05-22 23:45:40,712 [WARN] PackLoader:240 - Cannot read IP mode file for emotas.I-CUBE-CANOPEN.1.1.3
2024-05-22 23:45:40,737 [WARN] PackLoader:240 - Cannot read IP mode file for STMicroelectronics.X-CUBE-BLEMGR.2.0.0
2024-05-22 23:45:40,755 [WARN] PackLoader:240 - Cannot read IP mode file for STMicroelectronics.X-CUBE-AI.9.0.0
2024-05-22 23:45:40,796 [WARN] ConditionMgr:438 - getConditionDescription Invalid condition id : UX DEVICE CLASS RTOS Condition cause : null
2024-05-22 23:45:40,796 [WARN] ConditionMgr:438 - getConditionDescription Invalid condition id : UX DEVICE CLASS RTOS Condition cause : null
2024-05-22 23:45:40,803 [WARN] PackLoader:240 - Cannot read IP mode file for STMicroelectronics.X-CUBE-AZRTOS-H7.3.1.0
2024-05-22 23:45:40,806 [WARN] ConditionMgr:1039 - genDependencies : Invalid condition id : UX DEVICE CLASS RTOS Condition cause : null
2024-05-22 23:45:40,807 [WARN] ConditionMgr:1039 - genDependencies : Invalid condition id : UX DEVICE CLASS RTOS Condition cause : null
2024-05-22 23:45:40,808 [WARN] ConditionMgr:1039 - genDependencies : Invalid condition id : UX DEVICE CLASS RTOS Condition cause : null
2024-05-22 23:45:40,810 [WARN] ConditionMgr:1039 - genDependencies : Invalid condition id : UX DEVICE CLASS RTOS Condition cause : null
2024-05-22 23:45:40,810 [WARN] ConditionMgr:1039 - genDependencies : Invalid condition id : UX DEVICE CLASS RTOS Condition cause : null
2024-05-22 23:45:40,830 [WARN] PackLoader:240 - Cannot read IP mode file for wolfSSL.I-CUBE-wolfSSL.5.5.4
2024-05-22 23:45:40,847 [WARN] PackLoader:240 - Cannot read IP mode file for STMicroelectronics.X-CUBE-NFC7.1.0.1
2024-05-22 23:45:40,866 [WARN] PackLoader:240 - Cannot read IP mode file for STMicroelectronics.X-CUBE-NFC7.1.0.0
2024-05-22 23:45:40,886 [WARN] PackLoader:240 - Cannot read IP mode file for STMicroelectronics.X-CUBE-NFC6.3.0.0
2024-05-22 23:45:40,904 [WARN] PackLoader:240 - Cannot read IP mode file for STMicroelectronics.X-CUBE-EEPRMA1.4.1.0
2024-05-22 23:45:40,919 [WARN] PackLoader:240 - Cannot read IP mode file for STMicroelectronics.X-CUBE-AI.8.1.0
2024-05-22 23:45:40,962 [WARN] ConditionMgr:438 - getConditionDescription Invalid condition id : LAN8742 Phy interface Condition cause : null
2024-05-22 23:45:40,964 [WARN] PackLoader:240 - Cannot read IP mode file for STMicroelectronics.X-CUBE-AZRTOS-L4.2.0.0
2024-05-22 23:45:40,966 [WARN] ConditionMgr:1039 - genDependencies : Invalid condition id : LAN8742 Phy interface Condition cause : null
2024-05-22 23:45:40,969 [WARN] ConditionMgr:1039 - genDependencies : Invalid condition id : LAN8742 Phy interface Condition cause : null
2024-05-22 23:45:40,970 [WARN] ConditionMgr:1039 - genDependencies : Invalid condition id : LAN8742 Phy interface Condition cause : null
2024-05-22 23:45:40,996 [WARN] PackLoader:240 - Cannot read IP mode file for STMicroelectronics.X-CUBE-SFXS2LP1.4.0.0
2024-05-22 23:45:41,044 [WARN] PackLoader:240 - Cannot read IP mode file for STMicroelectronics.X-CUBE-AZRTOS-H7.3.0.0
2024-05-22 23:45:41,081 [WARN] PackLoader:240 - Cannot read IP mode file for STMicroelectronics.X-CUBE-ISPU.1.1.0
2024-05-22 23:45:41,118 [WARN] PackLoader:240 - Cannot read IP mode file for RoweBots.I-CUBE-UNISONRTOS.5.5.0-4
2024-05-22 23:45:41,153 [WARN] PackLoader:240 - Cannot read IP mode file for STMicroelectronics.X-CUBE-AI.8.0.0
2024-05-22 23:45:41,196 [WARN] ConditionMgr:438 - getConditionDescription Invalid condition id : UX DEVICE CLASS RTOS Condition cause : null
2024-05-22 23:45:41,196 [WARN] ConditionMgr:438 - getConditionDescription Invalid condition id : UX DEVICE CLASS RTOS Condition cause : null
2024-05-22 23:45:41,202 [WARN] PackLoader:240 - Cannot read IP mode file for STMicroelectronics.X-CUBE-AZRTOS-WB.2.0.0
2024-05-22 23:45:41,203 [WARN] ConditionMgr:1039 - genDependencies : Invalid condition id : UX DEVICE CLASS RTOS Condition cause : null
2024-05-22 23:45:41,204 [WARN] ConditionMgr:1039 - genDependencies : Invalid condition id : UX DEVICE CLASS RTOS Condition cause : null
2024-05-22 23:45:41,205 [WARN] ConditionMgr:1039 - genDependencies : Invalid condition id : UX DEVICE CLASS RTOS Condition cause : null
2024-05-22 23:45:41,205 [WARN] ConditionMgr:1039 - genDependencies : Invalid condition id : UX DEVICE CLASS RTOS Condition cause : null
2024-05-22 23:45:41,206 [WARN] ConditionMgr:1039 - genDependencies : Invalid condition id : UX DEVICE CLASS RTOS Condition cause : null
2024-05-22 23:45:41,231 [WARN] PackLoader:240 - Cannot read IP mode file for STMicroelectronics.X-CUBE-FREERTOS.1.0.1
2024-05-22 23:45:41,276 [WARN] PackLoader:240 - Cannot read IP mode file for STMicroelectronics.X-CUBE-AZRTOS-L5.1.1.0
2024-05-22 23:45:41,316 [WARN] PackLoader:240 - Cannot read IP mode file for STMicroelectronics.X-CUBE-SUBG2.5.0.0
2024-05-22 23:45:41,349 [WARN] PackLoader:240 - Cannot read IP mode file for STMicroelectronics.X-CUBE-TOF1.3.3.1
2024-05-22 23:45:41,389 [WARN] PackLoader:240 - Cannot read IP mode file for STMicroelectronics.X-CUBE-AZRTOS-G4.2.0.0
2024-05-22 23:45:41,417 [WARN] PackLoader:240 - Cannot read IP mode file for STMicroelectronics.FP-ATR-ASTRA1.1.1.1
2024-05-22 23:45:41,460 [WARN] PackLoader:240 - Cannot read IP mode file for Infineon.AIROC-Wi-Fi-Bluetooth-STM32.1.5.1
2024-05-22 23:45:41,482 [WARN] PackLoader:240 - Cannot read IP mode file for STMicroelectronics.FP-SNS-MOTENVWB1.1.3.0
2024-05-22 23:45:41,503 [WARN] PackLoader:240 - Cannot read IP mode file for STMicroelectronics.FP-SNS-MOTENVWB1.1.3.1
2024-05-22 23:45:41,541 [WARN] PackLoader:240 - Cannot read IP mode file for STMicroelectronics.X-CUBE-AZRTOS-G4.1.0.0
2024-05-22 23:45:41,585 [WARN] PackLoader:240 - Cannot read IP mode file for STMicroelectronics.X-CUBE-AZRTOS-L4.1.0.0
2024-05-22 23:45:41,612 [WARN] PackLoader:240 - Cannot read IP mode file for STMicroelectronics.X-CUBE-ISPU.2.0.0
2024-05-22 23:45:41,635 [WARN] PackLoader:240 - Cannot read IP mode file for STMicroelectronics.X-CUBE-ALS.1.0.2
2024-05-22 23:45:41,709 [WARN] PackLoader:240 - Cannot read IP mode file for STMicroelectronics.X-CUBE-MEMS1.10.0.0
2024-05-22 23:45:41,821 [WARN] PackLoader:240 - Cannot read IP mode file for STMicroelectronics.X-CUBE-FREERTOS.1.1.0
2024-05-22 23:45:41,847 [WARN] PackLoader:240 - Cannot read IP mode file for STMicroelectronics.X-CUBE-AZRTOS-WL.1.0.0
2024-05-22 23:45:41,866 [WARN] PackLoader:240 - Cannot read IP mode file for portGmbH.I-Cube-SoM-uGOAL.1.1.0
2024-05-22 23:45:41,882 [WARN] PackLoader:240 - Cannot read IP mode file for STMicroelectronics.X-CUBE-ALS.1.0.1
2024-05-22 23:45:41,917 [WARN] PackLoader:240 - Cannot read IP mode file for STMicroelectronics.X-CUBE-AZRTOS-WB.1.1.0
2024-05-22 23:45:41,959 [WARN] PackLoader:240 - Cannot read IP mode file for STMicroelectronics.X-CUBE-AZRTOS-H7RS.1.0.0
2024-05-22 23:45:41,980 [WARN] PackLoader:240 - Cannot read IP mode file for STMicroelectronics.FP-ATR-ASTRA1.2.0.0
2024-05-22 23:45:42,004 [WARN] PackLoader:240 - Cannot read IP mode file for STMicroelectronics.X-CUBE-TOF1.3.4.0
2024-05-22 23:45:42,028 [WARN] PackLoader:240 - Cannot read IP mode file for STMicroelectronics.X-CUBE-TOF1.3.4.1
2024-05-22 23:45:42,076 [WARN] PackLoader:240 - Cannot read IP mode file for STMicroelectronics.X-CUBE-AZRTOS-H7.3.2.0
2024-05-22 23:45:42,084 [INFO] ThirdParty:978 - Integrity check success = true
2024-05-22 23:45:42,084 [INFO] IntegrityCheckThread:100 - exiting critical section [integrity check]
2024-05-22 23:45:42,084 [INFO] IntegrityCheckThread:103 - End integrity checks thread
2024-05-22 23:45:43,950 [INFO] WebApp:161 - Instantiating new browser for Auth
2024-05-22 23:45:44,970 [INFO] WebApp:779 - Register for checkConnection events
2024-05-22 23:45:44,970 [INFO] WebApp:414 - Apply proxy settings
2024-05-22 23:45:44,970 [INFO] WebApp:499 - Chromium requires no authentication
2024-05-22 23:45:44,984 [INFO] WebApp:442 - Direct internet connection detected
2024-05-22 23:45:45,284 [INFO] WebApp:192 - Starting web application
2024-05-22 23:45:45,284 [INFO] WebApp:544 - Web application path used C:\ST\STM32CubeIDE_1.11.2\STM32CubeIDE\plugins\com.st.stm32cube.common.mx_6.11.1.202404110753\db\plugins\mcufinder\reactClient1\index.html
