2023-11-29 21:13:07,562 [INFO] Activator:176 - 


2023-11-29 21:13:07,568 [INFO] Activator:177 - !SESSION log4j initialized
2023-11-29 21:13:14,246 [INFO] LogOutputStream:77 - [STDOUT_REDIRECT] 
2023-11-29 21:13:16,375 [INFO] ApplicationProperties:184 - Using Application install path: C:\ST\STM32CubeIDE_1.11.2\STM32CubeIDE\plugins\com.st.stm32cube.common.mx_6.9.2.202309101412
2023-11-29 21:13:16,402 [INFO] DbMcusXml:78 - Set database path to: C:\ST\STM32CubeIDE_1.11.2\STM32CubeIDE\plugins\com.st.stm32cube.common.mx_6.9.2.202309101412\\db\/mcu/
2023-11-29 21:13:16,403 [INFO] ApiDb:274 - Set plugin database path to: C:\ST\STM32CubeIDE_1.11.2\STM32CubeIDE\plugins\com.st.stm32cube.common.mx_6.9.2.202309101412\\db\/plugins/boardmanager/
2023-11-29 21:13:16,404 [WARN] ApiDb:259 - Overriding images path with different value:  => C:\ST\STM32CubeIDE_1.11.2\STM32CubeIDE\plugins\com.st.stm32cube.common.mx_6.9.2.202309101412\\db\/plugins/mcufinder/images/
2023-11-29 21:13:16,431 [INFO] ApiDb:250 - Set database path to: C:\Users\erkan\.stmcufinder\plugins\mcufinder//mcu/
2023-11-29 21:13:16,432 [INFO] DbMcusAds:125 - Set database path to: C:\Users\erkan\.stmcufinder\plugins\mcufinder//mcu/
2023-11-29 21:13:16,435 [INFO] CrossReferenceDbSqlite:203 - Set database path to: C:\Users\erkan\.stmcufinder\plugins\mcufinder//mcu/cs/
2023-11-29 21:13:16,555 [INFO] RulesReader:64 - Compatibility file has been processed (293 Rules)
2023-11-29 21:13:16,658 [INFO] DbMcusXml:78 - Set database path to: C:\ST\STM32CubeIDE_1.11.2\STM32CubeIDE\plugins\com.st.stm32cube.common.mx_6.9.2.202309101412\\db\/mcu/
2023-11-29 21:13:16,659 [INFO] ApiDb:274 - Set plugin database path to: C:\ST\STM32CubeIDE_1.11.2\STM32CubeIDE\plugins\com.st.stm32cube.common.mx_6.9.2.202309101412\\db\/plugins/boardmanager/
2023-11-29 21:13:16,659 [INFO] ApiDb:261 - Set plugin images path to: C:\ST\STM32CubeIDE_1.11.2\STM32CubeIDE\plugins\com.st.stm32cube.common.mx_6.9.2.202309101412\\db\/plugins/mcufinder/images/
2023-11-29 21:13:16,659 [WARN] DbFile:41 - Overriding database path with different value: C:\Users\erkan\.stmcufinder\plugins\mcufinder/ => C:\Users\erkan\.stmcufinder\plugins\mcufinder
2023-11-29 21:13:16,659 [INFO] ApiDb:250 - Set database path to: C:\Users\erkan\.stmcufinder\plugins\mcufinder//mcu/
2023-11-29 21:13:16,659 [WARN] DbFile:41 - Overriding database path with different value: C:\Users\erkan\.stmcufinder\plugins\mcufinder/ => C:\Users\erkan\.stmcufinder\plugins\mcufinder
2023-11-29 21:13:16,659 [INFO] DbMcusAds:125 - Set database path to: C:\Users\erkan\.stmcufinder\plugins\mcufinder//mcu/
2023-11-29 21:13:16,659 [WARN] DbFile:41 - Overriding database path with different value: C:\Users\erkan\.stmcufinder\plugins\mcufinder/ => C:\Users\erkan\.stmcufinder\plugins\mcufinder
2023-11-29 21:13:16,659 [WARN] DbFile:41 - Overriding database path with different value: C:\Users\erkan\.stmcufinder\plugins\mcufinder/ => C:\Users\erkan\.stmcufinder\plugins\mcufinder
2023-11-29 21:13:16,660 [INFO] CrossReferenceDbSqlite:203 - Set database path to: C:\Users\erkan\.stmcufinder\plugins\mcufinder//mcu/cs/
2023-11-29 21:13:16,791 [INFO] MainPanel:262 - HeapMemory: 268435456
2023-11-29 21:13:16,895 [INFO] DbMcusXml:78 - Set database path to: C:\ST\STM32CubeIDE_1.11.2\STM32CubeIDE\plugins\com.st.stm32cube.common.mx_6.9.2.202309101412\\db\/mcu/
2023-11-29 21:13:16,895 [INFO] ApiDb:274 - Set plugin database path to: C:\ST\STM32CubeIDE_1.11.2\STM32CubeIDE\plugins\com.st.stm32cube.common.mx_6.9.2.202309101412\\db\/plugins/boardmanager/
2023-11-29 21:13:16,895 [INFO] ApiDb:261 - Set plugin images path to: C:\ST\STM32CubeIDE_1.11.2\STM32CubeIDE\plugins\com.st.stm32cube.common.mx_6.9.2.202309101412\\db\/plugins/mcufinder/images/
2023-11-29 21:13:16,895 [WARN] DbFile:41 - Overriding database path with different value: C:\Users\erkan\.stmcufinder\plugins\mcufinder/ => C:\Users\erkan\.stmcufinder\plugins\mcufinder
2023-11-29 21:13:16,897 [INFO] ApiDb:250 - Set database path to: C:\Users\erkan\.stmcufinder\plugins\mcufinder//mcu/
2023-11-29 21:13:16,897 [WARN] DbFile:41 - Overriding database path with different value: C:\Users\erkan\.stmcufinder\plugins\mcufinder/ => C:\Users\erkan\.stmcufinder\plugins\mcufinder
2023-11-29 21:13:16,897 [INFO] DbMcusAds:125 - Set database path to: C:\Users\erkan\.stmcufinder\plugins\mcufinder//mcu/
2023-11-29 21:13:16,897 [WARN] DbFile:41 - Overriding database path with different value: C:\Users\erkan\.stmcufinder\plugins\mcufinder/ => C:\Users\erkan\.stmcufinder\plugins\mcufinder
2023-11-29 21:13:16,897 [WARN] DbFile:41 - Overriding database path with different value: C:\Users\erkan\.stmcufinder\plugins\mcufinder/ => C:\Users\erkan\.stmcufinder\plugins\mcufinder
2023-11-29 21:13:16,897 [INFO] CrossReferenceDbSqlite:203 - Set database path to: C:\Users\erkan\.stmcufinder\plugins\mcufinder//mcu/cs/
2023-11-29 21:13:16,918 [INFO] ApplicationProperties:184 - Using Application install path: C:\ST\STM32CubeIDE_1.11.2\STM32CubeIDE\plugins\com.st.stm32cube.common.mx_6.9.2.202309101412
2023-11-29 21:13:16,920 [INFO] PluginManage:196 - Search for loadable plugins [exclusion list=, ]
2023-11-29 21:13:16,923 [INFO] PluginManage:310 - Check plugin analytics
2023-11-29 21:13:17,133 [INFO] AnalyticsPlugin:253 - Accepted Software Licenses: STM32CubeMX.6.9.2
2023-11-29 21:13:17,135 [INFO] AnalyticsPlugin:255 - Accepted CMSIS Pack Licenses: 
2023-11-29 21:13:17,135 [INFO] AnalyticsPlugin:257 - Accepted Firmware Licenses: 
2023-11-29 21:13:17,137 [INFO] PluginManage:359 - Loaded plugin analytics (category:tool,tabindex:-1)
2023-11-29 21:13:17,137 [INFO] PluginManage:310 - Check plugin cadmodel
2023-11-29 21:13:17,152 [INFO] CADModel:105 - Init CAD model plugin
2023-11-29 21:13:17,152 [INFO] PluginManage:359 - Loaded plugin cadmodel (category:power,tabindex:5)
2023-11-29 21:13:17,152 [INFO] PluginManage:310 - Check plugin clock
2023-11-29 21:13:17,172 [INFO] PluginManage:359 - Loaded plugin clock (category:base,tabindex:2)
2023-11-29 21:13:17,172 [INFO] PluginManage:310 - Check plugin ddr
2023-11-29 21:13:17,176 [INFO] PluginManage:359 - Loaded plugin ddr (category:tool,tabindex:6)
2023-11-29 21:13:17,176 [INFO] PluginManage:310 - Check plugin filemanager
2023-11-29 21:13:17,319 [INFO] PluginManage:359 - Loaded plugin filemanager (category:base,tabindex:10)
2023-11-29 21:13:17,319 [INFO] PluginManage:310 - Check plugin ipmanager
2023-11-29 21:13:17,330 [INFO] PluginManage:359 - Loaded plugin ipmanager (category:base,tabindex:5)
2023-11-29 21:13:17,331 [INFO] PluginManage:310 - Check plugin lpbam
2023-11-29 21:13:17,349 [INFO] PluginManage:359 - Loaded plugin lpbam (category:base,tabindex:0)
2023-11-29 21:13:17,349 [INFO] PluginManage:310 - Check plugin memorymap
2023-11-29 21:13:17,376 [INFO] PluginManage:359 - Loaded plugin memorymap (category:base,tabindex:4)
2023-11-29 21:13:17,376 [INFO] PluginManage:310 - Check plugin pinoutandconfiguration
2023-11-29 21:13:17,396 [INFO] PluginManage:359 - Loaded plugin pinoutandconfiguration (category:base,tabindex:1)
2023-11-29 21:13:17,396 [INFO] PluginManage:310 - Check plugin pinoutconfig
2023-11-29 21:13:17,508 [WARN] SupportedApi:132 - Cannot load RTOS API schema: s4s-elt-must-match.1: The content of 'definitions' must match (annotation?, (simpleType | complexType)?, (unique | key | keyref)*)). A problem was found starting at: attribute.
2023-11-29 21:13:17,653 [INFO] PluginManage:359 - Loaded plugin pinoutconfig (category:base,tabindex:0)
2023-11-29 21:13:17,654 [INFO] PluginManage:310 - Check plugin power
2023-11-29 21:13:17,674 [INFO] PluginManage:359 - Loaded plugin power (category:power,tabindex:4)
2023-11-29 21:13:17,674 [INFO] PluginManage:310 - Check plugin projectmanager
2023-11-29 21:13:17,692 [INFO] PluginManage:359 - Loaded plugin projectmanager (category:projectmanager,tabindex:3)
2023-11-29 21:13:17,692 [INFO] PluginManage:310 - Check plugin thirdparty
2023-11-29 21:13:17,979 [INFO] PluginManage:359 - Loaded plugin thirdparty (category:base,tabindex:-1)
2023-11-29 21:13:17,979 [INFO] PluginManage:310 - Check plugin tools
2023-11-29 21:13:17,979 [WARN] IntegrityCheckThread:84 - waiting for thirdparty lock release [integrity check]
2023-11-29 21:13:17,979 [INFO] IntegrityCheckThread:86 - entering critical section [integrity check]
2023-11-29 21:13:17,980 [INFO] ThirdPartyUpdaterWithRetryManager:70 - Updater plugin not ready yet. [1/15]
2023-11-29 21:13:18,020 [INFO] PluginManage:359 - Loaded plugin tools (category:base,tabindex:7)
2023-11-29 21:13:18,020 [INFO] PluginManage:310 - Check plugin tutovideos
2023-11-29 21:13:18,247 [INFO] PluginManage:359 - Loaded plugin tutovideos (category:base,tabindex:-1)
2023-11-29 21:13:18,247 [INFO] PluginManage:310 - Check plugin updater
2023-11-29 21:13:18,262 [INFO] PluginManage:359 - Loaded plugin updater (category:base,tabindex:12)
2023-11-29 21:13:18,262 [INFO] PluginManage:310 - Check plugin userauth
2023-11-29 21:13:18,270 [INFO] UserAuth:113 - Init User Auth plugin
2023-11-29 21:13:18,270 [INFO] PluginManage:359 - Loaded plugin userauth (category:base,tabindex:14)
2023-11-29 21:13:18,270 [INFO] PluginManage:283 - PluginManage : Loaded plugins [17]
2023-11-29 21:13:18,590 [INFO] PinOutPanel:1499 - setPackage(No Configuration,No Configuration)
2023-11-29 21:13:18,777 [INFO] CADModel:165 - CPN selected for project level
2023-11-29 21:13:18,778 [INFO] CADModel:114 - Register for checkConnection events
2023-11-29 21:13:18,810 [INFO] IPUIPlugin:80 - create IPUIPlugin
2023-11-29 21:13:18,810 [INFO] PluginManager:220 - loadIPPluginJar : add adc
2023-11-29 21:13:18,849 [INFO] IPUIPlugin:80 - create IPUIPlugin
2023-11-29 21:13:18,849 [INFO] PluginManager:220 - loadIPPluginJar : add aes
2023-11-29 21:13:18,889 [INFO] IPUIPlugin:80 - create IPUIPlugin
2023-11-29 21:13:18,890 [INFO] PluginManager:220 - loadIPPluginJar : add can
2023-11-29 21:13:18,911 [INFO] IPUIPlugin:80 - create IPUIPlugin
2023-11-29 21:13:18,911 [INFO] PluginManager:220 - loadIPPluginJar : add comp
2023-11-29 21:13:18,943 [INFO] IPUIPlugin:80 - create IPUIPlugin
2023-11-29 21:13:18,943 [INFO] PluginManager:220 - loadIPPluginJar : add cryp
2023-11-29 21:13:18,970 [INFO] IPUIPlugin:80 - create IPUIPlugin
2023-11-29 21:13:18,970 [INFO] PluginManager:220 - loadIPPluginJar : add dfsdm
2023-11-29 21:13:18,984 [INFO] IPUIPlugin:80 - create IPUIPlugin
2023-11-29 21:13:18,984 [INFO] PluginManager:220 - loadIPPluginJar : add dma
2023-11-29 21:13:19,024 [INFO] IPUIPlugin:80 - create IPUIPlugin
2023-11-29 21:13:19,024 [INFO] PluginManager:220 - loadIPPluginJar : add dma3
2023-11-29 21:13:19,041 [INFO] IPUIPlugin:80 - create IPUIPlugin
2023-11-29 21:13:19,041 [INFO] PluginManager:220 - loadIPPluginJar : add fatfs
2023-11-29 21:13:19,083 [INFO] IPUIPlugin:80 - create IPUIPlugin
2023-11-29 21:13:19,083 [INFO] PluginManager:220 - loadIPPluginJar : add fmc
2023-11-29 21:13:19,097 [INFO] IPUIPlugin:80 - create IPUIPlugin
2023-11-29 21:13:19,097 [INFO] PluginManager:220 - loadIPPluginJar : add freertos
2023-11-29 21:13:19,116 [INFO] IPUIPlugin:80 - create IPUIPlugin
2023-11-29 21:13:19,116 [INFO] PluginManager:220 - loadIPPluginJar : add genericplugin
2023-11-29 21:13:19,198 [INFO] IPUIPlugin:80 - create IPUIPlugin
2023-11-29 21:13:19,198 [INFO] PluginManager:220 - loadIPPluginJar : add gfxmmu
2023-11-29 21:13:19,313 [INFO] IPUIPlugin:80 - create IPUIPlugin
2023-11-29 21:13:19,313 [INFO] PluginManager:220 - loadIPPluginJar : add gic
2023-11-29 21:13:19,327 [INFO] IPUIPlugin:80 - create IPUIPlugin
2023-11-29 21:13:19,327 [INFO] PluginManager:220 - loadIPPluginJar : add gpio
2023-11-29 21:13:19,410 [INFO] IPUIPlugin:80 - create IPUIPlugin
2023-11-29 21:13:19,411 [INFO] PluginManager:220 - loadIPPluginJar : add gtzc
2023-11-29 21:13:19,439 [INFO] IPUIPlugin:80 - create IPUIPlugin
2023-11-29 21:13:19,439 [INFO] PluginManager:220 - loadIPPluginJar : add hash
2023-11-29 21:13:19,485 [INFO] IPUIPlugin:80 - create IPUIPlugin
2023-11-29 21:13:19,486 [INFO] PluginManager:220 - loadIPPluginJar : add i2c
2023-11-29 21:13:19,520 [INFO] IPUIPlugin:80 - create IPUIPlugin
2023-11-29 21:13:19,520 [INFO] PluginManager:220 - loadIPPluginJar : add i2s
2023-11-29 21:13:19,557 [INFO] IPUIPlugin:80 - create IPUIPlugin
2023-11-29 21:13:19,557 [INFO] PluginManager:220 - loadIPPluginJar : add i3c
2023-11-29 21:13:19,649 [INFO] IPUIPlugin:80 - create IPUIPlugin
2023-11-29 21:13:19,649 [INFO] PluginManager:220 - loadIPPluginJar : add ipddr
2023-11-29 21:13:19,741 [INFO] IPUIPlugin:80 - create IPUIPlugin
2023-11-29 21:13:19,741 [INFO] PluginManager:220 - loadIPPluginJar : add linkedlist
2023-11-29 21:13:19,772 [INFO] IPUIPlugin:80 - create IPUIPlugin
2023-11-29 21:13:19,773 [INFO] PluginManager:220 - loadIPPluginJar : add lorawan
2023-11-29 21:13:19,810 [INFO] IPUIPlugin:80 - create IPUIPlugin
2023-11-29 21:13:19,810 [INFO] PluginManager:220 - loadIPPluginJar : add ltdc
2023-11-29 21:13:19,827 [INFO] IPUIPlugin:80 - create IPUIPlugin
2023-11-29 21:13:19,827 [INFO] PluginManager:220 - loadIPPluginJar : add mdma
2023-11-29 21:13:19,838 [INFO] IPUIPlugin:80 - create IPUIPlugin
2023-11-29 21:13:19,839 [INFO] PluginManager:220 - loadIPPluginJar : add nvic
2023-11-29 21:13:19,872 [INFO] IPUIPlugin:80 - create IPUIPlugin
2023-11-29 21:13:19,872 [INFO] PluginManager:220 - loadIPPluginJar : add opamp
2023-11-29 21:13:19,933 [INFO] IPUIPlugin:80 - create IPUIPlugin
2023-11-29 21:13:19,933 [INFO] PluginManager:220 - loadIPPluginJar : add openamp
2023-11-29 21:13:19,975 [INFO] IPUIPlugin:80 - create IPUIPlugin
2023-11-29 21:13:19,975 [INFO] PluginManager:220 - loadIPPluginJar : add pdm2pcm
2023-11-29 21:13:19,991 [INFO] IPUIPlugin:80 - create IPUIPlugin
2023-11-29 21:13:19,994 [INFO] PluginManager:220 - loadIPPluginJar : add plateformsettings
2023-11-29 21:13:20,016 [INFO] IPUIPlugin:80 - create IPUIPlugin
2023-11-29 21:13:20,016 [INFO] PluginManager:220 - loadIPPluginJar : add quadspi
2023-11-29 21:13:20,030 [INFO] IPUIPlugin:80 - create IPUIPlugin
2023-11-29 21:13:20,030 [INFO] PluginManager:220 - loadIPPluginJar : add resmgrutility
2023-11-29 21:13:20,075 [INFO] IPUIPlugin:80 - create IPUIPlugin
2023-11-29 21:13:20,076 [INFO] PluginManager:220 - loadIPPluginJar : add sai
2023-11-29 21:13:20,114 [INFO] IPUIPlugin:80 - create IPUIPlugin
2023-11-29 21:13:20,114 [INFO] PluginManager:220 - loadIPPluginJar : add spi
2023-11-29 21:13:20,167 [INFO] IPUIPlugin:80 - create IPUIPlugin
2023-11-29 21:13:20,167 [INFO] PluginManager:220 - loadIPPluginJar : add stm32_wpan
2023-11-29 21:13:20,187 [INFO] IPUIPlugin:80 - create IPUIPlugin
2023-11-29 21:13:20,187 [INFO] PluginManager:220 - loadIPPluginJar : add tim
2023-11-29 21:13:20,238 [INFO] IPUIPlugin:80 - create IPUIPlugin
2023-11-29 21:13:20,238 [INFO] PluginManager:220 - loadIPPluginJar : add touchsensing
2023-11-29 21:13:20,258 [INFO] IPUIPlugin:80 - create IPUIPlugin
2023-11-29 21:13:20,258 [INFO] PluginManager:220 - loadIPPluginJar : add tracer_emb
2023-11-29 21:13:20,279 [INFO] IPUIPlugin:80 - create IPUIPlugin
2023-11-29 21:13:20,280 [INFO] PluginManager:220 - loadIPPluginJar : add ts
2023-11-29 21:13:20,300 [INFO] IPUIPlugin:80 - create IPUIPlugin
2023-11-29 21:13:20,300 [INFO] PluginManager:220 - loadIPPluginJar : add tsc
2023-11-29 21:13:20,320 [INFO] IPUIPlugin:80 - create IPUIPlugin
2023-11-29 21:13:20,320 [INFO] PluginManager:220 - loadIPPluginJar : add ucpd
2023-11-29 21:13:20,359 [INFO] IPUIPlugin:80 - create IPUIPlugin
2023-11-29 21:13:20,359 [INFO] PluginManager:220 - loadIPPluginJar : add usart
2023-11-29 21:13:20,399 [INFO] IPUIPlugin:80 - create IPUIPlugin
2023-11-29 21:13:20,399 [INFO] PluginManager:220 - loadIPPluginJar : add usbx
2023-11-29 21:13:20,526 [INFO] CADModel:165 - CPN selected for project level
2023-11-29 21:13:20,526 [INFO] CADModel:114 - Register for checkConnection events
2023-11-29 21:13:20,526 [FATAL] Updater:308 - Updater called before beeing initialized
2023-11-29 21:13:20,526 [ERROR] CADModel:125 - Updater not yet initialized, retry later 
2023-11-29 21:13:20,689 [INFO] CADModel:165 - CPN selected for project level
2023-11-29 21:13:20,689 [INFO] CADModel:114 - Register for checkConnection events
2023-11-29 21:13:20,689 [FATAL] Updater:308 - Updater called before beeing initialized
2023-11-29 21:13:20,689 [ERROR] CADModel:125 - Updater not yet initialized, retry later 
2023-11-29 21:13:20,693 [FATAL] Updater:308 - Updater called before beeing initialized
2023-11-29 21:13:20,805 [FATAL] Updater:308 - Updater called before beeing initialized
2023-11-29 21:13:20,818 [INFO] DbMcusAds:53 - JSON generation date=Tue Mar 07 09:50:55 CET 2023 (1678179055335)
2023-11-29 21:13:20,818 [FATAL] Updater:308 - Updater called before beeing initialized
2023-11-29 21:13:20,900 [WARN] DetailPanel:346 - Failed to get advertising image, set to default
2023-11-29 21:13:20,981 [INFO] ThirdPartyUpdaterWithRetryManager:70 - Updater plugin not ready yet. [2/15]
2023-11-29 21:13:21,007 [FATAL] Updater:308 - Updater called before beeing initialized
2023-11-29 21:13:21,009 [FATAL] Updater:308 - Updater called before beeing initialized
2023-11-29 21:13:21,009 [FATAL] Updater:308 - Updater called before beeing initialized
2023-11-29 21:13:21,009 [WARN] DetailPanel:346 - Failed to get advertising image, set to default
2023-11-29 21:13:21,010 [FATAL] Updater:308 - Updater called before beeing initialized
2023-11-29 21:13:21,145 [ERROR] Updater:1120 - MainUpdater not yet initialized. External WinMGr cannot be set.
2023-11-29 21:13:21,155 [INFO] Updater:1056 - Updater Version found : 6.9.2
2023-11-29 21:13:21,173 [INFO] ApplicationProperties:184 - Using Application install path: C:\ST\STM32CubeIDE_1.11.2\STM32CubeIDE\plugins\com.st.stm32cube.common.mx_6.9.2.202309101412
2023-11-29 21:13:21,585 [INFO] MainUpdater:2868 - connection check result : 10
2023-11-29 21:13:21,586 [INFO] MainUpdater:285 - Updater Check For Update Now.
2023-11-29 21:13:21,586 [INFO] MicroXplorer:498 - Change Database Version : DB.6.0.92
2023-11-29 21:13:21,600 [INFO] McuFinderGlobals:63 - Set McuFinder mode to 2 (CubeIDE integrated)
2023-11-29 21:13:21,600 [INFO] UserAuth:179 - activating auth plugin
2023-11-29 21:13:21,603 [INFO] UserAuth:393 - Internet connection configuration mode: 1
2023-11-29 21:13:21,628 [INFO] JxBrowserEngine:151 - Initiate JxBrowser Engine with user profile folder
2023-11-29 21:13:21,772 [INFO] CheckServerUpdateThread:120 - End of CheckServer Thread
2023-11-29 21:13:24,135 [INFO] WebApp:157 - Instantiating new browser for Auth
2023-11-29 21:13:24,280 [WARN] PackLoader:240 - Cannot read IP mode file for STMicroelectronics.X-CUBE-SMBUS.2.1.0
2023-11-29 21:13:24,322 [WARN] PackLoader:240 - Cannot read IP mode file for STMicroelectronics.X-CUBE-AZRTOS-F7.1.1.0
2023-11-29 21:13:24,338 [WARN] PackLoader:240 - Cannot read IP mode file for STMicroelectronics.FP-SNS-MOTENV1.4.3.2
2023-11-29 21:13:24,356 [WARN] PackLoader:240 - Cannot read IP mode file for STMicroelectronics.X-CUBE-BLE1.6.2.4
2023-11-29 21:13:24,375 [WARN] PackLoader:240 - Cannot read IP mode file for STMicroelectronics.FP-SNS-FLIGHT1.5.0.2
2023-11-29 21:13:24,390 [WARN] PackLoader:240 - Cannot read IP mode file for STMicroelectronics.X-CUBE-DISPLAY.3.0.0
2023-11-29 21:13:24,406 [WARN] PackLoader:240 - Cannot read IP mode file for STMicroelectronics.X-CUBE-BLE1.7.0.0
2023-11-29 21:13:24,423 [WARN] PackLoader:240 - Cannot read IP mode file for STMicroelectronics.X-CUBE-TOUCHGFX.4.22.0
2023-11-29 21:13:24,436 [WARN] PackLoader:240 - Cannot read IP mode file for STMicroelectronics.X-CUBE-TOUCHGFX.4.22.1
2023-11-29 21:13:24,454 [WARN] PackLoader:240 - Cannot read IP mode file for STMicroelectronics.FP-SNS-SMARTAG2.1.2.0
2023-11-29 21:13:24,484 [INFO] LogOutputStream:77 - [STDOUT_REDIRECT] 1 : Invalid condition id : UX_CORESTACK_Condition cause : null
2023-11-29 21:13:24,484 [INFO] LogOutputStream:77 - [STDOUT_REDIRECT] 1 : Invalid condition id : UX_CORESTACK_Condition cause : null
2023-11-29 21:13:24,485 [INFO] LogOutputStream:77 - [STDOUT_REDIRECT] 1 : Invalid condition id : UX_CORESTACK_Condition cause : null
2023-11-29 21:13:24,486 [INFO] LogOutputStream:77 - [STDOUT_REDIRECT] 1 : Invalid condition id : UX_CORESTACK_Condition cause : null
2023-11-29 21:13:24,487 [INFO] LogOutputStream:77 - [STDOUT_REDIRECT] 1 : Invalid condition id : UX_CORESTACK_Condition cause : null
2023-11-29 21:13:24,493 [WARN] PackLoader:240 - Cannot read IP mode file for STMicroelectronics.X-CUBE-AZRTOS-WL.2.0.0
2023-11-29 21:13:24,510 [WARN] PackLoader:240 - Cannot read IP mode file for WES.I-CUBE-Cesium.1.3.0
2023-11-29 21:13:24,523 [WARN] PackLoader:240 - Cannot read IP mode file for STMicroelectronics.X-CUBE-BLE2.3.3.0
2023-11-29 21:13:24,546 [WARN] PackLoader:240 - Cannot read IP mode file for STMicroelectronics.X-CUBE-TOF1.3.2.0
2023-11-29 21:13:24,564 [WARN] PackLoader:240 - Cannot read IP mode file for STMicroelectronics.X-CUBE-TOUCHGFX.4.21.1
2023-11-29 21:13:24,575 [WARN] PackLoader:240 - Cannot read IP mode file for STMicroelectronics.X-CUBE-AI.7.3.0
2023-11-29 21:13:24,605 [WARN] PackLoader:240 - Cannot read IP mode file for STMicroelectronics.X-CUBE-ALGOBUILD.1.3.0
2023-11-29 21:13:24,648 [WARN] PackLoader:240 - Cannot read IP mode file for STMicroelectronics.X-CUBE-AZRTOS-G0.1.1.0
2023-11-29 21:13:24,671 [WARN] PackLoader:240 - Cannot read IP mode file for STMicroelectronics.X-CUBE-NFC4.3.0.0
2023-11-29 21:13:24,693 [WARN] PackLoader:240 - Cannot read IP mode file for STMicroelectronics.X-CUBE-BLEMGR.3.0.0
2023-11-29 21:13:24,713 [WARN] PackLoader:240 - Cannot read IP mode file for STMicroelectronics.X-CUBE-BLEMGR.1.3.0
2023-11-29 21:13:24,733 [WARN] PackLoader:240 - Cannot read IP mode file for STMicroelectronics.FP-ATR-SIGFOX1.3.2.0
2023-11-29 21:13:24,797 [WARN] PackLoader:240 - Cannot read IP mode file for STMicroelectronics.X-CUBE-MEMS1.9.5.0
2023-11-29 21:13:24,963 [WARN] PackLoader:240 - Cannot read IP mode file for SEGGER.I-CUBE-embOS.1.3.1
2023-11-29 21:13:25,008 [WARN] PackLoader:240 - Cannot read IP mode file for STMicroelectronics.X-CUBE-GNSS1.6.0.0
2023-11-29 21:13:25,081 [WARN] PackLoader:240 - Cannot read IP mode file for STMicroelectronics.X-CUBE-AZRTOS-F4.1.1.0
2023-11-29 21:13:25,109 [INFO] WebApp:753 - Register for checkConnection events
2023-11-29 21:13:25,109 [INFO] WebApp:390 - Apply proxy settings
2023-11-29 21:13:25,110 [INFO] WebApp:475 - Chromium requires no authentication
2023-11-29 21:13:25,119 [WARN] PackLoader:240 - Cannot read IP mode file for STMicroelectronics.X-CUBE-AZRTOS-L5.2.0.0
2023-11-29 21:13:25,121 [INFO] WebApp:418 - Direct internet connection detected
2023-11-29 21:13:25,175 [WARN] PackLoader:240 - Cannot read IP mode file for STMicroelectronics.X-CUBE-MEMS1.9.6.0
2023-11-29 21:13:25,330 [WARN] PackLoader:240 - Cannot read IP mode file for STMicroelectronics.X-CUBE-EEPRMA1.4.2.0
2023-11-29 21:13:25,345 [WARN] PackLoader:240 - Cannot read IP mode file for ITTIA_DB.I-CUBE-ITTIADB.8.8.0
2023-11-29 21:13:25,358 [INFO] WebApp:188 - Starting web application
2023-11-29 21:13:25,358 [INFO] WebApp:520 - Web application path used C:\ST\STM32CubeIDE_1.11.2\STM32CubeIDE\plugins\com.st.stm32cube.common.mx_6.9.2.202309101412\db\plugins\mcufinder\reactClient1\index.html
2023-11-29 21:13:25,362 [WARN] PackLoader:240 - Cannot read IP mode file for emotas.I-CUBE-CANOPEN.1.1.3
2023-11-29 21:13:25,380 [WARN] PackLoader:240 - Cannot read IP mode file for STMicroelectronics.X-CUBE-BLEMGR.2.0.0
2023-11-29 21:13:25,418 [WARN] ConditionMgr:438 - getConditionDescription Invalid condition id : UX DEVICE CLASS RTOS Condition cause : null
2023-11-29 21:13:25,418 [WARN] ConditionMgr:438 - getConditionDescription Invalid condition id : UX DEVICE CLASS RTOS Condition cause : null
2023-11-29 21:13:25,422 [WARN] PackLoader:240 - Cannot read IP mode file for STMicroelectronics.X-CUBE-AZRTOS-H7.3.1.0
2023-11-29 21:13:25,423 [WARN] ConditionMgr:1039 - genDependencies : Invalid condition id : UX DEVICE CLASS RTOS Condition cause : null
2023-11-29 21:13:25,423 [WARN] ConditionMgr:1039 - genDependencies : Invalid condition id : UX DEVICE CLASS RTOS Condition cause : null
2023-11-29 21:13:25,424 [WARN] ConditionMgr:1039 - genDependencies : Invalid condition id : UX DEVICE CLASS RTOS Condition cause : null
2023-11-29 21:13:25,425 [WARN] ConditionMgr:1039 - genDependencies : Invalid condition id : UX DEVICE CLASS RTOS Condition cause : null
2023-11-29 21:13:25,425 [WARN] ConditionMgr:1039 - genDependencies : Invalid condition id : UX DEVICE CLASS RTOS Condition cause : null
2023-11-29 21:13:25,440 [WARN] PackLoader:240 - Cannot read IP mode file for wolfSSL.I-CUBE-wolfSSL.5.5.4
2023-11-29 21:13:25,456 [WARN] PackLoader:240 - Cannot read IP mode file for STMicroelectronics.X-CUBE-NFC7.1.0.1
2023-11-29 21:13:25,471 [WARN] PackLoader:240 - Cannot read IP mode file for STMicroelectronics.X-CUBE-NFC7.1.0.0
2023-11-29 21:13:25,486 [WARN] PackLoader:240 - Cannot read IP mode file for STMicroelectronics.X-CUBE-NFC6.3.0.0
2023-11-29 21:13:25,498 [WARN] PackLoader:240 - Cannot read IP mode file for STMicroelectronics.X-CUBE-EEPRMA1.4.1.0
2023-11-29 21:13:25,511 [WARN] PackLoader:240 - Cannot read IP mode file for STMicroelectronics.X-CUBE-AI.8.1.0
2023-11-29 21:13:25,539 [WARN] ConditionMgr:438 - getConditionDescription Invalid condition id : LAN8742 Phy interface Condition cause : null
2023-11-29 21:13:25,540 [WARN] PackLoader:240 - Cannot read IP mode file for STMicroelectronics.X-CUBE-AZRTOS-L4.2.0.0
2023-11-29 21:13:25,542 [WARN] ConditionMgr:1039 - genDependencies : Invalid condition id : LAN8742 Phy interface Condition cause : null
2023-11-29 21:13:25,542 [WARN] ConditionMgr:1039 - genDependencies : Invalid condition id : LAN8742 Phy interface Condition cause : null
2023-11-29 21:13:25,543 [WARN] ConditionMgr:1039 - genDependencies : Invalid condition id : LAN8742 Phy interface Condition cause : null
2023-11-29 21:13:25,558 [WARN] PackLoader:240 - Cannot read IP mode file for STMicroelectronics.X-CUBE-SFXS2LP1.4.0.0
2023-11-29 21:13:25,675 [WARN] PackLoader:240 - Cannot read IP mode file for STMicroelectronics.X-CUBE-AZRTOS-H7.3.0.0
2023-11-29 21:13:25,699 [WARN] PackLoader:240 - Cannot read IP mode file for STMicroelectronics.X-CUBE-ISPU.1.1.0
2023-11-29 21:13:25,717 [WARN] PackLoader:240 - Cannot read IP mode file for RoweBots.I-CUBE-UNISONRTOS.5.5.0-4
2023-11-29 21:13:25,731 [WARN] PackLoader:240 - Cannot read IP mode file for STMicroelectronics.X-CUBE-AI.8.0.0
2023-11-29 21:13:25,768 [WARN] ConditionMgr:438 - getConditionDescription Invalid condition id : UX DEVICE CLASS RTOS Condition cause : null
2023-11-29 21:13:25,769 [WARN] ConditionMgr:438 - getConditionDescription Invalid condition id : UX DEVICE CLASS RTOS Condition cause : null
2023-11-29 21:13:25,772 [WARN] PackLoader:240 - Cannot read IP mode file for STMicroelectronics.X-CUBE-AZRTOS-WB.2.0.0
2023-11-29 21:13:25,773 [WARN] ConditionMgr:1039 - genDependencies : Invalid condition id : UX DEVICE CLASS RTOS Condition cause : null
2023-11-29 21:13:25,773 [WARN] ConditionMgr:1039 - genDependencies : Invalid condition id : UX DEVICE CLASS RTOS Condition cause : null
2023-11-29 21:13:25,774 [WARN] ConditionMgr:1039 - genDependencies : Invalid condition id : UX DEVICE CLASS RTOS Condition cause : null
2023-11-29 21:13:25,774 [WARN] ConditionMgr:1039 - genDependencies : Invalid condition id : UX DEVICE CLASS RTOS Condition cause : null
2023-11-29 21:13:25,774 [WARN] ConditionMgr:1039 - genDependencies : Invalid condition id : UX DEVICE CLASS RTOS Condition cause : null
2023-11-29 21:13:25,792 [WARN] PackLoader:240 - Cannot read IP mode file for STMicroelectronics.X-CUBE-FREERTOS.1.0.1
2023-11-29 21:13:25,830 [WARN] PackLoader:240 - Cannot read IP mode file for STMicroelectronics.X-CUBE-AZRTOS-L5.1.1.0
2023-11-29 21:13:25,861 [WARN] PackLoader:240 - Cannot read IP mode file for STMicroelectronics.X-CUBE-SUBG2.5.0.0
2023-11-29 21:13:25,891 [WARN] PackLoader:240 - Cannot read IP mode file for STMicroelectronics.X-CUBE-TOF1.3.3.1
2023-11-29 21:13:25,931 [WARN] PackLoader:240 - Cannot read IP mode file for STMicroelectronics.X-CUBE-AZRTOS-G4.2.0.0
2023-11-29 21:13:25,947 [WARN] PackLoader:240 - Cannot read IP mode file for STMicroelectronics.FP-ATR-ASTRA1.1.1.1
2023-11-29 21:13:25,971 [WARN] PackLoader:240 - Cannot read IP mode file for Infineon.AIROC-Wi-Fi-Bluetooth-STM32.1.5.1
2023-11-29 21:13:25,987 [WARN] PackLoader:240 - Cannot read IP mode file for STMicroelectronics.FP-SNS-MOTENVWB1.1.3.0
2023-11-29 21:13:26,008 [WARN] PackLoader:240 - Cannot read IP mode file for STMicroelectronics.X-CUBE-AZRTOS-G4.1.0.0
2023-11-29 21:13:26,035 [WARN] PackLoader:240 - Cannot read IP mode file for STMicroelectronics.X-CUBE-AZRTOS-L4.1.0.0
2023-11-29 21:13:26,084 [WARN] PackLoader:240 - Cannot read IP mode file for STMicroelectronics.X-CUBE-MEMS1.10.0.0
2023-11-29 21:13:26,235 [WARN] PackLoader:240 - Cannot read IP mode file for STMicroelectronics.X-CUBE-FREERTOS.1.1.0
2023-11-29 21:13:26,256 [WARN] PackLoader:240 - Cannot read IP mode file for STMicroelectronics.X-CUBE-AZRTOS-WL.1.0.0
2023-11-29 21:13:26,271 [WARN] PackLoader:240 - Cannot read IP mode file for portGmbH.I-Cube-SoM-uGOAL.1.1.0
2023-11-29 21:13:26,284 [WARN] PackLoader:240 - Cannot read IP mode file for STMicroelectronics.X-CUBE-ALS.1.0.1
2023-11-29 21:13:26,311 [WARN] PackLoader:240 - Cannot read IP mode file for STMicroelectronics.X-CUBE-AZRTOS-WB.1.1.0
2023-11-29 21:13:26,329 [WARN] PackLoader:240 - Cannot read IP mode file for STMicroelectronics.FP-ATR-ASTRA1.2.0.0
2023-11-29 21:13:26,350 [WARN] PackLoader:240 - Cannot read IP mode file for STMicroelectronics.X-CUBE-TOF1.3.4.0
2023-11-29 21:13:26,364 [INFO] ThirdParty:978 - Integrity check success = true
2023-11-29 21:13:26,364 [INFO] IntegrityCheckThread:100 - exiting critical section [integrity check]
2023-11-29 21:13:26,364 [INFO] IntegrityCheckThread:103 - End integrity checks thread
2023-11-29 21:13:46,483 [ERROR] LogOutputStream:75 - [STDERR_REDIRECT] SLF4J: Failed to load class "org.slf4j.impl.StaticLoggerBinder".
2023-11-29 21:13:46,485 [ERROR] LogOutputStream:75 - [STDERR_REDIRECT] SLF4J: Defaulting to no-operation (NOP) logger implementation
2023-11-29 21:13:46,486 [ERROR] LogOutputStream:75 - [STDERR_REDIRECT] SLF4J: See http://www.slf4j.org/codes.html#StaticLoggerBinder for further details.
2023-11-29 21:23:27,665 [ERROR] LogOutputStream:75 - [STDERR_REDIRECT] 
