2023-12-11 10:36:21,838 [INFO] Activator:176 - 


2023-12-11 10:36:21,846 [INFO] Activator:177 - !SESSION log4j initialized
2023-12-11 10:36:28,602 [INFO] LogOutputStream:77 - [STDOUT_REDIRECT] 
2023-12-11 10:36:29,927 [INFO] ApplicationProperties:184 - Using Application install path: C:\ST\STM32CubeIDE_1.11.2\STM32CubeIDE\plugins\com.st.stm32cube.common.mx_6.9.2.202309101412
2023-12-11 10:36:29,946 [INFO] DbMcusXml:78 - Set database path to: C:\ST\STM32CubeIDE_1.11.2\STM32CubeIDE\plugins\com.st.stm32cube.common.mx_6.9.2.202309101412\\db\/mcu/
2023-12-11 10:36:29,946 [INFO] ApiDb:274 - Set plugin database path to: C:\ST\STM32CubeIDE_1.11.2\STM32CubeIDE\plugins\com.st.stm32cube.common.mx_6.9.2.202309101412\\db\/plugins/boardmanager/
2023-12-11 10:36:29,947 [WARN] ApiDb:259 - Overriding images path with different value:  => C:\ST\STM32CubeIDE_1.11.2\STM32CubeIDE\plugins\com.st.stm32cube.common.mx_6.9.2.202309101412\\db\/plugins/mcufinder/images/
2023-12-11 10:36:29,965 [INFO] ApiDb:250 - Set database path to: C:\Users\erkan\.stmcufinder\plugins\mcufinder//mcu/
2023-12-11 10:36:29,967 [INFO] DbMcusAds:125 - Set database path to: C:\Users\erkan\.stmcufinder\plugins\mcufinder//mcu/
2023-12-11 10:36:29,969 [INFO] CrossReferenceDbSqlite:203 - Set database path to: C:\Users\erkan\.stmcufinder\plugins\mcufinder//mcu/cs/
2023-12-11 10:36:30,085 [INFO] RulesReader:64 - Compatibility file has been processed (293 Rules)
2023-12-11 10:36:30,178 [INFO] DbMcusXml:78 - Set database path to: C:\ST\STM32CubeIDE_1.11.2\STM32CubeIDE\plugins\com.st.stm32cube.common.mx_6.9.2.202309101412\\db\/mcu/
2023-12-11 10:36:30,178 [INFO] ApiDb:274 - Set plugin database path to: C:\ST\STM32CubeIDE_1.11.2\STM32CubeIDE\plugins\com.st.stm32cube.common.mx_6.9.2.202309101412\\db\/plugins/boardmanager/
2023-12-11 10:36:30,178 [INFO] ApiDb:261 - Set plugin images path to: C:\ST\STM32CubeIDE_1.11.2\STM32CubeIDE\plugins\com.st.stm32cube.common.mx_6.9.2.202309101412\\db\/plugins/mcufinder/images/
2023-12-11 10:36:30,178 [WARN] DbFile:41 - Overriding database path with different value: C:\Users\erkan\.stmcufinder\plugins\mcufinder/ => C:\Users\erkan\.stmcufinder\plugins\mcufinder
2023-12-11 10:36:30,178 [INFO] ApiDb:250 - Set database path to: C:\Users\erkan\.stmcufinder\plugins\mcufinder//mcu/
2023-12-11 10:36:30,178 [WARN] DbFile:41 - Overriding database path with different value: C:\Users\erkan\.stmcufinder\plugins\mcufinder/ => C:\Users\erkan\.stmcufinder\plugins\mcufinder
2023-12-11 10:36:30,179 [INFO] DbMcusAds:125 - Set database path to: C:\Users\erkan\.stmcufinder\plugins\mcufinder//mcu/
2023-12-11 10:36:30,179 [WARN] DbFile:41 - Overriding database path with different value: C:\Users\erkan\.stmcufinder\plugins\mcufinder/ => C:\Users\erkan\.stmcufinder\plugins\mcufinder
2023-12-11 10:36:30,179 [WARN] DbFile:41 - Overriding database path with different value: C:\Users\erkan\.stmcufinder\plugins\mcufinder/ => C:\Users\erkan\.stmcufinder\plugins\mcufinder
2023-12-11 10:36:30,179 [INFO] CrossReferenceDbSqlite:203 - Set database path to: C:\Users\erkan\.stmcufinder\plugins\mcufinder//mcu/cs/
2023-12-11 10:36:30,279 [INFO] MainPanel:262 - HeapMemory: 268435456
2023-12-11 10:36:30,393 [INFO] DbMcusXml:78 - Set database path to: C:\ST\STM32CubeIDE_1.11.2\STM32CubeIDE\plugins\com.st.stm32cube.common.mx_6.9.2.202309101412\\db\/mcu/
2023-12-11 10:36:30,393 [INFO] ApiDb:274 - Set plugin database path to: C:\ST\STM32CubeIDE_1.11.2\STM32CubeIDE\plugins\com.st.stm32cube.common.mx_6.9.2.202309101412\\db\/plugins/boardmanager/
2023-12-11 10:36:30,393 [INFO] ApiDb:261 - Set plugin images path to: C:\ST\STM32CubeIDE_1.11.2\STM32CubeIDE\plugins\com.st.stm32cube.common.mx_6.9.2.202309101412\\db\/plugins/mcufinder/images/
2023-12-11 10:36:30,394 [WARN] DbFile:41 - Overriding database path with different value: C:\Users\erkan\.stmcufinder\plugins\mcufinder/ => C:\Users\erkan\.stmcufinder\plugins\mcufinder
2023-12-11 10:36:30,394 [INFO] ApiDb:250 - Set database path to: C:\Users\erkan\.stmcufinder\plugins\mcufinder//mcu/
2023-12-11 10:36:30,394 [WARN] DbFile:41 - Overriding database path with different value: C:\Users\erkan\.stmcufinder\plugins\mcufinder/ => C:\Users\erkan\.stmcufinder\plugins\mcufinder
2023-12-11 10:36:30,394 [INFO] DbMcusAds:125 - Set database path to: C:\Users\erkan\.stmcufinder\plugins\mcufinder//mcu/
2023-12-11 10:36:30,394 [WARN] DbFile:41 - Overriding database path with different value: C:\Users\erkan\.stmcufinder\plugins\mcufinder/ => C:\Users\erkan\.stmcufinder\plugins\mcufinder
2023-12-11 10:36:30,394 [WARN] DbFile:41 - Overriding database path with different value: C:\Users\erkan\.stmcufinder\plugins\mcufinder/ => C:\Users\erkan\.stmcufinder\plugins\mcufinder
2023-12-11 10:36:30,394 [INFO] CrossReferenceDbSqlite:203 - Set database path to: C:\Users\erkan\.stmcufinder\plugins\mcufinder//mcu/cs/
2023-12-11 10:36:30,416 [INFO] ApplicationProperties:184 - Using Application install path: C:\ST\STM32CubeIDE_1.11.2\STM32CubeIDE\plugins\com.st.stm32cube.common.mx_6.9.2.202309101412
2023-12-11 10:36:30,417 [INFO] PluginManage:196 - Search for loadable plugins [exclusion list=, ]
2023-12-11 10:36:30,419 [INFO] PluginManage:310 - Check plugin analytics
2023-12-11 10:36:30,616 [INFO] AnalyticsPlugin:253 - Accepted Software Licenses: STM32CubeMX.6.9.2
2023-12-11 10:36:30,617 [INFO] AnalyticsPlugin:255 - Accepted CMSIS Pack Licenses: 
2023-12-11 10:36:30,617 [INFO] AnalyticsPlugin:257 - Accepted Firmware Licenses: 
2023-12-11 10:36:30,621 [INFO] PluginManage:359 - Loaded plugin analytics (category:tool,tabindex:-1)
2023-12-11 10:36:30,621 [INFO] PluginManage:310 - Check plugin cadmodel
2023-12-11 10:36:30,636 [INFO] CADModel:105 - Init CAD model plugin
2023-12-11 10:36:30,637 [INFO] PluginManage:359 - Loaded plugin cadmodel (category:power,tabindex:5)
2023-12-11 10:36:30,637 [INFO] PluginManage:310 - Check plugin clock
2023-12-11 10:36:30,659 [INFO] PluginManage:359 - Loaded plugin clock (category:base,tabindex:2)
2023-12-11 10:36:30,659 [INFO] PluginManage:310 - Check plugin ddr
2023-12-11 10:36:30,661 [INFO] PluginManage:359 - Loaded plugin ddr (category:tool,tabindex:6)
2023-12-11 10:36:30,661 [INFO] PluginManage:310 - Check plugin filemanager
2023-12-11 10:36:30,820 [INFO] PluginManage:359 - Loaded plugin filemanager (category:base,tabindex:10)
2023-12-11 10:36:30,820 [INFO] PluginManage:310 - Check plugin ipmanager
2023-12-11 10:36:30,832 [INFO] PluginManage:359 - Loaded plugin ipmanager (category:base,tabindex:5)
2023-12-11 10:36:30,832 [INFO] PluginManage:310 - Check plugin lpbam
2023-12-11 10:36:30,850 [INFO] PluginManage:359 - Loaded plugin lpbam (category:base,tabindex:0)
2023-12-11 10:36:30,851 [INFO] PluginManage:310 - Check plugin memorymap
2023-12-11 10:36:30,877 [INFO] PluginManage:359 - Loaded plugin memorymap (category:base,tabindex:4)
2023-12-11 10:36:30,877 [INFO] PluginManage:310 - Check plugin pinoutandconfiguration
2023-12-11 10:36:30,894 [INFO] PluginManage:359 - Loaded plugin pinoutandconfiguration (category:base,tabindex:1)
2023-12-11 10:36:30,894 [INFO] PluginManage:310 - Check plugin pinoutconfig
2023-12-11 10:36:31,009 [WARN] SupportedApi:132 - Cannot load RTOS API schema: s4s-elt-must-match.1: The content of 'definitions' must match (annotation?, (simpleType | complexType)?, (unique | key | keyref)*)). A problem was found starting at: attribute.
2023-12-11 10:36:31,193 [INFO] PluginManage:359 - Loaded plugin pinoutconfig (category:base,tabindex:0)
2023-12-11 10:36:31,194 [INFO] PluginManage:310 - Check plugin power
2023-12-11 10:36:31,224 [INFO] PluginManage:359 - Loaded plugin power (category:power,tabindex:4)
2023-12-11 10:36:31,224 [INFO] PluginManage:310 - Check plugin projectmanager
2023-12-11 10:36:31,243 [INFO] PluginManage:359 - Loaded plugin projectmanager (category:projectmanager,tabindex:3)
2023-12-11 10:36:31,243 [INFO] PluginManage:310 - Check plugin thirdparty
2023-12-11 10:36:31,547 [INFO] PluginManage:359 - Loaded plugin thirdparty (category:base,tabindex:-1)
2023-12-11 10:36:31,547 [WARN] IntegrityCheckThread:84 - waiting for thirdparty lock release [integrity check]
2023-12-11 10:36:31,547 [INFO] PluginManage:310 - Check plugin tools
2023-12-11 10:36:31,547 [INFO] IntegrityCheckThread:86 - entering critical section [integrity check]
2023-12-11 10:36:31,547 [INFO] ThirdPartyUpdaterWithRetryManager:70 - Updater plugin not ready yet. [1/15]
2023-12-11 10:36:31,582 [INFO] PluginManage:359 - Loaded plugin tools (category:base,tabindex:7)
2023-12-11 10:36:31,582 [INFO] PluginManage:310 - Check plugin tutovideos
2023-12-11 10:36:31,771 [INFO] PluginManage:359 - Loaded plugin tutovideos (category:base,tabindex:-1)
2023-12-11 10:36:31,773 [INFO] PluginManage:310 - Check plugin updater
2023-12-11 10:36:31,785 [INFO] PluginManage:359 - Loaded plugin updater (category:base,tabindex:12)
2023-12-11 10:36:31,785 [INFO] PluginManage:310 - Check plugin userauth
2023-12-11 10:36:31,793 [INFO] UserAuth:113 - Init User Auth plugin
2023-12-11 10:36:31,793 [INFO] PluginManage:359 - Loaded plugin userauth (category:base,tabindex:14)
2023-12-11 10:36:31,794 [INFO] PluginManage:283 - PluginManage : Loaded plugins [17]
2023-12-11 10:36:32,070 [INFO] PinOutPanel:1499 - setPackage(No Configuration,No Configuration)
2023-12-11 10:36:32,240 [INFO] CADModel:165 - CPN selected for project level
2023-12-11 10:36:32,241 [INFO] CADModel:114 - Register for checkConnection events
2023-12-11 10:36:32,271 [INFO] IPUIPlugin:80 - create IPUIPlugin
2023-12-11 10:36:32,271 [INFO] PluginManager:220 - loadIPPluginJar : add adc
2023-12-11 10:36:32,306 [INFO] IPUIPlugin:80 - create IPUIPlugin
2023-12-11 10:36:32,306 [INFO] PluginManager:220 - loadIPPluginJar : add aes
2023-12-11 10:36:32,345 [INFO] IPUIPlugin:80 - create IPUIPlugin
2023-12-11 10:36:32,345 [INFO] PluginManager:220 - loadIPPluginJar : add can
2023-12-11 10:36:32,366 [INFO] IPUIPlugin:80 - create IPUIPlugin
2023-12-11 10:36:32,366 [INFO] PluginManager:220 - loadIPPluginJar : add comp
2023-12-11 10:36:32,396 [INFO] IPUIPlugin:80 - create IPUIPlugin
2023-12-11 10:36:32,396 [INFO] PluginManager:220 - loadIPPluginJar : add cryp
2023-12-11 10:36:32,424 [INFO] IPUIPlugin:80 - create IPUIPlugin
2023-12-11 10:36:32,425 [INFO] PluginManager:220 - loadIPPluginJar : add dfsdm
2023-12-11 10:36:32,440 [INFO] IPUIPlugin:80 - create IPUIPlugin
2023-12-11 10:36:32,441 [INFO] PluginManager:220 - loadIPPluginJar : add dma
2023-12-11 10:36:32,483 [INFO] IPUIPlugin:80 - create IPUIPlugin
2023-12-11 10:36:32,483 [INFO] PluginManager:220 - loadIPPluginJar : add dma3
2023-12-11 10:36:32,503 [INFO] IPUIPlugin:80 - create IPUIPlugin
2023-12-11 10:36:32,504 [INFO] PluginManager:220 - loadIPPluginJar : add fatfs
2023-12-11 10:36:32,547 [INFO] IPUIPlugin:80 - create IPUIPlugin
2023-12-11 10:36:32,548 [INFO] PluginManager:220 - loadIPPluginJar : add fmc
2023-12-11 10:36:32,563 [INFO] IPUIPlugin:80 - create IPUIPlugin
2023-12-11 10:36:32,563 [INFO] PluginManager:220 - loadIPPluginJar : add freertos
2023-12-11 10:36:32,582 [INFO] IPUIPlugin:80 - create IPUIPlugin
2023-12-11 10:36:32,583 [INFO] PluginManager:220 - loadIPPluginJar : add genericplugin
2023-12-11 10:36:32,669 [INFO] IPUIPlugin:80 - create IPUIPlugin
2023-12-11 10:36:32,669 [INFO] PluginManager:220 - loadIPPluginJar : add gfxmmu
2023-12-11 10:36:32,788 [INFO] IPUIPlugin:80 - create IPUIPlugin
2023-12-11 10:36:32,788 [INFO] PluginManager:220 - loadIPPluginJar : add gic
2023-12-11 10:36:32,800 [INFO] IPUIPlugin:80 - create IPUIPlugin
2023-12-11 10:36:32,800 [INFO] PluginManager:220 - loadIPPluginJar : add gpio
2023-12-11 10:36:32,883 [INFO] IPUIPlugin:80 - create IPUIPlugin
2023-12-11 10:36:32,883 [INFO] PluginManager:220 - loadIPPluginJar : add gtzc
2023-12-11 10:36:32,912 [INFO] IPUIPlugin:80 - create IPUIPlugin
2023-12-11 10:36:32,912 [INFO] PluginManager:220 - loadIPPluginJar : add hash
2023-12-11 10:36:32,961 [INFO] IPUIPlugin:80 - create IPUIPlugin
2023-12-11 10:36:32,961 [INFO] PluginManager:220 - loadIPPluginJar : add i2c
2023-12-11 10:36:33,002 [INFO] IPUIPlugin:80 - create IPUIPlugin
2023-12-11 10:36:33,002 [INFO] PluginManager:220 - loadIPPluginJar : add i2s
2023-12-11 10:36:33,044 [INFO] IPUIPlugin:80 - create IPUIPlugin
2023-12-11 10:36:33,045 [INFO] PluginManager:220 - loadIPPluginJar : add i3c
2023-12-11 10:36:33,142 [INFO] IPUIPlugin:80 - create IPUIPlugin
2023-12-11 10:36:33,143 [INFO] PluginManager:220 - loadIPPluginJar : add ipddr
2023-12-11 10:36:33,190 [INFO] McuFinderGlobals:63 - Set McuFinder mode to 2 (CubeIDE integrated)
2023-12-11 10:36:33,230 [INFO] IPUIPlugin:80 - create IPUIPlugin
2023-12-11 10:36:33,230 [INFO] PluginManager:220 - loadIPPluginJar : add linkedlist
2023-12-11 10:36:33,263 [INFO] IPUIPlugin:80 - create IPUIPlugin
2023-12-11 10:36:33,264 [INFO] PluginManager:220 - loadIPPluginJar : add lorawan
2023-12-11 10:36:33,298 [INFO] IPUIPlugin:80 - create IPUIPlugin
2023-12-11 10:36:33,298 [INFO] PluginManager:220 - loadIPPluginJar : add ltdc
2023-12-11 10:36:33,312 [INFO] IPUIPlugin:80 - create IPUIPlugin
2023-12-11 10:36:33,312 [INFO] PluginManager:220 - loadIPPluginJar : add mdma
2023-12-11 10:36:33,325 [INFO] IPUIPlugin:80 - create IPUIPlugin
2023-12-11 10:36:33,325 [INFO] PluginManager:220 - loadIPPluginJar : add nvic
2023-12-11 10:36:33,361 [INFO] IPUIPlugin:80 - create IPUIPlugin
2023-12-11 10:36:33,361 [INFO] PluginManager:220 - loadIPPluginJar : add opamp
2023-12-11 10:36:33,418 [INFO] IPUIPlugin:80 - create IPUIPlugin
2023-12-11 10:36:33,418 [INFO] PluginManager:220 - loadIPPluginJar : add openamp
2023-12-11 10:36:33,460 [INFO] IPUIPlugin:80 - create IPUIPlugin
2023-12-11 10:36:33,460 [INFO] PluginManager:220 - loadIPPluginJar : add pdm2pcm
2023-12-11 10:36:33,475 [INFO] IPUIPlugin:80 - create IPUIPlugin
2023-12-11 10:36:33,477 [INFO] PluginManager:220 - loadIPPluginJar : add plateformsettings
2023-12-11 10:36:33,500 [INFO] IPUIPlugin:80 - create IPUIPlugin
2023-12-11 10:36:33,500 [INFO] PluginManager:220 - loadIPPluginJar : add quadspi
2023-12-11 10:36:33,514 [INFO] IPUIPlugin:80 - create IPUIPlugin
2023-12-11 10:36:33,514 [INFO] PluginManager:220 - loadIPPluginJar : add resmgrutility
2023-12-11 10:36:33,563 [INFO] IPUIPlugin:80 - create IPUIPlugin
2023-12-11 10:36:33,563 [INFO] PluginManager:220 - loadIPPluginJar : add sai
2023-12-11 10:36:33,603 [INFO] IPUIPlugin:80 - create IPUIPlugin
2023-12-11 10:36:33,603 [INFO] PluginManager:220 - loadIPPluginJar : add spi
2023-12-11 10:36:33,659 [INFO] IPUIPlugin:80 - create IPUIPlugin
2023-12-11 10:36:33,659 [INFO] PluginManager:220 - loadIPPluginJar : add stm32_wpan
2023-12-11 10:36:33,682 [INFO] IPUIPlugin:80 - create IPUIPlugin
2023-12-11 10:36:33,682 [INFO] PluginManager:220 - loadIPPluginJar : add tim
2023-12-11 10:36:33,737 [INFO] IPUIPlugin:80 - create IPUIPlugin
2023-12-11 10:36:33,737 [INFO] PluginManager:220 - loadIPPluginJar : add touchsensing
2023-12-11 10:36:33,760 [INFO] IPUIPlugin:80 - create IPUIPlugin
2023-12-11 10:36:33,760 [INFO] PluginManager:220 - loadIPPluginJar : add tracer_emb
2023-12-11 10:36:33,784 [INFO] IPUIPlugin:80 - create IPUIPlugin
2023-12-11 10:36:33,784 [INFO] PluginManager:220 - loadIPPluginJar : add ts
2023-12-11 10:36:33,805 [INFO] IPUIPlugin:80 - create IPUIPlugin
2023-12-11 10:36:33,805 [INFO] PluginManager:220 - loadIPPluginJar : add tsc
2023-12-11 10:36:33,829 [INFO] IPUIPlugin:80 - create IPUIPlugin
2023-12-11 10:36:33,829 [INFO] PluginManager:220 - loadIPPluginJar : add ucpd
2023-12-11 10:36:33,871 [INFO] IPUIPlugin:80 - create IPUIPlugin
2023-12-11 10:36:33,871 [INFO] PluginManager:220 - loadIPPluginJar : add usart
2023-12-11 10:36:33,912 [INFO] IPUIPlugin:80 - create IPUIPlugin
2023-12-11 10:36:33,913 [INFO] PluginManager:220 - loadIPPluginJar : add usbx
2023-12-11 10:36:34,044 [INFO] CADModel:165 - CPN selected for project level
2023-12-11 10:36:34,044 [INFO] CADModel:114 - Register for checkConnection events
2023-12-11 10:36:34,044 [FATAL] Updater:308 - Updater called before beeing initialized
2023-12-11 10:36:34,044 [ERROR] CADModel:125 - Updater not yet initialized, retry later 
2023-12-11 10:36:34,196 [INFO] CADModel:165 - CPN selected for project level
2023-12-11 10:36:34,196 [INFO] CADModel:114 - Register for checkConnection events
2023-12-11 10:36:34,196 [FATAL] Updater:308 - Updater called before beeing initialized
2023-12-11 10:36:34,196 [ERROR] CADModel:125 - Updater not yet initialized, retry later 
2023-12-11 10:36:34,200 [FATAL] Updater:308 - Updater called before beeing initialized
2023-12-11 10:36:34,319 [FATAL] Updater:308 - Updater called before beeing initialized
2023-12-11 10:36:34,329 [INFO] DbMcusAds:53 - JSON generation date=Wed Nov 29 11:52:38 CET 2023 (1701255158764)
2023-12-11 10:36:34,329 [FATAL] Updater:308 - Updater called before beeing initialized
2023-12-11 10:36:34,406 [WARN] DetailPanel:346 - Failed to get advertising image, set to default
2023-12-11 10:36:34,499 [FATAL] Updater:308 - Updater called before beeing initialized
2023-12-11 10:36:34,501 [FATAL] Updater:308 - Updater called before beeing initialized
2023-12-11 10:36:34,501 [FATAL] Updater:308 - Updater called before beeing initialized
2023-12-11 10:36:34,501 [WARN] DetailPanel:346 - Failed to get advertising image, set to default
2023-12-11 10:36:34,502 [FATAL] Updater:308 - Updater called before beeing initialized
2023-12-11 10:36:34,549 [INFO] ThirdPartyUpdaterWithRetryManager:70 - Updater plugin not ready yet. [2/15]
2023-12-11 10:36:34,561 [ERROR] Updater:1120 - MainUpdater not yet initialized. External WinMGr cannot be set.
2023-12-11 10:36:34,572 [INFO] Updater:1056 - Updater Version found : 6.9.2
2023-12-11 10:36:34,593 [INFO] ApplicationProperties:184 - Using Application install path: C:\ST\STM32CubeIDE_1.11.2\STM32CubeIDE\plugins\com.st.stm32cube.common.mx_6.9.2.202309101412
2023-12-11 10:36:34,881 [INFO] MainUpdater:2868 - connection check result : 10
2023-12-11 10:36:34,883 [INFO] MainUpdater:285 - Updater Check For Update Now.
2023-12-11 10:36:34,883 [INFO] MicroXplorer:498 - Change Database Version : DB.6.0.92
2023-12-11 10:36:34,898 [INFO] McuFinderGlobals:63 - Set McuFinder mode to 2 (CubeIDE integrated)
2023-12-11 10:36:34,898 [INFO] UserAuth:179 - activating auth plugin
2023-12-11 10:36:34,902 [INFO] UserAuth:393 - Internet connection configuration mode: 1
2023-12-11 10:36:34,935 [INFO] JxBrowserEngine:151 - Initiate JxBrowser Engine with user profile folder
2023-12-11 10:36:35,075 [INFO] CheckServerUpdateThread:120 - End of CheckServer Thread
2023-12-11 10:36:35,110 [INFO] MainUpdater:2868 - connection check result : 10
2023-12-11 10:36:35,116 [INFO] MainUpdater:2868 - connection check result : 10
2023-12-11 10:36:35,304 [INFO] MicroXplorer:468 - Change Database Path : 
2023-12-11 10:36:35,304 [INFO] MicroXplorer:498 - Change Database Version : DB.6.0.92
2023-12-11 10:36:35,308 [WARN] ThirdParty:871 - waiting for thirdparty lock release [close project]
2023-12-11 10:36:37,439 [INFO] WebApp:157 - Instantiating new browser for Auth
2023-12-11 10:36:37,854 [WARN] PackLoader:240 - Cannot read IP mode file for STMicroelectronics.X-CUBE-SMBUS.2.1.0
2023-12-11 10:36:37,912 [WARN] PackLoader:240 - Cannot read IP mode file for STMicroelectronics.X-CUBE-AZRTOS-F7.1.1.0
2023-12-11 10:36:37,937 [WARN] PackLoader:240 - Cannot read IP mode file for STMicroelectronics.FP-SNS-MOTENV1.4.3.2
2023-12-11 10:36:37,968 [WARN] PackLoader:240 - Cannot read IP mode file for STMicroelectronics.X-CUBE-BLE1.6.2.4
2023-12-11 10:36:37,988 [WARN] PackLoader:240 - Cannot read IP mode file for STMicroelectronics.FP-SNS-FLIGHT1.5.0.2
2023-12-11 10:36:38,010 [WARN] PackLoader:240 - Cannot read IP mode file for STMicroelectronics.X-CUBE-DISPLAY.3.0.0
2023-12-11 10:36:38,032 [WARN] PackLoader:240 - Cannot read IP mode file for STMicroelectronics.X-CUBE-BLE1.7.0.0
2023-12-11 10:36:38,056 [WARN] PackLoader:240 - Cannot read IP mode file for STMicroelectronics.X-CUBE-TOUCHGFX.4.22.0
2023-12-11 10:36:38,073 [WARN] PackLoader:240 - Cannot read IP mode file for STMicroelectronics.X-CUBE-TOUCHGFX.4.22.1
2023-12-11 10:36:38,092 [WARN] PackLoader:240 - Cannot read IP mode file for STMicroelectronics.FP-SNS-SMARTAG2.1.2.0
2023-12-11 10:36:38,118 [INFO] LogOutputStream:77 - [STDOUT_REDIRECT] 1 : Invalid condition id : UX_CORESTACK_Condition cause : null
2023-12-11 10:36:38,119 [INFO] LogOutputStream:77 - [STDOUT_REDIRECT] 1 : Invalid condition id : UX_CORESTACK_Condition cause : null
2023-12-11 10:36:38,120 [INFO] LogOutputStream:77 - [STDOUT_REDIRECT] 1 : Invalid condition id : UX_CORESTACK_Condition cause : null
2023-12-11 10:36:38,121 [INFO] LogOutputStream:77 - [STDOUT_REDIRECT] 1 : Invalid condition id : UX_CORESTACK_Condition cause : null
2023-12-11 10:36:38,123 [INFO] LogOutputStream:77 - [STDOUT_REDIRECT] 1 : Invalid condition id : UX_CORESTACK_Condition cause : null
2023-12-11 10:36:38,127 [WARN] PackLoader:240 - Cannot read IP mode file for STMicroelectronics.X-CUBE-AZRTOS-WL.2.0.0
2023-12-11 10:36:38,147 [WARN] PackLoader:240 - Cannot read IP mode file for WES.I-CUBE-Cesium.1.3.0
2023-12-11 10:36:38,161 [WARN] PackLoader:240 - Cannot read IP mode file for STMicroelectronics.X-CUBE-BLE2.3.3.0
2023-12-11 10:36:38,184 [WARN] PackLoader:240 - Cannot read IP mode file for STMicroelectronics.X-CUBE-TOF1.3.2.0
2023-12-11 10:36:38,210 [WARN] PackLoader:240 - Cannot read IP mode file for STMicroelectronics.X-CUBE-TOUCHGFX.4.21.1
2023-12-11 10:36:38,226 [WARN] PackLoader:240 - Cannot read IP mode file for STMicroelectronics.X-CUBE-AI.7.3.0
2023-12-11 10:36:38,231 [INFO] WebApp:753 - Register for checkConnection events
2023-12-11 10:36:38,231 [INFO] WebApp:390 - Apply proxy settings
2023-12-11 10:36:38,231 [INFO] WebApp:475 - Chromium requires no authentication
2023-12-11 10:36:38,242 [WARN] PackLoader:240 - Cannot read IP mode file for STMicroelectronics.X-CUBE-ALGOBUILD.1.3.0
2023-12-11 10:36:38,246 [INFO] WebApp:418 - Direct internet connection detected
2023-12-11 10:36:38,278 [WARN] PackLoader:240 - Cannot read IP mode file for STMicroelectronics.X-CUBE-AZRTOS-G0.1.1.0
2023-12-11 10:36:38,299 [WARN] PackLoader:240 - Cannot read IP mode file for STMicroelectronics.X-CUBE-NFC4.3.0.0
2023-12-11 10:36:38,320 [WARN] PackLoader:240 - Cannot read IP mode file for STMicroelectronics.X-CUBE-BLEMGR.3.0.0
2023-12-11 10:36:38,339 [WARN] PackLoader:240 - Cannot read IP mode file for STMicroelectronics.X-CUBE-BLEMGR.1.3.0
2023-12-11 10:36:38,356 [WARN] PackLoader:240 - Cannot read IP mode file for STMicroelectronics.FP-ATR-SIGFOX1.3.2.0
2023-12-11 10:36:38,417 [WARN] PackLoader:240 - Cannot read IP mode file for STMicroelectronics.X-CUBE-MEMS1.9.5.0
2023-12-11 10:36:38,537 [INFO] WebApp:188 - Starting web application
2023-12-11 10:36:38,538 [INFO] WebApp:520 - Web application path used C:\ST\STM32CubeIDE_1.11.2\STM32CubeIDE\plugins\com.st.stm32cube.common.mx_6.9.2.202309101412\db\plugins\mcufinder\reactClient1\index.html
2023-12-11 10:36:38,589 [WARN] PackLoader:240 - Cannot read IP mode file for SEGGER.I-CUBE-embOS.1.3.1
2023-12-11 10:36:38,663 [WARN] PackLoader:240 - Cannot read IP mode file for STMicroelectronics.X-CUBE-GNSS1.6.0.0
2023-12-11 10:36:38,711 [WARN] PackLoader:240 - Cannot read IP mode file for STMicroelectronics.X-CUBE-AZRTOS-F4.1.1.0
2023-12-11 10:36:38,753 [WARN] PackLoader:240 - Cannot read IP mode file for STMicroelectronics.X-CUBE-AZRTOS-L5.2.0.0
2023-12-11 10:36:38,809 [WARN] PackLoader:240 - Cannot read IP mode file for STMicroelectronics.X-CUBE-MEMS1.9.6.0
2023-12-11 10:36:38,968 [WARN] PackLoader:240 - Cannot read IP mode file for STMicroelectronics.X-CUBE-EEPRMA1.4.2.0
2023-12-11 10:36:38,988 [WARN] PackLoader:240 - Cannot read IP mode file for ITTIA_DB.I-CUBE-ITTIADB.8.8.0
2023-12-11 10:36:39,010 [WARN] PackLoader:240 - Cannot read IP mode file for emotas.I-CUBE-CANOPEN.1.1.3
2023-12-11 10:36:39,026 [WARN] PackLoader:240 - Cannot read IP mode file for STMicroelectronics.X-CUBE-BLEMGR.2.0.0
2023-12-11 10:36:39,058 [WARN] ConditionMgr:438 - getConditionDescription Invalid condition id : UX DEVICE CLASS RTOS Condition cause : null
2023-12-11 10:36:39,058 [WARN] ConditionMgr:438 - getConditionDescription Invalid condition id : UX DEVICE CLASS RTOS Condition cause : null
2023-12-11 10:36:39,065 [WARN] PackLoader:240 - Cannot read IP mode file for STMicroelectronics.X-CUBE-AZRTOS-H7.3.1.0
2023-12-11 10:36:39,068 [WARN] ConditionMgr:1039 - genDependencies : Invalid condition id : UX DEVICE CLASS RTOS Condition cause : null
2023-12-11 10:36:39,069 [WARN] ConditionMgr:1039 - genDependencies : Invalid condition id : UX DEVICE CLASS RTOS Condition cause : null
2023-12-11 10:36:39,070 [WARN] ConditionMgr:1039 - genDependencies : Invalid condition id : UX DEVICE CLASS RTOS Condition cause : null
2023-12-11 10:36:39,071 [WARN] ConditionMgr:1039 - genDependencies : Invalid condition id : UX DEVICE CLASS RTOS Condition cause : null
2023-12-11 10:36:39,072 [WARN] ConditionMgr:1039 - genDependencies : Invalid condition id : UX DEVICE CLASS RTOS Condition cause : null
2023-12-11 10:36:39,090 [WARN] PackLoader:240 - Cannot read IP mode file for wolfSSL.I-CUBE-wolfSSL.5.5.4
2023-12-11 10:36:39,107 [WARN] PackLoader:240 - Cannot read IP mode file for STMicroelectronics.X-CUBE-NFC7.1.0.1
2023-12-11 10:36:39,125 [WARN] PackLoader:240 - Cannot read IP mode file for STMicroelectronics.X-CUBE-NFC7.1.0.0
2023-12-11 10:36:39,144 [WARN] PackLoader:240 - Cannot read IP mode file for STMicroelectronics.X-CUBE-NFC6.3.0.0
2023-12-11 10:36:39,159 [WARN] PackLoader:240 - Cannot read IP mode file for STMicroelectronics.X-CUBE-EEPRMA1.4.1.0
2023-12-11 10:36:39,175 [WARN] PackLoader:240 - Cannot read IP mode file for STMicroelectronics.X-CUBE-AI.8.1.0
2023-12-11 10:36:39,215 [WARN] ConditionMgr:438 - getConditionDescription Invalid condition id : LAN8742 Phy interface Condition cause : null
2023-12-11 10:36:39,217 [WARN] PackLoader:240 - Cannot read IP mode file for STMicroelectronics.X-CUBE-AZRTOS-L4.2.0.0
2023-12-11 10:36:39,218 [WARN] ConditionMgr:1039 - genDependencies : Invalid condition id : LAN8742 Phy interface Condition cause : null
2023-12-11 10:36:39,219 [WARN] ConditionMgr:1039 - genDependencies : Invalid condition id : LAN8742 Phy interface Condition cause : null
2023-12-11 10:36:39,219 [WARN] ConditionMgr:1039 - genDependencies : Invalid condition id : LAN8742 Phy interface Condition cause : null
2023-12-11 10:36:39,240 [WARN] PackLoader:240 - Cannot read IP mode file for STMicroelectronics.X-CUBE-SFXS2LP1.4.0.0
2023-12-11 10:36:39,282 [WARN] PackLoader:240 - Cannot read IP mode file for STMicroelectronics.X-CUBE-AZRTOS-H7.3.0.0
2023-12-11 10:36:39,299 [WARN] PackLoader:240 - Cannot read IP mode file for STMicroelectronics.X-CUBE-ISPU.1.1.0
2023-12-11 10:36:39,317 [WARN] PackLoader:240 - Cannot read IP mode file for RoweBots.I-CUBE-UNISONRTOS.5.5.0-4
2023-12-11 10:36:39,329 [WARN] PackLoader:240 - Cannot read IP mode file for STMicroelectronics.X-CUBE-AI.8.0.0
2023-12-11 10:36:39,354 [WARN] ConditionMgr:438 - getConditionDescription Invalid condition id : UX DEVICE CLASS RTOS Condition cause : null
2023-12-11 10:36:39,354 [WARN] ConditionMgr:438 - getConditionDescription Invalid condition id : UX DEVICE CLASS RTOS Condition cause : null
2023-12-11 10:36:39,356 [WARN] PackLoader:240 - Cannot read IP mode file for STMicroelectronics.X-CUBE-AZRTOS-WB.2.0.0
2023-12-11 10:36:39,357 [WARN] ConditionMgr:1039 - genDependencies : Invalid condition id : UX DEVICE CLASS RTOS Condition cause : null
2023-12-11 10:36:39,357 [WARN] ConditionMgr:1039 - genDependencies : Invalid condition id : UX DEVICE CLASS RTOS Condition cause : null
2023-12-11 10:36:39,357 [WARN] ConditionMgr:1039 - genDependencies : Invalid condition id : UX DEVICE CLASS RTOS Condition cause : null
2023-12-11 10:36:39,358 [WARN] ConditionMgr:1039 - genDependencies : Invalid condition id : UX DEVICE CLASS RTOS Condition cause : null
2023-12-11 10:36:39,358 [WARN] ConditionMgr:1039 - genDependencies : Invalid condition id : UX DEVICE CLASS RTOS Condition cause : null
2023-12-11 10:36:39,373 [WARN] PackLoader:240 - Cannot read IP mode file for STMicroelectronics.X-CUBE-FREERTOS.1.0.1
2023-12-11 10:36:39,403 [WARN] PackLoader:240 - Cannot read IP mode file for STMicroelectronics.X-CUBE-AZRTOS-L5.1.1.0
2023-12-11 10:36:39,427 [WARN] PackLoader:240 - Cannot read IP mode file for STMicroelectronics.X-CUBE-SUBG2.5.0.0
2023-12-11 10:36:39,450 [WARN] PackLoader:240 - Cannot read IP mode file for STMicroelectronics.X-CUBE-TOF1.3.3.1
2023-12-11 10:36:39,486 [WARN] PackLoader:240 - Cannot read IP mode file for STMicroelectronics.X-CUBE-AZRTOS-G4.2.0.0
2023-12-11 10:36:39,503 [WARN] PackLoader:240 - Cannot read IP mode file for STMicroelectronics.FP-ATR-ASTRA1.1.1.1
2023-12-11 10:36:39,523 [WARN] PackLoader:240 - Cannot read IP mode file for Infineon.AIROC-Wi-Fi-Bluetooth-STM32.1.5.1
2023-12-11 10:36:39,541 [WARN] PackLoader:240 - Cannot read IP mode file for STMicroelectronics.FP-SNS-MOTENVWB1.1.3.0
2023-12-11 10:36:39,562 [WARN] PackLoader:240 - Cannot read IP mode file for STMicroelectronics.FP-SNS-MOTENVWB1.1.3.1
2023-12-11 10:36:39,587 [WARN] PackLoader:240 - Cannot read IP mode file for STMicroelectronics.X-CUBE-AZRTOS-G4.1.0.0
2023-12-11 10:36:39,623 [WARN] PackLoader:240 - Cannot read IP mode file for STMicroelectronics.X-CUBE-AZRTOS-L4.1.0.0
2023-12-11 10:36:39,640 [WARN] PackLoader:240 - Cannot read IP mode file for STMicroelectronics.X-CUBE-ISPU.2.0.0
2023-12-11 10:36:39,686 [WARN] PackLoader:240 - Cannot read IP mode file for STMicroelectronics.X-CUBE-MEMS1.10.0.0
2023-12-11 10:36:39,777 [WARN] PackLoader:240 - Cannot read IP mode file for STMicroelectronics.X-CUBE-FREERTOS.1.1.0
2023-12-11 10:36:39,802 [WARN] PackLoader:240 - Cannot read IP mode file for STMicroelectronics.X-CUBE-AZRTOS-WL.1.0.0
2023-12-11 10:36:39,820 [WARN] PackLoader:240 - Cannot read IP mode file for portGmbH.I-Cube-SoM-uGOAL.1.1.0
2023-12-11 10:36:39,840 [WARN] PackLoader:240 - Cannot read IP mode file for STMicroelectronics.X-CUBE-ALS.1.0.1
2023-12-11 10:36:39,875 [WARN] PackLoader:240 - Cannot read IP mode file for STMicroelectronics.X-CUBE-AZRTOS-WB.1.1.0
2023-12-11 10:36:39,890 [WARN] PackLoader:240 - Cannot read IP mode file for STMicroelectronics.FP-ATR-ASTRA1.2.0.0
2023-12-11 10:36:39,914 [WARN] PackLoader:240 - Cannot read IP mode file for STMicroelectronics.X-CUBE-TOF1.3.4.0
2023-12-11 10:36:39,960 [WARN] PackLoader:240 - Cannot read IP mode file for STMicroelectronics.X-CUBE-AZRTOS-H7.3.2.0
2023-12-11 10:36:39,965 [INFO] ThirdParty:978 - Integrity check success = true
2023-12-11 10:36:39,965 [INFO] IntegrityCheckThread:100 - exiting critical section [integrity check]
2023-12-11 10:36:39,965 [INFO] IntegrityCheckThread:103 - End integrity checks thread
2023-12-11 10:36:39,965 [INFO] ThirdParty:873 - entering critical section [close project]
2023-12-11 10:36:39,967 [INFO] ThirdParty:883 - exiting critical section [close project]
2023-12-11 10:36:39,969 [INFO] PinOutPanel:1499 - setPackage(No Configuration,No Configuration)
2023-12-11 10:36:39,976 [INFO] UtilMem:75 - Begin LoadConfig() Used Memory: 177049080 Bytes (500170752)
2023-12-11 10:36:39,978 [INFO] MicroXplorer:468 - Change Database Path : 
2023-12-11 10:36:39,978 [INFO] MicroXplorer:498 - Change Database Version : DB.6.0.92
2023-12-11 10:36:39,978 [INFO] OpenFileManager:308 - Change cursor
2023-12-11 10:36:40,015 [INFO] Mcu:1946 - Initializing MCU STM32F407V(E-G)Tx STM32F407VGTx STM32F407VGT6
2023-12-11 10:36:42,043 [INFO] Context:659 - Trying to add GPIOservice into a context  which must be forbidden
2023-12-11 10:36:42,631 [INFO] RtosManager:555 - Registered RTOS mode: class=CMSIS, group=RTOS, mode=CMSIS_V1, owner=FREERTOS
2023-12-11 10:36:42,631 [INFO] RtosManager:555 - Registered RTOS mode: class=CMSIS, group=RTOS2, mode=CMSIS_V2, owner=FREERTOS
2023-12-11 10:36:42,631 [INFO] RtosManager:555 - Registered RTOS mode: class=RTOS, group=Core, mode=CMSIS_V1, owner=FREERTOS
2023-12-11 10:36:42,631 [INFO] RtosManager:555 - Registered RTOS mode: class=RTOS, group=Core, mode=CMSIS_V2, owner=FREERTOS
2023-12-11 10:36:42,631 [WARN] ModelIntegratedComponent:184 - Missing modes for component STMicroelectronics:FreeRTOS:0.0.1:STMicroelectronics:RTOS:FreeRTOS:Core:::10.2.0:
2023-12-11 10:36:42,645 [WARN] ModelIntegratedComponent:63 - No mode defined for component null
2023-12-11 10:36:42,646 [WARN] ModelIntegratedComponent:63 - No mode defined for component null
2023-12-11 10:36:42,646 [WARN] ModelIntegratedComponent:63 - No mode defined for component null
2023-12-11 10:36:42,646 [WARN] ModelIntegratedComponent:63 - No mode defined for component null
2023-12-11 10:36:42,646 [WARN] ModelIntegratedComponent:63 - No mode defined for component null
2023-12-11 10:36:42,646 [WARN] ModelIntegratedComponent:63 - No mode defined for component null
2023-12-11 10:36:42,646 [WARN] ModelIntegratedComponent:63 - No mode defined for component null
2023-12-11 10:36:42,646 [WARN] ModelIntegratedComponent:63 - No mode defined for component null
2023-12-11 10:36:42,646 [WARN] ModelIntegratedComponent:63 - No mode defined for component null
2023-12-11 10:36:42,646 [WARN] ModelIntegratedComponent:63 - No mode defined for component null
2023-12-11 10:36:42,646 [WARN] ModelIntegratedComponent:63 - No mode defined for component null
2023-12-11 10:36:42,646 [WARN] ModelIntegratedComponent:63 - No mode defined for component null
2023-12-11 10:36:42,646 [WARN] ModelIntegratedComponent:63 - No mode defined for component null
2023-12-11 10:36:42,646 [WARN] ModelIntegratedComponent:63 - No mode defined for component null
2023-12-11 10:36:42,646 [WARN] ModelIntegratedComponent:63 - No mode defined for component null
2023-12-11 10:36:42,646 [WARN] ModelIntegratedComponent:63 - No mode defined for component null
2023-12-11 10:36:42,646 [WARN] ModelIntegratedComponent:63 - No mode defined for component null
2023-12-11 10:36:42,646 [WARN] ModelIntegratedComponent:63 - No mode defined for component null
2023-12-11 10:36:42,646 [WARN] ModelIntegratedComponent:63 - No mode defined for component null
2023-12-11 10:36:42,646 [WARN] ModelIntegratedComponent:63 - No mode defined for component null
2023-12-11 10:36:42,646 [WARN] ModelIntegratedComponent:63 - No mode defined for component null
2023-12-11 10:36:42,647 [WARN] ModelIntegratedComponent:63 - No mode defined for component null
2023-12-11 10:36:42,647 [WARN] ModelIntegratedComponent:63 - No mode defined for component null
2023-12-11 10:36:42,647 [WARN] ModelIntegratedComponent:63 - No mode defined for component null
2023-12-11 10:36:42,647 [WARN] ModelIntegratedComponent:63 - No mode defined for component null
2023-12-11 10:36:42,647 [WARN] ModelIntegratedComponent:63 - No mode defined for component null
2023-12-11 10:36:42,647 [WARN] ModelIntegratedComponent:63 - No mode defined for component null
2023-12-11 10:36:42,647 [WARN] ModelIntegratedComponent:63 - No mode defined for component null
2023-12-11 10:36:42,647 [WARN] ModelIntegratedComponent:63 - No mode defined for component null
2023-12-11 10:36:42,647 [WARN] ModelIntegratedComponent:63 - No mode defined for component null
2023-12-11 10:36:42,647 [WARN] ModelIntegratedComponent:63 - No mode defined for component null
2023-12-11 10:36:42,647 [WARN] ModelIntegratedComponent:63 - No mode defined for component null
2023-12-11 10:36:42,647 [WARN] ModelIntegratedComponent:63 - No mode defined for component null
2023-12-11 10:36:42,814 [INFO] ThirdPartyModel:298 - Start build external matchings
2023-12-11 10:36:43,896 [INFO] ThirdPartyModel:316 - End build external matchings
2023-12-11 10:36:44,366 [INFO] UtilMem:75 - End LoadConfig() Used Memory: 308407192 Bytes (500170752)
2023-12-11 10:36:44,483 [INFO] ApiDb:581 - Connected to CubeFinder SQLite database (C:\Users\erkan\.stmcufinder\plugins\mcufinder\mcu\cube-finder-db.db)
2023-12-11 10:36:44,584 [INFO] ApiDb:668 - CubeFinder database Data Model version=2.1
2023-12-11 10:36:44,584 [INFO] ApiDb:669 - CubeFinder database Configuration version=3.0.39
2023-12-11 10:36:44,584 [INFO] ApiDb:670 - CubeFinder database generation date=2023-11-06 (1699269565)
2023-12-11 10:36:44,584 [INFO] ApiDb:671 - CubeFinder database FW Pack versions=[FP-ATR-ASTRA1_V2.0.0, FP-SNS-FLIGHT1_V5.0.1, FP-SNS-FLIGHT1_V5.0.2, FP-SNS-MOTENV1_V4.3.1, FP-SNS-MOTENV1_V4.3.2, FP-SNS-MOTENVWB1_V1.3.0, FP-SNS-SMARTAG2_V1.2.0, STM32Cube_FW_C0_V1.1.0, STM32Cube_FW_F4_V1.28.0, STM32Cube_FW_F7_V1.17.0, STM32Cube_FW_G0_V1.6.1, STM32Cube_FW_G4_V1.5.1, STM32Cube_FW_H5_V0.5.1, STM32Cube_FW_H5_V1.1.1, STM32Cube_FW_H5_V1.2.0RC2, STM32Cube_FW_H7_V1.11.0, STM32Cube_FW_L0_V1.12.2, STM32Cube_FW_L5_V1.5.0, STM32Cube_FW_U5_V1.3.0RC4, STM32Cube_FW_U5_V1.4.0, STM32Cube_FW_WBA_V1.0.0RC1, STM32Cube_FW_WBA_V1.1.0RC1, STM32Cube_FW_WBA_V1.2.0, STM32Cube_FW_WBA_V1.2.0RC2, STM32Cube_FW_WB_V1.15.0RC1, STM32Cube_FW_WB_V1.16.0, STM32Cube_FW_WB_V1.16.0RC2, STM32Cube_FW_WB_V1.18.0, STM32Cube_FW_WL_V1.3.0, X-CUBE-ALGOBUILD_V1.3.0, X-CUBE-ALS_V1.0.1, X-CUBE-AZRTOS-F4_V1.1.0, X-CUBE-AZRTOS-F7_V1.1.0, X-CUBE-AZRTOS-G0_V1.1.0, X-CUBE-AZRTOS-G4_V2.0.0, X-CUBE-AZRTOS-H7_V3.1.0, X-CUBE-AZRTOS-L4_V1.0.0, X-CUBE-AZRTOS-L4_V2.0.0, X-CUBE-AZRTOS-L5_V1.1.0, X-CUBE-AZRTOS-WB_V2.0.0, X-CUBE-AZRTOS-WL_V2.0.0, X-CUBE-BLE1_V7.0.0, X-CUBE-BLE2_V3.3.0, X-CUBE-BLEMGR_V2.0.0, X-CUBE-EEPRMA1_V4.1.0, X-CUBE-EEPRMA1_V4.2.0, X-CUBE-FREERTOS_V1.1.0, X-CUBE-GNSS1_V6.0.0, X-CUBE-MEMS1_V10.0.0, X-CUBE-MEMS1_V9.1.0, X-CUBE-MEMS1_V9.4.0, X-CUBE-MEMS1_V9.6.0, X-CUBE-NFC4_V3.0.0, X-CUBE-NFC7_V1.0.1, X-CUBE-SFXS2LP1_V4.0.0, X-CUBE-SUBG2_V5.0.0, X-CUBE-TOF1_V3.3.1]
2023-12-11 10:36:46,917 [INFO] ApiDb:240 - Found 323 in-development CPN: [B-G473E-ZEST1S, B-WB1M-WPAN1, B-WL5M-SUBG1, NUCLEO-C031C6, NUCLEO-H503RB, NUCLEO-H563ZI, NUCLEO-U545RE-Q, NUCLEO-U5A5ZJ-Q, NUCLEO-WBA52CG, STEVAL-PROTEUS1, STEVAL-SMARTAG2, STEVAL-STWINBX1, STM320518-EVAL, STM32C0116-DK, STM32C011D6Y3TR, STM32C011D6Y6TR, STM32C011F4P3, STM32C011F4P6, STM32C011F4U3, STM32C011F4U6TR, STM32C011F6P3, STM32C011F6P6, STM32C011F6U3, STM32C011F6U6TR, STM32C011J4M3, STM32C011J4M6, STM32C011J6M3, STM32C011J6M6, STM32C0316-DK, STM32C031C4T3, STM32C031C4T6, STM32C031C4U3, STM32C031C4U6, STM32C031C6T3, STM32C031C6T6, STM32C031C6U3, STM32C031C6U6, STM32C031F4P3, STM32C031F4P6, STM32C031F6P3, STM32C031F6P6, STM32C031G4U3, STM32C031G4U6, STM32C031G6U3, STM32C031G6U6, STM32C031K4T3, STM32C031K4T6, STM32C031K4U3, STM32C031K4U6, STM32C031K6T3, STM32C031K6T6, STM32C031K6U3, STM32C031K6U6, STM32G071K8TXN, STM32G071K8UXN, STM32G081GBU6N, STM32G081KBT6N, STM32G081KBUXN, STM32G0B1CCT6N, STM32G0B1KCT6, STM32G0B1NEY6TR, STM32G0B1RCT6N, STM32G0C1CCT6, STM32G0C1CCT6N, STM32G0C1CCU6N, STM32G0C1CET6N, STM32G0C1CEU6N, STM32G0C1KCT6, STM32G0C1NEY6TR, STM32G0C1RCI6N, STM32G0C1RCT6N, STM32G0C1REI6N, STM32G0C1RET6N, STM32G0C1VCI6, STM32G0C1VEI6, STM32G471CCT6, STM32G471CCU6, STM32G471CET3, STM32G471CET6, STM32G471CEU3, STM32G471CEU6, STM32G471MCT6, STM32G471MET3, STM32G471MET6, STM32G471MEY6TR, STM32G471QCT6, STM32G471QET3, STM32G471RCT6, STM32G471RET3, STM32G471RET6, STM32G471VCH6, STM32G471VCI6, STM32G471VCT6, STM32G471VEH3, STM32G471VEH6, STM32G471VEI3, STM32G471VEI6, STM32G471VET3, STM32G471VET6, STM32G474CCT6, STM32H503CBT6, STM32H503CBU6, STM32H503EBY6TR, STM32H503KBU6, STM32H503RBT6, STM32H562AGI6, STM32H562AII6, STM32H562IGK6, STM32H562IGT6, STM32H562IIK6, STM32H562IIT6, STM32H562RGT6, STM32H562RGV6, STM32H562RIT6, STM32H562RIV6, STM32H562VGT6, STM32H562VIT6, STM32H562ZGT6, STM32H562ZIT6, STM32H563AGI6, STM32H563AII3Q, STM32H563AII6, STM32H563IGK6, STM32H563IGT6, STM32H563IIK3Q, STM32H563IIK6, STM32H563IIT3Q, STM32H563IIT6, STM32H563MIY3QTR, STM32H563RGT6, STM32H563RGV6, STM32H563RIT6, STM32H563RIV6, STM32H563VGT6, STM32H563VIT3Q, STM32H563VIT6, STM32H563ZGT6, STM32H563ZIT3Q, STM32H563ZIT6, STM32H573AII3Q, STM32H573AII6, STM32H573I-DK, STM32H573IIK3Q, STM32H573IIK6, STM32H573IIT3Q, STM32H573IIT6, STM32H573MIY3QTR, STM32H573RIT6, STM32H573RIV6, STM32H573VIT3Q, STM32H573VIT6, STM32H573ZIT3Q, STM32H573ZIT6, STM32L4R5QGI6STR, STM32MP131AAE3, STM32MP131AAF3, STM32MP131AAG3, STM32MP131CAE3, STM32MP131CAF3, STM32MP131CAG3, STM32MP131DAE7, STM32MP131DAF7, STM32MP131DAG7, STM32MP131FAE7, STM32MP131FAF7, STM32MP131FAG7, STM32MP133AAE3, STM32MP133AAF3, STM32MP133AAG3, STM32MP133CAE3, STM32MP133CAF3, STM32MP133CAG3, STM32MP133DAE7, STM32MP133DAF7, STM32MP133DAG7, STM32MP133FAE7, STM32MP133FAF7, STM32MP133FAG7, STM32MP135AAE3, STM32MP135AAF3, STM32MP135AAG3, STM32MP135CAE3, STM32MP135CAF3, STM32MP135CAG3, STM32MP135DAE7, STM32MP135DAF7, STM32MP135DAG7, STM32MP135F-DK, STM32MP135FAE7, STM32MP135FAF7, STM32MP135FAF7T, STM32MP135FAF7U, STM32MP135FAG7, STM32U535CBT6, STM32U535CBT6Q, STM32U535CBU6, STM32U535CBU6Q, STM32U535CCT6, STM32U535CCT6Q, STM32U535CCU6, STM32U535CCU6Q, STM32U535CET6, STM32U535CET6Q, STM32U535CEU6, STM32U535CEU6Q, STM32U535JEY6QTR, STM32U535NCY6QTR, STM32U535NEY6QTR, STM32U535RBI6, STM32U535RBI6Q, STM32U535RBT6, STM32U535RBT6Q, STM32U535RCI6, STM32U535RCI6Q, STM32U535RCT6, STM32U535RCT6Q, STM32U535REI6, STM32U535REI6Q, STM32U535RET6, STM32U535RET6Q, STM32U535VCI6, STM32U535VCI6Q, STM32U535VCT6, STM32U535VCT6Q, STM32U535VEI6, STM32U535VEI6Q, STM32U535VET6, STM32U535VET6Q, STM32U545CET6, STM32U545CET6Q, STM32U545CEU6, STM32U545CEU6Q, STM32U545JEY6QTR, STM32U545NEY6QTR, STM32U545REI6, STM32U545REI6Q, STM32U545RET6, STM32U545RET6Q, STM32U545VEI6, STM32U545VEI6Q, STM32U545VET6, STM32U545VET6Q, STM32U595AIH6, STM32U595AIH6Q, STM32U595AJH6, STM32U595AJH6Q, STM32U595QII6, STM32U595QII6Q, STM32U595QJI6, STM32U595QJI6Q, STM32U595RIT6, STM32U595RIT6Q, STM32U595RJT6, STM32U595RJT6Q, STM32U595VIT6, STM32U595VIT6Q, STM32U595VJT6, STM32U595VJT6Q, STM32U595ZIT6, STM32U595ZIT6Q, STM32U595ZIY6QTR, STM32U595ZJT6, STM32U595ZJT6Q, STM32U595ZJY6QTR, STM32U599BJY6QTR, STM32U599NIH6Q, STM32U599NJH6Q, STM32U599VIT6Q, STM32U599VJT6, STM32U599VJT6Q, STM32U599ZIT6Q, STM32U599ZIY6QTR, STM32U599ZJT6Q, STM32U599ZJY6QTR, STM32U5A5AJH6, STM32U5A5AJH6Q, STM32U5A5QJI6, STM32U5A5QJI6Q, STM32U5A5RJT6, STM32U5A5RJT6Q, STM32U5A5VJT6, STM32U5A5VJT6Q, STM32U5A5ZJT6, STM32U5A5ZJT6Q, STM32U5A5ZJY6QTR, STM32U5A9BJY6QTR, STM32U5A9J-DK, STM32U5A9NJH6Q, STM32U5A9VJT6Q, STM32U5A9ZJT6Q, STM32U5A9ZJY6QTR, STM32U5F7VIT6, STM32U5F7VIT6Q, STM32U5F7VJT6, STM32U5F7VJT6Q, STM32U5F9BJY6QTR, STM32U5F9NJH6Q, STM32U5F9VIT6Q, STM32U5F9VJT6Q, STM32U5F9ZIJ6QTR, STM32U5F9ZIT6Q, STM32U5F9ZJJ6QTR, STM32U5F9ZJT6Q, STM32U5G7VJT6, STM32U5G7VJT6Q, STM32U5G9BJY6QTR, STM32U5G9J-DK1, STM32U5G9J-DK2, STM32U5G9NJH6Q, STM32U5G9VJT6Q, STM32U5G9ZJJ6QTR, STM32U5G9ZJT6Q, STM32WB1MMCH6, STM32WBA52CEU6, STM32WBA52CEU6T, STM32WBA52CGU6, STM32WBA52CGU6T, STM32WBA52KEU6, STM32WBA52KEU6T, STM32WBA52KGU6, STM32WBA52KGU6T, STM32WL5MOCH6, STM32WL5MOCH6TR]
2023-12-11 10:36:46,922 [INFO] DbMcus:217 - Found 3882 MCUs, 3882 are supported
2023-12-11 10:36:46,922 [INFO] ApiDb:423 - Load user favorites file C:\Users\erkan/.stm32cubeide/favorites.mcus.txt: 0 item(s)
2023-12-11 10:36:46,923 [INFO] ApiDb:427 - User favorites MCUs=[]
2023-12-11 10:36:46,923 [INFO] DbMcus:223 - Set 0 / 0 favorites MCUs
2023-12-11 10:36:47,236 [WARN] ThirdParty:833 - waiting for thirdparty lock release [change project]
2023-12-11 10:36:47,236 [INFO] ThirdParty:835 - entering critical section [change project]
2023-12-11 10:36:47,236 [INFO] ThirdParty:1030 - CMSIS Pack Vendor :STMicroelectronics X-CUBE-ISPU 1.1.0
2023-12-11 10:36:47,236 [INFO] ThirdParty:1030 - CMSIS Pack Vendor :STMicroelectronics USBPD 4.1
2023-12-11 10:36:47,236 [INFO] ThirdParty:1030 - CMSIS Pack Vendor :RoweBots I-CUBE-UNISONRTOS 5.5.0-4
2023-12-11 10:36:47,236 [INFO] ThirdParty:1030 - CMSIS Pack Vendor :STMicroelectronics X-CUBE-GNSS1 6.0.0
2023-12-11 10:36:47,236 [INFO] ThirdParty:1030 - CMSIS Pack Vendor :STMicroelectronics USB_HOST 2.0.0
2023-12-11 10:36:47,236 [INFO] ThirdParty:1030 - CMSIS Pack Vendor :STMicroelectronics X-CUBE-AZRTOS-F4 1.1.0
2023-12-11 10:36:47,236 [INFO] ThirdParty:1030 - CMSIS Pack Vendor :STMicroelectronics LIBJPEG 8.0.0
2023-12-11 10:36:47,236 [INFO] ThirdParty:1030 - CMSIS Pack Vendor :STMicroelectronics X-CUBE-SMBUS 2.1.0
2023-12-11 10:36:47,236 [INFO] ThirdParty:1030 - CMSIS Pack Vendor :STMicroelectronics USB_DEVICE 3.0.0
2023-12-11 10:36:47,236 [INFO] ThirdParty:1030 - CMSIS Pack Vendor :STMicroelectronics X-CUBE-AI 8.0.0
2023-12-11 10:36:47,236 [INFO] ThirdParty:1030 - CMSIS Pack Vendor :STMicroelectronics X-CUBE-AZRTOS-WB 2.0.0
2023-12-11 10:36:47,237 [INFO] ThirdParty:1030 - CMSIS Pack Vendor :STMicroelectronics X-CUBE-FREERTOS 1.0.1
2023-12-11 10:36:47,237 [INFO] ThirdParty:1030 - CMSIS Pack Vendor :STMicroelectronics X-CUBE-TOUCHGFX 4.21.1
2023-12-11 10:36:47,237 [INFO] ThirdParty:1030 - CMSIS Pack Vendor :STMicroelectronics X-CUBE-AZRTOS-F7 1.1.0
2023-12-11 10:36:47,237 [INFO] ThirdParty:1030 - CMSIS Pack Vendor :STMicroelectronics X-CUBE-AZRTOS-L5 2.0.0
2023-12-11 10:36:47,237 [INFO] ThirdParty:1030 - CMSIS Pack Vendor :STMicroelectronics USB_DEVICE 2.0.0
2023-12-11 10:36:47,237 [INFO] ThirdParty:1030 - CMSIS Pack Vendor :STMicroelectronics X-CUBE-AI 7.3.0
2023-12-11 10:36:47,237 [INFO] ThirdParty:1030 - CMSIS Pack Vendor :STMicroelectronics X-CUBE-MEMS1 9.6.0
2023-12-11 10:36:47,237 [INFO] ThirdParty:1030 - CMSIS Pack Vendor :STMicroelectronics X-CUBE-EEPRMA1 4.2.0
2023-12-11 10:36:47,237 [INFO] ThirdParty:1030 - CMSIS Pack Vendor :ITTIA_DB I-CUBE-ITTIADB 8.8.0
2023-12-11 10:36:47,237 [INFO] ThirdParty:1030 - CMSIS Pack Vendor :STMicroelectronics FP-SNS-MOTENV1 4.3.2
2023-12-11 10:36:47,237 [INFO] ThirdParty:1030 - CMSIS Pack Vendor :STMicroelectronics X-CUBE-ALGOBUILD 1.3.0
2023-12-11 10:36:47,237 [INFO] ThirdParty:1030 - CMSIS Pack Vendor :STMicroelectronics X-CUBE-BLE1 6.2.4
2023-12-11 10:36:47,237 [INFO] ThirdParty:1030 - CMSIS Pack Vendor :STMicroelectronics X-CUBE-AZRTOS-L5 1.1.0
2023-12-11 10:36:47,237 [INFO] ThirdParty:1030 - CMSIS Pack Vendor :STMicroelectronics FreeRTOS 0.0.1
2023-12-11 10:36:47,237 [INFO] ThirdParty:1030 - CMSIS Pack Vendor :STMicroelectronics X-CUBE-AZRTOS-G0 1.1.0
2023-12-11 10:36:47,237 [INFO] ThirdParty:1030 - CMSIS Pack Vendor :emotas I-CUBE-CANOPEN 1.1.3
2023-12-11 10:36:47,237 [INFO] ThirdParty:1030 - CMSIS Pack Vendor :STMicroelectronics X-CUBE-BLEMGR 2.0.0
2023-12-11 10:36:47,237 [INFO] ThirdParty:1030 - CMSIS Pack Vendor :STMicroelectronics X-CUBE-NFC4 3.0.0
2023-12-11 10:36:47,237 [INFO] ThirdParty:1030 - CMSIS Pack Vendor :STMicroelectronics X-CUBE-SUBG2 5.0.0
2023-12-11 10:36:47,238 [INFO] ThirdParty:1030 - CMSIS Pack Vendor :STMicroelectronics STM32_WPAN 1.0.0
2023-12-11 10:36:47,238 [INFO] ThirdParty:1030 - CMSIS Pack Vendor :STMicroelectronics lwIP 2.0.3
2023-12-11 10:36:47,238 [INFO] ThirdParty:1030 - CMSIS Pack Vendor :STMicroelectronics FP-SNS-FLIGHT1 5.0.2
2023-12-11 10:36:47,238 [INFO] ThirdParty:1030 - CMSIS Pack Vendor :STMicroelectronics USB_HOST 1.0.0
2023-12-11 10:36:47,238 [INFO] ThirdParty:1030 - CMSIS Pack Vendor :STMicroelectronics X-CUBE-TOF1 3.3.1
2023-12-11 10:36:47,238 [INFO] ThirdParty:1030 - CMSIS Pack Vendor :STMicroelectronics X-CUBE-AZRTOS-G4 2.0.0
2023-12-11 10:36:47,238 [INFO] ThirdParty:1030 - CMSIS Pack Vendor :STMicroelectronics PDM2PCM 3.1.0
2023-12-11 10:36:47,238 [INFO] ThirdParty:1030 - CMSIS Pack Vendor :STMicroelectronics X-CUBE-AZRTOS-H7 3.1.0
2023-12-11 10:36:47,238 [INFO] ThirdParty:1030 - CMSIS Pack Vendor :STMicroelectronics FP-ATR-ASTRA1 1.1.1
2023-12-11 10:36:47,238 [INFO] ThirdParty:1030 - CMSIS Pack Vendor :Infineon AIROC-Wi-Fi-Bluetooth-STM32 1.5.1
2023-12-11 10:36:47,238 [INFO] ThirdParty:1030 - CMSIS Pack Vendor :STMicroelectronics X-CUBE-BLEMGR 3.0.0
2023-12-11 10:36:47,238 [INFO] ThirdParty:1030 - CMSIS Pack Vendor :STMicroelectronics PDM2PCM 3.3.0
2023-12-11 10:36:47,238 [INFO] ThirdParty:1030 - CMSIS Pack Vendor :STMicroelectronics X-CUBE-DISPLAY 3.0.0
2023-12-11 10:36:47,238 [INFO] ThirdParty:1030 - CMSIS Pack Vendor :STMicroelectronics X-CUBE-BLEMGR 1.3.0
2023-12-11 10:36:47,238 [INFO] ThirdParty:1030 - CMSIS Pack Vendor :STMicroelectronics FP-SNS-MOTENVWB1 1.3.0
2023-12-11 10:36:47,238 [INFO] ThirdParty:1030 - CMSIS Pack Vendor :STMicroelectronics FP-SNS-MOTENVWB1 1.3.1
2023-12-11 10:36:47,238 [INFO] ThirdParty:1030 - CMSIS Pack Vendor :STMicroelectronics X-CUBE-BLE1 7.0.0
2023-12-11 10:36:47,238 [INFO] ThirdParty:1030 - CMSIS Pack Vendor :STMicroelectronics FP-ATR-SIGFOX1 3.2.0
2023-12-11 10:36:47,238 [INFO] ThirdParty:1030 - CMSIS Pack Vendor :STMicroelectronics X-CUBE-AZRTOS-G4 1.0.0
2023-12-11 10:36:47,238 [INFO] ThirdParty:1030 - CMSIS Pack Vendor :wolfSSL I-CUBE-wolfSSL 5.5.4
2023-12-11 10:36:47,238 [INFO] ThirdParty:1030 - CMSIS Pack Vendor :STMicroelectronics X-CUBE-AZRTOS-L4 1.0.0
2023-12-11 10:36:47,238 [INFO] ThirdParty:1030 - CMSIS Pack Vendor :STMicroelectronics X-CUBE-ISPU 2.0.0
2023-12-11 10:36:47,238 [INFO] ThirdParty:1030 - CMSIS Pack Vendor :STMicroelectronics HAL Drivers 0.0.0
2023-12-11 10:36:47,239 [INFO] ThirdParty:1030 - CMSIS Pack Vendor :STMicroelectronics MBEDTLS 2.16.2
2023-12-11 10:36:47,239 [INFO] ThirdParty:1030 - CMSIS Pack Vendor :STMicroelectronics X-CUBE-MEMS1 10.0.0
2023-12-11 10:36:47,239 [INFO] ThirdParty:1030 - CMSIS Pack Vendor :STMicroelectronics X-CUBE-FREERTOS 1.1.0
2023-12-11 10:36:47,239 [INFO] ThirdParty:1030 - CMSIS Pack Vendor :STMicroelectronics X-CUBE-TOUCHGFX 4.22.0
2023-12-11 10:36:47,239 [INFO] ThirdParty:1030 - CMSIS Pack Vendor :STMicroelectronics X-CUBE-NFC7 1.0.1
2023-12-11 10:36:47,239 [INFO] ThirdParty:1030 - CMSIS Pack Vendor :STMicroelectronics MBEDTLS 2.14.1
2023-12-11 10:36:47,239 [INFO] ThirdParty:1030 - CMSIS Pack Vendor :STMicroelectronics X-CUBE-NFC7 1.0.0
2023-12-11 10:36:47,239 [INFO] ThirdParty:1030 - CMSIS Pack Vendor :STMicroelectronics X-CUBE-TOUCHGFX 4.22.1
2023-12-11 10:36:47,239 [INFO] ThirdParty:1030 - CMSIS Pack Vendor :STMicroelectronics X-CUBE-AZRTOS-WL 1.0.0
2023-12-11 10:36:47,239 [INFO] ThirdParty:1030 - CMSIS Pack Vendor :STMicroelectronics X-CUBE-NFC6 3.0.0
2023-12-11 10:36:47,239 [INFO] ThirdParty:1030 - CMSIS Pack Vendor :STMicroelectronics X-CUBE-EEPRMA1 4.1.0
2023-12-11 10:36:47,239 [INFO] ThirdParty:1030 - CMSIS Pack Vendor :portGmbH I-Cube-SoM-uGOAL 1.1.0
2023-12-11 10:36:47,239 [INFO] ThirdParty:1030 - CMSIS Pack Vendor :STMicroelectronics X-CUBE-ALS 1.0.1
2023-12-11 10:36:47,239 [INFO] ThirdParty:1030 - CMSIS Pack Vendor :STMicroelectronics X-CUBE-MEMS1 9.5.0
2023-12-11 10:36:47,239 [INFO] ThirdParty:1030 - CMSIS Pack Vendor :STMicroelectronics ThreadX 1.0.0
2023-12-11 10:36:47,239 [INFO] ThirdParty:1030 - CMSIS Pack Vendor :STMicroelectronics FP-SNS-SMARTAG2 1.2.0
2023-12-11 10:36:47,240 [INFO] ThirdParty:1030 - CMSIS Pack Vendor :STMicroelectronics X-CUBE-AZRTOS-WB 1.1.0
2023-12-11 10:36:47,240 [INFO] ThirdParty:1030 - CMSIS Pack Vendor :STMicroelectronics X-CUBE-AZRTOS-WL 2.0.0
2023-12-11 10:36:47,240 [INFO] ThirdParty:1030 - CMSIS Pack Vendor :SEGGER I-CUBE-embOS 1.3.1
2023-12-11 10:36:47,240 [INFO] ThirdParty:1030 - CMSIS Pack Vendor :STMicroelectronics USB_DEVICE 1.0.0
2023-12-11 10:36:47,240 [INFO] ThirdParty:1030 - CMSIS Pack Vendor :STMicroelectronics X-CUBE-AI 8.1.0
2023-12-11 10:36:47,240 [INFO] ThirdParty:1030 - CMSIS Pack Vendor :STMicroelectronics X-CUBE-AZRTOS-L4 2.0.0
2023-12-11 10:36:47,240 [INFO] ThirdParty:1030 - CMSIS Pack Vendor :STMicroelectronics ThreadX 0.0.2
2023-12-11 10:36:47,240 [INFO] ThirdParty:1030 - CMSIS Pack Vendor :WES I-CUBE-Cesium 1.3.0
2023-12-11 10:36:47,240 [INFO] ThirdParty:1030 - CMSIS Pack Vendor :STMicroelectronics FP-ATR-ASTRA1 2.0.0
2023-12-11 10:36:47,240 [INFO] ThirdParty:1030 - CMSIS Pack Vendor :STMicroelectronics lwIP 2.1.2
2023-12-11 10:36:47,240 [INFO] ThirdParty:1030 - CMSIS Pack Vendor :STMicroelectronics X-CUBE-SFXS2LP1 4.0.0
2023-12-11 10:36:47,240 [INFO] ThirdParty:1030 - CMSIS Pack Vendor :STMicroelectronics X-CUBE-BLE2 3.3.0
2023-12-11 10:36:47,240 [INFO] ThirdParty:1030 - CMSIS Pack Vendor :STMicroelectronics X-CUBE-TOF1 3.4.0
2023-12-11 10:36:47,240 [INFO] ThirdParty:1030 - CMSIS Pack Vendor :STMicroelectronics X-CUBE-TOF1 3.2.0
2023-12-11 10:36:47,240 [INFO] ThirdParty:1030 - CMSIS Pack Vendor :STMicroelectronics X-CUBE-AZRTOS-H7 3.2.0
2023-12-11 10:36:47,240 [INFO] ThirdParty:1030 - CMSIS Pack Vendor :STMicroelectronics PDM2PCM 3.2.0
2023-12-11 10:36:47,240 [INFO] ThirdParty:1030 - CMSIS Pack Vendor :STMicroelectronics X-CUBE-AZRTOS-H7 3.0.0
2023-12-11 10:36:47,241 [INFO] ThirdParty:841 - exiting critical section [change project]
2023-12-11 10:36:47,719 [INFO] PinOutPanel:1499 - setPackage(No Configuration,No Configuration)
2023-12-11 10:36:47,720 [INFO] PinOutPanel:1499 - setPackage(STM32F407VGTx,LQFP100)
2023-12-11 10:36:48,224 [INFO] UtilMem:75 - Before build in PCC Used Memory: 371202632 Bytes (500170752)
2023-12-11 10:36:49,106 [INFO] UtilMem:75 - After build in PCC Used Memory: 250967040 Bytes (500170752)
2023-12-11 10:36:49,146 [INFO] IPUIPlugin:80 - create IPUIPlugin
2023-12-11 10:36:49,146 [INFO] IPUIPlugin:80 - create IPUIPlugin
2023-12-11 10:36:49,146 [INFO] IPUIPlugin:80 - create IPUIPlugin
2023-12-11 10:36:49,148 [INFO] IPUIPlugin:80 - create IPUIPlugin
2023-12-11 10:36:49,148 [INFO] IPUIPlugin:80 - create IPUIPlugin
2023-12-11 10:36:49,148 [INFO] IPUIPlugin:80 - create IPUIPlugin
2023-12-11 10:36:49,148 [INFO] IPUIPlugin:80 - create IPUIPlugin
2023-12-11 10:36:49,148 [INFO] IPUIPlugin:80 - create IPUIPlugin
2023-12-11 10:36:49,148 [INFO] IPUIPlugin:80 - create IPUIPlugin
2023-12-11 10:36:49,149 [INFO] IPUIPlugin:80 - create IPUIPlugin
2023-12-11 10:36:49,149 [INFO] IPUIPlugin:80 - create IPUIPlugin
2023-12-11 10:36:49,149 [INFO] IPUIPlugin:80 - create IPUIPlugin
2023-12-11 10:36:49,149 [INFO] IPUIPlugin:80 - create IPUIPlugin
2023-12-11 10:36:49,149 [INFO] IPUIPlugin:80 - create IPUIPlugin
2023-12-11 10:36:49,149 [INFO] IPUIPlugin:80 - create IPUIPlugin
2023-12-11 10:36:49,149 [INFO] IPUIPlugin:80 - create IPUIPlugin
2023-12-11 10:36:49,150 [INFO] IPUIPlugin:80 - create IPUIPlugin
2023-12-11 10:36:49,150 [INFO] IPUIPlugin:80 - create IPUIPlugin
2023-12-11 10:36:49,150 [INFO] IPUIPlugin:80 - create IPUIPlugin
2023-12-11 10:36:49,150 [INFO] IPUIPlugin:80 - create IPUIPlugin
2023-12-11 10:36:49,150 [INFO] IPUIPlugin:80 - create IPUIPlugin
2023-12-11 10:36:49,150 [INFO] IPUIPlugin:80 - create IPUIPlugin
2023-12-11 10:36:49,151 [INFO] IPUIPlugin:80 - create IPUIPlugin
2023-12-11 10:36:49,151 [INFO] IPUIPlugin:80 - create IPUIPlugin
2023-12-11 10:36:49,151 [INFO] IPUIPlugin:80 - create IPUIPlugin
2023-12-11 10:36:49,151 [INFO] IPUIPlugin:80 - create IPUIPlugin
2023-12-11 10:36:49,151 [INFO] IPUIPlugin:80 - create IPUIPlugin
2023-12-11 10:36:49,152 [INFO] IPUIPlugin:80 - create IPUIPlugin
2023-12-11 10:36:49,152 [INFO] IPUIPlugin:80 - create IPUIPlugin
2023-12-11 10:36:49,152 [INFO] IPUIPlugin:80 - create IPUIPlugin
2023-12-11 10:36:49,152 [INFO] IPUIPlugin:80 - create IPUIPlugin
2023-12-11 10:36:49,153 [INFO] IPUIPlugin:80 - create IPUIPlugin
2023-12-11 10:36:49,153 [INFO] IPUIPlugin:80 - create IPUIPlugin
2023-12-11 10:36:49,153 [INFO] IPUIPlugin:80 - create IPUIPlugin
2023-12-11 10:36:49,153 [INFO] IPUIPlugin:80 - create IPUIPlugin
2023-12-11 10:36:49,153 [INFO] IPUIPlugin:80 - create IPUIPlugin
2023-12-11 10:36:49,153 [INFO] IPUIPlugin:80 - create IPUIPlugin
2023-12-11 10:36:49,155 [INFO] IPUIPlugin:80 - create IPUIPlugin
2023-12-11 10:36:49,155 [INFO] IPUIPlugin:80 - create IPUIPlugin
2023-12-11 10:36:49,155 [INFO] IPUIPlugin:80 - create IPUIPlugin
2023-12-11 10:36:49,155 [INFO] IPUIPlugin:80 - create IPUIPlugin
2023-12-11 10:36:49,156 [INFO] IPUIPlugin:80 - create IPUIPlugin
2023-12-11 10:36:49,156 [INFO] IPUIPlugin:80 - create IPUIPlugin
2023-12-11 10:36:49,156 [INFO] IPUIPlugin:80 - create IPUIPlugin
2023-12-11 10:36:49,156 [INFO] IPUIPlugin:80 - create IPUIPlugin
2023-12-11 10:36:49,157 [INFO] IPUIPlugin:80 - create IPUIPlugin
2023-12-11 10:36:49,157 [INFO] IPUIPlugin:80 - create IPUIPlugin
2023-12-11 10:36:49,157 [INFO] IPUIPlugin:80 - create IPUIPlugin
2023-12-11 10:36:49,158 [INFO] IPUIPlugin:80 - create IPUIPlugin
2023-12-11 10:36:49,158 [INFO] IPUIPlugin:80 - create IPUIPlugin
2023-12-11 10:36:49,158 [INFO] IPUIPlugin:80 - create IPUIPlugin
2023-12-11 10:36:49,158 [INFO] IPUIPlugin:80 - create IPUIPlugin
2023-12-11 10:36:49,158 [INFO] IPUIPlugin:80 - create IPUIPlugin
2023-12-11 10:36:49,158 [INFO] IPUIPlugin:80 - create IPUIPlugin
2023-12-11 10:36:49,159 [INFO] IPUIPlugin:80 - create IPUIPlugin
2023-12-11 10:36:49,161 [INFO] IPUIPlugin:80 - create IPUIPlugin
2023-12-11 10:36:49,162 [INFO] IPUIPlugin:80 - create IPUIPlugin
2023-12-11 10:36:49,162 [INFO] IPUIPlugin:80 - create IPUIPlugin
2023-12-11 10:36:49,292 [INFO] ApiDbMcu:507 - Load IP Config File for PDM2PCM
2023-12-11 10:36:49,617 [INFO] CADModel:165 - CPN selected for project levelSTM32F407VGT6
2023-12-11 10:36:49,617 [INFO] CADModel:114 - Register for checkConnection events
2023-12-11 10:36:49,660 [INFO] OpenFileManager:328 - Restore cursor
2023-12-11 10:36:59,606 [ERROR] LogOutputStream:75 - [STDERR_REDIRECT] SLF4J: Failed to load class "org.slf4j.impl.StaticLoggerBinder".
2023-12-11 10:36:59,606 [ERROR] LogOutputStream:75 - [STDERR_REDIRECT] SLF4J: Defaulting to no-operation (NOP) logger implementation
2023-12-11 10:36:59,607 [ERROR] LogOutputStream:75 - [STDERR_REDIRECT] SLF4J: See http://www.slf4j.org/codes.html#StaticLoggerBinder for further details.
2023-12-11 11:01:50,101 [INFO] NvicIntPanel:101 - NVIC parent = com.st.microxplorer.plugins.ip.nvic.MultiNvicIntPanel[,0,0,0x0,invalid,layout=javax.swing.BoxLayout,alignmentX=0.0,alignmentY=0.0,border=,flags=9,maximumSize=,minimumSize=,preferredSize=]
2023-12-11 11:03:15,088 [INFO] UtilMem:75 - End SaveConfig() Used Memory: 884686032 Bytes (1073741824)
2023-12-11 11:03:16,265 [INFO] UtilMem:75 - End SaveConfig() Used Memory: 914481856 Bytes (1073741824)
2023-12-11 11:03:17,033 [INFO] UtilMem:75 - End SaveConfig() Used Memory: 960096960 Bytes (1073741824)
2023-12-11 11:03:17,572 [INFO] BlockDiagram:2759 - set Specific Code input for plugin: SPI
2023-12-11 11:03:17,572 [INFO] BlockDiagram:2759 - set Specific Code input for plugin: SYS
2023-12-11 11:03:17,572 [INFO] BlockDiagram:2759 - set Specific Code input for plugin: RCC
2023-12-11 11:03:17,572 [INFO] BlockDiagram:2759 - set Specific Code input for plugin: NVIC
2023-12-11 11:03:17,573 [INFO] BlockDiagram:2759 - set Specific Code input for plugin: GPIO
2023-12-11 11:03:17,575 [INFO] CodeGenerator:799 - code generatio: config db path: C:\ST\STM32CubeIDE_1.11.2\STM32CubeIDE\plugins\com.st.stm32cube.common.mx_6.9.2.202309101412\\db\
2023-12-11 11:03:17,916 [INFO] CodeEngine:255 - oldGeneratedFile, C:\Users\erkan\STM32CubeIDE\workspace_1.11.2\MFK_HAL_SPI_001\MXTmpFiles\license.tmp_save
2023-12-11 11:03:18,273 [INFO] CodeEngine:279 - Generated code: C:\Users\erkan\STM32CubeIDE\workspace_1.11.2\MFK_HAL_SPI_001\MXTmpFiles\license.tmp
2023-12-11 11:03:18,347 [INFO] CodeEngine:255 - oldGeneratedFile, C:\Users\erkan\STM32CubeIDE\workspace_1.11.2\MFK_HAL_SPI_001\MXTmpFiles\gpio.tmp_save
2023-12-11 11:03:18,486 [INFO] CodeEngine:279 - Generated code: C:\Users\erkan\STM32CubeIDE\workspace_1.11.2\MFK_HAL_SPI_001\MXTmpFiles\gpio.tmp
2023-12-11 11:03:18,614 [INFO] CodeEngine:255 - oldGeneratedFile, C:\Users\erkan\STM32CubeIDE\workspace_1.11.2\MFK_HAL_SPI_001\Core\Src\stm32f4xx_it.c_save
2023-12-11 11:03:18,765 [INFO] CodeEngine:279 - Generated code: C:\Users\erkan\STM32CubeIDE\workspace_1.11.2\MFK_HAL_SPI_001\Core\Src\stm32f4xx_it.c
2023-12-11 11:03:18,792 [INFO] CodeEngine:255 - oldGeneratedFile, C:\Users\erkan\STM32CubeIDE\workspace_1.11.2\MFK_HAL_SPI_001\Core\Inc\stm32f4xx_it.h_save
2023-12-11 11:03:18,896 [INFO] CodeEngine:279 - Generated code: C:\Users\erkan\STM32CubeIDE\workspace_1.11.2\MFK_HAL_SPI_001\Core\Inc\stm32f4xx_it.h
2023-12-11 11:03:18,934 [INFO] CodeEngine:255 - oldGeneratedFile, C:\Users\erkan\STM32CubeIDE\workspace_1.11.2\MFK_HAL_SPI_001\Core\Src\stm32f4xx_hal_msp.c_save
2023-12-11 11:03:19,063 [INFO] CodeEngine:279 - Generated code: C:\Users\erkan\STM32CubeIDE\workspace_1.11.2\MFK_HAL_SPI_001\Core\Src\stm32f4xx_hal_msp.c
2023-12-11 11:03:19,077 [INFO] CodeEngine:255 - oldGeneratedFile, C:\Users\erkan\STM32CubeIDE\workspace_1.11.2\MFK_HAL_SPI_001\MXTmpFiles\system.tmp_save
2023-12-11 11:03:19,154 [INFO] CodeEngine:279 - Generated code: C:\Users\erkan\STM32CubeIDE\workspace_1.11.2\MFK_HAL_SPI_001\MXTmpFiles\system.tmp
2023-12-11 11:03:19,186 [INFO] CodeEngine:311 - oldGeneratedFile, C:\Users\erkan\STM32CubeIDE\workspace_1.11.2\MFK_HAL_SPI_001\Core\Inc\stm32f4xx_hal_conf.h_save
2023-12-11 11:03:19,308 [INFO] CodeEngine:335 - Generated code: C:\Users\erkan\STM32CubeIDE\workspace_1.11.2\MFK_HAL_SPI_001\Core\Inc\stm32f4xx_hal_conf.h
2023-12-11 11:03:19,377 [INFO] CodeEngine:255 - oldGeneratedFile, C:\Users\erkan\STM32CubeIDE\workspace_1.11.2\MFK_HAL_SPI_001\Core\Inc\main.h_save
2023-12-11 11:03:19,499 [INFO] CodeEngine:279 - Generated code: C:\Users\erkan\STM32CubeIDE\workspace_1.11.2\MFK_HAL_SPI_001\Core\Inc\main.h
2023-12-11 11:03:19,522 [INFO] CodeEngine:255 - oldGeneratedFile, C:\Users\erkan\STM32CubeIDE\workspace_1.11.2\MFK_HAL_SPI_001\Core\Src\main.c_save
2023-12-11 11:03:19,671 [INFO] CodeEngine:279 - Generated code: C:\Users\erkan\STM32CubeIDE\workspace_1.11.2\MFK_HAL_SPI_001\Core\Src\main.c
2023-12-11 11:03:20,513 [INFO] ProjectBuilder:3064 - Time for Copy HAL[1] : 340mS.
2023-12-11 11:03:20,519 [INFO] ProjectBuilder:4404 - Project Generator version: 4.1.0
2023-12-11 11:03:20,704 [INFO] ConfigFileManager:1457 - The Die is : DIE413
2023-12-11 11:03:20,722 [INFO] ApiDbMcu:507 - Load IP Config File for FATFS
2023-12-11 11:03:20,736 [INFO] ApiDbMcu:507 - Load IP Config File for FREERTOS
2023-12-11 11:03:20,745 [INFO] ApiDbMcu:507 - Load IP Config File for LIBJPEG
2023-12-11 11:03:20,758 [INFO] ApiDbMcu:507 - Load IP Config File for LWIP
2023-12-11 11:03:20,774 [INFO] ApiDbMcu:507 - Load IP Config File for MBEDTLS
2023-12-11 11:03:20,789 [INFO] ApiDbMcu:507 - Load IP Config File for USB_DEVICE
2023-12-11 11:03:20,799 [INFO] ApiDbMcu:507 - Load IP Config File for USB_HOST
2023-12-11 11:03:21,979 [INFO] LogOutputStream:77 - [STDOUT_REDIRECT] 
2023-12-11 11:03:24,200 [INFO] ProjectBuilder:4626 - Time for Generating toolchain IDE Files: 3681mS.
2023-12-11 11:03:24,203 [INFO] ProjectBuilder:2935 - Time for Copy CMSIS : 2mS.
2023-12-11 11:03:24,206 [INFO] ProjectBuilder:2935 - Time for Copy CMSIS : 0mS.
2023-12-11 11:11:42,139 [INFO] UtilMem:75 - End SaveConfig() Used Memory: 808917712 Bytes (1073741824)
2023-12-11 11:11:43,237 [INFO] UtilMem:75 - End SaveConfig() Used Memory: 837229264 Bytes (1073741824)
2023-12-11 11:11:43,782 [INFO] UtilMem:75 - End SaveConfig() Used Memory: 883730488 Bytes (1073741824)
2023-12-11 11:11:44,098 [INFO] BlockDiagram:2759 - set Specific Code input for plugin: SPI
2023-12-11 11:11:44,098 [INFO] BlockDiagram:2759 - set Specific Code input for plugin: SYS
2023-12-11 11:11:44,098 [INFO] BlockDiagram:2759 - set Specific Code input for plugin: RCC
2023-12-11 11:11:44,098 [INFO] BlockDiagram:2759 - set Specific Code input for plugin: NVIC
2023-12-11 11:11:44,098 [INFO] BlockDiagram:2759 - set Specific Code input for plugin: GPIO
2023-12-11 11:11:44,100 [INFO] CodeGenerator:799 - code generatio: config db path: C:\ST\STM32CubeIDE_1.11.2\STM32CubeIDE\plugins\com.st.stm32cube.common.mx_6.9.2.202309101412\\db\
2023-12-11 11:11:44,275 [INFO] CodeEngine:255 - oldGeneratedFile, C:\Users\erkan\STM32CubeIDE\workspace_1.11.2\MFK_HAL_SPI_001\MXTmpFiles\license.tmp_save
2023-12-11 11:11:44,399 [INFO] CodeEngine:279 - Generated code: C:\Users\erkan\STM32CubeIDE\workspace_1.11.2\MFK_HAL_SPI_001\MXTmpFiles\license.tmp
2023-12-11 11:11:44,430 [INFO] CodeEngine:255 - oldGeneratedFile, C:\Users\erkan\STM32CubeIDE\workspace_1.11.2\MFK_HAL_SPI_001\MXTmpFiles\gpio.tmp_save
2023-12-11 11:11:44,577 [INFO] CodeEngine:279 - Generated code: C:\Users\erkan\STM32CubeIDE\workspace_1.11.2\MFK_HAL_SPI_001\MXTmpFiles\gpio.tmp
2023-12-11 11:11:44,639 [INFO] CodeEngine:255 - oldGeneratedFile, C:\Users\erkan\STM32CubeIDE\workspace_1.11.2\MFK_HAL_SPI_001\Core\Src\stm32f4xx_it.c_save
2023-12-11 11:11:44,839 [INFO] CodeEngine:279 - Generated code: C:\Users\erkan\STM32CubeIDE\workspace_1.11.2\MFK_HAL_SPI_001\Core\Src\stm32f4xx_it.c
2023-12-11 11:11:44,851 [INFO] CodeEngine:255 - oldGeneratedFile, C:\Users\erkan\STM32CubeIDE\workspace_1.11.2\MFK_HAL_SPI_001\Core\Inc\stm32f4xx_it.h_save
2023-12-11 11:11:44,954 [INFO] CodeEngine:279 - Generated code: C:\Users\erkan\STM32CubeIDE\workspace_1.11.2\MFK_HAL_SPI_001\Core\Inc\stm32f4xx_it.h
2023-12-11 11:11:44,980 [INFO] CodeEngine:255 - oldGeneratedFile, C:\Users\erkan\STM32CubeIDE\workspace_1.11.2\MFK_HAL_SPI_001\Core\Src\stm32f4xx_hal_msp.c_save
2023-12-11 11:11:45,091 [INFO] CodeEngine:279 - Generated code: C:\Users\erkan\STM32CubeIDE\workspace_1.11.2\MFK_HAL_SPI_001\Core\Src\stm32f4xx_hal_msp.c
2023-12-11 11:11:45,098 [INFO] CodeEngine:255 - oldGeneratedFile, C:\Users\erkan\STM32CubeIDE\workspace_1.11.2\MFK_HAL_SPI_001\MXTmpFiles\system.tmp_save
2023-12-11 11:11:45,157 [INFO] CodeEngine:279 - Generated code: C:\Users\erkan\STM32CubeIDE\workspace_1.11.2\MFK_HAL_SPI_001\MXTmpFiles\system.tmp
2023-12-11 11:11:45,181 [INFO] CodeEngine:311 - oldGeneratedFile, C:\Users\erkan\STM32CubeIDE\workspace_1.11.2\MFK_HAL_SPI_001\Core\Inc\stm32f4xx_hal_conf.h_save
2023-12-11 11:11:45,278 [INFO] CodeEngine:335 - Generated code: C:\Users\erkan\STM32CubeIDE\workspace_1.11.2\MFK_HAL_SPI_001\Core\Inc\stm32f4xx_hal_conf.h
2023-12-11 11:11:45,338 [INFO] CodeEngine:255 - oldGeneratedFile, C:\Users\erkan\STM32CubeIDE\workspace_1.11.2\MFK_HAL_SPI_001\Core\Inc\main.h_save
2023-12-11 11:11:45,433 [INFO] CodeEngine:279 - Generated code: C:\Users\erkan\STM32CubeIDE\workspace_1.11.2\MFK_HAL_SPI_001\Core\Inc\main.h
2023-12-11 11:11:45,450 [INFO] CodeEngine:255 - oldGeneratedFile, C:\Users\erkan\STM32CubeIDE\workspace_1.11.2\MFK_HAL_SPI_001\Core\Src\main.c_save
2023-12-11 11:11:45,536 [INFO] CodeEngine:279 - Generated code: C:\Users\erkan\STM32CubeIDE\workspace_1.11.2\MFK_HAL_SPI_001\Core\Src\main.c
2023-12-11 11:11:46,122 [INFO] ProjectBuilder:3064 - Time for Copy HAL[1] : 273mS.
2023-12-11 11:11:46,127 [INFO] ProjectBuilder:4404 - Project Generator version: 4.1.0
2023-12-11 11:11:46,355 [INFO] ConfigFileManager:1457 - The Die is : DIE413
2023-12-11 11:11:47,622 [INFO] ProjectBuilder:4626 - Time for Generating toolchain IDE Files: 1496mS.
2023-12-11 11:11:47,623 [INFO] ProjectBuilder:2935 - Time for Copy CMSIS : 0mS.
2023-12-11 11:11:47,629 [INFO] ProjectBuilder:2935 - Time for Copy CMSIS : 1mS.
2023-12-11 11:49:24,763 [ERROR] LogOutputStream:75 - [STDERR_REDIRECT] 
