2024-06-23 22:10:59,941 [INFO] Activator:176 - 


2024-06-23 22:10:59,950 [INFO] Activator:177 - !SESSION log4j initialized
2024-06-23 22:11:08,564 [INFO] LogOutputStream:77 - [STDOUT_REDIRECT] 
2024-06-23 22:11:10,917 [INFO] ApplicationProperties:184 - Using Application install path: C:\ST\STM32CubeIDE_1.11.2\STM32CubeIDE\plugins\com.st.stm32cube.common.mx_6.11.1.202404110753
2024-06-23 22:11:10,940 [INFO] DbMcusXml:78 - Set database path to: C:\ST\STM32CubeIDE_1.11.2\STM32CubeIDE\plugins\com.st.stm32cube.common.mx_6.11.1.202404110753\\db\/mcu/
2024-06-23 22:11:10,941 [INFO] ApiDb:274 - Set plugin database path to: C:\ST\STM32CubeIDE_1.11.2\STM32CubeIDE\plugins\com.st.stm32cube.common.mx_6.11.1.202404110753\\db\/plugins/boardmanager/
2024-06-23 22:11:10,942 [WARN] ApiDb:259 - Overriding images path with different value:  => C:\ST\STM32CubeIDE_1.11.2\STM32CubeIDE\plugins\com.st.stm32cube.common.mx_6.11.1.202404110753\\db\/plugins/mcufinder/images/
2024-06-23 22:11:10,960 [INFO] ApiDb:250 - Set database path to: C:\Users\erkan\.stmcufinder\plugins\mcufinder//mcu/
2024-06-23 22:11:10,962 [INFO] DbMcusAds:125 - Set database path to: C:\Users\erkan\.stmcufinder\plugins\mcufinder//mcu/
2024-06-23 22:11:10,964 [INFO] CrossReferenceDbSqlite:203 - Set database path to: C:\Users\erkan\.stmcufinder\plugins\mcufinder//mcu/cs/
2024-06-23 22:11:11,140 [INFO] RulesReader:64 - Compatibility file has been processed (297 Rules)
2024-06-23 22:11:11,265 [INFO] DbMcusXml:78 - Set database path to: C:\ST\STM32CubeIDE_1.11.2\STM32CubeIDE\plugins\com.st.stm32cube.common.mx_6.11.1.202404110753\\db\/mcu/
2024-06-23 22:11:11,265 [INFO] ApiDb:274 - Set plugin database path to: C:\ST\STM32CubeIDE_1.11.2\STM32CubeIDE\plugins\com.st.stm32cube.common.mx_6.11.1.202404110753\\db\/plugins/boardmanager/
2024-06-23 22:11:11,265 [INFO] ApiDb:261 - Set plugin images path to: C:\ST\STM32CubeIDE_1.11.2\STM32CubeIDE\plugins\com.st.stm32cube.common.mx_6.11.1.202404110753\\db\/plugins/mcufinder/images/
2024-06-23 22:11:11,265 [WARN] DbFile:41 - Overriding database path with different value: C:\Users\erkan\.stmcufinder\plugins\mcufinder/ => C:\Users\erkan\.stmcufinder\plugins\mcufinder
2024-06-23 22:11:11,265 [INFO] ApiDb:250 - Set database path to: C:\Users\erkan\.stmcufinder\plugins\mcufinder//mcu/
2024-06-23 22:11:11,265 [WARN] DbFile:41 - Overriding database path with different value: C:\Users\erkan\.stmcufinder\plugins\mcufinder/ => C:\Users\erkan\.stmcufinder\plugins\mcufinder
2024-06-23 22:11:11,265 [INFO] DbMcusAds:125 - Set database path to: C:\Users\erkan\.stmcufinder\plugins\mcufinder//mcu/
2024-06-23 22:11:11,266 [WARN] DbFile:41 - Overriding database path with different value: C:\Users\erkan\.stmcufinder\plugins\mcufinder/ => C:\Users\erkan\.stmcufinder\plugins\mcufinder
2024-06-23 22:11:11,266 [WARN] DbFile:41 - Overriding database path with different value: C:\Users\erkan\.stmcufinder\plugins\mcufinder/ => C:\Users\erkan\.stmcufinder\plugins\mcufinder
2024-06-23 22:11:11,266 [INFO] CrossReferenceDbSqlite:203 - Set database path to: C:\Users\erkan\.stmcufinder\plugins\mcufinder//mcu/cs/
2024-06-23 22:11:11,367 [INFO] MainPanel:264 - HeapMemory: 268435456
2024-06-23 22:11:11,488 [INFO] DbMcusXml:78 - Set database path to: C:\ST\STM32CubeIDE_1.11.2\STM32CubeIDE\plugins\com.st.stm32cube.common.mx_6.11.1.202404110753\\db\/mcu/
2024-06-23 22:11:11,488 [INFO] ApiDb:274 - Set plugin database path to: C:\ST\STM32CubeIDE_1.11.2\STM32CubeIDE\plugins\com.st.stm32cube.common.mx_6.11.1.202404110753\\db\/plugins/boardmanager/
2024-06-23 22:11:11,488 [INFO] ApiDb:261 - Set plugin images path to: C:\ST\STM32CubeIDE_1.11.2\STM32CubeIDE\plugins\com.st.stm32cube.common.mx_6.11.1.202404110753\\db\/plugins/mcufinder/images/
2024-06-23 22:11:11,488 [WARN] DbFile:41 - Overriding database path with different value: C:\Users\erkan\.stmcufinder\plugins\mcufinder/ => C:\Users\erkan\.stmcufinder\plugins\mcufinder
2024-06-23 22:11:11,488 [INFO] ApiDb:250 - Set database path to: C:\Users\erkan\.stmcufinder\plugins\mcufinder//mcu/
2024-06-23 22:11:11,488 [WARN] DbFile:41 - Overriding database path with different value: C:\Users\erkan\.stmcufinder\plugins\mcufinder/ => C:\Users\erkan\.stmcufinder\plugins\mcufinder
2024-06-23 22:11:11,489 [INFO] DbMcusAds:125 - Set database path to: C:\Users\erkan\.stmcufinder\plugins\mcufinder//mcu/
2024-06-23 22:11:11,489 [WARN] DbFile:41 - Overriding database path with different value: C:\Users\erkan\.stmcufinder\plugins\mcufinder/ => C:\Users\erkan\.stmcufinder\plugins\mcufinder
2024-06-23 22:11:11,489 [WARN] DbFile:41 - Overriding database path with different value: C:\Users\erkan\.stmcufinder\plugins\mcufinder/ => C:\Users\erkan\.stmcufinder\plugins\mcufinder
2024-06-23 22:11:11,489 [INFO] CrossReferenceDbSqlite:203 - Set database path to: C:\Users\erkan\.stmcufinder\plugins\mcufinder//mcu/cs/
2024-06-23 22:11:11,514 [INFO] ApplicationProperties:184 - Using Application install path: C:\ST\STM32CubeIDE_1.11.2\STM32CubeIDE\plugins\com.st.stm32cube.common.mx_6.11.1.202404110753
2024-06-23 22:11:11,516 [INFO] PluginManage:196 - Search for loadable plugins [exclusion list=, ]
2024-06-23 22:11:11,517 [INFO] PluginManage:310 - Check plugin analytics
2024-06-23 22:11:11,780 [INFO] AnalyticsPlugin:253 - Accepted Software Licenses: STM32CubeMX.6.9.2
2024-06-23 22:11:11,781 [INFO] AnalyticsPlugin:255 - Accepted CMSIS Pack Licenses: 
2024-06-23 22:11:11,781 [INFO] AnalyticsPlugin:257 - Accepted Firmware Licenses: 
2024-06-23 22:11:11,786 [INFO] PluginManage:359 - Loaded plugin analytics (category:tool,tabindex:-1)
2024-06-23 22:11:11,786 [INFO] PluginManage:310 - Check plugin cadmodel
2024-06-23 22:11:11,807 [INFO] CADModel:105 - Init CAD model plugin
2024-06-23 22:11:11,807 [INFO] PluginManage:359 - Loaded plugin cadmodel (category:power,tabindex:5)
2024-06-23 22:11:11,807 [INFO] PluginManage:310 - Check plugin clock
2024-06-23 22:11:11,843 [INFO] PluginManage:359 - Loaded plugin clock (category:base,tabindex:2)
2024-06-23 22:11:11,845 [INFO] PluginManage:310 - Check plugin ddr
2024-06-23 22:11:11,849 [INFO] PluginManage:359 - Loaded plugin ddr (category:tool,tabindex:6)
2024-06-23 22:11:11,849 [INFO] PluginManage:310 - Check plugin filemanager
2024-06-23 22:11:12,050 [INFO] PluginManage:359 - Loaded plugin filemanager (category:base,tabindex:10)
2024-06-23 22:11:12,050 [INFO] PluginManage:310 - Check plugin ipmanager
2024-06-23 22:11:12,066 [INFO] PluginManage:359 - Loaded plugin ipmanager (category:base,tabindex:5)
2024-06-23 22:11:12,066 [INFO] PluginManage:310 - Check plugin lpbam
2024-06-23 22:11:12,099 [INFO] PluginManage:359 - Loaded plugin lpbam (category:base,tabindex:0)
2024-06-23 22:11:12,100 [INFO] PluginManage:310 - Check plugin memorymap
2024-06-23 22:11:12,140 [INFO] PluginManage:359 - Loaded plugin memorymap (category:base,tabindex:4)
2024-06-23 22:11:12,141 [INFO] PluginManage:310 - Check plugin pinoutandconfiguration
2024-06-23 22:11:12,165 [INFO] PluginManage:359 - Loaded plugin pinoutandconfiguration (category:base,tabindex:1)
2024-06-23 22:11:12,166 [INFO] PluginManage:310 - Check plugin pinoutconfig
2024-06-23 22:11:12,302 [WARN] SupportedApi:132 - Cannot load RTOS API schema: s4s-elt-must-match.1: The content of 'definitions' must match (annotation?, (simpleType | complexType)?, (unique | key | keyref)*)). A problem was found starting at: attribute.
2024-06-23 22:11:12,549 [INFO] PluginManage:359 - Loaded plugin pinoutconfig (category:base,tabindex:0)
2024-06-23 22:11:12,549 [INFO] PluginManage:310 - Check plugin power
2024-06-23 22:11:12,576 [INFO] PluginManage:359 - Loaded plugin power (category:power,tabindex:4)
2024-06-23 22:11:12,577 [INFO] PluginManage:310 - Check plugin projectmanager
2024-06-23 22:11:12,601 [INFO] PluginManage:359 - Loaded plugin projectmanager (category:projectmanager,tabindex:3)
2024-06-23 22:11:12,601 [INFO] PluginManage:310 - Check plugin thirdparty
2024-06-23 22:11:13,043 [INFO] PluginManage:359 - Loaded plugin thirdparty (category:base,tabindex:-1)
2024-06-23 22:11:13,043 [WARN] IntegrityCheckThread:84 - waiting for thirdparty lock release [integrity check]
2024-06-23 22:11:13,043 [INFO] PluginManage:310 - Check plugin tools
2024-06-23 22:11:13,043 [INFO] IntegrityCheckThread:86 - entering critical section [integrity check]
2024-06-23 22:11:13,044 [INFO] ThirdPartyUpdaterWithRetryManager:70 - Updater plugin not ready yet. [1/15]
2024-06-23 22:11:13,122 [INFO] PluginManage:359 - Loaded plugin tools (category:base,tabindex:7)
2024-06-23 22:11:13,123 [INFO] PluginManage:310 - Check plugin tutovideos
2024-06-23 22:11:13,419 [INFO] PluginManage:359 - Loaded plugin tutovideos (category:base,tabindex:-1)
2024-06-23 22:11:13,419 [INFO] PluginManage:310 - Check plugin updater
2024-06-23 22:11:13,438 [INFO] PluginManage:359 - Loaded plugin updater (category:base,tabindex:12)
2024-06-23 22:11:13,439 [INFO] PluginManage:310 - Check plugin userauth
2024-06-23 22:11:13,450 [INFO] UserAuth:114 - Init User Auth plugin
2024-06-23 22:11:13,450 [INFO] PluginManage:359 - Loaded plugin userauth (category:base,tabindex:14)
2024-06-23 22:11:13,451 [INFO] PluginManage:283 - PluginManage : Loaded plugins [17]
2024-06-23 22:11:13,867 [INFO] PinOutPanel:1561 - setPackage(No Configuration,No Configuration)
2024-06-23 22:11:13,989 [INFO] CADModel:165 - CPN selected for project level
2024-06-23 22:11:13,989 [INFO] CADModel:114 - Register for checkConnection events
2024-06-23 22:11:14,029 [INFO] IPUIPlugin:80 - create IPUIPlugin
2024-06-23 22:11:14,029 [INFO] PluginManager:220 - loadIPPluginJar : add adc
2024-06-23 22:11:14,130 [INFO] IPUIPlugin:80 - create IPUIPlugin
2024-06-23 22:11:14,131 [INFO] PluginManager:220 - loadIPPluginJar : add aes
2024-06-23 22:11:14,241 [INFO] IPUIPlugin:80 - create IPUIPlugin
2024-06-23 22:11:14,241 [INFO] PluginManager:220 - loadIPPluginJar : add can
2024-06-23 22:11:14,280 [INFO] IPUIPlugin:80 - create IPUIPlugin
2024-06-23 22:11:14,280 [INFO] PluginManager:220 - loadIPPluginJar : add comp
2024-06-23 22:11:14,352 [INFO] IPUIPlugin:80 - create IPUIPlugin
2024-06-23 22:11:14,352 [INFO] PluginManager:220 - loadIPPluginJar : add cryp
2024-06-23 22:11:14,397 [INFO] IPUIPlugin:80 - create IPUIPlugin
2024-06-23 22:11:14,397 [INFO] PluginManager:220 - loadIPPluginJar : add dfsdm
2024-06-23 22:11:14,417 [INFO] IPUIPlugin:80 - create IPUIPlugin
2024-06-23 22:11:14,418 [INFO] PluginManager:220 - loadIPPluginJar : add dma
2024-06-23 22:11:14,492 [INFO] IPUIPlugin:80 - create IPUIPlugin
2024-06-23 22:11:14,492 [INFO] PluginManager:220 - loadIPPluginJar : add dma3
2024-06-23 22:11:14,557 [INFO] IPUIPlugin:80 - create IPUIPlugin
2024-06-23 22:11:14,558 [INFO] PluginManager:220 - loadIPPluginJar : add extmemmanager
2024-06-23 22:11:14,596 [INFO] IPUIPlugin:80 - create IPUIPlugin
2024-06-23 22:11:14,596 [INFO] PluginManager:220 - loadIPPluginJar : add fatfs
2024-06-23 22:11:14,669 [INFO] IPUIPlugin:80 - create IPUIPlugin
2024-06-23 22:11:14,670 [INFO] PluginManager:220 - loadIPPluginJar : add fmc
2024-06-23 22:11:14,692 [INFO] IPUIPlugin:80 - create IPUIPlugin
2024-06-23 22:11:14,693 [INFO] PluginManager:220 - loadIPPluginJar : add freertos
2024-06-23 22:11:14,723 [INFO] IPUIPlugin:80 - create IPUIPlugin
2024-06-23 22:11:14,724 [INFO] PluginManager:220 - loadIPPluginJar : add genericplugin
2024-06-23 22:11:14,876 [INFO] IPUIPlugin:80 - create IPUIPlugin
2024-06-23 22:11:14,877 [INFO] PluginManager:220 - loadIPPluginJar : add gfxmmu
2024-06-23 22:11:15,100 [INFO] IPUIPlugin:80 - create IPUIPlugin
2024-06-23 22:11:15,101 [INFO] PluginManager:220 - loadIPPluginJar : add gic
2024-06-23 22:11:15,119 [INFO] IPUIPlugin:80 - create IPUIPlugin
2024-06-23 22:11:15,120 [INFO] PluginManager:220 - loadIPPluginJar : add gpio
2024-06-23 22:11:15,246 [INFO] IPUIPlugin:80 - create IPUIPlugin
2024-06-23 22:11:15,246 [INFO] PluginManager:220 - loadIPPluginJar : add gtzc
2024-06-23 22:11:15,295 [INFO] IPUIPlugin:80 - create IPUIPlugin
2024-06-23 22:11:15,295 [INFO] PluginManager:220 - loadIPPluginJar : add hash
2024-06-23 22:11:15,369 [INFO] IPUIPlugin:80 - create IPUIPlugin
2024-06-23 22:11:15,370 [INFO] PluginManager:220 - loadIPPluginJar : add i2c
2024-06-23 22:11:15,423 [INFO] IPUIPlugin:80 - create IPUIPlugin
2024-06-23 22:11:15,424 [INFO] PluginManager:220 - loadIPPluginJar : add i2s
2024-06-23 22:11:15,480 [INFO] IPUIPlugin:80 - create IPUIPlugin
2024-06-23 22:11:15,480 [INFO] PluginManager:220 - loadIPPluginJar : add i3c
2024-06-23 22:11:15,611 [INFO] IPUIPlugin:80 - create IPUIPlugin
2024-06-23 22:11:15,612 [INFO] PluginManager:220 - loadIPPluginJar : add ipddr
2024-06-23 22:11:15,745 [INFO] IPUIPlugin:80 - create IPUIPlugin
2024-06-23 22:11:15,745 [INFO] PluginManager:220 - loadIPPluginJar : add linkedlist
2024-06-23 22:11:15,797 [INFO] IPUIPlugin:80 - create IPUIPlugin
2024-06-23 22:11:15,798 [INFO] PluginManager:220 - loadIPPluginJar : add lorawan
2024-06-23 22:11:15,850 [INFO] IPUIPlugin:80 - create IPUIPlugin
2024-06-23 22:11:15,850 [INFO] PluginManager:220 - loadIPPluginJar : add ltdc
2024-06-23 22:11:15,869 [INFO] IPUIPlugin:80 - create IPUIPlugin
2024-06-23 22:11:15,869 [INFO] PluginManager:220 - loadIPPluginJar : add mdma
2024-06-23 22:11:15,885 [INFO] IPUIPlugin:80 - create IPUIPlugin
2024-06-23 22:11:15,886 [INFO] PluginManager:220 - loadIPPluginJar : add nvic
2024-06-23 22:11:15,938 [INFO] IPUIPlugin:80 - create IPUIPlugin
2024-06-23 22:11:15,938 [INFO] PluginManager:220 - loadIPPluginJar : add opamp
2024-06-23 22:11:16,013 [INFO] IPUIPlugin:80 - create IPUIPlugin
2024-06-23 22:11:16,013 [INFO] PluginManager:220 - loadIPPluginJar : add openamp
2024-06-23 22:11:16,045 [INFO] ThirdPartyUpdaterWithRetryManager:70 - Updater plugin not ready yet. [2/15]
2024-06-23 22:11:16,065 [INFO] IPUIPlugin:80 - create IPUIPlugin
2024-06-23 22:11:16,065 [INFO] PluginManager:220 - loadIPPluginJar : add pdm2pcm
2024-06-23 22:11:16,082 [INFO] IPUIPlugin:80 - create IPUIPlugin
2024-06-23 22:11:16,086 [INFO] PluginManager:220 - loadIPPluginJar : add plateformsettings
2024-06-23 22:11:16,118 [INFO] IPUIPlugin:80 - create IPUIPlugin
2024-06-23 22:11:16,118 [INFO] PluginManager:220 - loadIPPluginJar : add quadspi
2024-06-23 22:11:16,135 [INFO] IPUIPlugin:80 - create IPUIPlugin
2024-06-23 22:11:16,135 [INFO] PluginManager:220 - loadIPPluginJar : add resmgrutility
2024-06-23 22:11:16,195 [INFO] IPUIPlugin:80 - create IPUIPlugin
2024-06-23 22:11:16,195 [INFO] PluginManager:220 - loadIPPluginJar : add sai
2024-06-23 22:11:16,253 [INFO] IPUIPlugin:80 - create IPUIPlugin
2024-06-23 22:11:16,253 [INFO] PluginManager:220 - loadIPPluginJar : add spi
2024-06-23 22:11:16,344 [INFO] IPUIPlugin:80 - create IPUIPlugin
2024-06-23 22:11:16,344 [INFO] PluginManager:220 - loadIPPluginJar : add stm32_wpan
2024-06-23 22:11:16,379 [INFO] IPUIPlugin:80 - create IPUIPlugin
2024-06-23 22:11:16,379 [INFO] PluginManager:220 - loadIPPluginJar : add tim
2024-06-23 22:11:16,466 [INFO] IPUIPlugin:80 - create IPUIPlugin
2024-06-23 22:11:16,466 [INFO] PluginManager:220 - loadIPPluginJar : add touchsensing
2024-06-23 22:11:16,505 [INFO] IPUIPlugin:80 - create IPUIPlugin
2024-06-23 22:11:16,505 [INFO] PluginManager:220 - loadIPPluginJar : add tracer_emb
2024-06-23 22:11:16,544 [INFO] IPUIPlugin:80 - create IPUIPlugin
2024-06-23 22:11:16,545 [INFO] PluginManager:220 - loadIPPluginJar : add ts
2024-06-23 22:11:16,581 [INFO] IPUIPlugin:80 - create IPUIPlugin
2024-06-23 22:11:16,581 [INFO] PluginManager:220 - loadIPPluginJar : add tsc
2024-06-23 22:11:16,613 [INFO] IPUIPlugin:80 - create IPUIPlugin
2024-06-23 22:11:16,613 [INFO] PluginManager:220 - loadIPPluginJar : add ucpd
2024-06-23 22:11:16,676 [INFO] IPUIPlugin:80 - create IPUIPlugin
2024-06-23 22:11:16,676 [INFO] PluginManager:220 - loadIPPluginJar : add usart
2024-06-23 22:11:16,738 [INFO] IPUIPlugin:80 - create IPUIPlugin
2024-06-23 22:11:16,739 [INFO] PluginManager:220 - loadIPPluginJar : add usbx
2024-06-23 22:11:16,931 [INFO] CADModel:165 - CPN selected for project level
2024-06-23 22:11:16,932 [INFO] CADModel:114 - Register for checkConnection events
2024-06-23 22:11:16,932 [FATAL] Updater:308 - Updater called before beeing initialized
2024-06-23 22:11:16,932 [ERROR] CADModel:125 - Updater not yet initialized, retry later 
2024-06-23 22:11:17,176 [INFO] CADModel:165 - CPN selected for project level
2024-06-23 22:11:17,176 [INFO] CADModel:114 - Register for checkConnection events
2024-06-23 22:11:17,176 [FATAL] Updater:308 - Updater called before beeing initialized
2024-06-23 22:11:17,177 [ERROR] CADModel:125 - Updater not yet initialized, retry later 
2024-06-23 22:11:17,184 [FATAL] Updater:308 - Updater called before beeing initialized
2024-06-23 22:11:17,321 [FATAL] Updater:308 - Updater called before beeing initialized
2024-06-23 22:11:17,330 [INFO] DbMcusAds:53 - JSON generation date=Thu May 16 11:22:00 CEST 2024 (1715851320852)
2024-06-23 22:11:17,330 [FATAL] Updater:308 - Updater called before beeing initialized
2024-06-23 22:11:17,371 [WARN] DetailPanel:346 - Failed to get advertising image, set to default
2024-06-23 22:11:17,463 [FATAL] Updater:308 - Updater called before beeing initialized
2024-06-23 22:11:17,464 [FATAL] Updater:308 - Updater called before beeing initialized
2024-06-23 22:11:17,464 [FATAL] Updater:308 - Updater called before beeing initialized
2024-06-23 22:11:17,464 [WARN] DetailPanel:346 - Failed to get advertising image, set to default
2024-06-23 22:11:17,466 [FATAL] Updater:308 - Updater called before beeing initialized
2024-06-23 22:11:17,536 [ERROR] Updater:1120 - MainUpdater not yet initialized. External WinMGr cannot be set.
2024-06-23 22:11:17,548 [INFO] Updater:1056 - Updater Version found : 6.11.1
2024-06-23 22:11:17,570 [INFO] ApplicationProperties:184 - Using Application install path: C:\ST\STM32CubeIDE_1.11.2\STM32CubeIDE\plugins\com.st.stm32cube.common.mx_6.11.1.202404110753
2024-06-23 22:11:18,101 [INFO] MainUpdater:2873 - connection check result : 10
2024-06-23 22:11:18,101 [INFO] MainUpdater:3567 - Updater definition file requires update
2024-06-23 22:11:18,102 [INFO] MainUpdater:290 - Updater Check For Update Now.
2024-06-23 22:11:18,103 [INFO] MicroXplorer:498 - Change Database Version : DB.6.0.111
2024-06-23 22:11:18,128 [INFO] McuFinderGlobals:63 - Set McuFinder mode to 2 (CubeIDE integrated)
2024-06-23 22:11:18,129 [INFO] UserAuth:179 - activating auth plugin
2024-06-23 22:11:18,134 [INFO] UserAuth:415 - Internet connection configuration mode: 1
2024-06-23 22:11:18,177 [INFO] JxBrowserEngine:152 - Initiate JxBrowser Engine with user profile folder
2024-06-23 22:11:18,217 [INFO] ServerAccessManage:473 - Download File updaters.zip
2024-06-23 22:11:18,313 [INFO] FileExtend:240 - Unzip File : updaters.zip
2024-06-23 22:11:18,314 [INFO] FileExtend:255 - Standard Zip Deflate
2024-06-23 22:11:19,060 [WARN] MainUpdater:1194 - Updater busy. Cannot search thirdparties
2024-06-23 22:11:19,061 [INFO] ThirdPartyUpdaterWithRetryManager:96 - Updater plugin is busy. [1/15]
2024-06-23 22:11:19,657 [INFO] ServerAccessManage:473 - Download File PacksControlFlags.xml
2024-06-23 22:11:19,832 [INFO] ServerAccessManage:473 - Download File cubemx.pidx
2024-06-23 22:11:20,035 [INFO] LoadServerUpdatesThread:375 - End of LoadServerUpdate Thread
2024-06-23 22:11:20,233 [INFO] CheckServerUpdateThread:120 - End of CheckServer Thread
2024-06-23 22:11:22,452 [WARN] PackLoader:240 - Cannot read IP mode file for STMicroelectronics.FP-SNS-MOTENVWB1.1.4.0
2024-06-23 22:11:22,477 [WARN] PackLoader:240 - Cannot read IP mode file for STMicroelectronics.X-CUBE-SMBUS.2.1.0
2024-06-23 22:11:22,494 [WARN] PackLoader:240 - Cannot read IP mode file for STMicroelectronics.X-CUBE-TOUCHGFX.4.23.0
2024-06-23 22:11:22,507 [WARN] PackLoader:240 - Cannot read IP mode file for STMicroelectronics.X-CUBE-TOUCHGFX.4.23.2
2024-06-23 22:11:22,552 [WARN] PackLoader:240 - Cannot read IP mode file for STMicroelectronics.X-CUBE-AZRTOS-F7.1.1.0
2024-06-23 22:11:22,575 [WARN] PackLoader:240 - Cannot read IP mode file for STMicroelectronics.FP-SNS-MOTENV1.4.3.2
2024-06-23 22:11:22,599 [WARN] PackLoader:240 - Cannot read IP mode file for STMicroelectronics.X-CUBE-BLE1.6.2.4
2024-06-23 22:11:22,614 [WARN] PackLoader:240 - Cannot read IP mode file for STMicroelectronics.FP-SNS-FLIGHT1.5.0.2
2024-06-23 22:11:22,633 [WARN] PackLoader:240 - Cannot read IP mode file for STMicroelectronics.X-CUBE-DISPLAY.3.0.0
2024-06-23 22:11:22,653 [WARN] PackLoader:240 - Cannot read IP mode file for STMicroelectronics.X-CUBE-BLE1.7.0.0
2024-06-23 22:11:22,666 [WARN] PackLoader:240 - Cannot read IP mode file for STMicroelectronics.X-CUBE-TOUCHGFX.4.22.0
2024-06-23 22:11:22,677 [WARN] PackLoader:240 - Cannot read IP mode file for STMicroelectronics.X-CUBE-TOUCHGFX.4.22.1
2024-06-23 22:11:22,694 [WARN] PackLoader:240 - Cannot read IP mode file for STMicroelectronics.X-CUBE-BLEMGR.3.1.0
2024-06-23 22:11:22,710 [WARN] PackLoader:240 - Cannot read IP mode file for STMicroelectronics.FP-SNS-SMARTAG2.1.2.0
2024-06-23 22:11:22,729 [INFO] LogOutputStream:77 - [STDOUT_REDIRECT] 1 : Invalid condition id : UX_CORESTACK_Condition cause : null
2024-06-23 22:11:22,730 [INFO] LogOutputStream:77 - [STDOUT_REDIRECT] 1 : Invalid condition id : UX_CORESTACK_Condition cause : null
2024-06-23 22:11:22,731 [INFO] LogOutputStream:77 - [STDOUT_REDIRECT] 1 : Invalid condition id : UX_CORESTACK_Condition cause : null
2024-06-23 22:11:22,733 [INFO] LogOutputStream:77 - [STDOUT_REDIRECT] 1 : Invalid condition id : UX_CORESTACK_Condition cause : null
2024-06-23 22:11:22,734 [INFO] LogOutputStream:77 - [STDOUT_REDIRECT] 1 : Invalid condition id : UX_CORESTACK_Condition cause : null
2024-06-23 22:11:22,736 [WARN] PackLoader:240 - Cannot read IP mode file for STMicroelectronics.X-CUBE-AZRTOS-WL.2.0.0
2024-06-23 22:11:22,750 [WARN] PackLoader:240 - Cannot read IP mode file for STMicroelectronics.FP-SNS-MOTENV1.5.0.0
2024-06-23 22:11:22,767 [WARN] PackLoader:240 - Cannot read IP mode file for WES.I-CUBE-Cesium.1.3.0
2024-06-23 22:11:22,780 [WARN] PackLoader:240 - Cannot read IP mode file for STMicroelectronics.X-CUBE-BLE2.3.3.0
2024-06-23 22:11:22,800 [WARN] PackLoader:240 - Cannot read IP mode file for STMicroelectronics.X-CUBE-TOF1.3.2.0
2024-06-23 22:11:22,822 [WARN] PackLoader:240 - Cannot read IP mode file for STMicroelectronics.X-CUBE-TCPP.4.1.0
2024-06-23 22:11:22,836 [WARN] PackLoader:240 - Cannot read IP mode file for STMicroelectronics.X-CUBE-TOUCHGFX.4.21.1
2024-06-23 22:11:22,850 [WARN] PackLoader:240 - Cannot read IP mode file for STMicroelectronics.X-CUBE-AI.7.3.0
2024-06-23 22:11:22,867 [WARN] PackLoader:240 - Cannot read IP mode file for STMicroelectronics.X-CUBE-ALGOBUILD.1.3.0
2024-06-23 22:11:22,906 [WARN] PackLoader:240 - Cannot read IP mode file for STMicroelectronics.X-CUBE-AZRTOS-G0.1.1.0
2024-06-23 22:11:22,930 [WARN] PackLoader:240 - Cannot read IP mode file for STMicroelectronics.X-CUBE-SAFEA1.1.2.2
2024-06-23 22:11:22,949 [WARN] PackLoader:240 - Cannot read IP mode file for STMicroelectronics.X-CUBE-NFC4.3.0.0
2024-06-23 22:11:22,969 [WARN] PackLoader:240 - Cannot read IP mode file for wolfSSL.I-CUBE-wolfMQTT.1.18.0
2024-06-23 22:11:22,987 [WARN] PackLoader:240 - Cannot read IP mode file for STMicroelectronics.X-CUBE-BLEMGR.3.0.0
2024-06-23 22:11:23,007 [WARN] PackLoader:240 - Cannot read IP mode file for STMicroelectronics.X-CUBE-BLEMGR.1.3.0
2024-06-23 22:11:23,022 [WARN] PackLoader:240 - Cannot read IP mode file for STMicroelectronics.FP-ATR-SIGFOX1.3.2.0
2024-06-23 22:11:23,037 [WARN] PackLoader:240 - Cannot read IP mode file for STMicroelectronics.X-CUBE-EEPRMA1.5.1.0
2024-06-23 22:11:23,097 [WARN] PackLoader:240 - Cannot read IP mode file for STMicroelectronics.X-CUBE-MEMS1.9.5.0
2024-06-23 22:11:23,298 [WARN] PackLoader:240 - Cannot read IP mode file for SEGGER.I-CUBE-embOS.1.3.1
2024-06-23 22:11:23,352 [WARN] PackLoader:240 - Cannot read IP mode file for STMicroelectronics.X-CUBE-ALGOBUILD.1.4.0
2024-06-23 22:11:23,369 [WARN] PackLoader:240 - Cannot read IP mode file for STMicroelectronics.X-CUBE-GNSS1.6.0.0
2024-06-23 22:11:23,403 [WARN] PackLoader:240 - Cannot read IP mode file for STMicroelectronics.X-CUBE-AZRTOS-F4.1.1.0
2024-06-23 22:11:23,424 [WARN] PackLoader:240 - Cannot read IP mode file for STMicroelectronics.X-CUBE-FREERTOS.1.2.0
2024-06-23 22:11:23,457 [WARN] PackLoader:240 - Cannot read IP mode file for STMicroelectronics.X-CUBE-AZRTOS-L5.2.0.0
2024-06-23 22:11:23,520 [WARN] PackLoader:240 - Cannot read IP mode file for STMicroelectronics.X-CUBE-MEMS1.9.6.0
2024-06-23 22:11:23,680 [WARN] PackLoader:240 - Cannot read IP mode file for STMicroelectronics.X-CUBE-EEPRMA1.4.2.0
2024-06-23 22:11:23,708 [WARN] PackLoader:240 - Cannot read IP mode file for STMicroelectronics.X-CUBE-NFC6.3.1.0
2024-06-23 22:11:23,726 [WARN] PackLoader:240 - Cannot read IP mode file for ITTIA_DB.I-CUBE-ITTIADB.8.8.0
2024-06-23 22:11:23,759 [WARN] PackLoader:240 - Cannot read IP mode file for emotas.I-CUBE-CANOPEN.1.1.3
2024-06-23 22:11:23,788 [WARN] PackLoader:240 - Cannot read IP mode file for STMicroelectronics.X-CUBE-BLEMGR.2.0.0
2024-06-23 22:11:23,812 [WARN] PackLoader:240 - Cannot read IP mode file for STMicroelectronics.X-CUBE-AI.9.0.0
2024-06-23 22:11:23,878 [WARN] ConditionMgr:438 - getConditionDescription Invalid condition id : UX DEVICE CLASS RTOS Condition cause : null
2024-06-23 22:11:23,879 [WARN] ConditionMgr:438 - getConditionDescription Invalid condition id : UX DEVICE CLASS RTOS Condition cause : null
2024-06-23 22:11:23,882 [WARN] PackLoader:240 - Cannot read IP mode file for STMicroelectronics.X-CUBE-AZRTOS-H7.3.1.0
2024-06-23 22:11:23,883 [WARN] ConditionMgr:1039 - genDependencies : Invalid condition id : UX DEVICE CLASS RTOS Condition cause : null
2024-06-23 22:11:23,883 [WARN] ConditionMgr:1039 - genDependencies : Invalid condition id : UX DEVICE CLASS RTOS Condition cause : null
2024-06-23 22:11:23,885 [WARN] ConditionMgr:1039 - genDependencies : Invalid condition id : UX DEVICE CLASS RTOS Condition cause : null
2024-06-23 22:11:23,886 [WARN] ConditionMgr:1039 - genDependencies : Invalid condition id : UX DEVICE CLASS RTOS Condition cause : null
2024-06-23 22:11:23,886 [WARN] ConditionMgr:1039 - genDependencies : Invalid condition id : UX DEVICE CLASS RTOS Condition cause : null
2024-06-23 22:11:23,904 [WARN] PackLoader:240 - Cannot read IP mode file for wolfSSL.I-CUBE-wolfSSL.5.5.4
2024-06-23 22:11:23,920 [WARN] PackLoader:240 - Cannot read IP mode file for STMicroelectronics.X-CUBE-NFC7.1.0.1
2024-06-23 22:11:23,936 [WARN] PackLoader:240 - Cannot read IP mode file for STMicroelectronics.X-CUBE-NFC7.1.0.0
2024-06-23 22:11:23,955 [WARN] PackLoader:240 - Cannot read IP mode file for STMicroelectronics.X-CUBE-NFC6.3.0.0
2024-06-23 22:11:23,975 [WARN] PackLoader:240 - Cannot read IP mode file for STMicroelectronics.X-CUBE-EEPRMA1.4.1.0
2024-06-23 22:11:23,990 [WARN] PackLoader:240 - Cannot read IP mode file for STMicroelectronics.X-CUBE-AI.8.1.0
2024-06-23 22:11:24,027 [WARN] ConditionMgr:438 - getConditionDescription Invalid condition id : LAN8742 Phy interface Condition cause : null
2024-06-23 22:11:24,028 [WARN] PackLoader:240 - Cannot read IP mode file for STMicroelectronics.X-CUBE-AZRTOS-L4.2.0.0
2024-06-23 22:11:24,030 [WARN] ConditionMgr:1039 - genDependencies : Invalid condition id : LAN8742 Phy interface Condition cause : null
2024-06-23 22:11:24,030 [WARN] ConditionMgr:1039 - genDependencies : Invalid condition id : LAN8742 Phy interface Condition cause : null
2024-06-23 22:11:24,031 [WARN] ConditionMgr:1039 - genDependencies : Invalid condition id : LAN8742 Phy interface Condition cause : null
2024-06-23 22:11:24,056 [WARN] PackLoader:240 - Cannot read IP mode file for STMicroelectronics.X-CUBE-SFXS2LP1.4.0.0
2024-06-23 22:11:24,154 [WARN] PackLoader:240 - Cannot read IP mode file for STMicroelectronics.X-CUBE-AZRTOS-H7.3.0.0
2024-06-23 22:11:24,182 [WARN] PackLoader:240 - Cannot read IP mode file for STMicroelectronics.X-CUBE-ISPU.1.1.0
2024-06-23 22:11:24,208 [WARN] PackLoader:240 - Cannot read IP mode file for RoweBots.I-CUBE-UNISONRTOS.5.5.0-4
2024-06-23 22:11:24,223 [WARN] PackLoader:240 - Cannot read IP mode file for STMicroelectronics.X-CUBE-AI.8.0.0
2024-06-23 22:11:24,252 [WARN] ConditionMgr:438 - getConditionDescription Invalid condition id : UX DEVICE CLASS RTOS Condition cause : null
2024-06-23 22:11:24,252 [WARN] ConditionMgr:438 - getConditionDescription Invalid condition id : UX DEVICE CLASS RTOS Condition cause : null
2024-06-23 22:11:24,255 [WARN] PackLoader:240 - Cannot read IP mode file for STMicroelectronics.X-CUBE-AZRTOS-WB.2.0.0
2024-06-23 22:11:24,255 [WARN] ConditionMgr:1039 - genDependencies : Invalid condition id : UX DEVICE CLASS RTOS Condition cause : null
2024-06-23 22:11:24,255 [WARN] ConditionMgr:1039 - genDependencies : Invalid condition id : UX DEVICE CLASS RTOS Condition cause : null
2024-06-23 22:11:24,256 [WARN] ConditionMgr:1039 - genDependencies : Invalid condition id : UX DEVICE CLASS RTOS Condition cause : null
2024-06-23 22:11:24,256 [WARN] ConditionMgr:1039 - genDependencies : Invalid condition id : UX DEVICE CLASS RTOS Condition cause : null
2024-06-23 22:11:24,256 [WARN] ConditionMgr:1039 - genDependencies : Invalid condition id : UX DEVICE CLASS RTOS Condition cause : null
2024-06-23 22:11:24,274 [WARN] PackLoader:240 - Cannot read IP mode file for STMicroelectronics.X-CUBE-FREERTOS.1.0.1
2024-06-23 22:11:24,302 [WARN] PackLoader:240 - Cannot read IP mode file for STMicroelectronics.X-CUBE-AZRTOS-L5.1.1.0
2024-06-23 22:11:24,329 [WARN] PackLoader:240 - Cannot read IP mode file for STMicroelectronics.X-CUBE-SUBG2.5.0.0
2024-06-23 22:11:24,361 [WARN] PackLoader:240 - Cannot read IP mode file for STMicroelectronics.X-CUBE-TOF1.3.3.1
2024-06-23 22:11:24,397 [WARN] PackLoader:240 - Cannot read IP mode file for STMicroelectronics.X-CUBE-AZRTOS-G4.2.0.0
2024-06-23 22:11:24,398 [INFO] WebApp:161 - Instantiating new browser for Auth
2024-06-23 22:11:24,425 [WARN] PackLoader:240 - Cannot read IP mode file for STMicroelectronics.FP-ATR-ASTRA1.1.1.1
2024-06-23 22:11:24,474 [WARN] PackLoader:240 - Cannot read IP mode file for Infineon.AIROC-Wi-Fi-Bluetooth-STM32.1.5.1
2024-06-23 22:11:24,493 [WARN] PackLoader:240 - Cannot read IP mode file for STMicroelectronics.FP-SNS-MOTENVWB1.1.3.0
2024-06-23 22:11:24,509 [WARN] PackLoader:240 - Cannot read IP mode file for STMicroelectronics.FP-SNS-MOTENVWB1.1.3.1
2024-06-23 22:11:24,538 [WARN] PackLoader:240 - Cannot read IP mode file for STMicroelectronics.X-CUBE-AZRTOS-G4.1.0.0
2024-06-23 22:11:24,573 [WARN] PackLoader:240 - Cannot read IP mode file for STMicroelectronics.X-CUBE-AZRTOS-L4.1.0.0
2024-06-23 22:11:24,592 [WARN] PackLoader:240 - Cannot read IP mode file for STMicroelectronics.X-CUBE-ISPU.2.0.0
2024-06-23 22:11:24,611 [WARN] PackLoader:240 - Cannot read IP mode file for STMicroelectronics.X-CUBE-ALS.1.0.2
2024-06-23 22:11:24,666 [WARN] PackLoader:240 - Cannot read IP mode file for STMicroelectronics.X-CUBE-MEMS1.10.0.0
2024-06-23 22:11:24,784 [WARN] PackLoader:240 - Cannot read IP mode file for STMicroelectronics.X-CUBE-FREERTOS.1.1.0
2024-06-23 22:11:24,812 [WARN] PackLoader:240 - Cannot read IP mode file for STMicroelectronics.X-CUBE-AZRTOS-WL.1.0.0
2024-06-23 22:11:24,850 [WARN] PackLoader:240 - Cannot read IP mode file for portGmbH.I-Cube-SoM-uGOAL.1.1.0
2024-06-23 22:11:24,894 [WARN] PackLoader:240 - Cannot read IP mode file for STMicroelectronics.X-CUBE-ALS.1.0.1
2024-06-23 22:11:24,930 [WARN] PackLoader:240 - Cannot read IP mode file for STMicroelectronics.X-CUBE-AZRTOS-WB.1.1.0
2024-06-23 22:11:24,980 [WARN] PackLoader:240 - Cannot read IP mode file for STMicroelectronics.X-CUBE-AZRTOS-H7RS.1.0.0
2024-06-23 22:11:25,005 [WARN] PackLoader:240 - Cannot read IP mode file for STMicroelectronics.FP-ATR-ASTRA1.2.0.0
2024-06-23 22:11:25,038 [WARN] PackLoader:240 - Cannot read IP mode file for STMicroelectronics.X-CUBE-TOF1.3.4.0
2024-06-23 22:11:25,082 [WARN] PackLoader:240 - Cannot read IP mode file for STMicroelectronics.X-CUBE-TOF1.3.4.1
2024-06-23 22:11:25,142 [WARN] PackLoader:240 - Cannot read IP mode file for STMicroelectronics.X-CUBE-AZRTOS-H7.3.2.0
2024-06-23 22:11:25,148 [INFO] ThirdParty:978 - Integrity check success = true
2024-06-23 22:11:25,148 [INFO] IntegrityCheckThread:100 - exiting critical section [integrity check]
2024-06-23 22:11:25,149 [INFO] IntegrityCheckThread:103 - End integrity checks thread
2024-06-23 22:11:25,546 [INFO] WebApp:779 - Register for checkConnection events
2024-06-23 22:11:25,546 [INFO] WebApp:414 - Apply proxy settings
2024-06-23 22:11:25,547 [INFO] WebApp:499 - Chromium requires no authentication
2024-06-23 22:11:25,563 [INFO] WebApp:442 - Direct internet connection detected
2024-06-23 22:11:25,832 [INFO] WebApp:192 - Starting web application
2024-06-23 22:11:25,832 [INFO] WebApp:544 - Web application path used C:\ST\STM32CubeIDE_1.11.2\STM32CubeIDE\plugins\com.st.stm32cube.common.mx_6.11.1.202404110753\db\plugins\mcufinder\reactClient1\index.html
