2024-03-17 01:04:21,317 [ERROR] LogOutputStream:75 - [STDERR_REDIRECT] 
2024-03-17 16:29:08,797 [INFO] Activator:176 - 


2024-03-17 16:29:08,800 [INFO] Activator:177 - !SESSION log4j initialized
2024-03-17 16:29:14,879 [INFO] LogOutputStream:77 - [STDOUT_REDIRECT] 
2024-03-17 16:29:16,825 [INFO] ApplicationProperties:184 - Using Application install path: C:\ST\STM32CubeIDE_1.11.2\STM32CubeIDE\plugins\com.st.stm32cube.common.mx_6.9.2.202309101412
2024-03-17 16:29:16,847 [INFO] DbMcusXml:78 - Set database path to: C:\ST\STM32CubeIDE_1.11.2\STM32CubeIDE\plugins\com.st.stm32cube.common.mx_6.9.2.202309101412\\db\/mcu/
2024-03-17 16:29:16,847 [INFO] ApiDb:274 - Set plugin database path to: C:\ST\STM32CubeIDE_1.11.2\STM32CubeIDE\plugins\com.st.stm32cube.common.mx_6.9.2.202309101412\\db\/plugins/boardmanager/
2024-03-17 16:29:16,848 [WARN] ApiDb:259 - Overriding images path with different value:  => C:\ST\STM32CubeIDE_1.11.2\STM32CubeIDE\plugins\com.st.stm32cube.common.mx_6.9.2.202309101412\\db\/plugins/mcufinder/images/
2024-03-17 16:29:16,869 [INFO] ApiDb:250 - Set database path to: C:\Users\erkan\.stmcufinder\plugins\mcufinder//mcu/
2024-03-17 16:29:16,871 [INFO] DbMcusAds:125 - Set database path to: C:\Users\erkan\.stmcufinder\plugins\mcufinder//mcu/
2024-03-17 16:29:16,873 [INFO] CrossReferenceDbSqlite:203 - Set database path to: C:\Users\erkan\.stmcufinder\plugins\mcufinder//mcu/cs/
2024-03-17 16:29:16,999 [INFO] RulesReader:64 - Compatibility file has been processed (293 Rules)
2024-03-17 16:29:17,121 [INFO] DbMcusXml:78 - Set database path to: C:\ST\STM32CubeIDE_1.11.2\STM32CubeIDE\plugins\com.st.stm32cube.common.mx_6.9.2.202309101412\\db\/mcu/
2024-03-17 16:29:17,121 [INFO] ApiDb:274 - Set plugin database path to: C:\ST\STM32CubeIDE_1.11.2\STM32CubeIDE\plugins\com.st.stm32cube.common.mx_6.9.2.202309101412\\db\/plugins/boardmanager/
2024-03-17 16:29:17,121 [INFO] ApiDb:261 - Set plugin images path to: C:\ST\STM32CubeIDE_1.11.2\STM32CubeIDE\plugins\com.st.stm32cube.common.mx_6.9.2.202309101412\\db\/plugins/mcufinder/images/
2024-03-17 16:29:17,121 [WARN] DbFile:41 - Overriding database path with different value: C:\Users\erkan\.stmcufinder\plugins\mcufinder/ => C:\Users\erkan\.stmcufinder\plugins\mcufinder
2024-03-17 16:29:17,121 [INFO] ApiDb:250 - Set database path to: C:\Users\erkan\.stmcufinder\plugins\mcufinder//mcu/
2024-03-17 16:29:17,121 [WARN] DbFile:41 - Overriding database path with different value: C:\Users\erkan\.stmcufinder\plugins\mcufinder/ => C:\Users\erkan\.stmcufinder\plugins\mcufinder
2024-03-17 16:29:17,121 [INFO] DbMcusAds:125 - Set database path to: C:\Users\erkan\.stmcufinder\plugins\mcufinder//mcu/
2024-03-17 16:29:17,121 [WARN] DbFile:41 - Overriding database path with different value: C:\Users\erkan\.stmcufinder\plugins\mcufinder/ => C:\Users\erkan\.stmcufinder\plugins\mcufinder
2024-03-17 16:29:17,122 [WARN] DbFile:41 - Overriding database path with different value: C:\Users\erkan\.stmcufinder\plugins\mcufinder/ => C:\Users\erkan\.stmcufinder\plugins\mcufinder
2024-03-17 16:29:17,122 [INFO] CrossReferenceDbSqlite:203 - Set database path to: C:\Users\erkan\.stmcufinder\plugins\mcufinder//mcu/cs/
2024-03-17 16:29:17,226 [INFO] MainPanel:262 - HeapMemory: 268435456
2024-03-17 16:29:17,340 [INFO] DbMcusXml:78 - Set database path to: C:\ST\STM32CubeIDE_1.11.2\STM32CubeIDE\plugins\com.st.stm32cube.common.mx_6.9.2.202309101412\\db\/mcu/
2024-03-17 16:29:17,340 [INFO] ApiDb:274 - Set plugin database path to: C:\ST\STM32CubeIDE_1.11.2\STM32CubeIDE\plugins\com.st.stm32cube.common.mx_6.9.2.202309101412\\db\/plugins/boardmanager/
2024-03-17 16:29:17,340 [INFO] ApiDb:261 - Set plugin images path to: C:\ST\STM32CubeIDE_1.11.2\STM32CubeIDE\plugins\com.st.stm32cube.common.mx_6.9.2.202309101412\\db\/plugins/mcufinder/images/
2024-03-17 16:29:17,340 [WARN] DbFile:41 - Overriding database path with different value: C:\Users\erkan\.stmcufinder\plugins\mcufinder/ => C:\Users\erkan\.stmcufinder\plugins\mcufinder
2024-03-17 16:29:17,341 [INFO] ApiDb:250 - Set database path to: C:\Users\erkan\.stmcufinder\plugins\mcufinder//mcu/
2024-03-17 16:29:17,341 [WARN] DbFile:41 - Overriding database path with different value: C:\Users\erkan\.stmcufinder\plugins\mcufinder/ => C:\Users\erkan\.stmcufinder\plugins\mcufinder
2024-03-17 16:29:17,341 [INFO] DbMcusAds:125 - Set database path to: C:\Users\erkan\.stmcufinder\plugins\mcufinder//mcu/
2024-03-17 16:29:17,341 [WARN] DbFile:41 - Overriding database path with different value: C:\Users\erkan\.stmcufinder\plugins\mcufinder/ => C:\Users\erkan\.stmcufinder\plugins\mcufinder
2024-03-17 16:29:17,341 [WARN] DbFile:41 - Overriding database path with different value: C:\Users\erkan\.stmcufinder\plugins\mcufinder/ => C:\Users\erkan\.stmcufinder\plugins\mcufinder
2024-03-17 16:29:17,341 [INFO] CrossReferenceDbSqlite:203 - Set database path to: C:\Users\erkan\.stmcufinder\plugins\mcufinder//mcu/cs/
2024-03-17 16:29:17,365 [INFO] ApplicationProperties:184 - Using Application install path: C:\ST\STM32CubeIDE_1.11.2\STM32CubeIDE\plugins\com.st.stm32cube.common.mx_6.9.2.202309101412
2024-03-17 16:29:17,368 [INFO] PluginManage:196 - Search for loadable plugins [exclusion list=, ]
2024-03-17 16:29:17,369 [INFO] PluginManage:310 - Check plugin analytics
2024-03-17 16:29:17,578 [INFO] AnalyticsPlugin:253 - Accepted Software Licenses: STM32CubeMX.6.9.2
2024-03-17 16:29:17,578 [INFO] AnalyticsPlugin:255 - Accepted CMSIS Pack Licenses: 
2024-03-17 16:29:17,578 [INFO] AnalyticsPlugin:257 - Accepted Firmware Licenses: 
2024-03-17 16:29:17,583 [INFO] PluginManage:359 - Loaded plugin analytics (category:tool,tabindex:-1)
2024-03-17 16:29:17,584 [INFO] PluginManage:310 - Check plugin cadmodel
2024-03-17 16:29:17,603 [INFO] CADModel:105 - Init CAD model plugin
2024-03-17 16:29:17,603 [INFO] PluginManage:359 - Loaded plugin cadmodel (category:power,tabindex:5)
2024-03-17 16:29:17,603 [INFO] PluginManage:310 - Check plugin clock
2024-03-17 16:29:17,630 [INFO] PluginManage:359 - Loaded plugin clock (category:base,tabindex:2)
2024-03-17 16:29:17,630 [INFO] PluginManage:310 - Check plugin ddr
2024-03-17 16:29:17,634 [INFO] PluginManage:359 - Loaded plugin ddr (category:tool,tabindex:6)
2024-03-17 16:29:17,634 [INFO] PluginManage:310 - Check plugin filemanager
2024-03-17 16:29:17,831 [INFO] PluginManage:359 - Loaded plugin filemanager (category:base,tabindex:10)
2024-03-17 16:29:17,831 [INFO] PluginManage:310 - Check plugin ipmanager
2024-03-17 16:29:17,848 [INFO] PluginManage:359 - Loaded plugin ipmanager (category:base,tabindex:5)
2024-03-17 16:29:17,848 [INFO] PluginManage:310 - Check plugin lpbam
2024-03-17 16:29:17,874 [INFO] PluginManage:359 - Loaded plugin lpbam (category:base,tabindex:0)
2024-03-17 16:29:17,874 [INFO] PluginManage:310 - Check plugin memorymap
2024-03-17 16:29:17,905 [INFO] PluginManage:359 - Loaded plugin memorymap (category:base,tabindex:4)
2024-03-17 16:29:17,905 [INFO] PluginManage:310 - Check plugin pinoutandconfiguration
2024-03-17 16:29:17,929 [INFO] PluginManage:359 - Loaded plugin pinoutandconfiguration (category:base,tabindex:1)
2024-03-17 16:29:17,929 [INFO] PluginManage:310 - Check plugin pinoutconfig
2024-03-17 16:29:18,072 [WARN] SupportedApi:132 - Cannot load RTOS API schema: s4s-elt-must-match.1: The content of 'definitions' must match (annotation?, (simpleType | complexType)?, (unique | key | keyref)*)). A problem was found starting at: attribute.
2024-03-17 16:29:18,298 [INFO] PluginManage:359 - Loaded plugin pinoutconfig (category:base,tabindex:0)
2024-03-17 16:29:18,298 [INFO] PluginManage:310 - Check plugin power
2024-03-17 16:29:18,332 [INFO] PluginManage:359 - Loaded plugin power (category:power,tabindex:4)
2024-03-17 16:29:18,332 [INFO] PluginManage:310 - Check plugin projectmanager
2024-03-17 16:29:18,355 [INFO] PluginManage:359 - Loaded plugin projectmanager (category:projectmanager,tabindex:3)
2024-03-17 16:29:18,355 [INFO] PluginManage:310 - Check plugin thirdparty
2024-03-17 16:29:18,832 [INFO] PluginManage:359 - Loaded plugin thirdparty (category:base,tabindex:-1)
2024-03-17 16:29:18,832 [INFO] PluginManage:310 - Check plugin tools
2024-03-17 16:29:18,832 [WARN] IntegrityCheckThread:84 - waiting for thirdparty lock release [integrity check]
2024-03-17 16:29:18,832 [INFO] IntegrityCheckThread:86 - entering critical section [integrity check]
2024-03-17 16:29:18,833 [INFO] ThirdPartyUpdaterWithRetryManager:70 - Updater plugin not ready yet. [1/15]
2024-03-17 16:29:18,870 [INFO] PluginManage:359 - Loaded plugin tools (category:base,tabindex:7)
2024-03-17 16:29:18,871 [INFO] PluginManage:310 - Check plugin tutovideos
2024-03-17 16:29:19,136 [INFO] PluginManage:359 - Loaded plugin tutovideos (category:base,tabindex:-1)
2024-03-17 16:29:19,136 [INFO] PluginManage:310 - Check plugin updater
2024-03-17 16:29:19,149 [INFO] PluginManage:359 - Loaded plugin updater (category:base,tabindex:12)
2024-03-17 16:29:19,149 [INFO] PluginManage:310 - Check plugin userauth
2024-03-17 16:29:19,157 [INFO] UserAuth:113 - Init User Auth plugin
2024-03-17 16:29:19,157 [INFO] PluginManage:359 - Loaded plugin userauth (category:base,tabindex:14)
2024-03-17 16:29:19,157 [INFO] PluginManage:283 - PluginManage : Loaded plugins [17]
2024-03-17 16:29:19,458 [INFO] PinOutPanel:1499 - setPackage(No Configuration,No Configuration)
2024-03-17 16:29:19,615 [INFO] CADModel:165 - CPN selected for project level
2024-03-17 16:29:19,615 [INFO] CADModel:114 - Register for checkConnection events
2024-03-17 16:29:19,652 [INFO] IPUIPlugin:80 - create IPUIPlugin
2024-03-17 16:29:19,652 [INFO] PluginManager:220 - loadIPPluginJar : add adc
2024-03-17 16:29:19,694 [INFO] IPUIPlugin:80 - create IPUIPlugin
2024-03-17 16:29:19,694 [INFO] PluginManager:220 - loadIPPluginJar : add aes
2024-03-17 16:29:19,741 [INFO] IPUIPlugin:80 - create IPUIPlugin
2024-03-17 16:29:19,741 [INFO] PluginManager:220 - loadIPPluginJar : add can
2024-03-17 16:29:19,772 [INFO] IPUIPlugin:80 - create IPUIPlugin
2024-03-17 16:29:19,772 [INFO] PluginManager:220 - loadIPPluginJar : add comp
2024-03-17 16:29:19,816 [INFO] IPUIPlugin:80 - create IPUIPlugin
2024-03-17 16:29:19,816 [INFO] PluginManager:220 - loadIPPluginJar : add cryp
2024-03-17 16:29:19,850 [INFO] IPUIPlugin:80 - create IPUIPlugin
2024-03-17 16:29:19,850 [INFO] PluginManager:220 - loadIPPluginJar : add dfsdm
2024-03-17 16:29:19,868 [INFO] IPUIPlugin:80 - create IPUIPlugin
2024-03-17 16:29:19,869 [INFO] PluginManager:220 - loadIPPluginJar : add dma
2024-03-17 16:29:19,918 [INFO] IPUIPlugin:80 - create IPUIPlugin
2024-03-17 16:29:19,918 [INFO] PluginManager:220 - loadIPPluginJar : add dma3
2024-03-17 16:29:19,942 [INFO] IPUIPlugin:80 - create IPUIPlugin
2024-03-17 16:29:19,942 [INFO] PluginManager:220 - loadIPPluginJar : add fatfs
2024-03-17 16:29:19,995 [INFO] IPUIPlugin:80 - create IPUIPlugin
2024-03-17 16:29:19,996 [INFO] PluginManager:220 - loadIPPluginJar : add fmc
2024-03-17 16:29:20,016 [INFO] IPUIPlugin:80 - create IPUIPlugin
2024-03-17 16:29:20,017 [INFO] PluginManager:220 - loadIPPluginJar : add freertos
2024-03-17 16:29:20,040 [INFO] IPUIPlugin:80 - create IPUIPlugin
2024-03-17 16:29:20,040 [INFO] PluginManager:220 - loadIPPluginJar : add genericplugin
2024-03-17 16:29:20,148 [INFO] IPUIPlugin:80 - create IPUIPlugin
2024-03-17 16:29:20,148 [INFO] PluginManager:220 - loadIPPluginJar : add gfxmmu
2024-03-17 16:29:20,295 [INFO] IPUIPlugin:80 - create IPUIPlugin
2024-03-17 16:29:20,297 [INFO] PluginManager:220 - loadIPPluginJar : add gic
2024-03-17 16:29:20,310 [INFO] IPUIPlugin:80 - create IPUIPlugin
2024-03-17 16:29:20,310 [INFO] PluginManager:220 - loadIPPluginJar : add gpio
2024-03-17 16:29:20,400 [INFO] IPUIPlugin:80 - create IPUIPlugin
2024-03-17 16:29:20,400 [INFO] PluginManager:220 - loadIPPluginJar : add gtzc
2024-03-17 16:29:20,436 [INFO] IPUIPlugin:80 - create IPUIPlugin
2024-03-17 16:29:20,436 [INFO] PluginManager:220 - loadIPPluginJar : add hash
2024-03-17 16:29:20,517 [INFO] IPUIPlugin:80 - create IPUIPlugin
2024-03-17 16:29:20,517 [INFO] PluginManager:220 - loadIPPluginJar : add i2c
2024-03-17 16:29:20,568 [INFO] IPUIPlugin:80 - create IPUIPlugin
2024-03-17 16:29:20,568 [INFO] PluginManager:220 - loadIPPluginJar : add i2s
2024-03-17 16:29:20,615 [INFO] IPUIPlugin:80 - create IPUIPlugin
2024-03-17 16:29:20,617 [INFO] PluginManager:220 - loadIPPluginJar : add i3c
2024-03-17 16:29:20,720 [INFO] IPUIPlugin:80 - create IPUIPlugin
2024-03-17 16:29:20,720 [INFO] PluginManager:220 - loadIPPluginJar : add ipddr
2024-03-17 16:29:20,814 [INFO] IPUIPlugin:80 - create IPUIPlugin
2024-03-17 16:29:20,814 [INFO] PluginManager:220 - loadIPPluginJar : add linkedlist
2024-03-17 16:29:20,855 [INFO] IPUIPlugin:80 - create IPUIPlugin
2024-03-17 16:29:20,856 [INFO] PluginManager:220 - loadIPPluginJar : add lorawan
2024-03-17 16:29:20,896 [INFO] IPUIPlugin:80 - create IPUIPlugin
2024-03-17 16:29:20,896 [INFO] PluginManager:220 - loadIPPluginJar : add ltdc
2024-03-17 16:29:20,912 [INFO] IPUIPlugin:80 - create IPUIPlugin
2024-03-17 16:29:20,912 [INFO] PluginManager:220 - loadIPPluginJar : add mdma
2024-03-17 16:29:20,924 [INFO] IPUIPlugin:80 - create IPUIPlugin
2024-03-17 16:29:20,924 [INFO] PluginManager:220 - loadIPPluginJar : add nvic
2024-03-17 16:29:20,959 [INFO] IPUIPlugin:80 - create IPUIPlugin
2024-03-17 16:29:20,960 [INFO] PluginManager:220 - loadIPPluginJar : add opamp
2024-03-17 16:29:21,018 [INFO] IPUIPlugin:80 - create IPUIPlugin
2024-03-17 16:29:21,018 [INFO] PluginManager:220 - loadIPPluginJar : add openamp
2024-03-17 16:29:21,063 [INFO] IPUIPlugin:80 - create IPUIPlugin
2024-03-17 16:29:21,064 [INFO] PluginManager:220 - loadIPPluginJar : add pdm2pcm
2024-03-17 16:29:21,079 [INFO] IPUIPlugin:80 - create IPUIPlugin
2024-03-17 16:29:21,081 [INFO] PluginManager:220 - loadIPPluginJar : add plateformsettings
2024-03-17 16:29:21,108 [INFO] IPUIPlugin:80 - create IPUIPlugin
2024-03-17 16:29:21,108 [INFO] PluginManager:220 - loadIPPluginJar : add quadspi
2024-03-17 16:29:21,124 [INFO] IPUIPlugin:80 - create IPUIPlugin
2024-03-17 16:29:21,124 [INFO] PluginManager:220 - loadIPPluginJar : add resmgrutility
2024-03-17 16:29:21,187 [INFO] IPUIPlugin:80 - create IPUIPlugin
2024-03-17 16:29:21,187 [INFO] PluginManager:220 - loadIPPluginJar : add sai
2024-03-17 16:29:21,228 [INFO] IPUIPlugin:80 - create IPUIPlugin
2024-03-17 16:29:21,228 [INFO] PluginManager:220 - loadIPPluginJar : add spi
2024-03-17 16:29:21,289 [INFO] IPUIPlugin:80 - create IPUIPlugin
2024-03-17 16:29:21,289 [INFO] PluginManager:220 - loadIPPluginJar : add stm32_wpan
2024-03-17 16:29:21,313 [INFO] IPUIPlugin:80 - create IPUIPlugin
2024-03-17 16:29:21,313 [INFO] PluginManager:220 - loadIPPluginJar : add tim
2024-03-17 16:29:21,368 [INFO] IPUIPlugin:80 - create IPUIPlugin
2024-03-17 16:29:21,368 [INFO] PluginManager:220 - loadIPPluginJar : add touchsensing
2024-03-17 16:29:21,396 [INFO] IPUIPlugin:80 - create IPUIPlugin
2024-03-17 16:29:21,396 [INFO] PluginManager:220 - loadIPPluginJar : add tracer_emb
2024-03-17 16:29:21,424 [INFO] IPUIPlugin:80 - create IPUIPlugin
2024-03-17 16:29:21,424 [INFO] PluginManager:220 - loadIPPluginJar : add ts
2024-03-17 16:29:21,450 [INFO] IPUIPlugin:80 - create IPUIPlugin
2024-03-17 16:29:21,450 [INFO] PluginManager:220 - loadIPPluginJar : add tsc
2024-03-17 16:29:21,474 [INFO] IPUIPlugin:80 - create IPUIPlugin
2024-03-17 16:29:21,474 [INFO] PluginManager:220 - loadIPPluginJar : add ucpd
2024-03-17 16:29:21,518 [INFO] IPUIPlugin:80 - create IPUIPlugin
2024-03-17 16:29:21,518 [INFO] PluginManager:220 - loadIPPluginJar : add usart
2024-03-17 16:29:21,560 [INFO] IPUIPlugin:80 - create IPUIPlugin
2024-03-17 16:29:21,561 [INFO] PluginManager:220 - loadIPPluginJar : add usbx
2024-03-17 16:29:21,693 [INFO] CADModel:165 - CPN selected for project level
2024-03-17 16:29:21,693 [INFO] CADModel:114 - Register for checkConnection events
2024-03-17 16:29:21,693 [FATAL] Updater:308 - Updater called before beeing initialized
2024-03-17 16:29:21,693 [ERROR] CADModel:125 - Updater not yet initialized, retry later 
2024-03-17 16:29:21,835 [INFO] ThirdPartyUpdaterWithRetryManager:70 - Updater plugin not ready yet. [2/15]
2024-03-17 16:29:21,858 [INFO] CADModel:165 - CPN selected for project level
2024-03-17 16:29:21,858 [INFO] CADModel:114 - Register for checkConnection events
2024-03-17 16:29:21,859 [FATAL] Updater:308 - Updater called before beeing initialized
2024-03-17 16:29:21,859 [ERROR] CADModel:125 - Updater not yet initialized, retry later 
2024-03-17 16:29:21,863 [FATAL] Updater:308 - Updater called before beeing initialized
2024-03-17 16:29:21,989 [FATAL] Updater:308 - Updater called before beeing initialized
2024-03-17 16:29:21,998 [INFO] DbMcusAds:53 - JSON generation date=Wed Nov 29 11:52:27 CET 2023 (1701255147349)
2024-03-17 16:29:21,998 [FATAL] Updater:308 - Updater called before beeing initialized
2024-03-17 16:29:22,084 [WARN] DetailPanel:346 - Failed to get advertising image, set to default
2024-03-17 16:29:22,183 [FATAL] Updater:308 - Updater called before beeing initialized
2024-03-17 16:29:22,186 [FATAL] Updater:308 - Updater called before beeing initialized
2024-03-17 16:29:22,186 [FATAL] Updater:308 - Updater called before beeing initialized
2024-03-17 16:29:22,186 [WARN] DetailPanel:346 - Failed to get advertising image, set to default
2024-03-17 16:29:22,187 [FATAL] Updater:308 - Updater called before beeing initialized
2024-03-17 16:29:22,251 [ERROR] Updater:1120 - MainUpdater not yet initialized. External WinMGr cannot be set.
2024-03-17 16:29:22,265 [INFO] Updater:1056 - Updater Version found : 6.9.2
2024-03-17 16:29:22,285 [INFO] ApplicationProperties:184 - Using Application install path: C:\ST\STM32CubeIDE_1.11.2\STM32CubeIDE\plugins\com.st.stm32cube.common.mx_6.9.2.202309101412
2024-03-17 16:29:22,651 [INFO] MainUpdater:2868 - connection check result : 10
2024-03-17 16:29:22,653 [INFO] MainUpdater:285 - Updater Check For Update Now.
2024-03-17 16:29:22,654 [INFO] MicroXplorer:498 - Change Database Version : DB.6.0.92
2024-03-17 16:29:22,671 [INFO] McuFinderGlobals:63 - Set McuFinder mode to 2 (CubeIDE integrated)
2024-03-17 16:29:22,671 [INFO] UserAuth:179 - activating auth plugin
2024-03-17 16:29:22,675 [INFO] UserAuth:393 - Internet connection configuration mode: 1
2024-03-17 16:29:22,712 [INFO] JxBrowserEngine:151 - Initiate JxBrowser Engine with user profile folder
2024-03-17 16:29:22,876 [INFO] CheckServerUpdateThread:120 - End of CheckServer Thread
2024-03-17 16:29:25,287 [WARN] PackLoader:240 - Cannot read IP mode file for STMicroelectronics.X-CUBE-SMBUS.2.1.0
2024-03-17 16:29:25,325 [WARN] PackLoader:240 - Cannot read IP mode file for STMicroelectronics.X-CUBE-TOUCHGFX.4.23.0
2024-03-17 16:29:25,406 [WARN] PackLoader:240 - Cannot read IP mode file for STMicroelectronics.X-CUBE-AZRTOS-F7.1.1.0
2024-03-17 16:29:25,445 [WARN] PackLoader:240 - Cannot read IP mode file for STMicroelectronics.FP-SNS-MOTENV1.4.3.2
2024-03-17 16:29:25,481 [WARN] PackLoader:240 - Cannot read IP mode file for STMicroelectronics.X-CUBE-BLE1.6.2.4
2024-03-17 16:29:25,503 [WARN] PackLoader:240 - Cannot read IP mode file for STMicroelectronics.FP-SNS-FLIGHT1.5.0.2
2024-03-17 16:29:25,531 [WARN] PackLoader:240 - Cannot read IP mode file for STMicroelectronics.X-CUBE-DISPLAY.3.0.0
2024-03-17 16:29:25,565 [WARN] PackLoader:240 - Cannot read IP mode file for STMicroelectronics.X-CUBE-BLE1.7.0.0
2024-03-17 16:29:25,586 [WARN] PackLoader:240 - Cannot read IP mode file for STMicroelectronics.X-CUBE-TOUCHGFX.4.22.0
2024-03-17 16:29:25,609 [WARN] PackLoader:240 - Cannot read IP mode file for STMicroelectronics.X-CUBE-TOUCHGFX.4.22.1
2024-03-17 16:29:25,645 [WARN] PackLoader:240 - Cannot read IP mode file for STMicroelectronics.X-CUBE-BLEMGR.3.1.0
2024-03-17 16:29:25,703 [WARN] PackLoader:240 - Cannot read IP mode file for STMicroelectronics.FP-SNS-SMARTAG2.1.2.0
2024-03-17 16:29:25,739 [INFO] LogOutputStream:77 - [STDOUT_REDIRECT] 1 : Invalid condition id : UX_CORESTACK_Condition cause : null
2024-03-17 16:29:25,739 [INFO] LogOutputStream:77 - [STDOUT_REDIRECT] 1 : Invalid condition id : UX_CORESTACK_Condition cause : null
2024-03-17 16:29:25,740 [INFO] LogOutputStream:77 - [STDOUT_REDIRECT] 1 : Invalid condition id : UX_CORESTACK_Condition cause : null
2024-03-17 16:29:25,743 [INFO] LogOutputStream:77 - [STDOUT_REDIRECT] 1 : Invalid condition id : UX_CORESTACK_Condition cause : null
2024-03-17 16:29:25,745 [INFO] LogOutputStream:77 - [STDOUT_REDIRECT] 1 : Invalid condition id : UX_CORESTACK_Condition cause : null
2024-03-17 16:29:25,751 [WARN] PackLoader:240 - Cannot read IP mode file for STMicroelectronics.X-CUBE-AZRTOS-WL.2.0.0
2024-03-17 16:29:25,778 [WARN] PackLoader:240 - Cannot read IP mode file for WES.I-CUBE-Cesium.1.3.0
2024-03-17 16:29:25,799 [WARN] PackLoader:240 - Cannot read IP mode file for STMicroelectronics.X-CUBE-BLE2.3.3.0
2024-03-17 16:29:25,829 [WARN] PackLoader:240 - Cannot read IP mode file for STMicroelectronics.X-CUBE-TOF1.3.2.0
2024-03-17 16:29:25,854 [WARN] PackLoader:240 - Cannot read IP mode file for STMicroelectronics.X-CUBE-TOUCHGFX.4.21.1
2024-03-17 16:29:25,868 [INFO] WebApp:157 - Instantiating new browser for Auth
2024-03-17 16:29:25,875 [WARN] PackLoader:240 - Cannot read IP mode file for STMicroelectronics.X-CUBE-AI.7.3.0
2024-03-17 16:29:25,900 [WARN] PackLoader:240 - Cannot read IP mode file for STMicroelectronics.X-CUBE-ALGOBUILD.1.3.0
2024-03-17 16:29:25,945 [WARN] PackLoader:240 - Cannot read IP mode file for STMicroelectronics.X-CUBE-AZRTOS-G0.1.1.0
2024-03-17 16:29:25,970 [WARN] PackLoader:240 - Cannot read IP mode file for STMicroelectronics.X-CUBE-NFC4.3.0.0
2024-03-17 16:29:25,991 [WARN] PackLoader:240 - Cannot read IP mode file for STMicroelectronics.X-CUBE-BLEMGR.3.0.0
2024-03-17 16:29:26,010 [WARN] PackLoader:240 - Cannot read IP mode file for STMicroelectronics.X-CUBE-BLEMGR.1.3.0
2024-03-17 16:29:26,028 [WARN] PackLoader:240 - Cannot read IP mode file for STMicroelectronics.FP-ATR-SIGFOX1.3.2.0
2024-03-17 16:29:26,047 [WARN] PackLoader:240 - Cannot read IP mode file for STMicroelectronics.X-CUBE-EEPRMA1.5.1.0
2024-03-17 16:29:26,117 [WARN] PackLoader:240 - Cannot read IP mode file for STMicroelectronics.X-CUBE-MEMS1.9.5.0
2024-03-17 16:29:26,335 [WARN] PackLoader:240 - Cannot read IP mode file for SEGGER.I-CUBE-embOS.1.3.1
2024-03-17 16:29:26,388 [WARN] PackLoader:240 - Cannot read IP mode file for STMicroelectronics.X-CUBE-GNSS1.6.0.0
2024-03-17 16:29:26,422 [WARN] PackLoader:240 - Cannot read IP mode file for STMicroelectronics.X-CUBE-AZRTOS-F4.1.1.0
2024-03-17 16:29:26,462 [WARN] PackLoader:240 - Cannot read IP mode file for STMicroelectronics.X-CUBE-AZRTOS-L5.2.0.0
2024-03-17 16:29:26,526 [WARN] PackLoader:240 - Cannot read IP mode file for STMicroelectronics.X-CUBE-MEMS1.9.6.0
2024-03-17 16:29:26,652 [WARN] PackLoader:240 - Cannot read IP mode file for STMicroelectronics.X-CUBE-EEPRMA1.4.2.0
2024-03-17 16:29:26,675 [WARN] PackLoader:240 - Cannot read IP mode file for ITTIA_DB.I-CUBE-ITTIADB.8.8.0
2024-03-17 16:29:26,694 [WARN] PackLoader:240 - Cannot read IP mode file for emotas.I-CUBE-CANOPEN.1.1.3
2024-03-17 16:29:26,715 [WARN] PackLoader:240 - Cannot read IP mode file for STMicroelectronics.X-CUBE-BLEMGR.2.0.0
2024-03-17 16:29:26,755 [WARN] ConditionMgr:438 - getConditionDescription Invalid condition id : UX DEVICE CLASS RTOS Condition cause : null
2024-03-17 16:29:26,756 [WARN] ConditionMgr:438 - getConditionDescription Invalid condition id : UX DEVICE CLASS RTOS Condition cause : null
2024-03-17 16:29:26,761 [WARN] PackLoader:240 - Cannot read IP mode file for STMicroelectronics.X-CUBE-AZRTOS-H7.3.1.0
2024-03-17 16:29:26,762 [WARN] ConditionMgr:1039 - genDependencies : Invalid condition id : UX DEVICE CLASS RTOS Condition cause : null
2024-03-17 16:29:26,763 [WARN] ConditionMgr:1039 - genDependencies : Invalid condition id : UX DEVICE CLASS RTOS Condition cause : null
2024-03-17 16:29:26,764 [WARN] ConditionMgr:1039 - genDependencies : Invalid condition id : UX DEVICE CLASS RTOS Condition cause : null
2024-03-17 16:29:26,765 [WARN] ConditionMgr:1039 - genDependencies : Invalid condition id : UX DEVICE CLASS RTOS Condition cause : null
2024-03-17 16:29:26,765 [WARN] ConditionMgr:1039 - genDependencies : Invalid condition id : UX DEVICE CLASS RTOS Condition cause : null
2024-03-17 16:29:26,789 [WARN] PackLoader:240 - Cannot read IP mode file for wolfSSL.I-CUBE-wolfSSL.5.5.4
2024-03-17 16:29:26,808 [WARN] PackLoader:240 - Cannot read IP mode file for STMicroelectronics.X-CUBE-NFC7.1.0.1
2024-03-17 16:29:26,824 [WARN] PackLoader:240 - Cannot read IP mode file for STMicroelectronics.X-CUBE-NFC7.1.0.0
2024-03-17 16:29:26,843 [WARN] PackLoader:240 - Cannot read IP mode file for STMicroelectronics.X-CUBE-NFC6.3.0.0
2024-03-17 16:29:26,865 [WARN] PackLoader:240 - Cannot read IP mode file for STMicroelectronics.X-CUBE-EEPRMA1.4.1.0
2024-03-17 16:29:26,881 [WARN] PackLoader:240 - Cannot read IP mode file for STMicroelectronics.X-CUBE-AI.8.1.0
2024-03-17 16:29:26,913 [WARN] ConditionMgr:438 - getConditionDescription Invalid condition id : LAN8742 Phy interface Condition cause : null
2024-03-17 16:29:26,914 [WARN] PackLoader:240 - Cannot read IP mode file for STMicroelectronics.X-CUBE-AZRTOS-L4.2.0.0
2024-03-17 16:29:26,916 [WARN] ConditionMgr:1039 - genDependencies : Invalid condition id : LAN8742 Phy interface Condition cause : null
2024-03-17 16:29:26,916 [WARN] ConditionMgr:1039 - genDependencies : Invalid condition id : LAN8742 Phy interface Condition cause : null
2024-03-17 16:29:26,917 [WARN] ConditionMgr:1039 - genDependencies : Invalid condition id : LAN8742 Phy interface Condition cause : null
2024-03-17 16:29:26,935 [WARN] PackLoader:240 - Cannot read IP mode file for STMicroelectronics.X-CUBE-SFXS2LP1.4.0.0
2024-03-17 16:29:26,972 [WARN] PackLoader:240 - Cannot read IP mode file for STMicroelectronics.X-CUBE-AZRTOS-H7.3.0.0
2024-03-17 16:29:26,988 [WARN] PackLoader:240 - Cannot read IP mode file for STMicroelectronics.X-CUBE-ISPU.1.1.0
2024-03-17 16:29:27,001 [INFO] WebApp:753 - Register for checkConnection events
2024-03-17 16:29:27,001 [INFO] WebApp:390 - Apply proxy settings
2024-03-17 16:29:27,001 [INFO] WebApp:475 - Chromium requires no authentication
2024-03-17 16:29:27,008 [WARN] PackLoader:240 - Cannot read IP mode file for RoweBots.I-CUBE-UNISONRTOS.5.5.0-4
2024-03-17 16:29:27,013 [INFO] WebApp:418 - Direct internet connection detected
2024-03-17 16:29:27,023 [WARN] PackLoader:240 - Cannot read IP mode file for STMicroelectronics.X-CUBE-AI.8.0.0
2024-03-17 16:29:27,053 [WARN] ConditionMgr:438 - getConditionDescription Invalid condition id : UX DEVICE CLASS RTOS Condition cause : null
2024-03-17 16:29:27,053 [WARN] ConditionMgr:438 - getConditionDescription Invalid condition id : UX DEVICE CLASS RTOS Condition cause : null
2024-03-17 16:29:27,056 [WARN] PackLoader:240 - Cannot read IP mode file for STMicroelectronics.X-CUBE-AZRTOS-WB.2.0.0
2024-03-17 16:29:27,056 [WARN] ConditionMgr:1039 - genDependencies : Invalid condition id : UX DEVICE CLASS RTOS Condition cause : null
2024-03-17 16:29:27,056 [WARN] ConditionMgr:1039 - genDependencies : Invalid condition id : UX DEVICE CLASS RTOS Condition cause : null
2024-03-17 16:29:27,057 [WARN] ConditionMgr:1039 - genDependencies : Invalid condition id : UX DEVICE CLASS RTOS Condition cause : null
2024-03-17 16:29:27,057 [WARN] ConditionMgr:1039 - genDependencies : Invalid condition id : UX DEVICE CLASS RTOS Condition cause : null
2024-03-17 16:29:27,057 [WARN] ConditionMgr:1039 - genDependencies : Invalid condition id : UX DEVICE CLASS RTOS Condition cause : null
2024-03-17 16:29:27,074 [WARN] PackLoader:240 - Cannot read IP mode file for STMicroelectronics.X-CUBE-FREERTOS.1.0.1
2024-03-17 16:29:27,107 [WARN] PackLoader:240 - Cannot read IP mode file for STMicroelectronics.X-CUBE-AZRTOS-L5.1.1.0
2024-03-17 16:29:27,131 [WARN] PackLoader:240 - Cannot read IP mode file for STMicroelectronics.X-CUBE-SUBG2.5.0.0
2024-03-17 16:29:27,161 [WARN] PackLoader:240 - Cannot read IP mode file for STMicroelectronics.X-CUBE-TOF1.3.3.1
2024-03-17 16:29:27,197 [WARN] PackLoader:240 - Cannot read IP mode file for STMicroelectronics.X-CUBE-AZRTOS-G4.2.0.0
2024-03-17 16:29:27,216 [WARN] PackLoader:240 - Cannot read IP mode file for STMicroelectronics.FP-ATR-ASTRA1.1.1.1
2024-03-17 16:29:27,239 [WARN] PackLoader:240 - Cannot read IP mode file for Infineon.AIROC-Wi-Fi-Bluetooth-STM32.1.5.1
2024-03-17 16:29:27,299 [INFO] WebApp:188 - Starting web application
2024-03-17 16:29:27,300 [INFO] WebApp:520 - Web application path used C:\ST\STM32CubeIDE_1.11.2\STM32CubeIDE\plugins\com.st.stm32cube.common.mx_6.9.2.202309101412\db\plugins\mcufinder\reactClient1\index.html
2024-03-17 16:29:27,305 [WARN] PackLoader:240 - Cannot read IP mode file for STMicroelectronics.FP-SNS-MOTENVWB1.1.3.0
2024-03-17 16:29:27,320 [WARN] PackLoader:240 - Cannot read IP mode file for STMicroelectronics.FP-SNS-MOTENVWB1.1.3.1
2024-03-17 16:29:27,350 [WARN] PackLoader:240 - Cannot read IP mode file for STMicroelectronics.X-CUBE-AZRTOS-G4.1.0.0
2024-03-17 16:29:27,393 [WARN] PackLoader:240 - Cannot read IP mode file for STMicroelectronics.X-CUBE-AZRTOS-L4.1.0.0
2024-03-17 16:29:27,409 [WARN] PackLoader:240 - Cannot read IP mode file for STMicroelectronics.X-CUBE-ISPU.2.0.0
2024-03-17 16:29:27,456 [WARN] PackLoader:240 - Cannot read IP mode file for STMicroelectronics.X-CUBE-MEMS1.10.0.0
2024-03-17 16:29:27,575 [WARN] PackLoader:240 - Cannot read IP mode file for STMicroelectronics.X-CUBE-FREERTOS.1.1.0
2024-03-17 16:29:27,597 [WARN] PackLoader:240 - Cannot read IP mode file for STMicroelectronics.X-CUBE-AZRTOS-WL.1.0.0
2024-03-17 16:29:27,617 [WARN] PackLoader:240 - Cannot read IP mode file for portGmbH.I-Cube-SoM-uGOAL.1.1.0
2024-03-17 16:29:27,638 [WARN] PackLoader:240 - Cannot read IP mode file for STMicroelectronics.X-CUBE-ALS.1.0.1
2024-03-17 16:29:27,672 [WARN] PackLoader:240 - Cannot read IP mode file for STMicroelectronics.X-CUBE-AZRTOS-WB.1.1.0
2024-03-17 16:29:27,698 [WARN] PackLoader:240 - Cannot read IP mode file for STMicroelectronics.FP-ATR-ASTRA1.2.0.0
2024-03-17 16:29:27,721 [WARN] PackLoader:240 - Cannot read IP mode file for STMicroelectronics.X-CUBE-TOF1.3.4.0
2024-03-17 16:29:27,755 [WARN] PackLoader:240 - Cannot read IP mode file for STMicroelectronics.X-CUBE-TOF1.3.4.1
2024-03-17 16:29:27,804 [WARN] PackLoader:240 - Cannot read IP mode file for STMicroelectronics.X-CUBE-AZRTOS-H7.3.2.0
2024-03-17 16:29:27,808 [INFO] ThirdParty:978 - Integrity check success = true
2024-03-17 16:29:27,808 [INFO] IntegrityCheckThread:100 - exiting critical section [integrity check]
2024-03-17 16:29:27,808 [INFO] IntegrityCheckThread:103 - End integrity checks thread
2024-03-17 16:29:48,554 [ERROR] LogOutputStream:75 - [STDERR_REDIRECT] SLF4J: Failed to load class "org.slf4j.impl.StaticLoggerBinder".
2024-03-17 16:29:48,555 [ERROR] LogOutputStream:75 - [STDERR_REDIRECT] SLF4J: Defaulting to no-operation (NOP) logger implementation
2024-03-17 16:29:48,556 [ERROR] LogOutputStream:75 - [STDERR_REDIRECT] SLF4J: See http://www.slf4j.org/codes.html#StaticLoggerBinder for further details.
2024-03-17 16:49:11,864 [INFO] McuFinderGlobals:63 - Set McuFinder mode to 2 (CubeIDE integrated)
2024-03-17 16:49:11,892 [INFO] MainUpdater:2868 - connection check result : 10
2024-03-17 16:49:11,899 [INFO] MainUpdater:2868 - connection check result : 10
2024-03-17 16:49:12,058 [INFO] MicroXplorer:468 - Change Database Path : 
2024-03-17 16:49:12,059 [INFO] MicroXplorer:498 - Change Database Version : DB.6.0.92
2024-03-17 16:49:12,063 [WARN] ThirdParty:871 - waiting for thirdparty lock release [close project]
2024-03-17 16:49:12,064 [INFO] ThirdParty:873 - entering critical section [close project]
2024-03-17 16:49:12,065 [INFO] ThirdParty:883 - exiting critical section [close project]
2024-03-17 16:49:12,069 [INFO] PinOutPanel:1499 - setPackage(No Configuration,No Configuration)
2024-03-17 16:49:12,087 [INFO] UtilMem:75 - Begin LoadConfig() Used Memory: 776572104 Bytes (979369984)
2024-03-17 16:49:12,089 [INFO] MicroXplorer:468 - Change Database Path : 
2024-03-17 16:49:12,090 [INFO] MicroXplorer:498 - Change Database Version : DB.6.0.92
2024-03-17 16:49:12,090 [INFO] OpenFileManager:308 - Change cursor
2024-03-17 16:49:12,143 [INFO] Mcu:1946 - Initializing MCU STM32F407V(E-G)Tx STM32F407VGTx STM32F407VGT6
2024-03-17 16:49:14,377 [INFO] Context:659 - Trying to add GPIOservice into a context  which must be forbidden
2024-03-17 16:49:15,156 [INFO] RtosManager:555 - Registered RTOS mode: class=CMSIS, group=RTOS, mode=CMSIS_V1, owner=FREERTOS
2024-03-17 16:49:15,156 [INFO] RtosManager:555 - Registered RTOS mode: class=CMSIS, group=RTOS2, mode=CMSIS_V2, owner=FREERTOS
2024-03-17 16:49:15,156 [INFO] RtosManager:555 - Registered RTOS mode: class=RTOS, group=Core, mode=CMSIS_V1, owner=FREERTOS
2024-03-17 16:49:15,156 [INFO] RtosManager:555 - Registered RTOS mode: class=RTOS, group=Core, mode=CMSIS_V2, owner=FREERTOS
2024-03-17 16:49:15,156 [WARN] ModelIntegratedComponent:184 - Missing modes for component STMicroelectronics:FreeRTOS:0.0.1:STMicroelectronics:RTOS:FreeRTOS:Core:::10.2.0:
2024-03-17 16:49:15,172 [WARN] ModelIntegratedComponent:63 - No mode defined for component null
2024-03-17 16:49:15,172 [WARN] ModelIntegratedComponent:63 - No mode defined for component null
2024-03-17 16:49:15,172 [WARN] ModelIntegratedComponent:63 - No mode defined for component null
2024-03-17 16:49:15,172 [WARN] ModelIntegratedComponent:63 - No mode defined for component null
2024-03-17 16:49:15,172 [WARN] ModelIntegratedComponent:63 - No mode defined for component null
2024-03-17 16:49:15,172 [WARN] ModelIntegratedComponent:63 - No mode defined for component null
2024-03-17 16:49:15,172 [WARN] ModelIntegratedComponent:63 - No mode defined for component null
2024-03-17 16:49:15,172 [WARN] ModelIntegratedComponent:63 - No mode defined for component null
2024-03-17 16:49:15,172 [WARN] ModelIntegratedComponent:63 - No mode defined for component null
2024-03-17 16:49:15,172 [WARN] ModelIntegratedComponent:63 - No mode defined for component null
2024-03-17 16:49:15,172 [WARN] ModelIntegratedComponent:63 - No mode defined for component null
2024-03-17 16:49:15,172 [WARN] ModelIntegratedComponent:63 - No mode defined for component null
2024-03-17 16:49:15,172 [WARN] ModelIntegratedComponent:63 - No mode defined for component null
2024-03-17 16:49:15,173 [WARN] ModelIntegratedComponent:63 - No mode defined for component null
2024-03-17 16:49:15,173 [WARN] ModelIntegratedComponent:63 - No mode defined for component null
2024-03-17 16:49:15,173 [WARN] ModelIntegratedComponent:63 - No mode defined for component null
2024-03-17 16:49:15,173 [WARN] ModelIntegratedComponent:63 - No mode defined for component null
2024-03-17 16:49:15,173 [WARN] ModelIntegratedComponent:63 - No mode defined for component null
2024-03-17 16:49:15,173 [WARN] ModelIntegratedComponent:63 - No mode defined for component null
2024-03-17 16:49:15,173 [WARN] ModelIntegratedComponent:63 - No mode defined for component null
2024-03-17 16:49:15,173 [WARN] ModelIntegratedComponent:63 - No mode defined for component null
2024-03-17 16:49:15,173 [WARN] ModelIntegratedComponent:63 - No mode defined for component null
2024-03-17 16:49:15,173 [WARN] ModelIntegratedComponent:63 - No mode defined for component null
2024-03-17 16:49:15,173 [WARN] ModelIntegratedComponent:63 - No mode defined for component null
2024-03-17 16:49:15,173 [WARN] ModelIntegratedComponent:63 - No mode defined for component null
2024-03-17 16:49:15,173 [WARN] ModelIntegratedComponent:63 - No mode defined for component null
2024-03-17 16:49:15,173 [WARN] ModelIntegratedComponent:63 - No mode defined for component null
2024-03-17 16:49:15,173 [WARN] ModelIntegratedComponent:63 - No mode defined for component null
2024-03-17 16:49:15,173 [WARN] ModelIntegratedComponent:63 - No mode defined for component null
2024-03-17 16:49:15,173 [WARN] ModelIntegratedComponent:63 - No mode defined for component null
2024-03-17 16:49:15,173 [WARN] ModelIntegratedComponent:63 - No mode defined for component null
2024-03-17 16:49:15,173 [WARN] ModelIntegratedComponent:63 - No mode defined for component null
2024-03-17 16:49:15,173 [WARN] ModelIntegratedComponent:63 - No mode defined for component null
2024-03-17 16:49:15,338 [INFO] ThirdPartyModel:298 - Start build external matchings
2024-03-17 16:49:16,623 [INFO] ThirdPartyModel:316 - End build external matchings
2024-03-17 16:49:16,656 [WARN] IP:2114 - I2C_Coeff_DF not found: check if there is a RefParameter without a condition.
2024-03-17 16:49:16,656 [WARN] IP:2114 - Analog_Filter not found: check if there is a RefParameter without a condition.
2024-03-17 16:49:16,657 [INFO] ImportTextPane:194 - (OptionalMessage_ERROR) IP (RCC) : Parameter (48MHZClocksFreq_Value) has invalid value (84000000)
2024-03-17 16:49:16,657 [INFO] ImportTextPane:194 - (OptionalMessage_ERROR) IP (RCC) : Parameter (RTCHSEDivFreq_Value) has invalid value (4000000)
2024-03-17 16:49:17,139 [INFO] UtilMem:75 - End LoadConfig() Used Memory: 699478664 Bytes (1073741824)
2024-03-17 16:49:17,317 [INFO] ApiDb:581 - Connected to CubeFinder SQLite database (C:\Users\erkan\.stmcufinder\plugins\mcufinder\mcu\cube-finder-db.db)
2024-03-17 16:49:17,413 [INFO] ApiDb:668 - CubeFinder database Data Model version=2.1
2024-03-17 16:49:17,413 [INFO] ApiDb:669 - CubeFinder database Configuration version=3.0.39
2024-03-17 16:49:17,415 [INFO] ApiDb:670 - CubeFinder database generation date=2024-02-19 (1708350410)
2024-03-17 16:49:17,415 [INFO] ApiDb:671 - CubeFinder database FW Pack versions=[FP-ATR-ASTRA1_V2.0.0, FP-SNS-FLIGHT1_V5.0.1, FP-SNS-FLIGHT1_V5.0.2, FP-SNS-MOTENV1_V4.3.1, FP-SNS-MOTENV1_V4.3.2, FP-SNS-MOTENVWB1_V1.3.1, FP-SNS-SMARTAG2_V1.2.0, STM32Cube_FW_C0_V1.1.0, STM32Cube_FW_F4_V1.28.0, STM32Cube_FW_F7_V1.17.0, STM32Cube_FW_G0_V1.6.2, STM32Cube_FW_G4_V1.5.2, STM32Cube_FW_H5_V0.5.1, STM32Cube_FW_H5_V1.1.1, STM32Cube_FW_H5_V1.2.0RC2, STM32Cube_FW_H7_V1.11.0, STM32Cube_FW_L0_V1.12.2, STM32Cube_FW_L5_V1.5.0, STM32Cube_FW_U5_V1.3.0RC4, STM32Cube_FW_U5_V1.4.0, STM32Cube_FW_WBA_V1.0.0RC1, STM32Cube_FW_WBA_V1.1.0RC1, STM32Cube_FW_WBA_V1.2.0, STM32Cube_FW_WBA_V1.2.0RC2, STM32Cube_FW_WB_V1.15.0RC1, STM32Cube_FW_WB_V1.16.0, STM32Cube_FW_WB_V1.16.0RC2, STM32Cube_FW_WB_V1.18.0, STM32Cube_FW_WL_V1.3.0, X-CUBE-ALGOBUILD_V1.3.0, X-CUBE-ALS_V1.0.1, X-CUBE-AZRTOS-F4_V1.1.0, X-CUBE-AZRTOS-F7_V1.1.0, X-CUBE-AZRTOS-G0_V1.1.0, X-CUBE-AZRTOS-G4_V2.0.0, X-CUBE-AZRTOS-H7_V3.2.0, X-CUBE-AZRTOS-L4_V1.0.0, X-CUBE-AZRTOS-L4_V2.0.0, X-CUBE-AZRTOS-L5_V1.1.0, X-CUBE-AZRTOS-WB_V2.0.0, X-CUBE-AZRTOS-WL_V2.0.0, X-CUBE-BLE1_V7.0.0, X-CUBE-BLE2_V3.3.0, X-CUBE-BLEMGR_V3.0.0, X-CUBE-EEPRMA1_V4.1.0, X-CUBE-EEPRMA1_V5.1.0, X-CUBE-FREERTOS_V1.1.0, X-CUBE-GNSS1_V6.0.0, X-CUBE-MEMS1_V10.0.0, X-CUBE-MEMS1_V9.1.0, X-CUBE-MEMS1_V9.4.0, X-CUBE-MEMS1_V9.6.0, X-CUBE-NFC4_V3.0.0, X-CUBE-NFC7_V1.0.1, X-CUBE-SFXS2LP1_V4.0.0, X-CUBE-SUBG2_V5.0.0, X-CUBE-TOF1_V3.4.0]
2024-03-17 16:49:19,787 [INFO] ApiDb:240 - Found 323 in-development CPN: [B-G473E-ZEST1S, B-WB1M-WPAN1, B-WL5M-SUBG1, NUCLEO-C031C6, NUCLEO-H503RB, NUCLEO-H563ZI, NUCLEO-U545RE-Q, NUCLEO-U5A5ZJ-Q, NUCLEO-WBA52CG, STEVAL-PROTEUS1, STEVAL-SMARTAG2, STEVAL-STWINBX1, STM320518-EVAL, STM32C0116-DK, STM32C011D6Y3TR, STM32C011D6Y6TR, STM32C011F4P3, STM32C011F4P6, STM32C011F4U3, STM32C011F4U6TR, STM32C011F6P3, STM32C011F6P6, STM32C011F6U3, STM32C011F6U6TR, STM32C011J4M3, STM32C011J4M6, STM32C011J6M3, STM32C011J6M6, STM32C0316-DK, STM32C031C4T3, STM32C031C4T6, STM32C031C4U3, STM32C031C4U6, STM32C031C6T3, STM32C031C6T6, STM32C031C6U3, STM32C031C6U6, STM32C031F4P3, STM32C031F4P6, STM32C031F6P3, STM32C031F6P6, STM32C031G4U3, STM32C031G4U6, STM32C031G6U3, STM32C031G6U6, STM32C031K4T3, STM32C031K4T6, STM32C031K4U3, STM32C031K4U6, STM32C031K6T3, STM32C031K6T6, STM32C031K6U3, STM32C031K6U6, STM32G071K8TXN, STM32G071K8UXN, STM32G081GBU6N, STM32G081KBT6N, STM32G081KBUXN, STM32G0B1CCT6N, STM32G0B1KCT6, STM32G0B1NEY6TR, STM32G0B1RCT6N, STM32G0C1CCT6, STM32G0C1CCT6N, STM32G0C1CCU6N, STM32G0C1CET6N, STM32G0C1CEU6N, STM32G0C1KCT6, STM32G0C1NEY6TR, STM32G0C1RCI6N, STM32G0C1RCT6N, STM32G0C1REI6N, STM32G0C1RET6N, STM32G0C1VCI6, STM32G0C1VEI6, STM32G471CCT6, STM32G471CCU6, STM32G471CET3, STM32G471CET6, STM32G471CEU3, STM32G471CEU6, STM32G471MCT6, STM32G471MET3, STM32G471MET6, STM32G471MEY6TR, STM32G471QCT6, STM32G471QET3, STM32G471RCT6, STM32G471RET3, STM32G471RET6, STM32G471VCH6, STM32G471VCI6, STM32G471VCT6, STM32G471VEH3, STM32G471VEH6, STM32G471VEI3, STM32G471VEI6, STM32G471VET3, STM32G471VET6, STM32G474CCT6, STM32H503CBT6, STM32H503CBU6, STM32H503EBY6TR, STM32H503KBU6, STM32H503RBT6, STM32H562AGI6, STM32H562AII6, STM32H562IGK6, STM32H562IGT6, STM32H562IIK6, STM32H562IIT6, STM32H562RGT6, STM32H562RGV6, STM32H562RIT6, STM32H562RIV6, STM32H562VGT6, STM32H562VIT6, STM32H562ZGT6, STM32H562ZIT6, STM32H563AGI6, STM32H563AII3Q, STM32H563AII6, STM32H563IGK6, STM32H563IGT6, STM32H563IIK3Q, STM32H563IIK6, STM32H563IIT3Q, STM32H563IIT6, STM32H563MIY3QTR, STM32H563RGT6, STM32H563RGV6, STM32H563RIT6, STM32H563RIV6, STM32H563VGT6, STM32H563VIT3Q, STM32H563VIT6, STM32H563ZGT6, STM32H563ZIT3Q, STM32H563ZIT6, STM32H573AII3Q, STM32H573AII6, STM32H573I-DK, STM32H573IIK3Q, STM32H573IIK6, STM32H573IIT3Q, STM32H573IIT6, STM32H573MIY3QTR, STM32H573RIT6, STM32H573RIV6, STM32H573VIT3Q, STM32H573VIT6, STM32H573ZIT3Q, STM32H573ZIT6, STM32L4R5QGI6STR, STM32MP131AAE3, STM32MP131AAF3, STM32MP131AAG3, STM32MP131CAE3, STM32MP131CAF3, STM32MP131CAG3, STM32MP131DAE7, STM32MP131DAF7, STM32MP131DAG7, STM32MP131FAE7, STM32MP131FAF7, STM32MP131FAG7, STM32MP133AAE3, STM32MP133AAF3, STM32MP133AAG3, STM32MP133CAE3, STM32MP133CAF3, STM32MP133CAG3, STM32MP133DAE7, STM32MP133DAF7, STM32MP133DAG7, STM32MP133FAE7, STM32MP133FAF7, STM32MP133FAG7, STM32MP135AAE3, STM32MP135AAF3, STM32MP135AAG3, STM32MP135CAE3, STM32MP135CAF3, STM32MP135CAG3, STM32MP135DAE7, STM32MP135DAF7, STM32MP135DAG7, STM32MP135F-DK, STM32MP135FAE7, STM32MP135FAF7, STM32MP135FAF7T, STM32MP135FAF7U, STM32MP135FAG7, STM32U535CBT6, STM32U535CBT6Q, STM32U535CBU6, STM32U535CBU6Q, STM32U535CCT6, STM32U535CCT6Q, STM32U535CCU6, STM32U535CCU6Q, STM32U535CET6, STM32U535CET6Q, STM32U535CEU6, STM32U535CEU6Q, STM32U535JEY6QTR, STM32U535NCY6QTR, STM32U535NEY6QTR, STM32U535RBI6, STM32U535RBI6Q, STM32U535RBT6, STM32U535RBT6Q, STM32U535RCI6, STM32U535RCI6Q, STM32U535RCT6, STM32U535RCT6Q, STM32U535REI6, STM32U535REI6Q, STM32U535RET6, STM32U535RET6Q, STM32U535VCI6, STM32U535VCI6Q, STM32U535VCT6, STM32U535VCT6Q, STM32U535VEI6, STM32U535VEI6Q, STM32U535VET6, STM32U535VET6Q, STM32U545CET6, STM32U545CET6Q, STM32U545CEU6, STM32U545CEU6Q, STM32U545JEY6QTR, STM32U545NEY6QTR, STM32U545REI6, STM32U545REI6Q, STM32U545RET6, STM32U545RET6Q, STM32U545VEI6, STM32U545VEI6Q, STM32U545VET6, STM32U545VET6Q, STM32U595AIH6, STM32U595AIH6Q, STM32U595AJH6, STM32U595AJH6Q, STM32U595QII6, STM32U595QII6Q, STM32U595QJI6, STM32U595QJI6Q, STM32U595RIT6, STM32U595RIT6Q, STM32U595RJT6, STM32U595RJT6Q, STM32U595VIT6, STM32U595VIT6Q, STM32U595VJT6, STM32U595VJT6Q, STM32U595ZIT6, STM32U595ZIT6Q, STM32U595ZIY6QTR, STM32U595ZJT6, STM32U595ZJT6Q, STM32U595ZJY6QTR, STM32U599BJY6QTR, STM32U599NIH6Q, STM32U599NJH6Q, STM32U599VIT6Q, STM32U599VJT6, STM32U599VJT6Q, STM32U599ZIT6Q, STM32U599ZIY6QTR, STM32U599ZJT6Q, STM32U599ZJY6QTR, STM32U5A5AJH6, STM32U5A5AJH6Q, STM32U5A5QJI6, STM32U5A5QJI6Q, STM32U5A5RJT6, STM32U5A5RJT6Q, STM32U5A5VJT6, STM32U5A5VJT6Q, STM32U5A5ZJT6, STM32U5A5ZJT6Q, STM32U5A5ZJY6QTR, STM32U5A9BJY6QTR, STM32U5A9J-DK, STM32U5A9NJH6Q, STM32U5A9VJT6Q, STM32U5A9ZJT6Q, STM32U5A9ZJY6QTR, STM32U5F7VIT6, STM32U5F7VIT6Q, STM32U5F7VJT6, STM32U5F7VJT6Q, STM32U5F9BJY6QTR, STM32U5F9NJH6Q, STM32U5F9VIT6Q, STM32U5F9VJT6Q, STM32U5F9ZIJ6QTR, STM32U5F9ZIT6Q, STM32U5F9ZJJ6QTR, STM32U5F9ZJT6Q, STM32U5G7VJT6, STM32U5G7VJT6Q, STM32U5G9BJY6QTR, STM32U5G9J-DK1, STM32U5G9J-DK2, STM32U5G9NJH6Q, STM32U5G9VJT6Q, STM32U5G9ZJJ6QTR, STM32U5G9ZJT6Q, STM32WB1MMCH6, STM32WBA52CEU6, STM32WBA52CEU6T, STM32WBA52CGU6, STM32WBA52CGU6T, STM32WBA52KEU6, STM32WBA52KEU6T, STM32WBA52KGU6, STM32WBA52KGU6T, STM32WL5MOCH6, STM32WL5MOCH6TR]
2024-03-17 16:49:19,791 [INFO] DbMcus:217 - Found 3882 MCUs, 3882 are supported
2024-03-17 16:49:19,792 [INFO] ApiDb:423 - Load user favorites file C:\Users\erkan/.stm32cubeide/favorites.mcus.txt: 0 item(s)
2024-03-17 16:49:19,792 [INFO] ApiDb:427 - User favorites MCUs=[]
2024-03-17 16:49:19,792 [INFO] DbMcus:223 - Set 0 / 0 favorites MCUs
2024-03-17 16:49:20,084 [WARN] ThirdParty:833 - waiting for thirdparty lock release [change project]
2024-03-17 16:49:20,084 [INFO] ThirdParty:835 - entering critical section [change project]
2024-03-17 16:49:20,084 [INFO] ThirdParty:1030 - CMSIS Pack Vendor :STMicroelectronics X-CUBE-ISPU 1.1.0
2024-03-17 16:49:20,084 [INFO] ThirdParty:1030 - CMSIS Pack Vendor :STMicroelectronics USBPD 4.1
2024-03-17 16:49:20,084 [INFO] ThirdParty:1030 - CMSIS Pack Vendor :RoweBots I-CUBE-UNISONRTOS 5.5.0-4
2024-03-17 16:49:20,084 [INFO] ThirdParty:1030 - CMSIS Pack Vendor :STMicroelectronics X-CUBE-GNSS1 6.0.0
2024-03-17 16:49:20,084 [INFO] ThirdParty:1030 - CMSIS Pack Vendor :STMicroelectronics USB_HOST 2.0.0
2024-03-17 16:49:20,084 [INFO] ThirdParty:1030 - CMSIS Pack Vendor :STMicroelectronics X-CUBE-AZRTOS-F4 1.1.0
2024-03-17 16:49:20,084 [INFO] ThirdParty:1030 - CMSIS Pack Vendor :STMicroelectronics LIBJPEG 8.0.0
2024-03-17 16:49:20,085 [INFO] ThirdParty:1030 - CMSIS Pack Vendor :STMicroelectronics X-CUBE-SMBUS 2.1.0
2024-03-17 16:49:20,085 [INFO] ThirdParty:1030 - CMSIS Pack Vendor :STMicroelectronics USB_DEVICE 3.0.0
2024-03-17 16:49:20,085 [INFO] ThirdParty:1030 - CMSIS Pack Vendor :STMicroelectronics X-CUBE-AI 8.0.0
2024-03-17 16:49:20,085 [INFO] ThirdParty:1030 - CMSIS Pack Vendor :STMicroelectronics X-CUBE-AZRTOS-WB 2.0.0
2024-03-17 16:49:20,085 [INFO] ThirdParty:1030 - CMSIS Pack Vendor :STMicroelectronics X-CUBE-FREERTOS 1.0.1
2024-03-17 16:49:20,085 [INFO] ThirdParty:1030 - CMSIS Pack Vendor :STMicroelectronics X-CUBE-TOUCHGFX 4.21.1
2024-03-17 16:49:20,085 [INFO] ThirdParty:1030 - CMSIS Pack Vendor :STMicroelectronics X-CUBE-TOUCHGFX 4.23.0
2024-03-17 16:49:20,085 [INFO] ThirdParty:1030 - CMSIS Pack Vendor :STMicroelectronics X-CUBE-AZRTOS-F7 1.1.0
2024-03-17 16:49:20,085 [INFO] ThirdParty:1030 - CMSIS Pack Vendor :STMicroelectronics X-CUBE-AZRTOS-L5 2.0.0
2024-03-17 16:49:20,085 [INFO] ThirdParty:1030 - CMSIS Pack Vendor :STMicroelectronics USB_DEVICE 2.0.0
2024-03-17 16:49:20,085 [INFO] ThirdParty:1030 - CMSIS Pack Vendor :STMicroelectronics X-CUBE-AI 7.3.0
2024-03-17 16:49:20,085 [INFO] ThirdParty:1030 - CMSIS Pack Vendor :STMicroelectronics X-CUBE-MEMS1 9.6.0
2024-03-17 16:49:20,085 [INFO] ThirdParty:1030 - CMSIS Pack Vendor :STMicroelectronics X-CUBE-EEPRMA1 4.2.0
2024-03-17 16:49:20,085 [INFO] ThirdParty:1030 - CMSIS Pack Vendor :ITTIA_DB I-CUBE-ITTIADB 8.8.0
2024-03-17 16:49:20,085 [INFO] ThirdParty:1030 - CMSIS Pack Vendor :STMicroelectronics FP-SNS-MOTENV1 4.3.2
2024-03-17 16:49:20,085 [INFO] ThirdParty:1030 - CMSIS Pack Vendor :STMicroelectronics X-CUBE-ALGOBUILD 1.3.0
2024-03-17 16:49:20,085 [INFO] ThirdParty:1030 - CMSIS Pack Vendor :STMicroelectronics X-CUBE-BLE1 6.2.4
2024-03-17 16:49:20,085 [INFO] ThirdParty:1030 - CMSIS Pack Vendor :STMicroelectronics X-CUBE-AZRTOS-L5 1.1.0
2024-03-17 16:49:20,085 [INFO] ThirdParty:1030 - CMSIS Pack Vendor :STMicroelectronics FreeRTOS 0.0.1
2024-03-17 16:49:20,085 [INFO] ThirdParty:1030 - CMSIS Pack Vendor :STMicroelectronics X-CUBE-AZRTOS-G0 1.1.0
2024-03-17 16:49:20,085 [INFO] ThirdParty:1030 - CMSIS Pack Vendor :emotas I-CUBE-CANOPEN 1.1.3
2024-03-17 16:49:20,086 [INFO] ThirdParty:1030 - CMSIS Pack Vendor :STMicroelectronics X-CUBE-BLEMGR 2.0.0
2024-03-17 16:49:20,086 [INFO] ThirdParty:1030 - CMSIS Pack Vendor :STMicroelectronics X-CUBE-NFC4 3.0.0
2024-03-17 16:49:20,086 [INFO] ThirdParty:1030 - CMSIS Pack Vendor :STMicroelectronics X-CUBE-SUBG2 5.0.0
2024-03-17 16:49:20,086 [INFO] ThirdParty:1030 - CMSIS Pack Vendor :STMicroelectronics STM32_WPAN 1.0.0
2024-03-17 16:49:20,086 [INFO] ThirdParty:1030 - CMSIS Pack Vendor :STMicroelectronics lwIP 2.0.3
2024-03-17 16:49:20,086 [INFO] ThirdParty:1030 - CMSIS Pack Vendor :STMicroelectronics FP-SNS-FLIGHT1 5.0.2
2024-03-17 16:49:20,086 [INFO] ThirdParty:1030 - CMSIS Pack Vendor :STMicroelectronics USB_HOST 1.0.0
2024-03-17 16:49:20,086 [INFO] ThirdParty:1030 - CMSIS Pack Vendor :STMicroelectronics X-CUBE-TOF1 3.3.1
2024-03-17 16:49:20,086 [INFO] ThirdParty:1030 - CMSIS Pack Vendor :STMicroelectronics X-CUBE-AZRTOS-G4 2.0.0
2024-03-17 16:49:20,086 [INFO] ThirdParty:1030 - CMSIS Pack Vendor :STMicroelectronics PDM2PCM 3.1.0
2024-03-17 16:49:20,086 [INFO] ThirdParty:1030 - CMSIS Pack Vendor :STMicroelectronics X-CUBE-AZRTOS-H7 3.1.0
2024-03-17 16:49:20,086 [INFO] ThirdParty:1030 - CMSIS Pack Vendor :STMicroelectronics FP-ATR-ASTRA1 1.1.1
2024-03-17 16:49:20,086 [INFO] ThirdParty:1030 - CMSIS Pack Vendor :Infineon AIROC-Wi-Fi-Bluetooth-STM32 1.5.1
2024-03-17 16:49:20,086 [INFO] ThirdParty:1030 - CMSIS Pack Vendor :STMicroelectronics X-CUBE-BLEMGR 3.0.0
2024-03-17 16:49:20,086 [INFO] ThirdParty:1030 - CMSIS Pack Vendor :STMicroelectronics PDM2PCM 3.3.0
2024-03-17 16:49:20,086 [INFO] ThirdParty:1030 - CMSIS Pack Vendor :STMicroelectronics X-CUBE-DISPLAY 3.0.0
2024-03-17 16:49:20,086 [INFO] ThirdParty:1030 - CMSIS Pack Vendor :STMicroelectronics X-CUBE-BLEMGR 1.3.0
2024-03-17 16:49:20,086 [INFO] ThirdParty:1030 - CMSIS Pack Vendor :STMicroelectronics FP-SNS-MOTENVWB1 1.3.0
2024-03-17 16:49:20,086 [INFO] ThirdParty:1030 - CMSIS Pack Vendor :STMicroelectronics FP-SNS-MOTENVWB1 1.3.1
2024-03-17 16:49:20,086 [INFO] ThirdParty:1030 - CMSIS Pack Vendor :STMicroelectronics X-CUBE-BLE1 7.0.0
2024-03-17 16:49:20,086 [INFO] ThirdParty:1030 - CMSIS Pack Vendor :STMicroelectronics FP-ATR-SIGFOX1 3.2.0
2024-03-17 16:49:20,086 [INFO] ThirdParty:1030 - CMSIS Pack Vendor :STMicroelectronics X-CUBE-AZRTOS-G4 1.0.0
2024-03-17 16:49:20,086 [INFO] ThirdParty:1030 - CMSIS Pack Vendor :wolfSSL I-CUBE-wolfSSL 5.5.4
2024-03-17 16:49:20,086 [INFO] ThirdParty:1030 - CMSIS Pack Vendor :STMicroelectronics X-CUBE-AZRTOS-L4 1.0.0
2024-03-17 16:49:20,086 [INFO] ThirdParty:1030 - CMSIS Pack Vendor :STMicroelectronics X-CUBE-ISPU 2.0.0
2024-03-17 16:49:20,086 [INFO] ThirdParty:1030 - CMSIS Pack Vendor :STMicroelectronics X-CUBE-EEPRMA1 5.1.0
2024-03-17 16:49:20,086 [INFO] ThirdParty:1030 - CMSIS Pack Vendor :STMicroelectronics HAL Drivers 0.0.0
2024-03-17 16:49:20,087 [INFO] ThirdParty:1030 - CMSIS Pack Vendor :STMicroelectronics MBEDTLS 2.16.2
2024-03-17 16:49:20,087 [INFO] ThirdParty:1030 - CMSIS Pack Vendor :STMicroelectronics X-CUBE-MEMS1 10.0.0
2024-03-17 16:49:20,087 [INFO] ThirdParty:1030 - CMSIS Pack Vendor :STMicroelectronics X-CUBE-FREERTOS 1.1.0
2024-03-17 16:49:20,087 [INFO] ThirdParty:1030 - CMSIS Pack Vendor :STMicroelectronics X-CUBE-TOUCHGFX 4.22.0
2024-03-17 16:49:20,087 [INFO] ThirdParty:1030 - CMSIS Pack Vendor :STMicroelectronics X-CUBE-NFC7 1.0.1
2024-03-17 16:49:20,087 [INFO] ThirdParty:1030 - CMSIS Pack Vendor :STMicroelectronics MBEDTLS 2.14.1
2024-03-17 16:49:20,087 [INFO] ThirdParty:1030 - CMSIS Pack Vendor :STMicroelectronics X-CUBE-NFC7 1.0.0
2024-03-17 16:49:20,087 [INFO] ThirdParty:1030 - CMSIS Pack Vendor :STMicroelectronics X-CUBE-TOUCHGFX 4.22.1
2024-03-17 16:49:20,087 [INFO] ThirdParty:1030 - CMSIS Pack Vendor :STMicroelectronics X-CUBE-AZRTOS-WL 1.0.0
2024-03-17 16:49:20,087 [INFO] ThirdParty:1030 - CMSIS Pack Vendor :STMicroelectronics X-CUBE-NFC6 3.0.0
2024-03-17 16:49:20,087 [INFO] ThirdParty:1030 - CMSIS Pack Vendor :STMicroelectronics X-CUBE-EEPRMA1 4.1.0
2024-03-17 16:49:20,087 [INFO] ThirdParty:1030 - CMSIS Pack Vendor :portGmbH I-Cube-SoM-uGOAL 1.1.0
2024-03-17 16:49:20,087 [INFO] ThirdParty:1030 - CMSIS Pack Vendor :STMicroelectronics X-CUBE-ALS 1.0.1
2024-03-17 16:49:20,087 [INFO] ThirdParty:1030 - CMSIS Pack Vendor :STMicroelectronics X-CUBE-MEMS1 9.5.0
2024-03-17 16:49:20,087 [INFO] ThirdParty:1030 - CMSIS Pack Vendor :STMicroelectronics X-CUBE-BLEMGR 3.1.0
2024-03-17 16:49:20,087 [INFO] ThirdParty:1030 - CMSIS Pack Vendor :STMicroelectronics ThreadX 1.0.0
2024-03-17 16:49:20,087 [INFO] ThirdParty:1030 - CMSIS Pack Vendor :STMicroelectronics FP-SNS-SMARTAG2 1.2.0
2024-03-17 16:49:20,087 [INFO] ThirdParty:1030 - CMSIS Pack Vendor :STMicroelectronics X-CUBE-AZRTOS-WB 1.1.0
2024-03-17 16:49:20,087 [INFO] ThirdParty:1030 - CMSIS Pack Vendor :STMicroelectronics X-CUBE-AZRTOS-WL 2.0.0
2024-03-17 16:49:20,087 [INFO] ThirdParty:1030 - CMSIS Pack Vendor :SEGGER I-CUBE-embOS 1.3.1
2024-03-17 16:49:20,087 [INFO] ThirdParty:1030 - CMSIS Pack Vendor :STMicroelectronics USB_DEVICE 1.0.0
2024-03-17 16:49:20,087 [INFO] ThirdParty:1030 - CMSIS Pack Vendor :STMicroelectronics X-CUBE-AI 8.1.0
2024-03-17 16:49:20,087 [INFO] ThirdParty:1030 - CMSIS Pack Vendor :STMicroelectronics X-CUBE-AZRTOS-L4 2.0.0
2024-03-17 16:49:20,087 [INFO] ThirdParty:1030 - CMSIS Pack Vendor :STMicroelectronics ThreadX 0.0.2
2024-03-17 16:49:20,087 [INFO] ThirdParty:1030 - CMSIS Pack Vendor :WES I-CUBE-Cesium 1.3.0
2024-03-17 16:49:20,087 [INFO] ThirdParty:1030 - CMSIS Pack Vendor :STMicroelectronics FP-ATR-ASTRA1 2.0.0
2024-03-17 16:49:20,087 [INFO] ThirdParty:1030 - CMSIS Pack Vendor :STMicroelectronics lwIP 2.1.2
2024-03-17 16:49:20,087 [INFO] ThirdParty:1030 - CMSIS Pack Vendor :STMicroelectronics X-CUBE-SFXS2LP1 4.0.0
2024-03-17 16:49:20,087 [INFO] ThirdParty:1030 - CMSIS Pack Vendor :STMicroelectronics X-CUBE-BLE2 3.3.0
2024-03-17 16:49:20,087 [INFO] ThirdParty:1030 - CMSIS Pack Vendor :STMicroelectronics X-CUBE-TOF1 3.4.0
2024-03-17 16:49:20,087 [INFO] ThirdParty:1030 - CMSIS Pack Vendor :STMicroelectronics X-CUBE-TOF1 3.4.1
2024-03-17 16:49:20,088 [INFO] ThirdParty:1030 - CMSIS Pack Vendor :STMicroelectronics X-CUBE-TOF1 3.2.0
2024-03-17 16:49:20,088 [INFO] ThirdParty:1030 - CMSIS Pack Vendor :STMicroelectronics X-CUBE-AZRTOS-H7 3.2.0
2024-03-17 16:49:20,088 [INFO] ThirdParty:1030 - CMSIS Pack Vendor :STMicroelectronics PDM2PCM 3.2.0
2024-03-17 16:49:20,088 [INFO] ThirdParty:1030 - CMSIS Pack Vendor :STMicroelectronics X-CUBE-AZRTOS-H7 3.0.0
2024-03-17 16:49:20,088 [INFO] ThirdParty:841 - exiting critical section [change project]
2024-03-17 16:49:20,498 [INFO] PinOutPanel:1499 - setPackage(No Configuration,No Configuration)
2024-03-17 16:49:20,501 [INFO] PinOutPanel:1499 - setPackage(STM32F407VGTx,LQFP100)
2024-03-17 16:49:21,066 [INFO] UtilMem:75 - Before build in PCC Used Memory: 680608320 Bytes (1073741824)
2024-03-17 16:49:21,904 [INFO] UtilMem:75 - After build in PCC Used Memory: 772883008 Bytes (1073741824)
2024-03-17 16:49:21,934 [INFO] IPUIPlugin:80 - create IPUIPlugin
2024-03-17 16:49:21,934 [INFO] IPUIPlugin:80 - create IPUIPlugin
2024-03-17 16:49:21,934 [INFO] IPUIPlugin:80 - create IPUIPlugin
2024-03-17 16:49:21,934 [INFO] IPUIPlugin:80 - create IPUIPlugin
2024-03-17 16:49:21,934 [INFO] IPUIPlugin:80 - create IPUIPlugin
2024-03-17 16:49:21,935 [INFO] IPUIPlugin:80 - create IPUIPlugin
2024-03-17 16:49:21,935 [INFO] IPUIPlugin:80 - create IPUIPlugin
2024-03-17 16:49:21,935 [INFO] IPUIPlugin:80 - create IPUIPlugin
2024-03-17 16:49:21,935 [INFO] IPUIPlugin:80 - create IPUIPlugin
2024-03-17 16:49:21,936 [INFO] IPUIPlugin:80 - create IPUIPlugin
2024-03-17 16:49:21,936 [INFO] IPUIPlugin:80 - create IPUIPlugin
2024-03-17 16:49:21,936 [INFO] IPUIPlugin:80 - create IPUIPlugin
2024-03-17 16:49:21,936 [INFO] IPUIPlugin:80 - create IPUIPlugin
2024-03-17 16:49:21,936 [INFO] IPUIPlugin:80 - create IPUIPlugin
2024-03-17 16:49:21,936 [INFO] IPUIPlugin:80 - create IPUIPlugin
2024-03-17 16:49:21,937 [INFO] IPUIPlugin:80 - create IPUIPlugin
2024-03-17 16:49:21,937 [INFO] IPUIPlugin:80 - create IPUIPlugin
2024-03-17 16:49:21,937 [INFO] IPUIPlugin:80 - create IPUIPlugin
2024-03-17 16:49:21,937 [INFO] IPUIPlugin:80 - create IPUIPlugin
2024-03-17 16:49:21,937 [INFO] IPUIPlugin:80 - create IPUIPlugin
2024-03-17 16:49:21,937 [INFO] IPUIPlugin:80 - create IPUIPlugin
2024-03-17 16:49:21,937 [INFO] IPUIPlugin:80 - create IPUIPlugin
2024-03-17 16:49:21,937 [INFO] IPUIPlugin:80 - create IPUIPlugin
2024-03-17 16:49:21,937 [INFO] IPUIPlugin:80 - create IPUIPlugin
2024-03-17 16:49:21,937 [INFO] IPUIPlugin:80 - create IPUIPlugin
2024-03-17 16:49:21,938 [INFO] IPUIPlugin:80 - create IPUIPlugin
2024-03-17 16:49:21,938 [INFO] IPUIPlugin:80 - create IPUIPlugin
2024-03-17 16:49:21,938 [INFO] IPUIPlugin:80 - create IPUIPlugin
2024-03-17 16:49:21,938 [INFO] IPUIPlugin:80 - create IPUIPlugin
2024-03-17 16:49:21,938 [INFO] IPUIPlugin:80 - create IPUIPlugin
2024-03-17 16:49:21,938 [INFO] IPUIPlugin:80 - create IPUIPlugin
2024-03-17 16:49:21,939 [INFO] IPUIPlugin:80 - create IPUIPlugin
2024-03-17 16:49:21,939 [INFO] IPUIPlugin:80 - create IPUIPlugin
2024-03-17 16:49:21,939 [INFO] IPUIPlugin:80 - create IPUIPlugin
2024-03-17 16:49:21,939 [INFO] IPUIPlugin:80 - create IPUIPlugin
2024-03-17 16:49:21,939 [INFO] IPUIPlugin:80 - create IPUIPlugin
2024-03-17 16:49:21,939 [INFO] IPUIPlugin:80 - create IPUIPlugin
2024-03-17 16:49:21,940 [INFO] IPUIPlugin:80 - create IPUIPlugin
2024-03-17 16:49:21,940 [INFO] IPUIPlugin:80 - create IPUIPlugin
2024-03-17 16:49:21,940 [INFO] IPUIPlugin:80 - create IPUIPlugin
2024-03-17 16:49:21,940 [INFO] IPUIPlugin:80 - create IPUIPlugin
2024-03-17 16:49:21,940 [INFO] IPUIPlugin:80 - create IPUIPlugin
2024-03-17 16:49:21,940 [INFO] IPUIPlugin:80 - create IPUIPlugin
2024-03-17 16:49:21,940 [INFO] IPUIPlugin:80 - create IPUIPlugin
2024-03-17 16:49:21,941 [INFO] IPUIPlugin:80 - create IPUIPlugin
2024-03-17 16:49:21,941 [INFO] IPUIPlugin:80 - create IPUIPlugin
2024-03-17 16:49:21,941 [INFO] IPUIPlugin:80 - create IPUIPlugin
2024-03-17 16:49:21,941 [INFO] IPUIPlugin:80 - create IPUIPlugin
2024-03-17 16:49:21,941 [INFO] IPUIPlugin:80 - create IPUIPlugin
2024-03-17 16:49:21,942 [INFO] IPUIPlugin:80 - create IPUIPlugin
2024-03-17 16:49:21,942 [INFO] IPUIPlugin:80 - create IPUIPlugin
2024-03-17 16:49:21,942 [INFO] IPUIPlugin:80 - create IPUIPlugin
2024-03-17 16:49:21,944 [INFO] IPUIPlugin:80 - create IPUIPlugin
2024-03-17 16:49:21,944 [INFO] IPUIPlugin:80 - create IPUIPlugin
2024-03-17 16:49:21,944 [INFO] IPUIPlugin:80 - create IPUIPlugin
2024-03-17 16:49:21,945 [INFO] IPUIPlugin:80 - create IPUIPlugin
2024-03-17 16:49:21,945 [INFO] IPUIPlugin:80 - create IPUIPlugin
2024-03-17 16:49:21,946 [INFO] IPUIPlugin:80 - create IPUIPlugin
2024-03-17 16:49:22,056 [INFO] ApiDbMcu:507 - Load IP Config File for PDM2PCM
2024-03-17 16:49:22,070 [WARN] IP:2114 - I2C_Coeff_DF not found: check if there is a RefParameter without a condition.
2024-03-17 16:49:22,070 [WARN] IP:2114 - Analog_Filter not found: check if there is a RefParameter without a condition.
2024-03-17 16:49:22,327 [INFO] CADModel:165 - CPN selected for project levelSTM32F407VGT6
2024-03-17 16:49:22,327 [INFO] CADModel:114 - Register for checkConnection events
2024-03-17 16:49:22,379 [INFO] OpenFileManager:328 - Restore cursor
2024-03-17 16:49:22,541 [WARN] IP:2114 - I2C_Coeff_DF not found: check if there is a RefParameter without a condition.
2024-03-17 16:49:22,541 [WARN] IP:2114 - Analog_Filter not found: check if there is a RefParameter without a condition.
2024-03-17 16:49:22,542 [WARN] IP:2114 - I2C_Coeff_DF not found: check if there is a RefParameter without a condition.
2024-03-17 16:49:22,542 [WARN] IP:2114 - Analog_Filter not found: check if there is a RefParameter without a condition.
2024-03-17 19:28:54,701 [ERROR] LogOutputStream:75 - [STDERR_REDIRECT] 
