2023-12-12 18:13:15,970 [INFO] Activator:176 - 


2023-12-12 18:13:15,981 [INFO] Activator:177 - !SESSION log4j initialized
2023-12-12 18:13:23,772 [INFO] LogOutputStream:77 - [STDOUT_REDIRECT] 
2023-12-12 18:13:25,887 [INFO] ApplicationProperties:184 - Using Application install path: C:\ST\STM32CubeIDE_1.11.2\STM32CubeIDE\plugins\com.st.stm32cube.common.mx_6.9.2.202309101412
2023-12-12 18:13:25,913 [INFO] DbMcusXml:78 - Set database path to: C:\ST\STM32CubeIDE_1.11.2\STM32CubeIDE\plugins\com.st.stm32cube.common.mx_6.9.2.202309101412\\db\/mcu/
2023-12-12 18:13:25,913 [INFO] ApiDb:274 - Set plugin database path to: C:\ST\STM32CubeIDE_1.11.2\STM32CubeIDE\plugins\com.st.stm32cube.common.mx_6.9.2.202309101412\\db\/plugins/boardmanager/
2023-12-12 18:13:25,914 [WARN] ApiDb:259 - Overriding images path with different value:  => C:\ST\STM32CubeIDE_1.11.2\STM32CubeIDE\plugins\com.st.stm32cube.common.mx_6.9.2.202309101412\\db\/plugins/mcufinder/images/
2023-12-12 18:13:25,935 [INFO] ApiDb:250 - Set database path to: C:\Users\erkan\.stmcufinder\plugins\mcufinder//mcu/
2023-12-12 18:13:25,936 [INFO] DbMcusAds:125 - Set database path to: C:\Users\erkan\.stmcufinder\plugins\mcufinder//mcu/
2023-12-12 18:13:25,940 [INFO] CrossReferenceDbSqlite:203 - Set database path to: C:\Users\erkan\.stmcufinder\plugins\mcufinder//mcu/cs/
2023-12-12 18:13:26,067 [INFO] RulesReader:64 - Compatibility file has been processed (293 Rules)
2023-12-12 18:13:26,185 [INFO] DbMcusXml:78 - Set database path to: C:\ST\STM32CubeIDE_1.11.2\STM32CubeIDE\plugins\com.st.stm32cube.common.mx_6.9.2.202309101412\\db\/mcu/
2023-12-12 18:13:26,185 [INFO] ApiDb:274 - Set plugin database path to: C:\ST\STM32CubeIDE_1.11.2\STM32CubeIDE\plugins\com.st.stm32cube.common.mx_6.9.2.202309101412\\db\/plugins/boardmanager/
2023-12-12 18:13:26,185 [INFO] ApiDb:261 - Set plugin images path to: C:\ST\STM32CubeIDE_1.11.2\STM32CubeIDE\plugins\com.st.stm32cube.common.mx_6.9.2.202309101412\\db\/plugins/mcufinder/images/
2023-12-12 18:13:26,186 [WARN] DbFile:41 - Overriding database path with different value: C:\Users\erkan\.stmcufinder\plugins\mcufinder/ => C:\Users\erkan\.stmcufinder\plugins\mcufinder
2023-12-12 18:13:26,186 [INFO] ApiDb:250 - Set database path to: C:\Users\erkan\.stmcufinder\plugins\mcufinder//mcu/
2023-12-12 18:13:26,186 [WARN] DbFile:41 - Overriding database path with different value: C:\Users\erkan\.stmcufinder\plugins\mcufinder/ => C:\Users\erkan\.stmcufinder\plugins\mcufinder
2023-12-12 18:13:26,186 [INFO] DbMcusAds:125 - Set database path to: C:\Users\erkan\.stmcufinder\plugins\mcufinder//mcu/
2023-12-12 18:13:26,186 [WARN] DbFile:41 - Overriding database path with different value: C:\Users\erkan\.stmcufinder\plugins\mcufinder/ => C:\Users\erkan\.stmcufinder\plugins\mcufinder
2023-12-12 18:13:26,186 [WARN] DbFile:41 - Overriding database path with different value: C:\Users\erkan\.stmcufinder\plugins\mcufinder/ => C:\Users\erkan\.stmcufinder\plugins\mcufinder
2023-12-12 18:13:26,186 [INFO] CrossReferenceDbSqlite:203 - Set database path to: C:\Users\erkan\.stmcufinder\plugins\mcufinder//mcu/cs/
2023-12-12 18:13:26,296 [INFO] MainPanel:262 - HeapMemory: 268435456
2023-12-12 18:13:26,403 [INFO] DbMcusXml:78 - Set database path to: C:\ST\STM32CubeIDE_1.11.2\STM32CubeIDE\plugins\com.st.stm32cube.common.mx_6.9.2.202309101412\\db\/mcu/
2023-12-12 18:13:26,403 [INFO] ApiDb:274 - Set plugin database path to: C:\ST\STM32CubeIDE_1.11.2\STM32CubeIDE\plugins\com.st.stm32cube.common.mx_6.9.2.202309101412\\db\/plugins/boardmanager/
2023-12-12 18:13:26,403 [INFO] ApiDb:261 - Set plugin images path to: C:\ST\STM32CubeIDE_1.11.2\STM32CubeIDE\plugins\com.st.stm32cube.common.mx_6.9.2.202309101412\\db\/plugins/mcufinder/images/
2023-12-12 18:13:26,404 [WARN] DbFile:41 - Overriding database path with different value: C:\Users\erkan\.stmcufinder\plugins\mcufinder/ => C:\Users\erkan\.stmcufinder\plugins\mcufinder
2023-12-12 18:13:26,404 [INFO] ApiDb:250 - Set database path to: C:\Users\erkan\.stmcufinder\plugins\mcufinder//mcu/
2023-12-12 18:13:26,405 [WARN] DbFile:41 - Overriding database path with different value: C:\Users\erkan\.stmcufinder\plugins\mcufinder/ => C:\Users\erkan\.stmcufinder\plugins\mcufinder
2023-12-12 18:13:26,405 [INFO] DbMcusAds:125 - Set database path to: C:\Users\erkan\.stmcufinder\plugins\mcufinder//mcu/
2023-12-12 18:13:26,405 [WARN] DbFile:41 - Overriding database path with different value: C:\Users\erkan\.stmcufinder\plugins\mcufinder/ => C:\Users\erkan\.stmcufinder\plugins\mcufinder
2023-12-12 18:13:26,405 [WARN] DbFile:41 - Overriding database path with different value: C:\Users\erkan\.stmcufinder\plugins\mcufinder/ => C:\Users\erkan\.stmcufinder\plugins\mcufinder
2023-12-12 18:13:26,405 [INFO] CrossReferenceDbSqlite:203 - Set database path to: C:\Users\erkan\.stmcufinder\plugins\mcufinder//mcu/cs/
2023-12-12 18:13:26,443 [INFO] ApplicationProperties:184 - Using Application install path: C:\ST\STM32CubeIDE_1.11.2\STM32CubeIDE\plugins\com.st.stm32cube.common.mx_6.9.2.202309101412
2023-12-12 18:13:26,445 [INFO] PluginManage:196 - Search for loadable plugins [exclusion list=, ]
2023-12-12 18:13:26,447 [INFO] PluginManage:310 - Check plugin analytics
2023-12-12 18:13:26,640 [INFO] AnalyticsPlugin:253 - Accepted Software Licenses: STM32CubeMX.6.9.2
2023-12-12 18:13:26,640 [INFO] AnalyticsPlugin:255 - Accepted CMSIS Pack Licenses: 
2023-12-12 18:13:26,640 [INFO] AnalyticsPlugin:257 - Accepted Firmware Licenses: 
2023-12-12 18:13:26,643 [INFO] PluginManage:359 - Loaded plugin analytics (category:tool,tabindex:-1)
2023-12-12 18:13:26,644 [INFO] PluginManage:310 - Check plugin cadmodel
2023-12-12 18:13:26,661 [INFO] CADModel:105 - Init CAD model plugin
2023-12-12 18:13:26,662 [INFO] PluginManage:359 - Loaded plugin cadmodel (category:power,tabindex:5)
2023-12-12 18:13:26,662 [INFO] PluginManage:310 - Check plugin clock
2023-12-12 18:13:26,683 [INFO] PluginManage:359 - Loaded plugin clock (category:base,tabindex:2)
2023-12-12 18:13:26,683 [INFO] PluginManage:310 - Check plugin ddr
2023-12-12 18:13:26,687 [INFO] PluginManage:359 - Loaded plugin ddr (category:tool,tabindex:6)
2023-12-12 18:13:26,687 [INFO] PluginManage:310 - Check plugin filemanager
2023-12-12 18:13:26,844 [INFO] PluginManage:359 - Loaded plugin filemanager (category:base,tabindex:10)
2023-12-12 18:13:26,845 [INFO] PluginManage:310 - Check plugin ipmanager
2023-12-12 18:13:26,856 [INFO] PluginManage:359 - Loaded plugin ipmanager (category:base,tabindex:5)
2023-12-12 18:13:26,856 [INFO] PluginManage:310 - Check plugin lpbam
2023-12-12 18:13:26,874 [INFO] PluginManage:359 - Loaded plugin lpbam (category:base,tabindex:0)
2023-12-12 18:13:26,875 [INFO] PluginManage:310 - Check plugin memorymap
2023-12-12 18:13:26,901 [INFO] PluginManage:359 - Loaded plugin memorymap (category:base,tabindex:4)
2023-12-12 18:13:26,902 [INFO] PluginManage:310 - Check plugin pinoutandconfiguration
2023-12-12 18:13:26,921 [INFO] PluginManage:359 - Loaded plugin pinoutandconfiguration (category:base,tabindex:1)
2023-12-12 18:13:26,921 [INFO] PluginManage:310 - Check plugin pinoutconfig
2023-12-12 18:13:27,030 [WARN] SupportedApi:132 - Cannot load RTOS API schema: s4s-elt-must-match.1: The content of 'definitions' must match (annotation?, (simpleType | complexType)?, (unique | key | keyref)*)). A problem was found starting at: attribute.
2023-12-12 18:13:27,191 [INFO] PluginManage:359 - Loaded plugin pinoutconfig (category:base,tabindex:0)
2023-12-12 18:13:27,192 [INFO] PluginManage:310 - Check plugin power
2023-12-12 18:13:27,225 [INFO] PluginManage:359 - Loaded plugin power (category:power,tabindex:4)
2023-12-12 18:13:27,225 [INFO] PluginManage:310 - Check plugin projectmanager
2023-12-12 18:13:27,243 [INFO] PluginManage:359 - Loaded plugin projectmanager (category:projectmanager,tabindex:3)
2023-12-12 18:13:27,243 [INFO] PluginManage:310 - Check plugin thirdparty
2023-12-12 18:13:27,634 [INFO] PluginManage:359 - Loaded plugin thirdparty (category:base,tabindex:-1)
2023-12-12 18:13:27,634 [WARN] IntegrityCheckThread:84 - waiting for thirdparty lock release [integrity check]
2023-12-12 18:13:27,634 [INFO] IntegrityCheckThread:86 - entering critical section [integrity check]
2023-12-12 18:13:27,634 [INFO] PluginManage:310 - Check plugin tools
2023-12-12 18:13:27,635 [INFO] ThirdPartyUpdaterWithRetryManager:70 - Updater plugin not ready yet. [1/15]
2023-12-12 18:13:27,671 [INFO] PluginManage:359 - Loaded plugin tools (category:base,tabindex:7)
2023-12-12 18:13:27,671 [INFO] PluginManage:310 - Check plugin tutovideos
2023-12-12 18:13:27,884 [INFO] PluginManage:359 - Loaded plugin tutovideos (category:base,tabindex:-1)
2023-12-12 18:13:27,884 [INFO] PluginManage:310 - Check plugin updater
2023-12-12 18:13:27,913 [INFO] PluginManage:359 - Loaded plugin updater (category:base,tabindex:12)
2023-12-12 18:13:27,913 [INFO] PluginManage:310 - Check plugin userauth
2023-12-12 18:13:27,919 [INFO] UserAuth:113 - Init User Auth plugin
2023-12-12 18:13:27,919 [INFO] PluginManage:359 - Loaded plugin userauth (category:base,tabindex:14)
2023-12-12 18:13:27,919 [INFO] PluginManage:283 - PluginManage : Loaded plugins [17]
2023-12-12 18:13:28,177 [INFO] PinOutPanel:1499 - setPackage(No Configuration,No Configuration)
2023-12-12 18:13:28,306 [INFO] CADModel:165 - CPN selected for project level
2023-12-12 18:13:28,306 [INFO] CADModel:114 - Register for checkConnection events
2023-12-12 18:13:28,338 [INFO] IPUIPlugin:80 - create IPUIPlugin
2023-12-12 18:13:28,338 [INFO] PluginManager:220 - loadIPPluginJar : add adc
2023-12-12 18:13:28,373 [INFO] IPUIPlugin:80 - create IPUIPlugin
2023-12-12 18:13:28,373 [INFO] PluginManager:220 - loadIPPluginJar : add aes
2023-12-12 18:13:28,418 [INFO] IPUIPlugin:80 - create IPUIPlugin
2023-12-12 18:13:28,418 [INFO] PluginManager:220 - loadIPPluginJar : add can
2023-12-12 18:13:28,443 [INFO] IPUIPlugin:80 - create IPUIPlugin
2023-12-12 18:13:28,443 [INFO] PluginManager:220 - loadIPPluginJar : add comp
2023-12-12 18:13:28,483 [INFO] IPUIPlugin:80 - create IPUIPlugin
2023-12-12 18:13:28,483 [INFO] PluginManager:220 - loadIPPluginJar : add cryp
2023-12-12 18:13:28,516 [INFO] IPUIPlugin:80 - create IPUIPlugin
2023-12-12 18:13:28,516 [INFO] PluginManager:220 - loadIPPluginJar : add dfsdm
2023-12-12 18:13:28,533 [INFO] IPUIPlugin:80 - create IPUIPlugin
2023-12-12 18:13:28,534 [INFO] PluginManager:220 - loadIPPluginJar : add dma
2023-12-12 18:13:28,581 [INFO] IPUIPlugin:80 - create IPUIPlugin
2023-12-12 18:13:28,581 [INFO] PluginManager:220 - loadIPPluginJar : add dma3
2023-12-12 18:13:28,604 [INFO] IPUIPlugin:80 - create IPUIPlugin
2023-12-12 18:13:28,604 [INFO] PluginManager:220 - loadIPPluginJar : add fatfs
2023-12-12 18:13:28,649 [INFO] IPUIPlugin:80 - create IPUIPlugin
2023-12-12 18:13:28,649 [INFO] PluginManager:220 - loadIPPluginJar : add fmc
2023-12-12 18:13:28,663 [INFO] IPUIPlugin:80 - create IPUIPlugin
2023-12-12 18:13:28,663 [INFO] PluginManager:220 - loadIPPluginJar : add freertos
2023-12-12 18:13:28,683 [INFO] IPUIPlugin:80 - create IPUIPlugin
2023-12-12 18:13:28,683 [INFO] PluginManager:220 - loadIPPluginJar : add genericplugin
2023-12-12 18:13:28,766 [INFO] IPUIPlugin:80 - create IPUIPlugin
2023-12-12 18:13:28,766 [INFO] PluginManager:220 - loadIPPluginJar : add gfxmmu
2023-12-12 18:13:28,900 [INFO] IPUIPlugin:80 - create IPUIPlugin
2023-12-12 18:13:28,901 [INFO] PluginManager:220 - loadIPPluginJar : add gic
2023-12-12 18:13:28,914 [INFO] IPUIPlugin:80 - create IPUIPlugin
2023-12-12 18:13:28,914 [INFO] PluginManager:220 - loadIPPluginJar : add gpio
2023-12-12 18:13:28,996 [INFO] IPUIPlugin:80 - create IPUIPlugin
2023-12-12 18:13:28,996 [INFO] PluginManager:220 - loadIPPluginJar : add gtzc
2023-12-12 18:13:29,028 [INFO] IPUIPlugin:80 - create IPUIPlugin
2023-12-12 18:13:29,028 [INFO] PluginManager:220 - loadIPPluginJar : add hash
2023-12-12 18:13:29,078 [INFO] IPUIPlugin:80 - create IPUIPlugin
2023-12-12 18:13:29,078 [INFO] PluginManager:220 - loadIPPluginJar : add i2c
2023-12-12 18:13:29,116 [INFO] IPUIPlugin:80 - create IPUIPlugin
2023-12-12 18:13:29,116 [INFO] PluginManager:220 - loadIPPluginJar : add i2s
2023-12-12 18:13:29,156 [INFO] IPUIPlugin:80 - create IPUIPlugin
2023-12-12 18:13:29,156 [INFO] PluginManager:220 - loadIPPluginJar : add i3c
2023-12-12 18:13:29,255 [INFO] IPUIPlugin:80 - create IPUIPlugin
2023-12-12 18:13:29,255 [INFO] PluginManager:220 - loadIPPluginJar : add ipddr
2023-12-12 18:13:29,342 [INFO] IPUIPlugin:80 - create IPUIPlugin
2023-12-12 18:13:29,342 [INFO] PluginManager:220 - loadIPPluginJar : add linkedlist
2023-12-12 18:13:29,373 [INFO] IPUIPlugin:80 - create IPUIPlugin
2023-12-12 18:13:29,374 [INFO] PluginManager:220 - loadIPPluginJar : add lorawan
2023-12-12 18:13:29,408 [INFO] IPUIPlugin:80 - create IPUIPlugin
2023-12-12 18:13:29,408 [INFO] PluginManager:220 - loadIPPluginJar : add ltdc
2023-12-12 18:13:29,424 [INFO] IPUIPlugin:80 - create IPUIPlugin
2023-12-12 18:13:29,424 [INFO] PluginManager:220 - loadIPPluginJar : add mdma
2023-12-12 18:13:29,437 [INFO] IPUIPlugin:80 - create IPUIPlugin
2023-12-12 18:13:29,438 [INFO] PluginManager:220 - loadIPPluginJar : add nvic
2023-12-12 18:13:29,471 [INFO] IPUIPlugin:80 - create IPUIPlugin
2023-12-12 18:13:29,472 [INFO] PluginManager:220 - loadIPPluginJar : add opamp
2023-12-12 18:13:29,525 [INFO] IPUIPlugin:80 - create IPUIPlugin
2023-12-12 18:13:29,525 [INFO] PluginManager:220 - loadIPPluginJar : add openamp
2023-12-12 18:13:29,569 [INFO] IPUIPlugin:80 - create IPUIPlugin
2023-12-12 18:13:29,569 [INFO] PluginManager:220 - loadIPPluginJar : add pdm2pcm
2023-12-12 18:13:29,586 [INFO] IPUIPlugin:80 - create IPUIPlugin
2023-12-12 18:13:29,589 [INFO] PluginManager:220 - loadIPPluginJar : add plateformsettings
2023-12-12 18:13:29,611 [INFO] IPUIPlugin:80 - create IPUIPlugin
2023-12-12 18:13:29,611 [INFO] PluginManager:220 - loadIPPluginJar : add quadspi
2023-12-12 18:13:29,627 [INFO] IPUIPlugin:80 - create IPUIPlugin
2023-12-12 18:13:29,627 [INFO] PluginManager:220 - loadIPPluginJar : add resmgrutility
2023-12-12 18:13:29,679 [INFO] IPUIPlugin:80 - create IPUIPlugin
2023-12-12 18:13:29,680 [INFO] PluginManager:220 - loadIPPluginJar : add sai
2023-12-12 18:13:29,719 [INFO] IPUIPlugin:80 - create IPUIPlugin
2023-12-12 18:13:29,719 [INFO] PluginManager:220 - loadIPPluginJar : add spi
2023-12-12 18:13:29,782 [INFO] IPUIPlugin:80 - create IPUIPlugin
2023-12-12 18:13:29,783 [INFO] PluginManager:220 - loadIPPluginJar : add stm32_wpan
2023-12-12 18:13:29,805 [INFO] IPUIPlugin:80 - create IPUIPlugin
2023-12-12 18:13:29,805 [INFO] PluginManager:220 - loadIPPluginJar : add tim
2023-12-12 18:13:29,856 [INFO] IPUIPlugin:80 - create IPUIPlugin
2023-12-12 18:13:29,856 [INFO] PluginManager:220 - loadIPPluginJar : add touchsensing
2023-12-12 18:13:29,881 [INFO] IPUIPlugin:80 - create IPUIPlugin
2023-12-12 18:13:29,881 [INFO] PluginManager:220 - loadIPPluginJar : add tracer_emb
2023-12-12 18:13:29,904 [INFO] IPUIPlugin:80 - create IPUIPlugin
2023-12-12 18:13:29,904 [INFO] PluginManager:220 - loadIPPluginJar : add ts
2023-12-12 18:13:29,924 [INFO] IPUIPlugin:80 - create IPUIPlugin
2023-12-12 18:13:29,925 [INFO] PluginManager:220 - loadIPPluginJar : add tsc
2023-12-12 18:13:29,946 [INFO] IPUIPlugin:80 - create IPUIPlugin
2023-12-12 18:13:29,946 [INFO] PluginManager:220 - loadIPPluginJar : add ucpd
2023-12-12 18:13:29,988 [INFO] IPUIPlugin:80 - create IPUIPlugin
2023-12-12 18:13:29,988 [INFO] PluginManager:220 - loadIPPluginJar : add usart
2023-12-12 18:13:30,027 [INFO] IPUIPlugin:80 - create IPUIPlugin
2023-12-12 18:13:30,028 [INFO] PluginManager:220 - loadIPPluginJar : add usbx
2023-12-12 18:13:30,163 [INFO] CADModel:165 - CPN selected for project level
2023-12-12 18:13:30,163 [INFO] CADModel:114 - Register for checkConnection events
2023-12-12 18:13:30,164 [FATAL] Updater:308 - Updater called before beeing initialized
2023-12-12 18:13:30,164 [ERROR] CADModel:125 - Updater not yet initialized, retry later 
2023-12-12 18:13:30,326 [INFO] CADModel:165 - CPN selected for project level
2023-12-12 18:13:30,326 [INFO] CADModel:114 - Register for checkConnection events
2023-12-12 18:13:30,326 [FATAL] Updater:308 - Updater called before beeing initialized
2023-12-12 18:13:30,326 [ERROR] CADModel:125 - Updater not yet initialized, retry later 
2023-12-12 18:13:30,330 [FATAL] Updater:308 - Updater called before beeing initialized
2023-12-12 18:13:30,453 [FATAL] Updater:308 - Updater called before beeing initialized
2023-12-12 18:13:30,467 [INFO] DbMcusAds:53 - JSON generation date=Wed Nov 29 11:52:38 CET 2023 (1701255158764)
2023-12-12 18:13:30,467 [FATAL] Updater:308 - Updater called before beeing initialized
2023-12-12 18:13:30,570 [WARN] DetailPanel:346 - Failed to get advertising image, set to default
2023-12-12 18:13:30,645 [INFO] ThirdPartyUpdaterWithRetryManager:70 - Updater plugin not ready yet. [2/15]
2023-12-12 18:13:30,675 [FATAL] Updater:308 - Updater called before beeing initialized
2023-12-12 18:13:30,675 [FATAL] Updater:308 - Updater called before beeing initialized
2023-12-12 18:13:30,675 [FATAL] Updater:308 - Updater called before beeing initialized
2023-12-12 18:13:30,675 [WARN] DetailPanel:346 - Failed to get advertising image, set to default
2023-12-12 18:13:30,675 [FATAL] Updater:308 - Updater called before beeing initialized
2023-12-12 18:13:30,738 [ERROR] Updater:1120 - MainUpdater not yet initialized. External WinMGr cannot be set.
2023-12-12 18:13:30,748 [INFO] Updater:1056 - Updater Version found : 6.9.2
2023-12-12 18:13:30,770 [INFO] ApplicationProperties:184 - Using Application install path: C:\ST\STM32CubeIDE_1.11.2\STM32CubeIDE\plugins\com.st.stm32cube.common.mx_6.9.2.202309101412
2023-12-12 18:13:31,972 [INFO] MainUpdater:2868 - connection check result : 10
2023-12-12 18:13:31,974 [INFO] MainUpdater:285 - Updater Check For Update Now.
2023-12-12 18:13:31,975 [INFO] MicroXplorer:498 - Change Database Version : DB.6.0.92
2023-12-12 18:13:31,997 [INFO] McuFinderGlobals:63 - Set McuFinder mode to 2 (CubeIDE integrated)
2023-12-12 18:13:31,998 [INFO] UserAuth:179 - activating auth plugin
2023-12-12 18:13:32,003 [INFO] UserAuth:393 - Internet connection configuration mode: 1
2023-12-12 18:13:32,050 [INFO] JxBrowserEngine:151 - Initiate JxBrowser Engine with user profile folder
2023-12-12 18:13:32,207 [INFO] CheckServerUpdateThread:120 - End of CheckServer Thread
2023-12-12 18:13:33,916 [WARN] PackLoader:240 - Cannot read IP mode file for STMicroelectronics.X-CUBE-SMBUS.2.1.0
2023-12-12 18:13:33,959 [WARN] PackLoader:240 - Cannot read IP mode file for STMicroelectronics.X-CUBE-AZRTOS-F7.1.1.0
2023-12-12 18:13:33,980 [WARN] PackLoader:240 - Cannot read IP mode file for STMicroelectronics.FP-SNS-MOTENV1.4.3.2
2023-12-12 18:13:33,991 [WARN] PackLoader:240 - Cannot read IP mode file for STMicroelectronics.X-CUBE-BLE1.6.2.4
2023-12-12 18:13:34,012 [WARN] PackLoader:240 - Cannot read IP mode file for STMicroelectronics.FP-SNS-FLIGHT1.5.0.2
2023-12-12 18:13:34,039 [WARN] PackLoader:240 - Cannot read IP mode file for STMicroelectronics.X-CUBE-DISPLAY.3.0.0
2023-12-12 18:13:34,055 [WARN] PackLoader:240 - Cannot read IP mode file for STMicroelectronics.X-CUBE-BLE1.7.0.0
2023-12-12 18:13:34,071 [WARN] PackLoader:240 - Cannot read IP mode file for STMicroelectronics.X-CUBE-TOUCHGFX.4.22.0
2023-12-12 18:13:34,087 [WARN] PackLoader:240 - Cannot read IP mode file for STMicroelectronics.X-CUBE-TOUCHGFX.4.22.1
2023-12-12 18:13:34,102 [WARN] PackLoader:240 - Cannot read IP mode file for STMicroelectronics.FP-SNS-SMARTAG2.1.2.0
2023-12-12 18:13:34,151 [INFO] LogOutputStream:77 - [STDOUT_REDIRECT] 1 : Invalid condition id : UX_CORESTACK_Condition cause : null
2023-12-12 18:13:34,151 [INFO] LogOutputStream:77 - [STDOUT_REDIRECT] 1 : Invalid condition id : UX_CORESTACK_Condition cause : null
2023-12-12 18:13:34,151 [INFO] LogOutputStream:77 - [STDOUT_REDIRECT] 1 : Invalid condition id : UX_CORESTACK_Condition cause : null
2023-12-12 18:13:34,151 [INFO] LogOutputStream:77 - [STDOUT_REDIRECT] 1 : Invalid condition id : UX_CORESTACK_Condition cause : null
2023-12-12 18:13:34,151 [INFO] LogOutputStream:77 - [STDOUT_REDIRECT] 1 : Invalid condition id : UX_CORESTACK_Condition cause : null
2023-12-12 18:13:34,167 [WARN] PackLoader:240 - Cannot read IP mode file for STMicroelectronics.X-CUBE-AZRTOS-WL.2.0.0
2023-12-12 18:13:34,183 [WARN] PackLoader:240 - Cannot read IP mode file for WES.I-CUBE-Cesium.1.3.0
2023-12-12 18:13:34,204 [WARN] PackLoader:240 - Cannot read IP mode file for STMicroelectronics.X-CUBE-BLE2.3.3.0
2023-12-12 18:13:34,229 [WARN] PackLoader:240 - Cannot read IP mode file for STMicroelectronics.X-CUBE-TOF1.3.2.0
2023-12-12 18:13:34,257 [WARN] PackLoader:240 - Cannot read IP mode file for STMicroelectronics.X-CUBE-TOUCHGFX.4.21.1
2023-12-12 18:13:34,273 [WARN] PackLoader:240 - Cannot read IP mode file for STMicroelectronics.X-CUBE-AI.7.3.0
2023-12-12 18:13:34,293 [WARN] PackLoader:240 - Cannot read IP mode file for STMicroelectronics.X-CUBE-ALGOBUILD.1.3.0
2023-12-12 18:13:34,343 [WARN] PackLoader:240 - Cannot read IP mode file for STMicroelectronics.X-CUBE-AZRTOS-G0.1.1.0
2023-12-12 18:13:34,373 [WARN] PackLoader:240 - Cannot read IP mode file for STMicroelectronics.X-CUBE-NFC4.3.0.0
2023-12-12 18:13:34,389 [WARN] PackLoader:240 - Cannot read IP mode file for STMicroelectronics.X-CUBE-BLEMGR.3.0.0
2023-12-12 18:13:34,407 [WARN] PackLoader:240 - Cannot read IP mode file for STMicroelectronics.X-CUBE-BLEMGR.1.3.0
2023-12-12 18:13:34,421 [WARN] PackLoader:240 - Cannot read IP mode file for STMicroelectronics.FP-ATR-SIGFOX1.3.2.0
2023-12-12 18:13:34,471 [WARN] PackLoader:240 - Cannot read IP mode file for STMicroelectronics.X-CUBE-MEMS1.9.5.0
2023-12-12 18:13:34,634 [WARN] PackLoader:240 - Cannot read IP mode file for SEGGER.I-CUBE-embOS.1.3.1
2023-12-12 18:13:34,672 [WARN] PackLoader:240 - Cannot read IP mode file for STMicroelectronics.X-CUBE-GNSS1.6.0.0
2023-12-12 18:13:34,713 [WARN] PackLoader:240 - Cannot read IP mode file for STMicroelectronics.X-CUBE-AZRTOS-F4.1.1.0
2023-12-12 18:13:34,938 [WARN] PackLoader:240 - Cannot read IP mode file for STMicroelectronics.X-CUBE-AZRTOS-L5.2.0.0
2023-12-12 18:13:35,027 [WARN] PackLoader:240 - Cannot read IP mode file for STMicroelectronics.X-CUBE-MEMS1.9.6.0
2023-12-12 18:13:35,222 [WARN] PackLoader:240 - Cannot read IP mode file for STMicroelectronics.X-CUBE-EEPRMA1.4.2.0
2023-12-12 18:13:35,241 [WARN] PackLoader:240 - Cannot read IP mode file for ITTIA_DB.I-CUBE-ITTIADB.8.8.0
2023-12-12 18:13:35,259 [WARN] PackLoader:240 - Cannot read IP mode file for emotas.I-CUBE-CANOPEN.1.1.3
2023-12-12 18:13:35,260 [INFO] WebApp:157 - Instantiating new browser for Auth
2023-12-12 18:13:35,280 [WARN] PackLoader:240 - Cannot read IP mode file for STMicroelectronics.X-CUBE-BLEMGR.2.0.0
2023-12-12 18:13:35,328 [WARN] ConditionMgr:438 - getConditionDescription Invalid condition id : UX DEVICE CLASS RTOS Condition cause : null
2023-12-12 18:13:35,330 [WARN] ConditionMgr:438 - getConditionDescription Invalid condition id : UX DEVICE CLASS RTOS Condition cause : null
2023-12-12 18:13:35,332 [WARN] PackLoader:240 - Cannot read IP mode file for STMicroelectronics.X-CUBE-AZRTOS-H7.3.1.0
2023-12-12 18:13:35,333 [WARN] ConditionMgr:1039 - genDependencies : Invalid condition id : UX DEVICE CLASS RTOS Condition cause : null
2023-12-12 18:13:35,333 [WARN] ConditionMgr:1039 - genDependencies : Invalid condition id : UX DEVICE CLASS RTOS Condition cause : null
2023-12-12 18:13:35,334 [WARN] ConditionMgr:1039 - genDependencies : Invalid condition id : UX DEVICE CLASS RTOS Condition cause : null
2023-12-12 18:13:35,334 [WARN] ConditionMgr:1039 - genDependencies : Invalid condition id : UX DEVICE CLASS RTOS Condition cause : null
2023-12-12 18:13:35,334 [WARN] ConditionMgr:1039 - genDependencies : Invalid condition id : UX DEVICE CLASS RTOS Condition cause : null
2023-12-12 18:13:35,347 [WARN] PackLoader:240 - Cannot read IP mode file for wolfSSL.I-CUBE-wolfSSL.5.5.4
2023-12-12 18:13:35,359 [WARN] PackLoader:240 - Cannot read IP mode file for STMicroelectronics.X-CUBE-NFC7.1.0.1
2023-12-12 18:13:35,371 [WARN] PackLoader:240 - Cannot read IP mode file for STMicroelectronics.X-CUBE-NFC7.1.0.0
2023-12-12 18:13:35,386 [WARN] PackLoader:240 - Cannot read IP mode file for STMicroelectronics.X-CUBE-NFC6.3.0.0
2023-12-12 18:13:35,400 [WARN] PackLoader:240 - Cannot read IP mode file for STMicroelectronics.X-CUBE-EEPRMA1.4.1.0
2023-12-12 18:13:35,412 [WARN] PackLoader:240 - Cannot read IP mode file for STMicroelectronics.X-CUBE-AI.8.1.0
2023-12-12 18:13:35,441 [WARN] ConditionMgr:438 - getConditionDescription Invalid condition id : LAN8742 Phy interface Condition cause : null
2023-12-12 18:13:35,445 [WARN] PackLoader:240 - Cannot read IP mode file for STMicroelectronics.X-CUBE-AZRTOS-L4.2.0.0
2023-12-12 18:13:35,446 [WARN] ConditionMgr:1039 - genDependencies : Invalid condition id : LAN8742 Phy interface Condition cause : null
2023-12-12 18:13:35,446 [WARN] ConditionMgr:1039 - genDependencies : Invalid condition id : LAN8742 Phy interface Condition cause : null
2023-12-12 18:13:35,447 [WARN] ConditionMgr:1039 - genDependencies : Invalid condition id : LAN8742 Phy interface Condition cause : null
2023-12-12 18:13:35,464 [WARN] PackLoader:240 - Cannot read IP mode file for STMicroelectronics.X-CUBE-SFXS2LP1.4.0.0
2023-12-12 18:13:35,505 [WARN] PackLoader:240 - Cannot read IP mode file for STMicroelectronics.X-CUBE-AZRTOS-H7.3.0.0
2023-12-12 18:13:35,527 [WARN] PackLoader:240 - Cannot read IP mode file for STMicroelectronics.X-CUBE-ISPU.1.1.0
2023-12-12 18:13:35,544 [WARN] PackLoader:240 - Cannot read IP mode file for RoweBots.I-CUBE-UNISONRTOS.5.5.0-4
2023-12-12 18:13:35,557 [WARN] PackLoader:240 - Cannot read IP mode file for STMicroelectronics.X-CUBE-AI.8.0.0
2023-12-12 18:13:35,584 [WARN] ConditionMgr:438 - getConditionDescription Invalid condition id : UX DEVICE CLASS RTOS Condition cause : null
2023-12-12 18:13:35,584 [WARN] ConditionMgr:438 - getConditionDescription Invalid condition id : UX DEVICE CLASS RTOS Condition cause : null
2023-12-12 18:13:35,586 [WARN] PackLoader:240 - Cannot read IP mode file for STMicroelectronics.X-CUBE-AZRTOS-WB.2.0.0
2023-12-12 18:13:35,587 [WARN] ConditionMgr:1039 - genDependencies : Invalid condition id : UX DEVICE CLASS RTOS Condition cause : null
2023-12-12 18:13:35,587 [WARN] ConditionMgr:1039 - genDependencies : Invalid condition id : UX DEVICE CLASS RTOS Condition cause : null
2023-12-12 18:13:35,587 [WARN] ConditionMgr:1039 - genDependencies : Invalid condition id : UX DEVICE CLASS RTOS Condition cause : null
2023-12-12 18:13:35,588 [WARN] ConditionMgr:1039 - genDependencies : Invalid condition id : UX DEVICE CLASS RTOS Condition cause : null
2023-12-12 18:13:35,588 [WARN] ConditionMgr:1039 - genDependencies : Invalid condition id : UX DEVICE CLASS RTOS Condition cause : null
2023-12-12 18:13:35,606 [WARN] PackLoader:240 - Cannot read IP mode file for STMicroelectronics.X-CUBE-FREERTOS.1.0.1
2023-12-12 18:13:35,639 [WARN] PackLoader:240 - Cannot read IP mode file for STMicroelectronics.X-CUBE-AZRTOS-L5.1.1.0
2023-12-12 18:13:35,666 [WARN] PackLoader:240 - Cannot read IP mode file for STMicroelectronics.X-CUBE-SUBG2.5.0.0
2023-12-12 18:13:35,696 [WARN] PackLoader:240 - Cannot read IP mode file for STMicroelectronics.X-CUBE-TOF1.3.3.1
2023-12-12 18:13:35,737 [WARN] PackLoader:240 - Cannot read IP mode file for STMicroelectronics.X-CUBE-AZRTOS-G4.2.0.0
2023-12-12 18:13:35,752 [WARN] PackLoader:240 - Cannot read IP mode file for STMicroelectronics.FP-ATR-ASTRA1.1.1.1
2023-12-12 18:13:35,779 [WARN] PackLoader:240 - Cannot read IP mode file for Infineon.AIROC-Wi-Fi-Bluetooth-STM32.1.5.1
2023-12-12 18:13:35,792 [WARN] PackLoader:240 - Cannot read IP mode file for STMicroelectronics.FP-SNS-MOTENVWB1.1.3.0
2023-12-12 18:13:35,815 [WARN] PackLoader:240 - Cannot read IP mode file for STMicroelectronics.FP-SNS-MOTENVWB1.1.3.1
2023-12-12 18:13:35,837 [WARN] PackLoader:240 - Cannot read IP mode file for STMicroelectronics.X-CUBE-AZRTOS-G4.1.0.0
2023-12-12 18:13:35,862 [WARN] PackLoader:240 - Cannot read IP mode file for STMicroelectronics.X-CUBE-AZRTOS-L4.1.0.0
2023-12-12 18:13:35,873 [WARN] PackLoader:240 - Cannot read IP mode file for STMicroelectronics.X-CUBE-ISPU.2.0.0
2023-12-12 18:13:35,939 [WARN] PackLoader:240 - Cannot read IP mode file for STMicroelectronics.X-CUBE-MEMS1.10.0.0
2023-12-12 18:13:36,096 [WARN] PackLoader:240 - Cannot read IP mode file for STMicroelectronics.X-CUBE-FREERTOS.1.1.0
2023-12-12 18:13:36,141 [WARN] PackLoader:240 - Cannot read IP mode file for STMicroelectronics.X-CUBE-AZRTOS-WL.1.0.0
2023-12-12 18:13:36,157 [WARN] PackLoader:240 - Cannot read IP mode file for portGmbH.I-Cube-SoM-uGOAL.1.1.0
2023-12-12 18:13:36,172 [WARN] PackLoader:240 - Cannot read IP mode file for STMicroelectronics.X-CUBE-ALS.1.0.1
2023-12-12 18:13:36,199 [WARN] PackLoader:240 - Cannot read IP mode file for STMicroelectronics.X-CUBE-AZRTOS-WB.1.1.0
2023-12-12 18:13:36,214 [WARN] PackLoader:240 - Cannot read IP mode file for STMicroelectronics.FP-ATR-ASTRA1.2.0.0
2023-12-12 18:13:36,240 [WARN] PackLoader:240 - Cannot read IP mode file for STMicroelectronics.X-CUBE-TOF1.3.4.0
2023-12-12 18:13:36,286 [WARN] PackLoader:240 - Cannot read IP mode file for STMicroelectronics.X-CUBE-AZRTOS-H7.3.2.0
2023-12-12 18:13:36,290 [INFO] ThirdParty:978 - Integrity check success = true
2023-12-12 18:13:36,290 [INFO] IntegrityCheckThread:100 - exiting critical section [integrity check]
2023-12-12 18:13:36,290 [INFO] IntegrityCheckThread:103 - End integrity checks thread
2023-12-12 18:13:36,560 [INFO] WebApp:753 - Register for checkConnection events
2023-12-12 18:13:36,561 [INFO] WebApp:390 - Apply proxy settings
2023-12-12 18:13:36,561 [INFO] WebApp:475 - Chromium requires no authentication
2023-12-12 18:13:36,571 [INFO] WebApp:418 - Direct internet connection detected
2023-12-12 18:13:36,800 [INFO] WebApp:188 - Starting web application
2023-12-12 18:13:36,801 [INFO] WebApp:520 - Web application path used C:\ST\STM32CubeIDE_1.11.2\STM32CubeIDE\plugins\com.st.stm32cube.common.mx_6.9.2.202309101412\db\plugins\mcufinder\reactClient1\index.html
2023-12-12 18:13:57,948 [ERROR] LogOutputStream:75 - [STDERR_REDIRECT] SLF4J: Failed to load class "org.slf4j.impl.StaticLoggerBinder".
2023-12-12 18:13:57,949 [ERROR] LogOutputStream:75 - [STDERR_REDIRECT] SLF4J: Defaulting to no-operation (NOP) logger implementation
2023-12-12 18:13:57,951 [ERROR] LogOutputStream:75 - [STDERR_REDIRECT] SLF4J: See http://www.slf4j.org/codes.html#StaticLoggerBinder for further details.
2023-12-12 18:14:45,313 [INFO] McuFinderGlobals:63 - Set McuFinder mode to 2 (CubeIDE integrated)
2023-12-12 18:14:45,344 [INFO] MainUpdater:2868 - connection check result : 10
2023-12-12 18:14:45,351 [INFO] MainUpdater:2868 - connection check result : 10
2023-12-12 18:14:45,617 [INFO] MicroXplorer:468 - Change Database Path : 
2023-12-12 18:14:45,619 [INFO] MicroXplorer:498 - Change Database Version : DB.6.0.92
2023-12-12 18:14:45,625 [WARN] ThirdParty:871 - waiting for thirdparty lock release [close project]
2023-12-12 18:14:45,626 [INFO] ThirdParty:873 - entering critical section [close project]
2023-12-12 18:14:45,630 [INFO] ThirdParty:883 - exiting critical section [close project]
2023-12-12 18:14:45,639 [INFO] PinOutPanel:1499 - setPackage(No Configuration,No Configuration)
2023-12-12 18:14:45,662 [INFO] UtilMem:75 - Begin LoadConfig() Used Memory: 601861192 Bytes (1022361600)
2023-12-12 18:14:45,665 [INFO] MicroXplorer:468 - Change Database Path : 
2023-12-12 18:14:45,665 [INFO] MicroXplorer:498 - Change Database Version : DB.6.0.92
2023-12-12 18:14:45,665 [INFO] OpenFileManager:308 - Change cursor
2023-12-12 18:14:45,727 [INFO] Mcu:1946 - Initializing MCU STM32F407V(E-G)Tx STM32F407VGTx STM32F407VGT6
2023-12-12 18:14:48,002 [INFO] Context:659 - Trying to add GPIOservice into a context  which must be forbidden
2023-12-12 18:14:48,770 [INFO] RtosManager:555 - Registered RTOS mode: class=CMSIS, group=RTOS, mode=CMSIS_V1, owner=FREERTOS
2023-12-12 18:14:48,770 [INFO] RtosManager:555 - Registered RTOS mode: class=CMSIS, group=RTOS2, mode=CMSIS_V2, owner=FREERTOS
2023-12-12 18:14:48,770 [INFO] RtosManager:555 - Registered RTOS mode: class=RTOS, group=Core, mode=CMSIS_V1, owner=FREERTOS
2023-12-12 18:14:48,770 [INFO] RtosManager:555 - Registered RTOS mode: class=RTOS, group=Core, mode=CMSIS_V2, owner=FREERTOS
2023-12-12 18:14:48,770 [WARN] ModelIntegratedComponent:184 - Missing modes for component STMicroelectronics:FreeRTOS:0.0.1:STMicroelectronics:RTOS:FreeRTOS:Core:::10.2.0:
2023-12-12 18:14:48,791 [WARN] ModelIntegratedComponent:63 - No mode defined for component null
2023-12-12 18:14:48,791 [WARN] ModelIntegratedComponent:63 - No mode defined for component null
2023-12-12 18:14:48,791 [WARN] ModelIntegratedComponent:63 - No mode defined for component null
2023-12-12 18:14:48,791 [WARN] ModelIntegratedComponent:63 - No mode defined for component null
2023-12-12 18:14:48,791 [WARN] ModelIntegratedComponent:63 - No mode defined for component null
2023-12-12 18:14:48,791 [WARN] ModelIntegratedComponent:63 - No mode defined for component null
2023-12-12 18:14:48,792 [WARN] ModelIntegratedComponent:63 - No mode defined for component null
2023-12-12 18:14:48,792 [WARN] ModelIntegratedComponent:63 - No mode defined for component null
2023-12-12 18:14:48,792 [WARN] ModelIntegratedComponent:63 - No mode defined for component null
2023-12-12 18:14:48,792 [WARN] ModelIntegratedComponent:63 - No mode defined for component null
2023-12-12 18:14:48,792 [WARN] ModelIntegratedComponent:63 - No mode defined for component null
2023-12-12 18:14:48,792 [WARN] ModelIntegratedComponent:63 - No mode defined for component null
2023-12-12 18:14:48,792 [WARN] ModelIntegratedComponent:63 - No mode defined for component null
2023-12-12 18:14:48,792 [WARN] ModelIntegratedComponent:63 - No mode defined for component null
2023-12-12 18:14:48,792 [WARN] ModelIntegratedComponent:63 - No mode defined for component null
2023-12-12 18:14:48,792 [WARN] ModelIntegratedComponent:63 - No mode defined for component null
2023-12-12 18:14:48,792 [WARN] ModelIntegratedComponent:63 - No mode defined for component null
2023-12-12 18:14:48,792 [WARN] ModelIntegratedComponent:63 - No mode defined for component null
2023-12-12 18:14:48,792 [WARN] ModelIntegratedComponent:63 - No mode defined for component null
2023-12-12 18:14:48,792 [WARN] ModelIntegratedComponent:63 - No mode defined for component null
2023-12-12 18:14:48,792 [WARN] ModelIntegratedComponent:63 - No mode defined for component null
2023-12-12 18:14:48,792 [WARN] ModelIntegratedComponent:63 - No mode defined for component null
2023-12-12 18:14:48,792 [WARN] ModelIntegratedComponent:63 - No mode defined for component null
2023-12-12 18:14:48,792 [WARN] ModelIntegratedComponent:63 - No mode defined for component null
2023-12-12 18:14:48,792 [WARN] ModelIntegratedComponent:63 - No mode defined for component null
2023-12-12 18:14:48,792 [WARN] ModelIntegratedComponent:63 - No mode defined for component null
2023-12-12 18:14:48,792 [WARN] ModelIntegratedComponent:63 - No mode defined for component null
2023-12-12 18:14:48,792 [WARN] ModelIntegratedComponent:63 - No mode defined for component null
2023-12-12 18:14:48,792 [WARN] ModelIntegratedComponent:63 - No mode defined for component null
2023-12-12 18:14:48,793 [WARN] ModelIntegratedComponent:63 - No mode defined for component null
2023-12-12 18:14:48,793 [WARN] ModelIntegratedComponent:63 - No mode defined for component null
2023-12-12 18:14:48,793 [WARN] ModelIntegratedComponent:63 - No mode defined for component null
2023-12-12 18:14:48,793 [WARN] ModelIntegratedComponent:63 - No mode defined for component null
2023-12-12 18:14:49,173 [INFO] ThirdPartyModel:298 - Start build external matchings
2023-12-12 18:14:50,461 [INFO] ThirdPartyModel:316 - End build external matchings
2023-12-12 18:14:51,047 [INFO] UtilMem:75 - End LoadConfig() Used Memory: 586174464 Bytes (1073741824)
2023-12-12 18:14:51,201 [INFO] ApiDb:581 - Connected to CubeFinder SQLite database (C:\Users\erkan\.stmcufinder\plugins\mcufinder\mcu\cube-finder-db.db)
2023-12-12 18:14:51,294 [INFO] ApiDb:668 - CubeFinder database Data Model version=2.1
2023-12-12 18:14:51,294 [INFO] ApiDb:669 - CubeFinder database Configuration version=3.0.39
2023-12-12 18:14:51,294 [INFO] ApiDb:670 - CubeFinder database generation date=2023-11-06 (1699269565)
2023-12-12 18:14:51,295 [INFO] ApiDb:671 - CubeFinder database FW Pack versions=[FP-ATR-ASTRA1_V2.0.0, FP-SNS-FLIGHT1_V5.0.1, FP-SNS-FLIGHT1_V5.0.2, FP-SNS-MOTENV1_V4.3.1, FP-SNS-MOTENV1_V4.3.2, FP-SNS-MOTENVWB1_V1.3.0, FP-SNS-SMARTAG2_V1.2.0, STM32Cube_FW_C0_V1.1.0, STM32Cube_FW_F4_V1.28.0, STM32Cube_FW_F7_V1.17.0, STM32Cube_FW_G0_V1.6.1, STM32Cube_FW_G4_V1.5.1, STM32Cube_FW_H5_V0.5.1, STM32Cube_FW_H5_V1.1.1, STM32Cube_FW_H5_V1.2.0RC2, STM32Cube_FW_H7_V1.11.0, STM32Cube_FW_L0_V1.12.2, STM32Cube_FW_L5_V1.5.0, STM32Cube_FW_U5_V1.3.0RC4, STM32Cube_FW_U5_V1.4.0, STM32Cube_FW_WBA_V1.0.0RC1, STM32Cube_FW_WBA_V1.1.0RC1, STM32Cube_FW_WBA_V1.2.0, STM32Cube_FW_WBA_V1.2.0RC2, STM32Cube_FW_WB_V1.15.0RC1, STM32Cube_FW_WB_V1.16.0, STM32Cube_FW_WB_V1.16.0RC2, STM32Cube_FW_WB_V1.18.0, STM32Cube_FW_WL_V1.3.0, X-CUBE-ALGOBUILD_V1.3.0, X-CUBE-ALS_V1.0.1, X-CUBE-AZRTOS-F4_V1.1.0, X-CUBE-AZRTOS-F7_V1.1.0, X-CUBE-AZRTOS-G0_V1.1.0, X-CUBE-AZRTOS-G4_V2.0.0, X-CUBE-AZRTOS-H7_V3.1.0, X-CUBE-AZRTOS-L4_V1.0.0, X-CUBE-AZRTOS-L4_V2.0.0, X-CUBE-AZRTOS-L5_V1.1.0, X-CUBE-AZRTOS-WB_V2.0.0, X-CUBE-AZRTOS-WL_V2.0.0, X-CUBE-BLE1_V7.0.0, X-CUBE-BLE2_V3.3.0, X-CUBE-BLEMGR_V2.0.0, X-CUBE-EEPRMA1_V4.1.0, X-CUBE-EEPRMA1_V4.2.0, X-CUBE-FREERTOS_V1.1.0, X-CUBE-GNSS1_V6.0.0, X-CUBE-MEMS1_V10.0.0, X-CUBE-MEMS1_V9.1.0, X-CUBE-MEMS1_V9.4.0, X-CUBE-MEMS1_V9.6.0, X-CUBE-NFC4_V3.0.0, X-CUBE-NFC7_V1.0.1, X-CUBE-SFXS2LP1_V4.0.0, X-CUBE-SUBG2_V5.0.0, X-CUBE-TOF1_V3.3.1]
2023-12-12 18:14:53,660 [INFO] ApiDb:240 - Found 323 in-development CPN: [B-G473E-ZEST1S, B-WB1M-WPAN1, B-WL5M-SUBG1, NUCLEO-C031C6, NUCLEO-H503RB, NUCLEO-H563ZI, NUCLEO-U545RE-Q, NUCLEO-U5A5ZJ-Q, NUCLEO-WBA52CG, STEVAL-PROTEUS1, STEVAL-SMARTAG2, STEVAL-STWINBX1, STM320518-EVAL, STM32C0116-DK, STM32C011D6Y3TR, STM32C011D6Y6TR, STM32C011F4P3, STM32C011F4P6, STM32C011F4U3, STM32C011F4U6TR, STM32C011F6P3, STM32C011F6P6, STM32C011F6U3, STM32C011F6U6TR, STM32C011J4M3, STM32C011J4M6, STM32C011J6M3, STM32C011J6M6, STM32C0316-DK, STM32C031C4T3, STM32C031C4T6, STM32C031C4U3, STM32C031C4U6, STM32C031C6T3, STM32C031C6T6, STM32C031C6U3, STM32C031C6U6, STM32C031F4P3, STM32C031F4P6, STM32C031F6P3, STM32C031F6P6, STM32C031G4U3, STM32C031G4U6, STM32C031G6U3, STM32C031G6U6, STM32C031K4T3, STM32C031K4T6, STM32C031K4U3, STM32C031K4U6, STM32C031K6T3, STM32C031K6T6, STM32C031K6U3, STM32C031K6U6, STM32G071K8TXN, STM32G071K8UXN, STM32G081GBU6N, STM32G081KBT6N, STM32G081KBUXN, STM32G0B1CCT6N, STM32G0B1KCT6, STM32G0B1NEY6TR, STM32G0B1RCT6N, STM32G0C1CCT6, STM32G0C1CCT6N, STM32G0C1CCU6N, STM32G0C1CET6N, STM32G0C1CEU6N, STM32G0C1KCT6, STM32G0C1NEY6TR, STM32G0C1RCI6N, STM32G0C1RCT6N, STM32G0C1REI6N, STM32G0C1RET6N, STM32G0C1VCI6, STM32G0C1VEI6, STM32G471CCT6, STM32G471CCU6, STM32G471CET3, STM32G471CET6, STM32G471CEU3, STM32G471CEU6, STM32G471MCT6, STM32G471MET3, STM32G471MET6, STM32G471MEY6TR, STM32G471QCT6, STM32G471QET3, STM32G471RCT6, STM32G471RET3, STM32G471RET6, STM32G471VCH6, STM32G471VCI6, STM32G471VCT6, STM32G471VEH3, STM32G471VEH6, STM32G471VEI3, STM32G471VEI6, STM32G471VET3, STM32G471VET6, STM32G474CCT6, STM32H503CBT6, STM32H503CBU6, STM32H503EBY6TR, STM32H503KBU6, STM32H503RBT6, STM32H562AGI6, STM32H562AII6, STM32H562IGK6, STM32H562IGT6, STM32H562IIK6, STM32H562IIT6, STM32H562RGT6, STM32H562RGV6, STM32H562RIT6, STM32H562RIV6, STM32H562VGT6, STM32H562VIT6, STM32H562ZGT6, STM32H562ZIT6, STM32H563AGI6, STM32H563AII3Q, STM32H563AII6, STM32H563IGK6, STM32H563IGT6, STM32H563IIK3Q, STM32H563IIK6, STM32H563IIT3Q, STM32H563IIT6, STM32H563MIY3QTR, STM32H563RGT6, STM32H563RGV6, STM32H563RIT6, STM32H563RIV6, STM32H563VGT6, STM32H563VIT3Q, STM32H563VIT6, STM32H563ZGT6, STM32H563ZIT3Q, STM32H563ZIT6, STM32H573AII3Q, STM32H573AII6, STM32H573I-DK, STM32H573IIK3Q, STM32H573IIK6, STM32H573IIT3Q, STM32H573IIT6, STM32H573MIY3QTR, STM32H573RIT6, STM32H573RIV6, STM32H573VIT3Q, STM32H573VIT6, STM32H573ZIT3Q, STM32H573ZIT6, STM32L4R5QGI6STR, STM32MP131AAE3, STM32MP131AAF3, STM32MP131AAG3, STM32MP131CAE3, STM32MP131CAF3, STM32MP131CAG3, STM32MP131DAE7, STM32MP131DAF7, STM32MP131DAG7, STM32MP131FAE7, STM32MP131FAF7, STM32MP131FAG7, STM32MP133AAE3, STM32MP133AAF3, STM32MP133AAG3, STM32MP133CAE3, STM32MP133CAF3, STM32MP133CAG3, STM32MP133DAE7, STM32MP133DAF7, STM32MP133DAG7, STM32MP133FAE7, STM32MP133FAF7, STM32MP133FAG7, STM32MP135AAE3, STM32MP135AAF3, STM32MP135AAG3, STM32MP135CAE3, STM32MP135CAF3, STM32MP135CAG3, STM32MP135DAE7, STM32MP135DAF7, STM32MP135DAG7, STM32MP135F-DK, STM32MP135FAE7, STM32MP135FAF7, STM32MP135FAF7T, STM32MP135FAF7U, STM32MP135FAG7, STM32U535CBT6, STM32U535CBT6Q, STM32U535CBU6, STM32U535CBU6Q, STM32U535CCT6, STM32U535CCT6Q, STM32U535CCU6, STM32U535CCU6Q, STM32U535CET6, STM32U535CET6Q, STM32U535CEU6, STM32U535CEU6Q, STM32U535JEY6QTR, STM32U535NCY6QTR, STM32U535NEY6QTR, STM32U535RBI6, STM32U535RBI6Q, STM32U535RBT6, STM32U535RBT6Q, STM32U535RCI6, STM32U535RCI6Q, STM32U535RCT6, STM32U535RCT6Q, STM32U535REI6, STM32U535REI6Q, STM32U535RET6, STM32U535RET6Q, STM32U535VCI6, STM32U535VCI6Q, STM32U535VCT6, STM32U535VCT6Q, STM32U535VEI6, STM32U535VEI6Q, STM32U535VET6, STM32U535VET6Q, STM32U545CET6, STM32U545CET6Q, STM32U545CEU6, STM32U545CEU6Q, STM32U545JEY6QTR, STM32U545NEY6QTR, STM32U545REI6, STM32U545REI6Q, STM32U545RET6, STM32U545RET6Q, STM32U545VEI6, STM32U545VEI6Q, STM32U545VET6, STM32U545VET6Q, STM32U595AIH6, STM32U595AIH6Q, STM32U595AJH6, STM32U595AJH6Q, STM32U595QII6, STM32U595QII6Q, STM32U595QJI6, STM32U595QJI6Q, STM32U595RIT6, STM32U595RIT6Q, STM32U595RJT6, STM32U595RJT6Q, STM32U595VIT6, STM32U595VIT6Q, STM32U595VJT6, STM32U595VJT6Q, STM32U595ZIT6, STM32U595ZIT6Q, STM32U595ZIY6QTR, STM32U595ZJT6, STM32U595ZJT6Q, STM32U595ZJY6QTR, STM32U599BJY6QTR, STM32U599NIH6Q, STM32U599NJH6Q, STM32U599VIT6Q, STM32U599VJT6, STM32U599VJT6Q, STM32U599ZIT6Q, STM32U599ZIY6QTR, STM32U599ZJT6Q, STM32U599ZJY6QTR, STM32U5A5AJH6, STM32U5A5AJH6Q, STM32U5A5QJI6, STM32U5A5QJI6Q, STM32U5A5RJT6, STM32U5A5RJT6Q, STM32U5A5VJT6, STM32U5A5VJT6Q, STM32U5A5ZJT6, STM32U5A5ZJT6Q, STM32U5A5ZJY6QTR, STM32U5A9BJY6QTR, STM32U5A9J-DK, STM32U5A9NJH6Q, STM32U5A9VJT6Q, STM32U5A9ZJT6Q, STM32U5A9ZJY6QTR, STM32U5F7VIT6, STM32U5F7VIT6Q, STM32U5F7VJT6, STM32U5F7VJT6Q, STM32U5F9BJY6QTR, STM32U5F9NJH6Q, STM32U5F9VIT6Q, STM32U5F9VJT6Q, STM32U5F9ZIJ6QTR, STM32U5F9ZIT6Q, STM32U5F9ZJJ6QTR, STM32U5F9ZJT6Q, STM32U5G7VJT6, STM32U5G7VJT6Q, STM32U5G9BJY6QTR, STM32U5G9J-DK1, STM32U5G9J-DK2, STM32U5G9NJH6Q, STM32U5G9VJT6Q, STM32U5G9ZJJ6QTR, STM32U5G9ZJT6Q, STM32WB1MMCH6, STM32WBA52CEU6, STM32WBA52CEU6T, STM32WBA52CGU6, STM32WBA52CGU6T, STM32WBA52KEU6, STM32WBA52KEU6T, STM32WBA52KGU6, STM32WBA52KGU6T, STM32WL5MOCH6, STM32WL5MOCH6TR]
2023-12-12 18:14:53,664 [INFO] DbMcus:217 - Found 3882 MCUs, 3882 are supported
2023-12-12 18:14:53,664 [INFO] ApiDb:423 - Load user favorites file C:\Users\erkan/.stm32cubeide/favorites.mcus.txt: 0 item(s)
2023-12-12 18:14:53,665 [INFO] ApiDb:427 - User favorites MCUs=[]
2023-12-12 18:14:53,665 [INFO] DbMcus:223 - Set 0 / 0 favorites MCUs
2023-12-12 18:14:53,960 [WARN] ThirdParty:833 - waiting for thirdparty lock release [change project]
2023-12-12 18:14:53,961 [INFO] ThirdParty:835 - entering critical section [change project]
2023-12-12 18:14:53,961 [INFO] ThirdParty:1030 - CMSIS Pack Vendor :STMicroelectronics X-CUBE-ISPU 1.1.0
2023-12-12 18:14:53,961 [INFO] ThirdParty:1030 - CMSIS Pack Vendor :STMicroelectronics USBPD 4.1
2023-12-12 18:14:53,961 [INFO] ThirdParty:1030 - CMSIS Pack Vendor :RoweBots I-CUBE-UNISONRTOS 5.5.0-4
2023-12-12 18:14:53,961 [INFO] ThirdParty:1030 - CMSIS Pack Vendor :STMicroelectronics X-CUBE-GNSS1 6.0.0
2023-12-12 18:14:53,961 [INFO] ThirdParty:1030 - CMSIS Pack Vendor :STMicroelectronics USB_HOST 2.0.0
2023-12-12 18:14:53,961 [INFO] ThirdParty:1030 - CMSIS Pack Vendor :STMicroelectronics X-CUBE-AZRTOS-F4 1.1.0
2023-12-12 18:14:53,961 [INFO] ThirdParty:1030 - CMSIS Pack Vendor :STMicroelectronics LIBJPEG 8.0.0
2023-12-12 18:14:53,961 [INFO] ThirdParty:1030 - CMSIS Pack Vendor :STMicroelectronics X-CUBE-SMBUS 2.1.0
2023-12-12 18:14:53,961 [INFO] ThirdParty:1030 - CMSIS Pack Vendor :STMicroelectronics USB_DEVICE 3.0.0
2023-12-12 18:14:53,961 [INFO] ThirdParty:1030 - CMSIS Pack Vendor :STMicroelectronics X-CUBE-AI 8.0.0
2023-12-12 18:14:53,961 [INFO] ThirdParty:1030 - CMSIS Pack Vendor :STMicroelectronics X-CUBE-AZRTOS-WB 2.0.0
2023-12-12 18:14:53,961 [INFO] ThirdParty:1030 - CMSIS Pack Vendor :STMicroelectronics X-CUBE-FREERTOS 1.0.1
2023-12-12 18:14:53,961 [INFO] ThirdParty:1030 - CMSIS Pack Vendor :STMicroelectronics X-CUBE-TOUCHGFX 4.21.1
2023-12-12 18:14:53,961 [INFO] ThirdParty:1030 - CMSIS Pack Vendor :STMicroelectronics X-CUBE-AZRTOS-F7 1.1.0
2023-12-12 18:14:53,962 [INFO] ThirdParty:1030 - CMSIS Pack Vendor :STMicroelectronics X-CUBE-AZRTOS-L5 2.0.0
2023-12-12 18:14:53,962 [INFO] ThirdParty:1030 - CMSIS Pack Vendor :STMicroelectronics USB_DEVICE 2.0.0
2023-12-12 18:14:53,962 [INFO] ThirdParty:1030 - CMSIS Pack Vendor :STMicroelectronics X-CUBE-AI 7.3.0
2023-12-12 18:14:53,962 [INFO] ThirdParty:1030 - CMSIS Pack Vendor :STMicroelectronics X-CUBE-MEMS1 9.6.0
2023-12-12 18:14:53,962 [INFO] ThirdParty:1030 - CMSIS Pack Vendor :STMicroelectronics X-CUBE-EEPRMA1 4.2.0
2023-12-12 18:14:53,962 [INFO] ThirdParty:1030 - CMSIS Pack Vendor :ITTIA_DB I-CUBE-ITTIADB 8.8.0
2023-12-12 18:14:53,962 [INFO] ThirdParty:1030 - CMSIS Pack Vendor :STMicroelectronics FP-SNS-MOTENV1 4.3.2
2023-12-12 18:14:53,962 [INFO] ThirdParty:1030 - CMSIS Pack Vendor :STMicroelectronics X-CUBE-ALGOBUILD 1.3.0
2023-12-12 18:14:53,962 [INFO] ThirdParty:1030 - CMSIS Pack Vendor :STMicroelectronics X-CUBE-BLE1 6.2.4
2023-12-12 18:14:53,962 [INFO] ThirdParty:1030 - CMSIS Pack Vendor :STMicroelectronics X-CUBE-AZRTOS-L5 1.1.0
2023-12-12 18:14:53,962 [INFO] ThirdParty:1030 - CMSIS Pack Vendor :STMicroelectronics FreeRTOS 0.0.1
2023-12-12 18:14:53,962 [INFO] ThirdParty:1030 - CMSIS Pack Vendor :STMicroelectronics X-CUBE-AZRTOS-G0 1.1.0
2023-12-12 18:14:53,962 [INFO] ThirdParty:1030 - CMSIS Pack Vendor :emotas I-CUBE-CANOPEN 1.1.3
2023-12-12 18:14:53,962 [INFO] ThirdParty:1030 - CMSIS Pack Vendor :STMicroelectronics X-CUBE-BLEMGR 2.0.0
2023-12-12 18:14:53,962 [INFO] ThirdParty:1030 - CMSIS Pack Vendor :STMicroelectronics X-CUBE-NFC4 3.0.0
2023-12-12 18:14:53,962 [INFO] ThirdParty:1030 - CMSIS Pack Vendor :STMicroelectronics X-CUBE-SUBG2 5.0.0
2023-12-12 18:14:53,962 [INFO] ThirdParty:1030 - CMSIS Pack Vendor :STMicroelectronics STM32_WPAN 1.0.0
2023-12-12 18:14:53,962 [INFO] ThirdParty:1030 - CMSIS Pack Vendor :STMicroelectronics lwIP 2.0.3
2023-12-12 18:14:53,962 [INFO] ThirdParty:1030 - CMSIS Pack Vendor :STMicroelectronics FP-SNS-FLIGHT1 5.0.2
2023-12-12 18:14:53,962 [INFO] ThirdParty:1030 - CMSIS Pack Vendor :STMicroelectronics USB_HOST 1.0.0
2023-12-12 18:14:53,962 [INFO] ThirdParty:1030 - CMSIS Pack Vendor :STMicroelectronics X-CUBE-TOF1 3.3.1
2023-12-12 18:14:53,962 [INFO] ThirdParty:1030 - CMSIS Pack Vendor :STMicroelectronics X-CUBE-AZRTOS-G4 2.0.0
2023-12-12 18:14:53,963 [INFO] ThirdParty:1030 - CMSIS Pack Vendor :STMicroelectronics PDM2PCM 3.1.0
2023-12-12 18:14:53,963 [INFO] ThirdParty:1030 - CMSIS Pack Vendor :STMicroelectronics X-CUBE-AZRTOS-H7 3.1.0
2023-12-12 18:14:53,963 [INFO] ThirdParty:1030 - CMSIS Pack Vendor :STMicroelectronics FP-ATR-ASTRA1 1.1.1
2023-12-12 18:14:53,963 [INFO] ThirdParty:1030 - CMSIS Pack Vendor :Infineon AIROC-Wi-Fi-Bluetooth-STM32 1.5.1
2023-12-12 18:14:53,963 [INFO] ThirdParty:1030 - CMSIS Pack Vendor :STMicroelectronics X-CUBE-BLEMGR 3.0.0
2023-12-12 18:14:53,963 [INFO] ThirdParty:1030 - CMSIS Pack Vendor :STMicroelectronics PDM2PCM 3.3.0
2023-12-12 18:14:53,963 [INFO] ThirdParty:1030 - CMSIS Pack Vendor :STMicroelectronics X-CUBE-DISPLAY 3.0.0
2023-12-12 18:14:53,963 [INFO] ThirdParty:1030 - CMSIS Pack Vendor :STMicroelectronics X-CUBE-BLEMGR 1.3.0
2023-12-12 18:14:53,963 [INFO] ThirdParty:1030 - CMSIS Pack Vendor :STMicroelectronics FP-SNS-MOTENVWB1 1.3.0
2023-12-12 18:14:53,963 [INFO] ThirdParty:1030 - CMSIS Pack Vendor :STMicroelectronics FP-SNS-MOTENVWB1 1.3.1
2023-12-12 18:14:53,963 [INFO] ThirdParty:1030 - CMSIS Pack Vendor :STMicroelectronics X-CUBE-BLE1 7.0.0
2023-12-12 18:14:53,963 [INFO] ThirdParty:1030 - CMSIS Pack Vendor :STMicroelectronics FP-ATR-SIGFOX1 3.2.0
2023-12-12 18:14:53,963 [INFO] ThirdParty:1030 - CMSIS Pack Vendor :STMicroelectronics X-CUBE-AZRTOS-G4 1.0.0
2023-12-12 18:14:53,963 [INFO] ThirdParty:1030 - CMSIS Pack Vendor :wolfSSL I-CUBE-wolfSSL 5.5.4
2023-12-12 18:14:53,963 [INFO] ThirdParty:1030 - CMSIS Pack Vendor :STMicroelectronics X-CUBE-AZRTOS-L4 1.0.0
2023-12-12 18:14:53,963 [INFO] ThirdParty:1030 - CMSIS Pack Vendor :STMicroelectronics X-CUBE-ISPU 2.0.0
2023-12-12 18:14:53,963 [INFO] ThirdParty:1030 - CMSIS Pack Vendor :STMicroelectronics HAL Drivers 0.0.0
2023-12-12 18:14:53,963 [INFO] ThirdParty:1030 - CMSIS Pack Vendor :STMicroelectronics MBEDTLS 2.16.2
2023-12-12 18:14:53,963 [INFO] ThirdParty:1030 - CMSIS Pack Vendor :STMicroelectronics X-CUBE-MEMS1 10.0.0
2023-12-12 18:14:53,963 [INFO] ThirdParty:1030 - CMSIS Pack Vendor :STMicroelectronics X-CUBE-FREERTOS 1.1.0
2023-12-12 18:14:53,963 [INFO] ThirdParty:1030 - CMSIS Pack Vendor :STMicroelectronics X-CUBE-TOUCHGFX 4.22.0
2023-12-12 18:14:53,963 [INFO] ThirdParty:1030 - CMSIS Pack Vendor :STMicroelectronics X-CUBE-NFC7 1.0.1
2023-12-12 18:14:53,963 [INFO] ThirdParty:1030 - CMSIS Pack Vendor :STMicroelectronics MBEDTLS 2.14.1
2023-12-12 18:14:53,963 [INFO] ThirdParty:1030 - CMSIS Pack Vendor :STMicroelectronics X-CUBE-NFC7 1.0.0
2023-12-12 18:14:53,963 [INFO] ThirdParty:1030 - CMSIS Pack Vendor :STMicroelectronics X-CUBE-TOUCHGFX 4.22.1
2023-12-12 18:14:53,963 [INFO] ThirdParty:1030 - CMSIS Pack Vendor :STMicroelectronics X-CUBE-AZRTOS-WL 1.0.0
2023-12-12 18:14:53,964 [INFO] ThirdParty:1030 - CMSIS Pack Vendor :STMicroelectronics X-CUBE-NFC6 3.0.0
2023-12-12 18:14:53,964 [INFO] ThirdParty:1030 - CMSIS Pack Vendor :STMicroelectronics X-CUBE-EEPRMA1 4.1.0
2023-12-12 18:14:53,964 [INFO] ThirdParty:1030 - CMSIS Pack Vendor :portGmbH I-Cube-SoM-uGOAL 1.1.0
2023-12-12 18:14:53,964 [INFO] ThirdParty:1030 - CMSIS Pack Vendor :STMicroelectronics X-CUBE-ALS 1.0.1
2023-12-12 18:14:53,964 [INFO] ThirdParty:1030 - CMSIS Pack Vendor :STMicroelectronics X-CUBE-MEMS1 9.5.0
2023-12-12 18:14:53,964 [INFO] ThirdParty:1030 - CMSIS Pack Vendor :STMicroelectronics ThreadX 1.0.0
2023-12-12 18:14:53,964 [INFO] ThirdParty:1030 - CMSIS Pack Vendor :STMicroelectronics FP-SNS-SMARTAG2 1.2.0
2023-12-12 18:14:53,964 [INFO] ThirdParty:1030 - CMSIS Pack Vendor :STMicroelectronics X-CUBE-AZRTOS-WB 1.1.0
2023-12-12 18:14:53,964 [INFO] ThirdParty:1030 - CMSIS Pack Vendor :STMicroelectronics X-CUBE-AZRTOS-WL 2.0.0
2023-12-12 18:14:53,964 [INFO] ThirdParty:1030 - CMSIS Pack Vendor :SEGGER I-CUBE-embOS 1.3.1
2023-12-12 18:14:53,964 [INFO] ThirdParty:1030 - CMSIS Pack Vendor :STMicroelectronics USB_DEVICE 1.0.0
2023-12-12 18:14:53,964 [INFO] ThirdParty:1030 - CMSIS Pack Vendor :STMicroelectronics X-CUBE-AI 8.1.0
2023-12-12 18:14:53,964 [INFO] ThirdParty:1030 - CMSIS Pack Vendor :STMicroelectronics X-CUBE-AZRTOS-L4 2.0.0
2023-12-12 18:14:53,964 [INFO] ThirdParty:1030 - CMSIS Pack Vendor :STMicroelectronics ThreadX 0.0.2
2023-12-12 18:14:53,964 [INFO] ThirdParty:1030 - CMSIS Pack Vendor :WES I-CUBE-Cesium 1.3.0
2023-12-12 18:14:53,964 [INFO] ThirdParty:1030 - CMSIS Pack Vendor :STMicroelectronics FP-ATR-ASTRA1 2.0.0
2023-12-12 18:14:53,964 [INFO] ThirdParty:1030 - CMSIS Pack Vendor :STMicroelectronics lwIP 2.1.2
2023-12-12 18:14:53,964 [INFO] ThirdParty:1030 - CMSIS Pack Vendor :STMicroelectronics X-CUBE-SFXS2LP1 4.0.0
2023-12-12 18:14:53,964 [INFO] ThirdParty:1030 - CMSIS Pack Vendor :STMicroelectronics X-CUBE-BLE2 3.3.0
2023-12-12 18:14:53,964 [INFO] ThirdParty:1030 - CMSIS Pack Vendor :STMicroelectronics X-CUBE-TOF1 3.4.0
2023-12-12 18:14:53,964 [INFO] ThirdParty:1030 - CMSIS Pack Vendor :STMicroelectronics X-CUBE-TOF1 3.2.0
2023-12-12 18:14:53,964 [INFO] ThirdParty:1030 - CMSIS Pack Vendor :STMicroelectronics X-CUBE-AZRTOS-H7 3.2.0
2023-12-12 18:14:53,964 [INFO] ThirdParty:1030 - CMSIS Pack Vendor :STMicroelectronics PDM2PCM 3.2.0
2023-12-12 18:14:53,964 [INFO] ThirdParty:1030 - CMSIS Pack Vendor :STMicroelectronics X-CUBE-AZRTOS-H7 3.0.0
2023-12-12 18:14:53,965 [INFO] ThirdParty:841 - exiting critical section [change project]
2023-12-12 18:14:54,450 [INFO] PinOutPanel:1499 - setPackage(No Configuration,No Configuration)
2023-12-12 18:14:54,453 [INFO] PinOutPanel:1499 - setPackage(STM32F407VGTx,LQFP100)
2023-12-12 18:14:54,896 [INFO] UtilMem:75 - Before build in PCC Used Memory: 590079232 Bytes (1073741824)
2023-12-12 18:14:55,877 [INFO] UtilMem:75 - After build in PCC Used Memory: 690912416 Bytes (1073741824)
2023-12-12 18:14:55,911 [INFO] IPUIPlugin:80 - create IPUIPlugin
2023-12-12 18:14:55,911 [INFO] IPUIPlugin:80 - create IPUIPlugin
2023-12-12 18:14:55,911 [INFO] IPUIPlugin:80 - create IPUIPlugin
2023-12-12 18:14:55,912 [INFO] IPUIPlugin:80 - create IPUIPlugin
2023-12-12 18:14:55,912 [INFO] IPUIPlugin:80 - create IPUIPlugin
2023-12-12 18:14:55,912 [INFO] IPUIPlugin:80 - create IPUIPlugin
2023-12-12 18:14:55,913 [INFO] IPUIPlugin:80 - create IPUIPlugin
2023-12-12 18:14:55,913 [INFO] IPUIPlugin:80 - create IPUIPlugin
2023-12-12 18:14:55,913 [INFO] IPUIPlugin:80 - create IPUIPlugin
2023-12-12 18:14:55,913 [INFO] IPUIPlugin:80 - create IPUIPlugin
2023-12-12 18:14:55,913 [INFO] IPUIPlugin:80 - create IPUIPlugin
2023-12-12 18:14:55,913 [INFO] IPUIPlugin:80 - create IPUIPlugin
2023-12-12 18:14:55,914 [INFO] IPUIPlugin:80 - create IPUIPlugin
2023-12-12 18:14:55,914 [INFO] IPUIPlugin:80 - create IPUIPlugin
2023-12-12 18:14:55,914 [INFO] IPUIPlugin:80 - create IPUIPlugin
2023-12-12 18:14:55,914 [INFO] IPUIPlugin:80 - create IPUIPlugin
2023-12-12 18:14:55,914 [INFO] IPUIPlugin:80 - create IPUIPlugin
2023-12-12 18:14:55,915 [INFO] IPUIPlugin:80 - create IPUIPlugin
2023-12-12 18:14:55,915 [INFO] IPUIPlugin:80 - create IPUIPlugin
2023-12-12 18:14:55,915 [INFO] IPUIPlugin:80 - create IPUIPlugin
2023-12-12 18:14:55,915 [INFO] IPUIPlugin:80 - create IPUIPlugin
2023-12-12 18:14:55,915 [INFO] IPUIPlugin:80 - create IPUIPlugin
2023-12-12 18:14:55,915 [INFO] IPUIPlugin:80 - create IPUIPlugin
2023-12-12 18:14:55,916 [INFO] IPUIPlugin:80 - create IPUIPlugin
2023-12-12 18:14:55,916 [INFO] IPUIPlugin:80 - create IPUIPlugin
2023-12-12 18:14:55,916 [INFO] IPUIPlugin:80 - create IPUIPlugin
2023-12-12 18:14:55,916 [INFO] IPUIPlugin:80 - create IPUIPlugin
2023-12-12 18:14:55,916 [INFO] IPUIPlugin:80 - create IPUIPlugin
2023-12-12 18:14:55,918 [INFO] IPUIPlugin:80 - create IPUIPlugin
2023-12-12 18:14:55,918 [INFO] IPUIPlugin:80 - create IPUIPlugin
2023-12-12 18:14:55,919 [INFO] IPUIPlugin:80 - create IPUIPlugin
2023-12-12 18:14:55,919 [INFO] IPUIPlugin:80 - create IPUIPlugin
2023-12-12 18:14:55,919 [INFO] IPUIPlugin:80 - create IPUIPlugin
2023-12-12 18:14:55,919 [INFO] IPUIPlugin:80 - create IPUIPlugin
2023-12-12 18:14:55,919 [INFO] IPUIPlugin:80 - create IPUIPlugin
2023-12-12 18:14:55,919 [INFO] IPUIPlugin:80 - create IPUIPlugin
2023-12-12 18:14:55,919 [INFO] IPUIPlugin:80 - create IPUIPlugin
2023-12-12 18:14:55,920 [INFO] IPUIPlugin:80 - create IPUIPlugin
2023-12-12 18:14:55,920 [INFO] IPUIPlugin:80 - create IPUIPlugin
2023-12-12 18:14:55,920 [INFO] IPUIPlugin:80 - create IPUIPlugin
2023-12-12 18:14:55,920 [INFO] IPUIPlugin:80 - create IPUIPlugin
2023-12-12 18:14:55,920 [INFO] IPUIPlugin:80 - create IPUIPlugin
2023-12-12 18:14:55,921 [INFO] IPUIPlugin:80 - create IPUIPlugin
2023-12-12 18:14:55,921 [INFO] IPUIPlugin:80 - create IPUIPlugin
2023-12-12 18:14:55,921 [INFO] IPUIPlugin:80 - create IPUIPlugin
2023-12-12 18:14:55,921 [INFO] IPUIPlugin:80 - create IPUIPlugin
2023-12-12 18:14:55,921 [INFO] IPUIPlugin:80 - create IPUIPlugin
2023-12-12 18:14:55,922 [INFO] IPUIPlugin:80 - create IPUIPlugin
2023-12-12 18:14:55,922 [INFO] IPUIPlugin:80 - create IPUIPlugin
2023-12-12 18:14:55,922 [INFO] IPUIPlugin:80 - create IPUIPlugin
2023-12-12 18:14:55,922 [INFO] IPUIPlugin:80 - create IPUIPlugin
2023-12-12 18:14:55,923 [INFO] IPUIPlugin:80 - create IPUIPlugin
2023-12-12 18:14:55,923 [INFO] IPUIPlugin:80 - create IPUIPlugin
2023-12-12 18:14:55,923 [INFO] IPUIPlugin:80 - create IPUIPlugin
2023-12-12 18:14:55,924 [INFO] IPUIPlugin:80 - create IPUIPlugin
2023-12-12 18:14:55,924 [INFO] IPUIPlugin:80 - create IPUIPlugin
2023-12-12 18:14:55,925 [INFO] IPUIPlugin:80 - create IPUIPlugin
2023-12-12 18:14:55,925 [INFO] IPUIPlugin:80 - create IPUIPlugin
2023-12-12 18:14:56,040 [INFO] ApiDbMcu:507 - Load IP Config File for PDM2PCM
2023-12-12 18:14:56,296 [INFO] CADModel:165 - CPN selected for project levelSTM32F407VGT6
2023-12-12 18:14:56,296 [INFO] CADModel:114 - Register for checkConnection events
2023-12-12 18:14:56,334 [INFO] OpenFileManager:328 - Restore cursor
2023-12-12 21:01:22,910 [INFO] NvicIntPanel:101 - NVIC parent = com.st.microxplorer.plugins.ip.nvic.MultiNvicIntPanel[,0,0,0x0,invalid,layout=javax.swing.BoxLayout,alignmentX=0.0,alignmentY=0.0,border=,flags=9,maximumSize=,minimumSize=,preferredSize=]
2023-12-12 21:01:23,058 [INFO] NvicIntPanel:101 - NVIC parent = com.st.microxplorer.plugins.ip.nvic.MultiNvicIntPanel[,0,0,0x0,invalid,layout=javax.swing.BoxLayout,alignmentX=0.0,alignmentY=0.0,border=,flags=9,maximumSize=,minimumSize=,preferredSize=]
2023-12-12 21:01:26,068 [INFO] NvicIntPanel:101 - NVIC parent = com.st.microxplorer.plugins.ip.nvic.MultiNvicIntPanel[,0,0,0x0,invalid,layout=javax.swing.BoxLayout,alignmentX=0.0,alignmentY=0.0,border=,flags=9,maximumSize=,minimumSize=,preferredSize=]
2023-12-12 21:01:26,166 [INFO] NvicIntPanel:101 - NVIC parent = com.st.microxplorer.plugins.ip.nvic.MultiNvicIntPanel[,0,0,0x0,invalid,layout=javax.swing.BoxLayout,alignmentX=0.0,alignmentY=0.0,border=,flags=9,maximumSize=,minimumSize=,preferredSize=]
2023-12-12 21:01:27,851 [INFO] NvicIntPanel:101 - NVIC parent = com.st.microxplorer.plugins.ip.nvic.MultiNvicIntPanel[,0,0,0x0,invalid,layout=javax.swing.BoxLayout,alignmentX=0.0,alignmentY=0.0,border=,flags=9,maximumSize=,minimumSize=,preferredSize=]
2023-12-12 21:01:27,938 [INFO] NvicIntPanel:101 - NVIC parent = com.st.microxplorer.plugins.ip.nvic.MultiNvicIntPanel[,0,0,0x0,invalid,layout=javax.swing.BoxLayout,alignmentX=0.0,alignmentY=0.0,border=,flags=9,maximumSize=,minimumSize=,preferredSize=]
2023-12-12 21:01:36,552 [INFO] NvicIntPanel:101 - NVIC parent = com.st.microxplorer.plugins.ip.nvic.MultiNvicIntPanel[,0,0,0x0,invalid,layout=javax.swing.BoxLayout,alignmentX=0.0,alignmentY=0.0,border=,flags=9,maximumSize=,minimumSize=,preferredSize=]
2023-12-12 21:03:03,259 [INFO] NvicIntPanel:101 - NVIC parent = com.st.microxplorer.plugins.ip.nvic.MultiNvicIntPanel[,0,0,0x0,invalid,layout=javax.swing.BoxLayout,alignmentX=0.0,alignmentY=0.0,border=,flags=9,maximumSize=,minimumSize=,preferredSize=]
2023-12-12 21:04:50,050 [INFO] UtilMem:75 - End SaveConfig() Used Memory: 757493488 Bytes (1073741824)
2023-12-12 21:04:51,091 [INFO] UtilMem:75 - End SaveConfig() Used Memory: 783852712 Bytes (1073741824)
2023-12-12 21:04:54,030 [INFO] UtilMem:75 - End SaveConfig() Used Memory: 880321704 Bytes (1073741824)
2023-12-12 21:04:54,863 [INFO] BlockDiagram:2759 - set Specific Code input for plugin: SPI
2023-12-12 21:04:54,863 [INFO] BlockDiagram:2759 - set Specific Code input for plugin: SYS
2023-12-12 21:04:54,863 [INFO] BlockDiagram:2759 - set Specific Code input for plugin: RCC
2023-12-12 21:04:54,863 [INFO] BlockDiagram:2759 - set Specific Code input for plugin: NVIC
2023-12-12 21:04:54,863 [INFO] BlockDiagram:2759 - set Specific Code input for plugin: GPIO
2023-12-12 21:04:54,868 [INFO] CodeGenerator:799 - code generatio: config db path: C:\ST\STM32CubeIDE_1.11.2\STM32CubeIDE\plugins\com.st.stm32cube.common.mx_6.9.2.202309101412\\db\
2023-12-12 21:04:55,290 [INFO] CodeEngine:255 - oldGeneratedFile, C:\Users\erkan\STM32CubeIDE\workspace_1.11.2\MFK_HAL_SPI_001\MXTmpFiles\license.tmp_save
2023-12-12 21:04:56,003 [INFO] CodeEngine:279 - Generated code: C:\Users\erkan\STM32CubeIDE\workspace_1.11.2\MFK_HAL_SPI_001\MXTmpFiles\license.tmp
2023-12-12 21:04:56,106 [INFO] CodeEngine:255 - oldGeneratedFile, C:\Users\erkan\STM32CubeIDE\workspace_1.11.2\MFK_HAL_SPI_001\MXTmpFiles\gpio.tmp_save
2023-12-12 21:04:56,244 [INFO] CodeEngine:279 - Generated code: C:\Users\erkan\STM32CubeIDE\workspace_1.11.2\MFK_HAL_SPI_001\MXTmpFiles\gpio.tmp
2023-12-12 21:04:56,439 [INFO] CodeEngine:255 - oldGeneratedFile, C:\Users\erkan\STM32CubeIDE\workspace_1.11.2\MFK_HAL_SPI_001\Core\Src\stm32f4xx_it.c_save
2023-12-12 21:04:56,610 [INFO] CodeEngine:279 - Generated code: C:\Users\erkan\STM32CubeIDE\workspace_1.11.2\MFK_HAL_SPI_001\Core\Src\stm32f4xx_it.c
2023-12-12 21:04:56,637 [INFO] CodeEngine:255 - oldGeneratedFile, C:\Users\erkan\STM32CubeIDE\workspace_1.11.2\MFK_HAL_SPI_001\Core\Inc\stm32f4xx_it.h_save
2023-12-12 21:04:56,783 [INFO] CodeEngine:279 - Generated code: C:\Users\erkan\STM32CubeIDE\workspace_1.11.2\MFK_HAL_SPI_001\Core\Inc\stm32f4xx_it.h
2023-12-12 21:04:56,851 [INFO] CodeEngine:255 - oldGeneratedFile, C:\Users\erkan\STM32CubeIDE\workspace_1.11.2\MFK_HAL_SPI_001\Core\Src\stm32f4xx_hal_msp.c_save
2023-12-12 21:04:56,992 [INFO] CodeEngine:279 - Generated code: C:\Users\erkan\STM32CubeIDE\workspace_1.11.2\MFK_HAL_SPI_001\Core\Src\stm32f4xx_hal_msp.c
2023-12-12 21:04:57,007 [INFO] CodeEngine:255 - oldGeneratedFile, C:\Users\erkan\STM32CubeIDE\workspace_1.11.2\MFK_HAL_SPI_001\MXTmpFiles\system.tmp_save
2023-12-12 21:04:57,100 [INFO] CodeEngine:279 - Generated code: C:\Users\erkan\STM32CubeIDE\workspace_1.11.2\MFK_HAL_SPI_001\MXTmpFiles\system.tmp
2023-12-12 21:04:57,138 [INFO] CodeEngine:311 - oldGeneratedFile, C:\Users\erkan\STM32CubeIDE\workspace_1.11.2\MFK_HAL_SPI_001\Core\Inc\stm32f4xx_hal_conf.h_save
2023-12-12 21:04:57,261 [INFO] CodeEngine:335 - Generated code: C:\Users\erkan\STM32CubeIDE\workspace_1.11.2\MFK_HAL_SPI_001\Core\Inc\stm32f4xx_hal_conf.h
2023-12-12 21:04:57,352 [INFO] CodeEngine:255 - oldGeneratedFile, C:\Users\erkan\STM32CubeIDE\workspace_1.11.2\MFK_HAL_SPI_001\Core\Inc\main.h_save
2023-12-12 21:04:57,463 [INFO] CodeEngine:279 - Generated code: C:\Users\erkan\STM32CubeIDE\workspace_1.11.2\MFK_HAL_SPI_001\Core\Inc\main.h
2023-12-12 21:04:57,491 [INFO] CodeEngine:255 - oldGeneratedFile, C:\Users\erkan\STM32CubeIDE\workspace_1.11.2\MFK_HAL_SPI_001\Core\Src\main.c_save
2023-12-12 21:04:57,662 [INFO] CodeEngine:279 - Generated code: C:\Users\erkan\STM32CubeIDE\workspace_1.11.2\MFK_HAL_SPI_001\Core\Src\main.c
2023-12-12 21:04:58,621 [INFO] ProjectBuilder:3064 - Time for Copy HAL[1] : 417mS.
2023-12-12 21:04:58,635 [INFO] ProjectBuilder:4404 - Project Generator version: 4.1.0
2023-12-12 21:04:58,946 [INFO] ConfigFileManager:1457 - The Die is : DIE413
2023-12-12 21:04:58,974 [INFO] ApiDbMcu:507 - Load IP Config File for FATFS
2023-12-12 21:04:59,011 [INFO] ApiDbMcu:507 - Load IP Config File for FREERTOS
2023-12-12 21:04:59,026 [INFO] ApiDbMcu:507 - Load IP Config File for LIBJPEG
2023-12-12 21:04:59,096 [INFO] ApiDbMcu:507 - Load IP Config File for LWIP
2023-12-12 21:04:59,145 [INFO] ApiDbMcu:507 - Load IP Config File for MBEDTLS
2023-12-12 21:04:59,203 [INFO] ApiDbMcu:507 - Load IP Config File for USB_DEVICE
2023-12-12 21:04:59,223 [INFO] ApiDbMcu:507 - Load IP Config File for USB_HOST
2023-12-12 21:05:00,703 [INFO] LogOutputStream:77 - [STDOUT_REDIRECT] 
2023-12-12 21:05:02,866 [INFO] ProjectBuilder:4626 - Time for Generating toolchain IDE Files: 4231mS.
2023-12-12 21:05:02,867 [INFO] ProjectBuilder:2935 - Time for Copy CMSIS : 1mS.
2023-12-12 21:05:02,869 [INFO] ProjectBuilder:2935 - Time for Copy CMSIS : 0mS.
