2024-05-09 15:08:33,881 [INFO] Activator:176 - 


2024-05-09 15:08:33,889 [INFO] Activator:177 - !SESSION log4j initialized
2024-05-09 15:08:40,579 [INFO] LogOutputStream:77 - [STDOUT_REDIRECT] 
2024-05-09 15:08:42,380 [INFO] ApplicationProperties:184 - Using Application install path: C:\ST\STM32CubeIDE_1.11.2\STM32CubeIDE\plugins\com.st.stm32cube.common.mx_6.9.2.202309101412
2024-05-09 15:08:42,402 [INFO] DbMcusXml:78 - Set database path to: C:\ST\STM32CubeIDE_1.11.2\STM32CubeIDE\plugins\com.st.stm32cube.common.mx_6.9.2.202309101412\\db\/mcu/
2024-05-09 15:08:42,402 [INFO] ApiDb:274 - Set plugin database path to: C:\ST\STM32CubeIDE_1.11.2\STM32CubeIDE\plugins\com.st.stm32cube.common.mx_6.9.2.202309101412\\db\/plugins/boardmanager/
2024-05-09 15:08:42,403 [WARN] ApiDb:259 - Overriding images path with different value:  => C:\ST\STM32CubeIDE_1.11.2\STM32CubeIDE\plugins\com.st.stm32cube.common.mx_6.9.2.202309101412\\db\/plugins/mcufinder/images/
2024-05-09 15:08:42,421 [INFO] ApiDb:250 - Set database path to: C:\Users\erkan\.stmcufinder\plugins\mcufinder//mcu/
2024-05-09 15:08:42,423 [INFO] DbMcusAds:125 - Set database path to: C:\Users\erkan\.stmcufinder\plugins\mcufinder//mcu/
2024-05-09 15:08:42,425 [INFO] CrossReferenceDbSqlite:203 - Set database path to: C:\Users\erkan\.stmcufinder\plugins\mcufinder//mcu/cs/
2024-05-09 15:08:42,532 [INFO] RulesReader:64 - Compatibility file has been processed (293 Rules)
2024-05-09 15:08:42,626 [INFO] DbMcusXml:78 - Set database path to: C:\ST\STM32CubeIDE_1.11.2\STM32CubeIDE\plugins\com.st.stm32cube.common.mx_6.9.2.202309101412\\db\/mcu/
2024-05-09 15:08:42,627 [INFO] ApiDb:274 - Set plugin database path to: C:\ST\STM32CubeIDE_1.11.2\STM32CubeIDE\plugins\com.st.stm32cube.common.mx_6.9.2.202309101412\\db\/plugins/boardmanager/
2024-05-09 15:08:42,627 [INFO] ApiDb:261 - Set plugin images path to: C:\ST\STM32CubeIDE_1.11.2\STM32CubeIDE\plugins\com.st.stm32cube.common.mx_6.9.2.202309101412\\db\/plugins/mcufinder/images/
2024-05-09 15:08:42,627 [WARN] DbFile:41 - Overriding database path with different value: C:\Users\erkan\.stmcufinder\plugins\mcufinder/ => C:\Users\erkan\.stmcufinder\plugins\mcufinder
2024-05-09 15:08:42,627 [INFO] ApiDb:250 - Set database path to: C:\Users\erkan\.stmcufinder\plugins\mcufinder//mcu/
2024-05-09 15:08:42,627 [WARN] DbFile:41 - Overriding database path with different value: C:\Users\erkan\.stmcufinder\plugins\mcufinder/ => C:\Users\erkan\.stmcufinder\plugins\mcufinder
2024-05-09 15:08:42,627 [INFO] DbMcusAds:125 - Set database path to: C:\Users\erkan\.stmcufinder\plugins\mcufinder//mcu/
2024-05-09 15:08:42,627 [WARN] DbFile:41 - Overriding database path with different value: C:\Users\erkan\.stmcufinder\plugins\mcufinder/ => C:\Users\erkan\.stmcufinder\plugins\mcufinder
2024-05-09 15:08:42,627 [WARN] DbFile:41 - Overriding database path with different value: C:\Users\erkan\.stmcufinder\plugins\mcufinder/ => C:\Users\erkan\.stmcufinder\plugins\mcufinder
2024-05-09 15:08:42,627 [INFO] CrossReferenceDbSqlite:203 - Set database path to: C:\Users\erkan\.stmcufinder\plugins\mcufinder//mcu/cs/
2024-05-09 15:08:42,710 [INFO] MainPanel:262 - HeapMemory: 268435456
2024-05-09 15:08:42,813 [INFO] DbMcusXml:78 - Set database path to: C:\ST\STM32CubeIDE_1.11.2\STM32CubeIDE\plugins\com.st.stm32cube.common.mx_6.9.2.202309101412\\db\/mcu/
2024-05-09 15:08:42,813 [INFO] ApiDb:274 - Set plugin database path to: C:\ST\STM32CubeIDE_1.11.2\STM32CubeIDE\plugins\com.st.stm32cube.common.mx_6.9.2.202309101412\\db\/plugins/boardmanager/
2024-05-09 15:08:42,814 [INFO] ApiDb:261 - Set plugin images path to: C:\ST\STM32CubeIDE_1.11.2\STM32CubeIDE\plugins\com.st.stm32cube.common.mx_6.9.2.202309101412\\db\/plugins/mcufinder/images/
2024-05-09 15:08:42,814 [WARN] DbFile:41 - Overriding database path with different value: C:\Users\erkan\.stmcufinder\plugins\mcufinder/ => C:\Users\erkan\.stmcufinder\plugins\mcufinder
2024-05-09 15:08:42,814 [INFO] ApiDb:250 - Set database path to: C:\Users\erkan\.stmcufinder\plugins\mcufinder//mcu/
2024-05-09 15:08:42,814 [WARN] DbFile:41 - Overriding database path with different value: C:\Users\erkan\.stmcufinder\plugins\mcufinder/ => C:\Users\erkan\.stmcufinder\plugins\mcufinder
2024-05-09 15:08:42,814 [INFO] DbMcusAds:125 - Set database path to: C:\Users\erkan\.stmcufinder\plugins\mcufinder//mcu/
2024-05-09 15:08:42,814 [WARN] DbFile:41 - Overriding database path with different value: C:\Users\erkan\.stmcufinder\plugins\mcufinder/ => C:\Users\erkan\.stmcufinder\plugins\mcufinder
2024-05-09 15:08:42,814 [WARN] DbFile:41 - Overriding database path with different value: C:\Users\erkan\.stmcufinder\plugins\mcufinder/ => C:\Users\erkan\.stmcufinder\plugins\mcufinder
2024-05-09 15:08:42,814 [INFO] CrossReferenceDbSqlite:203 - Set database path to: C:\Users\erkan\.stmcufinder\plugins\mcufinder//mcu/cs/
2024-05-09 15:08:42,837 [INFO] ApplicationProperties:184 - Using Application install path: C:\ST\STM32CubeIDE_1.11.2\STM32CubeIDE\plugins\com.st.stm32cube.common.mx_6.9.2.202309101412
2024-05-09 15:08:42,839 [INFO] PluginManage:196 - Search for loadable plugins [exclusion list=, ]
2024-05-09 15:08:42,840 [INFO] PluginManage:310 - Check plugin analytics
2024-05-09 15:08:42,999 [INFO] AnalyticsPlugin:253 - Accepted Software Licenses: STM32CubeMX.6.9.2
2024-05-09 15:08:42,999 [INFO] AnalyticsPlugin:255 - Accepted CMSIS Pack Licenses: 
2024-05-09 15:08:42,999 [INFO] AnalyticsPlugin:257 - Accepted Firmware Licenses: 
2024-05-09 15:08:43,002 [INFO] PluginManage:359 - Loaded plugin analytics (category:tool,tabindex:-1)
2024-05-09 15:08:43,002 [INFO] PluginManage:310 - Check plugin cadmodel
2024-05-09 15:08:43,018 [INFO] CADModel:105 - Init CAD model plugin
2024-05-09 15:08:43,018 [INFO] PluginManage:359 - Loaded plugin cadmodel (category:power,tabindex:5)
2024-05-09 15:08:43,018 [INFO] PluginManage:310 - Check plugin clock
2024-05-09 15:08:43,038 [INFO] PluginManage:359 - Loaded plugin clock (category:base,tabindex:2)
2024-05-09 15:08:43,039 [INFO] PluginManage:310 - Check plugin ddr
2024-05-09 15:08:43,040 [INFO] PluginManage:359 - Loaded plugin ddr (category:tool,tabindex:6)
2024-05-09 15:08:43,040 [INFO] PluginManage:310 - Check plugin filemanager
2024-05-09 15:08:43,181 [INFO] PluginManage:359 - Loaded plugin filemanager (category:base,tabindex:10)
2024-05-09 15:08:43,181 [INFO] PluginManage:310 - Check plugin ipmanager
2024-05-09 15:08:43,190 [INFO] PluginManage:359 - Loaded plugin ipmanager (category:base,tabindex:5)
2024-05-09 15:08:43,191 [INFO] PluginManage:310 - Check plugin lpbam
2024-05-09 15:08:43,211 [INFO] PluginManage:359 - Loaded plugin lpbam (category:base,tabindex:0)
2024-05-09 15:08:43,211 [INFO] PluginManage:310 - Check plugin memorymap
2024-05-09 15:08:43,237 [INFO] PluginManage:359 - Loaded plugin memorymap (category:base,tabindex:4)
2024-05-09 15:08:43,237 [INFO] PluginManage:310 - Check plugin pinoutandconfiguration
2024-05-09 15:08:43,255 [INFO] PluginManage:359 - Loaded plugin pinoutandconfiguration (category:base,tabindex:1)
2024-05-09 15:08:43,255 [INFO] PluginManage:310 - Check plugin pinoutconfig
2024-05-09 15:08:43,358 [WARN] SupportedApi:132 - Cannot load RTOS API schema: s4s-elt-must-match.1: The content of 'definitions' must match (annotation?, (simpleType | complexType)?, (unique | key | keyref)*)). A problem was found starting at: attribute.
2024-05-09 15:08:43,516 [INFO] PluginManage:359 - Loaded plugin pinoutconfig (category:base,tabindex:0)
2024-05-09 15:08:43,517 [INFO] PluginManage:310 - Check plugin power
2024-05-09 15:08:43,539 [INFO] PluginManage:359 - Loaded plugin power (category:power,tabindex:4)
2024-05-09 15:08:43,540 [INFO] PluginManage:310 - Check plugin projectmanager
2024-05-09 15:08:43,557 [INFO] PluginManage:359 - Loaded plugin projectmanager (category:projectmanager,tabindex:3)
2024-05-09 15:08:43,558 [INFO] PluginManage:310 - Check plugin thirdparty
2024-05-09 15:08:43,844 [INFO] PluginManage:359 - Loaded plugin thirdparty (category:base,tabindex:-1)
2024-05-09 15:08:43,844 [INFO] PluginManage:310 - Check plugin tools
2024-05-09 15:08:43,844 [WARN] IntegrityCheckThread:84 - waiting for thirdparty lock release [integrity check]
2024-05-09 15:08:43,845 [INFO] IntegrityCheckThread:86 - entering critical section [integrity check]
2024-05-09 15:08:43,845 [INFO] ThirdPartyUpdaterWithRetryManager:70 - Updater plugin not ready yet. [1/15]
2024-05-09 15:08:43,883 [INFO] PluginManage:359 - Loaded plugin tools (category:base,tabindex:7)
2024-05-09 15:08:43,883 [INFO] PluginManage:310 - Check plugin tutovideos
2024-05-09 15:08:44,076 [INFO] PluginManage:359 - Loaded plugin tutovideos (category:base,tabindex:-1)
2024-05-09 15:08:44,076 [INFO] PluginManage:310 - Check plugin updater
2024-05-09 15:08:44,090 [INFO] PluginManage:359 - Loaded plugin updater (category:base,tabindex:12)
2024-05-09 15:08:44,090 [INFO] PluginManage:310 - Check plugin userauth
2024-05-09 15:08:44,097 [INFO] UserAuth:113 - Init User Auth plugin
2024-05-09 15:08:44,097 [INFO] PluginManage:359 - Loaded plugin userauth (category:base,tabindex:14)
2024-05-09 15:08:44,098 [INFO] PluginManage:283 - PluginManage : Loaded plugins [17]
2024-05-09 15:08:44,329 [INFO] PinOutPanel:1499 - setPackage(No Configuration,No Configuration)
2024-05-09 15:08:44,473 [INFO] CADModel:165 - CPN selected for project level
2024-05-09 15:08:44,473 [INFO] CADModel:114 - Register for checkConnection events
2024-05-09 15:08:44,506 [INFO] IPUIPlugin:80 - create IPUIPlugin
2024-05-09 15:08:44,506 [INFO] PluginManager:220 - loadIPPluginJar : add adc
2024-05-09 15:08:44,544 [INFO] IPUIPlugin:80 - create IPUIPlugin
2024-05-09 15:08:44,544 [INFO] PluginManager:220 - loadIPPluginJar : add aes
2024-05-09 15:08:44,585 [INFO] IPUIPlugin:80 - create IPUIPlugin
2024-05-09 15:08:44,585 [INFO] PluginManager:220 - loadIPPluginJar : add can
2024-05-09 15:08:44,608 [INFO] IPUIPlugin:80 - create IPUIPlugin
2024-05-09 15:08:44,608 [INFO] PluginManager:220 - loadIPPluginJar : add comp
2024-05-09 15:08:44,641 [INFO] IPUIPlugin:80 - create IPUIPlugin
2024-05-09 15:08:44,641 [INFO] PluginManager:220 - loadIPPluginJar : add cryp
2024-05-09 15:08:44,672 [INFO] IPUIPlugin:80 - create IPUIPlugin
2024-05-09 15:08:44,672 [INFO] PluginManager:220 - loadIPPluginJar : add dfsdm
2024-05-09 15:08:44,687 [INFO] IPUIPlugin:80 - create IPUIPlugin
2024-05-09 15:08:44,687 [INFO] PluginManager:220 - loadIPPluginJar : add dma
2024-05-09 15:08:44,733 [INFO] IPUIPlugin:80 - create IPUIPlugin
2024-05-09 15:08:44,733 [INFO] PluginManager:220 - loadIPPluginJar : add dma3
2024-05-09 15:08:44,755 [INFO] IPUIPlugin:80 - create IPUIPlugin
2024-05-09 15:08:44,755 [INFO] PluginManager:220 - loadIPPluginJar : add fatfs
2024-05-09 15:08:44,803 [INFO] IPUIPlugin:80 - create IPUIPlugin
2024-05-09 15:08:44,803 [INFO] PluginManager:220 - loadIPPluginJar : add fmc
2024-05-09 15:08:44,818 [INFO] IPUIPlugin:80 - create IPUIPlugin
2024-05-09 15:08:44,818 [INFO] PluginManager:220 - loadIPPluginJar : add freertos
2024-05-09 15:08:44,843 [INFO] IPUIPlugin:80 - create IPUIPlugin
2024-05-09 15:08:44,843 [INFO] PluginManager:220 - loadIPPluginJar : add genericplugin
2024-05-09 15:08:44,962 [INFO] IPUIPlugin:80 - create IPUIPlugin
2024-05-09 15:08:44,962 [INFO] PluginManager:220 - loadIPPluginJar : add gfxmmu
2024-05-09 15:08:45,106 [INFO] IPUIPlugin:80 - create IPUIPlugin
2024-05-09 15:08:45,106 [INFO] PluginManager:220 - loadIPPluginJar : add gic
2024-05-09 15:08:45,120 [INFO] IPUIPlugin:80 - create IPUIPlugin
2024-05-09 15:08:45,120 [INFO] PluginManager:220 - loadIPPluginJar : add gpio
2024-05-09 15:08:45,211 [INFO] IPUIPlugin:80 - create IPUIPlugin
2024-05-09 15:08:45,211 [INFO] PluginManager:220 - loadIPPluginJar : add gtzc
2024-05-09 15:08:45,247 [INFO] IPUIPlugin:80 - create IPUIPlugin
2024-05-09 15:08:45,247 [INFO] PluginManager:220 - loadIPPluginJar : add hash
2024-05-09 15:08:45,301 [INFO] IPUIPlugin:80 - create IPUIPlugin
2024-05-09 15:08:45,302 [INFO] PluginManager:220 - loadIPPluginJar : add i2c
2024-05-09 15:08:45,341 [INFO] IPUIPlugin:80 - create IPUIPlugin
2024-05-09 15:08:45,341 [INFO] PluginManager:220 - loadIPPluginJar : add i2s
2024-05-09 15:08:45,383 [INFO] IPUIPlugin:80 - create IPUIPlugin
2024-05-09 15:08:45,383 [INFO] PluginManager:220 - loadIPPluginJar : add i3c
2024-05-09 15:08:45,487 [INFO] IPUIPlugin:80 - create IPUIPlugin
2024-05-09 15:08:45,487 [INFO] PluginManager:220 - loadIPPluginJar : add ipddr
2024-05-09 15:08:45,584 [INFO] IPUIPlugin:80 - create IPUIPlugin
2024-05-09 15:08:45,584 [INFO] PluginManager:220 - loadIPPluginJar : add linkedlist
2024-05-09 15:08:45,620 [INFO] IPUIPlugin:80 - create IPUIPlugin
2024-05-09 15:08:45,620 [INFO] PluginManager:220 - loadIPPluginJar : add lorawan
2024-05-09 15:08:45,657 [INFO] IPUIPlugin:80 - create IPUIPlugin
2024-05-09 15:08:45,657 [INFO] PluginManager:220 - loadIPPluginJar : add ltdc
2024-05-09 15:08:45,671 [INFO] IPUIPlugin:80 - create IPUIPlugin
2024-05-09 15:08:45,671 [INFO] PluginManager:220 - loadIPPluginJar : add mdma
2024-05-09 15:08:45,684 [INFO] IPUIPlugin:80 - create IPUIPlugin
2024-05-09 15:08:45,684 [INFO] PluginManager:220 - loadIPPluginJar : add nvic
2024-05-09 15:08:45,721 [INFO] IPUIPlugin:80 - create IPUIPlugin
2024-05-09 15:08:45,721 [INFO] PluginManager:220 - loadIPPluginJar : add opamp
2024-05-09 15:08:45,784 [INFO] IPUIPlugin:80 - create IPUIPlugin
2024-05-09 15:08:45,784 [INFO] PluginManager:220 - loadIPPluginJar : add openamp
2024-05-09 15:08:45,829 [INFO] IPUIPlugin:80 - create IPUIPlugin
2024-05-09 15:08:45,829 [INFO] PluginManager:220 - loadIPPluginJar : add pdm2pcm
2024-05-09 15:08:45,844 [INFO] IPUIPlugin:80 - create IPUIPlugin
2024-05-09 15:08:45,846 [INFO] PluginManager:220 - loadIPPluginJar : add plateformsettings
2024-05-09 15:08:45,872 [INFO] IPUIPlugin:80 - create IPUIPlugin
2024-05-09 15:08:45,872 [INFO] PluginManager:220 - loadIPPluginJar : add quadspi
2024-05-09 15:08:45,887 [INFO] IPUIPlugin:80 - create IPUIPlugin
2024-05-09 15:08:45,887 [INFO] PluginManager:220 - loadIPPluginJar : add resmgrutility
2024-05-09 15:08:45,947 [INFO] IPUIPlugin:80 - create IPUIPlugin
2024-05-09 15:08:45,948 [INFO] PluginManager:220 - loadIPPluginJar : add sai
2024-05-09 15:08:45,992 [INFO] IPUIPlugin:80 - create IPUIPlugin
2024-05-09 15:08:45,992 [INFO] PluginManager:220 - loadIPPluginJar : add spi
2024-05-09 15:08:46,057 [INFO] IPUIPlugin:80 - create IPUIPlugin
2024-05-09 15:08:46,057 [INFO] PluginManager:220 - loadIPPluginJar : add stm32_wpan
2024-05-09 15:08:46,081 [INFO] IPUIPlugin:80 - create IPUIPlugin
2024-05-09 15:08:46,081 [INFO] PluginManager:220 - loadIPPluginJar : add tim
2024-05-09 15:08:46,137 [INFO] IPUIPlugin:80 - create IPUIPlugin
2024-05-09 15:08:46,137 [INFO] PluginManager:220 - loadIPPluginJar : add touchsensing
2024-05-09 15:08:46,161 [INFO] IPUIPlugin:80 - create IPUIPlugin
2024-05-09 15:08:46,161 [INFO] PluginManager:220 - loadIPPluginJar : add tracer_emb
2024-05-09 15:08:46,188 [INFO] IPUIPlugin:80 - create IPUIPlugin
2024-05-09 15:08:46,188 [INFO] PluginManager:220 - loadIPPluginJar : add ts
2024-05-09 15:08:46,209 [INFO] IPUIPlugin:80 - create IPUIPlugin
2024-05-09 15:08:46,210 [INFO] PluginManager:220 - loadIPPluginJar : add tsc
2024-05-09 15:08:46,233 [INFO] IPUIPlugin:80 - create IPUIPlugin
2024-05-09 15:08:46,233 [INFO] PluginManager:220 - loadIPPluginJar : add ucpd
2024-05-09 15:08:46,278 [INFO] IPUIPlugin:80 - create IPUIPlugin
2024-05-09 15:08:46,278 [INFO] PluginManager:220 - loadIPPluginJar : add usart
2024-05-09 15:08:46,327 [INFO] IPUIPlugin:80 - create IPUIPlugin
2024-05-09 15:08:46,327 [INFO] PluginManager:220 - loadIPPluginJar : add usbx
2024-05-09 15:08:46,462 [INFO] CADModel:165 - CPN selected for project level
2024-05-09 15:08:46,462 [INFO] CADModel:114 - Register for checkConnection events
2024-05-09 15:08:46,462 [FATAL] Updater:308 - Updater called before beeing initialized
2024-05-09 15:08:46,463 [ERROR] CADModel:125 - Updater not yet initialized, retry later 
2024-05-09 15:08:46,610 [INFO] CADModel:165 - CPN selected for project level
2024-05-09 15:08:46,611 [INFO] CADModel:114 - Register for checkConnection events
2024-05-09 15:08:46,611 [FATAL] Updater:308 - Updater called before beeing initialized
2024-05-09 15:08:46,611 [ERROR] CADModel:125 - Updater not yet initialized, retry later 
2024-05-09 15:08:46,614 [FATAL] Updater:308 - Updater called before beeing initialized
2024-05-09 15:08:46,720 [FATAL] Updater:308 - Updater called before beeing initialized
2024-05-09 15:08:46,731 [INFO] DbMcusAds:53 - JSON generation date=Wed Nov 29 11:52:27 CET 2023 (1701255147349)
2024-05-09 15:08:46,731 [FATAL] Updater:308 - Updater called before beeing initialized
2024-05-09 15:08:46,842 [WARN] DetailPanel:346 - Failed to get advertising image, set to default
2024-05-09 15:08:46,847 [INFO] ThirdPartyUpdaterWithRetryManager:70 - Updater plugin not ready yet. [2/15]
2024-05-09 15:08:46,935 [FATAL] Updater:308 - Updater called before beeing initialized
2024-05-09 15:08:46,937 [FATAL] Updater:308 - Updater called before beeing initialized
2024-05-09 15:08:46,937 [FATAL] Updater:308 - Updater called before beeing initialized
2024-05-09 15:08:46,937 [WARN] DetailPanel:346 - Failed to get advertising image, set to default
2024-05-09 15:08:46,939 [FATAL] Updater:308 - Updater called before beeing initialized
2024-05-09 15:08:47,003 [ERROR] Updater:1120 - MainUpdater not yet initialized. External WinMGr cannot be set.
2024-05-09 15:08:47,015 [INFO] Updater:1056 - Updater Version found : 6.9.2
2024-05-09 15:08:47,038 [INFO] ApplicationProperties:184 - Using Application install path: C:\ST\STM32CubeIDE_1.11.2\STM32CubeIDE\plugins\com.st.stm32cube.common.mx_6.9.2.202309101412
2024-05-09 15:08:47,373 [INFO] MainUpdater:2868 - connection check result : 10
2024-05-09 15:08:47,374 [INFO] MainUpdater:285 - Updater Check For Update Now.
2024-05-09 15:08:47,375 [INFO] MicroXplorer:498 - Change Database Version : DB.6.0.92
2024-05-09 15:08:47,390 [INFO] McuFinderGlobals:63 - Set McuFinder mode to 2 (CubeIDE integrated)
2024-05-09 15:08:47,390 [INFO] UserAuth:179 - activating auth plugin
2024-05-09 15:08:47,393 [INFO] UserAuth:393 - Internet connection configuration mode: 1
2024-05-09 15:08:47,419 [INFO] JxBrowserEngine:151 - Initiate JxBrowser Engine with user profile folder
2024-05-09 15:08:47,569 [INFO] CheckServerUpdateThread:120 - End of CheckServer Thread
2024-05-09 15:08:50,224 [INFO] WebApp:157 - Instantiating new browser for Auth
2024-05-09 15:08:50,224 [WARN] PackLoader:240 - Cannot read IP mode file for STMicroelectronics.FP-SNS-MOTENVWB1.1.4.0
2024-05-09 15:08:50,250 [WARN] PackLoader:240 - Cannot read IP mode file for STMicroelectronics.X-CUBE-SMBUS.2.1.0
2024-05-09 15:08:50,273 [WARN] PackLoader:240 - Cannot read IP mode file for STMicroelectronics.X-CUBE-TOUCHGFX.4.23.0
2024-05-09 15:08:50,287 [WARN] PackLoader:240 - Cannot read IP mode file for STMicroelectronics.X-CUBE-TOUCHGFX.4.23.2
2024-05-09 15:08:50,332 [WARN] PackLoader:240 - Cannot read IP mode file for STMicroelectronics.X-CUBE-AZRTOS-F7.1.1.0
2024-05-09 15:08:50,351 [WARN] PackLoader:240 - Cannot read IP mode file for STMicroelectronics.FP-SNS-MOTENV1.4.3.2
2024-05-09 15:08:50,376 [WARN] PackLoader:240 - Cannot read IP mode file for STMicroelectronics.X-CUBE-BLE1.6.2.4
2024-05-09 15:08:50,393 [WARN] PackLoader:240 - Cannot read IP mode file for STMicroelectronics.FP-SNS-FLIGHT1.5.0.2
2024-05-09 15:08:50,417 [WARN] PackLoader:240 - Cannot read IP mode file for STMicroelectronics.X-CUBE-DISPLAY.3.0.0
2024-05-09 15:08:50,447 [WARN] PackLoader:240 - Cannot read IP mode file for STMicroelectronics.X-CUBE-BLE1.7.0.0
2024-05-09 15:08:50,466 [WARN] PackLoader:240 - Cannot read IP mode file for STMicroelectronics.X-CUBE-TOUCHGFX.4.22.0
2024-05-09 15:08:50,481 [WARN] PackLoader:240 - Cannot read IP mode file for STMicroelectronics.X-CUBE-TOUCHGFX.4.22.1
2024-05-09 15:08:50,517 [WARN] PackLoader:240 - Cannot read IP mode file for STMicroelectronics.X-CUBE-BLEMGR.3.1.0
2024-05-09 15:08:50,544 [WARN] PackLoader:240 - Cannot read IP mode file for STMicroelectronics.FP-SNS-SMARTAG2.1.2.0
2024-05-09 15:08:50,567 [INFO] LogOutputStream:77 - [STDOUT_REDIRECT] 1 : Invalid condition id : UX_CORESTACK_Condition cause : null
2024-05-09 15:08:50,567 [INFO] LogOutputStream:77 - [STDOUT_REDIRECT] 1 : Invalid condition id : UX_CORESTACK_Condition cause : null
2024-05-09 15:08:50,568 [INFO] LogOutputStream:77 - [STDOUT_REDIRECT] 1 : Invalid condition id : UX_CORESTACK_Condition cause : null
2024-05-09 15:08:50,569 [INFO] LogOutputStream:77 - [STDOUT_REDIRECT] 1 : Invalid condition id : UX_CORESTACK_Condition cause : null
2024-05-09 15:08:50,570 [INFO] LogOutputStream:77 - [STDOUT_REDIRECT] 1 : Invalid condition id : UX_CORESTACK_Condition cause : null
2024-05-09 15:08:50,573 [WARN] PackLoader:240 - Cannot read IP mode file for STMicroelectronics.X-CUBE-AZRTOS-WL.2.0.0
2024-05-09 15:08:50,586 [WARN] PackLoader:240 - Cannot read IP mode file for STMicroelectronics.FP-SNS-MOTENV1.5.0.0
2024-05-09 15:08:50,603 [WARN] PackLoader:240 - Cannot read IP mode file for WES.I-CUBE-Cesium.1.3.0
2024-05-09 15:08:50,616 [WARN] PackLoader:240 - Cannot read IP mode file for STMicroelectronics.X-CUBE-BLE2.3.3.0
2024-05-09 15:08:50,635 [WARN] PackLoader:240 - Cannot read IP mode file for STMicroelectronics.X-CUBE-TOF1.3.2.0
2024-05-09 15:08:50,654 [WARN] PackLoader:240 - Cannot read IP mode file for STMicroelectronics.X-CUBE-TCPP.4.1.0
2024-05-09 15:08:50,667 [WARN] PackLoader:240 - Cannot read IP mode file for STMicroelectronics.X-CUBE-TOUCHGFX.4.21.1
2024-05-09 15:08:50,680 [WARN] PackLoader:240 - Cannot read IP mode file for STMicroelectronics.X-CUBE-AI.7.3.0
2024-05-09 15:08:50,698 [WARN] PackLoader:240 - Cannot read IP mode file for STMicroelectronics.X-CUBE-ALGOBUILD.1.3.0
2024-05-09 15:08:50,724 [WARN] PackLoader:240 - Cannot read IP mode file for STMicroelectronics.X-CUBE-AZRTOS-G0.1.1.0
2024-05-09 15:08:50,745 [WARN] PackLoader:240 - Cannot read IP mode file for STMicroelectronics.X-CUBE-SAFEA1.1.2.2
2024-05-09 15:08:50,765 [WARN] PackLoader:240 - Cannot read IP mode file for STMicroelectronics.X-CUBE-NFC4.3.0.0
2024-05-09 15:08:50,783 [WARN] PackLoader:240 - Cannot read IP mode file for STMicroelectronics.X-CUBE-BLEMGR.3.0.0
2024-05-09 15:08:50,798 [WARN] PackLoader:240 - Cannot read IP mode file for STMicroelectronics.X-CUBE-BLEMGR.1.3.0
2024-05-09 15:08:50,812 [WARN] PackLoader:240 - Cannot read IP mode file for STMicroelectronics.FP-ATR-SIGFOX1.3.2.0
2024-05-09 15:08:50,825 [WARN] PackLoader:240 - Cannot read IP mode file for STMicroelectronics.X-CUBE-EEPRMA1.5.1.0
2024-05-09 15:08:50,871 [WARN] PackLoader:240 - Cannot read IP mode file for STMicroelectronics.X-CUBE-MEMS1.9.5.0
2024-05-09 15:08:50,932 [INFO] WebApp:753 - Register for checkConnection events
2024-05-09 15:08:50,932 [INFO] WebApp:390 - Apply proxy settings
2024-05-09 15:08:50,933 [INFO] WebApp:475 - Chromium requires no authentication
2024-05-09 15:08:50,940 [INFO] WebApp:418 - Direct internet connection detected
2024-05-09 15:08:50,998 [WARN] PackLoader:240 - Cannot read IP mode file for SEGGER.I-CUBE-embOS.1.3.1
2024-05-09 15:08:51,051 [WARN] PackLoader:240 - Cannot read IP mode file for STMicroelectronics.X-CUBE-GNSS1.6.0.0
2024-05-09 15:08:51,094 [WARN] PackLoader:240 - Cannot read IP mode file for STMicroelectronics.X-CUBE-AZRTOS-F4.1.1.0
2024-05-09 15:08:51,112 [WARN] PackLoader:240 - Cannot read IP mode file for STMicroelectronics.X-CUBE-FREERTOS.1.2.0
2024-05-09 15:08:51,142 [WARN] PackLoader:240 - Cannot read IP mode file for STMicroelectronics.X-CUBE-AZRTOS-L5.2.0.0
2024-05-09 15:08:51,153 [INFO] WebApp:188 - Starting web application
2024-05-09 15:08:51,153 [INFO] WebApp:520 - Web application path used C:\ST\STM32CubeIDE_1.11.2\STM32CubeIDE\plugins\com.st.stm32cube.common.mx_6.9.2.202309101412\db\plugins\mcufinder\reactClient1\index.html
2024-05-09 15:08:51,196 [WARN] PackLoader:240 - Cannot read IP mode file for STMicroelectronics.X-CUBE-MEMS1.9.6.0
2024-05-09 15:08:51,367 [WARN] PackLoader:240 - Cannot read IP mode file for STMicroelectronics.X-CUBE-EEPRMA1.4.2.0
2024-05-09 15:08:51,382 [WARN] PackLoader:240 - Cannot read IP mode file for STMicroelectronics.X-CUBE-NFC6.3.1.0
2024-05-09 15:08:51,401 [WARN] PackLoader:240 - Cannot read IP mode file for ITTIA_DB.I-CUBE-ITTIADB.8.8.0
2024-05-09 15:08:51,419 [WARN] PackLoader:240 - Cannot read IP mode file for emotas.I-CUBE-CANOPEN.1.1.3
2024-05-09 15:08:51,433 [WARN] PackLoader:240 - Cannot read IP mode file for STMicroelectronics.X-CUBE-BLEMGR.2.0.0
2024-05-09 15:08:51,447 [WARN] PackLoader:240 - Cannot read IP mode file for STMicroelectronics.X-CUBE-AI.9.0.0
2024-05-09 15:08:51,476 [WARN] ConditionMgr:438 - getConditionDescription Invalid condition id : UX DEVICE CLASS RTOS Condition cause : null
2024-05-09 15:08:51,476 [WARN] ConditionMgr:438 - getConditionDescription Invalid condition id : UX DEVICE CLASS RTOS Condition cause : null
2024-05-09 15:08:51,492 [WARN] PackLoader:240 - Cannot read IP mode file for STMicroelectronics.X-CUBE-AZRTOS-H7.3.1.0
2024-05-09 15:08:51,495 [WARN] ConditionMgr:1039 - genDependencies : Invalid condition id : UX DEVICE CLASS RTOS Condition cause : null
2024-05-09 15:08:51,495 [WARN] ConditionMgr:1039 - genDependencies : Invalid condition id : UX DEVICE CLASS RTOS Condition cause : null
2024-05-09 15:08:51,496 [WARN] ConditionMgr:1039 - genDependencies : Invalid condition id : UX DEVICE CLASS RTOS Condition cause : null
2024-05-09 15:08:51,497 [WARN] ConditionMgr:1039 - genDependencies : Invalid condition id : UX DEVICE CLASS RTOS Condition cause : null
2024-05-09 15:08:51,497 [WARN] ConditionMgr:1039 - genDependencies : Invalid condition id : UX DEVICE CLASS RTOS Condition cause : null
2024-05-09 15:08:51,517 [WARN] PackLoader:240 - Cannot read IP mode file for wolfSSL.I-CUBE-wolfSSL.5.5.4
2024-05-09 15:08:51,536 [WARN] PackLoader:240 - Cannot read IP mode file for STMicroelectronics.X-CUBE-NFC7.1.0.1
2024-05-09 15:08:51,552 [WARN] PackLoader:240 - Cannot read IP mode file for STMicroelectronics.X-CUBE-NFC7.1.0.0
2024-05-09 15:08:51,575 [WARN] PackLoader:240 - Cannot read IP mode file for STMicroelectronics.X-CUBE-NFC6.3.0.0
2024-05-09 15:08:51,593 [WARN] PackLoader:240 - Cannot read IP mode file for STMicroelectronics.X-CUBE-EEPRMA1.4.1.0
2024-05-09 15:08:51,607 [WARN] PackLoader:240 - Cannot read IP mode file for STMicroelectronics.X-CUBE-AI.8.1.0
2024-05-09 15:08:51,644 [WARN] ConditionMgr:438 - getConditionDescription Invalid condition id : LAN8742 Phy interface Condition cause : null
2024-05-09 15:08:51,645 [WARN] PackLoader:240 - Cannot read IP mode file for STMicroelectronics.X-CUBE-AZRTOS-L4.2.0.0
2024-05-09 15:08:51,646 [WARN] ConditionMgr:1039 - genDependencies : Invalid condition id : LAN8742 Phy interface Condition cause : null
2024-05-09 15:08:51,647 [WARN] ConditionMgr:1039 - genDependencies : Invalid condition id : LAN8742 Phy interface Condition cause : null
2024-05-09 15:08:51,647 [WARN] ConditionMgr:1039 - genDependencies : Invalid condition id : LAN8742 Phy interface Condition cause : null
2024-05-09 15:08:51,663 [WARN] PackLoader:240 - Cannot read IP mode file for STMicroelectronics.X-CUBE-SFXS2LP1.4.0.0
2024-05-09 15:08:51,698 [WARN] PackLoader:240 - Cannot read IP mode file for STMicroelectronics.X-CUBE-AZRTOS-H7.3.0.0
2024-05-09 15:08:51,715 [WARN] PackLoader:240 - Cannot read IP mode file for STMicroelectronics.X-CUBE-ISPU.1.1.0
2024-05-09 15:08:51,730 [WARN] PackLoader:240 - Cannot read IP mode file for RoweBots.I-CUBE-UNISONRTOS.5.5.0-4
2024-05-09 15:08:51,744 [WARN] PackLoader:240 - Cannot read IP mode file for STMicroelectronics.X-CUBE-AI.8.0.0
2024-05-09 15:08:51,767 [WARN] ConditionMgr:438 - getConditionDescription Invalid condition id : UX DEVICE CLASS RTOS Condition cause : null
2024-05-09 15:08:51,768 [WARN] ConditionMgr:438 - getConditionDescription Invalid condition id : UX DEVICE CLASS RTOS Condition cause : null
2024-05-09 15:08:51,770 [WARN] PackLoader:240 - Cannot read IP mode file for STMicroelectronics.X-CUBE-AZRTOS-WB.2.0.0
2024-05-09 15:08:51,771 [WARN] ConditionMgr:1039 - genDependencies : Invalid condition id : UX DEVICE CLASS RTOS Condition cause : null
2024-05-09 15:08:51,771 [WARN] ConditionMgr:1039 - genDependencies : Invalid condition id : UX DEVICE CLASS RTOS Condition cause : null
2024-05-09 15:08:51,771 [WARN] ConditionMgr:1039 - genDependencies : Invalid condition id : UX DEVICE CLASS RTOS Condition cause : null
2024-05-09 15:08:51,771 [WARN] ConditionMgr:1039 - genDependencies : Invalid condition id : UX DEVICE CLASS RTOS Condition cause : null
2024-05-09 15:08:51,771 [WARN] ConditionMgr:1039 - genDependencies : Invalid condition id : UX DEVICE CLASS RTOS Condition cause : null
2024-05-09 15:08:51,784 [WARN] PackLoader:240 - Cannot read IP mode file for STMicroelectronics.X-CUBE-FREERTOS.1.0.1
2024-05-09 15:08:51,813 [WARN] PackLoader:240 - Cannot read IP mode file for STMicroelectronics.X-CUBE-AZRTOS-L5.1.1.0
2024-05-09 15:08:51,836 [WARN] PackLoader:240 - Cannot read IP mode file for STMicroelectronics.X-CUBE-SUBG2.5.0.0
2024-05-09 15:08:51,859 [WARN] PackLoader:240 - Cannot read IP mode file for STMicroelectronics.X-CUBE-TOF1.3.3.1
2024-05-09 15:08:51,895 [WARN] PackLoader:240 - Cannot read IP mode file for STMicroelectronics.X-CUBE-AZRTOS-G4.2.0.0
2024-05-09 15:08:51,913 [WARN] PackLoader:240 - Cannot read IP mode file for STMicroelectronics.FP-ATR-ASTRA1.1.1.1
2024-05-09 15:08:51,939 [WARN] PackLoader:240 - Cannot read IP mode file for Infineon.AIROC-Wi-Fi-Bluetooth-STM32.1.5.1
2024-05-09 15:08:51,955 [WARN] PackLoader:240 - Cannot read IP mode file for STMicroelectronics.FP-SNS-MOTENVWB1.1.3.0
2024-05-09 15:08:51,970 [WARN] PackLoader:240 - Cannot read IP mode file for STMicroelectronics.FP-SNS-MOTENVWB1.1.3.1
2024-05-09 15:08:51,996 [WARN] PackLoader:240 - Cannot read IP mode file for STMicroelectronics.X-CUBE-AZRTOS-G4.1.0.0
2024-05-09 15:08:52,029 [WARN] PackLoader:240 - Cannot read IP mode file for STMicroelectronics.X-CUBE-AZRTOS-L4.1.0.0
2024-05-09 15:08:52,045 [WARN] PackLoader:240 - Cannot read IP mode file for STMicroelectronics.X-CUBE-ISPU.2.0.0
2024-05-09 15:08:52,114 [WARN] PackLoader:240 - Cannot read IP mode file for STMicroelectronics.X-CUBE-MEMS1.10.0.0
2024-05-09 15:08:52,292 [WARN] PackLoader:240 - Cannot read IP mode file for STMicroelectronics.X-CUBE-FREERTOS.1.1.0
2024-05-09 15:08:52,327 [WARN] PackLoader:240 - Cannot read IP mode file for STMicroelectronics.X-CUBE-AZRTOS-WL.1.0.0
2024-05-09 15:08:52,342 [WARN] PackLoader:240 - Cannot read IP mode file for portGmbH.I-Cube-SoM-uGOAL.1.1.0
2024-05-09 15:08:52,356 [WARN] PackLoader:240 - Cannot read IP mode file for STMicroelectronics.X-CUBE-ALS.1.0.1
2024-05-09 15:08:52,382 [WARN] PackLoader:240 - Cannot read IP mode file for STMicroelectronics.X-CUBE-AZRTOS-WB.1.1.0
2024-05-09 15:08:52,449 [WARN] PackLoader:240 - Cannot read IP mode file for STMicroelectronics.X-CUBE-AZRTOS-H7RS.1.0.0
2024-05-09 15:08:52,465 [WARN] PackLoader:240 - Cannot read IP mode file for STMicroelectronics.FP-ATR-ASTRA1.2.0.0
2024-05-09 15:08:52,485 [WARN] PackLoader:240 - Cannot read IP mode file for STMicroelectronics.X-CUBE-TOF1.3.4.0
2024-05-09 15:08:52,511 [WARN] PackLoader:240 - Cannot read IP mode file for STMicroelectronics.X-CUBE-TOF1.3.4.1
2024-05-09 15:08:52,551 [WARN] PackLoader:240 - Cannot read IP mode file for STMicroelectronics.X-CUBE-AZRTOS-H7.3.2.0
2024-05-09 15:08:52,553 [INFO] ThirdParty:978 - Integrity check success = true
2024-05-09 15:08:52,554 [INFO] IntegrityCheckThread:100 - exiting critical section [integrity check]
2024-05-09 15:08:52,554 [INFO] IntegrityCheckThread:103 - End integrity checks thread
2024-05-09 15:09:12,243 [ERROR] LogOutputStream:75 - [STDERR_REDIRECT] SLF4J: Failed to load class "org.slf4j.impl.StaticLoggerBinder".
2024-05-09 15:09:12,247 [ERROR] LogOutputStream:75 - [STDERR_REDIRECT] SLF4J: Defaulting to no-operation (NOP) logger implementation
2024-05-09 15:09:12,248 [ERROR] LogOutputStream:75 - [STDERR_REDIRECT] SLF4J: See http://www.slf4j.org/codes.html#StaticLoggerBinder for further details.
2024-05-09 15:11:39,780 [INFO] McuFinderGlobals:63 - Set McuFinder mode to 2 (CubeIDE integrated)
2024-05-09 15:11:39,817 [INFO] MainUpdater:2868 - connection check result : 10
2024-05-09 15:11:39,824 [INFO] MainUpdater:2868 - connection check result : 10
2024-05-09 15:11:40,032 [INFO] MicroXplorer:468 - Change Database Path : 
2024-05-09 15:11:40,032 [INFO] MicroXplorer:498 - Change Database Version : DB.6.0.92
2024-05-09 15:11:40,039 [WARN] ThirdParty:871 - waiting for thirdparty lock release [close project]
2024-05-09 15:11:40,039 [INFO] ThirdParty:873 - entering critical section [close project]
2024-05-09 15:11:40,042 [INFO] ThirdParty:883 - exiting critical section [close project]
2024-05-09 15:11:40,047 [INFO] PinOutPanel:1499 - setPackage(No Configuration,No Configuration)
2024-05-09 15:11:40,063 [INFO] UtilMem:75 - Begin LoadConfig() Used Memory: 798945200 Bytes (1073741824)
2024-05-09 15:11:40,066 [INFO] MicroXplorer:468 - Change Database Path : 
2024-05-09 15:11:40,066 [INFO] MicroXplorer:498 - Change Database Version : DB.6.0.92
2024-05-09 15:11:40,067 [INFO] OpenFileManager:308 - Change cursor
2024-05-09 15:11:40,122 [INFO] Mcu:1946 - Initializing MCU STM32F407V(E-G)Tx STM32F407VGTx STM32F407VGT6
2024-05-09 15:11:42,515 [INFO] Context:659 - Trying to add GPIOservice into a context  which must be forbidden
2024-05-09 15:11:43,468 [INFO] RtosManager:555 - Registered RTOS mode: class=CMSIS, group=RTOS, mode=CMSIS_V1, owner=FREERTOS
2024-05-09 15:11:43,468 [INFO] RtosManager:555 - Registered RTOS mode: class=CMSIS, group=RTOS2, mode=CMSIS_V2, owner=FREERTOS
2024-05-09 15:11:43,468 [INFO] RtosManager:555 - Registered RTOS mode: class=RTOS, group=Core, mode=CMSIS_V1, owner=FREERTOS
2024-05-09 15:11:43,468 [INFO] RtosManager:555 - Registered RTOS mode: class=RTOS, group=Core, mode=CMSIS_V2, owner=FREERTOS
2024-05-09 15:11:43,468 [WARN] ModelIntegratedComponent:184 - Missing modes for component STMicroelectronics:FreeRTOS:0.0.1:STMicroelectronics:RTOS:FreeRTOS:Core:::10.2.0:
2024-05-09 15:11:43,473 [WARN] ModelIntegratedComponent:63 - No mode defined for component null
2024-05-09 15:11:43,473 [WARN] ModelIntegratedComponent:63 - No mode defined for component null
2024-05-09 15:11:43,473 [WARN] ModelIntegratedComponent:63 - No mode defined for component null
2024-05-09 15:11:43,474 [WARN] ModelIntegratedComponent:63 - No mode defined for component null
2024-05-09 15:11:43,474 [WARN] ModelIntegratedComponent:63 - No mode defined for component null
2024-05-09 15:11:43,474 [WARN] ModelIntegratedComponent:63 - No mode defined for component null
2024-05-09 15:11:43,474 [WARN] ModelIntegratedComponent:63 - No mode defined for component null
2024-05-09 15:11:43,474 [WARN] ModelIntegratedComponent:63 - No mode defined for component null
2024-05-09 15:11:43,474 [WARN] ModelIntegratedComponent:63 - No mode defined for component null
2024-05-09 15:11:43,474 [WARN] ModelIntegratedComponent:63 - No mode defined for component null
2024-05-09 15:11:43,474 [WARN] ModelIntegratedComponent:63 - No mode defined for component null
2024-05-09 15:11:43,474 [WARN] ModelIntegratedComponent:63 - No mode defined for component null
2024-05-09 15:11:43,474 [WARN] ModelIntegratedComponent:63 - No mode defined for component null
2024-05-09 15:11:43,474 [WARN] ModelIntegratedComponent:63 - No mode defined for component null
2024-05-09 15:11:43,474 [WARN] ModelIntegratedComponent:63 - No mode defined for component null
2024-05-09 15:11:43,474 [WARN] ModelIntegratedComponent:63 - No mode defined for component null
2024-05-09 15:11:43,474 [WARN] ModelIntegratedComponent:63 - No mode defined for component null
2024-05-09 15:11:43,474 [WARN] ModelIntegratedComponent:63 - No mode defined for component null
2024-05-09 15:11:43,474 [WARN] ModelIntegratedComponent:63 - No mode defined for component null
2024-05-09 15:11:43,474 [WARN] ModelIntegratedComponent:63 - No mode defined for component null
2024-05-09 15:11:43,474 [WARN] ModelIntegratedComponent:63 - No mode defined for component null
2024-05-09 15:11:43,474 [WARN] ModelIntegratedComponent:63 - No mode defined for component null
2024-05-09 15:11:43,474 [WARN] ModelIntegratedComponent:63 - No mode defined for component null
2024-05-09 15:11:43,474 [WARN] ModelIntegratedComponent:63 - No mode defined for component null
2024-05-09 15:11:43,474 [WARN] ModelIntegratedComponent:63 - No mode defined for component null
2024-05-09 15:11:43,475 [WARN] ModelIntegratedComponent:63 - No mode defined for component null
2024-05-09 15:11:43,475 [WARN] ModelIntegratedComponent:63 - No mode defined for component null
2024-05-09 15:11:43,475 [WARN] ModelIntegratedComponent:63 - No mode defined for component null
2024-05-09 15:11:43,475 [WARN] ModelIntegratedComponent:63 - No mode defined for component null
2024-05-09 15:11:43,475 [WARN] ModelIntegratedComponent:63 - No mode defined for component null
2024-05-09 15:11:43,475 [WARN] ModelIntegratedComponent:63 - No mode defined for component null
2024-05-09 15:11:43,475 [WARN] ModelIntegratedComponent:63 - No mode defined for component null
2024-05-09 15:11:43,475 [WARN] ModelIntegratedComponent:63 - No mode defined for component null
2024-05-09 15:11:43,731 [INFO] ThirdPartyModel:298 - Start build external matchings
2024-05-09 15:11:45,344 [INFO] ThirdPartyModel:316 - End build external matchings
2024-05-09 15:11:45,374 [INFO] ImportTextPane:194 - (OptionalMessage_ERROR) IP (RCC) : Parameter (48MHZClocksFreq_Value) has invalid value (84000000)
2024-05-09 15:11:45,375 [INFO] ImportTextPane:194 - (OptionalMessage_ERROR) IP (RCC) : Parameter (RTCHSEDivFreq_Value) has invalid value (4000000)
2024-05-09 15:11:45,769 [INFO] UtilMem:75 - End LoadConfig() Used Memory: 885858000 Bytes (1073741824)
2024-05-09 15:11:45,980 [INFO] ApiDb:581 - Connected to CubeFinder SQLite database (C:\Users\erkan\.stmcufinder\plugins\mcufinder\mcu\cube-finder-db.db)
2024-05-09 15:11:46,081 [INFO] ApiDb:668 - CubeFinder database Data Model version=2.1
2024-05-09 15:11:46,081 [INFO] ApiDb:669 - CubeFinder database Configuration version=3.0.39
2024-05-09 15:11:46,083 [INFO] ApiDb:670 - CubeFinder database generation date=2024-03-25 (1711369621)
2024-05-09 15:11:46,083 [INFO] ApiDb:671 - CubeFinder database FW Pack versions=[FP-ATR-ASTRA1_V2.0.0, FP-SNS-FLIGHT1_V5.0.1, FP-SNS-FLIGHT1_V5.0.2, FP-SNS-MOTENV1_V4.3.1, FP-SNS-MOTENV1_V4.3.2, FP-SNS-MOTENVWB1_V1.3.1, FP-SNS-SMARTAG2_V1.2.0, STM32Cube_FW_C0_V1.1.0, STM32Cube_FW_F4_V1.28.0, STM32Cube_FW_F7_V1.17.0, STM32Cube_FW_G0_V1.6.2, STM32Cube_FW_G4_V1.5.2, STM32Cube_FW_H5_V0.5.1, STM32Cube_FW_H5_V1.1.1, STM32Cube_FW_H5_V1.2.0, STM32Cube_FW_H5_V1.2.0RC4, STM32Cube_FW_H7RS_V1.0.0, STM32Cube_FW_H7RS_V1.0.0RC4, STM32Cube_FW_H7_V1.11.0, STM32Cube_FW_L0_V1.12.2, STM32Cube_FW_L5_V1.5.1, STM32Cube_FW_U0_V1.0.0, STM32Cube_FW_U0_V1.0.0RC1, STM32Cube_FW_U5_V1.3.0RC4, STM32Cube_FW_U5_V1.5.0, STM32Cube_FW_U5_V1.5.0RC1, STM32Cube_FW_WBA_V1.0.0RC1, STM32Cube_FW_WBA_V1.2.0, STM32Cube_FW_WBA_V1.2.0RC2, STM32Cube_FW_WBA_V1.3.0, STM32Cube_FW_WBA_V1.3.0RC1, STM32Cube_FW_WB_V1.15.0RC1, STM32Cube_FW_WB_V1.16.0, STM32Cube_FW_WB_V1.16.0RC2, STM32Cube_FW_WB_V1.18.0, STM32Cube_FW_WB_V1.19.0, STM32Cube_FW_WL_V1.3.0, X-CUBE-ALGOBUILD_V1.3.0, X-CUBE-ALS_V1.0.1, X-CUBE-AZRTOS-F4_V1.1.0, X-CUBE-AZRTOS-F7_V1.1.0, X-CUBE-AZRTOS-G0_V1.1.0, X-CUBE-AZRTOS-G4_V2.0.0, X-CUBE-AZRTOS-H7_V3.2.0, X-CUBE-AZRTOS-L4_V1.0.0, X-CUBE-AZRTOS-L4_V2.0.0, X-CUBE-AZRTOS-L5_V1.1.0, X-CUBE-AZRTOS-WB_V2.0.0, X-CUBE-AZRTOS-WL_V2.0.0, X-CUBE-BLE1_V7.0.0, X-CUBE-BLE2_V3.3.0, X-CUBE-BLEMGR_V3.1.0, X-CUBE-EEPRMA1_V4.1.0, X-CUBE-EEPRMA1_V5.1.0, X-CUBE-FREERTOS_V1.1.0, X-CUBE-GNSS1_V6.0.0, X-CUBE-MEMS1_V10.0.0, X-CUBE-MEMS1_V9.1.0, X-CUBE-MEMS1_V9.4.0, X-CUBE-MEMS1_V9.6.0, X-CUBE-NFC4_V3.0.0, X-CUBE-NFC7_V1.0.1, X-CUBE-SFXS2LP1_V4.0.0, X-CUBE-SUBG2_V5.0.0, X-CUBE-TOF1_V3.4.0]
2024-05-09 15:11:48,557 [INFO] ApiDb:240 - Found 323 in-development CPN: [B-G473E-ZEST1S, B-WB1M-WPAN1, B-WL5M-SUBG1, NUCLEO-C031C6, NUCLEO-H503RB, NUCLEO-H563ZI, NUCLEO-U545RE-Q, NUCLEO-U5A5ZJ-Q, NUCLEO-WBA52CG, STEVAL-PROTEUS1, STEVAL-SMARTAG2, STEVAL-STWINBX1, STM320518-EVAL, STM32C0116-DK, STM32C011D6Y3TR, STM32C011D6Y6TR, STM32C011F4P3, STM32C011F4P6, STM32C011F4U3, STM32C011F4U6TR, STM32C011F6P3, STM32C011F6P6, STM32C011F6U3, STM32C011F6U6TR, STM32C011J4M3, STM32C011J4M6, STM32C011J6M3, STM32C011J6M6, STM32C0316-DK, STM32C031C4T3, STM32C031C4T6, STM32C031C4U3, STM32C031C4U6, STM32C031C6T3, STM32C031C6T6, STM32C031C6U3, STM32C031C6U6, STM32C031F4P3, STM32C031F4P6, STM32C031F6P3, STM32C031F6P6, STM32C031G4U3, STM32C031G4U6, STM32C031G6U3, STM32C031G6U6, STM32C031K4T3, STM32C031K4T6, STM32C031K4U3, STM32C031K4U6, STM32C031K6T3, STM32C031K6T6, STM32C031K6U3, STM32C031K6U6, STM32G071K8TXN, STM32G071K8UXN, STM32G081GBU6N, STM32G081KBT6N, STM32G081KBUXN, STM32G0B1CCT6N, STM32G0B1KCT6, STM32G0B1NEY6TR, STM32G0B1RCT6N, STM32G0C1CCT6, STM32G0C1CCT6N, STM32G0C1CCU6N, STM32G0C1CET6N, STM32G0C1CEU6N, STM32G0C1KCT6, STM32G0C1NEY6TR, STM32G0C1RCI6N, STM32G0C1RCT6N, STM32G0C1REI6N, STM32G0C1RET6N, STM32G0C1VCI6, STM32G0C1VEI6, STM32G471CCT6, STM32G471CCU6, STM32G471CET3, STM32G471CET6, STM32G471CEU3, STM32G471CEU6, STM32G471MCT6, STM32G471MET3, STM32G471MET6, STM32G471MEY6TR, STM32G471QCT6, STM32G471QET3, STM32G471RCT6, STM32G471RET3, STM32G471RET6, STM32G471VCH6, STM32G471VCI6, STM32G471VCT6, STM32G471VEH3, STM32G471VEH6, STM32G471VEI3, STM32G471VEI6, STM32G471VET3, STM32G471VET6, STM32G474CCT6, STM32H503CBT6, STM32H503CBU6, STM32H503EBY6TR, STM32H503KBU6, STM32H503RBT6, STM32H562AGI6, STM32H562AII6, STM32H562IGK6, STM32H562IGT6, STM32H562IIK6, STM32H562IIT6, STM32H562RGT6, STM32H562RGV6, STM32H562RIT6, STM32H562RIV6, STM32H562VGT6, STM32H562VIT6, STM32H562ZGT6, STM32H562ZIT6, STM32H563AGI6, STM32H563AII3Q, STM32H563AII6, STM32H563IGK6, STM32H563IGT6, STM32H563IIK3Q, STM32H563IIK6, STM32H563IIT3Q, STM32H563IIT6, STM32H563MIY3QTR, STM32H563RGT6, STM32H563RGV6, STM32H563RIT6, STM32H563RIV6, STM32H563VGT6, STM32H563VIT3Q, STM32H563VIT6, STM32H563ZGT6, STM32H563ZIT3Q, STM32H563ZIT6, STM32H573AII3Q, STM32H573AII6, STM32H573I-DK, STM32H573IIK3Q, STM32H573IIK6, STM32H573IIT3Q, STM32H573IIT6, STM32H573MIY3QTR, STM32H573RIT6, STM32H573RIV6, STM32H573VIT3Q, STM32H573VIT6, STM32H573ZIT3Q, STM32H573ZIT6, STM32L4R5QGI6STR, STM32MP131AAE3, STM32MP131AAF3, STM32MP131AAG3, STM32MP131CAE3, STM32MP131CAF3, STM32MP131CAG3, STM32MP131DAE7, STM32MP131DAF7, STM32MP131DAG7, STM32MP131FAE7, STM32MP131FAF7, STM32MP131FAG7, STM32MP133AAE3, STM32MP133AAF3, STM32MP133AAG3, STM32MP133CAE3, STM32MP133CAF3, STM32MP133CAG3, STM32MP133DAE7, STM32MP133DAF7, STM32MP133DAG7, STM32MP133FAE7, STM32MP133FAF7, STM32MP133FAG7, STM32MP135AAE3, STM32MP135AAF3, STM32MP135AAG3, STM32MP135CAE3, STM32MP135CAF3, STM32MP135CAG3, STM32MP135DAE7, STM32MP135DAF7, STM32MP135DAG7, STM32MP135F-DK, STM32MP135FAE7, STM32MP135FAF7, STM32MP135FAF7T, STM32MP135FAF7U, STM32MP135FAG7, STM32U535CBT6, STM32U535CBT6Q, STM32U535CBU6, STM32U535CBU6Q, STM32U535CCT6, STM32U535CCT6Q, STM32U535CCU6, STM32U535CCU6Q, STM32U535CET6, STM32U535CET6Q, STM32U535CEU6, STM32U535CEU6Q, STM32U535JEY6QTR, STM32U535NCY6QTR, STM32U535NEY6QTR, STM32U535RBI6, STM32U535RBI6Q, STM32U535RBT6, STM32U535RBT6Q, STM32U535RCI6, STM32U535RCI6Q, STM32U535RCT6, STM32U535RCT6Q, STM32U535REI6, STM32U535REI6Q, STM32U535RET6, STM32U535RET6Q, STM32U535VCI6, STM32U535VCI6Q, STM32U535VCT6, STM32U535VCT6Q, STM32U535VEI6, STM32U535VEI6Q, STM32U535VET6, STM32U535VET6Q, STM32U545CET6, STM32U545CET6Q, STM32U545CEU6, STM32U545CEU6Q, STM32U545JEY6QTR, STM32U545NEY6QTR, STM32U545REI6, STM32U545REI6Q, STM32U545RET6, STM32U545RET6Q, STM32U545VEI6, STM32U545VEI6Q, STM32U545VET6, STM32U545VET6Q, STM32U595AIH6, STM32U595AIH6Q, STM32U595AJH6, STM32U595AJH6Q, STM32U595QII6, STM32U595QII6Q, STM32U595QJI6, STM32U595QJI6Q, STM32U595RIT6, STM32U595RIT6Q, STM32U595RJT6, STM32U595RJT6Q, STM32U595VIT6, STM32U595VIT6Q, STM32U595VJT6, STM32U595VJT6Q, STM32U595ZIT6, STM32U595ZIT6Q, STM32U595ZIY6QTR, STM32U595ZJT6, STM32U595ZJT6Q, STM32U595ZJY6QTR, STM32U599BJY6QTR, STM32U599NIH6Q, STM32U599NJH6Q, STM32U599VIT6Q, STM32U599VJT6, STM32U599VJT6Q, STM32U599ZIT6Q, STM32U599ZIY6QTR, STM32U599ZJT6Q, STM32U599ZJY6QTR, STM32U5A5AJH6, STM32U5A5AJH6Q, STM32U5A5QJI6, STM32U5A5QJI6Q, STM32U5A5RJT6, STM32U5A5RJT6Q, STM32U5A5VJT6, STM32U5A5VJT6Q, STM32U5A5ZJT6, STM32U5A5ZJT6Q, STM32U5A5ZJY6QTR, STM32U5A9BJY6QTR, STM32U5A9J-DK, STM32U5A9NJH6Q, STM32U5A9VJT6Q, STM32U5A9ZJT6Q, STM32U5A9ZJY6QTR, STM32U5F7VIT6, STM32U5F7VIT6Q, STM32U5F7VJT6, STM32U5F7VJT6Q, STM32U5F9BJY6QTR, STM32U5F9NJH6Q, STM32U5F9VIT6Q, STM32U5F9VJT6Q, STM32U5F9ZIJ6QTR, STM32U5F9ZIT6Q, STM32U5F9ZJJ6QTR, STM32U5F9ZJT6Q, STM32U5G7VJT6, STM32U5G7VJT6Q, STM32U5G9BJY6QTR, STM32U5G9J-DK1, STM32U5G9J-DK2, STM32U5G9NJH6Q, STM32U5G9VJT6Q, STM32U5G9ZJJ6QTR, STM32U5G9ZJT6Q, STM32WB1MMCH6, STM32WBA52CEU6, STM32WBA52CEU6T, STM32WBA52CGU6, STM32WBA52CGU6T, STM32WBA52KEU6, STM32WBA52KEU6T, STM32WBA52KGU6, STM32WBA52KGU6T, STM32WL5MOCH6, STM32WL5MOCH6TR]
2024-05-09 15:11:48,561 [INFO] DbMcus:217 - Found 4050 MCUs, 4050 are supported
2024-05-09 15:11:48,562 [INFO] ApiDb:423 - Load user favorites file C:\Users\erkan/.stm32cubeide/favorites.mcus.txt: 0 item(s)
2024-05-09 15:11:48,562 [INFO] ApiDb:427 - User favorites MCUs=[]
2024-05-09 15:11:48,562 [INFO] DbMcus:223 - Set 0 / 0 favorites MCUs
2024-05-09 15:11:48,953 [WARN] ThirdParty:833 - waiting for thirdparty lock release [change project]
2024-05-09 15:11:48,953 [INFO] ThirdParty:835 - entering critical section [change project]
2024-05-09 15:11:48,954 [INFO] ThirdParty:1030 - CMSIS Pack Vendor :STMicroelectronics USBPD 4.1
2024-05-09 15:11:48,954 [INFO] ThirdParty:1030 - CMSIS Pack Vendor :STMicroelectronics X-CUBE-GNSS1 6.0.0
2024-05-09 15:11:48,954 [INFO] ThirdParty:1030 - CMSIS Pack Vendor :STMicroelectronics USB_HOST 2.0.0
2024-05-09 15:11:48,954 [INFO] ThirdParty:1030 - CMSIS Pack Vendor :STMicroelectronics FP-SNS-MOTENVWB1 1.4.0
2024-05-09 15:11:48,954 [INFO] ThirdParty:1030 - CMSIS Pack Vendor :STMicroelectronics X-CUBE-AZRTOS-F4 1.1.0
2024-05-09 15:11:48,954 [INFO] ThirdParty:1030 - CMSIS Pack Vendor :STMicroelectronics LIBJPEG 8.0.0
2024-05-09 15:11:48,954 [INFO] ThirdParty:1030 - CMSIS Pack Vendor :STMicroelectronics X-CUBE-SMBUS 2.1.0
2024-05-09 15:11:48,954 [INFO] ThirdParty:1030 - CMSIS Pack Vendor :STMicroelectronics X-CUBE-FREERTOS 1.2.0
2024-05-09 15:11:48,954 [INFO] ThirdParty:1030 - CMSIS Pack Vendor :STMicroelectronics X-CUBE-TOUCHGFX 4.23.0
2024-05-09 15:11:48,954 [INFO] ThirdParty:1030 - CMSIS Pack Vendor :STMicroelectronics X-CUBE-TOUCHGFX 4.23.2
2024-05-09 15:11:48,954 [INFO] ThirdParty:1030 - CMSIS Pack Vendor :STMicroelectronics X-CUBE-AZRTOS-F7 1.1.0
2024-05-09 15:11:48,954 [INFO] ThirdParty:1030 - CMSIS Pack Vendor :STMicroelectronics X-CUBE-AZRTOS-L5 2.0.0
2024-05-09 15:11:48,954 [INFO] ThirdParty:1030 - CMSIS Pack Vendor :STMicroelectronics USB_DEVICE 2.0.0
2024-05-09 15:11:48,954 [INFO] ThirdParty:1030 - CMSIS Pack Vendor :STMicroelectronics X-CUBE-MEMS1 9.6.0
2024-05-09 15:11:48,954 [INFO] ThirdParty:1030 - CMSIS Pack Vendor :STMicroelectronics X-CUBE-EEPRMA1 4.2.0
2024-05-09 15:11:48,954 [INFO] ThirdParty:1030 - CMSIS Pack Vendor :STMicroelectronics X-CUBE-NFC6 3.1.0
2024-05-09 15:11:48,954 [INFO] ThirdParty:1030 - CMSIS Pack Vendor :ITTIA_DB I-CUBE-ITTIADB 8.8.0
2024-05-09 15:11:48,954 [INFO] ThirdParty:1030 - CMSIS Pack Vendor :STMicroelectronics FP-SNS-MOTENV1 4.3.2
2024-05-09 15:11:48,954 [INFO] ThirdParty:1030 - CMSIS Pack Vendor :STMicroelectronics X-CUBE-BLE1 6.2.4
2024-05-09 15:11:48,954 [INFO] ThirdParty:1030 - CMSIS Pack Vendor :STMicroelectronics FreeRTOS 0.0.1
2024-05-09 15:11:48,954 [INFO] ThirdParty:1030 - CMSIS Pack Vendor :emotas I-CUBE-CANOPEN 1.1.3
2024-05-09 15:11:48,954 [INFO] ThirdParty:1030 - CMSIS Pack Vendor :STMicroelectronics X-CUBE-BLEMGR 2.0.0
2024-05-09 15:11:48,954 [INFO] ThirdParty:1030 - CMSIS Pack Vendor :STMicroelectronics FP-SNS-FLIGHT1 5.0.2
2024-05-09 15:11:48,954 [INFO] ThirdParty:1030 - CMSIS Pack Vendor :STMicroelectronics X-CUBE-AI 9.0.0
2024-05-09 15:11:48,955 [INFO] ThirdParty:1030 - CMSIS Pack Vendor :STMicroelectronics X-CUBE-AZRTOS-H7 3.1.0
2024-05-09 15:11:48,955 [INFO] ThirdParty:1030 - CMSIS Pack Vendor :STMicroelectronics PDM2PCM 3.3.0
2024-05-09 15:11:48,955 [INFO] ThirdParty:1030 - CMSIS Pack Vendor :STMicroelectronics X-CUBE-DISPLAY 3.0.0
2024-05-09 15:11:48,955 [INFO] ThirdParty:1030 - CMSIS Pack Vendor :STMicroelectronics X-CUBE-BLE1 7.0.0
2024-05-09 15:11:48,955 [INFO] ThirdParty:1030 - CMSIS Pack Vendor :wolfSSL I-CUBE-wolfSSL 5.5.4
2024-05-09 15:11:48,955 [INFO] ThirdParty:1030 - CMSIS Pack Vendor :STMicroelectronics HAL Drivers 0.0.0
2024-05-09 15:11:48,955 [INFO] ThirdParty:1030 - CMSIS Pack Vendor :STMicroelectronics X-CUBE-TOUCHGFX 4.22.0
2024-05-09 15:11:48,955 [INFO] ThirdParty:1030 - CMSIS Pack Vendor :STMicroelectronics X-CUBE-NFC7 1.0.1
2024-05-09 15:11:48,955 [INFO] ThirdParty:1030 - CMSIS Pack Vendor :STMicroelectronics MBEDTLS 2.14.1
2024-05-09 15:11:48,955 [INFO] ThirdParty:1030 - CMSIS Pack Vendor :STMicroelectronics X-CUBE-NFC7 1.0.0
2024-05-09 15:11:48,955 [INFO] ThirdParty:1030 - CMSIS Pack Vendor :STMicroelectronics X-CUBE-TOUCHGFX 4.22.1
2024-05-09 15:11:48,955 [INFO] ThirdParty:1030 - CMSIS Pack Vendor :STMicroelectronics X-CUBE-NFC6 3.0.0
2024-05-09 15:11:48,955 [INFO] ThirdParty:1030 - CMSIS Pack Vendor :STMicroelectronics X-CUBE-EEPRMA1 4.1.0
2024-05-09 15:11:48,955 [INFO] ThirdParty:1030 - CMSIS Pack Vendor :STMicroelectronics X-CUBE-BLEMGR 3.1.0
2024-05-09 15:11:48,955 [INFO] ThirdParty:1030 - CMSIS Pack Vendor :STMicroelectronics FP-SNS-SMARTAG2 1.2.0
2024-05-09 15:11:48,955 [INFO] ThirdParty:1030 - CMSIS Pack Vendor :STMicroelectronics X-CUBE-AZRTOS-WL 2.0.0
2024-05-09 15:11:48,955 [INFO] ThirdParty:1030 - CMSIS Pack Vendor :STMicroelectronics FP-SNS-MOTENV1 5.0.0
2024-05-09 15:11:48,955 [INFO] ThirdParty:1030 - CMSIS Pack Vendor :STMicroelectronics USB_DEVICE 1.0.0
2024-05-09 15:11:48,955 [INFO] ThirdParty:1030 - CMSIS Pack Vendor :STMicroelectronics X-CUBE-AI 8.1.0
2024-05-09 15:11:48,955 [INFO] ThirdParty:1030 - CMSIS Pack Vendor :STMicroelectronics X-CUBE-AZRTOS-L4 2.0.0
2024-05-09 15:11:48,955 [INFO] ThirdParty:1030 - CMSIS Pack Vendor :STMicroelectronics ThreadX 0.0.2
2024-05-09 15:11:48,955 [INFO] ThirdParty:1030 - CMSIS Pack Vendor :WES I-CUBE-Cesium 1.3.0
2024-05-09 15:11:48,955 [INFO] ThirdParty:1030 - CMSIS Pack Vendor :STMicroelectronics lwIP 2.1.2
2024-05-09 15:11:48,955 [INFO] ThirdParty:1030 - CMSIS Pack Vendor :STMicroelectronics X-CUBE-SFXS2LP1 4.0.0
2024-05-09 15:11:48,955 [INFO] ThirdParty:1030 - CMSIS Pack Vendor :STMicroelectronics X-CUBE-BLE2 3.3.0
2024-05-09 15:11:48,955 [INFO] ThirdParty:1030 - CMSIS Pack Vendor :STMicroelectronics X-CUBE-TOF1 3.2.0
2024-05-09 15:11:48,955 [INFO] ThirdParty:1030 - CMSIS Pack Vendor :STMicroelectronics PDM2PCM 3.2.0
2024-05-09 15:11:48,956 [INFO] ThirdParty:1030 - CMSIS Pack Vendor :STMicroelectronics X-CUBE-AZRTOS-H7 3.0.0
2024-05-09 15:11:48,956 [INFO] ThirdParty:1030 - CMSIS Pack Vendor :STMicroelectronics X-CUBE-ISPU 1.1.0
2024-05-09 15:11:48,956 [INFO] ThirdParty:1030 - CMSIS Pack Vendor :RoweBots I-CUBE-UNISONRTOS 5.5.0-4
2024-05-09 15:11:48,956 [INFO] ThirdParty:1030 - CMSIS Pack Vendor :STMicroelectronics USB_DEVICE 3.0.0
2024-05-09 15:11:48,956 [INFO] ThirdParty:1030 - CMSIS Pack Vendor :STMicroelectronics X-CUBE-TCPP 4.1.0
2024-05-09 15:11:48,956 [INFO] ThirdParty:1030 - CMSIS Pack Vendor :STMicroelectronics X-CUBE-AI 8.0.0
2024-05-09 15:11:48,956 [INFO] ThirdParty:1030 - CMSIS Pack Vendor :STMicroelectronics X-CUBE-AZRTOS-WB 2.0.0
2024-05-09 15:11:48,956 [INFO] ThirdParty:1030 - CMSIS Pack Vendor :STMicroelectronics X-CUBE-FREERTOS 1.0.1
2024-05-09 15:11:48,956 [INFO] ThirdParty:1030 - CMSIS Pack Vendor :STMicroelectronics X-CUBE-TOUCHGFX 4.21.1
2024-05-09 15:11:48,956 [INFO] ThirdParty:1030 - CMSIS Pack Vendor :STMicroelectronics X-CUBE-AI 7.3.0
2024-05-09 15:11:48,956 [INFO] ThirdParty:1030 - CMSIS Pack Vendor :STMicroelectronics X-CUBE-ALGOBUILD 1.3.0
2024-05-09 15:11:48,956 [INFO] ThirdParty:1030 - CMSIS Pack Vendor :STMicroelectronics X-CUBE-AZRTOS-L5 1.1.0
2024-05-09 15:11:48,956 [INFO] ThirdParty:1030 - CMSIS Pack Vendor :STMicroelectronics X-CUBE-AZRTOS-G0 1.1.0
2024-05-09 15:11:48,956 [INFO] ThirdParty:1030 - CMSIS Pack Vendor :STMicroelectronics X-CUBE-SAFEA1 1.2.2
2024-05-09 15:11:48,956 [INFO] ThirdParty:1030 - CMSIS Pack Vendor :STMicroelectronics X-CUBE-NFC4 3.0.0
2024-05-09 15:11:48,956 [INFO] ThirdParty:1030 - CMSIS Pack Vendor :STMicroelectronics X-CUBE-SUBG2 5.0.0
2024-05-09 15:11:48,956 [INFO] ThirdParty:1030 - CMSIS Pack Vendor :STMicroelectronics STM32_WPAN 1.0.0
2024-05-09 15:11:48,956 [INFO] ThirdParty:1030 - CMSIS Pack Vendor :STMicroelectronics lwIP 2.0.3
2024-05-09 15:11:48,956 [INFO] ThirdParty:1030 - CMSIS Pack Vendor :STMicroelectronics USB_HOST 1.0.0
2024-05-09 15:11:48,956 [INFO] ThirdParty:1030 - CMSIS Pack Vendor :STMicroelectronics X-CUBE-TOF1 3.3.1
2024-05-09 15:11:48,956 [INFO] ThirdParty:1030 - CMSIS Pack Vendor :STMicroelectronics X-CUBE-AZRTOS-G4 2.0.0
2024-05-09 15:11:48,956 [INFO] ThirdParty:1030 - CMSIS Pack Vendor :STMicroelectronics PDM2PCM 3.1.0
2024-05-09 15:11:48,956 [INFO] ThirdParty:1030 - CMSIS Pack Vendor :STMicroelectronics FP-ATR-ASTRA1 1.1.1
2024-05-09 15:11:48,956 [INFO] ThirdParty:1030 - CMSIS Pack Vendor :Infineon AIROC-Wi-Fi-Bluetooth-STM32 1.5.1
2024-05-09 15:11:48,956 [INFO] ThirdParty:1030 - CMSIS Pack Vendor :STMicroelectronics X-CUBE-BLEMGR 3.0.0
2024-05-09 15:11:48,956 [INFO] ThirdParty:1030 - CMSIS Pack Vendor :STMicroelectronics X-CUBE-BLEMGR 1.3.0
2024-05-09 15:11:48,956 [INFO] ThirdParty:1030 - CMSIS Pack Vendor :STMicroelectronics FP-SNS-MOTENVWB1 1.3.0
2024-05-09 15:11:48,957 [INFO] ThirdParty:1030 - CMSIS Pack Vendor :STMicroelectronics FP-SNS-MOTENVWB1 1.3.1
2024-05-09 15:11:48,957 [INFO] ThirdParty:1030 - CMSIS Pack Vendor :STMicroelectronics FP-ATR-SIGFOX1 3.2.0
2024-05-09 15:11:48,957 [INFO] ThirdParty:1030 - CMSIS Pack Vendor :STMicroelectronics X-CUBE-AZRTOS-G4 1.0.0
2024-05-09 15:11:48,957 [INFO] ThirdParty:1030 - CMSIS Pack Vendor :STMicroelectronics X-CUBE-AZRTOS-L4 1.0.0
2024-05-09 15:11:48,957 [INFO] ThirdParty:1030 - CMSIS Pack Vendor :STMicroelectronics X-CUBE-ISPU 2.0.0
2024-05-09 15:11:48,957 [INFO] ThirdParty:1030 - CMSIS Pack Vendor :STMicroelectronics X-CUBE-EEPRMA1 5.1.0
2024-05-09 15:11:48,957 [INFO] ThirdParty:1030 - CMSIS Pack Vendor :STMicroelectronics MBEDTLS 2.16.2
2024-05-09 15:11:48,957 [INFO] ThirdParty:1030 - CMSIS Pack Vendor :STMicroelectronics X-CUBE-MEMS1 10.0.0
2024-05-09 15:11:48,957 [INFO] ThirdParty:1030 - CMSIS Pack Vendor :STMicroelectronics X-CUBE-FREERTOS 1.1.0
2024-05-09 15:11:48,957 [INFO] ThirdParty:1030 - CMSIS Pack Vendor :STMicroelectronics X-CUBE-AZRTOS-WL 1.0.0
2024-05-09 15:11:48,957 [INFO] ThirdParty:1030 - CMSIS Pack Vendor :portGmbH I-Cube-SoM-uGOAL 1.1.0
2024-05-09 15:11:48,957 [INFO] ThirdParty:1030 - CMSIS Pack Vendor :STMicroelectronics X-CUBE-ALS 1.0.1
2024-05-09 15:11:48,957 [INFO] ThirdParty:1030 - CMSIS Pack Vendor :STMicroelectronics X-CUBE-MEMS1 9.5.0
2024-05-09 15:11:48,957 [INFO] ThirdParty:1030 - CMSIS Pack Vendor :STMicroelectronics ThreadX 1.0.0
2024-05-09 15:11:48,957 [INFO] ThirdParty:1030 - CMSIS Pack Vendor :STMicroelectronics X-CUBE-AZRTOS-WB 1.1.0
2024-05-09 15:11:48,957 [INFO] ThirdParty:1030 - CMSIS Pack Vendor :SEGGER I-CUBE-embOS 1.3.1
2024-05-09 15:11:48,957 [INFO] ThirdParty:1030 - CMSIS Pack Vendor :STMicroelectronics X-CUBE-AZRTOS-H7RS 1.0.0
2024-05-09 15:11:48,957 [INFO] ThirdParty:1030 - CMSIS Pack Vendor :STMicroelectronics FP-ATR-ASTRA1 2.0.0
2024-05-09 15:11:48,957 [INFO] ThirdParty:1030 - CMSIS Pack Vendor :STMicroelectronics X-CUBE-TOF1 3.4.0
2024-05-09 15:11:48,957 [INFO] ThirdParty:1030 - CMSIS Pack Vendor :STMicroelectronics X-CUBE-TOF1 3.4.1
2024-05-09 15:11:48,957 [INFO] ThirdParty:1030 - CMSIS Pack Vendor :STMicroelectronics X-CUBE-AZRTOS-H7 3.2.0
2024-05-09 15:11:48,957 [INFO] ThirdParty:841 - exiting critical section [change project]
2024-05-09 15:11:49,608 [INFO] PinOutPanel:1499 - setPackage(No Configuration,No Configuration)
2024-05-09 15:11:49,611 [INFO] PinOutPanel:1499 - setPackage(STM32F407VGTx,LQFP100)
2024-05-09 15:11:50,259 [INFO] UtilMem:75 - Before build in PCC Used Memory: 939444584 Bytes (1073741824)
2024-05-09 15:11:51,434 [INFO] UtilMem:75 - After build in PCC Used Memory: 687445472 Bytes (1073741824)
2024-05-09 15:11:51,467 [INFO] IPUIPlugin:80 - create IPUIPlugin
2024-05-09 15:11:51,467 [INFO] IPUIPlugin:80 - create IPUIPlugin
2024-05-09 15:11:51,467 [INFO] IPUIPlugin:80 - create IPUIPlugin
2024-05-09 15:11:51,467 [INFO] IPUIPlugin:80 - create IPUIPlugin
2024-05-09 15:11:51,467 [INFO] IPUIPlugin:80 - create IPUIPlugin
2024-05-09 15:11:51,468 [INFO] IPUIPlugin:80 - create IPUIPlugin
2024-05-09 15:11:51,469 [INFO] IPUIPlugin:80 - create IPUIPlugin
2024-05-09 15:11:51,469 [INFO] IPUIPlugin:80 - create IPUIPlugin
2024-05-09 15:11:51,469 [INFO] IPUIPlugin:80 - create IPUIPlugin
2024-05-09 15:11:51,469 [INFO] IPUIPlugin:80 - create IPUIPlugin
2024-05-09 15:11:51,469 [INFO] IPUIPlugin:80 - create IPUIPlugin
2024-05-09 15:11:51,471 [INFO] IPUIPlugin:80 - create IPUIPlugin
2024-05-09 15:11:51,471 [INFO] IPUIPlugin:80 - create IPUIPlugin
2024-05-09 15:11:51,471 [INFO] IPUIPlugin:80 - create IPUIPlugin
2024-05-09 15:11:51,472 [INFO] IPUIPlugin:80 - create IPUIPlugin
2024-05-09 15:11:51,472 [INFO] IPUIPlugin:80 - create IPUIPlugin
2024-05-09 15:11:51,472 [INFO] IPUIPlugin:80 - create IPUIPlugin
2024-05-09 15:11:51,472 [INFO] IPUIPlugin:80 - create IPUIPlugin
2024-05-09 15:11:51,472 [INFO] IPUIPlugin:80 - create IPUIPlugin
2024-05-09 15:11:51,472 [INFO] IPUIPlugin:80 - create IPUIPlugin
2024-05-09 15:11:51,472 [INFO] IPUIPlugin:80 - create IPUIPlugin
2024-05-09 15:11:51,472 [INFO] IPUIPlugin:80 - create IPUIPlugin
2024-05-09 15:11:51,473 [INFO] IPUIPlugin:80 - create IPUIPlugin
2024-05-09 15:11:51,473 [INFO] IPUIPlugin:80 - create IPUIPlugin
2024-05-09 15:11:51,474 [INFO] IPUIPlugin:80 - create IPUIPlugin
2024-05-09 15:11:51,474 [INFO] IPUIPlugin:80 - create IPUIPlugin
2024-05-09 15:11:51,475 [INFO] IPUIPlugin:80 - create IPUIPlugin
2024-05-09 15:11:51,475 [INFO] IPUIPlugin:80 - create IPUIPlugin
2024-05-09 15:11:51,475 [INFO] IPUIPlugin:80 - create IPUIPlugin
2024-05-09 15:11:51,476 [INFO] IPUIPlugin:80 - create IPUIPlugin
2024-05-09 15:11:51,476 [INFO] IPUIPlugin:80 - create IPUIPlugin
2024-05-09 15:11:51,477 [INFO] IPUIPlugin:80 - create IPUIPlugin
2024-05-09 15:11:51,477 [INFO] IPUIPlugin:80 - create IPUIPlugin
2024-05-09 15:11:51,477 [INFO] IPUIPlugin:80 - create IPUIPlugin
2024-05-09 15:11:51,477 [INFO] IPUIPlugin:80 - create IPUIPlugin
2024-05-09 15:11:51,477 [INFO] IPUIPlugin:80 - create IPUIPlugin
2024-05-09 15:11:51,479 [INFO] IPUIPlugin:80 - create IPUIPlugin
2024-05-09 15:11:51,479 [INFO] IPUIPlugin:80 - create IPUIPlugin
2024-05-09 15:11:51,479 [INFO] IPUIPlugin:80 - create IPUIPlugin
2024-05-09 15:11:51,480 [INFO] IPUIPlugin:80 - create IPUIPlugin
2024-05-09 15:11:51,480 [INFO] IPUIPlugin:80 - create IPUIPlugin
2024-05-09 15:11:51,480 [INFO] IPUIPlugin:80 - create IPUIPlugin
2024-05-09 15:11:51,480 [INFO] IPUIPlugin:80 - create IPUIPlugin
2024-05-09 15:11:51,480 [INFO] IPUIPlugin:80 - create IPUIPlugin
2024-05-09 15:11:51,480 [INFO] IPUIPlugin:80 - create IPUIPlugin
2024-05-09 15:11:51,481 [INFO] IPUIPlugin:80 - create IPUIPlugin
2024-05-09 15:11:51,481 [INFO] IPUIPlugin:80 - create IPUIPlugin
2024-05-09 15:11:51,482 [INFO] IPUIPlugin:80 - create IPUIPlugin
2024-05-09 15:11:51,482 [INFO] IPUIPlugin:80 - create IPUIPlugin
2024-05-09 15:11:51,483 [INFO] IPUIPlugin:80 - create IPUIPlugin
2024-05-09 15:11:51,483 [INFO] IPUIPlugin:80 - create IPUIPlugin
2024-05-09 15:11:51,483 [INFO] IPUIPlugin:80 - create IPUIPlugin
2024-05-09 15:11:51,483 [INFO] IPUIPlugin:80 - create IPUIPlugin
2024-05-09 15:11:51,484 [INFO] IPUIPlugin:80 - create IPUIPlugin
2024-05-09 15:11:51,484 [INFO] IPUIPlugin:80 - create IPUIPlugin
2024-05-09 15:11:51,485 [INFO] IPUIPlugin:80 - create IPUIPlugin
2024-05-09 15:11:51,485 [INFO] IPUIPlugin:80 - create IPUIPlugin
2024-05-09 15:11:51,486 [INFO] IPUIPlugin:80 - create IPUIPlugin
2024-05-09 15:11:51,567 [INFO] ApiDbMcu:507 - Load IP Config File for PDM2PCM
2024-05-09 15:11:51,829 [INFO] CADModel:165 - CPN selected for project levelSTM32F407VGT6
2024-05-09 15:11:51,830 [INFO] CADModel:114 - Register for checkConnection events
2024-05-09 15:11:51,871 [INFO] OpenFileManager:328 - Restore cursor
2024-05-09 21:43:07,873 [INFO] Activator:176 - 


2024-05-09 21:43:07,877 [INFO] Activator:177 - !SESSION log4j initialized
2024-05-09 21:43:17,137 [INFO] LogOutputStream:77 - [STDOUT_REDIRECT] 
2024-05-09 21:43:19,526 [INFO] ApplicationProperties:184 - Using Application install path: C:\ST\STM32CubeIDE_1.11.2\STM32CubeIDE\plugins\com.st.stm32cube.common.mx_6.9.2.202309101412
2024-05-09 21:43:19,562 [INFO] DbMcusXml:78 - Set database path to: C:\ST\STM32CubeIDE_1.11.2\STM32CubeIDE\plugins\com.st.stm32cube.common.mx_6.9.2.202309101412\\db\/mcu/
2024-05-09 21:43:19,563 [INFO] ApiDb:274 - Set plugin database path to: C:\ST\STM32CubeIDE_1.11.2\STM32CubeIDE\plugins\com.st.stm32cube.common.mx_6.9.2.202309101412\\db\/plugins/boardmanager/
2024-05-09 21:43:19,563 [WARN] ApiDb:259 - Overriding images path with different value:  => C:\ST\STM32CubeIDE_1.11.2\STM32CubeIDE\plugins\com.st.stm32cube.common.mx_6.9.2.202309101412\\db\/plugins/mcufinder/images/
2024-05-09 21:43:19,604 [INFO] ApiDb:250 - Set database path to: C:\Users\erkan\.stmcufinder\plugins\mcufinder//mcu/
2024-05-09 21:43:19,606 [INFO] DbMcusAds:125 - Set database path to: C:\Users\erkan\.stmcufinder\plugins\mcufinder//mcu/
2024-05-09 21:43:19,611 [INFO] CrossReferenceDbSqlite:203 - Set database path to: C:\Users\erkan\.stmcufinder\plugins\mcufinder//mcu/cs/
2024-05-09 21:43:19,935 [INFO] RulesReader:64 - Compatibility file has been processed (293 Rules)
2024-05-09 21:43:20,102 [INFO] DbMcusXml:78 - Set database path to: C:\ST\STM32CubeIDE_1.11.2\STM32CubeIDE\plugins\com.st.stm32cube.common.mx_6.9.2.202309101412\\db\/mcu/
2024-05-09 21:43:20,102 [INFO] ApiDb:274 - Set plugin database path to: C:\ST\STM32CubeIDE_1.11.2\STM32CubeIDE\plugins\com.st.stm32cube.common.mx_6.9.2.202309101412\\db\/plugins/boardmanager/
2024-05-09 21:43:20,102 [INFO] ApiDb:261 - Set plugin images path to: C:\ST\STM32CubeIDE_1.11.2\STM32CubeIDE\plugins\com.st.stm32cube.common.mx_6.9.2.202309101412\\db\/plugins/mcufinder/images/
2024-05-09 21:43:20,103 [WARN] DbFile:41 - Overriding database path with different value: C:\Users\erkan\.stmcufinder\plugins\mcufinder/ => C:\Users\erkan\.stmcufinder\plugins\mcufinder
2024-05-09 21:43:20,103 [INFO] ApiDb:250 - Set database path to: C:\Users\erkan\.stmcufinder\plugins\mcufinder//mcu/
2024-05-09 21:43:20,103 [WARN] DbFile:41 - Overriding database path with different value: C:\Users\erkan\.stmcufinder\plugins\mcufinder/ => C:\Users\erkan\.stmcufinder\plugins\mcufinder
2024-05-09 21:43:20,103 [INFO] DbMcusAds:125 - Set database path to: C:\Users\erkan\.stmcufinder\plugins\mcufinder//mcu/
2024-05-09 21:43:20,103 [WARN] DbFile:41 - Overriding database path with different value: C:\Users\erkan\.stmcufinder\plugins\mcufinder/ => C:\Users\erkan\.stmcufinder\plugins\mcufinder
2024-05-09 21:43:20,104 [WARN] DbFile:41 - Overriding database path with different value: C:\Users\erkan\.stmcufinder\plugins\mcufinder/ => C:\Users\erkan\.stmcufinder\plugins\mcufinder
2024-05-09 21:43:20,104 [INFO] CrossReferenceDbSqlite:203 - Set database path to: C:\Users\erkan\.stmcufinder\plugins\mcufinder//mcu/cs/
2024-05-09 21:43:20,210 [INFO] MainPanel:262 - HeapMemory: 268435456
2024-05-09 21:43:20,333 [INFO] DbMcusXml:78 - Set database path to: C:\ST\STM32CubeIDE_1.11.2\STM32CubeIDE\plugins\com.st.stm32cube.common.mx_6.9.2.202309101412\\db\/mcu/
2024-05-09 21:43:20,333 [INFO] ApiDb:274 - Set plugin database path to: C:\ST\STM32CubeIDE_1.11.2\STM32CubeIDE\plugins\com.st.stm32cube.common.mx_6.9.2.202309101412\\db\/plugins/boardmanager/
2024-05-09 21:43:20,333 [INFO] ApiDb:261 - Set plugin images path to: C:\ST\STM32CubeIDE_1.11.2\STM32CubeIDE\plugins\com.st.stm32cube.common.mx_6.9.2.202309101412\\db\/plugins/mcufinder/images/
2024-05-09 21:43:20,334 [WARN] DbFile:41 - Overriding database path with different value: C:\Users\erkan\.stmcufinder\plugins\mcufinder/ => C:\Users\erkan\.stmcufinder\plugins\mcufinder
2024-05-09 21:43:20,334 [INFO] ApiDb:250 - Set database path to: C:\Users\erkan\.stmcufinder\plugins\mcufinder//mcu/
2024-05-09 21:43:20,334 [WARN] DbFile:41 - Overriding database path with different value: C:\Users\erkan\.stmcufinder\plugins\mcufinder/ => C:\Users\erkan\.stmcufinder\plugins\mcufinder
2024-05-09 21:43:20,334 [INFO] DbMcusAds:125 - Set database path to: C:\Users\erkan\.stmcufinder\plugins\mcufinder//mcu/
2024-05-09 21:43:20,334 [WARN] DbFile:41 - Overriding database path with different value: C:\Users\erkan\.stmcufinder\plugins\mcufinder/ => C:\Users\erkan\.stmcufinder\plugins\mcufinder
2024-05-09 21:43:20,334 [WARN] DbFile:41 - Overriding database path with different value: C:\Users\erkan\.stmcufinder\plugins\mcufinder/ => C:\Users\erkan\.stmcufinder\plugins\mcufinder
2024-05-09 21:43:20,335 [INFO] CrossReferenceDbSqlite:203 - Set database path to: C:\Users\erkan\.stmcufinder\plugins\mcufinder//mcu/cs/
2024-05-09 21:43:20,361 [INFO] ApplicationProperties:184 - Using Application install path: C:\ST\STM32CubeIDE_1.11.2\STM32CubeIDE\plugins\com.st.stm32cube.common.mx_6.9.2.202309101412
2024-05-09 21:43:20,362 [INFO] PluginManage:196 - Search for loadable plugins [exclusion list=, ]
2024-05-09 21:43:20,365 [INFO] PluginManage:310 - Check plugin analytics
2024-05-09 21:43:20,588 [INFO] AnalyticsPlugin:253 - Accepted Software Licenses: STM32CubeMX.6.9.2
2024-05-09 21:43:20,589 [INFO] AnalyticsPlugin:255 - Accepted CMSIS Pack Licenses: 
2024-05-09 21:43:20,589 [INFO] AnalyticsPlugin:257 - Accepted Firmware Licenses: 
2024-05-09 21:43:20,591 [INFO] PluginManage:359 - Loaded plugin analytics (category:tool,tabindex:-1)
2024-05-09 21:43:20,591 [INFO] PluginManage:310 - Check plugin cadmodel
2024-05-09 21:43:20,612 [INFO] CADModel:105 - Init CAD model plugin
2024-05-09 21:43:20,612 [INFO] PluginManage:359 - Loaded plugin cadmodel (category:power,tabindex:5)
2024-05-09 21:43:20,612 [INFO] PluginManage:310 - Check plugin clock
2024-05-09 21:43:20,645 [INFO] PluginManage:359 - Loaded plugin clock (category:base,tabindex:2)
2024-05-09 21:43:20,645 [INFO] PluginManage:310 - Check plugin ddr
2024-05-09 21:43:20,650 [INFO] PluginManage:359 - Loaded plugin ddr (category:tool,tabindex:6)
2024-05-09 21:43:20,651 [INFO] PluginManage:310 - Check plugin filemanager
2024-05-09 21:43:20,844 [INFO] PluginManage:359 - Loaded plugin filemanager (category:base,tabindex:10)
2024-05-09 21:43:20,845 [INFO] PluginManage:310 - Check plugin ipmanager
2024-05-09 21:43:20,857 [INFO] PluginManage:359 - Loaded plugin ipmanager (category:base,tabindex:5)
2024-05-09 21:43:20,857 [INFO] PluginManage:310 - Check plugin lpbam
2024-05-09 21:43:20,877 [INFO] PluginManage:359 - Loaded plugin lpbam (category:base,tabindex:0)
2024-05-09 21:43:20,878 [INFO] PluginManage:310 - Check plugin memorymap
2024-05-09 21:43:20,910 [INFO] PluginManage:359 - Loaded plugin memorymap (category:base,tabindex:4)
2024-05-09 21:43:20,910 [INFO] PluginManage:310 - Check plugin pinoutandconfiguration
2024-05-09 21:43:20,933 [INFO] PluginManage:359 - Loaded plugin pinoutandconfiguration (category:base,tabindex:1)
2024-05-09 21:43:20,933 [INFO] PluginManage:310 - Check plugin pinoutconfig
2024-05-09 21:43:21,058 [WARN] SupportedApi:132 - Cannot load RTOS API schema: s4s-elt-must-match.1: The content of 'definitions' must match (annotation?, (simpleType | complexType)?, (unique | key | keyref)*)). A problem was found starting at: attribute.
2024-05-09 21:43:21,313 [INFO] PluginManage:359 - Loaded plugin pinoutconfig (category:base,tabindex:0)
2024-05-09 21:43:21,314 [INFO] PluginManage:310 - Check plugin power
2024-05-09 21:43:21,365 [INFO] PluginManage:359 - Loaded plugin power (category:power,tabindex:4)
2024-05-09 21:43:21,366 [INFO] PluginManage:310 - Check plugin projectmanager
2024-05-09 21:43:21,399 [INFO] PluginManage:359 - Loaded plugin projectmanager (category:projectmanager,tabindex:3)
2024-05-09 21:43:21,399 [INFO] PluginManage:310 - Check plugin thirdparty
2024-05-09 21:43:21,881 [INFO] PluginManage:359 - Loaded plugin thirdparty (category:base,tabindex:-1)
2024-05-09 21:43:21,881 [WARN] IntegrityCheckThread:84 - waiting for thirdparty lock release [integrity check]
2024-05-09 21:43:21,882 [INFO] PluginManage:310 - Check plugin tools
2024-05-09 21:43:21,882 [INFO] IntegrityCheckThread:86 - entering critical section [integrity check]
2024-05-09 21:43:21,882 [INFO] ThirdPartyUpdaterWithRetryManager:70 - Updater plugin not ready yet. [1/15]
2024-05-09 21:43:21,936 [INFO] PluginManage:359 - Loaded plugin tools (category:base,tabindex:7)
2024-05-09 21:43:21,936 [INFO] PluginManage:310 - Check plugin tutovideos
2024-05-09 21:43:22,296 [INFO] PluginManage:359 - Loaded plugin tutovideos (category:base,tabindex:-1)
2024-05-09 21:43:22,298 [INFO] PluginManage:310 - Check plugin updater
2024-05-09 21:43:22,317 [INFO] PluginManage:359 - Loaded plugin updater (category:base,tabindex:12)
2024-05-09 21:43:22,317 [INFO] PluginManage:310 - Check plugin userauth
2024-05-09 21:43:22,327 [INFO] UserAuth:113 - Init User Auth plugin
2024-05-09 21:43:22,328 [INFO] PluginManage:359 - Loaded plugin userauth (category:base,tabindex:14)
2024-05-09 21:43:22,328 [INFO] PluginManage:283 - PluginManage : Loaded plugins [17]
2024-05-09 21:43:22,737 [INFO] PinOutPanel:1499 - setPackage(No Configuration,No Configuration)
2024-05-09 21:43:22,907 [INFO] CADModel:165 - CPN selected for project level
2024-05-09 21:43:22,907 [INFO] CADModel:114 - Register for checkConnection events
2024-05-09 21:43:22,939 [INFO] IPUIPlugin:80 - create IPUIPlugin
2024-05-09 21:43:22,941 [INFO] PluginManager:220 - loadIPPluginJar : add adc
2024-05-09 21:43:22,983 [INFO] IPUIPlugin:80 - create IPUIPlugin
2024-05-09 21:43:22,984 [INFO] PluginManager:220 - loadIPPluginJar : add aes
2024-05-09 21:43:23,032 [INFO] IPUIPlugin:80 - create IPUIPlugin
2024-05-09 21:43:23,032 [INFO] PluginManager:220 - loadIPPluginJar : add can
2024-05-09 21:43:23,064 [INFO] IPUIPlugin:80 - create IPUIPlugin
2024-05-09 21:43:23,064 [INFO] PluginManager:220 - loadIPPluginJar : add comp
2024-05-09 21:43:23,117 [INFO] IPUIPlugin:80 - create IPUIPlugin
2024-05-09 21:43:23,118 [INFO] PluginManager:220 - loadIPPluginJar : add cryp
2024-05-09 21:43:23,166 [INFO] IPUIPlugin:80 - create IPUIPlugin
2024-05-09 21:43:23,166 [INFO] PluginManager:220 - loadIPPluginJar : add dfsdm
2024-05-09 21:43:23,188 [INFO] IPUIPlugin:80 - create IPUIPlugin
2024-05-09 21:43:23,189 [INFO] PluginManager:220 - loadIPPluginJar : add dma
2024-05-09 21:43:23,248 [INFO] IPUIPlugin:80 - create IPUIPlugin
2024-05-09 21:43:23,249 [INFO] PluginManager:220 - loadIPPluginJar : add dma3
2024-05-09 21:43:23,277 [INFO] IPUIPlugin:80 - create IPUIPlugin
2024-05-09 21:43:23,277 [INFO] PluginManager:220 - loadIPPluginJar : add fatfs
2024-05-09 21:43:23,343 [INFO] IPUIPlugin:80 - create IPUIPlugin
2024-05-09 21:43:23,343 [INFO] PluginManager:220 - loadIPPluginJar : add fmc
2024-05-09 21:43:23,364 [INFO] IPUIPlugin:80 - create IPUIPlugin
2024-05-09 21:43:23,364 [INFO] PluginManager:220 - loadIPPluginJar : add freertos
2024-05-09 21:43:23,390 [INFO] IPUIPlugin:80 - create IPUIPlugin
2024-05-09 21:43:23,391 [INFO] PluginManager:220 - loadIPPluginJar : add genericplugin
2024-05-09 21:43:23,505 [INFO] IPUIPlugin:80 - create IPUIPlugin
2024-05-09 21:43:23,505 [INFO] PluginManager:220 - loadIPPluginJar : add gfxmmu
2024-05-09 21:43:23,643 [INFO] IPUIPlugin:80 - create IPUIPlugin
2024-05-09 21:43:23,643 [INFO] PluginManager:220 - loadIPPluginJar : add gic
2024-05-09 21:43:23,658 [INFO] IPUIPlugin:80 - create IPUIPlugin
2024-05-09 21:43:23,659 [INFO] PluginManager:220 - loadIPPluginJar : add gpio
2024-05-09 21:43:23,756 [INFO] IPUIPlugin:80 - create IPUIPlugin
2024-05-09 21:43:23,756 [INFO] PluginManager:220 - loadIPPluginJar : add gtzc
2024-05-09 21:43:23,792 [INFO] IPUIPlugin:80 - create IPUIPlugin
2024-05-09 21:43:23,792 [INFO] PluginManager:220 - loadIPPluginJar : add hash
2024-05-09 21:43:23,846 [INFO] IPUIPlugin:80 - create IPUIPlugin
2024-05-09 21:43:23,846 [INFO] PluginManager:220 - loadIPPluginJar : add i2c
2024-05-09 21:43:23,888 [INFO] IPUIPlugin:80 - create IPUIPlugin
2024-05-09 21:43:23,889 [INFO] PluginManager:220 - loadIPPluginJar : add i2s
2024-05-09 21:43:23,933 [INFO] IPUIPlugin:80 - create IPUIPlugin
2024-05-09 21:43:23,933 [INFO] PluginManager:220 - loadIPPluginJar : add i3c
2024-05-09 21:43:24,050 [INFO] IPUIPlugin:80 - create IPUIPlugin
2024-05-09 21:43:24,050 [INFO] PluginManager:220 - loadIPPluginJar : add ipddr
2024-05-09 21:43:24,217 [INFO] IPUIPlugin:80 - create IPUIPlugin
2024-05-09 21:43:24,217 [INFO] PluginManager:220 - loadIPPluginJar : add linkedlist
2024-05-09 21:43:24,285 [INFO] IPUIPlugin:80 - create IPUIPlugin
2024-05-09 21:43:24,285 [INFO] PluginManager:220 - loadIPPluginJar : add lorawan
2024-05-09 21:43:24,349 [INFO] IPUIPlugin:80 - create IPUIPlugin
2024-05-09 21:43:24,350 [INFO] PluginManager:220 - loadIPPluginJar : add ltdc
2024-05-09 21:43:24,371 [INFO] IPUIPlugin:80 - create IPUIPlugin
2024-05-09 21:43:24,372 [INFO] PluginManager:220 - loadIPPluginJar : add mdma
2024-05-09 21:43:24,386 [INFO] IPUIPlugin:80 - create IPUIPlugin
2024-05-09 21:43:24,387 [INFO] PluginManager:220 - loadIPPluginJar : add nvic
2024-05-09 21:43:24,436 [INFO] IPUIPlugin:80 - create IPUIPlugin
2024-05-09 21:43:24,436 [INFO] PluginManager:220 - loadIPPluginJar : add opamp
2024-05-09 21:43:24,518 [INFO] IPUIPlugin:80 - create IPUIPlugin
2024-05-09 21:43:24,518 [INFO] PluginManager:220 - loadIPPluginJar : add openamp
2024-05-09 21:43:24,576 [INFO] IPUIPlugin:80 - create IPUIPlugin
2024-05-09 21:43:24,576 [INFO] PluginManager:220 - loadIPPluginJar : add pdm2pcm
2024-05-09 21:43:24,593 [INFO] IPUIPlugin:80 - create IPUIPlugin
2024-05-09 21:43:24,597 [INFO] PluginManager:220 - loadIPPluginJar : add plateformsettings
2024-05-09 21:43:24,623 [INFO] IPUIPlugin:80 - create IPUIPlugin
2024-05-09 21:43:24,623 [INFO] PluginManager:220 - loadIPPluginJar : add quadspi
2024-05-09 21:43:24,638 [INFO] IPUIPlugin:80 - create IPUIPlugin
2024-05-09 21:43:24,638 [INFO] PluginManager:220 - loadIPPluginJar : add resmgrutility
2024-05-09 21:43:24,701 [INFO] IPUIPlugin:80 - create IPUIPlugin
2024-05-09 21:43:24,701 [INFO] PluginManager:220 - loadIPPluginJar : add sai
2024-05-09 21:43:24,766 [INFO] IPUIPlugin:80 - create IPUIPlugin
2024-05-09 21:43:24,766 [INFO] PluginManager:220 - loadIPPluginJar : add spi
2024-05-09 21:43:24,855 [INFO] IPUIPlugin:80 - create IPUIPlugin
2024-05-09 21:43:24,855 [INFO] PluginManager:220 - loadIPPluginJar : add stm32_wpan
2024-05-09 21:43:24,883 [INFO] ThirdPartyUpdaterWithRetryManager:70 - Updater plugin not ready yet. [2/15]
2024-05-09 21:43:24,888 [INFO] IPUIPlugin:80 - create IPUIPlugin
2024-05-09 21:43:24,889 [INFO] PluginManager:220 - loadIPPluginJar : add tim
2024-05-09 21:43:24,966 [INFO] IPUIPlugin:80 - create IPUIPlugin
2024-05-09 21:43:24,968 [INFO] PluginManager:220 - loadIPPluginJar : add touchsensing
2024-05-09 21:43:24,996 [INFO] IPUIPlugin:80 - create IPUIPlugin
2024-05-09 21:43:24,996 [INFO] PluginManager:220 - loadIPPluginJar : add tracer_emb
2024-05-09 21:43:25,024 [INFO] IPUIPlugin:80 - create IPUIPlugin
2024-05-09 21:43:25,024 [INFO] PluginManager:220 - loadIPPluginJar : add ts
2024-05-09 21:43:25,054 [INFO] IPUIPlugin:80 - create IPUIPlugin
2024-05-09 21:43:25,055 [INFO] PluginManager:220 - loadIPPluginJar : add tsc
2024-05-09 21:43:25,090 [INFO] IPUIPlugin:80 - create IPUIPlugin
2024-05-09 21:43:25,090 [INFO] PluginManager:220 - loadIPPluginJar : add ucpd
2024-05-09 21:43:25,150 [INFO] IPUIPlugin:80 - create IPUIPlugin
2024-05-09 21:43:25,150 [INFO] PluginManager:220 - loadIPPluginJar : add usart
2024-05-09 21:43:25,220 [INFO] IPUIPlugin:80 - create IPUIPlugin
2024-05-09 21:43:25,221 [INFO] PluginManager:220 - loadIPPluginJar : add usbx
2024-05-09 21:43:25,418 [INFO] CADModel:165 - CPN selected for project level
2024-05-09 21:43:25,418 [INFO] CADModel:114 - Register for checkConnection events
2024-05-09 21:43:25,418 [FATAL] Updater:308 - Updater called before beeing initialized
2024-05-09 21:43:25,418 [ERROR] CADModel:125 - Updater not yet initialized, retry later 
2024-05-09 21:43:25,658 [INFO] CADModel:165 - CPN selected for project level
2024-05-09 21:43:25,658 [INFO] CADModel:114 - Register for checkConnection events
2024-05-09 21:43:25,658 [FATAL] Updater:308 - Updater called before beeing initialized
2024-05-09 21:43:25,658 [ERROR] CADModel:125 - Updater not yet initialized, retry later 
2024-05-09 21:43:25,663 [FATAL] Updater:308 - Updater called before beeing initialized
2024-05-09 21:43:25,846 [FATAL] Updater:308 - Updater called before beeing initialized
2024-05-09 21:43:25,860 [INFO] DbMcusAds:53 - JSON generation date=Wed Nov 29 11:52:27 CET 2023 (1701255147349)
2024-05-09 21:43:25,861 [FATAL] Updater:308 - Updater called before beeing initialized
2024-05-09 21:43:25,983 [WARN] DetailPanel:346 - Failed to get advertising image, set to default
2024-05-09 21:43:26,202 [FATAL] Updater:308 - Updater called before beeing initialized
2024-05-09 21:43:26,207 [FATAL] Updater:308 - Updater called before beeing initialized
2024-05-09 21:43:26,208 [FATAL] Updater:308 - Updater called before beeing initialized
2024-05-09 21:43:26,208 [WARN] DetailPanel:346 - Failed to get advertising image, set to default
2024-05-09 21:43:26,210 [FATAL] Updater:308 - Updater called before beeing initialized
2024-05-09 21:43:26,371 [ERROR] Updater:1120 - MainUpdater not yet initialized. External WinMGr cannot be set.
2024-05-09 21:43:26,458 [INFO] Updater:1056 - Updater Version found : 6.9.2
2024-05-09 21:43:26,493 [INFO] ApplicationProperties:184 - Using Application install path: C:\ST\STM32CubeIDE_1.11.2\STM32CubeIDE\plugins\com.st.stm32cube.common.mx_6.9.2.202309101412
2024-05-09 21:43:26,877 [INFO] MainUpdater:2868 - connection check result : 10
2024-05-09 21:43:26,877 [INFO] MainUpdater:285 - Updater Check For Update Now.
2024-05-09 21:43:26,878 [INFO] MicroXplorer:498 - Change Database Version : DB.6.0.92
2024-05-09 21:43:26,894 [INFO] McuFinderGlobals:63 - Set McuFinder mode to 2 (CubeIDE integrated)
2024-05-09 21:43:26,894 [INFO] UserAuth:179 - activating auth plugin
2024-05-09 21:43:26,898 [INFO] UserAuth:393 - Internet connection configuration mode: 1
2024-05-09 21:43:26,927 [INFO] JxBrowserEngine:151 - Initiate JxBrowser Engine with user profile folder
2024-05-09 21:43:27,080 [INFO] CheckServerUpdateThread:120 - End of CheckServer Thread
2024-05-09 21:43:28,201 [WARN] PackLoader:240 - Cannot read IP mode file for STMicroelectronics.FP-SNS-MOTENVWB1.1.4.0
2024-05-09 21:43:28,224 [WARN] PackLoader:240 - Cannot read IP mode file for STMicroelectronics.X-CUBE-SMBUS.2.1.0
2024-05-09 21:43:28,242 [WARN] PackLoader:240 - Cannot read IP mode file for STMicroelectronics.X-CUBE-TOUCHGFX.4.23.0
2024-05-09 21:43:28,260 [WARN] PackLoader:240 - Cannot read IP mode file for STMicroelectronics.X-CUBE-TOUCHGFX.4.23.2
2024-05-09 21:43:28,311 [WARN] PackLoader:240 - Cannot read IP mode file for STMicroelectronics.X-CUBE-AZRTOS-F7.1.1.0
2024-05-09 21:43:28,335 [WARN] PackLoader:240 - Cannot read IP mode file for STMicroelectronics.FP-SNS-MOTENV1.4.3.2
2024-05-09 21:43:28,360 [WARN] PackLoader:240 - Cannot read IP mode file for STMicroelectronics.X-CUBE-BLE1.6.2.4
2024-05-09 21:43:28,379 [WARN] PackLoader:240 - Cannot read IP mode file for STMicroelectronics.FP-SNS-FLIGHT1.5.0.2
2024-05-09 21:43:28,404 [WARN] PackLoader:240 - Cannot read IP mode file for STMicroelectronics.X-CUBE-DISPLAY.3.0.0
2024-05-09 21:43:28,427 [WARN] PackLoader:240 - Cannot read IP mode file for STMicroelectronics.X-CUBE-BLE1.7.0.0
2024-05-09 21:43:28,446 [WARN] PackLoader:240 - Cannot read IP mode file for STMicroelectronics.X-CUBE-TOUCHGFX.4.22.0
2024-05-09 21:43:28,462 [WARN] PackLoader:240 - Cannot read IP mode file for STMicroelectronics.X-CUBE-TOUCHGFX.4.22.1
2024-05-09 21:43:28,483 [WARN] PackLoader:240 - Cannot read IP mode file for STMicroelectronics.X-CUBE-BLEMGR.3.1.0
2024-05-09 21:43:28,502 [WARN] PackLoader:240 - Cannot read IP mode file for STMicroelectronics.FP-SNS-SMARTAG2.1.2.0
2024-05-09 21:43:28,528 [INFO] LogOutputStream:77 - [STDOUT_REDIRECT] 1 : Invalid condition id : UX_CORESTACK_Condition cause : null
2024-05-09 21:43:28,531 [INFO] LogOutputStream:77 - [STDOUT_REDIRECT] 1 : Invalid condition id : UX_CORESTACK_Condition cause : null
2024-05-09 21:43:28,532 [INFO] LogOutputStream:77 - [STDOUT_REDIRECT] 1 : Invalid condition id : UX_CORESTACK_Condition cause : null
2024-05-09 21:43:28,533 [INFO] LogOutputStream:77 - [STDOUT_REDIRECT] 1 : Invalid condition id : UX_CORESTACK_Condition cause : null
2024-05-09 21:43:28,534 [INFO] LogOutputStream:77 - [STDOUT_REDIRECT] 1 : Invalid condition id : UX_CORESTACK_Condition cause : null
2024-05-09 21:43:28,536 [WARN] PackLoader:240 - Cannot read IP mode file for STMicroelectronics.X-CUBE-AZRTOS-WL.2.0.0
2024-05-09 21:43:28,559 [WARN] PackLoader:240 - Cannot read IP mode file for STMicroelectronics.FP-SNS-MOTENV1.5.0.0
2024-05-09 21:43:28,580 [WARN] PackLoader:240 - Cannot read IP mode file for WES.I-CUBE-Cesium.1.3.0
2024-05-09 21:43:28,597 [WARN] PackLoader:240 - Cannot read IP mode file for STMicroelectronics.X-CUBE-BLE2.3.3.0
2024-05-09 21:43:28,622 [WARN] PackLoader:240 - Cannot read IP mode file for STMicroelectronics.X-CUBE-TOF1.3.2.0
2024-05-09 21:43:28,653 [WARN] PackLoader:240 - Cannot read IP mode file for STMicroelectronics.X-CUBE-TCPP.4.1.0
2024-05-09 21:43:28,686 [WARN] PackLoader:240 - Cannot read IP mode file for STMicroelectronics.X-CUBE-TOUCHGFX.4.21.1
2024-05-09 21:43:28,701 [WARN] PackLoader:240 - Cannot read IP mode file for STMicroelectronics.X-CUBE-AI.7.3.0
2024-05-09 21:43:28,720 [WARN] PackLoader:240 - Cannot read IP mode file for STMicroelectronics.X-CUBE-ALGOBUILD.1.3.0
2024-05-09 21:43:28,751 [WARN] PackLoader:240 - Cannot read IP mode file for STMicroelectronics.X-CUBE-AZRTOS-G0.1.1.0
2024-05-09 21:43:28,772 [WARN] PackLoader:240 - Cannot read IP mode file for STMicroelectronics.X-CUBE-SAFEA1.1.2.2
2024-05-09 21:43:28,791 [WARN] PackLoader:240 - Cannot read IP mode file for STMicroelectronics.X-CUBE-NFC4.3.0.0
2024-05-09 21:43:28,808 [WARN] PackLoader:240 - Cannot read IP mode file for STMicroelectronics.X-CUBE-BLEMGR.3.0.0
2024-05-09 21:43:28,829 [WARN] PackLoader:240 - Cannot read IP mode file for STMicroelectronics.X-CUBE-BLEMGR.1.3.0
2024-05-09 21:43:28,847 [WARN] PackLoader:240 - Cannot read IP mode file for STMicroelectronics.FP-ATR-SIGFOX1.3.2.0
2024-05-09 21:43:28,863 [WARN] PackLoader:240 - Cannot read IP mode file for STMicroelectronics.X-CUBE-EEPRMA1.5.1.0
2024-05-09 21:43:28,919 [WARN] PackLoader:240 - Cannot read IP mode file for STMicroelectronics.X-CUBE-MEMS1.9.5.0
2024-05-09 21:43:29,161 [WARN] PackLoader:240 - Cannot read IP mode file for SEGGER.I-CUBE-embOS.1.3.1
2024-05-09 21:43:29,217 [WARN] PackLoader:240 - Cannot read IP mode file for STMicroelectronics.X-CUBE-GNSS1.6.0.0
2024-05-09 21:43:29,252 [WARN] PackLoader:240 - Cannot read IP mode file for STMicroelectronics.X-CUBE-AZRTOS-F4.1.1.0
2024-05-09 21:43:29,271 [WARN] PackLoader:240 - Cannot read IP mode file for STMicroelectronics.X-CUBE-FREERTOS.1.2.0
2024-05-09 21:43:29,299 [WARN] PackLoader:240 - Cannot read IP mode file for STMicroelectronics.X-CUBE-AZRTOS-L5.2.0.0
2024-05-09 21:43:29,381 [WARN] PackLoader:240 - Cannot read IP mode file for STMicroelectronics.X-CUBE-MEMS1.9.6.0
2024-05-09 21:43:29,669 [WARN] PackLoader:240 - Cannot read IP mode file for STMicroelectronics.X-CUBE-EEPRMA1.4.2.0
2024-05-09 21:43:29,690 [WARN] PackLoader:240 - Cannot read IP mode file for STMicroelectronics.X-CUBE-NFC6.3.1.0
2024-05-09 21:43:29,712 [WARN] PackLoader:240 - Cannot read IP mode file for ITTIA_DB.I-CUBE-ITTIADB.8.8.0
2024-05-09 21:43:29,736 [WARN] PackLoader:240 - Cannot read IP mode file for emotas.I-CUBE-CANOPEN.1.1.3
2024-05-09 21:43:29,763 [WARN] PackLoader:240 - Cannot read IP mode file for STMicroelectronics.X-CUBE-BLEMGR.2.0.0
2024-05-09 21:43:29,789 [WARN] PackLoader:240 - Cannot read IP mode file for STMicroelectronics.X-CUBE-AI.9.0.0
2024-05-09 21:43:29,872 [WARN] ConditionMgr:438 - getConditionDescription Invalid condition id : UX DEVICE CLASS RTOS Condition cause : null
2024-05-09 21:43:29,873 [WARN] ConditionMgr:438 - getConditionDescription Invalid condition id : UX DEVICE CLASS RTOS Condition cause : null
2024-05-09 21:43:29,877 [WARN] PackLoader:240 - Cannot read IP mode file for STMicroelectronics.X-CUBE-AZRTOS-H7.3.1.0
2024-05-09 21:43:29,879 [WARN] ConditionMgr:1039 - genDependencies : Invalid condition id : UX DEVICE CLASS RTOS Condition cause : null
2024-05-09 21:43:29,879 [WARN] ConditionMgr:1039 - genDependencies : Invalid condition id : UX DEVICE CLASS RTOS Condition cause : null
2024-05-09 21:43:29,880 [WARN] ConditionMgr:1039 - genDependencies : Invalid condition id : UX DEVICE CLASS RTOS Condition cause : null
2024-05-09 21:43:29,881 [WARN] ConditionMgr:1039 - genDependencies : Invalid condition id : UX DEVICE CLASS RTOS Condition cause : null
2024-05-09 21:43:29,881 [WARN] ConditionMgr:1039 - genDependencies : Invalid condition id : UX DEVICE CLASS RTOS Condition cause : null
2024-05-09 21:43:29,902 [WARN] PackLoader:240 - Cannot read IP mode file for wolfSSL.I-CUBE-wolfSSL.5.5.4
2024-05-09 21:43:29,920 [WARN] PackLoader:240 - Cannot read IP mode file for STMicroelectronics.X-CUBE-NFC7.1.0.1
2024-05-09 21:43:29,937 [WARN] PackLoader:240 - Cannot read IP mode file for STMicroelectronics.X-CUBE-NFC7.1.0.0
2024-05-09 21:43:29,957 [WARN] PackLoader:240 - Cannot read IP mode file for STMicroelectronics.X-CUBE-NFC6.3.0.0
2024-05-09 21:43:29,976 [WARN] PackLoader:240 - Cannot read IP mode file for STMicroelectronics.X-CUBE-EEPRMA1.4.1.0
2024-05-09 21:43:29,991 [WARN] PackLoader:240 - Cannot read IP mode file for STMicroelectronics.X-CUBE-AI.8.1.0
2024-05-09 21:43:30,026 [WARN] ConditionMgr:438 - getConditionDescription Invalid condition id : LAN8742 Phy interface Condition cause : null
2024-05-09 21:43:30,027 [WARN] PackLoader:240 - Cannot read IP mode file for STMicroelectronics.X-CUBE-AZRTOS-L4.2.0.0
2024-05-09 21:43:30,028 [WARN] ConditionMgr:1039 - genDependencies : Invalid condition id : LAN8742 Phy interface Condition cause : null
2024-05-09 21:43:30,028 [WARN] ConditionMgr:1039 - genDependencies : Invalid condition id : LAN8742 Phy interface Condition cause : null
2024-05-09 21:43:30,029 [WARN] ConditionMgr:1039 - genDependencies : Invalid condition id : LAN8742 Phy interface Condition cause : null
2024-05-09 21:43:30,054 [WARN] PackLoader:240 - Cannot read IP mode file for STMicroelectronics.X-CUBE-SFXS2LP1.4.0.0
2024-05-09 21:43:30,107 [WARN] PackLoader:240 - Cannot read IP mode file for STMicroelectronics.X-CUBE-AZRTOS-H7.3.0.0
2024-05-09 21:43:30,136 [WARN] PackLoader:240 - Cannot read IP mode file for STMicroelectronics.X-CUBE-ISPU.1.1.0
2024-05-09 21:43:30,166 [WARN] PackLoader:240 - Cannot read IP mode file for RoweBots.I-CUBE-UNISONRTOS.5.5.0-4
2024-05-09 21:43:30,192 [WARN] PackLoader:240 - Cannot read IP mode file for STMicroelectronics.X-CUBE-AI.8.0.0
2024-05-09 21:43:30,253 [WARN] ConditionMgr:438 - getConditionDescription Invalid condition id : UX DEVICE CLASS RTOS Condition cause : null
2024-05-09 21:43:30,254 [WARN] ConditionMgr:438 - getConditionDescription Invalid condition id : UX DEVICE CLASS RTOS Condition cause : null
2024-05-09 21:43:30,259 [WARN] PackLoader:240 - Cannot read IP mode file for STMicroelectronics.X-CUBE-AZRTOS-WB.2.0.0
2024-05-09 21:43:30,260 [WARN] ConditionMgr:1039 - genDependencies : Invalid condition id : UX DEVICE CLASS RTOS Condition cause : null
2024-05-09 21:43:30,262 [WARN] ConditionMgr:1039 - genDependencies : Invalid condition id : UX DEVICE CLASS RTOS Condition cause : null
2024-05-09 21:43:30,263 [WARN] ConditionMgr:1039 - genDependencies : Invalid condition id : UX DEVICE CLASS RTOS Condition cause : null
2024-05-09 21:43:30,264 [WARN] ConditionMgr:1039 - genDependencies : Invalid condition id : UX DEVICE CLASS RTOS Condition cause : null
2024-05-09 21:43:30,264 [WARN] ConditionMgr:1039 - genDependencies : Invalid condition id : UX DEVICE CLASS RTOS Condition cause : null
2024-05-09 21:43:30,287 [WARN] PackLoader:240 - Cannot read IP mode file for STMicroelectronics.X-CUBE-FREERTOS.1.0.1
2024-05-09 21:43:30,371 [WARN] PackLoader:240 - Cannot read IP mode file for STMicroelectronics.X-CUBE-AZRTOS-L5.1.1.0
2024-05-09 21:43:30,415 [WARN] PackLoader:240 - Cannot read IP mode file for STMicroelectronics.X-CUBE-SUBG2.5.0.0
2024-05-09 21:43:30,454 [WARN] PackLoader:240 - Cannot read IP mode file for STMicroelectronics.X-CUBE-TOF1.3.3.1
2024-05-09 21:43:30,513 [WARN] PackLoader:240 - Cannot read IP mode file for STMicroelectronics.X-CUBE-AZRTOS-G4.2.0.0
2024-05-09 21:43:30,536 [WARN] PackLoader:240 - Cannot read IP mode file for STMicroelectronics.FP-ATR-ASTRA1.1.1.1
2024-05-09 21:43:30,570 [WARN] PackLoader:240 - Cannot read IP mode file for Infineon.AIROC-Wi-Fi-Bluetooth-STM32.1.5.1
2024-05-09 21:43:30,591 [WARN] PackLoader:240 - Cannot read IP mode file for STMicroelectronics.FP-SNS-MOTENVWB1.1.3.0
2024-05-09 21:43:30,609 [WARN] PackLoader:240 - Cannot read IP mode file for STMicroelectronics.FP-SNS-MOTENVWB1.1.3.1
2024-05-09 21:43:30,645 [WARN] PackLoader:240 - Cannot read IP mode file for STMicroelectronics.X-CUBE-AZRTOS-G4.1.0.0
2024-05-09 21:43:30,696 [WARN] PackLoader:240 - Cannot read IP mode file for STMicroelectronics.X-CUBE-AZRTOS-L4.1.0.0
2024-05-09 21:43:30,719 [WARN] PackLoader:240 - Cannot read IP mode file for STMicroelectronics.X-CUBE-ISPU.2.0.0
2024-05-09 21:43:30,764 [INFO] WebApp:157 - Instantiating new browser for Auth
2024-05-09 21:43:30,807 [WARN] PackLoader:240 - Cannot read IP mode file for STMicroelectronics.X-CUBE-MEMS1.10.0.0
2024-05-09 21:43:31,039 [WARN] PackLoader:240 - Cannot read IP mode file for STMicroelectronics.X-CUBE-FREERTOS.1.1.0
2024-05-09 21:43:31,071 [WARN] PackLoader:240 - Cannot read IP mode file for STMicroelectronics.X-CUBE-AZRTOS-WL.1.0.0
2024-05-09 21:43:31,095 [WARN] PackLoader:240 - Cannot read IP mode file for portGmbH.I-Cube-SoM-uGOAL.1.1.0
2024-05-09 21:43:31,119 [WARN] PackLoader:240 - Cannot read IP mode file for STMicroelectronics.X-CUBE-ALS.1.0.1
2024-05-09 21:43:31,154 [WARN] PackLoader:240 - Cannot read IP mode file for STMicroelectronics.X-CUBE-AZRTOS-WB.1.1.0
2024-05-09 21:43:31,201 [WARN] PackLoader:240 - Cannot read IP mode file for STMicroelectronics.X-CUBE-AZRTOS-H7RS.1.0.0
2024-05-09 21:43:31,228 [WARN] PackLoader:240 - Cannot read IP mode file for STMicroelectronics.FP-ATR-ASTRA1.2.0.0
2024-05-09 21:43:31,268 [WARN] PackLoader:240 - Cannot read IP mode file for STMicroelectronics.X-CUBE-TOF1.3.4.0
2024-05-09 21:43:31,319 [WARN] PackLoader:240 - Cannot read IP mode file for STMicroelectronics.X-CUBE-TOF1.3.4.1
2024-05-09 21:43:31,384 [WARN] PackLoader:240 - Cannot read IP mode file for STMicroelectronics.X-CUBE-AZRTOS-H7.3.2.0
2024-05-09 21:43:31,390 [INFO] ThirdParty:978 - Integrity check success = true
2024-05-09 21:43:31,392 [INFO] IntegrityCheckThread:100 - exiting critical section [integrity check]
2024-05-09 21:43:31,392 [INFO] IntegrityCheckThread:103 - End integrity checks thread
2024-05-09 21:43:32,397 [INFO] WebApp:753 - Register for checkConnection events
2024-05-09 21:43:32,404 [INFO] WebApp:390 - Apply proxy settings
2024-05-09 21:43:32,409 [INFO] WebApp:475 - Chromium requires no authentication
2024-05-09 21:43:32,424 [INFO] WebApp:418 - Direct internet connection detected
2024-05-09 21:43:32,784 [INFO] WebApp:188 - Starting web application
2024-05-09 21:43:32,784 [INFO] WebApp:520 - Web application path used C:\ST\STM32CubeIDE_1.11.2\STM32CubeIDE\plugins\com.st.stm32cube.common.mx_6.9.2.202309101412\db\plugins\mcufinder\reactClient1\index.html
2024-05-09 21:43:54,157 [ERROR] LogOutputStream:75 - [STDERR_REDIRECT] SLF4J: Failed to load class "org.slf4j.impl.StaticLoggerBinder".
2024-05-09 21:43:54,159 [ERROR] LogOutputStream:75 - [STDERR_REDIRECT] SLF4J: Defaulting to no-operation (NOP) logger implementation
2024-05-09 21:43:54,161 [ERROR] LogOutputStream:75 - [STDERR_REDIRECT] SLF4J: See http://www.slf4j.org/codes.html#StaticLoggerBinder for further details.
2024-05-09 23:39:28,773 [ERROR] LogOutputStream:75 - [STDERR_REDIRECT] 
