2024-03-23 10:30:32,576 [INFO] Activator:176 - 


2024-03-23 10:30:32,583 [INFO] Activator:177 - !SESSION log4j initialized
2024-03-23 10:30:41,053 [INFO] LogOutputStream:77 - [STDOUT_REDIRECT] 
2024-03-23 10:30:42,912 [INFO] ApplicationProperties:184 - Using Application install path: C:\ST\STM32CubeIDE_1.11.2\STM32CubeIDE\plugins\com.st.stm32cube.common.mx_6.9.2.202309101412
2024-03-23 10:30:42,934 [INFO] DbMcusXml:78 - Set database path to: C:\ST\STM32CubeIDE_1.11.2\STM32CubeIDE\plugins\com.st.stm32cube.common.mx_6.9.2.202309101412\\db\/mcu/
2024-03-23 10:30:42,934 [INFO] ApiDb:274 - Set plugin database path to: C:\ST\STM32CubeIDE_1.11.2\STM32CubeIDE\plugins\com.st.stm32cube.common.mx_6.9.2.202309101412\\db\/plugins/boardmanager/
2024-03-23 10:30:42,935 [WARN] ApiDb:259 - Overriding images path with different value:  => C:\ST\STM32CubeIDE_1.11.2\STM32CubeIDE\plugins\com.st.stm32cube.common.mx_6.9.2.202309101412\\db\/plugins/mcufinder/images/
2024-03-23 10:30:42,957 [INFO] ApiDb:250 - Set database path to: C:\Users\erkan\.stmcufinder\plugins\mcufinder//mcu/
2024-03-23 10:30:42,959 [INFO] DbMcusAds:125 - Set database path to: C:\Users\erkan\.stmcufinder\plugins\mcufinder//mcu/
2024-03-23 10:30:42,962 [INFO] CrossReferenceDbSqlite:203 - Set database path to: C:\Users\erkan\.stmcufinder\plugins\mcufinder//mcu/cs/
2024-03-23 10:30:43,114 [INFO] RulesReader:64 - Compatibility file has been processed (293 Rules)
2024-03-23 10:30:43,245 [INFO] DbMcusXml:78 - Set database path to: C:\ST\STM32CubeIDE_1.11.2\STM32CubeIDE\plugins\com.st.stm32cube.common.mx_6.9.2.202309101412\\db\/mcu/
2024-03-23 10:30:43,245 [INFO] ApiDb:274 - Set plugin database path to: C:\ST\STM32CubeIDE_1.11.2\STM32CubeIDE\plugins\com.st.stm32cube.common.mx_6.9.2.202309101412\\db\/plugins/boardmanager/
2024-03-23 10:30:43,245 [INFO] ApiDb:261 - Set plugin images path to: C:\ST\STM32CubeIDE_1.11.2\STM32CubeIDE\plugins\com.st.stm32cube.common.mx_6.9.2.202309101412\\db\/plugins/mcufinder/images/
2024-03-23 10:30:43,245 [WARN] DbFile:41 - Overriding database path with different value: C:\Users\erkan\.stmcufinder\plugins\mcufinder/ => C:\Users\erkan\.stmcufinder\plugins\mcufinder
2024-03-23 10:30:43,245 [INFO] ApiDb:250 - Set database path to: C:\Users\erkan\.stmcufinder\plugins\mcufinder//mcu/
2024-03-23 10:30:43,246 [WARN] DbFile:41 - Overriding database path with different value: C:\Users\erkan\.stmcufinder\plugins\mcufinder/ => C:\Users\erkan\.stmcufinder\plugins\mcufinder
2024-03-23 10:30:43,246 [INFO] DbMcusAds:125 - Set database path to: C:\Users\erkan\.stmcufinder\plugins\mcufinder//mcu/
2024-03-23 10:30:43,246 [WARN] DbFile:41 - Overriding database path with different value: C:\Users\erkan\.stmcufinder\plugins\mcufinder/ => C:\Users\erkan\.stmcufinder\plugins\mcufinder
2024-03-23 10:30:43,246 [WARN] DbFile:41 - Overriding database path with different value: C:\Users\erkan\.stmcufinder\plugins\mcufinder/ => C:\Users\erkan\.stmcufinder\plugins\mcufinder
2024-03-23 10:30:43,246 [INFO] CrossReferenceDbSqlite:203 - Set database path to: C:\Users\erkan\.stmcufinder\plugins\mcufinder//mcu/cs/
2024-03-23 10:30:43,338 [INFO] MainPanel:262 - HeapMemory: 268435456
2024-03-23 10:30:43,431 [INFO] DbMcusXml:78 - Set database path to: C:\ST\STM32CubeIDE_1.11.2\STM32CubeIDE\plugins\com.st.stm32cube.common.mx_6.9.2.202309101412\\db\/mcu/
2024-03-23 10:30:43,433 [INFO] ApiDb:274 - Set plugin database path to: C:\ST\STM32CubeIDE_1.11.2\STM32CubeIDE\plugins\com.st.stm32cube.common.mx_6.9.2.202309101412\\db\/plugins/boardmanager/
2024-03-23 10:30:43,433 [INFO] ApiDb:261 - Set plugin images path to: C:\ST\STM32CubeIDE_1.11.2\STM32CubeIDE\plugins\com.st.stm32cube.common.mx_6.9.2.202309101412\\db\/plugins/mcufinder/images/
2024-03-23 10:30:43,433 [WARN] DbFile:41 - Overriding database path with different value: C:\Users\erkan\.stmcufinder\plugins\mcufinder/ => C:\Users\erkan\.stmcufinder\plugins\mcufinder
2024-03-23 10:30:43,433 [INFO] ApiDb:250 - Set database path to: C:\Users\erkan\.stmcufinder\plugins\mcufinder//mcu/
2024-03-23 10:30:43,433 [WARN] DbFile:41 - Overriding database path with different value: C:\Users\erkan\.stmcufinder\plugins\mcufinder/ => C:\Users\erkan\.stmcufinder\plugins\mcufinder
2024-03-23 10:30:43,433 [INFO] DbMcusAds:125 - Set database path to: C:\Users\erkan\.stmcufinder\plugins\mcufinder//mcu/
2024-03-23 10:30:43,434 [WARN] DbFile:41 - Overriding database path with different value: C:\Users\erkan\.stmcufinder\plugins\mcufinder/ => C:\Users\erkan\.stmcufinder\plugins\mcufinder
2024-03-23 10:30:43,434 [WARN] DbFile:41 - Overriding database path with different value: C:\Users\erkan\.stmcufinder\plugins\mcufinder/ => C:\Users\erkan\.stmcufinder\plugins\mcufinder
2024-03-23 10:30:43,434 [INFO] CrossReferenceDbSqlite:203 - Set database path to: C:\Users\erkan\.stmcufinder\plugins\mcufinder//mcu/cs/
2024-03-23 10:30:43,453 [INFO] ApplicationProperties:184 - Using Application install path: C:\ST\STM32CubeIDE_1.11.2\STM32CubeIDE\plugins\com.st.stm32cube.common.mx_6.9.2.202309101412
2024-03-23 10:30:43,455 [INFO] PluginManage:196 - Search for loadable plugins [exclusion list=, ]
2024-03-23 10:30:43,456 [INFO] PluginManage:310 - Check plugin analytics
2024-03-23 10:30:43,643 [INFO] AnalyticsPlugin:253 - Accepted Software Licenses: STM32CubeMX.6.9.2
2024-03-23 10:30:43,643 [INFO] AnalyticsPlugin:255 - Accepted CMSIS Pack Licenses: 
2024-03-23 10:30:43,643 [INFO] AnalyticsPlugin:257 - Accepted Firmware Licenses: 
2024-03-23 10:30:43,647 [INFO] PluginManage:359 - Loaded plugin analytics (category:tool,tabindex:-1)
2024-03-23 10:30:43,647 [INFO] PluginManage:310 - Check plugin cadmodel
2024-03-23 10:30:43,663 [INFO] CADModel:105 - Init CAD model plugin
2024-03-23 10:30:43,663 [INFO] PluginManage:359 - Loaded plugin cadmodel (category:power,tabindex:5)
2024-03-23 10:30:43,663 [INFO] PluginManage:310 - Check plugin clock
2024-03-23 10:30:43,687 [INFO] PluginManage:359 - Loaded plugin clock (category:base,tabindex:2)
2024-03-23 10:30:43,687 [INFO] PluginManage:310 - Check plugin ddr
2024-03-23 10:30:43,690 [INFO] PluginManage:359 - Loaded plugin ddr (category:tool,tabindex:6)
2024-03-23 10:30:43,690 [INFO] PluginManage:310 - Check plugin filemanager
2024-03-23 10:30:43,849 [INFO] PluginManage:359 - Loaded plugin filemanager (category:base,tabindex:10)
2024-03-23 10:30:43,849 [INFO] PluginManage:310 - Check plugin ipmanager
2024-03-23 10:30:43,858 [INFO] PluginManage:359 - Loaded plugin ipmanager (category:base,tabindex:5)
2024-03-23 10:30:43,858 [INFO] PluginManage:310 - Check plugin lpbam
2024-03-23 10:30:43,874 [INFO] PluginManage:359 - Loaded plugin lpbam (category:base,tabindex:0)
2024-03-23 10:30:43,874 [INFO] PluginManage:310 - Check plugin memorymap
2024-03-23 10:30:43,898 [INFO] PluginManage:359 - Loaded plugin memorymap (category:base,tabindex:4)
2024-03-23 10:30:43,898 [INFO] PluginManage:310 - Check plugin pinoutandconfiguration
2024-03-23 10:30:43,915 [INFO] PluginManage:359 - Loaded plugin pinoutandconfiguration (category:base,tabindex:1)
2024-03-23 10:30:43,916 [INFO] PluginManage:310 - Check plugin pinoutconfig
2024-03-23 10:30:44,016 [WARN] SupportedApi:132 - Cannot load RTOS API schema: s4s-elt-must-match.1: The content of 'definitions' must match (annotation?, (simpleType | complexType)?, (unique | key | keyref)*)). A problem was found starting at: attribute.
2024-03-23 10:30:44,156 [INFO] PluginManage:359 - Loaded plugin pinoutconfig (category:base,tabindex:0)
2024-03-23 10:30:44,156 [INFO] PluginManage:310 - Check plugin power
2024-03-23 10:30:44,175 [INFO] PluginManage:359 - Loaded plugin power (category:power,tabindex:4)
2024-03-23 10:30:44,175 [INFO] PluginManage:310 - Check plugin projectmanager
2024-03-23 10:30:44,190 [INFO] PluginManage:359 - Loaded plugin projectmanager (category:projectmanager,tabindex:3)
2024-03-23 10:30:44,190 [INFO] PluginManage:310 - Check plugin thirdparty
2024-03-23 10:30:44,547 [INFO] PluginManage:359 - Loaded plugin thirdparty (category:base,tabindex:-1)
2024-03-23 10:30:44,547 [WARN] IntegrityCheckThread:84 - waiting for thirdparty lock release [integrity check]
2024-03-23 10:30:44,547 [INFO] PluginManage:310 - Check plugin tools
2024-03-23 10:30:44,547 [INFO] IntegrityCheckThread:86 - entering critical section [integrity check]
2024-03-23 10:30:44,548 [INFO] ThirdPartyUpdaterWithRetryManager:70 - Updater plugin not ready yet. [1/15]
2024-03-23 10:30:44,604 [INFO] PluginManage:359 - Loaded plugin tools (category:base,tabindex:7)
2024-03-23 10:30:44,604 [INFO] PluginManage:310 - Check plugin tutovideos
2024-03-23 10:30:44,881 [INFO] PluginManage:359 - Loaded plugin tutovideos (category:base,tabindex:-1)
2024-03-23 10:30:44,882 [INFO] PluginManage:310 - Check plugin updater
2024-03-23 10:30:44,904 [INFO] PluginManage:359 - Loaded plugin updater (category:base,tabindex:12)
2024-03-23 10:30:44,905 [INFO] PluginManage:310 - Check plugin userauth
2024-03-23 10:30:44,915 [INFO] UserAuth:113 - Init User Auth plugin
2024-03-23 10:30:44,915 [INFO] PluginManage:359 - Loaded plugin userauth (category:base,tabindex:14)
2024-03-23 10:30:44,916 [INFO] PluginManage:283 - PluginManage : Loaded plugins [17]
2024-03-23 10:30:45,293 [INFO] PinOutPanel:1499 - setPackage(No Configuration,No Configuration)
2024-03-23 10:30:45,448 [INFO] CADModel:165 - CPN selected for project level
2024-03-23 10:30:45,448 [INFO] CADModel:114 - Register for checkConnection events
2024-03-23 10:30:45,475 [INFO] IPUIPlugin:80 - create IPUIPlugin
2024-03-23 10:30:45,476 [INFO] PluginManager:220 - loadIPPluginJar : add adc
2024-03-23 10:30:45,509 [INFO] IPUIPlugin:80 - create IPUIPlugin
2024-03-23 10:30:45,510 [INFO] PluginManager:220 - loadIPPluginJar : add aes
2024-03-23 10:30:45,547 [INFO] IPUIPlugin:80 - create IPUIPlugin
2024-03-23 10:30:45,549 [INFO] PluginManager:220 - loadIPPluginJar : add can
2024-03-23 10:30:45,569 [INFO] IPUIPlugin:80 - create IPUIPlugin
2024-03-23 10:30:45,570 [INFO] PluginManager:220 - loadIPPluginJar : add comp
2024-03-23 10:30:45,604 [INFO] IPUIPlugin:80 - create IPUIPlugin
2024-03-23 10:30:45,604 [INFO] PluginManager:220 - loadIPPluginJar : add cryp
2024-03-23 10:30:45,632 [INFO] IPUIPlugin:80 - create IPUIPlugin
2024-03-23 10:30:45,633 [INFO] PluginManager:220 - loadIPPluginJar : add dfsdm
2024-03-23 10:30:45,647 [INFO] IPUIPlugin:80 - create IPUIPlugin
2024-03-23 10:30:45,648 [INFO] PluginManager:220 - loadIPPluginJar : add dma
2024-03-23 10:30:45,691 [INFO] IPUIPlugin:80 - create IPUIPlugin
2024-03-23 10:30:45,691 [INFO] PluginManager:220 - loadIPPluginJar : add dma3
2024-03-23 10:30:45,713 [INFO] IPUIPlugin:80 - create IPUIPlugin
2024-03-23 10:30:45,713 [INFO] PluginManager:220 - loadIPPluginJar : add fatfs
2024-03-23 10:30:45,763 [INFO] IPUIPlugin:80 - create IPUIPlugin
2024-03-23 10:30:45,763 [INFO] PluginManager:220 - loadIPPluginJar : add fmc
2024-03-23 10:30:45,780 [INFO] IPUIPlugin:80 - create IPUIPlugin
2024-03-23 10:30:45,780 [INFO] PluginManager:220 - loadIPPluginJar : add freertos
2024-03-23 10:30:45,805 [INFO] IPUIPlugin:80 - create IPUIPlugin
2024-03-23 10:30:45,805 [INFO] PluginManager:220 - loadIPPluginJar : add genericplugin
2024-03-23 10:30:45,931 [INFO] IPUIPlugin:80 - create IPUIPlugin
2024-03-23 10:30:45,931 [INFO] PluginManager:220 - loadIPPluginJar : add gfxmmu
2024-03-23 10:30:46,129 [INFO] IPUIPlugin:80 - create IPUIPlugin
2024-03-23 10:30:46,130 [INFO] PluginManager:220 - loadIPPluginJar : add gic
2024-03-23 10:30:46,143 [INFO] IPUIPlugin:80 - create IPUIPlugin
2024-03-23 10:30:46,143 [INFO] PluginManager:220 - loadIPPluginJar : add gpio
2024-03-23 10:30:46,230 [INFO] IPUIPlugin:80 - create IPUIPlugin
2024-03-23 10:30:46,230 [INFO] PluginManager:220 - loadIPPluginJar : add gtzc
2024-03-23 10:30:46,261 [INFO] IPUIPlugin:80 - create IPUIPlugin
2024-03-23 10:30:46,261 [INFO] PluginManager:220 - loadIPPluginJar : add hash
2024-03-23 10:30:46,312 [INFO] IPUIPlugin:80 - create IPUIPlugin
2024-03-23 10:30:46,312 [INFO] PluginManager:220 - loadIPPluginJar : add i2c
2024-03-23 10:30:46,357 [INFO] IPUIPlugin:80 - create IPUIPlugin
2024-03-23 10:30:46,357 [INFO] PluginManager:220 - loadIPPluginJar : add i2s
2024-03-23 10:30:46,401 [INFO] IPUIPlugin:80 - create IPUIPlugin
2024-03-23 10:30:46,401 [INFO] PluginManager:220 - loadIPPluginJar : add i3c
2024-03-23 10:30:46,517 [INFO] IPUIPlugin:80 - create IPUIPlugin
2024-03-23 10:30:46,518 [INFO] PluginManager:220 - loadIPPluginJar : add ipddr
2024-03-23 10:30:46,618 [INFO] IPUIPlugin:80 - create IPUIPlugin
2024-03-23 10:30:46,618 [INFO] PluginManager:220 - loadIPPluginJar : add linkedlist
2024-03-23 10:30:46,652 [INFO] IPUIPlugin:80 - create IPUIPlugin
2024-03-23 10:30:46,652 [INFO] PluginManager:220 - loadIPPluginJar : add lorawan
2024-03-23 10:30:46,685 [INFO] IPUIPlugin:80 - create IPUIPlugin
2024-03-23 10:30:46,685 [INFO] PluginManager:220 - loadIPPluginJar : add ltdc
2024-03-23 10:30:46,700 [INFO] IPUIPlugin:80 - create IPUIPlugin
2024-03-23 10:30:46,700 [INFO] PluginManager:220 - loadIPPluginJar : add mdma
2024-03-23 10:30:46,714 [INFO] IPUIPlugin:80 - create IPUIPlugin
2024-03-23 10:30:46,714 [INFO] PluginManager:220 - loadIPPluginJar : add nvic
2024-03-23 10:30:46,751 [INFO] IPUIPlugin:80 - create IPUIPlugin
2024-03-23 10:30:46,751 [INFO] PluginManager:220 - loadIPPluginJar : add opamp
2024-03-23 10:30:46,809 [INFO] IPUIPlugin:80 - create IPUIPlugin
2024-03-23 10:30:46,809 [INFO] PluginManager:220 - loadIPPluginJar : add openamp
2024-03-23 10:30:46,850 [INFO] IPUIPlugin:80 - create IPUIPlugin
2024-03-23 10:30:46,850 [INFO] PluginManager:220 - loadIPPluginJar : add pdm2pcm
2024-03-23 10:30:46,864 [INFO] IPUIPlugin:80 - create IPUIPlugin
2024-03-23 10:30:46,866 [INFO] PluginManager:220 - loadIPPluginJar : add plateformsettings
2024-03-23 10:30:46,888 [INFO] IPUIPlugin:80 - create IPUIPlugin
2024-03-23 10:30:46,888 [INFO] PluginManager:220 - loadIPPluginJar : add quadspi
2024-03-23 10:30:46,901 [INFO] IPUIPlugin:80 - create IPUIPlugin
2024-03-23 10:30:46,901 [INFO] PluginManager:220 - loadIPPluginJar : add resmgrutility
2024-03-23 10:30:46,948 [INFO] IPUIPlugin:80 - create IPUIPlugin
2024-03-23 10:30:46,948 [INFO] PluginManager:220 - loadIPPluginJar : add sai
2024-03-23 10:30:46,982 [INFO] IPUIPlugin:80 - create IPUIPlugin
2024-03-23 10:30:46,983 [INFO] PluginManager:220 - loadIPPluginJar : add spi
2024-03-23 10:30:47,035 [INFO] IPUIPlugin:80 - create IPUIPlugin
2024-03-23 10:30:47,035 [INFO] PluginManager:220 - loadIPPluginJar : add stm32_wpan
2024-03-23 10:30:47,056 [INFO] IPUIPlugin:80 - create IPUIPlugin
2024-03-23 10:30:47,056 [INFO] PluginManager:220 - loadIPPluginJar : add tim
2024-03-23 10:30:47,107 [INFO] IPUIPlugin:80 - create IPUIPlugin
2024-03-23 10:30:47,108 [INFO] PluginManager:220 - loadIPPluginJar : add touchsensing
2024-03-23 10:30:47,130 [INFO] IPUIPlugin:80 - create IPUIPlugin
2024-03-23 10:30:47,131 [INFO] PluginManager:220 - loadIPPluginJar : add tracer_emb
2024-03-23 10:30:47,151 [INFO] IPUIPlugin:80 - create IPUIPlugin
2024-03-23 10:30:47,151 [INFO] PluginManager:220 - loadIPPluginJar : add ts
2024-03-23 10:30:47,172 [INFO] IPUIPlugin:80 - create IPUIPlugin
2024-03-23 10:30:47,172 [INFO] PluginManager:220 - loadIPPluginJar : add tsc
2024-03-23 10:30:47,193 [INFO] IPUIPlugin:80 - create IPUIPlugin
2024-03-23 10:30:47,193 [INFO] PluginManager:220 - loadIPPluginJar : add ucpd
2024-03-23 10:30:47,234 [INFO] IPUIPlugin:80 - create IPUIPlugin
2024-03-23 10:30:47,234 [INFO] PluginManager:220 - loadIPPluginJar : add usart
2024-03-23 10:30:47,276 [INFO] IPUIPlugin:80 - create IPUIPlugin
2024-03-23 10:30:47,276 [INFO] PluginManager:220 - loadIPPluginJar : add usbx
2024-03-23 10:30:47,412 [INFO] CADModel:165 - CPN selected for project level
2024-03-23 10:30:47,413 [INFO] CADModel:114 - Register for checkConnection events
2024-03-23 10:30:47,413 [FATAL] Updater:308 - Updater called before beeing initialized
2024-03-23 10:30:47,413 [ERROR] CADModel:125 - Updater not yet initialized, retry later 
2024-03-23 10:30:47,549 [INFO] ThirdPartyUpdaterWithRetryManager:70 - Updater plugin not ready yet. [2/15]
2024-03-23 10:30:47,565 [INFO] CADModel:165 - CPN selected for project level
2024-03-23 10:30:47,566 [INFO] CADModel:114 - Register for checkConnection events
2024-03-23 10:30:47,566 [FATAL] Updater:308 - Updater called before beeing initialized
2024-03-23 10:30:47,566 [ERROR] CADModel:125 - Updater not yet initialized, retry later 
2024-03-23 10:30:47,571 [FATAL] Updater:308 - Updater called before beeing initialized
2024-03-23 10:30:47,703 [FATAL] Updater:308 - Updater called before beeing initialized
2024-03-23 10:30:47,714 [INFO] DbMcusAds:53 - JSON generation date=Wed Nov 29 11:52:27 CET 2023 (1701255147349)
2024-03-23 10:30:47,714 [FATAL] Updater:308 - Updater called before beeing initialized
2024-03-23 10:30:47,790 [WARN] DetailPanel:346 - Failed to get advertising image, set to default
2024-03-23 10:30:47,890 [FATAL] Updater:308 - Updater called before beeing initialized
2024-03-23 10:30:47,892 [FATAL] Updater:308 - Updater called before beeing initialized
2024-03-23 10:30:47,892 [FATAL] Updater:308 - Updater called before beeing initialized
2024-03-23 10:30:47,892 [WARN] DetailPanel:346 - Failed to get advertising image, set to default
2024-03-23 10:30:47,893 [FATAL] Updater:308 - Updater called before beeing initialized
2024-03-23 10:30:47,990 [ERROR] Updater:1120 - MainUpdater not yet initialized. External WinMGr cannot be set.
2024-03-23 10:30:48,001 [INFO] Updater:1056 - Updater Version found : 6.9.2
2024-03-23 10:30:48,019 [INFO] ApplicationProperties:184 - Using Application install path: C:\ST\STM32CubeIDE_1.11.2\STM32CubeIDE\plugins\com.st.stm32cube.common.mx_6.9.2.202309101412
2024-03-23 10:30:48,395 [INFO] MainUpdater:2868 - connection check result : 10
2024-03-23 10:30:48,395 [INFO] MainUpdater:285 - Updater Check For Update Now.
2024-03-23 10:30:48,396 [INFO] MicroXplorer:498 - Change Database Version : DB.6.0.92
2024-03-23 10:30:48,410 [INFO] McuFinderGlobals:63 - Set McuFinder mode to 2 (CubeIDE integrated)
2024-03-23 10:30:48,410 [INFO] UserAuth:179 - activating auth plugin
2024-03-23 10:30:48,415 [INFO] UserAuth:393 - Internet connection configuration mode: 1
2024-03-23 10:30:48,447 [INFO] JxBrowserEngine:151 - Initiate JxBrowser Engine with user profile folder
2024-03-23 10:30:48,603 [INFO] CheckServerUpdateThread:120 - End of CheckServer Thread
2024-03-23 10:30:50,863 [INFO] WebApp:157 - Instantiating new browser for Auth
2024-03-23 10:30:50,930 [WARN] PackLoader:240 - Cannot read IP mode file for STMicroelectronics.X-CUBE-SMBUS.2.1.0
2024-03-23 10:30:50,950 [WARN] PackLoader:240 - Cannot read IP mode file for STMicroelectronics.X-CUBE-TOUCHGFX.4.23.0
2024-03-23 10:30:50,995 [WARN] PackLoader:240 - Cannot read IP mode file for STMicroelectronics.X-CUBE-AZRTOS-F7.1.1.0
2024-03-23 10:30:51,016 [WARN] PackLoader:240 - Cannot read IP mode file for STMicroelectronics.FP-SNS-MOTENV1.4.3.2
2024-03-23 10:30:51,037 [WARN] PackLoader:240 - Cannot read IP mode file for STMicroelectronics.X-CUBE-BLE1.6.2.4
2024-03-23 10:30:51,058 [WARN] PackLoader:240 - Cannot read IP mode file for STMicroelectronics.FP-SNS-FLIGHT1.5.0.2
2024-03-23 10:30:51,086 [WARN] PackLoader:240 - Cannot read IP mode file for STMicroelectronics.X-CUBE-DISPLAY.3.0.0
2024-03-23 10:30:51,112 [WARN] PackLoader:240 - Cannot read IP mode file for STMicroelectronics.X-CUBE-BLE1.7.0.0
2024-03-23 10:30:51,135 [WARN] PackLoader:240 - Cannot read IP mode file for STMicroelectronics.X-CUBE-TOUCHGFX.4.22.0
2024-03-23 10:30:51,151 [WARN] PackLoader:240 - Cannot read IP mode file for STMicroelectronics.X-CUBE-TOUCHGFX.4.22.1
2024-03-23 10:30:51,172 [WARN] PackLoader:240 - Cannot read IP mode file for STMicroelectronics.X-CUBE-BLEMGR.3.1.0
2024-03-23 10:30:51,188 [WARN] PackLoader:240 - Cannot read IP mode file for STMicroelectronics.FP-SNS-SMARTAG2.1.2.0
2024-03-23 10:30:51,210 [INFO] LogOutputStream:77 - [STDOUT_REDIRECT] 1 : Invalid condition id : UX_CORESTACK_Condition cause : null
2024-03-23 10:30:51,211 [INFO] LogOutputStream:77 - [STDOUT_REDIRECT] 1 : Invalid condition id : UX_CORESTACK_Condition cause : null
2024-03-23 10:30:51,212 [INFO] LogOutputStream:77 - [STDOUT_REDIRECT] 1 : Invalid condition id : UX_CORESTACK_Condition cause : null
2024-03-23 10:30:51,213 [INFO] LogOutputStream:77 - [STDOUT_REDIRECT] 1 : Invalid condition id : UX_CORESTACK_Condition cause : null
2024-03-23 10:30:51,215 [INFO] LogOutputStream:77 - [STDOUT_REDIRECT] 1 : Invalid condition id : UX_CORESTACK_Condition cause : null
2024-03-23 10:30:51,219 [WARN] PackLoader:240 - Cannot read IP mode file for STMicroelectronics.X-CUBE-AZRTOS-WL.2.0.0
2024-03-23 10:30:51,240 [WARN] PackLoader:240 - Cannot read IP mode file for WES.I-CUBE-Cesium.1.3.0
2024-03-23 10:30:51,253 [WARN] PackLoader:240 - Cannot read IP mode file for STMicroelectronics.X-CUBE-BLE2.3.3.0
2024-03-23 10:30:51,273 [WARN] PackLoader:240 - Cannot read IP mode file for STMicroelectronics.X-CUBE-TOF1.3.2.0
2024-03-23 10:30:51,292 [WARN] PackLoader:240 - Cannot read IP mode file for STMicroelectronics.X-CUBE-TOUCHGFX.4.21.1
2024-03-23 10:30:51,305 [WARN] PackLoader:240 - Cannot read IP mode file for STMicroelectronics.X-CUBE-AI.7.3.0
2024-03-23 10:30:51,321 [WARN] PackLoader:240 - Cannot read IP mode file for STMicroelectronics.X-CUBE-ALGOBUILD.1.3.0
2024-03-23 10:30:51,352 [WARN] PackLoader:240 - Cannot read IP mode file for STMicroelectronics.X-CUBE-AZRTOS-G0.1.1.0
2024-03-23 10:30:51,367 [WARN] PackLoader:240 - Cannot read IP mode file for STMicroelectronics.X-CUBE-NFC4.3.0.0
2024-03-23 10:30:51,390 [WARN] PackLoader:240 - Cannot read IP mode file for STMicroelectronics.X-CUBE-BLEMGR.3.0.0
2024-03-23 10:30:51,411 [WARN] PackLoader:240 - Cannot read IP mode file for STMicroelectronics.X-CUBE-BLEMGR.1.3.0
2024-03-23 10:30:51,430 [WARN] PackLoader:240 - Cannot read IP mode file for STMicroelectronics.FP-ATR-SIGFOX1.3.2.0
2024-03-23 10:30:51,449 [WARN] PackLoader:240 - Cannot read IP mode file for STMicroelectronics.X-CUBE-EEPRMA1.5.1.0
2024-03-23 10:30:51,521 [WARN] PackLoader:240 - Cannot read IP mode file for STMicroelectronics.X-CUBE-MEMS1.9.5.0
2024-03-23 10:30:51,718 [WARN] PackLoader:240 - Cannot read IP mode file for SEGGER.I-CUBE-embOS.1.3.1
2024-03-23 10:30:51,743 [INFO] WebApp:753 - Register for checkConnection events
2024-03-23 10:30:51,743 [INFO] WebApp:390 - Apply proxy settings
2024-03-23 10:30:51,743 [INFO] WebApp:475 - Chromium requires no authentication
2024-03-23 10:30:51,754 [INFO] WebApp:418 - Direct internet connection detected
2024-03-23 10:30:51,769 [WARN] PackLoader:240 - Cannot read IP mode file for STMicroelectronics.X-CUBE-GNSS1.6.0.0
2024-03-23 10:30:51,799 [WARN] PackLoader:240 - Cannot read IP mode file for STMicroelectronics.X-CUBE-AZRTOS-F4.1.1.0
2024-03-23 10:30:51,832 [WARN] PackLoader:240 - Cannot read IP mode file for STMicroelectronics.X-CUBE-AZRTOS-L5.2.0.0
2024-03-23 10:30:51,880 [WARN] PackLoader:240 - Cannot read IP mode file for STMicroelectronics.X-CUBE-MEMS1.9.6.0
2024-03-23 10:30:52,041 [INFO] WebApp:188 - Starting web application
2024-03-23 10:30:52,041 [WARN] PackLoader:240 - Cannot read IP mode file for STMicroelectronics.X-CUBE-EEPRMA1.4.2.0
2024-03-23 10:30:52,041 [INFO] WebApp:520 - Web application path used C:\ST\STM32CubeIDE_1.11.2\STM32CubeIDE\plugins\com.st.stm32cube.common.mx_6.9.2.202309101412\db\plugins\mcufinder\reactClient1\index.html
2024-03-23 10:30:52,062 [WARN] PackLoader:240 - Cannot read IP mode file for STMicroelectronics.X-CUBE-NFC6.3.1.0
2024-03-23 10:30:52,082 [WARN] PackLoader:240 - Cannot read IP mode file for ITTIA_DB.I-CUBE-ITTIADB.8.8.0
2024-03-23 10:30:52,104 [WARN] PackLoader:240 - Cannot read IP mode file for emotas.I-CUBE-CANOPEN.1.1.3
2024-03-23 10:30:52,122 [WARN] PackLoader:240 - Cannot read IP mode file for STMicroelectronics.X-CUBE-BLEMGR.2.0.0
2024-03-23 10:30:52,161 [WARN] ConditionMgr:438 - getConditionDescription Invalid condition id : UX DEVICE CLASS RTOS Condition cause : null
2024-03-23 10:30:52,161 [WARN] ConditionMgr:438 - getConditionDescription Invalid condition id : UX DEVICE CLASS RTOS Condition cause : null
2024-03-23 10:30:52,164 [WARN] PackLoader:240 - Cannot read IP mode file for STMicroelectronics.X-CUBE-AZRTOS-H7.3.1.0
2024-03-23 10:30:52,166 [WARN] ConditionMgr:1039 - genDependencies : Invalid condition id : UX DEVICE CLASS RTOS Condition cause : null
2024-03-23 10:30:52,166 [WARN] ConditionMgr:1039 - genDependencies : Invalid condition id : UX DEVICE CLASS RTOS Condition cause : null
2024-03-23 10:30:52,167 [WARN] ConditionMgr:1039 - genDependencies : Invalid condition id : UX DEVICE CLASS RTOS Condition cause : null
2024-03-23 10:30:52,168 [WARN] ConditionMgr:1039 - genDependencies : Invalid condition id : UX DEVICE CLASS RTOS Condition cause : null
2024-03-23 10:30:52,168 [WARN] ConditionMgr:1039 - genDependencies : Invalid condition id : UX DEVICE CLASS RTOS Condition cause : null
2024-03-23 10:30:52,184 [WARN] PackLoader:240 - Cannot read IP mode file for wolfSSL.I-CUBE-wolfSSL.5.5.4
2024-03-23 10:30:52,204 [WARN] PackLoader:240 - Cannot read IP mode file for STMicroelectronics.X-CUBE-NFC7.1.0.1
2024-03-23 10:30:52,223 [WARN] PackLoader:240 - Cannot read IP mode file for STMicroelectronics.X-CUBE-NFC7.1.0.0
2024-03-23 10:30:52,242 [WARN] PackLoader:240 - Cannot read IP mode file for STMicroelectronics.X-CUBE-NFC6.3.0.0
2024-03-23 10:30:52,260 [WARN] PackLoader:240 - Cannot read IP mode file for STMicroelectronics.X-CUBE-EEPRMA1.4.1.0
2024-03-23 10:30:52,283 [WARN] PackLoader:240 - Cannot read IP mode file for STMicroelectronics.X-CUBE-AI.8.1.0
2024-03-23 10:30:52,326 [WARN] ConditionMgr:438 - getConditionDescription Invalid condition id : LAN8742 Phy interface Condition cause : null
2024-03-23 10:30:52,327 [WARN] PackLoader:240 - Cannot read IP mode file for STMicroelectronics.X-CUBE-AZRTOS-L4.2.0.0
2024-03-23 10:30:52,329 [WARN] ConditionMgr:1039 - genDependencies : Invalid condition id : LAN8742 Phy interface Condition cause : null
2024-03-23 10:30:52,330 [WARN] ConditionMgr:1039 - genDependencies : Invalid condition id : LAN8742 Phy interface Condition cause : null
2024-03-23 10:30:52,330 [WARN] ConditionMgr:1039 - genDependencies : Invalid condition id : LAN8742 Phy interface Condition cause : null
2024-03-23 10:30:52,347 [WARN] PackLoader:240 - Cannot read IP mode file for STMicroelectronics.X-CUBE-SFXS2LP1.4.0.0
2024-03-23 10:30:52,385 [WARN] PackLoader:240 - Cannot read IP mode file for STMicroelectronics.X-CUBE-AZRTOS-H7.3.0.0
2024-03-23 10:30:52,405 [WARN] PackLoader:240 - Cannot read IP mode file for STMicroelectronics.X-CUBE-ISPU.1.1.0
2024-03-23 10:30:52,424 [WARN] PackLoader:240 - Cannot read IP mode file for RoweBots.I-CUBE-UNISONRTOS.5.5.0-4
2024-03-23 10:30:52,437 [WARN] PackLoader:240 - Cannot read IP mode file for STMicroelectronics.X-CUBE-AI.8.0.0
2024-03-23 10:30:52,464 [WARN] ConditionMgr:438 - getConditionDescription Invalid condition id : UX DEVICE CLASS RTOS Condition cause : null
2024-03-23 10:30:52,464 [WARN] ConditionMgr:438 - getConditionDescription Invalid condition id : UX DEVICE CLASS RTOS Condition cause : null
2024-03-23 10:30:52,466 [WARN] PackLoader:240 - Cannot read IP mode file for STMicroelectronics.X-CUBE-AZRTOS-WB.2.0.0
2024-03-23 10:30:52,467 [WARN] ConditionMgr:1039 - genDependencies : Invalid condition id : UX DEVICE CLASS RTOS Condition cause : null
2024-03-23 10:30:52,467 [WARN] ConditionMgr:1039 - genDependencies : Invalid condition id : UX DEVICE CLASS RTOS Condition cause : null
2024-03-23 10:30:52,467 [WARN] ConditionMgr:1039 - genDependencies : Invalid condition id : UX DEVICE CLASS RTOS Condition cause : null
2024-03-23 10:30:52,468 [WARN] ConditionMgr:1039 - genDependencies : Invalid condition id : UX DEVICE CLASS RTOS Condition cause : null
2024-03-23 10:30:52,468 [WARN] ConditionMgr:1039 - genDependencies : Invalid condition id : UX DEVICE CLASS RTOS Condition cause : null
2024-03-23 10:30:52,483 [WARN] PackLoader:240 - Cannot read IP mode file for STMicroelectronics.X-CUBE-FREERTOS.1.0.1
2024-03-23 10:30:52,513 [WARN] PackLoader:240 - Cannot read IP mode file for STMicroelectronics.X-CUBE-AZRTOS-L5.1.1.0
2024-03-23 10:30:52,538 [WARN] PackLoader:240 - Cannot read IP mode file for STMicroelectronics.X-CUBE-SUBG2.5.0.0
2024-03-23 10:30:52,562 [WARN] PackLoader:240 - Cannot read IP mode file for STMicroelectronics.X-CUBE-TOF1.3.3.1
2024-03-23 10:30:52,600 [WARN] PackLoader:240 - Cannot read IP mode file for STMicroelectronics.X-CUBE-AZRTOS-G4.2.0.0
2024-03-23 10:30:52,613 [WARN] PackLoader:240 - Cannot read IP mode file for STMicroelectronics.FP-ATR-ASTRA1.1.1.1
2024-03-23 10:30:52,638 [WARN] PackLoader:240 - Cannot read IP mode file for Infineon.AIROC-Wi-Fi-Bluetooth-STM32.1.5.1
2024-03-23 10:30:52,655 [WARN] PackLoader:240 - Cannot read IP mode file for STMicroelectronics.FP-SNS-MOTENVWB1.1.3.0
2024-03-23 10:30:52,666 [WARN] PackLoader:240 - Cannot read IP mode file for STMicroelectronics.FP-SNS-MOTENVWB1.1.3.1
2024-03-23 10:30:52,689 [WARN] PackLoader:240 - Cannot read IP mode file for STMicroelectronics.X-CUBE-AZRTOS-G4.1.0.0
2024-03-23 10:30:52,717 [WARN] PackLoader:240 - Cannot read IP mode file for STMicroelectronics.X-CUBE-AZRTOS-L4.1.0.0
2024-03-23 10:30:52,730 [WARN] PackLoader:240 - Cannot read IP mode file for STMicroelectronics.X-CUBE-ISPU.2.0.0
2024-03-23 10:30:52,793 [WARN] PackLoader:240 - Cannot read IP mode file for STMicroelectronics.X-CUBE-MEMS1.10.0.0
2024-03-23 10:30:52,886 [WARN] PackLoader:240 - Cannot read IP mode file for STMicroelectronics.X-CUBE-FREERTOS.1.1.0
2024-03-23 10:30:52,909 [WARN] PackLoader:240 - Cannot read IP mode file for STMicroelectronics.X-CUBE-AZRTOS-WL.1.0.0
2024-03-23 10:30:52,926 [WARN] PackLoader:240 - Cannot read IP mode file for portGmbH.I-Cube-SoM-uGOAL.1.1.0
2024-03-23 10:30:52,940 [WARN] PackLoader:240 - Cannot read IP mode file for STMicroelectronics.X-CUBE-ALS.1.0.1
2024-03-23 10:30:52,965 [WARN] PackLoader:240 - Cannot read IP mode file for STMicroelectronics.X-CUBE-AZRTOS-WB.1.1.0
2024-03-23 10:30:52,980 [WARN] PackLoader:240 - Cannot read IP mode file for STMicroelectronics.FP-ATR-ASTRA1.2.0.0
2024-03-23 10:30:52,999 [WARN] PackLoader:240 - Cannot read IP mode file for STMicroelectronics.X-CUBE-TOF1.3.4.0
2024-03-23 10:30:53,031 [WARN] PackLoader:240 - Cannot read IP mode file for STMicroelectronics.X-CUBE-TOF1.3.4.1
2024-03-23 10:30:53,068 [WARN] PackLoader:240 - Cannot read IP mode file for STMicroelectronics.X-CUBE-AZRTOS-H7.3.2.0
2024-03-23 10:30:53,071 [INFO] ThirdParty:978 - Integrity check success = true
2024-03-23 10:30:53,071 [INFO] IntegrityCheckThread:100 - exiting critical section [integrity check]
2024-03-23 10:30:53,071 [INFO] IntegrityCheckThread:103 - End integrity checks thread
2024-03-23 10:31:12,982 [ERROR] LogOutputStream:75 - [STDERR_REDIRECT] SLF4J: Failed to load class "org.slf4j.impl.StaticLoggerBinder".
2024-03-23 10:31:12,982 [ERROR] LogOutputStream:75 - [STDERR_REDIRECT] SLF4J: Defaulting to no-operation (NOP) logger implementation
2024-03-23 10:31:12,983 [ERROR] LogOutputStream:75 - [STDERR_REDIRECT] SLF4J: See http://www.slf4j.org/codes.html#StaticLoggerBinder for further details.
2024-03-23 12:56:15,986 [ERROR] LogOutputStream:75 - [STDERR_REDIRECT] 
2024-03-23 19:56:25,203 [INFO] Activator:176 - 


2024-03-23 19:56:25,206 [INFO] Activator:177 - !SESSION log4j initialized
2024-03-23 19:56:32,634 [INFO] LogOutputStream:77 - [STDOUT_REDIRECT] 
2024-03-23 19:56:34,599 [INFO] ApplicationProperties:184 - Using Application install path: C:\ST\STM32CubeIDE_1.11.2\STM32CubeIDE\plugins\com.st.stm32cube.common.mx_6.9.2.202309101412
2024-03-23 19:56:34,618 [INFO] DbMcusXml:78 - Set database path to: C:\ST\STM32CubeIDE_1.11.2\STM32CubeIDE\plugins\com.st.stm32cube.common.mx_6.9.2.202309101412\\db\/mcu/
2024-03-23 19:56:34,618 [INFO] ApiDb:274 - Set plugin database path to: C:\ST\STM32CubeIDE_1.11.2\STM32CubeIDE\plugins\com.st.stm32cube.common.mx_6.9.2.202309101412\\db\/plugins/boardmanager/
2024-03-23 19:56:34,618 [WARN] ApiDb:259 - Overriding images path with different value:  => C:\ST\STM32CubeIDE_1.11.2\STM32CubeIDE\plugins\com.st.stm32cube.common.mx_6.9.2.202309101412\\db\/plugins/mcufinder/images/
2024-03-23 19:56:34,637 [INFO] ApiDb:250 - Set database path to: C:\Users\erkan\.stmcufinder\plugins\mcufinder//mcu/
2024-03-23 19:56:34,638 [INFO] DbMcusAds:125 - Set database path to: C:\Users\erkan\.stmcufinder\plugins\mcufinder//mcu/
2024-03-23 19:56:34,640 [INFO] CrossReferenceDbSqlite:203 - Set database path to: C:\Users\erkan\.stmcufinder\plugins\mcufinder//mcu/cs/
2024-03-23 19:56:34,761 [INFO] RulesReader:64 - Compatibility file has been processed (293 Rules)
2024-03-23 19:56:34,868 [INFO] DbMcusXml:78 - Set database path to: C:\ST\STM32CubeIDE_1.11.2\STM32CubeIDE\plugins\com.st.stm32cube.common.mx_6.9.2.202309101412\\db\/mcu/
2024-03-23 19:56:34,868 [INFO] ApiDb:274 - Set plugin database path to: C:\ST\STM32CubeIDE_1.11.2\STM32CubeIDE\plugins\com.st.stm32cube.common.mx_6.9.2.202309101412\\db\/plugins/boardmanager/
2024-03-23 19:56:34,869 [INFO] ApiDb:261 - Set plugin images path to: C:\ST\STM32CubeIDE_1.11.2\STM32CubeIDE\plugins\com.st.stm32cube.common.mx_6.9.2.202309101412\\db\/plugins/mcufinder/images/
2024-03-23 19:56:34,869 [WARN] DbFile:41 - Overriding database path with different value: C:\Users\erkan\.stmcufinder\plugins\mcufinder/ => C:\Users\erkan\.stmcufinder\plugins\mcufinder
2024-03-23 19:56:34,869 [INFO] ApiDb:250 - Set database path to: C:\Users\erkan\.stmcufinder\plugins\mcufinder//mcu/
2024-03-23 19:56:34,869 [WARN] DbFile:41 - Overriding database path with different value: C:\Users\erkan\.stmcufinder\plugins\mcufinder/ => C:\Users\erkan\.stmcufinder\plugins\mcufinder
2024-03-23 19:56:34,869 [INFO] DbMcusAds:125 - Set database path to: C:\Users\erkan\.stmcufinder\plugins\mcufinder//mcu/
2024-03-23 19:56:34,869 [WARN] DbFile:41 - Overriding database path with different value: C:\Users\erkan\.stmcufinder\plugins\mcufinder/ => C:\Users\erkan\.stmcufinder\plugins\mcufinder
2024-03-23 19:56:34,869 [WARN] DbFile:41 - Overriding database path with different value: C:\Users\erkan\.stmcufinder\plugins\mcufinder/ => C:\Users\erkan\.stmcufinder\plugins\mcufinder
2024-03-23 19:56:34,869 [INFO] CrossReferenceDbSqlite:203 - Set database path to: C:\Users\erkan\.stmcufinder\plugins\mcufinder//mcu/cs/
2024-03-23 19:56:34,965 [INFO] MainPanel:262 - HeapMemory: 268435456
2024-03-23 19:56:35,063 [INFO] DbMcusXml:78 - Set database path to: C:\ST\STM32CubeIDE_1.11.2\STM32CubeIDE\plugins\com.st.stm32cube.common.mx_6.9.2.202309101412\\db\/mcu/
2024-03-23 19:56:35,064 [INFO] ApiDb:274 - Set plugin database path to: C:\ST\STM32CubeIDE_1.11.2\STM32CubeIDE\plugins\com.st.stm32cube.common.mx_6.9.2.202309101412\\db\/plugins/boardmanager/
2024-03-23 19:56:35,064 [INFO] ApiDb:261 - Set plugin images path to: C:\ST\STM32CubeIDE_1.11.2\STM32CubeIDE\plugins\com.st.stm32cube.common.mx_6.9.2.202309101412\\db\/plugins/mcufinder/images/
2024-03-23 19:56:35,065 [WARN] DbFile:41 - Overriding database path with different value: C:\Users\erkan\.stmcufinder\plugins\mcufinder/ => C:\Users\erkan\.stmcufinder\plugins\mcufinder
2024-03-23 19:56:35,065 [INFO] ApiDb:250 - Set database path to: C:\Users\erkan\.stmcufinder\plugins\mcufinder//mcu/
2024-03-23 19:56:35,065 [WARN] DbFile:41 - Overriding database path with different value: C:\Users\erkan\.stmcufinder\plugins\mcufinder/ => C:\Users\erkan\.stmcufinder\plugins\mcufinder
2024-03-23 19:56:35,065 [INFO] DbMcusAds:125 - Set database path to: C:\Users\erkan\.stmcufinder\plugins\mcufinder//mcu/
2024-03-23 19:56:35,065 [WARN] DbFile:41 - Overriding database path with different value: C:\Users\erkan\.stmcufinder\plugins\mcufinder/ => C:\Users\erkan\.stmcufinder\plugins\mcufinder
2024-03-23 19:56:35,065 [WARN] DbFile:41 - Overriding database path with different value: C:\Users\erkan\.stmcufinder\plugins\mcufinder/ => C:\Users\erkan\.stmcufinder\plugins\mcufinder
2024-03-23 19:56:35,065 [INFO] CrossReferenceDbSqlite:203 - Set database path to: C:\Users\erkan\.stmcufinder\plugins\mcufinder//mcu/cs/
2024-03-23 19:56:35,087 [INFO] ApplicationProperties:184 - Using Application install path: C:\ST\STM32CubeIDE_1.11.2\STM32CubeIDE\plugins\com.st.stm32cube.common.mx_6.9.2.202309101412
2024-03-23 19:56:35,088 [INFO] PluginManage:196 - Search for loadable plugins [exclusion list=, ]
2024-03-23 19:56:35,089 [INFO] PluginManage:310 - Check plugin analytics
2024-03-23 19:56:35,280 [INFO] AnalyticsPlugin:253 - Accepted Software Licenses: STM32CubeMX.6.9.2
2024-03-23 19:56:35,281 [INFO] AnalyticsPlugin:255 - Accepted CMSIS Pack Licenses: 
2024-03-23 19:56:35,281 [INFO] AnalyticsPlugin:257 - Accepted Firmware Licenses: 
2024-03-23 19:56:35,285 [INFO] PluginManage:359 - Loaded plugin analytics (category:tool,tabindex:-1)
2024-03-23 19:56:35,286 [INFO] PluginManage:310 - Check plugin cadmodel
2024-03-23 19:56:35,303 [INFO] CADModel:105 - Init CAD model plugin
2024-03-23 19:56:35,303 [INFO] PluginManage:359 - Loaded plugin cadmodel (category:power,tabindex:5)
2024-03-23 19:56:35,303 [INFO] PluginManage:310 - Check plugin clock
2024-03-23 19:56:35,326 [INFO] PluginManage:359 - Loaded plugin clock (category:base,tabindex:2)
2024-03-23 19:56:35,326 [INFO] PluginManage:310 - Check plugin ddr
2024-03-23 19:56:35,329 [INFO] PluginManage:359 - Loaded plugin ddr (category:tool,tabindex:6)
2024-03-23 19:56:35,329 [INFO] PluginManage:310 - Check plugin filemanager
2024-03-23 19:56:35,491 [INFO] PluginManage:359 - Loaded plugin filemanager (category:base,tabindex:10)
2024-03-23 19:56:35,491 [INFO] PluginManage:310 - Check plugin ipmanager
2024-03-23 19:56:35,503 [INFO] PluginManage:359 - Loaded plugin ipmanager (category:base,tabindex:5)
2024-03-23 19:56:35,503 [INFO] PluginManage:310 - Check plugin lpbam
2024-03-23 19:56:35,524 [INFO] PluginManage:359 - Loaded plugin lpbam (category:base,tabindex:0)
2024-03-23 19:56:35,524 [INFO] PluginManage:310 - Check plugin memorymap
2024-03-23 19:56:35,553 [INFO] PluginManage:359 - Loaded plugin memorymap (category:base,tabindex:4)
2024-03-23 19:56:35,553 [INFO] PluginManage:310 - Check plugin pinoutandconfiguration
2024-03-23 19:56:35,574 [INFO] PluginManage:359 - Loaded plugin pinoutandconfiguration (category:base,tabindex:1)
2024-03-23 19:56:35,575 [INFO] PluginManage:310 - Check plugin pinoutconfig
2024-03-23 19:56:35,702 [WARN] SupportedApi:132 - Cannot load RTOS API schema: s4s-elt-must-match.1: The content of 'definitions' must match (annotation?, (simpleType | complexType)?, (unique | key | keyref)*)). A problem was found starting at: attribute.
2024-03-23 19:56:35,852 [INFO] PluginManage:359 - Loaded plugin pinoutconfig (category:base,tabindex:0)
2024-03-23 19:56:35,852 [INFO] PluginManage:310 - Check plugin power
2024-03-23 19:56:35,873 [INFO] PluginManage:359 - Loaded plugin power (category:power,tabindex:4)
2024-03-23 19:56:35,873 [INFO] PluginManage:310 - Check plugin projectmanager
2024-03-23 19:56:35,889 [INFO] PluginManage:359 - Loaded plugin projectmanager (category:projectmanager,tabindex:3)
2024-03-23 19:56:35,889 [INFO] PluginManage:310 - Check plugin thirdparty
2024-03-23 19:56:36,174 [INFO] PluginManage:359 - Loaded plugin thirdparty (category:base,tabindex:-1)
2024-03-23 19:56:36,174 [INFO] PluginManage:310 - Check plugin tools
2024-03-23 19:56:36,174 [WARN] IntegrityCheckThread:84 - waiting for thirdparty lock release [integrity check]
2024-03-23 19:56:36,174 [INFO] IntegrityCheckThread:86 - entering critical section [integrity check]
2024-03-23 19:56:36,175 [INFO] ThirdPartyUpdaterWithRetryManager:70 - Updater plugin not ready yet. [1/15]
2024-03-23 19:56:36,212 [INFO] PluginManage:359 - Loaded plugin tools (category:base,tabindex:7)
2024-03-23 19:56:36,212 [INFO] PluginManage:310 - Check plugin tutovideos
2024-03-23 19:56:36,428 [INFO] PluginManage:359 - Loaded plugin tutovideos (category:base,tabindex:-1)
2024-03-23 19:56:36,428 [INFO] PluginManage:310 - Check plugin updater
2024-03-23 19:56:36,441 [INFO] PluginManage:359 - Loaded plugin updater (category:base,tabindex:12)
2024-03-23 19:56:36,441 [INFO] PluginManage:310 - Check plugin userauth
2024-03-23 19:56:36,448 [INFO] UserAuth:113 - Init User Auth plugin
2024-03-23 19:56:36,449 [INFO] PluginManage:359 - Loaded plugin userauth (category:base,tabindex:14)
2024-03-23 19:56:36,449 [INFO] PluginManage:283 - PluginManage : Loaded plugins [17]
2024-03-23 19:56:36,841 [INFO] PinOutPanel:1499 - setPackage(No Configuration,No Configuration)
2024-03-23 19:56:37,040 [INFO] CADModel:165 - CPN selected for project level
2024-03-23 19:56:37,040 [INFO] CADModel:114 - Register for checkConnection events
2024-03-23 19:56:37,082 [INFO] IPUIPlugin:80 - create IPUIPlugin
2024-03-23 19:56:37,082 [INFO] PluginManager:220 - loadIPPluginJar : add adc
2024-03-23 19:56:37,136 [INFO] IPUIPlugin:80 - create IPUIPlugin
2024-03-23 19:56:37,136 [INFO] PluginManager:220 - loadIPPluginJar : add aes
2024-03-23 19:56:37,207 [INFO] IPUIPlugin:80 - create IPUIPlugin
2024-03-23 19:56:37,207 [INFO] PluginManager:220 - loadIPPluginJar : add can
2024-03-23 19:56:37,252 [INFO] IPUIPlugin:80 - create IPUIPlugin
2024-03-23 19:56:37,253 [INFO] PluginManager:220 - loadIPPluginJar : add comp
2024-03-23 19:56:37,331 [INFO] IPUIPlugin:80 - create IPUIPlugin
2024-03-23 19:56:37,332 [INFO] PluginManager:220 - loadIPPluginJar : add cryp
2024-03-23 19:56:37,391 [INFO] IPUIPlugin:80 - create IPUIPlugin
2024-03-23 19:56:37,392 [INFO] PluginManager:220 - loadIPPluginJar : add dfsdm
2024-03-23 19:56:37,412 [INFO] IPUIPlugin:80 - create IPUIPlugin
2024-03-23 19:56:37,413 [INFO] PluginManager:220 - loadIPPluginJar : add dma
2024-03-23 19:56:37,477 [INFO] IPUIPlugin:80 - create IPUIPlugin
2024-03-23 19:56:37,477 [INFO] PluginManager:220 - loadIPPluginJar : add dma3
2024-03-23 19:56:37,511 [INFO] IPUIPlugin:80 - create IPUIPlugin
2024-03-23 19:56:37,511 [INFO] PluginManager:220 - loadIPPluginJar : add fatfs
2024-03-23 19:56:37,585 [INFO] IPUIPlugin:80 - create IPUIPlugin
2024-03-23 19:56:37,585 [INFO] PluginManager:220 - loadIPPluginJar : add fmc
2024-03-23 19:56:37,611 [INFO] IPUIPlugin:80 - create IPUIPlugin
2024-03-23 19:56:37,612 [INFO] PluginManager:220 - loadIPPluginJar : add freertos
2024-03-23 19:56:37,643 [INFO] IPUIPlugin:80 - create IPUIPlugin
2024-03-23 19:56:37,643 [INFO] PluginManager:220 - loadIPPluginJar : add genericplugin
2024-03-23 19:56:37,744 [INFO] IPUIPlugin:80 - create IPUIPlugin
2024-03-23 19:56:37,744 [INFO] PluginManager:220 - loadIPPluginJar : add gfxmmu
2024-03-23 19:56:37,886 [INFO] IPUIPlugin:80 - create IPUIPlugin
2024-03-23 19:56:37,887 [INFO] PluginManager:220 - loadIPPluginJar : add gic
2024-03-23 19:56:37,900 [INFO] IPUIPlugin:80 - create IPUIPlugin
2024-03-23 19:56:37,900 [INFO] PluginManager:220 - loadIPPluginJar : add gpio
2024-03-23 19:56:37,993 [INFO] IPUIPlugin:80 - create IPUIPlugin
2024-03-23 19:56:37,993 [INFO] PluginManager:220 - loadIPPluginJar : add gtzc
2024-03-23 19:56:38,028 [INFO] IPUIPlugin:80 - create IPUIPlugin
2024-03-23 19:56:38,029 [INFO] PluginManager:220 - loadIPPluginJar : add hash
2024-03-23 19:56:38,082 [INFO] IPUIPlugin:80 - create IPUIPlugin
2024-03-23 19:56:38,082 [INFO] PluginManager:220 - loadIPPluginJar : add i2c
2024-03-23 19:56:38,123 [INFO] IPUIPlugin:80 - create IPUIPlugin
2024-03-23 19:56:38,123 [INFO] PluginManager:220 - loadIPPluginJar : add i2s
2024-03-23 19:56:38,169 [INFO] IPUIPlugin:80 - create IPUIPlugin
2024-03-23 19:56:38,169 [INFO] PluginManager:220 - loadIPPluginJar : add i3c
2024-03-23 19:56:38,289 [INFO] IPUIPlugin:80 - create IPUIPlugin
2024-03-23 19:56:38,290 [INFO] PluginManager:220 - loadIPPluginJar : add ipddr
2024-03-23 19:56:38,378 [INFO] IPUIPlugin:80 - create IPUIPlugin
2024-03-23 19:56:38,378 [INFO] PluginManager:220 - loadIPPluginJar : add linkedlist
2024-03-23 19:56:38,413 [INFO] IPUIPlugin:80 - create IPUIPlugin
2024-03-23 19:56:38,413 [INFO] PluginManager:220 - loadIPPluginJar : add lorawan
2024-03-23 19:56:38,448 [INFO] IPUIPlugin:80 - create IPUIPlugin
2024-03-23 19:56:38,449 [INFO] PluginManager:220 - loadIPPluginJar : add ltdc
2024-03-23 19:56:38,464 [INFO] IPUIPlugin:80 - create IPUIPlugin
2024-03-23 19:56:38,464 [INFO] PluginManager:220 - loadIPPluginJar : add mdma
2024-03-23 19:56:38,477 [INFO] IPUIPlugin:80 - create IPUIPlugin
2024-03-23 19:56:38,478 [INFO] PluginManager:220 - loadIPPluginJar : add nvic
2024-03-23 19:56:38,515 [INFO] IPUIPlugin:80 - create IPUIPlugin
2024-03-23 19:56:38,515 [INFO] PluginManager:220 - loadIPPluginJar : add opamp
2024-03-23 19:56:38,575 [INFO] IPUIPlugin:80 - create IPUIPlugin
2024-03-23 19:56:38,576 [INFO] PluginManager:220 - loadIPPluginJar : add openamp
2024-03-23 19:56:38,618 [INFO] IPUIPlugin:80 - create IPUIPlugin
2024-03-23 19:56:38,618 [INFO] PluginManager:220 - loadIPPluginJar : add pdm2pcm
2024-03-23 19:56:38,633 [INFO] IPUIPlugin:80 - create IPUIPlugin
2024-03-23 19:56:38,635 [INFO] PluginManager:220 - loadIPPluginJar : add plateformsettings
2024-03-23 19:56:38,659 [INFO] IPUIPlugin:80 - create IPUIPlugin
2024-03-23 19:56:38,659 [INFO] PluginManager:220 - loadIPPluginJar : add quadspi
2024-03-23 19:56:38,672 [INFO] IPUIPlugin:80 - create IPUIPlugin
2024-03-23 19:56:38,672 [INFO] PluginManager:220 - loadIPPluginJar : add resmgrutility
2024-03-23 19:56:38,718 [INFO] IPUIPlugin:80 - create IPUIPlugin
2024-03-23 19:56:38,718 [INFO] PluginManager:220 - loadIPPluginJar : add sai
2024-03-23 19:56:38,754 [INFO] IPUIPlugin:80 - create IPUIPlugin
2024-03-23 19:56:38,755 [INFO] PluginManager:220 - loadIPPluginJar : add spi
2024-03-23 19:56:38,812 [INFO] IPUIPlugin:80 - create IPUIPlugin
2024-03-23 19:56:38,812 [INFO] PluginManager:220 - loadIPPluginJar : add stm32_wpan
2024-03-23 19:56:38,836 [INFO] IPUIPlugin:80 - create IPUIPlugin
2024-03-23 19:56:38,836 [INFO] PluginManager:220 - loadIPPluginJar : add tim
2024-03-23 19:56:38,891 [INFO] IPUIPlugin:80 - create IPUIPlugin
2024-03-23 19:56:38,891 [INFO] PluginManager:220 - loadIPPluginJar : add touchsensing
2024-03-23 19:56:38,913 [INFO] IPUIPlugin:80 - create IPUIPlugin
2024-03-23 19:56:38,913 [INFO] PluginManager:220 - loadIPPluginJar : add tracer_emb
2024-03-23 19:56:38,938 [INFO] IPUIPlugin:80 - create IPUIPlugin
2024-03-23 19:56:38,938 [INFO] PluginManager:220 - loadIPPluginJar : add ts
2024-03-23 19:56:38,962 [INFO] IPUIPlugin:80 - create IPUIPlugin
2024-03-23 19:56:38,962 [INFO] PluginManager:220 - loadIPPluginJar : add tsc
2024-03-23 19:56:38,986 [INFO] IPUIPlugin:80 - create IPUIPlugin
2024-03-23 19:56:38,986 [INFO] PluginManager:220 - loadIPPluginJar : add ucpd
2024-03-23 19:56:39,028 [INFO] IPUIPlugin:80 - create IPUIPlugin
2024-03-23 19:56:39,028 [INFO] PluginManager:220 - loadIPPluginJar : add usart
2024-03-23 19:56:39,070 [INFO] IPUIPlugin:80 - create IPUIPlugin
2024-03-23 19:56:39,070 [INFO] PluginManager:220 - loadIPPluginJar : add usbx
2024-03-23 19:56:39,176 [INFO] ThirdPartyUpdaterWithRetryManager:70 - Updater plugin not ready yet. [2/15]
2024-03-23 19:56:39,196 [INFO] CADModel:165 - CPN selected for project level
2024-03-23 19:56:39,196 [INFO] CADModel:114 - Register for checkConnection events
2024-03-23 19:56:39,196 [FATAL] Updater:308 - Updater called before beeing initialized
2024-03-23 19:56:39,196 [ERROR] CADModel:125 - Updater not yet initialized, retry later 
2024-03-23 19:56:39,358 [INFO] CADModel:165 - CPN selected for project level
2024-03-23 19:56:39,359 [INFO] CADModel:114 - Register for checkConnection events
2024-03-23 19:56:39,359 [FATAL] Updater:308 - Updater called before beeing initialized
2024-03-23 19:56:39,359 [ERROR] CADModel:125 - Updater not yet initialized, retry later 
2024-03-23 19:56:39,364 [FATAL] Updater:308 - Updater called before beeing initialized
2024-03-23 19:56:39,498 [FATAL] Updater:308 - Updater called before beeing initialized
2024-03-23 19:56:39,509 [INFO] DbMcusAds:53 - JSON generation date=Wed Nov 29 11:52:27 CET 2023 (1701255147349)
2024-03-23 19:56:39,509 [FATAL] Updater:308 - Updater called before beeing initialized
2024-03-23 19:56:39,594 [WARN] DetailPanel:346 - Failed to get advertising image, set to default
2024-03-23 19:56:39,691 [FATAL] Updater:308 - Updater called before beeing initialized
2024-03-23 19:56:39,693 [FATAL] Updater:308 - Updater called before beeing initialized
2024-03-23 19:56:39,693 [FATAL] Updater:308 - Updater called before beeing initialized
2024-03-23 19:56:39,693 [WARN] DetailPanel:346 - Failed to get advertising image, set to default
2024-03-23 19:56:39,694 [FATAL] Updater:308 - Updater called before beeing initialized
2024-03-23 19:56:39,752 [ERROR] Updater:1120 - MainUpdater not yet initialized. External WinMGr cannot be set.
2024-03-23 19:56:39,762 [INFO] Updater:1056 - Updater Version found : 6.9.2
2024-03-23 19:56:39,783 [INFO] ApplicationProperties:184 - Using Application install path: C:\ST\STM32CubeIDE_1.11.2\STM32CubeIDE\plugins\com.st.stm32cube.common.mx_6.9.2.202309101412
2024-03-23 19:56:40,105 [INFO] MainUpdater:2868 - connection check result : 10
2024-03-23 19:56:40,106 [INFO] MainUpdater:285 - Updater Check For Update Now.
2024-03-23 19:56:40,106 [INFO] MicroXplorer:498 - Change Database Version : DB.6.0.92
2024-03-23 19:56:40,122 [INFO] McuFinderGlobals:63 - Set McuFinder mode to 2 (CubeIDE integrated)
2024-03-23 19:56:40,122 [INFO] UserAuth:179 - activating auth plugin
2024-03-23 19:56:40,125 [INFO] UserAuth:393 - Internet connection configuration mode: 1
2024-03-23 19:56:40,157 [INFO] JxBrowserEngine:151 - Initiate JxBrowser Engine with user profile folder
2024-03-23 19:56:40,311 [INFO] CheckServerUpdateThread:120 - End of CheckServer Thread
2024-03-23 19:56:42,610 [WARN] PackLoader:240 - Cannot read IP mode file for STMicroelectronics.X-CUBE-SMBUS.2.1.0
2024-03-23 19:56:42,636 [WARN] PackLoader:240 - Cannot read IP mode file for STMicroelectronics.X-CUBE-TOUCHGFX.4.23.0
2024-03-23 19:56:42,701 [WARN] PackLoader:240 - Cannot read IP mode file for STMicroelectronics.X-CUBE-AZRTOS-F7.1.1.0
2024-03-23 19:56:42,728 [WARN] PackLoader:240 - Cannot read IP mode file for STMicroelectronics.FP-SNS-MOTENV1.4.3.2
2024-03-23 19:56:42,750 [WARN] PackLoader:240 - Cannot read IP mode file for STMicroelectronics.X-CUBE-BLE1.6.2.4
2024-03-23 19:56:42,768 [WARN] PackLoader:240 - Cannot read IP mode file for STMicroelectronics.FP-SNS-FLIGHT1.5.0.2
2024-03-23 19:56:42,792 [WARN] PackLoader:240 - Cannot read IP mode file for STMicroelectronics.X-CUBE-DISPLAY.3.0.0
2024-03-23 19:56:42,812 [WARN] PackLoader:240 - Cannot read IP mode file for STMicroelectronics.X-CUBE-BLE1.7.0.0
2024-03-23 19:56:42,826 [WARN] PackLoader:240 - Cannot read IP mode file for STMicroelectronics.X-CUBE-TOUCHGFX.4.22.0
2024-03-23 19:56:42,833 [INFO] WebApp:157 - Instantiating new browser for Auth
2024-03-23 19:56:42,837 [WARN] PackLoader:240 - Cannot read IP mode file for STMicroelectronics.X-CUBE-TOUCHGFX.4.22.1
2024-03-23 19:56:42,862 [WARN] PackLoader:240 - Cannot read IP mode file for STMicroelectronics.X-CUBE-BLEMGR.3.1.0
2024-03-23 19:56:42,893 [WARN] PackLoader:240 - Cannot read IP mode file for STMicroelectronics.FP-SNS-SMARTAG2.1.2.0
2024-03-23 19:56:42,932 [INFO] LogOutputStream:77 - [STDOUT_REDIRECT] 1 : Invalid condition id : UX_CORESTACK_Condition cause : null
2024-03-23 19:56:42,933 [INFO] LogOutputStream:77 - [STDOUT_REDIRECT] 1 : Invalid condition id : UX_CORESTACK_Condition cause : null
2024-03-23 19:56:42,936 [INFO] LogOutputStream:77 - [STDOUT_REDIRECT] 1 : Invalid condition id : UX_CORESTACK_Condition cause : null
2024-03-23 19:56:42,938 [INFO] LogOutputStream:77 - [STDOUT_REDIRECT] 1 : Invalid condition id : UX_CORESTACK_Condition cause : null
2024-03-23 19:56:42,939 [INFO] LogOutputStream:77 - [STDOUT_REDIRECT] 1 : Invalid condition id : UX_CORESTACK_Condition cause : null
2024-03-23 19:56:42,944 [WARN] PackLoader:240 - Cannot read IP mode file for STMicroelectronics.X-CUBE-AZRTOS-WL.2.0.0
2024-03-23 19:56:42,963 [WARN] PackLoader:240 - Cannot read IP mode file for WES.I-CUBE-Cesium.1.3.0
2024-03-23 19:56:42,982 [WARN] PackLoader:240 - Cannot read IP mode file for STMicroelectronics.X-CUBE-BLE2.3.3.0
2024-03-23 19:56:43,010 [WARN] PackLoader:240 - Cannot read IP mode file for STMicroelectronics.X-CUBE-TOF1.3.2.0
2024-03-23 19:56:43,042 [WARN] PackLoader:240 - Cannot read IP mode file for STMicroelectronics.X-CUBE-TOUCHGFX.4.21.1
2024-03-23 19:56:43,064 [WARN] PackLoader:240 - Cannot read IP mode file for STMicroelectronics.X-CUBE-AI.7.3.0
2024-03-23 19:56:43,094 [WARN] PackLoader:240 - Cannot read IP mode file for STMicroelectronics.X-CUBE-ALGOBUILD.1.3.0
2024-03-23 19:56:43,141 [WARN] PackLoader:240 - Cannot read IP mode file for STMicroelectronics.X-CUBE-AZRTOS-G0.1.1.0
2024-03-23 19:56:43,172 [WARN] PackLoader:240 - Cannot read IP mode file for STMicroelectronics.X-CUBE-NFC4.3.0.0
2024-03-23 19:56:43,198 [WARN] PackLoader:240 - Cannot read IP mode file for STMicroelectronics.X-CUBE-BLEMGR.3.0.0
2024-03-23 19:56:43,221 [WARN] PackLoader:240 - Cannot read IP mode file for STMicroelectronics.X-CUBE-BLEMGR.1.3.0
2024-03-23 19:56:43,243 [WARN] PackLoader:240 - Cannot read IP mode file for STMicroelectronics.FP-ATR-SIGFOX1.3.2.0
2024-03-23 19:56:43,264 [WARN] PackLoader:240 - Cannot read IP mode file for STMicroelectronics.X-CUBE-EEPRMA1.5.1.0
2024-03-23 19:56:43,333 [WARN] PackLoader:240 - Cannot read IP mode file for STMicroelectronics.X-CUBE-MEMS1.9.5.0
2024-03-23 19:56:43,588 [WARN] PackLoader:240 - Cannot read IP mode file for SEGGER.I-CUBE-embOS.1.3.1
2024-03-23 19:56:43,657 [WARN] PackLoader:240 - Cannot read IP mode file for STMicroelectronics.X-CUBE-GNSS1.6.0.0
2024-03-23 19:56:43,690 [WARN] PackLoader:240 - Cannot read IP mode file for STMicroelectronics.X-CUBE-AZRTOS-F4.1.1.0
2024-03-23 19:56:43,722 [WARN] PackLoader:240 - Cannot read IP mode file for STMicroelectronics.X-CUBE-AZRTOS-L5.2.0.0
2024-03-23 19:56:43,770 [WARN] PackLoader:240 - Cannot read IP mode file for STMicroelectronics.X-CUBE-MEMS1.9.6.0
2024-03-23 19:56:43,882 [INFO] WebApp:753 - Register for checkConnection events
2024-03-23 19:56:43,882 [INFO] WebApp:390 - Apply proxy settings
2024-03-23 19:56:43,882 [INFO] WebApp:475 - Chromium requires no authentication
2024-03-23 19:56:43,893 [WARN] PackLoader:240 - Cannot read IP mode file for STMicroelectronics.X-CUBE-EEPRMA1.4.2.0
2024-03-23 19:56:43,898 [INFO] WebApp:418 - Direct internet connection detected
2024-03-23 19:56:43,933 [WARN] PackLoader:240 - Cannot read IP mode file for STMicroelectronics.X-CUBE-NFC6.3.1.0
2024-03-23 19:56:43,954 [WARN] PackLoader:240 - Cannot read IP mode file for ITTIA_DB.I-CUBE-ITTIADB.8.8.0
2024-03-23 19:56:43,978 [WARN] PackLoader:240 - Cannot read IP mode file for emotas.I-CUBE-CANOPEN.1.1.3
2024-03-23 19:56:43,995 [WARN] PackLoader:240 - Cannot read IP mode file for STMicroelectronics.X-CUBE-BLEMGR.2.0.0
2024-03-23 19:56:44,029 [WARN] ConditionMgr:438 - getConditionDescription Invalid condition id : UX DEVICE CLASS RTOS Condition cause : null
2024-03-23 19:56:44,029 [WARN] ConditionMgr:438 - getConditionDescription Invalid condition id : UX DEVICE CLASS RTOS Condition cause : null
2024-03-23 19:56:44,033 [WARN] PackLoader:240 - Cannot read IP mode file for STMicroelectronics.X-CUBE-AZRTOS-H7.3.1.0
2024-03-23 19:56:44,036 [WARN] ConditionMgr:1039 - genDependencies : Invalid condition id : UX DEVICE CLASS RTOS Condition cause : null
2024-03-23 19:56:44,037 [WARN] ConditionMgr:1039 - genDependencies : Invalid condition id : UX DEVICE CLASS RTOS Condition cause : null
2024-03-23 19:56:44,038 [WARN] ConditionMgr:1039 - genDependencies : Invalid condition id : UX DEVICE CLASS RTOS Condition cause : null
2024-03-23 19:56:44,039 [WARN] ConditionMgr:1039 - genDependencies : Invalid condition id : UX DEVICE CLASS RTOS Condition cause : null
2024-03-23 19:56:44,039 [WARN] ConditionMgr:1039 - genDependencies : Invalid condition id : UX DEVICE CLASS RTOS Condition cause : null
2024-03-23 19:56:44,056 [WARN] PackLoader:240 - Cannot read IP mode file for wolfSSL.I-CUBE-wolfSSL.5.5.4
2024-03-23 19:56:44,072 [WARN] PackLoader:240 - Cannot read IP mode file for STMicroelectronics.X-CUBE-NFC7.1.0.1
2024-03-23 19:56:44,090 [WARN] PackLoader:240 - Cannot read IP mode file for STMicroelectronics.X-CUBE-NFC7.1.0.0
2024-03-23 19:56:44,110 [WARN] PackLoader:240 - Cannot read IP mode file for STMicroelectronics.X-CUBE-NFC6.3.0.0
2024-03-23 19:56:44,127 [WARN] PackLoader:240 - Cannot read IP mode file for STMicroelectronics.X-CUBE-EEPRMA1.4.1.0
2024-03-23 19:56:44,144 [WARN] PackLoader:240 - Cannot read IP mode file for STMicroelectronics.X-CUBE-AI.8.1.0
2024-03-23 19:56:44,182 [WARN] ConditionMgr:438 - getConditionDescription Invalid condition id : LAN8742 Phy interface Condition cause : null
2024-03-23 19:56:44,183 [WARN] PackLoader:240 - Cannot read IP mode file for STMicroelectronics.X-CUBE-AZRTOS-L4.2.0.0
2024-03-23 19:56:44,184 [WARN] ConditionMgr:1039 - genDependencies : Invalid condition id : LAN8742 Phy interface Condition cause : null
2024-03-23 19:56:44,185 [WARN] ConditionMgr:1039 - genDependencies : Invalid condition id : LAN8742 Phy interface Condition cause : null
2024-03-23 19:56:44,185 [WARN] ConditionMgr:1039 - genDependencies : Invalid condition id : LAN8742 Phy interface Condition cause : null
2024-03-23 19:56:44,205 [INFO] WebApp:188 - Starting web application
2024-03-23 19:56:44,206 [INFO] WebApp:520 - Web application path used C:\ST\STM32CubeIDE_1.11.2\STM32CubeIDE\plugins\com.st.stm32cube.common.mx_6.9.2.202309101412\db\plugins\mcufinder\reactClient1\index.html
2024-03-23 19:56:44,210 [WARN] PackLoader:240 - Cannot read IP mode file for STMicroelectronics.X-CUBE-SFXS2LP1.4.0.0
2024-03-23 19:56:44,252 [WARN] PackLoader:240 - Cannot read IP mode file for STMicroelectronics.X-CUBE-AZRTOS-H7.3.0.0
2024-03-23 19:56:44,277 [WARN] PackLoader:240 - Cannot read IP mode file for STMicroelectronics.X-CUBE-ISPU.1.1.0
2024-03-23 19:56:44,300 [WARN] PackLoader:240 - Cannot read IP mode file for RoweBots.I-CUBE-UNISONRTOS.5.5.0-4
2024-03-23 19:56:44,319 [WARN] PackLoader:240 - Cannot read IP mode file for STMicroelectronics.X-CUBE-AI.8.0.0
2024-03-23 19:56:44,345 [WARN] ConditionMgr:438 - getConditionDescription Invalid condition id : UX DEVICE CLASS RTOS Condition cause : null
2024-03-23 19:56:44,347 [WARN] ConditionMgr:438 - getConditionDescription Invalid condition id : UX DEVICE CLASS RTOS Condition cause : null
2024-03-23 19:56:44,348 [WARN] PackLoader:240 - Cannot read IP mode file for STMicroelectronics.X-CUBE-AZRTOS-WB.2.0.0
2024-03-23 19:56:44,349 [WARN] ConditionMgr:1039 - genDependencies : Invalid condition id : UX DEVICE CLASS RTOS Condition cause : null
2024-03-23 19:56:44,349 [WARN] ConditionMgr:1039 - genDependencies : Invalid condition id : UX DEVICE CLASS RTOS Condition cause : null
2024-03-23 19:56:44,350 [WARN] ConditionMgr:1039 - genDependencies : Invalid condition id : UX DEVICE CLASS RTOS Condition cause : null
2024-03-23 19:56:44,350 [WARN] ConditionMgr:1039 - genDependencies : Invalid condition id : UX DEVICE CLASS RTOS Condition cause : null
2024-03-23 19:56:44,350 [WARN] ConditionMgr:1039 - genDependencies : Invalid condition id : UX DEVICE CLASS RTOS Condition cause : null
2024-03-23 19:56:44,364 [WARN] PackLoader:240 - Cannot read IP mode file for STMicroelectronics.X-CUBE-FREERTOS.1.0.1
2024-03-23 19:56:44,394 [WARN] PackLoader:240 - Cannot read IP mode file for STMicroelectronics.X-CUBE-AZRTOS-L5.1.1.0
2024-03-23 19:56:44,423 [WARN] PackLoader:240 - Cannot read IP mode file for STMicroelectronics.X-CUBE-SUBG2.5.0.0
2024-03-23 19:56:44,453 [WARN] PackLoader:240 - Cannot read IP mode file for STMicroelectronics.X-CUBE-TOF1.3.3.1
2024-03-23 19:56:44,492 [WARN] PackLoader:240 - Cannot read IP mode file for STMicroelectronics.X-CUBE-AZRTOS-G4.2.0.0
2024-03-23 19:56:44,506 [WARN] PackLoader:240 - Cannot read IP mode file for STMicroelectronics.FP-ATR-ASTRA1.1.1.1
2024-03-23 19:56:44,533 [WARN] PackLoader:240 - Cannot read IP mode file for Infineon.AIROC-Wi-Fi-Bluetooth-STM32.1.5.1
2024-03-23 19:56:44,554 [WARN] PackLoader:240 - Cannot read IP mode file for STMicroelectronics.FP-SNS-MOTENVWB1.1.3.0
2024-03-23 19:56:44,572 [WARN] PackLoader:240 - Cannot read IP mode file for STMicroelectronics.FP-SNS-MOTENVWB1.1.3.1
2024-03-23 19:56:44,604 [WARN] PackLoader:240 - Cannot read IP mode file for STMicroelectronics.X-CUBE-AZRTOS-G4.1.0.0
2024-03-23 19:56:44,634 [WARN] PackLoader:240 - Cannot read IP mode file for STMicroelectronics.X-CUBE-AZRTOS-L4.1.0.0
2024-03-23 19:56:44,654 [WARN] PackLoader:240 - Cannot read IP mode file for STMicroelectronics.X-CUBE-ISPU.2.0.0
2024-03-23 19:56:44,704 [WARN] PackLoader:240 - Cannot read IP mode file for STMicroelectronics.X-CUBE-MEMS1.10.0.0
2024-03-23 19:56:44,836 [WARN] PackLoader:240 - Cannot read IP mode file for STMicroelectronics.X-CUBE-FREERTOS.1.1.0
2024-03-23 19:56:44,859 [WARN] PackLoader:240 - Cannot read IP mode file for STMicroelectronics.X-CUBE-AZRTOS-WL.1.0.0
2024-03-23 19:56:44,876 [WARN] PackLoader:240 - Cannot read IP mode file for portGmbH.I-Cube-SoM-uGOAL.1.1.0
2024-03-23 19:56:44,890 [WARN] PackLoader:240 - Cannot read IP mode file for STMicroelectronics.X-CUBE-ALS.1.0.1
2024-03-23 19:56:44,913 [WARN] PackLoader:240 - Cannot read IP mode file for STMicroelectronics.X-CUBE-AZRTOS-WB.1.1.0
2024-03-23 19:56:44,928 [WARN] PackLoader:240 - Cannot read IP mode file for STMicroelectronics.FP-ATR-ASTRA1.2.0.0
2024-03-23 19:56:44,946 [WARN] PackLoader:240 - Cannot read IP mode file for STMicroelectronics.X-CUBE-TOF1.3.4.0
2024-03-23 19:56:44,972 [WARN] PackLoader:240 - Cannot read IP mode file for STMicroelectronics.X-CUBE-TOF1.3.4.1
2024-03-23 19:56:45,007 [WARN] PackLoader:240 - Cannot read IP mode file for STMicroelectronics.X-CUBE-AZRTOS-H7.3.2.0
2024-03-23 19:56:45,010 [INFO] ThirdParty:978 - Integrity check success = true
2024-03-23 19:56:45,010 [INFO] IntegrityCheckThread:100 - exiting critical section [integrity check]
2024-03-23 19:56:45,010 [INFO] IntegrityCheckThread:103 - End integrity checks thread
2024-03-23 19:57:05,192 [ERROR] LogOutputStream:75 - [STDERR_REDIRECT] SLF4J: Failed to load class "org.slf4j.impl.StaticLoggerBinder".
2024-03-23 19:57:05,193 [ERROR] LogOutputStream:75 - [STDERR_REDIRECT] SLF4J: Defaulting to no-operation (NOP) logger implementation
2024-03-23 19:57:05,194 [ERROR] LogOutputStream:75 - [STDERR_REDIRECT] SLF4J: See http://www.slf4j.org/codes.html#StaticLoggerBinder for further details.
2024-03-23 23:02:36,667 [ERROR] LogOutputStream:75 - [STDERR_REDIRECT] 
