2024-01-02 20:53:28,798 [INFO] Activator:176 - 


2024-01-02 20:53:28,806 [INFO] Activator:177 - !SESSION log4j initialized
2024-01-02 20:53:35,506 [INFO] LogOutputStream:77 - [STDOUT_REDIRECT] 
2024-01-02 20:53:36,803 [INFO] ApplicationProperties:184 - Using Application install path: C:\ST\STM32CubeIDE_1.11.2\STM32CubeIDE\plugins\com.st.stm32cube.common.mx_6.9.2.202309101412
2024-01-02 20:53:36,823 [INFO] DbMcusXml:78 - Set database path to: C:\ST\STM32CubeIDE_1.11.2\STM32CubeIDE\plugins\com.st.stm32cube.common.mx_6.9.2.202309101412\\db\/mcu/
2024-01-02 20:53:36,824 [INFO] ApiDb:274 - Set plugin database path to: C:\ST\STM32CubeIDE_1.11.2\STM32CubeIDE\plugins\com.st.stm32cube.common.mx_6.9.2.202309101412\\db\/plugins/boardmanager/
2024-01-02 20:53:36,824 [WARN] ApiDb:259 - Overriding images path with different value:  => C:\ST\STM32CubeIDE_1.11.2\STM32CubeIDE\plugins\com.st.stm32cube.common.mx_6.9.2.202309101412\\db\/plugins/mcufinder/images/
2024-01-02 20:53:36,846 [INFO] ApiDb:250 - Set database path to: C:\Users\erkan\.stmcufinder\plugins\mcufinder//mcu/
2024-01-02 20:53:36,847 [INFO] DbMcusAds:125 - Set database path to: C:\Users\erkan\.stmcufinder\plugins\mcufinder//mcu/
2024-01-02 20:53:36,849 [INFO] CrossReferenceDbSqlite:203 - Set database path to: C:\Users\erkan\.stmcufinder\plugins\mcufinder//mcu/cs/
2024-01-02 20:53:36,966 [INFO] RulesReader:64 - Compatibility file has been processed (293 Rules)
2024-01-02 20:53:37,067 [INFO] DbMcusXml:78 - Set database path to: C:\ST\STM32CubeIDE_1.11.2\STM32CubeIDE\plugins\com.st.stm32cube.common.mx_6.9.2.202309101412\\db\/mcu/
2024-01-02 20:53:37,067 [INFO] ApiDb:274 - Set plugin database path to: C:\ST\STM32CubeIDE_1.11.2\STM32CubeIDE\plugins\com.st.stm32cube.common.mx_6.9.2.202309101412\\db\/plugins/boardmanager/
2024-01-02 20:53:37,067 [INFO] ApiDb:261 - Set plugin images path to: C:\ST\STM32CubeIDE_1.11.2\STM32CubeIDE\plugins\com.st.stm32cube.common.mx_6.9.2.202309101412\\db\/plugins/mcufinder/images/
2024-01-02 20:53:37,067 [WARN] DbFile:41 - Overriding database path with different value: C:\Users\erkan\.stmcufinder\plugins\mcufinder/ => C:\Users\erkan\.stmcufinder\plugins\mcufinder
2024-01-02 20:53:37,067 [INFO] ApiDb:250 - Set database path to: C:\Users\erkan\.stmcufinder\plugins\mcufinder//mcu/
2024-01-02 20:53:37,067 [WARN] DbFile:41 - Overriding database path with different value: C:\Users\erkan\.stmcufinder\plugins\mcufinder/ => C:\Users\erkan\.stmcufinder\plugins\mcufinder
2024-01-02 20:53:37,068 [INFO] DbMcusAds:125 - Set database path to: C:\Users\erkan\.stmcufinder\plugins\mcufinder//mcu/
2024-01-02 20:53:37,068 [WARN] DbFile:41 - Overriding database path with different value: C:\Users\erkan\.stmcufinder\plugins\mcufinder/ => C:\Users\erkan\.stmcufinder\plugins\mcufinder
2024-01-02 20:53:37,068 [WARN] DbFile:41 - Overriding database path with different value: C:\Users\erkan\.stmcufinder\plugins\mcufinder/ => C:\Users\erkan\.stmcufinder\plugins\mcufinder
2024-01-02 20:53:37,068 [INFO] CrossReferenceDbSqlite:203 - Set database path to: C:\Users\erkan\.stmcufinder\plugins\mcufinder//mcu/cs/
2024-01-02 20:53:37,156 [INFO] MainPanel:262 - HeapMemory: 268435456
2024-01-02 20:53:37,247 [INFO] DbMcusXml:78 - Set database path to: C:\ST\STM32CubeIDE_1.11.2\STM32CubeIDE\plugins\com.st.stm32cube.common.mx_6.9.2.202309101412\\db\/mcu/
2024-01-02 20:53:37,248 [INFO] ApiDb:274 - Set plugin database path to: C:\ST\STM32CubeIDE_1.11.2\STM32CubeIDE\plugins\com.st.stm32cube.common.mx_6.9.2.202309101412\\db\/plugins/boardmanager/
2024-01-02 20:53:37,248 [INFO] ApiDb:261 - Set plugin images path to: C:\ST\STM32CubeIDE_1.11.2\STM32CubeIDE\plugins\com.st.stm32cube.common.mx_6.9.2.202309101412\\db\/plugins/mcufinder/images/
2024-01-02 20:53:37,248 [WARN] DbFile:41 - Overriding database path with different value: C:\Users\erkan\.stmcufinder\plugins\mcufinder/ => C:\Users\erkan\.stmcufinder\plugins\mcufinder
2024-01-02 20:53:37,248 [INFO] ApiDb:250 - Set database path to: C:\Users\erkan\.stmcufinder\plugins\mcufinder//mcu/
2024-01-02 20:53:37,248 [WARN] DbFile:41 - Overriding database path with different value: C:\Users\erkan\.stmcufinder\plugins\mcufinder/ => C:\Users\erkan\.stmcufinder\plugins\mcufinder
2024-01-02 20:53:37,249 [INFO] DbMcusAds:125 - Set database path to: C:\Users\erkan\.stmcufinder\plugins\mcufinder//mcu/
2024-01-02 20:53:37,249 [WARN] DbFile:41 - Overriding database path with different value: C:\Users\erkan\.stmcufinder\plugins\mcufinder/ => C:\Users\erkan\.stmcufinder\plugins\mcufinder
2024-01-02 20:53:37,249 [WARN] DbFile:41 - Overriding database path with different value: C:\Users\erkan\.stmcufinder\plugins\mcufinder/ => C:\Users\erkan\.stmcufinder\plugins\mcufinder
2024-01-02 20:53:37,249 [INFO] CrossReferenceDbSqlite:203 - Set database path to: C:\Users\erkan\.stmcufinder\plugins\mcufinder//mcu/cs/
2024-01-02 20:53:37,269 [INFO] ApplicationProperties:184 - Using Application install path: C:\ST\STM32CubeIDE_1.11.2\STM32CubeIDE\plugins\com.st.stm32cube.common.mx_6.9.2.202309101412
2024-01-02 20:53:37,272 [INFO] PluginManage:196 - Search for loadable plugins [exclusion list=, ]
2024-01-02 20:53:37,274 [INFO] PluginManage:310 - Check plugin analytics
2024-01-02 20:53:37,489 [INFO] AnalyticsPlugin:253 - Accepted Software Licenses: STM32CubeMX.6.9.2
2024-01-02 20:53:37,490 [INFO] AnalyticsPlugin:255 - Accepted CMSIS Pack Licenses: 
2024-01-02 20:53:37,490 [INFO] AnalyticsPlugin:257 - Accepted Firmware Licenses: 
2024-01-02 20:53:37,494 [INFO] PluginManage:359 - Loaded plugin analytics (category:tool,tabindex:-1)
2024-01-02 20:53:37,494 [INFO] PluginManage:310 - Check plugin cadmodel
2024-01-02 20:53:37,510 [INFO] CADModel:105 - Init CAD model plugin
2024-01-02 20:53:37,511 [INFO] PluginManage:359 - Loaded plugin cadmodel (category:power,tabindex:5)
2024-01-02 20:53:37,511 [INFO] PluginManage:310 - Check plugin clock
2024-01-02 20:53:37,533 [INFO] PluginManage:359 - Loaded plugin clock (category:base,tabindex:2)
2024-01-02 20:53:37,533 [INFO] PluginManage:310 - Check plugin ddr
2024-01-02 20:53:37,535 [INFO] PluginManage:359 - Loaded plugin ddr (category:tool,tabindex:6)
2024-01-02 20:53:37,535 [INFO] PluginManage:310 - Check plugin filemanager
2024-01-02 20:53:37,678 [INFO] PluginManage:359 - Loaded plugin filemanager (category:base,tabindex:10)
2024-01-02 20:53:37,679 [INFO] PluginManage:310 - Check plugin ipmanager
2024-01-02 20:53:37,687 [INFO] PluginManage:359 - Loaded plugin ipmanager (category:base,tabindex:5)
2024-01-02 20:53:37,688 [INFO] PluginManage:310 - Check plugin lpbam
2024-01-02 20:53:37,713 [INFO] PluginManage:359 - Loaded plugin lpbam (category:base,tabindex:0)
2024-01-02 20:53:37,713 [INFO] PluginManage:310 - Check plugin memorymap
2024-01-02 20:53:37,740 [INFO] PluginManage:359 - Loaded plugin memorymap (category:base,tabindex:4)
2024-01-02 20:53:37,740 [INFO] PluginManage:310 - Check plugin pinoutandconfiguration
2024-01-02 20:53:37,759 [INFO] PluginManage:359 - Loaded plugin pinoutandconfiguration (category:base,tabindex:1)
2024-01-02 20:53:37,759 [INFO] PluginManage:310 - Check plugin pinoutconfig
2024-01-02 20:53:37,892 [WARN] SupportedApi:132 - Cannot load RTOS API schema: s4s-elt-must-match.1: The content of 'definitions' must match (annotation?, (simpleType | complexType)?, (unique | key | keyref)*)). A problem was found starting at: attribute.
2024-01-02 20:53:38,068 [INFO] PluginManage:359 - Loaded plugin pinoutconfig (category:base,tabindex:0)
2024-01-02 20:53:38,069 [INFO] PluginManage:310 - Check plugin power
2024-01-02 20:53:38,090 [INFO] PluginManage:359 - Loaded plugin power (category:power,tabindex:4)
2024-01-02 20:53:38,090 [INFO] PluginManage:310 - Check plugin projectmanager
2024-01-02 20:53:38,105 [INFO] PluginManage:359 - Loaded plugin projectmanager (category:projectmanager,tabindex:3)
2024-01-02 20:53:38,105 [INFO] PluginManage:310 - Check plugin thirdparty
2024-01-02 20:53:38,403 [INFO] PluginManage:359 - Loaded plugin thirdparty (category:base,tabindex:-1)
2024-01-02 20:53:38,404 [INFO] PluginManage:310 - Check plugin tools
2024-01-02 20:53:38,403 [WARN] IntegrityCheckThread:84 - waiting for thirdparty lock release [integrity check]
2024-01-02 20:53:38,404 [INFO] IntegrityCheckThread:86 - entering critical section [integrity check]
2024-01-02 20:53:38,404 [INFO] ThirdPartyUpdaterWithRetryManager:70 - Updater plugin not ready yet. [1/15]
2024-01-02 20:53:38,444 [INFO] PluginManage:359 - Loaded plugin tools (category:base,tabindex:7)
2024-01-02 20:53:38,445 [INFO] PluginManage:310 - Check plugin tutovideos
2024-01-02 20:53:38,665 [INFO] PluginManage:359 - Loaded plugin tutovideos (category:base,tabindex:-1)
2024-01-02 20:53:38,665 [INFO] PluginManage:310 - Check plugin updater
2024-01-02 20:53:38,678 [INFO] PluginManage:359 - Loaded plugin updater (category:base,tabindex:12)
2024-01-02 20:53:38,678 [INFO] PluginManage:310 - Check plugin userauth
2024-01-02 20:53:38,684 [INFO] UserAuth:113 - Init User Auth plugin
2024-01-02 20:53:38,684 [INFO] PluginManage:359 - Loaded plugin userauth (category:base,tabindex:14)
2024-01-02 20:53:38,685 [INFO] PluginManage:283 - PluginManage : Loaded plugins [17]
2024-01-02 20:53:39,003 [INFO] PinOutPanel:1499 - setPackage(No Configuration,No Configuration)
2024-01-02 20:53:39,268 [INFO] CADModel:165 - CPN selected for project level
2024-01-02 20:53:39,268 [INFO] CADModel:114 - Register for checkConnection events
2024-01-02 20:53:39,315 [INFO] IPUIPlugin:80 - create IPUIPlugin
2024-01-02 20:53:39,315 [INFO] PluginManager:220 - loadIPPluginJar : add adc
2024-01-02 20:53:39,349 [INFO] IPUIPlugin:80 - create IPUIPlugin
2024-01-02 20:53:39,349 [INFO] PluginManager:220 - loadIPPluginJar : add aes
2024-01-02 20:53:39,399 [INFO] IPUIPlugin:80 - create IPUIPlugin
2024-01-02 20:53:39,400 [INFO] PluginManager:220 - loadIPPluginJar : add can
2024-01-02 20:53:39,428 [INFO] IPUIPlugin:80 - create IPUIPlugin
2024-01-02 20:53:39,430 [INFO] PluginManager:220 - loadIPPluginJar : add comp
2024-01-02 20:53:39,468 [INFO] IPUIPlugin:80 - create IPUIPlugin
2024-01-02 20:53:39,469 [INFO] PluginManager:220 - loadIPPluginJar : add cryp
2024-01-02 20:53:39,502 [INFO] IPUIPlugin:80 - create IPUIPlugin
2024-01-02 20:53:39,503 [INFO] PluginManager:220 - loadIPPluginJar : add dfsdm
2024-01-02 20:53:39,522 [INFO] IPUIPlugin:80 - create IPUIPlugin
2024-01-02 20:53:39,523 [INFO] PluginManager:220 - loadIPPluginJar : add dma
2024-01-02 20:53:39,591 [INFO] IPUIPlugin:80 - create IPUIPlugin
2024-01-02 20:53:39,592 [INFO] PluginManager:220 - loadIPPluginJar : add dma3
2024-01-02 20:53:39,621 [INFO] IPUIPlugin:80 - create IPUIPlugin
2024-01-02 20:53:39,621 [INFO] PluginManager:220 - loadIPPluginJar : add fatfs
2024-01-02 20:53:39,679 [INFO] IPUIPlugin:80 - create IPUIPlugin
2024-01-02 20:53:39,680 [INFO] PluginManager:220 - loadIPPluginJar : add fmc
2024-01-02 20:53:39,694 [INFO] IPUIPlugin:80 - create IPUIPlugin
2024-01-02 20:53:39,695 [INFO] PluginManager:220 - loadIPPluginJar : add freertos
2024-01-02 20:53:39,713 [INFO] IPUIPlugin:80 - create IPUIPlugin
2024-01-02 20:53:39,713 [INFO] PluginManager:220 - loadIPPluginJar : add genericplugin
2024-01-02 20:53:39,799 [INFO] IPUIPlugin:80 - create IPUIPlugin
2024-01-02 20:53:39,800 [INFO] PluginManager:220 - loadIPPluginJar : add gfxmmu
2024-01-02 20:53:39,920 [INFO] IPUIPlugin:80 - create IPUIPlugin
2024-01-02 20:53:39,920 [INFO] PluginManager:220 - loadIPPluginJar : add gic
2024-01-02 20:53:39,934 [INFO] IPUIPlugin:80 - create IPUIPlugin
2024-01-02 20:53:39,934 [INFO] PluginManager:220 - loadIPPluginJar : add gpio
2024-01-02 20:53:40,015 [INFO] IPUIPlugin:80 - create IPUIPlugin
2024-01-02 20:53:40,015 [INFO] PluginManager:220 - loadIPPluginJar : add gtzc
2024-01-02 20:53:40,044 [INFO] IPUIPlugin:80 - create IPUIPlugin
2024-01-02 20:53:40,045 [INFO] PluginManager:220 - loadIPPluginJar : add hash
2024-01-02 20:53:40,099 [INFO] IPUIPlugin:80 - create IPUIPlugin
2024-01-02 20:53:40,099 [INFO] PluginManager:220 - loadIPPluginJar : add i2c
2024-01-02 20:53:40,142 [INFO] IPUIPlugin:80 - create IPUIPlugin
2024-01-02 20:53:40,142 [INFO] PluginManager:220 - loadIPPluginJar : add i2s
2024-01-02 20:53:40,181 [INFO] IPUIPlugin:80 - create IPUIPlugin
2024-01-02 20:53:40,181 [INFO] PluginManager:220 - loadIPPluginJar : add i3c
2024-01-02 20:53:40,274 [INFO] IPUIPlugin:80 - create IPUIPlugin
2024-01-02 20:53:40,274 [INFO] PluginManager:220 - loadIPPluginJar : add ipddr
2024-01-02 20:53:40,357 [INFO] IPUIPlugin:80 - create IPUIPlugin
2024-01-02 20:53:40,357 [INFO] PluginManager:220 - loadIPPluginJar : add linkedlist
2024-01-02 20:53:40,389 [INFO] IPUIPlugin:80 - create IPUIPlugin
2024-01-02 20:53:40,389 [INFO] PluginManager:220 - loadIPPluginJar : add lorawan
2024-01-02 20:53:40,424 [INFO] IPUIPlugin:80 - create IPUIPlugin
2024-01-02 20:53:40,424 [INFO] PluginManager:220 - loadIPPluginJar : add ltdc
2024-01-02 20:53:40,439 [INFO] IPUIPlugin:80 - create IPUIPlugin
2024-01-02 20:53:40,440 [INFO] PluginManager:220 - loadIPPluginJar : add mdma
2024-01-02 20:53:40,452 [INFO] IPUIPlugin:80 - create IPUIPlugin
2024-01-02 20:53:40,452 [INFO] PluginManager:220 - loadIPPluginJar : add nvic
2024-01-02 20:53:40,485 [INFO] IPUIPlugin:80 - create IPUIPlugin
2024-01-02 20:53:40,485 [INFO] PluginManager:220 - loadIPPluginJar : add opamp
2024-01-02 20:53:40,540 [INFO] IPUIPlugin:80 - create IPUIPlugin
2024-01-02 20:53:40,540 [INFO] PluginManager:220 - loadIPPluginJar : add openamp
2024-01-02 20:53:40,581 [INFO] IPUIPlugin:80 - create IPUIPlugin
2024-01-02 20:53:40,581 [INFO] PluginManager:220 - loadIPPluginJar : add pdm2pcm
2024-01-02 20:53:40,596 [INFO] IPUIPlugin:80 - create IPUIPlugin
2024-01-02 20:53:40,598 [INFO] PluginManager:220 - loadIPPluginJar : add plateformsettings
2024-01-02 20:53:40,618 [INFO] IPUIPlugin:80 - create IPUIPlugin
2024-01-02 20:53:40,618 [INFO] PluginManager:220 - loadIPPluginJar : add quadspi
2024-01-02 20:53:40,632 [INFO] IPUIPlugin:80 - create IPUIPlugin
2024-01-02 20:53:40,632 [INFO] PluginManager:220 - loadIPPluginJar : add resmgrutility
2024-01-02 20:53:40,678 [INFO] IPUIPlugin:80 - create IPUIPlugin
2024-01-02 20:53:40,678 [INFO] PluginManager:220 - loadIPPluginJar : add sai
2024-01-02 20:53:40,717 [INFO] IPUIPlugin:80 - create IPUIPlugin
2024-01-02 20:53:40,717 [INFO] PluginManager:220 - loadIPPluginJar : add spi
2024-01-02 20:53:40,785 [INFO] IPUIPlugin:80 - create IPUIPlugin
2024-01-02 20:53:40,785 [INFO] PluginManager:220 - loadIPPluginJar : add stm32_wpan
2024-01-02 20:53:40,810 [INFO] IPUIPlugin:80 - create IPUIPlugin
2024-01-02 20:53:40,810 [INFO] PluginManager:220 - loadIPPluginJar : add tim
2024-01-02 20:53:40,867 [INFO] IPUIPlugin:80 - create IPUIPlugin
2024-01-02 20:53:40,867 [INFO] PluginManager:220 - loadIPPluginJar : add touchsensing
2024-01-02 20:53:40,889 [INFO] IPUIPlugin:80 - create IPUIPlugin
2024-01-02 20:53:40,890 [INFO] PluginManager:220 - loadIPPluginJar : add tracer_emb
2024-01-02 20:53:40,913 [INFO] IPUIPlugin:80 - create IPUIPlugin
2024-01-02 20:53:40,913 [INFO] PluginManager:220 - loadIPPluginJar : add ts
2024-01-02 20:53:40,934 [INFO] IPUIPlugin:80 - create IPUIPlugin
2024-01-02 20:53:40,934 [INFO] PluginManager:220 - loadIPPluginJar : add tsc
2024-01-02 20:53:40,956 [INFO] IPUIPlugin:80 - create IPUIPlugin
2024-01-02 20:53:40,956 [INFO] PluginManager:220 - loadIPPluginJar : add ucpd
2024-01-02 20:53:40,997 [INFO] IPUIPlugin:80 - create IPUIPlugin
2024-01-02 20:53:40,997 [INFO] PluginManager:220 - loadIPPluginJar : add usart
2024-01-02 20:53:41,037 [INFO] IPUIPlugin:80 - create IPUIPlugin
2024-01-02 20:53:41,037 [INFO] PluginManager:220 - loadIPPluginJar : add usbx
2024-01-02 20:53:41,167 [INFO] CADModel:165 - CPN selected for project level
2024-01-02 20:53:41,167 [INFO] CADModel:114 - Register for checkConnection events
2024-01-02 20:53:41,167 [FATAL] Updater:308 - Updater called before beeing initialized
2024-01-02 20:53:41,167 [ERROR] CADModel:125 - Updater not yet initialized, retry later 
2024-01-02 20:53:41,333 [INFO] CADModel:165 - CPN selected for project level
2024-01-02 20:53:41,334 [INFO] CADModel:114 - Register for checkConnection events
2024-01-02 20:53:41,334 [FATAL] Updater:308 - Updater called before beeing initialized
2024-01-02 20:53:41,335 [ERROR] CADModel:125 - Updater not yet initialized, retry later 
2024-01-02 20:53:41,339 [FATAL] Updater:308 - Updater called before beeing initialized
2024-01-02 20:53:41,405 [INFO] ThirdPartyUpdaterWithRetryManager:70 - Updater plugin not ready yet. [2/15]
2024-01-02 20:53:41,453 [FATAL] Updater:308 - Updater called before beeing initialized
2024-01-02 20:53:41,465 [INFO] DbMcusAds:53 - JSON generation date=Wed Nov 29 11:52:27 CET 2023 (1701255147349)
2024-01-02 20:53:41,465 [FATAL] Updater:308 - Updater called before beeing initialized
2024-01-02 20:53:41,544 [WARN] DetailPanel:346 - Failed to get advertising image, set to default
2024-01-02 20:53:41,655 [FATAL] Updater:308 - Updater called before beeing initialized
2024-01-02 20:53:41,657 [FATAL] Updater:308 - Updater called before beeing initialized
2024-01-02 20:53:41,658 [FATAL] Updater:308 - Updater called before beeing initialized
2024-01-02 20:53:41,658 [WARN] DetailPanel:346 - Failed to get advertising image, set to default
2024-01-02 20:53:41,658 [FATAL] Updater:308 - Updater called before beeing initialized
2024-01-02 20:53:41,713 [ERROR] Updater:1120 - MainUpdater not yet initialized. External WinMGr cannot be set.
2024-01-02 20:53:41,723 [INFO] Updater:1056 - Updater Version found : 6.9.2
2024-01-02 20:53:41,740 [INFO] ApplicationProperties:184 - Using Application install path: C:\ST\STM32CubeIDE_1.11.2\STM32CubeIDE\plugins\com.st.stm32cube.common.mx_6.9.2.202309101412
2024-01-02 20:53:42,363 [INFO] MainUpdater:2868 - connection check result : 10
2024-01-02 20:53:42,364 [INFO] MainUpdater:285 - Updater Check For Update Now.
2024-01-02 20:53:42,364 [INFO] MicroXplorer:498 - Change Database Version : DB.6.0.92
2024-01-02 20:53:42,386 [INFO] McuFinderGlobals:63 - Set McuFinder mode to 2 (CubeIDE integrated)
2024-01-02 20:53:42,386 [INFO] UserAuth:179 - activating auth plugin
2024-01-02 20:53:42,390 [INFO] UserAuth:393 - Internet connection configuration mode: 1
2024-01-02 20:53:42,435 [INFO] JxBrowserEngine:151 - Initiate JxBrowser Engine with user profile folder
2024-01-02 20:53:42,583 [INFO] CheckServerUpdateThread:120 - End of CheckServer Thread
2024-01-02 20:53:44,733 [WARN] PackLoader:240 - Cannot read IP mode file for STMicroelectronics.X-CUBE-SMBUS.2.1.0
2024-01-02 20:53:44,750 [WARN] PackLoader:240 - Cannot read IP mode file for STMicroelectronics.X-CUBE-TOUCHGFX.4.23.0
2024-01-02 20:53:44,793 [WARN] PackLoader:240 - Cannot read IP mode file for STMicroelectronics.X-CUBE-AZRTOS-F7.1.1.0
2024-01-02 20:53:44,813 [WARN] PackLoader:240 - Cannot read IP mode file for STMicroelectronics.FP-SNS-MOTENV1.4.3.2
2024-01-02 20:53:44,838 [WARN] PackLoader:240 - Cannot read IP mode file for STMicroelectronics.X-CUBE-BLE1.6.2.4
2024-01-02 20:53:44,854 [WARN] PackLoader:240 - Cannot read IP mode file for STMicroelectronics.FP-SNS-FLIGHT1.5.0.2
2024-01-02 20:53:44,873 [WARN] PackLoader:240 - Cannot read IP mode file for STMicroelectronics.X-CUBE-DISPLAY.3.0.0
2024-01-02 20:53:44,892 [WARN] PackLoader:240 - Cannot read IP mode file for STMicroelectronics.X-CUBE-BLE1.7.0.0
2024-01-02 20:53:44,924 [WARN] PackLoader:240 - Cannot read IP mode file for STMicroelectronics.X-CUBE-TOUCHGFX.4.22.0
2024-01-02 20:53:44,940 [WARN] PackLoader:240 - Cannot read IP mode file for STMicroelectronics.X-CUBE-TOUCHGFX.4.22.1
2024-01-02 20:53:44,955 [WARN] PackLoader:240 - Cannot read IP mode file for STMicroelectronics.FP-SNS-SMARTAG2.1.2.0
2024-01-02 20:53:44,983 [INFO] LogOutputStream:77 - [STDOUT_REDIRECT] 1 : Invalid condition id : UX_CORESTACK_Condition cause : null
2024-01-02 20:53:44,984 [INFO] LogOutputStream:77 - [STDOUT_REDIRECT] 1 : Invalid condition id : UX_CORESTACK_Condition cause : null
2024-01-02 20:53:44,985 [INFO] LogOutputStream:77 - [STDOUT_REDIRECT] 1 : Invalid condition id : UX_CORESTACK_Condition cause : null
2024-01-02 20:53:44,986 [INFO] LogOutputStream:77 - [STDOUT_REDIRECT] 1 : Invalid condition id : UX_CORESTACK_Condition cause : null
2024-01-02 20:53:44,988 [INFO] LogOutputStream:77 - [STDOUT_REDIRECT] 1 : Invalid condition id : UX_CORESTACK_Condition cause : null
2024-01-02 20:53:44,992 [WARN] PackLoader:240 - Cannot read IP mode file for STMicroelectronics.X-CUBE-AZRTOS-WL.2.0.0
2024-01-02 20:53:45,096 [WARN] PackLoader:240 - Cannot read IP mode file for WES.I-CUBE-Cesium.1.3.0
2024-01-02 20:53:45,164 [WARN] PackLoader:240 - Cannot read IP mode file for STMicroelectronics.X-CUBE-BLE2.3.3.0
2024-01-02 20:53:45,199 [WARN] PackLoader:240 - Cannot read IP mode file for STMicroelectronics.X-CUBE-TOF1.3.2.0
2024-01-02 20:53:45,240 [WARN] PackLoader:240 - Cannot read IP mode file for STMicroelectronics.X-CUBE-TOUCHGFX.4.21.1
2024-01-02 20:53:45,279 [WARN] PackLoader:240 - Cannot read IP mode file for STMicroelectronics.X-CUBE-AI.7.3.0
2024-01-02 20:53:45,301 [WARN] PackLoader:240 - Cannot read IP mode file for STMicroelectronics.X-CUBE-ALGOBUILD.1.3.0
2024-01-02 20:53:45,343 [WARN] PackLoader:240 - Cannot read IP mode file for STMicroelectronics.X-CUBE-AZRTOS-G0.1.1.0
2024-01-02 20:53:45,364 [WARN] PackLoader:240 - Cannot read IP mode file for STMicroelectronics.X-CUBE-NFC4.3.0.0
2024-01-02 20:53:45,386 [WARN] PackLoader:240 - Cannot read IP mode file for STMicroelectronics.X-CUBE-BLEMGR.3.0.0
2024-01-02 20:53:45,408 [WARN] PackLoader:240 - Cannot read IP mode file for STMicroelectronics.X-CUBE-BLEMGR.1.3.0
2024-01-02 20:53:45,423 [WARN] PackLoader:240 - Cannot read IP mode file for STMicroelectronics.FP-ATR-SIGFOX1.3.2.0
2024-01-02 20:53:45,477 [WARN] PackLoader:240 - Cannot read IP mode file for STMicroelectronics.X-CUBE-MEMS1.9.5.0
2024-01-02 20:53:45,507 [INFO] WebApp:157 - Instantiating new browser for Auth
2024-01-02 20:53:45,774 [WARN] PackLoader:240 - Cannot read IP mode file for SEGGER.I-CUBE-embOS.1.3.1
2024-01-02 20:53:45,829 [WARN] PackLoader:240 - Cannot read IP mode file for STMicroelectronics.X-CUBE-GNSS1.6.0.0
2024-01-02 20:53:45,884 [WARN] PackLoader:240 - Cannot read IP mode file for STMicroelectronics.X-CUBE-AZRTOS-F4.1.1.0
2024-01-02 20:53:45,927 [WARN] PackLoader:240 - Cannot read IP mode file for STMicroelectronics.X-CUBE-AZRTOS-L5.2.0.0
2024-01-02 20:53:45,990 [WARN] PackLoader:240 - Cannot read IP mode file for STMicroelectronics.X-CUBE-MEMS1.9.6.0
2024-01-02 20:53:46,330 [WARN] PackLoader:240 - Cannot read IP mode file for STMicroelectronics.X-CUBE-EEPRMA1.4.2.0
2024-01-02 20:53:46,345 [WARN] PackLoader:240 - Cannot read IP mode file for ITTIA_DB.I-CUBE-ITTIADB.8.8.0
2024-01-02 20:53:46,360 [WARN] PackLoader:240 - Cannot read IP mode file for emotas.I-CUBE-CANOPEN.1.1.3
2024-01-02 20:53:46,375 [WARN] PackLoader:240 - Cannot read IP mode file for STMicroelectronics.X-CUBE-BLEMGR.2.0.0
2024-01-02 20:53:46,410 [WARN] ConditionMgr:438 - getConditionDescription Invalid condition id : UX DEVICE CLASS RTOS Condition cause : null
2024-01-02 20:53:46,411 [WARN] ConditionMgr:438 - getConditionDescription Invalid condition id : UX DEVICE CLASS RTOS Condition cause : null
2024-01-02 20:53:46,414 [WARN] PackLoader:240 - Cannot read IP mode file for STMicroelectronics.X-CUBE-AZRTOS-H7.3.1.0
2024-01-02 20:53:46,415 [WARN] ConditionMgr:1039 - genDependencies : Invalid condition id : UX DEVICE CLASS RTOS Condition cause : null
2024-01-02 20:53:46,415 [WARN] ConditionMgr:1039 - genDependencies : Invalid condition id : UX DEVICE CLASS RTOS Condition cause : null
2024-01-02 20:53:46,416 [WARN] ConditionMgr:1039 - genDependencies : Invalid condition id : UX DEVICE CLASS RTOS Condition cause : null
2024-01-02 20:53:46,416 [WARN] ConditionMgr:1039 - genDependencies : Invalid condition id : UX DEVICE CLASS RTOS Condition cause : null
2024-01-02 20:53:46,416 [WARN] ConditionMgr:1039 - genDependencies : Invalid condition id : UX DEVICE CLASS RTOS Condition cause : null
2024-01-02 20:53:46,431 [WARN] PackLoader:240 - Cannot read IP mode file for wolfSSL.I-CUBE-wolfSSL.5.5.4
2024-01-02 20:53:46,449 [WARN] PackLoader:240 - Cannot read IP mode file for STMicroelectronics.X-CUBE-NFC7.1.0.1
2024-01-02 20:53:46,472 [WARN] PackLoader:240 - Cannot read IP mode file for STMicroelectronics.X-CUBE-NFC7.1.0.0
2024-01-02 20:53:46,500 [WARN] PackLoader:240 - Cannot read IP mode file for STMicroelectronics.X-CUBE-NFC6.3.0.0
2024-01-02 20:53:46,529 [WARN] PackLoader:240 - Cannot read IP mode file for STMicroelectronics.X-CUBE-EEPRMA1.4.1.0
2024-01-02 20:53:46,607 [WARN] PackLoader:240 - Cannot read IP mode file for STMicroelectronics.X-CUBE-AI.8.1.0
2024-01-02 20:53:46,644 [WARN] ConditionMgr:438 - getConditionDescription Invalid condition id : LAN8742 Phy interface Condition cause : null
2024-01-02 20:53:46,644 [WARN] PackLoader:240 - Cannot read IP mode file for STMicroelectronics.X-CUBE-AZRTOS-L4.2.0.0
2024-01-02 20:53:46,646 [WARN] ConditionMgr:1039 - genDependencies : Invalid condition id : LAN8742 Phy interface Condition cause : null
2024-01-02 20:53:46,647 [WARN] ConditionMgr:1039 - genDependencies : Invalid condition id : LAN8742 Phy interface Condition cause : null
2024-01-02 20:53:46,648 [WARN] ConditionMgr:1039 - genDependencies : Invalid condition id : LAN8742 Phy interface Condition cause : null
2024-01-02 20:53:46,664 [WARN] PackLoader:240 - Cannot read IP mode file for STMicroelectronics.X-CUBE-SFXS2LP1.4.0.0
2024-01-02 20:53:46,699 [WARN] PackLoader:240 - Cannot read IP mode file for STMicroelectronics.X-CUBE-AZRTOS-H7.3.0.0
2024-01-02 20:53:46,713 [WARN] PackLoader:240 - Cannot read IP mode file for STMicroelectronics.X-CUBE-ISPU.1.1.0
2024-01-02 20:53:46,728 [WARN] PackLoader:240 - Cannot read IP mode file for RoweBots.I-CUBE-UNISONRTOS.5.5.0-4
2024-01-02 20:53:46,740 [WARN] PackLoader:240 - Cannot read IP mode file for STMicroelectronics.X-CUBE-AI.8.0.0
2024-01-02 20:53:46,769 [WARN] ConditionMgr:438 - getConditionDescription Invalid condition id : UX DEVICE CLASS RTOS Condition cause : null
2024-01-02 20:53:46,770 [WARN] ConditionMgr:438 - getConditionDescription Invalid condition id : UX DEVICE CLASS RTOS Condition cause : null
2024-01-02 20:53:46,772 [WARN] PackLoader:240 - Cannot read IP mode file for STMicroelectronics.X-CUBE-AZRTOS-WB.2.0.0
2024-01-02 20:53:46,773 [WARN] ConditionMgr:1039 - genDependencies : Invalid condition id : UX DEVICE CLASS RTOS Condition cause : null
2024-01-02 20:53:46,773 [WARN] ConditionMgr:1039 - genDependencies : Invalid condition id : UX DEVICE CLASS RTOS Condition cause : null
2024-01-02 20:53:46,774 [WARN] ConditionMgr:1039 - genDependencies : Invalid condition id : UX DEVICE CLASS RTOS Condition cause : null
2024-01-02 20:53:46,774 [WARN] ConditionMgr:1039 - genDependencies : Invalid condition id : UX DEVICE CLASS RTOS Condition cause : null
2024-01-02 20:53:46,774 [WARN] ConditionMgr:1039 - genDependencies : Invalid condition id : UX DEVICE CLASS RTOS Condition cause : null
2024-01-02 20:53:46,788 [WARN] PackLoader:240 - Cannot read IP mode file for STMicroelectronics.X-CUBE-FREERTOS.1.0.1
2024-01-02 20:53:46,819 [WARN] PackLoader:240 - Cannot read IP mode file for STMicroelectronics.X-CUBE-AZRTOS-L5.1.1.0
2024-01-02 20:53:46,842 [WARN] PackLoader:240 - Cannot read IP mode file for STMicroelectronics.X-CUBE-SUBG2.5.0.0
2024-01-02 20:53:46,865 [WARN] PackLoader:240 - Cannot read IP mode file for STMicroelectronics.X-CUBE-TOF1.3.3.1
2024-01-02 20:53:46,902 [WARN] PackLoader:240 - Cannot read IP mode file for STMicroelectronics.X-CUBE-AZRTOS-G4.2.0.0
2024-01-02 20:53:46,915 [WARN] PackLoader:240 - Cannot read IP mode file for STMicroelectronics.FP-ATR-ASTRA1.1.1.1
2024-01-02 20:53:46,941 [WARN] PackLoader:240 - Cannot read IP mode file for Infineon.AIROC-Wi-Fi-Bluetooth-STM32.1.5.1
2024-01-02 20:53:46,961 [WARN] PackLoader:240 - Cannot read IP mode file for STMicroelectronics.FP-SNS-MOTENVWB1.1.3.0
2024-01-02 20:53:46,973 [WARN] PackLoader:240 - Cannot read IP mode file for STMicroelectronics.FP-SNS-MOTENVWB1.1.3.1
2024-01-02 20:53:47,001 [WARN] PackLoader:240 - Cannot read IP mode file for STMicroelectronics.X-CUBE-AZRTOS-G4.1.0.0
2024-01-02 20:53:47,026 [INFO] WebApp:753 - Register for checkConnection events
2024-01-02 20:53:47,026 [INFO] WebApp:390 - Apply proxy settings
2024-01-02 20:53:47,026 [INFO] WebApp:475 - Chromium requires no authentication
2024-01-02 20:53:47,040 [INFO] WebApp:418 - Direct internet connection detected
2024-01-02 20:53:47,043 [WARN] PackLoader:240 - Cannot read IP mode file for STMicroelectronics.X-CUBE-AZRTOS-L4.1.0.0
2024-01-02 20:53:47,058 [WARN] PackLoader:240 - Cannot read IP mode file for STMicroelectronics.X-CUBE-ISPU.2.0.0
2024-01-02 20:53:47,114 [WARN] PackLoader:240 - Cannot read IP mode file for STMicroelectronics.X-CUBE-MEMS1.10.0.0
2024-01-02 20:53:47,235 [WARN] PackLoader:240 - Cannot read IP mode file for STMicroelectronics.X-CUBE-FREERTOS.1.1.0
2024-01-02 20:53:47,257 [WARN] PackLoader:240 - Cannot read IP mode file for STMicroelectronics.X-CUBE-AZRTOS-WL.1.0.0
2024-01-02 20:53:47,272 [WARN] PackLoader:240 - Cannot read IP mode file for portGmbH.I-Cube-SoM-uGOAL.1.1.0
2024-01-02 20:53:47,285 [WARN] PackLoader:240 - Cannot read IP mode file for STMicroelectronics.X-CUBE-ALS.1.0.1
2024-01-02 20:53:47,292 [INFO] WebApp:188 - Starting web application
2024-01-02 20:53:47,292 [INFO] WebApp:520 - Web application path used C:\ST\STM32CubeIDE_1.11.2\STM32CubeIDE\plugins\com.st.stm32cube.common.mx_6.9.2.202309101412\db\plugins\mcufinder\reactClient1\index.html
2024-01-02 20:53:47,311 [WARN] PackLoader:240 - Cannot read IP mode file for STMicroelectronics.X-CUBE-AZRTOS-WB.1.1.0
2024-01-02 20:53:47,322 [WARN] PackLoader:240 - Cannot read IP mode file for STMicroelectronics.FP-ATR-ASTRA1.2.0.0
2024-01-02 20:53:47,342 [WARN] PackLoader:240 - Cannot read IP mode file for STMicroelectronics.X-CUBE-TOF1.3.4.0
2024-01-02 20:53:47,389 [WARN] PackLoader:240 - Cannot read IP mode file for STMicroelectronics.X-CUBE-AZRTOS-H7.3.2.0
2024-01-02 20:53:47,393 [INFO] ThirdParty:978 - Integrity check success = true
2024-01-02 20:53:47,393 [INFO] IntegrityCheckThread:100 - exiting critical section [integrity check]
2024-01-02 20:53:47,393 [INFO] IntegrityCheckThread:103 - End integrity checks thread
2024-01-02 20:54:08,735 [ERROR] LogOutputStream:75 - [STDERR_REDIRECT] SLF4J: Failed to load class "org.slf4j.impl.StaticLoggerBinder".
2024-01-02 20:54:08,741 [ERROR] LogOutputStream:75 - [STDERR_REDIRECT] SLF4J: Defaulting to no-operation (NOP) logger implementation
2024-01-02 20:54:08,742 [ERROR] LogOutputStream:75 - [STDERR_REDIRECT] SLF4J: See http://www.slf4j.org/codes.html#StaticLoggerBinder for further details.
2024-01-02 20:55:09,497 [INFO] McuFinderGlobals:63 - Set McuFinder mode to 2 (CubeIDE integrated)
2024-01-02 20:55:09,543 [INFO] MainUpdater:2868 - connection check result : 10
2024-01-02 20:55:10,388 [INFO] ApiDb:581 - Connected to CubeFinder SQLite database (C:\Users\erkan\.stmcufinder\plugins\mcufinder\mcu\cube-finder-db.db)
2024-01-02 20:55:10,483 [INFO] ApiDb:668 - CubeFinder database Data Model version=2.1
2024-01-02 20:55:10,483 [INFO] ApiDb:669 - CubeFinder database Configuration version=3.0.39
2024-01-02 20:55:10,484 [INFO] ApiDb:670 - CubeFinder database generation date=2023-12-08 (1702028721)
2024-01-02 20:55:10,485 [INFO] ApiDb:671 - CubeFinder database FW Pack versions=[FP-ATR-ASTRA1_V2.0.0, FP-SNS-FLIGHT1_V5.0.1, FP-SNS-FLIGHT1_V5.0.2, FP-SNS-MOTENV1_V4.3.1, FP-SNS-MOTENV1_V4.3.2, FP-SNS-MOTENVWB1_V1.3.1, FP-SNS-SMARTAG2_V1.2.0, STM32Cube_FW_C0_V1.1.0, STM32Cube_FW_F4_V1.28.0, STM32Cube_FW_F7_V1.17.0, STM32Cube_FW_G0_V1.6.1, STM32Cube_FW_G4_V1.5.1, STM32Cube_FW_H5_V0.5.1, STM32Cube_FW_H5_V1.1.1, STM32Cube_FW_H5_V1.2.0RC2, STM32Cube_FW_H7_V1.11.0, STM32Cube_FW_L0_V1.12.2, STM32Cube_FW_L5_V1.5.0, STM32Cube_FW_U5_V1.3.0RC4, STM32Cube_FW_U5_V1.4.0, STM32Cube_FW_WBA_V1.0.0RC1, STM32Cube_FW_WBA_V1.1.0RC1, STM32Cube_FW_WBA_V1.2.0, STM32Cube_FW_WBA_V1.2.0RC2, STM32Cube_FW_WB_V1.15.0RC1, STM32Cube_FW_WB_V1.16.0, STM32Cube_FW_WB_V1.16.0RC2, STM32Cube_FW_WB_V1.18.0, STM32Cube_FW_WL_V1.3.0, X-CUBE-ALGOBUILD_V1.3.0, X-CUBE-ALS_V1.0.1, X-CUBE-AZRTOS-F4_V1.1.0, X-CUBE-AZRTOS-F7_V1.1.0, X-CUBE-AZRTOS-G0_V1.1.0, X-CUBE-AZRTOS-G4_V2.0.0, X-CUBE-AZRTOS-H7_V3.1.0, X-CUBE-AZRTOS-L4_V1.0.0, X-CUBE-AZRTOS-L4_V2.0.0, X-CUBE-AZRTOS-L5_V1.1.0, X-CUBE-AZRTOS-WB_V2.0.0, X-CUBE-AZRTOS-WL_V2.0.0, X-CUBE-BLE1_V7.0.0, X-CUBE-BLE2_V3.3.0, X-CUBE-BLEMGR_V3.0.0, X-CUBE-EEPRMA1_V4.1.0, X-CUBE-EEPRMA1_V4.2.0, X-CUBE-FREERTOS_V1.1.0, X-CUBE-GNSS1_V6.0.0, X-CUBE-MEMS1_V10.0.0, X-CUBE-MEMS1_V9.1.0, X-CUBE-MEMS1_V9.4.0, X-CUBE-MEMS1_V9.6.0, X-CUBE-NFC4_V3.0.0, X-CUBE-NFC7_V1.0.1, X-CUBE-SFXS2LP1_V4.0.0, X-CUBE-SUBG2_V5.0.0, X-CUBE-TOF1_V3.4.0]
2024-01-02 20:55:10,614 [INFO] DbBoardsSqlite:226 - include board P-NUCLEO-WB55-NUCLEO as a kit item of type 'Nucleo-64'
2024-01-02 20:55:10,615 [INFO] DbBoardsSqlite:226 - include board P-NUCLEO-WB55-USBDONGLE as a kit item of type 'Nucleo USB Dongle'
2024-01-02 20:55:10,616 [INFO] DbBoardsSqlite:226 - include board STEVAL-IDP005V1 as a kit item of type 'Evaluation Board'
2024-01-02 20:55:10,616 [INFO] DbBoardsSqlite:226 - include board STEVAL-IDP005V2 as a kit item of type 'Evaluation Board'
2024-01-02 20:55:11,098 [INFO] ApiDb:240 - Found 323 in-development CPN: [B-G473E-ZEST1S, B-WB1M-WPAN1, B-WL5M-SUBG1, NUCLEO-C031C6, NUCLEO-H503RB, NUCLEO-H563ZI, NUCLEO-U545RE-Q, NUCLEO-U5A5ZJ-Q, NUCLEO-WBA52CG, STEVAL-PROTEUS1, STEVAL-SMARTAG2, STEVAL-STWINBX1, STM320518-EVAL, STM32C0116-DK, STM32C011D6Y3TR, STM32C011D6Y6TR, STM32C011F4P3, STM32C011F4P6, STM32C011F4U3, STM32C011F4U6TR, STM32C011F6P3, STM32C011F6P6, STM32C011F6U3, STM32C011F6U6TR, STM32C011J4M3, STM32C011J4M6, STM32C011J6M3, STM32C011J6M6, STM32C0316-DK, STM32C031C4T3, STM32C031C4T6, STM32C031C4U3, STM32C031C4U6, STM32C031C6T3, STM32C031C6T6, STM32C031C6U3, STM32C031C6U6, STM32C031F4P3, STM32C031F4P6, STM32C031F6P3, STM32C031F6P6, STM32C031G4U3, STM32C031G4U6, STM32C031G6U3, STM32C031G6U6, STM32C031K4T3, STM32C031K4T6, STM32C031K4U3, STM32C031K4U6, STM32C031K6T3, STM32C031K6T6, STM32C031K6U3, STM32C031K6U6, STM32G071K8TXN, STM32G071K8UXN, STM32G081GBU6N, STM32G081KBT6N, STM32G081KBUXN, STM32G0B1CCT6N, STM32G0B1KCT6, STM32G0B1NEY6TR, STM32G0B1RCT6N, STM32G0C1CCT6, STM32G0C1CCT6N, STM32G0C1CCU6N, STM32G0C1CET6N, STM32G0C1CEU6N, STM32G0C1KCT6, STM32G0C1NEY6TR, STM32G0C1RCI6N, STM32G0C1RCT6N, STM32G0C1REI6N, STM32G0C1RET6N, STM32G0C1VCI6, STM32G0C1VEI6, STM32G471CCT6, STM32G471CCU6, STM32G471CET3, STM32G471CET6, STM32G471CEU3, STM32G471CEU6, STM32G471MCT6, STM32G471MET3, STM32G471MET6, STM32G471MEY6TR, STM32G471QCT6, STM32G471QET3, STM32G471RCT6, STM32G471RET3, STM32G471RET6, STM32G471VCH6, STM32G471VCI6, STM32G471VCT6, STM32G471VEH3, STM32G471VEH6, STM32G471VEI3, STM32G471VEI6, STM32G471VET3, STM32G471VET6, STM32G474CCT6, STM32H503CBT6, STM32H503CBU6, STM32H503EBY6TR, STM32H503KBU6, STM32H503RBT6, STM32H562AGI6, STM32H562AII6, STM32H562IGK6, STM32H562IGT6, STM32H562IIK6, STM32H562IIT6, STM32H562RGT6, STM32H562RGV6, STM32H562RIT6, STM32H562RIV6, STM32H562VGT6, STM32H562VIT6, STM32H562ZGT6, STM32H562ZIT6, STM32H563AGI6, STM32H563AII3Q, STM32H563AII6, STM32H563IGK6, STM32H563IGT6, STM32H563IIK3Q, STM32H563IIK6, STM32H563IIT3Q, STM32H563IIT6, STM32H563MIY3QTR, STM32H563RGT6, STM32H563RGV6, STM32H563RIT6, STM32H563RIV6, STM32H563VGT6, STM32H563VIT3Q, STM32H563VIT6, STM32H563ZGT6, STM32H563ZIT3Q, STM32H563ZIT6, STM32H573AII3Q, STM32H573AII6, STM32H573I-DK, STM32H573IIK3Q, STM32H573IIK6, STM32H573IIT3Q, STM32H573IIT6, STM32H573MIY3QTR, STM32H573RIT6, STM32H573RIV6, STM32H573VIT3Q, STM32H573VIT6, STM32H573ZIT3Q, STM32H573ZIT6, STM32L4R5QGI6STR, STM32MP131AAE3, STM32MP131AAF3, STM32MP131AAG3, STM32MP131CAE3, STM32MP131CAF3, STM32MP131CAG3, STM32MP131DAE7, STM32MP131DAF7, STM32MP131DAG7, STM32MP131FAE7, STM32MP131FAF7, STM32MP131FAG7, STM32MP133AAE3, STM32MP133AAF3, STM32MP133AAG3, STM32MP133CAE3, STM32MP133CAF3, STM32MP133CAG3, STM32MP133DAE7, STM32MP133DAF7, STM32MP133DAG7, STM32MP133FAE7, STM32MP133FAF7, STM32MP133FAG7, STM32MP135AAE3, STM32MP135AAF3, STM32MP135AAG3, STM32MP135CAE3, STM32MP135CAF3, STM32MP135CAG3, STM32MP135DAE7, STM32MP135DAF7, STM32MP135DAG7, STM32MP135F-DK, STM32MP135FAE7, STM32MP135FAF7, STM32MP135FAF7T, STM32MP135FAF7U, STM32MP135FAG7, STM32U535CBT6, STM32U535CBT6Q, STM32U535CBU6, STM32U535CBU6Q, STM32U535CCT6, STM32U535CCT6Q, STM32U535CCU6, STM32U535CCU6Q, STM32U535CET6, STM32U535CET6Q, STM32U535CEU6, STM32U535CEU6Q, STM32U535JEY6QTR, STM32U535NCY6QTR, STM32U535NEY6QTR, STM32U535RBI6, STM32U535RBI6Q, STM32U535RBT6, STM32U535RBT6Q, STM32U535RCI6, STM32U535RCI6Q, STM32U535RCT6, STM32U535RCT6Q, STM32U535REI6, STM32U535REI6Q, STM32U535RET6, STM32U535RET6Q, STM32U535VCI6, STM32U535VCI6Q, STM32U535VCT6, STM32U535VCT6Q, STM32U535VEI6, STM32U535VEI6Q, STM32U535VET6, STM32U535VET6Q, STM32U545CET6, STM32U545CET6Q, STM32U545CEU6, STM32U545CEU6Q, STM32U545JEY6QTR, STM32U545NEY6QTR, STM32U545REI6, STM32U545REI6Q, STM32U545RET6, STM32U545RET6Q, STM32U545VEI6, STM32U545VEI6Q, STM32U545VET6, STM32U545VET6Q, STM32U595AIH6, STM32U595AIH6Q, STM32U595AJH6, STM32U595AJH6Q, STM32U595QII6, STM32U595QII6Q, STM32U595QJI6, STM32U595QJI6Q, STM32U595RIT6, STM32U595RIT6Q, STM32U595RJT6, STM32U595RJT6Q, STM32U595VIT6, STM32U595VIT6Q, STM32U595VJT6, STM32U595VJT6Q, STM32U595ZIT6, STM32U595ZIT6Q, STM32U595ZIY6QTR, STM32U595ZJT6, STM32U595ZJT6Q, STM32U595ZJY6QTR, STM32U599BJY6QTR, STM32U599NIH6Q, STM32U599NJH6Q, STM32U599VIT6Q, STM32U599VJT6, STM32U599VJT6Q, STM32U599ZIT6Q, STM32U599ZIY6QTR, STM32U599ZJT6Q, STM32U599ZJY6QTR, STM32U5A5AJH6, STM32U5A5AJH6Q, STM32U5A5QJI6, STM32U5A5QJI6Q, STM32U5A5RJT6, STM32U5A5RJT6Q, STM32U5A5VJT6, STM32U5A5VJT6Q, STM32U5A5ZJT6, STM32U5A5ZJT6Q, STM32U5A5ZJY6QTR, STM32U5A9BJY6QTR, STM32U5A9J-DK, STM32U5A9NJH6Q, STM32U5A9VJT6Q, STM32U5A9ZJT6Q, STM32U5A9ZJY6QTR, STM32U5F7VIT6, STM32U5F7VIT6Q, STM32U5F7VJT6, STM32U5F7VJT6Q, STM32U5F9BJY6QTR, STM32U5F9NJH6Q, STM32U5F9VIT6Q, STM32U5F9VJT6Q, STM32U5F9ZIJ6QTR, STM32U5F9ZIT6Q, STM32U5F9ZJJ6QTR, STM32U5F9ZJT6Q, STM32U5G7VJT6, STM32U5G7VJT6Q, STM32U5G9BJY6QTR, STM32U5G9J-DK1, STM32U5G9J-DK2, STM32U5G9NJH6Q, STM32U5G9VJT6Q, STM32U5G9ZJJ6QTR, STM32U5G9ZJT6Q, STM32WB1MMCH6, STM32WBA52CEU6, STM32WBA52CEU6T, STM32WBA52CGU6, STM32WBA52CGU6T, STM32WBA52KEU6, STM32WBA52KEU6T, STM32WBA52KGU6, STM32WBA52KGU6T, STM32WL5MOCH6, STM32WL5MOCH6TR]
2024-01-02 20:55:11,104 [INFO] ApiDb:668 - CubeFinder database Data Model version=2.1
2024-01-02 20:55:11,104 [INFO] ApiDb:669 - CubeFinder database Configuration version=3.0.39
2024-01-02 20:55:11,104 [INFO] ApiDb:670 - CubeFinder database generation date=2023-12-08 (1702028721)
2024-01-02 20:55:11,104 [INFO] ApiDb:671 - CubeFinder database FW Pack versions=[FP-ATR-ASTRA1_V2.0.0, FP-SNS-FLIGHT1_V5.0.1, FP-SNS-FLIGHT1_V5.0.2, FP-SNS-MOTENV1_V4.3.1, FP-SNS-MOTENV1_V4.3.2, FP-SNS-MOTENVWB1_V1.3.1, FP-SNS-SMARTAG2_V1.2.0, STM32Cube_FW_C0_V1.1.0, STM32Cube_FW_F4_V1.28.0, STM32Cube_FW_F7_V1.17.0, STM32Cube_FW_G0_V1.6.1, STM32Cube_FW_G4_V1.5.1, STM32Cube_FW_H5_V0.5.1, STM32Cube_FW_H5_V1.1.1, STM32Cube_FW_H5_V1.2.0RC2, STM32Cube_FW_H7_V1.11.0, STM32Cube_FW_L0_V1.12.2, STM32Cube_FW_L5_V1.5.0, STM32Cube_FW_U5_V1.3.0RC4, STM32Cube_FW_U5_V1.4.0, STM32Cube_FW_WBA_V1.0.0RC1, STM32Cube_FW_WBA_V1.1.0RC1, STM32Cube_FW_WBA_V1.2.0, STM32Cube_FW_WBA_V1.2.0RC2, STM32Cube_FW_WB_V1.15.0RC1, STM32Cube_FW_WB_V1.16.0, STM32Cube_FW_WB_V1.16.0RC2, STM32Cube_FW_WB_V1.18.0, STM32Cube_FW_WL_V1.3.0, X-CUBE-ALGOBUILD_V1.3.0, X-CUBE-ALS_V1.0.1, X-CUBE-AZRTOS-F4_V1.1.0, X-CUBE-AZRTOS-F7_V1.1.0, X-CUBE-AZRTOS-G0_V1.1.0, X-CUBE-AZRTOS-G4_V2.0.0, X-CUBE-AZRTOS-H7_V3.1.0, X-CUBE-AZRTOS-L4_V1.0.0, X-CUBE-AZRTOS-L4_V2.0.0, X-CUBE-AZRTOS-L5_V1.1.0, X-CUBE-AZRTOS-WB_V2.0.0, X-CUBE-AZRTOS-WL_V2.0.0, X-CUBE-BLE1_V7.0.0, X-CUBE-BLE2_V3.3.0, X-CUBE-BLEMGR_V3.0.0, X-CUBE-EEPRMA1_V4.1.0, X-CUBE-EEPRMA1_V4.2.0, X-CUBE-FREERTOS_V1.1.0, X-CUBE-GNSS1_V6.0.0, X-CUBE-MEMS1_V10.0.0, X-CUBE-MEMS1_V9.1.0, X-CUBE-MEMS1_V9.4.0, X-CUBE-MEMS1_V9.6.0, X-CUBE-NFC4_V3.0.0, X-CUBE-NFC7_V1.0.1, X-CUBE-SFXS2LP1_V4.0.0, X-CUBE-SUBG2_V5.0.0, X-CUBE-TOF1_V3.4.0]
2024-01-02 20:55:12,965 [INFO] ApiDb:240 - Found 323 in-development CPN: [B-G473E-ZEST1S, B-WB1M-WPAN1, B-WL5M-SUBG1, NUCLEO-C031C6, NUCLEO-H503RB, NUCLEO-H563ZI, NUCLEO-U545RE-Q, NUCLEO-U5A5ZJ-Q, NUCLEO-WBA52CG, STEVAL-PROTEUS1, STEVAL-SMARTAG2, STEVAL-STWINBX1, STM320518-EVAL, STM32C0116-DK, STM32C011D6Y3TR, STM32C011D6Y6TR, STM32C011F4P3, STM32C011F4P6, STM32C011F4U3, STM32C011F4U6TR, STM32C011F6P3, STM32C011F6P6, STM32C011F6U3, STM32C011F6U6TR, STM32C011J4M3, STM32C011J4M6, STM32C011J6M3, STM32C011J6M6, STM32C0316-DK, STM32C031C4T3, STM32C031C4T6, STM32C031C4U3, STM32C031C4U6, STM32C031C6T3, STM32C031C6T6, STM32C031C6U3, STM32C031C6U6, STM32C031F4P3, STM32C031F4P6, STM32C031F6P3, STM32C031F6P6, STM32C031G4U3, STM32C031G4U6, STM32C031G6U3, STM32C031G6U6, STM32C031K4T3, STM32C031K4T6, STM32C031K4U3, STM32C031K4U6, STM32C031K6T3, STM32C031K6T6, STM32C031K6U3, STM32C031K6U6, STM32G071K8TXN, STM32G071K8UXN, STM32G081GBU6N, STM32G081KBT6N, STM32G081KBUXN, STM32G0B1CCT6N, STM32G0B1KCT6, STM32G0B1NEY6TR, STM32G0B1RCT6N, STM32G0C1CCT6, STM32G0C1CCT6N, STM32G0C1CCU6N, STM32G0C1CET6N, STM32G0C1CEU6N, STM32G0C1KCT6, STM32G0C1NEY6TR, STM32G0C1RCI6N, STM32G0C1RCT6N, STM32G0C1REI6N, STM32G0C1RET6N, STM32G0C1VCI6, STM32G0C1VEI6, STM32G471CCT6, STM32G471CCU6, STM32G471CET3, STM32G471CET6, STM32G471CEU3, STM32G471CEU6, STM32G471MCT6, STM32G471MET3, STM32G471MET6, STM32G471MEY6TR, STM32G471QCT6, STM32G471QET3, STM32G471RCT6, STM32G471RET3, STM32G471RET6, STM32G471VCH6, STM32G471VCI6, STM32G471VCT6, STM32G471VEH3, STM32G471VEH6, STM32G471VEI3, STM32G471VEI6, STM32G471VET3, STM32G471VET6, STM32G474CCT6, STM32H503CBT6, STM32H503CBU6, STM32H503EBY6TR, STM32H503KBU6, STM32H503RBT6, STM32H562AGI6, STM32H562AII6, STM32H562IGK6, STM32H562IGT6, STM32H562IIK6, STM32H562IIT6, STM32H562RGT6, STM32H562RGV6, STM32H562RIT6, STM32H562RIV6, STM32H562VGT6, STM32H562VIT6, STM32H562ZGT6, STM32H562ZIT6, STM32H563AGI6, STM32H563AII3Q, STM32H563AII6, STM32H563IGK6, STM32H563IGT6, STM32H563IIK3Q, STM32H563IIK6, STM32H563IIT3Q, STM32H563IIT6, STM32H563MIY3QTR, STM32H563RGT6, STM32H563RGV6, STM32H563RIT6, STM32H563RIV6, STM32H563VGT6, STM32H563VIT3Q, STM32H563VIT6, STM32H563ZGT6, STM32H563ZIT3Q, STM32H563ZIT6, STM32H573AII3Q, STM32H573AII6, STM32H573I-DK, STM32H573IIK3Q, STM32H573IIK6, STM32H573IIT3Q, STM32H573IIT6, STM32H573MIY3QTR, STM32H573RIT6, STM32H573RIV6, STM32H573VIT3Q, STM32H573VIT6, STM32H573ZIT3Q, STM32H573ZIT6, STM32L4R5QGI6STR, STM32MP131AAE3, STM32MP131AAF3, STM32MP131AAG3, STM32MP131CAE3, STM32MP131CAF3, STM32MP131CAG3, STM32MP131DAE7, STM32MP131DAF7, STM32MP131DAG7, STM32MP131FAE7, STM32MP131FAF7, STM32MP131FAG7, STM32MP133AAE3, STM32MP133AAF3, STM32MP133AAG3, STM32MP133CAE3, STM32MP133CAF3, STM32MP133CAG3, STM32MP133DAE7, STM32MP133DAF7, STM32MP133DAG7, STM32MP133FAE7, STM32MP133FAF7, STM32MP133FAG7, STM32MP135AAE3, STM32MP135AAF3, STM32MP135AAG3, STM32MP135CAE3, STM32MP135CAF3, STM32MP135CAG3, STM32MP135DAE7, STM32MP135DAF7, STM32MP135DAG7, STM32MP135F-DK, STM32MP135FAE7, STM32MP135FAF7, STM32MP135FAF7T, STM32MP135FAF7U, STM32MP135FAG7, STM32U535CBT6, STM32U535CBT6Q, STM32U535CBU6, STM32U535CBU6Q, STM32U535CCT6, STM32U535CCT6Q, STM32U535CCU6, STM32U535CCU6Q, STM32U535CET6, STM32U535CET6Q, STM32U535CEU6, STM32U535CEU6Q, STM32U535JEY6QTR, STM32U535NCY6QTR, STM32U535NEY6QTR, STM32U535RBI6, STM32U535RBI6Q, STM32U535RBT6, STM32U535RBT6Q, STM32U535RCI6, STM32U535RCI6Q, STM32U535RCT6, STM32U535RCT6Q, STM32U535REI6, STM32U535REI6Q, STM32U535RET6, STM32U535RET6Q, STM32U535VCI6, STM32U535VCI6Q, STM32U535VCT6, STM32U535VCT6Q, STM32U535VEI6, STM32U535VEI6Q, STM32U535VET6, STM32U535VET6Q, STM32U545CET6, STM32U545CET6Q, STM32U545CEU6, STM32U545CEU6Q, STM32U545JEY6QTR, STM32U545NEY6QTR, STM32U545REI6, STM32U545REI6Q, STM32U545RET6, STM32U545RET6Q, STM32U545VEI6, STM32U545VEI6Q, STM32U545VET6, STM32U545VET6Q, STM32U595AIH6, STM32U595AIH6Q, STM32U595AJH6, STM32U595AJH6Q, STM32U595QII6, STM32U595QII6Q, STM32U595QJI6, STM32U595QJI6Q, STM32U595RIT6, STM32U595RIT6Q, STM32U595RJT6, STM32U595RJT6Q, STM32U595VIT6, STM32U595VIT6Q, STM32U595VJT6, STM32U595VJT6Q, STM32U595ZIT6, STM32U595ZIT6Q, STM32U595ZIY6QTR, STM32U595ZJT6, STM32U595ZJT6Q, STM32U595ZJY6QTR, STM32U599BJY6QTR, STM32U599NIH6Q, STM32U599NJH6Q, STM32U599VIT6Q, STM32U599VJT6, STM32U599VJT6Q, STM32U599ZIT6Q, STM32U599ZIY6QTR, STM32U599ZJT6Q, STM32U599ZJY6QTR, STM32U5A5AJH6, STM32U5A5AJH6Q, STM32U5A5QJI6, STM32U5A5QJI6Q, STM32U5A5RJT6, STM32U5A5RJT6Q, STM32U5A5VJT6, STM32U5A5VJT6Q, STM32U5A5ZJT6, STM32U5A5ZJT6Q, STM32U5A5ZJY6QTR, STM32U5A9BJY6QTR, STM32U5A9J-DK, STM32U5A9NJH6Q, STM32U5A9VJT6Q, STM32U5A9ZJT6Q, STM32U5A9ZJY6QTR, STM32U5F7VIT6, STM32U5F7VIT6Q, STM32U5F7VJT6, STM32U5F7VJT6Q, STM32U5F9BJY6QTR, STM32U5F9NJH6Q, STM32U5F9VIT6Q, STM32U5F9VJT6Q, STM32U5F9ZIJ6QTR, STM32U5F9ZIT6Q, STM32U5F9ZJJ6QTR, STM32U5F9ZJT6Q, STM32U5G7VJT6, STM32U5G7VJT6Q, STM32U5G9BJY6QTR, STM32U5G9J-DK1, STM32U5G9J-DK2, STM32U5G9NJH6Q, STM32U5G9VJT6Q, STM32U5G9ZJJ6QTR, STM32U5G9ZJT6Q, STM32WB1MMCH6, STM32WBA52CEU6, STM32WBA52CEU6T, STM32WBA52CGU6, STM32WBA52CGU6T, STM32WBA52KEU6, STM32WBA52KEU6T, STM32WBA52KGU6, STM32WBA52KGU6T, STM32WL5MOCH6, STM32WL5MOCH6TR]
2024-01-02 20:55:12,970 [INFO] DbMcus:217 - Found 3882 MCUs, 3882 are supported
2024-01-02 20:55:12,971 [INFO] ApiDb:423 - Load user favorites file C:\Users\erkan/.stm32cubeide/favorites.mcus.txt: 0 item(s)
2024-01-02 20:55:12,971 [INFO] ApiDb:427 - User favorites MCUs=[]
2024-01-02 20:55:12,971 [INFO] DbMcus:223 - Set 0 / 0 favorites MCUs
2024-01-02 20:55:13,262 [INFO] BoardInfo:880 - No configuration file found for board P-NUCLEO-WB55
2024-01-02 20:55:13,262 [INFO] DbBoards:157 - Kit is not supported: P-NUCLEO-WB55
2024-01-02 20:55:13,267 [INFO] BoardInfo:880 - No configuration file found for board STEVAL-BFA001V1B
2024-01-02 20:55:13,267 [INFO] DbBoards:157 - Kit is not supported: STEVAL-BFA001V1B
2024-01-02 20:55:13,268 [INFO] BoardInfo:880 - No configuration file found for board STEVAL-BFA001V2B
2024-01-02 20:55:13,268 [INFO] DbBoards:157 - Kit is not supported: STEVAL-BFA001V2B
2024-01-02 20:55:13,271 [INFO] BoardInfo:880 - No configuration file found for board STEVAL-MKBOXPRO
2024-01-02 20:55:13,271 [INFO] DbBoards:157 - Board is not supported: STEVAL-MKBOXPRO
2024-01-02 20:55:13,380 [INFO] DbBoards:161 - Found 191 boards, 187 are supported
2024-01-02 20:55:13,382 [INFO] ApiDb:423 - Load user favorites file C:\Users\erkan/.stm32cubeide/favorites.boards.txt: 0 item(s)
2024-01-02 20:55:13,382 [INFO] ApiDb:427 - User favorites Boards=[]
2024-01-02 20:55:13,382 [INFO] DbBoards:190 - Set 0 / 0 favorites Boards
2024-01-02 20:55:13,383 [INFO] McuFinderGlobals:76 - Set McuFinderConnectedMode to true
2024-01-02 20:55:13,395 [INFO] MultiScanPanel:200 - Auto-refresh data requested => check proxy status ongoing
2024-01-02 20:55:13,398 [INFO] FinderPluginLoader:95 - Searching for filters in installed packs
2024-01-02 20:55:14,676 [INFO] LoadUrlFilesThread:185 - End of LoadServerUrlFiles without Thread
2024-01-02 20:55:14,695 [INFO] DetailPanel:341 - Set advertising image to C:/Users/erkan/STM32Cube/Repository/\en.prom-stm32wl3-mcu-finder.jpg
2024-01-02 20:57:15,515 [INFO] MainUpdater:2868 - connection check result : 10
2024-01-02 20:57:15,516 [INFO] MainUpdater:2868 - connection check result : 10
2024-01-02 20:57:15,575 [INFO] MicroXplorer:468 - Change Database Path : 
2024-01-02 20:57:15,575 [INFO] MicroXplorer:498 - Change Database Version : DB.6.0.92
2024-01-02 20:57:15,583 [WARN] ThirdParty:871 - waiting for thirdparty lock release [close project]
2024-01-02 20:57:15,583 [INFO] ThirdParty:873 - entering critical section [close project]
2024-01-02 20:57:15,587 [INFO] ThirdParty:883 - exiting critical section [close project]
2024-01-02 20:57:15,593 [INFO] PinOutPanel:1499 - setPackage(No Configuration,No Configuration)
2024-01-02 20:57:15,601 [INFO] UtilMem:75 - Begin LoadConfig() Used Memory: 700514008 Bytes (1073741824)
2024-01-02 20:57:15,603 [INFO] MicroXplorer:468 - Change Database Path : 
2024-01-02 20:57:15,604 [INFO] MicroXplorer:498 - Change Database Version : DB.6.0.92
2024-01-02 20:57:15,604 [INFO] OpenFileManager:308 - Change cursor
2024-01-02 20:57:15,796 [INFO] Mcu:1946 - Initializing MCU STM32F407VGTx STM32F407VGTx STM32F407VGT6
2024-01-02 20:57:18,343 [INFO] Context:659 - Trying to add GPIOservice into a context  which must be forbidden
2024-01-02 20:57:18,992 [INFO] ImportTextPane:194 - (OptionalMessage_ERROR) Unable to find key (Mcu.ThirdPartyNb) in loaded IOC file
2024-01-02 20:57:18,992 [INFO] ImportTextPane:194 - (OptionalMessage_ERROR) Unable to find key (Mcu.PinsNb) in loaded IOC file
2024-01-02 20:57:18,992 [INFO] ImportTextPane:194 - (OptionalMessage_ERROR) Unable to find key (Mcu.IPNb) in loaded IOC file
2024-01-02 20:57:19,209 [INFO] RtosManager:555 - Registered RTOS mode: class=CMSIS, group=RTOS, mode=CMSIS_V1, owner=FREERTOS
2024-01-02 20:57:19,209 [INFO] RtosManager:555 - Registered RTOS mode: class=CMSIS, group=RTOS2, mode=CMSIS_V2, owner=FREERTOS
2024-01-02 20:57:19,210 [INFO] RtosManager:555 - Registered RTOS mode: class=RTOS, group=Core, mode=CMSIS_V1, owner=FREERTOS
2024-01-02 20:57:19,210 [INFO] RtosManager:555 - Registered RTOS mode: class=RTOS, group=Core, mode=CMSIS_V2, owner=FREERTOS
2024-01-02 20:57:19,210 [WARN] ModelIntegratedComponent:184 - Missing modes for component STMicroelectronics:FreeRTOS:0.0.1:STMicroelectronics:RTOS:FreeRTOS:Core:::10.2.0:
2024-01-02 20:57:19,243 [WARN] ModelIntegratedComponent:63 - No mode defined for component null
2024-01-02 20:57:19,243 [WARN] ModelIntegratedComponent:63 - No mode defined for component null
2024-01-02 20:57:19,243 [WARN] ModelIntegratedComponent:63 - No mode defined for component null
2024-01-02 20:57:19,243 [WARN] ModelIntegratedComponent:63 - No mode defined for component null
2024-01-02 20:57:19,243 [WARN] ModelIntegratedComponent:63 - No mode defined for component null
2024-01-02 20:57:19,243 [WARN] ModelIntegratedComponent:63 - No mode defined for component null
2024-01-02 20:57:19,243 [WARN] ModelIntegratedComponent:63 - No mode defined for component null
2024-01-02 20:57:19,243 [WARN] ModelIntegratedComponent:63 - No mode defined for component null
2024-01-02 20:57:19,243 [WARN] ModelIntegratedComponent:63 - No mode defined for component null
2024-01-02 20:57:19,243 [WARN] ModelIntegratedComponent:63 - No mode defined for component null
2024-01-02 20:57:19,243 [WARN] ModelIntegratedComponent:63 - No mode defined for component null
2024-01-02 20:57:19,244 [WARN] ModelIntegratedComponent:63 - No mode defined for component null
2024-01-02 20:57:19,244 [WARN] ModelIntegratedComponent:63 - No mode defined for component null
2024-01-02 20:57:19,244 [WARN] ModelIntegratedComponent:63 - No mode defined for component null
2024-01-02 20:57:19,244 [WARN] ModelIntegratedComponent:63 - No mode defined for component null
2024-01-02 20:57:19,244 [WARN] ModelIntegratedComponent:63 - No mode defined for component null
2024-01-02 20:57:19,244 [WARN] ModelIntegratedComponent:63 - No mode defined for component null
2024-01-02 20:57:19,244 [WARN] ModelIntegratedComponent:63 - No mode defined for component null
2024-01-02 20:57:19,244 [WARN] ModelIntegratedComponent:63 - No mode defined for component null
2024-01-02 20:57:19,244 [WARN] ModelIntegratedComponent:63 - No mode defined for component null
2024-01-02 20:57:19,244 [WARN] ModelIntegratedComponent:63 - No mode defined for component null
2024-01-02 20:57:19,244 [WARN] ModelIntegratedComponent:63 - No mode defined for component null
2024-01-02 20:57:19,244 [WARN] ModelIntegratedComponent:63 - No mode defined for component null
2024-01-02 20:57:19,244 [WARN] ModelIntegratedComponent:63 - No mode defined for component null
2024-01-02 20:57:19,244 [WARN] ModelIntegratedComponent:63 - No mode defined for component null
2024-01-02 20:57:19,244 [WARN] ModelIntegratedComponent:63 - No mode defined for component null
2024-01-02 20:57:19,244 [WARN] ModelIntegratedComponent:63 - No mode defined for component null
2024-01-02 20:57:19,244 [WARN] ModelIntegratedComponent:63 - No mode defined for component null
2024-01-02 20:57:19,245 [WARN] ModelIntegratedComponent:63 - No mode defined for component null
2024-01-02 20:57:19,245 [WARN] ModelIntegratedComponent:63 - No mode defined for component null
2024-01-02 20:57:19,245 [WARN] ModelIntegratedComponent:63 - No mode defined for component null
2024-01-02 20:57:19,245 [WARN] ModelIntegratedComponent:63 - No mode defined for component null
2024-01-02 20:57:19,245 [WARN] ModelIntegratedComponent:63 - No mode defined for component null
2024-01-02 20:57:19,404 [INFO] ThirdPartyModel:298 - Start build external matchings
2024-01-02 20:57:20,686 [INFO] ThirdPartyModel:316 - End build external matchings
2024-01-02 20:57:21,120 [INFO] UtilMem:75 - End LoadConfig() Used Memory: 600693712 Bytes (1073741824)
2024-01-02 20:57:21,148 [WARN] ThirdParty:833 - waiting for thirdparty lock release [change project]
2024-01-02 20:57:21,148 [INFO] ThirdParty:835 - entering critical section [change project]
2024-01-02 20:57:21,149 [INFO] ThirdParty:1030 - CMSIS Pack Vendor :STMicroelectronics X-CUBE-ISPU 1.1.0
2024-01-02 20:57:21,149 [INFO] ThirdParty:1030 - CMSIS Pack Vendor :STMicroelectronics USBPD 4.1
2024-01-02 20:57:21,149 [INFO] ThirdParty:1030 - CMSIS Pack Vendor :RoweBots I-CUBE-UNISONRTOS 5.5.0-4
2024-01-02 20:57:21,149 [INFO] ThirdParty:1030 - CMSIS Pack Vendor :STMicroelectronics X-CUBE-GNSS1 6.0.0
2024-01-02 20:57:21,149 [INFO] ThirdParty:1030 - CMSIS Pack Vendor :STMicroelectronics USB_HOST 2.0.0
2024-01-02 20:57:21,149 [INFO] ThirdParty:1030 - CMSIS Pack Vendor :STMicroelectronics X-CUBE-AZRTOS-F4 1.1.0
2024-01-02 20:57:21,149 [INFO] ThirdParty:1030 - CMSIS Pack Vendor :STMicroelectronics LIBJPEG 8.0.0
2024-01-02 20:57:21,149 [INFO] ThirdParty:1030 - CMSIS Pack Vendor :STMicroelectronics X-CUBE-SMBUS 2.1.0
2024-01-02 20:57:21,149 [INFO] ThirdParty:1030 - CMSIS Pack Vendor :STMicroelectronics USB_DEVICE 3.0.0
2024-01-02 20:57:21,149 [INFO] ThirdParty:1030 - CMSIS Pack Vendor :STMicroelectronics X-CUBE-AI 8.0.0
2024-01-02 20:57:21,149 [INFO] ThirdParty:1030 - CMSIS Pack Vendor :STMicroelectronics X-CUBE-AZRTOS-WB 2.0.0
2024-01-02 20:57:21,149 [INFO] ThirdParty:1030 - CMSIS Pack Vendor :STMicroelectronics X-CUBE-FREERTOS 1.0.1
2024-01-02 20:57:21,149 [INFO] ThirdParty:1030 - CMSIS Pack Vendor :STMicroelectronics X-CUBE-TOUCHGFX 4.21.1
2024-01-02 20:57:21,149 [INFO] ThirdParty:1030 - CMSIS Pack Vendor :STMicroelectronics X-CUBE-TOUCHGFX 4.23.0
2024-01-02 20:57:21,149 [INFO] ThirdParty:1030 - CMSIS Pack Vendor :STMicroelectronics X-CUBE-AZRTOS-F7 1.1.0
2024-01-02 20:57:21,149 [INFO] ThirdParty:1030 - CMSIS Pack Vendor :STMicroelectronics X-CUBE-AZRTOS-L5 2.0.0
2024-01-02 20:57:21,149 [INFO] ThirdParty:1030 - CMSIS Pack Vendor :STMicroelectronics USB_DEVICE 2.0.0
2024-01-02 20:57:21,149 [INFO] ThirdParty:1030 - CMSIS Pack Vendor :STMicroelectronics X-CUBE-AI 7.3.0
2024-01-02 20:57:21,149 [INFO] ThirdParty:1030 - CMSIS Pack Vendor :STMicroelectronics X-CUBE-MEMS1 9.6.0
2024-01-02 20:57:21,149 [INFO] ThirdParty:1030 - CMSIS Pack Vendor :STMicroelectronics X-CUBE-EEPRMA1 4.2.0
2024-01-02 20:57:21,149 [INFO] ThirdParty:1030 - CMSIS Pack Vendor :ITTIA_DB I-CUBE-ITTIADB 8.8.0
2024-01-02 20:57:21,149 [INFO] ThirdParty:1030 - CMSIS Pack Vendor :STMicroelectronics FP-SNS-MOTENV1 4.3.2
2024-01-02 20:57:21,149 [INFO] ThirdParty:1030 - CMSIS Pack Vendor :STMicroelectronics X-CUBE-ALGOBUILD 1.3.0
2024-01-02 20:57:21,150 [INFO] ThirdParty:1030 - CMSIS Pack Vendor :STMicroelectronics X-CUBE-BLE1 6.2.4
2024-01-02 20:57:21,150 [INFO] ThirdParty:1030 - CMSIS Pack Vendor :STMicroelectronics X-CUBE-AZRTOS-L5 1.1.0
2024-01-02 20:57:21,150 [INFO] ThirdParty:1030 - CMSIS Pack Vendor :STMicroelectronics FreeRTOS 0.0.1
2024-01-02 20:57:21,150 [INFO] ThirdParty:1030 - CMSIS Pack Vendor :STMicroelectronics X-CUBE-AZRTOS-G0 1.1.0
2024-01-02 20:57:21,150 [INFO] ThirdParty:1030 - CMSIS Pack Vendor :emotas I-CUBE-CANOPEN 1.1.3
2024-01-02 20:57:21,150 [INFO] ThirdParty:1030 - CMSIS Pack Vendor :STMicroelectronics X-CUBE-BLEMGR 2.0.0
2024-01-02 20:57:21,150 [INFO] ThirdParty:1030 - CMSIS Pack Vendor :STMicroelectronics X-CUBE-NFC4 3.0.0
2024-01-02 20:57:21,150 [INFO] ThirdParty:1030 - CMSIS Pack Vendor :STMicroelectronics X-CUBE-SUBG2 5.0.0
2024-01-02 20:57:21,150 [INFO] ThirdParty:1030 - CMSIS Pack Vendor :STMicroelectronics STM32_WPAN 1.0.0
2024-01-02 20:57:21,150 [INFO] ThirdParty:1030 - CMSIS Pack Vendor :STMicroelectronics lwIP 2.0.3
2024-01-02 20:57:21,150 [INFO] ThirdParty:1030 - CMSIS Pack Vendor :STMicroelectronics FP-SNS-FLIGHT1 5.0.2
2024-01-02 20:57:21,150 [INFO] ThirdParty:1030 - CMSIS Pack Vendor :STMicroelectronics USB_HOST 1.0.0
2024-01-02 20:57:21,150 [INFO] ThirdParty:1030 - CMSIS Pack Vendor :STMicroelectronics X-CUBE-TOF1 3.3.1
2024-01-02 20:57:21,150 [INFO] ThirdParty:1030 - CMSIS Pack Vendor :STMicroelectronics X-CUBE-AZRTOS-G4 2.0.0
2024-01-02 20:57:21,150 [INFO] ThirdParty:1030 - CMSIS Pack Vendor :STMicroelectronics PDM2PCM 3.1.0
2024-01-02 20:57:21,150 [INFO] ThirdParty:1030 - CMSIS Pack Vendor :STMicroelectronics X-CUBE-AZRTOS-H7 3.1.0
2024-01-02 20:57:21,150 [INFO] ThirdParty:1030 - CMSIS Pack Vendor :STMicroelectronics FP-ATR-ASTRA1 1.1.1
2024-01-02 20:57:21,150 [INFO] ThirdParty:1030 - CMSIS Pack Vendor :Infineon AIROC-Wi-Fi-Bluetooth-STM32 1.5.1
2024-01-02 20:57:21,150 [INFO] ThirdParty:1030 - CMSIS Pack Vendor :STMicroelectronics X-CUBE-BLEMGR 3.0.0
2024-01-02 20:57:21,150 [INFO] ThirdParty:1030 - CMSIS Pack Vendor :STMicroelectronics PDM2PCM 3.3.0
2024-01-02 20:57:21,150 [INFO] ThirdParty:1030 - CMSIS Pack Vendor :STMicroelectronics X-CUBE-DISPLAY 3.0.0
2024-01-02 20:57:21,150 [INFO] ThirdParty:1030 - CMSIS Pack Vendor :STMicroelectronics X-CUBE-BLEMGR 1.3.0
2024-01-02 20:57:21,150 [INFO] ThirdParty:1030 - CMSIS Pack Vendor :STMicroelectronics FP-SNS-MOTENVWB1 1.3.0
2024-01-02 20:57:21,150 [INFO] ThirdParty:1030 - CMSIS Pack Vendor :STMicroelectronics FP-SNS-MOTENVWB1 1.3.1
2024-01-02 20:57:21,150 [INFO] ThirdParty:1030 - CMSIS Pack Vendor :STMicroelectronics X-CUBE-BLE1 7.0.0
2024-01-02 20:57:21,150 [INFO] ThirdParty:1030 - CMSIS Pack Vendor :STMicroelectronics FP-ATR-SIGFOX1 3.2.0
2024-01-02 20:57:21,151 [INFO] ThirdParty:1030 - CMSIS Pack Vendor :STMicroelectronics X-CUBE-AZRTOS-G4 1.0.0
2024-01-02 20:57:21,151 [INFO] ThirdParty:1030 - CMSIS Pack Vendor :wolfSSL I-CUBE-wolfSSL 5.5.4
2024-01-02 20:57:21,151 [INFO] ThirdParty:1030 - CMSIS Pack Vendor :STMicroelectronics X-CUBE-AZRTOS-L4 1.0.0
2024-01-02 20:57:21,151 [INFO] ThirdParty:1030 - CMSIS Pack Vendor :STMicroelectronics X-CUBE-ISPU 2.0.0
2024-01-02 20:57:21,151 [INFO] ThirdParty:1030 - CMSIS Pack Vendor :STMicroelectronics HAL Drivers 0.0.0
2024-01-02 20:57:21,151 [INFO] ThirdParty:1030 - CMSIS Pack Vendor :STMicroelectronics MBEDTLS 2.16.2
2024-01-02 20:57:21,151 [INFO] ThirdParty:1030 - CMSIS Pack Vendor :STMicroelectronics X-CUBE-MEMS1 10.0.0
2024-01-02 20:57:21,151 [INFO] ThirdParty:1030 - CMSIS Pack Vendor :STMicroelectronics X-CUBE-FREERTOS 1.1.0
2024-01-02 20:57:21,151 [INFO] ThirdParty:1030 - CMSIS Pack Vendor :STMicroelectronics X-CUBE-TOUCHGFX 4.22.0
2024-01-02 20:57:21,151 [INFO] ThirdParty:1030 - CMSIS Pack Vendor :STMicroelectronics X-CUBE-NFC7 1.0.1
2024-01-02 20:57:21,151 [INFO] ThirdParty:1030 - CMSIS Pack Vendor :STMicroelectronics MBEDTLS 2.14.1
2024-01-02 20:57:21,151 [INFO] ThirdParty:1030 - CMSIS Pack Vendor :STMicroelectronics X-CUBE-NFC7 1.0.0
2024-01-02 20:57:21,151 [INFO] ThirdParty:1030 - CMSIS Pack Vendor :STMicroelectronics X-CUBE-TOUCHGFX 4.22.1
2024-01-02 20:57:21,151 [INFO] ThirdParty:1030 - CMSIS Pack Vendor :STMicroelectronics X-CUBE-AZRTOS-WL 1.0.0
2024-01-02 20:57:21,151 [INFO] ThirdParty:1030 - CMSIS Pack Vendor :STMicroelectronics X-CUBE-NFC6 3.0.0
2024-01-02 20:57:21,151 [INFO] ThirdParty:1030 - CMSIS Pack Vendor :STMicroelectronics X-CUBE-EEPRMA1 4.1.0
2024-01-02 20:57:21,151 [INFO] ThirdParty:1030 - CMSIS Pack Vendor :portGmbH I-Cube-SoM-uGOAL 1.1.0
2024-01-02 20:57:21,151 [INFO] ThirdParty:1030 - CMSIS Pack Vendor :STMicroelectronics X-CUBE-ALS 1.0.1
2024-01-02 20:57:21,151 [INFO] ThirdParty:1030 - CMSIS Pack Vendor :STMicroelectronics X-CUBE-MEMS1 9.5.0
2024-01-02 20:57:21,151 [INFO] ThirdParty:1030 - CMSIS Pack Vendor :STMicroelectronics ThreadX 1.0.0
2024-01-02 20:57:21,151 [INFO] ThirdParty:1030 - CMSIS Pack Vendor :STMicroelectronics FP-SNS-SMARTAG2 1.2.0
2024-01-02 20:57:21,151 [INFO] ThirdParty:1030 - CMSIS Pack Vendor :STMicroelectronics X-CUBE-AZRTOS-WB 1.1.0
2024-01-02 20:57:21,151 [INFO] ThirdParty:1030 - CMSIS Pack Vendor :STMicroelectronics X-CUBE-AZRTOS-WL 2.0.0
2024-01-02 20:57:21,151 [INFO] ThirdParty:1030 - CMSIS Pack Vendor :SEGGER I-CUBE-embOS 1.3.1
2024-01-02 20:57:21,152 [INFO] ThirdParty:1030 - CMSIS Pack Vendor :STMicroelectronics USB_DEVICE 1.0.0
2024-01-02 20:57:21,152 [INFO] ThirdParty:1030 - CMSIS Pack Vendor :STMicroelectronics X-CUBE-AI 8.1.0
2024-01-02 20:57:21,152 [INFO] ThirdParty:1030 - CMSIS Pack Vendor :STMicroelectronics X-CUBE-AZRTOS-L4 2.0.0
2024-01-02 20:57:21,152 [INFO] ThirdParty:1030 - CMSIS Pack Vendor :STMicroelectronics ThreadX 0.0.2
2024-01-02 20:57:21,152 [INFO] ThirdParty:1030 - CMSIS Pack Vendor :WES I-CUBE-Cesium 1.3.0
2024-01-02 20:57:21,152 [INFO] ThirdParty:1030 - CMSIS Pack Vendor :STMicroelectronics FP-ATR-ASTRA1 2.0.0
2024-01-02 20:57:21,152 [INFO] ThirdParty:1030 - CMSIS Pack Vendor :STMicroelectronics lwIP 2.1.2
2024-01-02 20:57:21,152 [INFO] ThirdParty:1030 - CMSIS Pack Vendor :STMicroelectronics X-CUBE-SFXS2LP1 4.0.0
2024-01-02 20:57:21,152 [INFO] ThirdParty:1030 - CMSIS Pack Vendor :STMicroelectronics X-CUBE-BLE2 3.3.0
2024-01-02 20:57:21,152 [INFO] ThirdParty:1030 - CMSIS Pack Vendor :STMicroelectronics X-CUBE-TOF1 3.4.0
2024-01-02 20:57:21,152 [INFO] ThirdParty:1030 - CMSIS Pack Vendor :STMicroelectronics X-CUBE-TOF1 3.2.0
2024-01-02 20:57:21,152 [INFO] ThirdParty:1030 - CMSIS Pack Vendor :STMicroelectronics X-CUBE-AZRTOS-H7 3.2.0
2024-01-02 20:57:21,152 [INFO] ThirdParty:1030 - CMSIS Pack Vendor :STMicroelectronics PDM2PCM 3.2.0
2024-01-02 20:57:21,152 [INFO] ThirdParty:1030 - CMSIS Pack Vendor :STMicroelectronics X-CUBE-AZRTOS-H7 3.0.0
2024-01-02 20:57:21,152 [INFO] ThirdParty:841 - exiting critical section [change project]
2024-01-02 20:57:21,539 [INFO] PinOutPanel:1499 - setPackage(No Configuration,No Configuration)
2024-01-02 20:57:21,542 [INFO] PinOutPanel:1499 - setPackage(STM32F407VGTx,LQFP100)
2024-01-02 20:57:21,964 [INFO] UtilMem:75 - Before build in PCC Used Memory: 591047928 Bytes (1073741824)
2024-01-02 20:57:22,916 [INFO] UtilMem:75 - After build in PCC Used Memory: 690662648 Bytes (1073741824)
2024-01-02 20:57:22,995 [INFO] IPUIPlugin:80 - create IPUIPlugin
2024-01-02 20:57:22,995 [INFO] IPUIPlugin:80 - create IPUIPlugin
2024-01-02 20:57:22,997 [INFO] IPUIPlugin:80 - create IPUIPlugin
2024-01-02 20:57:23,001 [INFO] IPUIPlugin:80 - create IPUIPlugin
2024-01-02 20:57:23,002 [INFO] IPUIPlugin:80 - create IPUIPlugin
2024-01-02 20:57:23,003 [INFO] IPUIPlugin:80 - create IPUIPlugin
2024-01-02 20:57:23,003 [INFO] IPUIPlugin:80 - create IPUIPlugin
2024-01-02 20:57:23,007 [INFO] IPUIPlugin:80 - create IPUIPlugin
2024-01-02 20:57:23,011 [INFO] IPUIPlugin:80 - create IPUIPlugin
2024-01-02 20:57:23,013 [INFO] IPUIPlugin:80 - create IPUIPlugin
2024-01-02 20:57:23,014 [INFO] IPUIPlugin:80 - create IPUIPlugin
2024-01-02 20:57:23,019 [INFO] IPUIPlugin:80 - create IPUIPlugin
2024-01-02 20:57:23,021 [INFO] IPUIPlugin:80 - create IPUIPlugin
2024-01-02 20:57:23,023 [INFO] IPUIPlugin:80 - create IPUIPlugin
2024-01-02 20:57:23,026 [INFO] IPUIPlugin:80 - create IPUIPlugin
2024-01-02 20:57:23,027 [INFO] IPUIPlugin:80 - create IPUIPlugin
2024-01-02 20:57:23,029 [INFO] IPUIPlugin:80 - create IPUIPlugin
2024-01-02 20:57:23,031 [INFO] IPUIPlugin:80 - create IPUIPlugin
2024-01-02 20:57:23,032 [INFO] IPUIPlugin:80 - create IPUIPlugin
2024-01-02 20:57:23,034 [INFO] IPUIPlugin:80 - create IPUIPlugin
2024-01-02 20:57:23,035 [INFO] IPUIPlugin:80 - create IPUIPlugin
2024-01-02 20:57:23,036 [INFO] IPUIPlugin:80 - create IPUIPlugin
2024-01-02 20:57:23,037 [INFO] IPUIPlugin:80 - create IPUIPlugin
2024-01-02 20:57:23,039 [INFO] IPUIPlugin:80 - create IPUIPlugin
2024-01-02 20:57:23,039 [INFO] IPUIPlugin:80 - create IPUIPlugin
2024-01-02 20:57:23,040 [INFO] IPUIPlugin:80 - create IPUIPlugin
2024-01-02 20:57:23,041 [INFO] IPUIPlugin:80 - create IPUIPlugin
2024-01-02 20:57:23,041 [INFO] IPUIPlugin:80 - create IPUIPlugin
2024-01-02 20:57:23,042 [INFO] IPUIPlugin:80 - create IPUIPlugin
2024-01-02 20:57:23,044 [INFO] IPUIPlugin:80 - create IPUIPlugin
2024-01-02 20:57:23,044 [INFO] IPUIPlugin:80 - create IPUIPlugin
2024-01-02 20:57:23,046 [INFO] IPUIPlugin:80 - create IPUIPlugin
2024-01-02 20:57:23,049 [INFO] IPUIPlugin:80 - create IPUIPlugin
2024-01-02 20:57:23,058 [INFO] IPUIPlugin:80 - create IPUIPlugin
2024-01-02 20:57:23,060 [INFO] IPUIPlugin:80 - create IPUIPlugin
2024-01-02 20:57:23,061 [INFO] IPUIPlugin:80 - create IPUIPlugin
2024-01-02 20:57:23,062 [INFO] IPUIPlugin:80 - create IPUIPlugin
2024-01-02 20:57:23,063 [INFO] IPUIPlugin:80 - create IPUIPlugin
2024-01-02 20:57:23,064 [INFO] IPUIPlugin:80 - create IPUIPlugin
2024-01-02 20:57:23,064 [INFO] IPUIPlugin:80 - create IPUIPlugin
2024-01-02 20:57:23,065 [INFO] IPUIPlugin:80 - create IPUIPlugin
2024-01-02 20:57:23,065 [INFO] IPUIPlugin:80 - create IPUIPlugin
2024-01-02 20:57:23,067 [INFO] IPUIPlugin:80 - create IPUIPlugin
2024-01-02 20:57:23,068 [INFO] IPUIPlugin:80 - create IPUIPlugin
2024-01-02 20:57:23,069 [INFO] IPUIPlugin:80 - create IPUIPlugin
2024-01-02 20:57:23,070 [INFO] IPUIPlugin:80 - create IPUIPlugin
2024-01-02 20:57:23,071 [INFO] IPUIPlugin:80 - create IPUIPlugin
2024-01-02 20:57:23,072 [INFO] IPUIPlugin:80 - create IPUIPlugin
2024-01-02 20:57:23,073 [INFO] IPUIPlugin:80 - create IPUIPlugin
2024-01-02 20:57:23,074 [INFO] IPUIPlugin:80 - create IPUIPlugin
2024-01-02 20:57:23,075 [INFO] IPUIPlugin:80 - create IPUIPlugin
2024-01-02 20:57:23,076 [INFO] IPUIPlugin:80 - create IPUIPlugin
2024-01-02 20:57:23,077 [INFO] IPUIPlugin:80 - create IPUIPlugin
2024-01-02 20:57:23,079 [INFO] IPUIPlugin:80 - create IPUIPlugin
2024-01-02 20:57:23,084 [INFO] IPUIPlugin:80 - create IPUIPlugin
2024-01-02 20:57:23,086 [INFO] IPUIPlugin:80 - create IPUIPlugin
2024-01-02 20:57:23,086 [INFO] IPUIPlugin:80 - create IPUIPlugin
2024-01-02 20:57:23,087 [INFO] IPUIPlugin:80 - create IPUIPlugin
2024-01-02 20:57:23,290 [INFO] ApiDbMcu:507 - Load IP Config File for PDM2PCM
2024-01-02 20:57:23,594 [INFO] CADModel:165 - CPN selected for project levelSTM32F407VGT6
2024-01-02 20:57:23,594 [INFO] CADModel:114 - Register for checkConnection events
2024-01-02 20:57:23,635 [INFO] OpenFileManager:328 - Restore cursor
2024-01-02 20:57:25,444 [INFO] UtilMem:75 - End SaveConfig() Used Memory: 836333072 Bytes (1073741824)
2024-01-02 20:57:25,552 [INFO] UtilMem:75 - End SaveConfig() Used Memory: 861941376 Bytes (1073741824)
2024-01-02 20:57:26,191 [INFO] BlockDiagram:2759 - set Specific Code input for plugin: RCC
2024-01-02 20:57:26,191 [INFO] BlockDiagram:2759 - set Specific Code input for plugin: NVIC
2024-01-02 20:57:26,194 [INFO] CodeGenerator:799 - code generatio: config db path: C:\ST\STM32CubeIDE_1.11.2\STM32CubeIDE\plugins\com.st.stm32cube.common.mx_6.9.2.202309101412\\db\
2024-01-02 20:57:26,823 [INFO] CodeEngine:255 - oldGeneratedFile, C:\Users\erkan\STM32CubeIDE\workspace_1.11.2\HAL_KEYPAD_001\MXTmpFiles\license.tmp_save
2024-01-02 20:57:27,305 [INFO] CodeEngine:279 - Generated code: C:\Users\erkan\STM32CubeIDE\workspace_1.11.2\HAL_KEYPAD_001\MXTmpFiles\license.tmp
2024-01-02 20:57:27,361 [INFO] CodeEngine:255 - oldGeneratedFile, C:\Users\erkan\STM32CubeIDE\workspace_1.11.2\HAL_KEYPAD_001\Core\Src\stm32f4xx_it.c_save
2024-01-02 20:57:27,571 [INFO] CodeEngine:279 - Generated code: C:\Users\erkan\STM32CubeIDE\workspace_1.11.2\HAL_KEYPAD_001\Core\Src\stm32f4xx_it.c
2024-01-02 20:57:27,589 [INFO] CodeEngine:255 - oldGeneratedFile, C:\Users\erkan\STM32CubeIDE\workspace_1.11.2\HAL_KEYPAD_001\Core\Inc\stm32f4xx_it.h_save
2024-01-02 20:57:27,710 [INFO] CodeEngine:279 - Generated code: C:\Users\erkan\STM32CubeIDE\workspace_1.11.2\HAL_KEYPAD_001\Core\Inc\stm32f4xx_it.h
2024-01-02 20:57:27,840 [INFO] CodeEngine:255 - oldGeneratedFile, C:\Users\erkan\STM32CubeIDE\workspace_1.11.2\HAL_KEYPAD_001\Core\Src\stm32f4xx_hal_msp.c_save
2024-01-02 20:57:28,005 [INFO] CodeEngine:279 - Generated code: C:\Users\erkan\STM32CubeIDE\workspace_1.11.2\HAL_KEYPAD_001\Core\Src\stm32f4xx_hal_msp.c
2024-01-02 20:57:28,020 [INFO] CodeEngine:255 - oldGeneratedFile, C:\Users\erkan\STM32CubeIDE\workspace_1.11.2\HAL_KEYPAD_001\MXTmpFiles\system.tmp_save
2024-01-02 20:57:28,129 [INFO] CodeEngine:279 - Generated code: C:\Users\erkan\STM32CubeIDE\workspace_1.11.2\HAL_KEYPAD_001\MXTmpFiles\system.tmp
2024-01-02 20:57:28,163 [INFO] CodeEngine:311 - oldGeneratedFile, C:\Users\erkan\STM32CubeIDE\workspace_1.11.2\HAL_KEYPAD_001\Core\Inc\stm32f4xx_hal_conf.h_save
2024-01-02 20:57:28,309 [INFO] CodeEngine:335 - Generated code: C:\Users\erkan\STM32CubeIDE\workspace_1.11.2\HAL_KEYPAD_001\Core\Inc\stm32f4xx_hal_conf.h
2024-01-02 20:57:28,426 [INFO] CodeEngine:255 - oldGeneratedFile, C:\Users\erkan\STM32CubeIDE\workspace_1.11.2\HAL_KEYPAD_001\Core\Inc\main.h_save
2024-01-02 20:57:28,557 [INFO] CodeEngine:279 - Generated code: C:\Users\erkan\STM32CubeIDE\workspace_1.11.2\HAL_KEYPAD_001\Core\Inc\main.h
2024-01-02 20:57:28,571 [INFO] CodeEngine:255 - oldGeneratedFile, C:\Users\erkan\STM32CubeIDE\workspace_1.11.2\HAL_KEYPAD_001\Core\Src\main.c_save
2024-01-02 20:57:28,755 [INFO] CodeEngine:279 - Generated code: C:\Users\erkan\STM32CubeIDE\workspace_1.11.2\HAL_KEYPAD_001\Core\Src\main.c
2024-01-02 20:57:30,017 [INFO] ProjectBuilder:3064 - Time for Copy HAL[1] : 342mS.
2024-01-02 20:57:30,028 [INFO] ProjectBuilder:4404 - Project Generator version: 4.1.0
2024-01-02 20:57:30,358 [INFO] ConfigFileManager:1457 - The Die is : DIE413
2024-01-02 20:57:30,385 [INFO] ApiDbMcu:507 - Load IP Config File for FATFS
2024-01-02 20:57:30,404 [INFO] ApiDbMcu:507 - Load IP Config File for FREERTOS
2024-01-02 20:57:30,420 [INFO] ApiDbMcu:507 - Load IP Config File for LIBJPEG
2024-01-02 20:57:30,442 [INFO] ApiDbMcu:507 - Load IP Config File for LWIP
2024-01-02 20:57:30,464 [INFO] ApiDbMcu:507 - Load IP Config File for MBEDTLS
2024-01-02 20:57:30,489 [INFO] ApiDbMcu:507 - Load IP Config File for USB_DEVICE
2024-01-02 20:57:30,504 [INFO] ApiDbMcu:507 - Load IP Config File for USB_HOST
2024-01-02 20:57:32,510 [INFO] LogOutputStream:77 - [STDOUT_REDIRECT] 
2024-01-02 20:57:36,454 [INFO] ProjectBuilder:4626 - Time for Generating toolchain IDE Files: 6426mS.
2024-01-02 20:57:36,455 [INFO] ProjectBuilder:2935 - Time for Copy CMSIS : 1mS.
2024-01-02 20:57:36,458 [INFO] ProjectBuilder:2935 - Time for Copy CMSIS : 0mS.
2024-01-02 20:57:37,562 [INFO] McuFinderGlobals:76 - Set McuFinderConnectedMode to true
2024-01-02 20:57:37,568 [INFO] ApiDb:448 - Save user favorites file C:\Users\erkan/.stm32cubeide/favorites.mcus.txt: 0 item(s)
2024-01-02 20:57:37,568 [INFO] ApiDb:452 - User favorites MCUs=[]
2024-01-02 21:01:22,440 [INFO] NvicIntPanel:101 - NVIC parent = com.st.microxplorer.plugins.ip.nvic.MultiNvicIntPanel[,0,0,0x0,invalid,layout=javax.swing.BoxLayout,alignmentX=0.0,alignmentY=0.0,border=,flags=9,maximumSize=,minimumSize=,preferredSize=]
2024-01-02 21:01:40,805 [INFO] NvicIntPanel:101 - NVIC parent = com.st.microxplorer.plugins.ip.nvic.MultiNvicIntPanel[,0,0,0x0,invalid,layout=javax.swing.BoxLayout,alignmentX=0.0,alignmentY=0.0,border=,flags=9,maximumSize=,minimumSize=,preferredSize=]
2024-01-02 21:01:42,349 [INFO] NvicIntPanel:101 - NVIC parent = com.st.microxplorer.plugins.ip.nvic.MultiNvicIntPanel[,0,0,0x0,invalid,layout=javax.swing.BoxLayout,alignmentX=0.0,alignmentY=0.0,border=,flags=9,maximumSize=,minimumSize=,preferredSize=]
2024-01-02 21:01:57,781 [INFO] UtilMem:75 - End SaveConfig() Used Memory: 891963016 Bytes (1073741824)
2024-01-02 21:01:58,997 [INFO] UtilMem:75 - End SaveConfig() Used Memory: 931284616 Bytes (1073741824)
2024-01-02 21:02:00,914 [INFO] UtilMem:75 - End SaveConfig() Used Memory: 685504040 Bytes (1073741824)
2024-01-02 21:02:01,587 [INFO] BlockDiagram:2759 - set Specific Code input for plugin: SYS
2024-01-02 21:02:01,587 [INFO] BlockDiagram:2759 - set Specific Code input for plugin: RCC
2024-01-02 21:02:01,587 [INFO] BlockDiagram:2759 - set Specific Code input for plugin: NVIC
2024-01-02 21:02:01,587 [INFO] BlockDiagram:2759 - set Specific Code input for plugin: USART
2024-01-02 21:02:01,587 [INFO] BlockDiagram:2759 - set Specific Code input for plugin: GPIO
2024-01-02 21:02:01,591 [INFO] CodeGenerator:799 - code generatio: config db path: C:\ST\STM32CubeIDE_1.11.2\STM32CubeIDE\plugins\com.st.stm32cube.common.mx_6.9.2.202309101412\\db\
2024-01-02 21:02:02,159 [INFO] CodeEngine:255 - oldGeneratedFile, C:\Users\erkan\STM32CubeIDE\workspace_1.11.2\HAL_KEYPAD_001\MXTmpFiles\license.tmp_save
2024-01-02 21:02:02,342 [INFO] CodeEngine:279 - Generated code: C:\Users\erkan\STM32CubeIDE\workspace_1.11.2\HAL_KEYPAD_001\MXTmpFiles\license.tmp
2024-01-02 21:02:02,447 [INFO] CodeEngine:255 - oldGeneratedFile, C:\Users\erkan\STM32CubeIDE\workspace_1.11.2\HAL_KEYPAD_001\MXTmpFiles\gpio.tmp_save
2024-01-02 21:02:02,567 [INFO] CodeEngine:279 - Generated code: C:\Users\erkan\STM32CubeIDE\workspace_1.11.2\HAL_KEYPAD_001\MXTmpFiles\gpio.tmp
2024-01-02 21:02:02,679 [INFO] CodeEngine:255 - oldGeneratedFile, C:\Users\erkan\STM32CubeIDE\workspace_1.11.2\HAL_KEYPAD_001\Core\Src\stm32f4xx_it.c_save
2024-01-02 21:02:02,763 [INFO] CodeEngine:279 - Generated code: C:\Users\erkan\STM32CubeIDE\workspace_1.11.2\HAL_KEYPAD_001\Core\Src\stm32f4xx_it.c
2024-01-02 21:02:02,780 [INFO] CodeEngine:255 - oldGeneratedFile, C:\Users\erkan\STM32CubeIDE\workspace_1.11.2\HAL_KEYPAD_001\Core\Inc\stm32f4xx_it.h_save
2024-01-02 21:02:02,856 [INFO] CodeEngine:279 - Generated code: C:\Users\erkan\STM32CubeIDE\workspace_1.11.2\HAL_KEYPAD_001\Core\Inc\stm32f4xx_it.h
2024-01-02 21:02:02,894 [INFO] CodeEngine:255 - oldGeneratedFile, C:\Users\erkan\STM32CubeIDE\workspace_1.11.2\HAL_KEYPAD_001\Core\Src\stm32f4xx_hal_msp.c_save
2024-01-02 21:02:03,022 [INFO] CodeEngine:279 - Generated code: C:\Users\erkan\STM32CubeIDE\workspace_1.11.2\HAL_KEYPAD_001\Core\Src\stm32f4xx_hal_msp.c
2024-01-02 21:02:03,029 [INFO] CodeEngine:255 - oldGeneratedFile, C:\Users\erkan\STM32CubeIDE\workspace_1.11.2\HAL_KEYPAD_001\MXTmpFiles\system.tmp_save
2024-01-02 21:02:03,085 [INFO] CodeEngine:279 - Generated code: C:\Users\erkan\STM32CubeIDE\workspace_1.11.2\HAL_KEYPAD_001\MXTmpFiles\system.tmp
2024-01-02 21:02:03,105 [INFO] CodeEngine:311 - oldGeneratedFile, C:\Users\erkan\STM32CubeIDE\workspace_1.11.2\HAL_KEYPAD_001\Core\Inc\stm32f4xx_hal_conf.h_save
2024-01-02 21:02:03,200 [INFO] CodeEngine:335 - Generated code: C:\Users\erkan\STM32CubeIDE\workspace_1.11.2\HAL_KEYPAD_001\Core\Inc\stm32f4xx_hal_conf.h
2024-01-02 21:02:03,261 [INFO] CodeEngine:255 - oldGeneratedFile, C:\Users\erkan\STM32CubeIDE\workspace_1.11.2\HAL_KEYPAD_001\Core\Inc\main.h_save
2024-01-02 21:02:03,343 [INFO] CodeEngine:279 - Generated code: C:\Users\erkan\STM32CubeIDE\workspace_1.11.2\HAL_KEYPAD_001\Core\Inc\main.h
2024-01-02 21:02:03,360 [INFO] CodeEngine:255 - oldGeneratedFile, C:\Users\erkan\STM32CubeIDE\workspace_1.11.2\HAL_KEYPAD_001\Core\Src\main.c_save
2024-01-02 21:02:03,474 [INFO] CodeEngine:279 - Generated code: C:\Users\erkan\STM32CubeIDE\workspace_1.11.2\HAL_KEYPAD_001\Core\Src\main.c
2024-01-02 21:02:04,197 [INFO] ProjectBuilder:3064 - Time for Copy HAL[1] : 357mS.
2024-01-02 21:02:04,205 [INFO] ProjectBuilder:4404 - Project Generator version: 4.1.0
2024-01-02 21:02:04,466 [INFO] ConfigFileManager:1457 - The Die is : DIE413
2024-01-02 21:02:06,212 [INFO] ProjectBuilder:4626 - Time for Generating toolchain IDE Files: 2008mS.
2024-01-02 21:02:06,215 [INFO] ProjectBuilder:2935 - Time for Copy CMSIS : 2mS.
2024-01-02 21:02:06,217 [INFO] ProjectBuilder:2935 - Time for Copy CMSIS : 0mS.
2024-01-02 22:45:03,889 [ERROR] LogOutputStream:75 - [STDERR_REDIRECT] 
