2023-11-27 01:05:14,145 [ERROR] LogOutputStream:75 - [STDERR_REDIRECT] 
2023-11-27 22:36:54,013 [INFO] Activator:176 - 


2023-11-27 22:36:54,016 [INFO] Activator:177 - !SESSION log4j initialized
2023-11-27 22:37:00,012 [INFO] LogOutputStream:77 - [STDOUT_REDIRECT] 
2023-11-27 22:37:01,897 [INFO] ApplicationProperties:184 - Using Application install path: C:\ST\STM32CubeIDE_1.11.2\STM32CubeIDE\plugins\com.st.stm32cube.common.mx_6.9.2.202309101412
2023-11-27 22:37:01,916 [INFO] DbMcusXml:78 - Set database path to: C:\ST\STM32CubeIDE_1.11.2\STM32CubeIDE\plugins\com.st.stm32cube.common.mx_6.9.2.202309101412\\db\/mcu/
2023-11-27 22:37:01,917 [INFO] ApiDb:274 - Set plugin database path to: C:\ST\STM32CubeIDE_1.11.2\STM32CubeIDE\plugins\com.st.stm32cube.common.mx_6.9.2.202309101412\\db\/plugins/boardmanager/
2023-11-27 22:37:01,919 [WARN] ApiDb:259 - Overriding images path with different value:  => C:\ST\STM32CubeIDE_1.11.2\STM32CubeIDE\plugins\com.st.stm32cube.common.mx_6.9.2.202309101412\\db\/plugins/mcufinder/images/
2023-11-27 22:37:01,937 [INFO] ApiDb:250 - Set database path to: C:\Users\erkan\.stmcufinder\plugins\mcufinder//mcu/
2023-11-27 22:37:01,939 [INFO] DbMcusAds:125 - Set database path to: C:\Users\erkan\.stmcufinder\plugins\mcufinder//mcu/
2023-11-27 22:37:01,940 [INFO] CrossReferenceDbSqlite:203 - Set database path to: C:\Users\erkan\.stmcufinder\plugins\mcufinder//mcu/cs/
2023-11-27 22:37:02,063 [INFO] RulesReader:64 - Compatibility file has been processed (293 Rules)
2023-11-27 22:37:02,157 [INFO] DbMcusXml:78 - Set database path to: C:\ST\STM32CubeIDE_1.11.2\STM32CubeIDE\plugins\com.st.stm32cube.common.mx_6.9.2.202309101412\\db\/mcu/
2023-11-27 22:37:02,157 [INFO] ApiDb:274 - Set plugin database path to: C:\ST\STM32CubeIDE_1.11.2\STM32CubeIDE\plugins\com.st.stm32cube.common.mx_6.9.2.202309101412\\db\/plugins/boardmanager/
2023-11-27 22:37:02,157 [INFO] ApiDb:261 - Set plugin images path to: C:\ST\STM32CubeIDE_1.11.2\STM32CubeIDE\plugins\com.st.stm32cube.common.mx_6.9.2.202309101412\\db\/plugins/mcufinder/images/
2023-11-27 22:37:02,158 [WARN] DbFile:41 - Overriding database path with different value: C:\Users\erkan\.stmcufinder\plugins\mcufinder/ => C:\Users\erkan\.stmcufinder\plugins\mcufinder
2023-11-27 22:37:02,158 [INFO] ApiDb:250 - Set database path to: C:\Users\erkan\.stmcufinder\plugins\mcufinder//mcu/
2023-11-27 22:37:02,158 [WARN] DbFile:41 - Overriding database path with different value: C:\Users\erkan\.stmcufinder\plugins\mcufinder/ => C:\Users\erkan\.stmcufinder\plugins\mcufinder
2023-11-27 22:37:02,158 [INFO] DbMcusAds:125 - Set database path to: C:\Users\erkan\.stmcufinder\plugins\mcufinder//mcu/
2023-11-27 22:37:02,158 [WARN] DbFile:41 - Overriding database path with different value: C:\Users\erkan\.stmcufinder\plugins\mcufinder/ => C:\Users\erkan\.stmcufinder\plugins\mcufinder
2023-11-27 22:37:02,158 [WARN] DbFile:41 - Overriding database path with different value: C:\Users\erkan\.stmcufinder\plugins\mcufinder/ => C:\Users\erkan\.stmcufinder\plugins\mcufinder
2023-11-27 22:37:02,158 [INFO] CrossReferenceDbSqlite:203 - Set database path to: C:\Users\erkan\.stmcufinder\plugins\mcufinder//mcu/cs/
2023-11-27 22:37:02,247 [INFO] MainPanel:262 - HeapMemory: 268435456
2023-11-27 22:37:02,377 [INFO] DbMcusXml:78 - Set database path to: C:\ST\STM32CubeIDE_1.11.2\STM32CubeIDE\plugins\com.st.stm32cube.common.mx_6.9.2.202309101412\\db\/mcu/
2023-11-27 22:37:02,377 [INFO] ApiDb:274 - Set plugin database path to: C:\ST\STM32CubeIDE_1.11.2\STM32CubeIDE\plugins\com.st.stm32cube.common.mx_6.9.2.202309101412\\db\/plugins/boardmanager/
2023-11-27 22:37:02,377 [INFO] ApiDb:261 - Set plugin images path to: C:\ST\STM32CubeIDE_1.11.2\STM32CubeIDE\plugins\com.st.stm32cube.common.mx_6.9.2.202309101412\\db\/plugins/mcufinder/images/
2023-11-27 22:37:02,378 [WARN] DbFile:41 - Overriding database path with different value: C:\Users\erkan\.stmcufinder\plugins\mcufinder/ => C:\Users\erkan\.stmcufinder\plugins\mcufinder
2023-11-27 22:37:02,378 [INFO] ApiDb:250 - Set database path to: C:\Users\erkan\.stmcufinder\plugins\mcufinder//mcu/
2023-11-27 22:37:02,378 [WARN] DbFile:41 - Overriding database path with different value: C:\Users\erkan\.stmcufinder\plugins\mcufinder/ => C:\Users\erkan\.stmcufinder\plugins\mcufinder
2023-11-27 22:37:02,378 [INFO] DbMcusAds:125 - Set database path to: C:\Users\erkan\.stmcufinder\plugins\mcufinder//mcu/
2023-11-27 22:37:02,378 [WARN] DbFile:41 - Overriding database path with different value: C:\Users\erkan\.stmcufinder\plugins\mcufinder/ => C:\Users\erkan\.stmcufinder\plugins\mcufinder
2023-11-27 22:37:02,378 [WARN] DbFile:41 - Overriding database path with different value: C:\Users\erkan\.stmcufinder\plugins\mcufinder/ => C:\Users\erkan\.stmcufinder\plugins\mcufinder
2023-11-27 22:37:02,378 [INFO] CrossReferenceDbSqlite:203 - Set database path to: C:\Users\erkan\.stmcufinder\plugins\mcufinder//mcu/cs/
2023-11-27 22:37:02,399 [INFO] ApplicationProperties:184 - Using Application install path: C:\ST\STM32CubeIDE_1.11.2\STM32CubeIDE\plugins\com.st.stm32cube.common.mx_6.9.2.202309101412
2023-11-27 22:37:02,400 [INFO] PluginManage:196 - Search for loadable plugins [exclusion list=, ]
2023-11-27 22:37:02,403 [INFO] PluginManage:310 - Check plugin analytics
2023-11-27 22:37:02,585 [INFO] AnalyticsPlugin:253 - Accepted Software Licenses: STM32CubeMX.6.9.2
2023-11-27 22:37:02,586 [INFO] AnalyticsPlugin:255 - Accepted CMSIS Pack Licenses: 
2023-11-27 22:37:02,586 [INFO] AnalyticsPlugin:257 - Accepted Firmware Licenses: 
2023-11-27 22:37:02,589 [INFO] PluginManage:359 - Loaded plugin analytics (category:tool,tabindex:-1)
2023-11-27 22:37:02,590 [INFO] PluginManage:310 - Check plugin cadmodel
2023-11-27 22:37:02,606 [INFO] CADModel:105 - Init CAD model plugin
2023-11-27 22:37:02,607 [INFO] PluginManage:359 - Loaded plugin cadmodel (category:power,tabindex:5)
2023-11-27 22:37:02,607 [INFO] PluginManage:310 - Check plugin clock
2023-11-27 22:37:02,629 [INFO] PluginManage:359 - Loaded plugin clock (category:base,tabindex:2)
2023-11-27 22:37:02,629 [INFO] PluginManage:310 - Check plugin ddr
2023-11-27 22:37:02,632 [INFO] PluginManage:359 - Loaded plugin ddr (category:tool,tabindex:6)
2023-11-27 22:37:02,632 [INFO] PluginManage:310 - Check plugin filemanager
2023-11-27 22:37:02,800 [INFO] PluginManage:359 - Loaded plugin filemanager (category:base,tabindex:10)
2023-11-27 22:37:02,800 [INFO] PluginManage:310 - Check plugin ipmanager
2023-11-27 22:37:02,812 [INFO] PluginManage:359 - Loaded plugin ipmanager (category:base,tabindex:5)
2023-11-27 22:37:02,812 [INFO] PluginManage:310 - Check plugin lpbam
2023-11-27 22:37:02,832 [INFO] PluginManage:359 - Loaded plugin lpbam (category:base,tabindex:0)
2023-11-27 22:37:02,833 [INFO] PluginManage:310 - Check plugin memorymap
2023-11-27 22:37:02,863 [INFO] PluginManage:359 - Loaded plugin memorymap (category:base,tabindex:4)
2023-11-27 22:37:02,863 [INFO] PluginManage:310 - Check plugin pinoutandconfiguration
2023-11-27 22:37:02,881 [INFO] PluginManage:359 - Loaded plugin pinoutandconfiguration (category:base,tabindex:1)
2023-11-27 22:37:02,881 [INFO] PluginManage:310 - Check plugin pinoutconfig
2023-11-27 22:37:03,044 [WARN] SupportedApi:132 - Cannot load RTOS API schema: s4s-elt-must-match.1: The content of 'definitions' must match (annotation?, (simpleType | complexType)?, (unique | key | keyref)*)). A problem was found starting at: attribute.
2023-11-27 22:37:03,198 [INFO] PluginManage:359 - Loaded plugin pinoutconfig (category:base,tabindex:0)
2023-11-27 22:37:03,199 [INFO] PluginManage:310 - Check plugin power
2023-11-27 22:37:03,222 [INFO] PluginManage:359 - Loaded plugin power (category:power,tabindex:4)
2023-11-27 22:37:03,224 [INFO] PluginManage:310 - Check plugin projectmanager
2023-11-27 22:37:03,240 [INFO] PluginManage:359 - Loaded plugin projectmanager (category:projectmanager,tabindex:3)
2023-11-27 22:37:03,240 [INFO] PluginManage:310 - Check plugin thirdparty
2023-11-27 22:37:03,521 [INFO] PluginManage:359 - Loaded plugin thirdparty (category:base,tabindex:-1)
2023-11-27 22:37:03,521 [INFO] PluginManage:310 - Check plugin tools
2023-11-27 22:37:03,521 [WARN] IntegrityCheckThread:84 - waiting for thirdparty lock release [integrity check]
2023-11-27 22:37:03,521 [INFO] IntegrityCheckThread:86 - entering critical section [integrity check]
2023-11-27 22:37:03,521 [INFO] ThirdPartyUpdaterWithRetryManager:70 - Updater plugin not ready yet. [1/15]
2023-11-27 22:37:03,553 [INFO] PluginManage:359 - Loaded plugin tools (category:base,tabindex:7)
2023-11-27 22:37:03,553 [INFO] PluginManage:310 - Check plugin tutovideos
2023-11-27 22:37:03,757 [INFO] PluginManage:359 - Loaded plugin tutovideos (category:base,tabindex:-1)
2023-11-27 22:37:03,758 [INFO] PluginManage:310 - Check plugin updater
2023-11-27 22:37:03,771 [INFO] PluginManage:359 - Loaded plugin updater (category:base,tabindex:12)
2023-11-27 22:37:03,771 [INFO] PluginManage:310 - Check plugin userauth
2023-11-27 22:37:03,778 [INFO] UserAuth:113 - Init User Auth plugin
2023-11-27 22:37:03,778 [INFO] PluginManage:359 - Loaded plugin userauth (category:base,tabindex:14)
2023-11-27 22:37:03,778 [INFO] PluginManage:283 - PluginManage : Loaded plugins [17]
2023-11-27 22:37:04,032 [INFO] PinOutPanel:1499 - setPackage(No Configuration,No Configuration)
2023-11-27 22:37:04,162 [INFO] CADModel:165 - CPN selected for project level
2023-11-27 22:37:04,162 [INFO] CADModel:114 - Register for checkConnection events
2023-11-27 22:37:04,189 [INFO] IPUIPlugin:80 - create IPUIPlugin
2023-11-27 22:37:04,189 [INFO] PluginManager:220 - loadIPPluginJar : add adc
2023-11-27 22:37:04,222 [INFO] IPUIPlugin:80 - create IPUIPlugin
2023-11-27 22:37:04,223 [INFO] PluginManager:220 - loadIPPluginJar : add aes
2023-11-27 22:37:04,260 [INFO] IPUIPlugin:80 - create IPUIPlugin
2023-11-27 22:37:04,261 [INFO] PluginManager:220 - loadIPPluginJar : add can
2023-11-27 22:37:04,282 [INFO] IPUIPlugin:80 - create IPUIPlugin
2023-11-27 22:37:04,282 [INFO] PluginManager:220 - loadIPPluginJar : add comp
2023-11-27 22:37:04,312 [INFO] IPUIPlugin:80 - create IPUIPlugin
2023-11-27 22:37:04,312 [INFO] PluginManager:220 - loadIPPluginJar : add cryp
2023-11-27 22:37:04,343 [INFO] IPUIPlugin:80 - create IPUIPlugin
2023-11-27 22:37:04,343 [INFO] PluginManager:220 - loadIPPluginJar : add dfsdm
2023-11-27 22:37:04,358 [INFO] IPUIPlugin:80 - create IPUIPlugin
2023-11-27 22:37:04,358 [INFO] PluginManager:220 - loadIPPluginJar : add dma
2023-11-27 22:37:04,402 [INFO] IPUIPlugin:80 - create IPUIPlugin
2023-11-27 22:37:04,402 [INFO] PluginManager:220 - loadIPPluginJar : add dma3
2023-11-27 22:37:04,423 [INFO] IPUIPlugin:80 - create IPUIPlugin
2023-11-27 22:37:04,423 [INFO] PluginManager:220 - loadIPPluginJar : add fatfs
2023-11-27 22:37:04,467 [INFO] IPUIPlugin:80 - create IPUIPlugin
2023-11-27 22:37:04,467 [INFO] PluginManager:220 - loadIPPluginJar : add fmc
2023-11-27 22:37:04,482 [INFO] IPUIPlugin:80 - create IPUIPlugin
2023-11-27 22:37:04,482 [INFO] PluginManager:220 - loadIPPluginJar : add freertos
2023-11-27 22:37:04,501 [INFO] IPUIPlugin:80 - create IPUIPlugin
2023-11-27 22:37:04,501 [INFO] PluginManager:220 - loadIPPluginJar : add genericplugin
2023-11-27 22:37:04,585 [INFO] IPUIPlugin:80 - create IPUIPlugin
2023-11-27 22:37:04,585 [INFO] PluginManager:220 - loadIPPluginJar : add gfxmmu
2023-11-27 22:37:04,703 [INFO] IPUIPlugin:80 - create IPUIPlugin
2023-11-27 22:37:04,703 [INFO] PluginManager:220 - loadIPPluginJar : add gic
2023-11-27 22:37:04,716 [INFO] IPUIPlugin:80 - create IPUIPlugin
2023-11-27 22:37:04,716 [INFO] PluginManager:220 - loadIPPluginJar : add gpio
2023-11-27 22:37:04,801 [INFO] IPUIPlugin:80 - create IPUIPlugin
2023-11-27 22:37:04,801 [INFO] PluginManager:220 - loadIPPluginJar : add gtzc
2023-11-27 22:37:04,832 [INFO] IPUIPlugin:80 - create IPUIPlugin
2023-11-27 22:37:04,832 [INFO] PluginManager:220 - loadIPPluginJar : add hash
2023-11-27 22:37:04,881 [INFO] IPUIPlugin:80 - create IPUIPlugin
2023-11-27 22:37:04,881 [INFO] PluginManager:220 - loadIPPluginJar : add i2c
2023-11-27 22:37:04,918 [INFO] IPUIPlugin:80 - create IPUIPlugin
2023-11-27 22:37:04,918 [INFO] PluginManager:220 - loadIPPluginJar : add i2s
2023-11-27 22:37:04,959 [INFO] IPUIPlugin:80 - create IPUIPlugin
2023-11-27 22:37:04,959 [INFO] PluginManager:220 - loadIPPluginJar : add i3c
2023-11-27 22:37:05,058 [INFO] IPUIPlugin:80 - create IPUIPlugin
2023-11-27 22:37:05,058 [INFO] PluginManager:220 - loadIPPluginJar : add ipddr
2023-11-27 22:37:05,144 [INFO] IPUIPlugin:80 - create IPUIPlugin
2023-11-27 22:37:05,145 [INFO] PluginManager:220 - loadIPPluginJar : add linkedlist
2023-11-27 22:37:05,186 [INFO] IPUIPlugin:80 - create IPUIPlugin
2023-11-27 22:37:05,186 [INFO] PluginManager:220 - loadIPPluginJar : add lorawan
2023-11-27 22:37:05,229 [INFO] IPUIPlugin:80 - create IPUIPlugin
2023-11-27 22:37:05,229 [INFO] PluginManager:220 - loadIPPluginJar : add ltdc
2023-11-27 22:37:05,246 [INFO] IPUIPlugin:80 - create IPUIPlugin
2023-11-27 22:37:05,246 [INFO] PluginManager:220 - loadIPPluginJar : add mdma
2023-11-27 22:37:05,261 [INFO] IPUIPlugin:80 - create IPUIPlugin
2023-11-27 22:37:05,261 [INFO] PluginManager:220 - loadIPPluginJar : add nvic
2023-11-27 22:37:05,306 [INFO] IPUIPlugin:80 - create IPUIPlugin
2023-11-27 22:37:05,306 [INFO] PluginManager:220 - loadIPPluginJar : add opamp
2023-11-27 22:37:05,375 [INFO] IPUIPlugin:80 - create IPUIPlugin
2023-11-27 22:37:05,377 [INFO] PluginManager:220 - loadIPPluginJar : add openamp
2023-11-27 22:37:05,428 [INFO] IPUIPlugin:80 - create IPUIPlugin
2023-11-27 22:37:05,428 [INFO] PluginManager:220 - loadIPPluginJar : add pdm2pcm
2023-11-27 22:37:05,447 [INFO] IPUIPlugin:80 - create IPUIPlugin
2023-11-27 22:37:05,450 [INFO] PluginManager:220 - loadIPPluginJar : add plateformsettings
2023-11-27 22:37:05,476 [INFO] IPUIPlugin:80 - create IPUIPlugin
2023-11-27 22:37:05,477 [INFO] PluginManager:220 - loadIPPluginJar : add quadspi
2023-11-27 22:37:05,494 [INFO] IPUIPlugin:80 - create IPUIPlugin
2023-11-27 22:37:05,494 [INFO] PluginManager:220 - loadIPPluginJar : add resmgrutility
2023-11-27 22:37:05,555 [INFO] IPUIPlugin:80 - create IPUIPlugin
2023-11-27 22:37:05,555 [INFO] PluginManager:220 - loadIPPluginJar : add sai
2023-11-27 22:37:05,596 [INFO] IPUIPlugin:80 - create IPUIPlugin
2023-11-27 22:37:05,596 [INFO] PluginManager:220 - loadIPPluginJar : add spi
2023-11-27 22:37:05,654 [INFO] IPUIPlugin:80 - create IPUIPlugin
2023-11-27 22:37:05,654 [INFO] PluginManager:220 - loadIPPluginJar : add stm32_wpan
2023-11-27 22:37:05,678 [INFO] IPUIPlugin:80 - create IPUIPlugin
2023-11-27 22:37:05,678 [INFO] PluginManager:220 - loadIPPluginJar : add tim
2023-11-27 22:37:05,733 [INFO] IPUIPlugin:80 - create IPUIPlugin
2023-11-27 22:37:05,733 [INFO] PluginManager:220 - loadIPPluginJar : add touchsensing
2023-11-27 22:37:05,755 [INFO] IPUIPlugin:80 - create IPUIPlugin
2023-11-27 22:37:05,755 [INFO] PluginManager:220 - loadIPPluginJar : add tracer_emb
2023-11-27 22:37:05,778 [INFO] IPUIPlugin:80 - create IPUIPlugin
2023-11-27 22:37:05,778 [INFO] PluginManager:220 - loadIPPluginJar : add ts
2023-11-27 22:37:05,801 [INFO] IPUIPlugin:80 - create IPUIPlugin
2023-11-27 22:37:05,801 [INFO] PluginManager:220 - loadIPPluginJar : add tsc
2023-11-27 22:37:05,825 [INFO] IPUIPlugin:80 - create IPUIPlugin
2023-11-27 22:37:05,826 [INFO] PluginManager:220 - loadIPPluginJar : add ucpd
2023-11-27 22:37:05,889 [INFO] IPUIPlugin:80 - create IPUIPlugin
2023-11-27 22:37:05,889 [INFO] PluginManager:220 - loadIPPluginJar : add usart
2023-11-27 22:37:05,969 [INFO] IPUIPlugin:80 - create IPUIPlugin
2023-11-27 22:37:05,970 [INFO] PluginManager:220 - loadIPPluginJar : add usbx
2023-11-27 22:37:06,142 [INFO] CADModel:165 - CPN selected for project level
2023-11-27 22:37:06,142 [INFO] CADModel:114 - Register for checkConnection events
2023-11-27 22:37:06,142 [FATAL] Updater:308 - Updater called before beeing initialized
2023-11-27 22:37:06,142 [ERROR] CADModel:125 - Updater not yet initialized, retry later 
2023-11-27 22:37:06,345 [INFO] CADModel:165 - CPN selected for project level
2023-11-27 22:37:06,345 [INFO] CADModel:114 - Register for checkConnection events
2023-11-27 22:37:06,345 [FATAL] Updater:308 - Updater called before beeing initialized
2023-11-27 22:37:06,345 [ERROR] CADModel:125 - Updater not yet initialized, retry later 
2023-11-27 22:37:06,349 [FATAL] Updater:308 - Updater called before beeing initialized
2023-11-27 22:37:06,486 [FATAL] Updater:308 - Updater called before beeing initialized
2023-11-27 22:37:06,497 [INFO] DbMcusAds:53 - JSON generation date=Tue Mar 07 09:50:55 CET 2023 (1678179055335)
2023-11-27 22:37:06,497 [FATAL] Updater:308 - Updater called before beeing initialized
2023-11-27 22:37:06,529 [INFO] ThirdPartyUpdaterWithRetryManager:70 - Updater plugin not ready yet. [2/15]
2023-11-27 22:37:06,576 [WARN] DetailPanel:346 - Failed to get advertising image, set to default
2023-11-27 22:37:06,682 [FATAL] Updater:308 - Updater called before beeing initialized
2023-11-27 22:37:06,684 [FATAL] Updater:308 - Updater called before beeing initialized
2023-11-27 22:37:06,684 [FATAL] Updater:308 - Updater called before beeing initialized
2023-11-27 22:37:06,684 [WARN] DetailPanel:346 - Failed to get advertising image, set to default
2023-11-27 22:37:06,685 [FATAL] Updater:308 - Updater called before beeing initialized
2023-11-27 22:37:06,757 [ERROR] Updater:1120 - MainUpdater not yet initialized. External WinMGr cannot be set.
2023-11-27 22:37:06,768 [INFO] Updater:1056 - Updater Version found : 6.9.2
2023-11-27 22:37:06,788 [INFO] ApplicationProperties:184 - Using Application install path: C:\ST\STM32CubeIDE_1.11.2\STM32CubeIDE\plugins\com.st.stm32cube.common.mx_6.9.2.202309101412
2023-11-27 22:37:07,073 [INFO] MainUpdater:2868 - connection check result : 10
2023-11-27 22:37:07,074 [INFO] MainUpdater:285 - Updater Check For Update Now.
2023-11-27 22:37:07,074 [INFO] MicroXplorer:498 - Change Database Version : DB.6.0.92
2023-11-27 22:37:07,095 [INFO] McuFinderGlobals:63 - Set McuFinder mode to 2 (CubeIDE integrated)
2023-11-27 22:37:07,095 [INFO] UserAuth:179 - activating auth plugin
2023-11-27 22:37:07,099 [INFO] UserAuth:393 - Internet connection configuration mode: 1
2023-11-27 22:37:07,131 [INFO] JxBrowserEngine:151 - Initiate JxBrowser Engine with user profile folder
2023-11-27 22:37:07,280 [INFO] CheckServerUpdateThread:120 - End of CheckServer Thread
2023-11-27 22:37:09,670 [INFO] WebApp:157 - Instantiating new browser for Auth
2023-11-27 22:37:09,812 [WARN] PackLoader:240 - Cannot read IP mode file for STMicroelectronics.X-CUBE-SMBUS.2.1.0
2023-11-27 22:37:09,856 [WARN] PackLoader:240 - Cannot read IP mode file for STMicroelectronics.X-CUBE-AZRTOS-F7.1.1.0
2023-11-27 22:37:09,877 [WARN] PackLoader:240 - Cannot read IP mode file for STMicroelectronics.FP-SNS-MOTENV1.4.3.2
2023-11-27 22:37:09,900 [WARN] PackLoader:240 - Cannot read IP mode file for STMicroelectronics.X-CUBE-BLE1.6.2.4
2023-11-27 22:37:09,916 [WARN] PackLoader:240 - Cannot read IP mode file for STMicroelectronics.FP-SNS-FLIGHT1.5.0.2
2023-11-27 22:37:09,937 [WARN] PackLoader:240 - Cannot read IP mode file for STMicroelectronics.X-CUBE-DISPLAY.3.0.0
2023-11-27 22:37:09,958 [WARN] PackLoader:240 - Cannot read IP mode file for STMicroelectronics.X-CUBE-BLE1.7.0.0
2023-11-27 22:37:09,974 [WARN] PackLoader:240 - Cannot read IP mode file for STMicroelectronics.X-CUBE-TOUCHGFX.4.22.0
2023-11-27 22:37:09,991 [WARN] PackLoader:240 - Cannot read IP mode file for STMicroelectronics.X-CUBE-TOUCHGFX.4.22.1
2023-11-27 22:37:10,012 [WARN] PackLoader:240 - Cannot read IP mode file for STMicroelectronics.FP-SNS-SMARTAG2.1.2.0
2023-11-27 22:37:10,047 [INFO] LogOutputStream:77 - [STDOUT_REDIRECT] 1 : Invalid condition id : UX_CORESTACK_Condition cause : null
2023-11-27 22:37:10,048 [INFO] LogOutputStream:77 - [STDOUT_REDIRECT] 1 : Invalid condition id : UX_CORESTACK_Condition cause : null
2023-11-27 22:37:10,049 [INFO] LogOutputStream:77 - [STDOUT_REDIRECT] 1 : Invalid condition id : UX_CORESTACK_Condition cause : null
2023-11-27 22:37:10,051 [INFO] LogOutputStream:77 - [STDOUT_REDIRECT] 1 : Invalid condition id : UX_CORESTACK_Condition cause : null
2023-11-27 22:37:10,053 [INFO] LogOutputStream:77 - [STDOUT_REDIRECT] 1 : Invalid condition id : UX_CORESTACK_Condition cause : null
2023-11-27 22:37:10,057 [WARN] PackLoader:240 - Cannot read IP mode file for STMicroelectronics.X-CUBE-AZRTOS-WL.2.0.0
2023-11-27 22:37:10,091 [WARN] PackLoader:240 - Cannot read IP mode file for WES.I-CUBE-Cesium.1.3.0
2023-11-27 22:37:10,106 [WARN] PackLoader:240 - Cannot read IP mode file for STMicroelectronics.X-CUBE-BLE2.3.3.0
2023-11-27 22:37:10,130 [WARN] PackLoader:240 - Cannot read IP mode file for STMicroelectronics.X-CUBE-TOF1.3.2.0
2023-11-27 22:37:10,148 [WARN] PackLoader:240 - Cannot read IP mode file for STMicroelectronics.X-CUBE-TOUCHGFX.4.21.1
2023-11-27 22:37:10,163 [WARN] PackLoader:240 - Cannot read IP mode file for STMicroelectronics.X-CUBE-AI.7.3.0
2023-11-27 22:37:10,180 [WARN] PackLoader:240 - Cannot read IP mode file for STMicroelectronics.X-CUBE-ALGOBUILD.1.3.0
2023-11-27 22:37:10,213 [WARN] PackLoader:240 - Cannot read IP mode file for STMicroelectronics.X-CUBE-AZRTOS-G0.1.1.0
2023-11-27 22:37:10,230 [WARN] PackLoader:240 - Cannot read IP mode file for STMicroelectronics.X-CUBE-NFC4.3.0.0
2023-11-27 22:37:10,249 [WARN] PackLoader:240 - Cannot read IP mode file for STMicroelectronics.X-CUBE-BLEMGR.3.0.0
2023-11-27 22:37:10,265 [WARN] PackLoader:240 - Cannot read IP mode file for STMicroelectronics.X-CUBE-BLEMGR.1.3.0
2023-11-27 22:37:10,280 [WARN] PackLoader:240 - Cannot read IP mode file for STMicroelectronics.FP-ATR-SIGFOX1.3.2.0
2023-11-27 22:37:10,334 [WARN] PackLoader:240 - Cannot read IP mode file for STMicroelectronics.X-CUBE-MEMS1.9.5.0
2023-11-27 22:37:10,567 [WARN] PackLoader:240 - Cannot read IP mode file for SEGGER.I-CUBE-embOS.1.3.1
2023-11-27 22:37:10,618 [WARN] PackLoader:240 - Cannot read IP mode file for STMicroelectronics.X-CUBE-GNSS1.6.0.0
2023-11-27 22:37:10,661 [WARN] PackLoader:240 - Cannot read IP mode file for STMicroelectronics.X-CUBE-AZRTOS-F4.1.1.0
2023-11-27 22:37:10,702 [WARN] PackLoader:240 - Cannot read IP mode file for STMicroelectronics.X-CUBE-AZRTOS-L5.2.0.0
2023-11-27 22:37:10,728 [INFO] WebApp:753 - Register for checkConnection events
2023-11-27 22:37:10,728 [INFO] WebApp:390 - Apply proxy settings
2023-11-27 22:37:10,728 [INFO] WebApp:475 - Chromium requires no authentication
2023-11-27 22:37:10,744 [INFO] WebApp:418 - Direct internet connection detected
2023-11-27 22:37:10,761 [WARN] PackLoader:240 - Cannot read IP mode file for STMicroelectronics.X-CUBE-MEMS1.9.6.0
2023-11-27 22:37:10,937 [WARN] PackLoader:240 - Cannot read IP mode file for STMicroelectronics.X-CUBE-EEPRMA1.4.2.0
2023-11-27 22:37:10,957 [WARN] PackLoader:240 - Cannot read IP mode file for ITTIA_DB.I-CUBE-ITTIADB.8.8.0
2023-11-27 22:37:10,980 [WARN] PackLoader:240 - Cannot read IP mode file for emotas.I-CUBE-CANOPEN.1.1.3
2023-11-27 22:37:10,998 [WARN] PackLoader:240 - Cannot read IP mode file for STMicroelectronics.X-CUBE-BLEMGR.2.0.0
2023-11-27 22:37:11,037 [WARN] ConditionMgr:438 - getConditionDescription Invalid condition id : UX DEVICE CLASS RTOS Condition cause : null
2023-11-27 22:37:11,037 [WARN] ConditionMgr:438 - getConditionDescription Invalid condition id : UX DEVICE CLASS RTOS Condition cause : null
2023-11-27 22:37:11,040 [WARN] PackLoader:240 - Cannot read IP mode file for STMicroelectronics.X-CUBE-AZRTOS-H7.3.1.0
2023-11-27 22:37:11,041 [WARN] ConditionMgr:1039 - genDependencies : Invalid condition id : UX DEVICE CLASS RTOS Condition cause : null
2023-11-27 22:37:11,042 [WARN] ConditionMgr:1039 - genDependencies : Invalid condition id : UX DEVICE CLASS RTOS Condition cause : null
2023-11-27 22:37:11,043 [WARN] ConditionMgr:1039 - genDependencies : Invalid condition id : UX DEVICE CLASS RTOS Condition cause : null
2023-11-27 22:37:11,043 [WARN] ConditionMgr:1039 - genDependencies : Invalid condition id : UX DEVICE CLASS RTOS Condition cause : null
2023-11-27 22:37:11,044 [WARN] ConditionMgr:1039 - genDependencies : Invalid condition id : UX DEVICE CLASS RTOS Condition cause : null
2023-11-27 22:37:11,062 [WARN] PackLoader:240 - Cannot read IP mode file for wolfSSL.I-CUBE-wolfSSL.5.5.4
2023-11-27 22:37:11,075 [WARN] PackLoader:240 - Cannot read IP mode file for STMicroelectronics.X-CUBE-NFC7.1.0.1
2023-11-27 22:37:11,089 [WARN] PackLoader:240 - Cannot read IP mode file for STMicroelectronics.X-CUBE-NFC7.1.0.0
2023-11-27 22:37:11,104 [WARN] PackLoader:240 - Cannot read IP mode file for STMicroelectronics.X-CUBE-NFC6.3.0.0
2023-11-27 22:37:11,107 [INFO] WebApp:188 - Starting web application
2023-11-27 22:37:11,107 [INFO] WebApp:520 - Web application path used C:\ST\STM32CubeIDE_1.11.2\STM32CubeIDE\plugins\com.st.stm32cube.common.mx_6.9.2.202309101412\db\plugins\mcufinder\reactClient1\index.html
2023-11-27 22:37:11,121 [WARN] PackLoader:240 - Cannot read IP mode file for STMicroelectronics.X-CUBE-EEPRMA1.4.1.0
2023-11-27 22:37:11,137 [WARN] PackLoader:240 - Cannot read IP mode file for STMicroelectronics.X-CUBE-AI.8.1.0
2023-11-27 22:37:11,171 [WARN] ConditionMgr:438 - getConditionDescription Invalid condition id : LAN8742 Phy interface Condition cause : null
2023-11-27 22:37:11,172 [WARN] PackLoader:240 - Cannot read IP mode file for STMicroelectronics.X-CUBE-AZRTOS-L4.2.0.0
2023-11-27 22:37:11,174 [WARN] ConditionMgr:1039 - genDependencies : Invalid condition id : LAN8742 Phy interface Condition cause : null
2023-11-27 22:37:11,174 [WARN] ConditionMgr:1039 - genDependencies : Invalid condition id : LAN8742 Phy interface Condition cause : null
2023-11-27 22:37:11,174 [WARN] ConditionMgr:1039 - genDependencies : Invalid condition id : LAN8742 Phy interface Condition cause : null
2023-11-27 22:37:11,191 [WARN] PackLoader:240 - Cannot read IP mode file for STMicroelectronics.X-CUBE-SFXS2LP1.4.0.0
2023-11-27 22:37:11,234 [WARN] PackLoader:240 - Cannot read IP mode file for STMicroelectronics.X-CUBE-AZRTOS-H7.3.0.0
2023-11-27 22:37:11,251 [WARN] PackLoader:240 - Cannot read IP mode file for STMicroelectronics.X-CUBE-ISPU.1.1.0
2023-11-27 22:37:11,271 [WARN] PackLoader:240 - Cannot read IP mode file for RoweBots.I-CUBE-UNISONRTOS.5.5.0-4
2023-11-27 22:37:11,292 [WARN] PackLoader:240 - Cannot read IP mode file for STMicroelectronics.X-CUBE-AI.8.0.0
2023-11-27 22:37:11,325 [WARN] ConditionMgr:438 - getConditionDescription Invalid condition id : UX DEVICE CLASS RTOS Condition cause : null
2023-11-27 22:37:11,325 [WARN] ConditionMgr:438 - getConditionDescription Invalid condition id : UX DEVICE CLASS RTOS Condition cause : null
2023-11-27 22:37:11,328 [WARN] PackLoader:240 - Cannot read IP mode file for STMicroelectronics.X-CUBE-AZRTOS-WB.2.0.0
2023-11-27 22:37:11,329 [WARN] ConditionMgr:1039 - genDependencies : Invalid condition id : UX DEVICE CLASS RTOS Condition cause : null
2023-11-27 22:37:11,330 [WARN] ConditionMgr:1039 - genDependencies : Invalid condition id : UX DEVICE CLASS RTOS Condition cause : null
2023-11-27 22:37:11,331 [WARN] ConditionMgr:1039 - genDependencies : Invalid condition id : UX DEVICE CLASS RTOS Condition cause : null
2023-11-27 22:37:11,331 [WARN] ConditionMgr:1039 - genDependencies : Invalid condition id : UX DEVICE CLASS RTOS Condition cause : null
2023-11-27 22:37:11,331 [WARN] ConditionMgr:1039 - genDependencies : Invalid condition id : UX DEVICE CLASS RTOS Condition cause : null
2023-11-27 22:37:11,351 [WARN] PackLoader:240 - Cannot read IP mode file for STMicroelectronics.X-CUBE-FREERTOS.1.0.1
2023-11-27 22:37:11,386 [WARN] PackLoader:240 - Cannot read IP mode file for STMicroelectronics.X-CUBE-AZRTOS-L5.1.1.0
2023-11-27 22:37:11,407 [WARN] PackLoader:240 - Cannot read IP mode file for STMicroelectronics.X-CUBE-SUBG2.5.0.0
2023-11-27 22:37:11,433 [WARN] PackLoader:240 - Cannot read IP mode file for STMicroelectronics.X-CUBE-TOF1.3.3.1
2023-11-27 22:37:11,471 [WARN] PackLoader:240 - Cannot read IP mode file for STMicroelectronics.X-CUBE-AZRTOS-G4.2.0.0
2023-11-27 22:37:11,501 [WARN] PackLoader:240 - Cannot read IP mode file for STMicroelectronics.FP-ATR-ASTRA1.1.1.1
2023-11-27 22:37:11,538 [WARN] PackLoader:240 - Cannot read IP mode file for Infineon.AIROC-Wi-Fi-Bluetooth-STM32.1.5.1
2023-11-27 22:37:11,721 [WARN] PackLoader:240 - Cannot read IP mode file for STMicroelectronics.FP-SNS-MOTENVWB1.1.3.0
2023-11-27 22:37:11,790 [WARN] PackLoader:240 - Cannot read IP mode file for STMicroelectronics.X-CUBE-AZRTOS-G4.1.0.0
2023-11-27 22:37:11,827 [WARN] PackLoader:240 - Cannot read IP mode file for STMicroelectronics.X-CUBE-AZRTOS-L4.1.0.0
2023-11-27 22:37:11,930 [WARN] PackLoader:240 - Cannot read IP mode file for STMicroelectronics.X-CUBE-MEMS1.10.0.0
2023-11-27 22:37:12,060 [WARN] PackLoader:240 - Cannot read IP mode file for STMicroelectronics.X-CUBE-FREERTOS.1.1.0
2023-11-27 22:37:12,098 [WARN] PackLoader:240 - Cannot read IP mode file for STMicroelectronics.X-CUBE-AZRTOS-WL.1.0.0
2023-11-27 22:37:12,125 [WARN] PackLoader:240 - Cannot read IP mode file for portGmbH.I-Cube-SoM-uGOAL.1.1.0
2023-11-27 22:37:12,157 [WARN] PackLoader:240 - Cannot read IP mode file for STMicroelectronics.X-CUBE-ALS.1.0.1
2023-11-27 22:37:12,189 [WARN] PackLoader:240 - Cannot read IP mode file for STMicroelectronics.X-CUBE-AZRTOS-WB.1.1.0
2023-11-27 22:37:12,208 [WARN] PackLoader:240 - Cannot read IP mode file for STMicroelectronics.FP-ATR-ASTRA1.2.0.0
2023-11-27 22:37:12,250 [WARN] PackLoader:240 - Cannot read IP mode file for STMicroelectronics.X-CUBE-TOF1.3.4.0
2023-11-27 22:37:12,262 [INFO] ThirdParty:978 - Integrity check success = true
2023-11-27 22:37:12,262 [INFO] IntegrityCheckThread:100 - exiting critical section [integrity check]
2023-11-27 22:37:12,262 [INFO] IntegrityCheckThread:103 - End integrity checks thread
2023-11-27 22:37:32,117 [ERROR] LogOutputStream:75 - [STDERR_REDIRECT] SLF4J: Failed to load class "org.slf4j.impl.StaticLoggerBinder".
2023-11-27 22:37:32,118 [ERROR] LogOutputStream:75 - [STDERR_REDIRECT] SLF4J: Defaulting to no-operation (NOP) logger implementation
2023-11-27 22:37:32,120 [ERROR] LogOutputStream:75 - [STDERR_REDIRECT] SLF4J: See http://www.slf4j.org/codes.html#StaticLoggerBinder for further details.
2023-11-27 23:09:40,729 [ERROR] LogOutputStream:75 - [STDERR_REDIRECT] 
