2024-06-15 00:44:34,826 [ERROR] LogOutputStream:75 - [STDERR_REDIRECT] 
2024-06-15 09:31:00,268 [INFO] Activator:176 - 


2024-06-15 09:31:00,270 [INFO] Activator:177 - !SESSION log4j initialized
2024-06-15 09:31:08,193 [INFO] LogOutputStream:77 - [STDOUT_REDIRECT] 
2024-06-15 09:31:10,924 [INFO] ApplicationProperties:184 - Using Application install path: C:\ST\STM32CubeIDE_1.11.2\STM32CubeIDE\plugins\com.st.stm32cube.common.mx_6.11.1.202404110753
2024-06-15 09:31:10,947 [INFO] DbMcusXml:78 - Set database path to: C:\ST\STM32CubeIDE_1.11.2\STM32CubeIDE\plugins\com.st.stm32cube.common.mx_6.11.1.202404110753\\db\/mcu/
2024-06-15 09:31:10,948 [INFO] ApiDb:274 - Set plugin database path to: C:\ST\STM32CubeIDE_1.11.2\STM32CubeIDE\plugins\com.st.stm32cube.common.mx_6.11.1.202404110753\\db\/plugins/boardmanager/
2024-06-15 09:31:10,948 [WARN] ApiDb:259 - Overriding images path with different value:  => C:\ST\STM32CubeIDE_1.11.2\STM32CubeIDE\plugins\com.st.stm32cube.common.mx_6.11.1.202404110753\\db\/plugins/mcufinder/images/
2024-06-15 09:31:10,968 [INFO] ApiDb:250 - Set database path to: C:\Users\erkan\.stmcufinder\plugins\mcufinder//mcu/
2024-06-15 09:31:10,969 [INFO] DbMcusAds:125 - Set database path to: C:\Users\erkan\.stmcufinder\plugins\mcufinder//mcu/
2024-06-15 09:31:10,971 [INFO] CrossReferenceDbSqlite:203 - Set database path to: C:\Users\erkan\.stmcufinder\plugins\mcufinder//mcu/cs/
2024-06-15 09:31:11,095 [INFO] RulesReader:64 - Compatibility file has been processed (297 Rules)
2024-06-15 09:31:11,209 [INFO] DbMcusXml:78 - Set database path to: C:\ST\STM32CubeIDE_1.11.2\STM32CubeIDE\plugins\com.st.stm32cube.common.mx_6.11.1.202404110753\\db\/mcu/
2024-06-15 09:31:11,210 [INFO] ApiDb:274 - Set plugin database path to: C:\ST\STM32CubeIDE_1.11.2\STM32CubeIDE\plugins\com.st.stm32cube.common.mx_6.11.1.202404110753\\db\/plugins/boardmanager/
2024-06-15 09:31:11,210 [INFO] ApiDb:261 - Set plugin images path to: C:\ST\STM32CubeIDE_1.11.2\STM32CubeIDE\plugins\com.st.stm32cube.common.mx_6.11.1.202404110753\\db\/plugins/mcufinder/images/
2024-06-15 09:31:11,210 [WARN] DbFile:41 - Overriding database path with different value: C:\Users\erkan\.stmcufinder\plugins\mcufinder/ => C:\Users\erkan\.stmcufinder\plugins\mcufinder
2024-06-15 09:31:11,210 [INFO] ApiDb:250 - Set database path to: C:\Users\erkan\.stmcufinder\plugins\mcufinder//mcu/
2024-06-15 09:31:11,210 [WARN] DbFile:41 - Overriding database path with different value: C:\Users\erkan\.stmcufinder\plugins\mcufinder/ => C:\Users\erkan\.stmcufinder\plugins\mcufinder
2024-06-15 09:31:11,210 [INFO] DbMcusAds:125 - Set database path to: C:\Users\erkan\.stmcufinder\plugins\mcufinder//mcu/
2024-06-15 09:31:11,210 [WARN] DbFile:41 - Overriding database path with different value: C:\Users\erkan\.stmcufinder\plugins\mcufinder/ => C:\Users\erkan\.stmcufinder\plugins\mcufinder
2024-06-15 09:31:11,210 [WARN] DbFile:41 - Overriding database path with different value: C:\Users\erkan\.stmcufinder\plugins\mcufinder/ => C:\Users\erkan\.stmcufinder\plugins\mcufinder
2024-06-15 09:31:11,210 [INFO] CrossReferenceDbSqlite:203 - Set database path to: C:\Users\erkan\.stmcufinder\plugins\mcufinder//mcu/cs/
2024-06-15 09:31:11,299 [INFO] MainPanel:264 - HeapMemory: 268435456
2024-06-15 09:31:11,413 [INFO] DbMcusXml:78 - Set database path to: C:\ST\STM32CubeIDE_1.11.2\STM32CubeIDE\plugins\com.st.stm32cube.common.mx_6.11.1.202404110753\\db\/mcu/
2024-06-15 09:31:11,413 [INFO] ApiDb:274 - Set plugin database path to: C:\ST\STM32CubeIDE_1.11.2\STM32CubeIDE\plugins\com.st.stm32cube.common.mx_6.11.1.202404110753\\db\/plugins/boardmanager/
2024-06-15 09:31:11,413 [INFO] ApiDb:261 - Set plugin images path to: C:\ST\STM32CubeIDE_1.11.2\STM32CubeIDE\plugins\com.st.stm32cube.common.mx_6.11.1.202404110753\\db\/plugins/mcufinder/images/
2024-06-15 09:31:11,413 [WARN] DbFile:41 - Overriding database path with different value: C:\Users\erkan\.stmcufinder\plugins\mcufinder/ => C:\Users\erkan\.stmcufinder\plugins\mcufinder
2024-06-15 09:31:11,413 [INFO] ApiDb:250 - Set database path to: C:\Users\erkan\.stmcufinder\plugins\mcufinder//mcu/
2024-06-15 09:31:11,414 [WARN] DbFile:41 - Overriding database path with different value: C:\Users\erkan\.stmcufinder\plugins\mcufinder/ => C:\Users\erkan\.stmcufinder\plugins\mcufinder
2024-06-15 09:31:11,414 [INFO] DbMcusAds:125 - Set database path to: C:\Users\erkan\.stmcufinder\plugins\mcufinder//mcu/
2024-06-15 09:31:11,414 [WARN] DbFile:41 - Overriding database path with different value: C:\Users\erkan\.stmcufinder\plugins\mcufinder/ => C:\Users\erkan\.stmcufinder\plugins\mcufinder
2024-06-15 09:31:11,414 [WARN] DbFile:41 - Overriding database path with different value: C:\Users\erkan\.stmcufinder\plugins\mcufinder/ => C:\Users\erkan\.stmcufinder\plugins\mcufinder
2024-06-15 09:31:11,414 [INFO] CrossReferenceDbSqlite:203 - Set database path to: C:\Users\erkan\.stmcufinder\plugins\mcufinder//mcu/cs/
2024-06-15 09:31:11,436 [INFO] ApplicationProperties:184 - Using Application install path: C:\ST\STM32CubeIDE_1.11.2\STM32CubeIDE\plugins\com.st.stm32cube.common.mx_6.11.1.202404110753
2024-06-15 09:31:11,438 [INFO] PluginManage:196 - Search for loadable plugins [exclusion list=, ]
2024-06-15 09:31:11,439 [INFO] PluginManage:310 - Check plugin analytics
2024-06-15 09:31:11,630 [INFO] AnalyticsPlugin:253 - Accepted Software Licenses: STM32CubeMX.6.9.2
2024-06-15 09:31:11,630 [INFO] AnalyticsPlugin:255 - Accepted CMSIS Pack Licenses: 
2024-06-15 09:31:11,631 [INFO] AnalyticsPlugin:257 - Accepted Firmware Licenses: 
2024-06-15 09:31:11,633 [INFO] PluginManage:359 - Loaded plugin analytics (category:tool,tabindex:-1)
2024-06-15 09:31:11,633 [INFO] PluginManage:310 - Check plugin cadmodel
2024-06-15 09:31:11,654 [INFO] CADModel:105 - Init CAD model plugin
2024-06-15 09:31:11,654 [INFO] PluginManage:359 - Loaded plugin cadmodel (category:power,tabindex:5)
2024-06-15 09:31:11,655 [INFO] PluginManage:310 - Check plugin clock
2024-06-15 09:31:11,696 [INFO] PluginManage:359 - Loaded plugin clock (category:base,tabindex:2)
2024-06-15 09:31:11,696 [INFO] PluginManage:310 - Check plugin ddr
2024-06-15 09:31:11,699 [INFO] PluginManage:359 - Loaded plugin ddr (category:tool,tabindex:6)
2024-06-15 09:31:11,699 [INFO] PluginManage:310 - Check plugin filemanager
2024-06-15 09:31:11,886 [INFO] PluginManage:359 - Loaded plugin filemanager (category:base,tabindex:10)
2024-06-15 09:31:11,886 [INFO] PluginManage:310 - Check plugin ipmanager
2024-06-15 09:31:11,904 [INFO] PluginManage:359 - Loaded plugin ipmanager (category:base,tabindex:5)
2024-06-15 09:31:11,904 [INFO] PluginManage:310 - Check plugin lpbam
2024-06-15 09:31:11,932 [INFO] PluginManage:359 - Loaded plugin lpbam (category:base,tabindex:0)
2024-06-15 09:31:11,932 [INFO] PluginManage:310 - Check plugin memorymap
2024-06-15 09:31:11,956 [INFO] PluginManage:359 - Loaded plugin memorymap (category:base,tabindex:4)
2024-06-15 09:31:11,957 [INFO] PluginManage:310 - Check plugin pinoutandconfiguration
2024-06-15 09:31:11,974 [INFO] PluginManage:359 - Loaded plugin pinoutandconfiguration (category:base,tabindex:1)
2024-06-15 09:31:11,974 [INFO] PluginManage:310 - Check plugin pinoutconfig
2024-06-15 09:31:12,066 [WARN] SupportedApi:132 - Cannot load RTOS API schema: s4s-elt-must-match.1: The content of 'definitions' must match (annotation?, (simpleType | complexType)?, (unique | key | keyref)*)). A problem was found starting at: attribute.
2024-06-15 09:31:12,242 [INFO] PluginManage:359 - Loaded plugin pinoutconfig (category:base,tabindex:0)
2024-06-15 09:31:12,242 [INFO] PluginManage:310 - Check plugin power
2024-06-15 09:31:12,263 [INFO] PluginManage:359 - Loaded plugin power (category:power,tabindex:4)
2024-06-15 09:31:12,263 [INFO] PluginManage:310 - Check plugin projectmanager
2024-06-15 09:31:12,281 [INFO] PluginManage:359 - Loaded plugin projectmanager (category:projectmanager,tabindex:3)
2024-06-15 09:31:12,281 [INFO] PluginManage:310 - Check plugin thirdparty
2024-06-15 09:31:12,615 [INFO] PluginManage:359 - Loaded plugin thirdparty (category:base,tabindex:-1)
2024-06-15 09:31:12,615 [WARN] IntegrityCheckThread:84 - waiting for thirdparty lock release [integrity check]
2024-06-15 09:31:12,615 [INFO] PluginManage:310 - Check plugin tools
2024-06-15 09:31:12,615 [INFO] IntegrityCheckThread:86 - entering critical section [integrity check]
2024-06-15 09:31:12,616 [INFO] ThirdPartyUpdaterWithRetryManager:70 - Updater plugin not ready yet. [1/15]
2024-06-15 09:31:12,656 [INFO] PluginManage:359 - Loaded plugin tools (category:base,tabindex:7)
2024-06-15 09:31:12,657 [INFO] PluginManage:310 - Check plugin tutovideos
2024-06-15 09:31:12,919 [INFO] PluginManage:359 - Loaded plugin tutovideos (category:base,tabindex:-1)
2024-06-15 09:31:12,919 [INFO] PluginManage:310 - Check plugin updater
2024-06-15 09:31:12,935 [INFO] PluginManage:359 - Loaded plugin updater (category:base,tabindex:12)
2024-06-15 09:31:12,936 [INFO] PluginManage:310 - Check plugin userauth
2024-06-15 09:31:12,944 [INFO] UserAuth:114 - Init User Auth plugin
2024-06-15 09:31:12,944 [INFO] PluginManage:359 - Loaded plugin userauth (category:base,tabindex:14)
2024-06-15 09:31:12,944 [INFO] PluginManage:283 - PluginManage : Loaded plugins [17]
2024-06-15 09:31:13,200 [INFO] PinOutPanel:1561 - setPackage(No Configuration,No Configuration)
2024-06-15 09:31:13,290 [INFO] CADModel:165 - CPN selected for project level
2024-06-15 09:31:13,290 [INFO] CADModel:114 - Register for checkConnection events
2024-06-15 09:31:13,322 [INFO] IPUIPlugin:80 - create IPUIPlugin
2024-06-15 09:31:13,322 [INFO] PluginManager:220 - loadIPPluginJar : add adc
2024-06-15 09:31:13,370 [INFO] IPUIPlugin:80 - create IPUIPlugin
2024-06-15 09:31:13,370 [INFO] PluginManager:220 - loadIPPluginJar : add aes
2024-06-15 09:31:13,415 [INFO] IPUIPlugin:80 - create IPUIPlugin
2024-06-15 09:31:13,415 [INFO] PluginManager:220 - loadIPPluginJar : add can
2024-06-15 09:31:13,443 [INFO] IPUIPlugin:80 - create IPUIPlugin
2024-06-15 09:31:13,443 [INFO] PluginManager:220 - loadIPPluginJar : add comp
2024-06-15 09:31:13,495 [INFO] IPUIPlugin:80 - create IPUIPlugin
2024-06-15 09:31:13,495 [INFO] PluginManager:220 - loadIPPluginJar : add cryp
2024-06-15 09:31:13,534 [INFO] IPUIPlugin:80 - create IPUIPlugin
2024-06-15 09:31:13,534 [INFO] PluginManager:220 - loadIPPluginJar : add dfsdm
2024-06-15 09:31:13,549 [INFO] IPUIPlugin:80 - create IPUIPlugin
2024-06-15 09:31:13,550 [INFO] PluginManager:220 - loadIPPluginJar : add dma
2024-06-15 09:31:13,607 [INFO] IPUIPlugin:80 - create IPUIPlugin
2024-06-15 09:31:13,607 [INFO] PluginManager:220 - loadIPPluginJar : add dma3
2024-06-15 09:31:13,657 [INFO] IPUIPlugin:80 - create IPUIPlugin
2024-06-15 09:31:13,658 [INFO] PluginManager:220 - loadIPPluginJar : add extmemmanager
2024-06-15 09:31:13,678 [INFO] IPUIPlugin:80 - create IPUIPlugin
2024-06-15 09:31:13,678 [INFO] PluginManager:220 - loadIPPluginJar : add fatfs
2024-06-15 09:31:13,728 [INFO] IPUIPlugin:80 - create IPUIPlugin
2024-06-15 09:31:13,728 [INFO] PluginManager:220 - loadIPPluginJar : add fmc
2024-06-15 09:31:13,744 [INFO] IPUIPlugin:80 - create IPUIPlugin
2024-06-15 09:31:13,745 [INFO] PluginManager:220 - loadIPPluginJar : add freertos
2024-06-15 09:31:13,768 [INFO] IPUIPlugin:80 - create IPUIPlugin
2024-06-15 09:31:13,768 [INFO] PluginManager:220 - loadIPPluginJar : add genericplugin
2024-06-15 09:31:13,884 [INFO] IPUIPlugin:80 - create IPUIPlugin
2024-06-15 09:31:13,884 [INFO] PluginManager:220 - loadIPPluginJar : add gfxmmu
2024-06-15 09:31:14,027 [INFO] IPUIPlugin:80 - create IPUIPlugin
2024-06-15 09:31:14,027 [INFO] PluginManager:220 - loadIPPluginJar : add gic
2024-06-15 09:31:14,040 [INFO] IPUIPlugin:80 - create IPUIPlugin
2024-06-15 09:31:14,040 [INFO] PluginManager:220 - loadIPPluginJar : add gpio
2024-06-15 09:31:14,136 [INFO] IPUIPlugin:80 - create IPUIPlugin
2024-06-15 09:31:14,137 [INFO] PluginManager:220 - loadIPPluginJar : add gtzc
2024-06-15 09:31:14,184 [INFO] IPUIPlugin:80 - create IPUIPlugin
2024-06-15 09:31:14,185 [INFO] PluginManager:220 - loadIPPluginJar : add hash
2024-06-15 09:31:14,247 [INFO] IPUIPlugin:80 - create IPUIPlugin
2024-06-15 09:31:14,248 [INFO] PluginManager:220 - loadIPPluginJar : add i2c
2024-06-15 09:31:14,295 [INFO] IPUIPlugin:80 - create IPUIPlugin
2024-06-15 09:31:14,295 [INFO] PluginManager:220 - loadIPPluginJar : add i2s
2024-06-15 09:31:14,341 [INFO] IPUIPlugin:80 - create IPUIPlugin
2024-06-15 09:31:14,341 [INFO] PluginManager:220 - loadIPPluginJar : add i3c
2024-06-15 09:31:14,453 [INFO] IPUIPlugin:80 - create IPUIPlugin
2024-06-15 09:31:14,453 [INFO] PluginManager:220 - loadIPPluginJar : add ipddr
2024-06-15 09:31:14,558 [INFO] IPUIPlugin:80 - create IPUIPlugin
2024-06-15 09:31:14,559 [INFO] PluginManager:220 - loadIPPluginJar : add linkedlist
2024-06-15 09:31:14,603 [INFO] IPUIPlugin:80 - create IPUIPlugin
2024-06-15 09:31:14,604 [INFO] PluginManager:220 - loadIPPluginJar : add lorawan
2024-06-15 09:31:14,642 [INFO] IPUIPlugin:80 - create IPUIPlugin
2024-06-15 09:31:14,642 [INFO] PluginManager:220 - loadIPPluginJar : add ltdc
2024-06-15 09:31:14,656 [INFO] IPUIPlugin:80 - create IPUIPlugin
2024-06-15 09:31:14,656 [INFO] PluginManager:220 - loadIPPluginJar : add mdma
2024-06-15 09:31:14,669 [INFO] IPUIPlugin:80 - create IPUIPlugin
2024-06-15 09:31:14,669 [INFO] PluginManager:220 - loadIPPluginJar : add nvic
2024-06-15 09:31:14,708 [INFO] IPUIPlugin:80 - create IPUIPlugin
2024-06-15 09:31:14,708 [INFO] PluginManager:220 - loadIPPluginJar : add opamp
2024-06-15 09:31:14,779 [INFO] IPUIPlugin:80 - create IPUIPlugin
2024-06-15 09:31:14,780 [INFO] PluginManager:220 - loadIPPluginJar : add openamp
2024-06-15 09:31:14,826 [INFO] IPUIPlugin:80 - create IPUIPlugin
2024-06-15 09:31:14,826 [INFO] PluginManager:220 - loadIPPluginJar : add pdm2pcm
2024-06-15 09:31:14,841 [INFO] IPUIPlugin:80 - create IPUIPlugin
2024-06-15 09:31:14,844 [INFO] PluginManager:220 - loadIPPluginJar : add plateformsettings
2024-06-15 09:31:14,867 [INFO] IPUIPlugin:80 - create IPUIPlugin
2024-06-15 09:31:14,868 [INFO] PluginManager:220 - loadIPPluginJar : add quadspi
2024-06-15 09:31:14,880 [INFO] IPUIPlugin:80 - create IPUIPlugin
2024-06-15 09:31:14,880 [INFO] PluginManager:220 - loadIPPluginJar : add resmgrutility
2024-06-15 09:31:14,933 [INFO] IPUIPlugin:80 - create IPUIPlugin
2024-06-15 09:31:14,933 [INFO] PluginManager:220 - loadIPPluginJar : add sai
2024-06-15 09:31:14,981 [INFO] IPUIPlugin:80 - create IPUIPlugin
2024-06-15 09:31:14,981 [INFO] PluginManager:220 - loadIPPluginJar : add spi
2024-06-15 09:31:15,053 [INFO] IPUIPlugin:80 - create IPUIPlugin
2024-06-15 09:31:15,053 [INFO] PluginManager:220 - loadIPPluginJar : add stm32_wpan
2024-06-15 09:31:15,077 [INFO] IPUIPlugin:80 - create IPUIPlugin
2024-06-15 09:31:15,077 [INFO] PluginManager:220 - loadIPPluginJar : add tim
2024-06-15 09:31:15,141 [INFO] IPUIPlugin:80 - create IPUIPlugin
2024-06-15 09:31:15,142 [INFO] PluginManager:220 - loadIPPluginJar : add touchsensing
2024-06-15 09:31:15,166 [INFO] IPUIPlugin:80 - create IPUIPlugin
2024-06-15 09:31:15,167 [INFO] PluginManager:220 - loadIPPluginJar : add tracer_emb
2024-06-15 09:31:15,191 [INFO] IPUIPlugin:80 - create IPUIPlugin
2024-06-15 09:31:15,191 [INFO] PluginManager:220 - loadIPPluginJar : add ts
2024-06-15 09:31:15,214 [INFO] IPUIPlugin:80 - create IPUIPlugin
2024-06-15 09:31:15,214 [INFO] PluginManager:220 - loadIPPluginJar : add tsc
2024-06-15 09:31:15,237 [INFO] IPUIPlugin:80 - create IPUIPlugin
2024-06-15 09:31:15,238 [INFO] PluginManager:220 - loadIPPluginJar : add ucpd
2024-06-15 09:31:15,286 [INFO] IPUIPlugin:80 - create IPUIPlugin
2024-06-15 09:31:15,286 [INFO] PluginManager:220 - loadIPPluginJar : add usart
2024-06-15 09:31:15,332 [INFO] IPUIPlugin:80 - create IPUIPlugin
2024-06-15 09:31:15,332 [INFO] PluginManager:220 - loadIPPluginJar : add usbx
2024-06-15 09:31:15,471 [INFO] CADModel:165 - CPN selected for project level
2024-06-15 09:31:15,471 [INFO] CADModel:114 - Register for checkConnection events
2024-06-15 09:31:15,471 [FATAL] Updater:308 - Updater called before beeing initialized
2024-06-15 09:31:15,471 [ERROR] CADModel:125 - Updater not yet initialized, retry later 
2024-06-15 09:31:15,617 [INFO] ThirdPartyUpdaterWithRetryManager:70 - Updater plugin not ready yet. [2/15]
2024-06-15 09:31:15,630 [INFO] CADModel:165 - CPN selected for project level
2024-06-15 09:31:15,630 [INFO] CADModel:114 - Register for checkConnection events
2024-06-15 09:31:15,630 [FATAL] Updater:308 - Updater called before beeing initialized
2024-06-15 09:31:15,630 [ERROR] CADModel:125 - Updater not yet initialized, retry later 
2024-06-15 09:31:15,633 [FATAL] Updater:308 - Updater called before beeing initialized
2024-06-15 09:31:15,750 [FATAL] Updater:308 - Updater called before beeing initialized
2024-06-15 09:31:15,761 [INFO] DbMcusAds:53 - JSON generation date=Thu May 16 11:22:00 CEST 2024 (1715851320852)
2024-06-15 09:31:15,761 [FATAL] Updater:308 - Updater called before beeing initialized
2024-06-15 09:31:15,803 [WARN] DetailPanel:346 - Failed to get advertising image, set to default
2024-06-15 09:31:15,906 [FATAL] Updater:308 - Updater called before beeing initialized
2024-06-15 09:31:15,909 [FATAL] Updater:308 - Updater called before beeing initialized
2024-06-15 09:31:15,909 [FATAL] Updater:308 - Updater called before beeing initialized
2024-06-15 09:31:15,909 [WARN] DetailPanel:346 - Failed to get advertising image, set to default
2024-06-15 09:31:15,910 [FATAL] Updater:308 - Updater called before beeing initialized
2024-06-15 09:31:15,977 [ERROR] Updater:1120 - MainUpdater not yet initialized. External WinMGr cannot be set.
2024-06-15 09:31:15,987 [INFO] Updater:1056 - Updater Version found : 6.11.1
2024-06-15 09:31:16,006 [INFO] ApplicationProperties:184 - Using Application install path: C:\ST\STM32CubeIDE_1.11.2\STM32CubeIDE\plugins\com.st.stm32cube.common.mx_6.11.1.202404110753
2024-06-15 09:31:16,439 [INFO] MainUpdater:2873 - connection check result : 10
2024-06-15 09:31:16,440 [INFO] MainUpdater:290 - Updater Check For Update Now.
2024-06-15 09:31:16,440 [INFO] MicroXplorer:498 - Change Database Version : DB.6.0.111
2024-06-15 09:31:16,456 [INFO] McuFinderGlobals:63 - Set McuFinder mode to 2 (CubeIDE integrated)
2024-06-15 09:31:16,456 [INFO] UserAuth:179 - activating auth plugin
2024-06-15 09:31:16,459 [INFO] UserAuth:415 - Internet connection configuration mode: 1
2024-06-15 09:31:16,491 [INFO] JxBrowserEngine:152 - Initiate JxBrowser Engine with user profile folder
2024-06-15 09:31:16,644 [INFO] CheckServerUpdateThread:120 - End of CheckServer Thread
2024-06-15 09:31:18,875 [WARN] PackLoader:240 - Cannot read IP mode file for STMicroelectronics.FP-SNS-MOTENVWB1.1.4.0
2024-06-15 09:31:18,894 [WARN] PackLoader:240 - Cannot read IP mode file for STMicroelectronics.X-CUBE-SMBUS.2.1.0
2024-06-15 09:31:18,910 [WARN] PackLoader:240 - Cannot read IP mode file for STMicroelectronics.X-CUBE-TOUCHGFX.4.23.0
2024-06-15 09:31:18,923 [WARN] PackLoader:240 - Cannot read IP mode file for STMicroelectronics.X-CUBE-TOUCHGFX.4.23.2
2024-06-15 09:31:18,964 [WARN] PackLoader:240 - Cannot read IP mode file for STMicroelectronics.X-CUBE-AZRTOS-F7.1.1.0
2024-06-15 09:31:18,985 [WARN] PackLoader:240 - Cannot read IP mode file for STMicroelectronics.FP-SNS-MOTENV1.4.3.2
2024-06-15 09:31:19,004 [WARN] PackLoader:240 - Cannot read IP mode file for STMicroelectronics.X-CUBE-BLE1.6.2.4
2024-06-15 09:31:19,021 [WARN] PackLoader:240 - Cannot read IP mode file for STMicroelectronics.FP-SNS-FLIGHT1.5.0.2
2024-06-15 09:31:19,039 [WARN] PackLoader:240 - Cannot read IP mode file for STMicroelectronics.X-CUBE-DISPLAY.3.0.0
2024-06-15 09:31:19,061 [WARN] PackLoader:240 - Cannot read IP mode file for STMicroelectronics.X-CUBE-BLE1.7.0.0
2024-06-15 09:31:19,074 [WARN] PackLoader:240 - Cannot read IP mode file for STMicroelectronics.X-CUBE-TOUCHGFX.4.22.0
2024-06-15 09:31:19,087 [WARN] PackLoader:240 - Cannot read IP mode file for STMicroelectronics.X-CUBE-TOUCHGFX.4.22.1
2024-06-15 09:31:19,106 [WARN] PackLoader:240 - Cannot read IP mode file for STMicroelectronics.X-CUBE-BLEMGR.3.1.0
2024-06-15 09:31:19,127 [WARN] PackLoader:240 - Cannot read IP mode file for STMicroelectronics.FP-SNS-SMARTAG2.1.2.0
2024-06-15 09:31:19,152 [INFO] LogOutputStream:77 - [STDOUT_REDIRECT] 1 : Invalid condition id : UX_CORESTACK_Condition cause : null
2024-06-15 09:31:19,153 [INFO] LogOutputStream:77 - [STDOUT_REDIRECT] 1 : Invalid condition id : UX_CORESTACK_Condition cause : null
2024-06-15 09:31:19,154 [INFO] LogOutputStream:77 - [STDOUT_REDIRECT] 1 : Invalid condition id : UX_CORESTACK_Condition cause : null
2024-06-15 09:31:19,156 [INFO] LogOutputStream:77 - [STDOUT_REDIRECT] 1 : Invalid condition id : UX_CORESTACK_Condition cause : null
2024-06-15 09:31:19,157 [INFO] LogOutputStream:77 - [STDOUT_REDIRECT] 1 : Invalid condition id : UX_CORESTACK_Condition cause : null
2024-06-15 09:31:19,161 [WARN] PackLoader:240 - Cannot read IP mode file for STMicroelectronics.X-CUBE-AZRTOS-WL.2.0.0
2024-06-15 09:31:19,178 [WARN] PackLoader:240 - Cannot read IP mode file for STMicroelectronics.FP-SNS-MOTENV1.5.0.0
2024-06-15 09:31:19,197 [WARN] PackLoader:240 - Cannot read IP mode file for WES.I-CUBE-Cesium.1.3.0
2024-06-15 09:31:19,212 [WARN] PackLoader:240 - Cannot read IP mode file for STMicroelectronics.X-CUBE-BLE2.3.3.0
2024-06-15 09:31:19,238 [WARN] PackLoader:240 - Cannot read IP mode file for STMicroelectronics.X-CUBE-TOF1.3.2.0
2024-06-15 09:31:19,257 [WARN] PackLoader:240 - Cannot read IP mode file for STMicroelectronics.X-CUBE-TCPP.4.1.0
2024-06-15 09:31:19,271 [WARN] PackLoader:240 - Cannot read IP mode file for STMicroelectronics.X-CUBE-TOUCHGFX.4.21.1
2024-06-15 09:31:19,283 [WARN] PackLoader:240 - Cannot read IP mode file for STMicroelectronics.X-CUBE-AI.7.3.0
2024-06-15 09:31:19,297 [WARN] PackLoader:240 - Cannot read IP mode file for STMicroelectronics.X-CUBE-ALGOBUILD.1.3.0
2024-06-15 09:31:19,324 [WARN] PackLoader:240 - Cannot read IP mode file for STMicroelectronics.X-CUBE-AZRTOS-G0.1.1.0
2024-06-15 09:31:19,342 [WARN] PackLoader:240 - Cannot read IP mode file for STMicroelectronics.X-CUBE-SAFEA1.1.2.2
2024-06-15 09:31:19,360 [WARN] PackLoader:240 - Cannot read IP mode file for STMicroelectronics.X-CUBE-NFC4.3.0.0
2024-06-15 09:31:19,376 [WARN] PackLoader:240 - Cannot read IP mode file for wolfSSL.I-CUBE-wolfMQTT.1.18.0
2024-06-15 09:31:19,393 [WARN] PackLoader:240 - Cannot read IP mode file for STMicroelectronics.X-CUBE-BLEMGR.3.0.0
2024-06-15 09:31:19,411 [WARN] PackLoader:240 - Cannot read IP mode file for STMicroelectronics.X-CUBE-BLEMGR.1.3.0
2024-06-15 09:31:19,426 [WARN] PackLoader:240 - Cannot read IP mode file for STMicroelectronics.FP-ATR-SIGFOX1.3.2.0
2024-06-15 09:31:19,441 [WARN] PackLoader:240 - Cannot read IP mode file for STMicroelectronics.X-CUBE-EEPRMA1.5.1.0
2024-06-15 09:31:19,485 [WARN] PackLoader:240 - Cannot read IP mode file for STMicroelectronics.X-CUBE-MEMS1.9.5.0
2024-06-15 09:31:19,680 [WARN] PackLoader:240 - Cannot read IP mode file for SEGGER.I-CUBE-embOS.1.3.1
2024-06-15 09:31:19,762 [WARN] PackLoader:240 - Cannot read IP mode file for STMicroelectronics.X-CUBE-ALGOBUILD.1.4.0
2024-06-15 09:31:19,784 [WARN] PackLoader:240 - Cannot read IP mode file for STMicroelectronics.X-CUBE-GNSS1.6.0.0
2024-06-15 09:31:19,814 [WARN] PackLoader:240 - Cannot read IP mode file for STMicroelectronics.X-CUBE-AZRTOS-F4.1.1.0
2024-06-15 09:31:19,831 [WARN] PackLoader:240 - Cannot read IP mode file for STMicroelectronics.X-CUBE-FREERTOS.1.2.0
2024-06-15 09:31:19,863 [WARN] PackLoader:240 - Cannot read IP mode file for STMicroelectronics.X-CUBE-AZRTOS-L5.2.0.0
2024-06-15 09:31:19,917 [WARN] PackLoader:240 - Cannot read IP mode file for STMicroelectronics.X-CUBE-MEMS1.9.6.0
2024-06-15 09:31:20,074 [WARN] PackLoader:240 - Cannot read IP mode file for STMicroelectronics.X-CUBE-EEPRMA1.4.2.0
2024-06-15 09:31:20,094 [WARN] PackLoader:240 - Cannot read IP mode file for STMicroelectronics.X-CUBE-NFC6.3.1.0
2024-06-15 09:31:20,112 [WARN] PackLoader:240 - Cannot read IP mode file for ITTIA_DB.I-CUBE-ITTIADB.8.8.0
2024-06-15 09:31:20,134 [WARN] PackLoader:240 - Cannot read IP mode file for emotas.I-CUBE-CANOPEN.1.1.3
2024-06-15 09:31:20,152 [WARN] PackLoader:240 - Cannot read IP mode file for STMicroelectronics.X-CUBE-BLEMGR.2.0.0
2024-06-15 09:31:20,167 [WARN] PackLoader:240 - Cannot read IP mode file for STMicroelectronics.X-CUBE-AI.9.0.0
2024-06-15 09:31:20,192 [WARN] ConditionMgr:438 - getConditionDescription Invalid condition id : UX DEVICE CLASS RTOS Condition cause : null
2024-06-15 09:31:20,192 [WARN] ConditionMgr:438 - getConditionDescription Invalid condition id : UX DEVICE CLASS RTOS Condition cause : null
2024-06-15 09:31:20,194 [WARN] PackLoader:240 - Cannot read IP mode file for STMicroelectronics.X-CUBE-AZRTOS-H7.3.1.0
2024-06-15 09:31:20,195 [WARN] ConditionMgr:1039 - genDependencies : Invalid condition id : UX DEVICE CLASS RTOS Condition cause : null
2024-06-15 09:31:20,196 [WARN] ConditionMgr:1039 - genDependencies : Invalid condition id : UX DEVICE CLASS RTOS Condition cause : null
2024-06-15 09:31:20,196 [WARN] ConditionMgr:1039 - genDependencies : Invalid condition id : UX DEVICE CLASS RTOS Condition cause : null
2024-06-15 09:31:20,197 [WARN] ConditionMgr:1039 - genDependencies : Invalid condition id : UX DEVICE CLASS RTOS Condition cause : null
2024-06-15 09:31:20,197 [WARN] ConditionMgr:1039 - genDependencies : Invalid condition id : UX DEVICE CLASS RTOS Condition cause : null
2024-06-15 09:31:20,210 [WARN] PackLoader:240 - Cannot read IP mode file for wolfSSL.I-CUBE-wolfSSL.5.5.4
2024-06-15 09:31:20,224 [WARN] PackLoader:240 - Cannot read IP mode file for STMicroelectronics.X-CUBE-NFC7.1.0.1
2024-06-15 09:31:20,237 [WARN] PackLoader:240 - Cannot read IP mode file for STMicroelectronics.X-CUBE-NFC7.1.0.0
2024-06-15 09:31:20,251 [WARN] PackLoader:240 - Cannot read IP mode file for STMicroelectronics.X-CUBE-NFC6.3.0.0
2024-06-15 09:31:20,266 [WARN] PackLoader:240 - Cannot read IP mode file for STMicroelectronics.X-CUBE-EEPRMA1.4.1.0
2024-06-15 09:31:20,279 [WARN] PackLoader:240 - Cannot read IP mode file for STMicroelectronics.X-CUBE-AI.8.1.0
2024-06-15 09:31:20,306 [WARN] ConditionMgr:438 - getConditionDescription Invalid condition id : LAN8742 Phy interface Condition cause : null
2024-06-15 09:31:20,307 [WARN] PackLoader:240 - Cannot read IP mode file for STMicroelectronics.X-CUBE-AZRTOS-L4.2.0.0
2024-06-15 09:31:20,308 [WARN] ConditionMgr:1039 - genDependencies : Invalid condition id : LAN8742 Phy interface Condition cause : null
2024-06-15 09:31:20,308 [WARN] ConditionMgr:1039 - genDependencies : Invalid condition id : LAN8742 Phy interface Condition cause : null
2024-06-15 09:31:20,308 [WARN] ConditionMgr:1039 - genDependencies : Invalid condition id : LAN8742 Phy interface Condition cause : null
2024-06-15 09:31:20,324 [WARN] PackLoader:240 - Cannot read IP mode file for STMicroelectronics.X-CUBE-SFXS2LP1.4.0.0
2024-06-15 09:31:20,357 [WARN] PackLoader:240 - Cannot read IP mode file for STMicroelectronics.X-CUBE-AZRTOS-H7.3.0.0
2024-06-15 09:31:20,378 [WARN] PackLoader:240 - Cannot read IP mode file for STMicroelectronics.X-CUBE-ISPU.1.1.0
2024-06-15 09:31:20,398 [WARN] PackLoader:240 - Cannot read IP mode file for RoweBots.I-CUBE-UNISONRTOS.5.5.0-4
2024-06-15 09:31:20,414 [WARN] PackLoader:240 - Cannot read IP mode file for STMicroelectronics.X-CUBE-AI.8.0.0
2024-06-15 09:31:20,435 [WARN] ConditionMgr:438 - getConditionDescription Invalid condition id : UX DEVICE CLASS RTOS Condition cause : null
2024-06-15 09:31:20,436 [WARN] ConditionMgr:438 - getConditionDescription Invalid condition id : UX DEVICE CLASS RTOS Condition cause : null
2024-06-15 09:31:20,437 [WARN] PackLoader:240 - Cannot read IP mode file for STMicroelectronics.X-CUBE-AZRTOS-WB.2.0.0
2024-06-15 09:31:20,437 [WARN] ConditionMgr:1039 - genDependencies : Invalid condition id : UX DEVICE CLASS RTOS Condition cause : null
2024-06-15 09:31:20,437 [WARN] ConditionMgr:1039 - genDependencies : Invalid condition id : UX DEVICE CLASS RTOS Condition cause : null
2024-06-15 09:31:20,437 [WARN] ConditionMgr:1039 - genDependencies : Invalid condition id : UX DEVICE CLASS RTOS Condition cause : null
2024-06-15 09:31:20,438 [WARN] ConditionMgr:1039 - genDependencies : Invalid condition id : UX DEVICE CLASS RTOS Condition cause : null
2024-06-15 09:31:20,438 [WARN] ConditionMgr:1039 - genDependencies : Invalid condition id : UX DEVICE CLASS RTOS Condition cause : null
2024-06-15 09:31:20,451 [WARN] PackLoader:240 - Cannot read IP mode file for STMicroelectronics.X-CUBE-FREERTOS.1.0.1
2024-06-15 09:31:20,476 [WARN] PackLoader:240 - Cannot read IP mode file for STMicroelectronics.X-CUBE-AZRTOS-L5.1.1.0
2024-06-15 09:31:20,504 [WARN] PackLoader:240 - Cannot read IP mode file for STMicroelectronics.X-CUBE-SUBG2.5.0.0
2024-06-15 09:31:20,528 [WARN] PackLoader:240 - Cannot read IP mode file for STMicroelectronics.X-CUBE-TOF1.3.3.1
2024-06-15 09:31:20,566 [WARN] PackLoader:240 - Cannot read IP mode file for STMicroelectronics.X-CUBE-AZRTOS-G4.2.0.0
2024-06-15 09:31:20,584 [WARN] PackLoader:240 - Cannot read IP mode file for STMicroelectronics.FP-ATR-ASTRA1.1.1.1
2024-06-15 09:31:20,610 [WARN] PackLoader:240 - Cannot read IP mode file for Infineon.AIROC-Wi-Fi-Bluetooth-STM32.1.5.1
2024-06-15 09:31:20,631 [WARN] PackLoader:240 - Cannot read IP mode file for STMicroelectronics.FP-SNS-MOTENVWB1.1.3.0
2024-06-15 09:31:20,649 [WARN] PackLoader:240 - Cannot read IP mode file for STMicroelectronics.FP-SNS-MOTENVWB1.1.3.1
2024-06-15 09:31:20,679 [WARN] PackLoader:240 - Cannot read IP mode file for STMicroelectronics.X-CUBE-AZRTOS-G4.1.0.0
2024-06-15 09:31:20,716 [WARN] PackLoader:240 - Cannot read IP mode file for STMicroelectronics.X-CUBE-AZRTOS-L4.1.0.0
2024-06-15 09:31:20,731 [WARN] PackLoader:240 - Cannot read IP mode file for STMicroelectronics.X-CUBE-ISPU.2.0.0
2024-06-15 09:31:20,744 [WARN] PackLoader:240 - Cannot read IP mode file for STMicroelectronics.X-CUBE-ALS.1.0.2
2024-06-15 09:31:20,784 [WARN] PackLoader:240 - Cannot read IP mode file for STMicroelectronics.X-CUBE-MEMS1.10.0.0
2024-06-15 09:31:20,890 [WARN] PackLoader:240 - Cannot read IP mode file for STMicroelectronics.X-CUBE-FREERTOS.1.1.0
2024-06-15 09:31:20,922 [WARN] PackLoader:240 - Cannot read IP mode file for STMicroelectronics.X-CUBE-AZRTOS-WL.1.0.0
2024-06-15 09:31:20,944 [WARN] PackLoader:240 - Cannot read IP mode file for portGmbH.I-Cube-SoM-uGOAL.1.1.0
2024-06-15 09:31:20,959 [WARN] PackLoader:240 - Cannot read IP mode file for STMicroelectronics.X-CUBE-ALS.1.0.1
2024-06-15 09:31:20,993 [WARN] PackLoader:240 - Cannot read IP mode file for STMicroelectronics.X-CUBE-AZRTOS-WB.1.1.0
2024-06-15 09:31:21,054 [WARN] PackLoader:240 - Cannot read IP mode file for STMicroelectronics.X-CUBE-AZRTOS-H7RS.1.0.0
2024-06-15 09:31:21,080 [WARN] PackLoader:240 - Cannot read IP mode file for STMicroelectronics.FP-ATR-ASTRA1.2.0.0
2024-06-15 09:31:21,126 [WARN] PackLoader:240 - Cannot read IP mode file for STMicroelectronics.X-CUBE-TOF1.3.4.0
2024-06-15 09:31:21,164 [WARN] PackLoader:240 - Cannot read IP mode file for STMicroelectronics.X-CUBE-TOF1.3.4.1
2024-06-15 09:31:21,210 [WARN] PackLoader:240 - Cannot read IP mode file for STMicroelectronics.X-CUBE-AZRTOS-H7.3.2.0
2024-06-15 09:31:21,215 [INFO] ThirdParty:978 - Integrity check success = true
2024-06-15 09:31:21,215 [INFO] IntegrityCheckThread:100 - exiting critical section [integrity check]
2024-06-15 09:31:21,215 [INFO] IntegrityCheckThread:103 - End integrity checks thread
2024-06-15 09:31:22,075 [INFO] WebApp:161 - Instantiating new browser for Auth
2024-06-15 09:31:23,046 [INFO] WebApp:779 - Register for checkConnection events
2024-06-15 09:31:23,047 [INFO] WebApp:414 - Apply proxy settings
2024-06-15 09:31:23,049 [INFO] WebApp:499 - Chromium requires no authentication
2024-06-15 09:31:23,059 [INFO] WebApp:442 - Direct internet connection detected
2024-06-15 09:31:23,324 [INFO] WebApp:192 - Starting web application
2024-06-15 09:31:23,324 [INFO] WebApp:544 - Web application path used C:\ST\STM32CubeIDE_1.11.2\STM32CubeIDE\plugins\com.st.stm32cube.common.mx_6.11.1.202404110753\db\plugins\mcufinder\reactClient1\index.html
2024-06-15 14:42:49,464 [ERROR] LogOutputStream:75 - [STDERR_REDIRECT] 
