2024-01-27 10:07:24,795 [INFO] Activator:176 - 


2024-01-27 10:07:24,802 [INFO] Activator:177 - !SESSION log4j initialized
2024-01-27 10:07:31,126 [INFO] LogOutputStream:77 - [STDOUT_REDIRECT] 
2024-01-27 10:07:32,272 [INFO] ApplicationProperties:184 - Using Application install path: C:\ST\STM32CubeIDE_1.11.2\STM32CubeIDE\plugins\com.st.stm32cube.common.mx_6.9.2.202309101412
2024-01-27 10:07:32,299 [INFO] DbMcusXml:78 - Set database path to: C:\ST\STM32CubeIDE_1.11.2\STM32CubeIDE\plugins\com.st.stm32cube.common.mx_6.9.2.202309101412\\db\/mcu/
2024-01-27 10:07:32,300 [INFO] ApiDb:274 - Set plugin database path to: C:\ST\STM32CubeIDE_1.11.2\STM32CubeIDE\plugins\com.st.stm32cube.common.mx_6.9.2.202309101412\\db\/plugins/boardmanager/
2024-01-27 10:07:32,301 [WARN] ApiDb:259 - Overriding images path with different value:  => C:\ST\STM32CubeIDE_1.11.2\STM32CubeIDE\plugins\com.st.stm32cube.common.mx_6.9.2.202309101412\\db\/plugins/mcufinder/images/
2024-01-27 10:07:32,322 [INFO] ApiDb:250 - Set database path to: C:\Users\erkan\.stmcufinder\plugins\mcufinder//mcu/
2024-01-27 10:07:32,324 [INFO] DbMcusAds:125 - Set database path to: C:\Users\erkan\.stmcufinder\plugins\mcufinder//mcu/
2024-01-27 10:07:32,326 [INFO] CrossReferenceDbSqlite:203 - Set database path to: C:\Users\erkan\.stmcufinder\plugins\mcufinder//mcu/cs/
2024-01-27 10:07:32,444 [INFO] RulesReader:64 - Compatibility file has been processed (293 Rules)
2024-01-27 10:07:32,555 [INFO] DbMcusXml:78 - Set database path to: C:\ST\STM32CubeIDE_1.11.2\STM32CubeIDE\plugins\com.st.stm32cube.common.mx_6.9.2.202309101412\\db\/mcu/
2024-01-27 10:07:32,555 [INFO] ApiDb:274 - Set plugin database path to: C:\ST\STM32CubeIDE_1.11.2\STM32CubeIDE\plugins\com.st.stm32cube.common.mx_6.9.2.202309101412\\db\/plugins/boardmanager/
2024-01-27 10:07:32,555 [INFO] ApiDb:261 - Set plugin images path to: C:\ST\STM32CubeIDE_1.11.2\STM32CubeIDE\plugins\com.st.stm32cube.common.mx_6.9.2.202309101412\\db\/plugins/mcufinder/images/
2024-01-27 10:07:32,556 [WARN] DbFile:41 - Overriding database path with different value: C:\Users\erkan\.stmcufinder\plugins\mcufinder/ => C:\Users\erkan\.stmcufinder\plugins\mcufinder
2024-01-27 10:07:32,556 [INFO] ApiDb:250 - Set database path to: C:\Users\erkan\.stmcufinder\plugins\mcufinder//mcu/
2024-01-27 10:07:32,556 [WARN] DbFile:41 - Overriding database path with different value: C:\Users\erkan\.stmcufinder\plugins\mcufinder/ => C:\Users\erkan\.stmcufinder\plugins\mcufinder
2024-01-27 10:07:32,556 [INFO] DbMcusAds:125 - Set database path to: C:\Users\erkan\.stmcufinder\plugins\mcufinder//mcu/
2024-01-27 10:07:32,556 [WARN] DbFile:41 - Overriding database path with different value: C:\Users\erkan\.stmcufinder\plugins\mcufinder/ => C:\Users\erkan\.stmcufinder\plugins\mcufinder
2024-01-27 10:07:32,556 [WARN] DbFile:41 - Overriding database path with different value: C:\Users\erkan\.stmcufinder\plugins\mcufinder/ => C:\Users\erkan\.stmcufinder\plugins\mcufinder
2024-01-27 10:07:32,556 [INFO] CrossReferenceDbSqlite:203 - Set database path to: C:\Users\erkan\.stmcufinder\plugins\mcufinder//mcu/cs/
2024-01-27 10:07:32,651 [INFO] MainPanel:262 - HeapMemory: 268435456
2024-01-27 10:07:32,757 [INFO] DbMcusXml:78 - Set database path to: C:\ST\STM32CubeIDE_1.11.2\STM32CubeIDE\plugins\com.st.stm32cube.common.mx_6.9.2.202309101412\\db\/mcu/
2024-01-27 10:07:32,757 [INFO] ApiDb:274 - Set plugin database path to: C:\ST\STM32CubeIDE_1.11.2\STM32CubeIDE\plugins\com.st.stm32cube.common.mx_6.9.2.202309101412\\db\/plugins/boardmanager/
2024-01-27 10:07:32,757 [INFO] ApiDb:261 - Set plugin images path to: C:\ST\STM32CubeIDE_1.11.2\STM32CubeIDE\plugins\com.st.stm32cube.common.mx_6.9.2.202309101412\\db\/plugins/mcufinder/images/
2024-01-27 10:07:32,757 [WARN] DbFile:41 - Overriding database path with different value: C:\Users\erkan\.stmcufinder\plugins\mcufinder/ => C:\Users\erkan\.stmcufinder\plugins\mcufinder
2024-01-27 10:07:32,758 [INFO] ApiDb:250 - Set database path to: C:\Users\erkan\.stmcufinder\plugins\mcufinder//mcu/
2024-01-27 10:07:32,758 [WARN] DbFile:41 - Overriding database path with different value: C:\Users\erkan\.stmcufinder\plugins\mcufinder/ => C:\Users\erkan\.stmcufinder\plugins\mcufinder
2024-01-27 10:07:32,758 [INFO] DbMcusAds:125 - Set database path to: C:\Users\erkan\.stmcufinder\plugins\mcufinder//mcu/
2024-01-27 10:07:32,758 [WARN] DbFile:41 - Overriding database path with different value: C:\Users\erkan\.stmcufinder\plugins\mcufinder/ => C:\Users\erkan\.stmcufinder\plugins\mcufinder
2024-01-27 10:07:32,758 [WARN] DbFile:41 - Overriding database path with different value: C:\Users\erkan\.stmcufinder\plugins\mcufinder/ => C:\Users\erkan\.stmcufinder\plugins\mcufinder
2024-01-27 10:07:32,758 [INFO] CrossReferenceDbSqlite:203 - Set database path to: C:\Users\erkan\.stmcufinder\plugins\mcufinder//mcu/cs/
2024-01-27 10:07:32,779 [INFO] ApplicationProperties:184 - Using Application install path: C:\ST\STM32CubeIDE_1.11.2\STM32CubeIDE\plugins\com.st.stm32cube.common.mx_6.9.2.202309101412
2024-01-27 10:07:32,780 [INFO] PluginManage:196 - Search for loadable plugins [exclusion list=, ]
2024-01-27 10:07:32,782 [INFO] PluginManage:310 - Check plugin analytics
2024-01-27 10:07:32,997 [INFO] AnalyticsPlugin:253 - Accepted Software Licenses: STM32CubeMX.6.9.2
2024-01-27 10:07:32,997 [INFO] AnalyticsPlugin:255 - Accepted CMSIS Pack Licenses: 
2024-01-27 10:07:32,998 [INFO] AnalyticsPlugin:257 - Accepted Firmware Licenses: 
2024-01-27 10:07:33,000 [INFO] PluginManage:359 - Loaded plugin analytics (category:tool,tabindex:-1)
2024-01-27 10:07:33,001 [INFO] PluginManage:310 - Check plugin cadmodel
2024-01-27 10:07:33,006 [INFO] CADModel:105 - Init CAD model plugin
2024-01-27 10:07:33,007 [INFO] PluginManage:359 - Loaded plugin cadmodel (category:power,tabindex:5)
2024-01-27 10:07:33,007 [INFO] PluginManage:310 - Check plugin clock
2024-01-27 10:07:33,017 [INFO] PluginManage:359 - Loaded plugin clock (category:base,tabindex:2)
2024-01-27 10:07:33,017 [INFO] PluginManage:310 - Check plugin ddr
2024-01-27 10:07:33,020 [INFO] PluginManage:359 - Loaded plugin ddr (category:tool,tabindex:6)
2024-01-27 10:07:33,020 [INFO] PluginManage:310 - Check plugin filemanager
2024-01-27 10:07:33,158 [INFO] PluginManage:359 - Loaded plugin filemanager (category:base,tabindex:10)
2024-01-27 10:07:33,158 [INFO] PluginManage:310 - Check plugin ipmanager
2024-01-27 10:07:33,169 [INFO] PluginManage:359 - Loaded plugin ipmanager (category:base,tabindex:5)
2024-01-27 10:07:33,170 [INFO] PluginManage:310 - Check plugin lpbam
2024-01-27 10:07:33,180 [INFO] PluginManage:359 - Loaded plugin lpbam (category:base,tabindex:0)
2024-01-27 10:07:33,181 [INFO] PluginManage:310 - Check plugin memorymap
2024-01-27 10:07:33,197 [INFO] PluginManage:359 - Loaded plugin memorymap (category:base,tabindex:4)
2024-01-27 10:07:33,197 [INFO] PluginManage:310 - Check plugin pinoutandconfiguration
2024-01-27 10:07:33,207 [INFO] PluginManage:359 - Loaded plugin pinoutandconfiguration (category:base,tabindex:1)
2024-01-27 10:07:33,207 [INFO] PluginManage:310 - Check plugin pinoutconfig
2024-01-27 10:07:33,316 [WARN] SupportedApi:132 - Cannot load RTOS API schema: s4s-elt-must-match.1: The content of 'definitions' must match (annotation?, (simpleType | complexType)?, (unique | key | keyref)*)). A problem was found starting at: attribute.
2024-01-27 10:07:33,458 [INFO] PluginManage:359 - Loaded plugin pinoutconfig (category:base,tabindex:0)
2024-01-27 10:07:33,458 [INFO] PluginManage:310 - Check plugin power
2024-01-27 10:07:33,475 [INFO] PluginManage:359 - Loaded plugin power (category:power,tabindex:4)
2024-01-27 10:07:33,476 [INFO] PluginManage:310 - Check plugin projectmanager
2024-01-27 10:07:33,491 [INFO] PluginManage:359 - Loaded plugin projectmanager (category:projectmanager,tabindex:3)
2024-01-27 10:07:33,492 [INFO] PluginManage:310 - Check plugin thirdparty
2024-01-27 10:07:33,655 [INFO] PluginManage:359 - Loaded plugin thirdparty (category:base,tabindex:-1)
2024-01-27 10:07:33,655 [WARN] IntegrityCheckThread:84 - waiting for thirdparty lock release [integrity check]
2024-01-27 10:07:33,655 [INFO] IntegrityCheckThread:86 - entering critical section [integrity check]
2024-01-27 10:07:33,655 [INFO] PluginManage:310 - Check plugin tools
2024-01-27 10:07:33,656 [INFO] ThirdPartyUpdaterWithRetryManager:70 - Updater plugin not ready yet. [1/15]
2024-01-27 10:07:33,659 [INFO] PluginManage:359 - Loaded plugin tools (category:base,tabindex:7)
2024-01-27 10:07:33,660 [INFO] PluginManage:310 - Check plugin tutovideos
2024-01-27 10:07:33,870 [INFO] PluginManage:359 - Loaded plugin tutovideos (category:base,tabindex:-1)
2024-01-27 10:07:33,871 [INFO] PluginManage:310 - Check plugin updater
2024-01-27 10:07:33,884 [INFO] PluginManage:359 - Loaded plugin updater (category:base,tabindex:12)
2024-01-27 10:07:33,899 [INFO] PluginManage:310 - Check plugin userauth
2024-01-27 10:07:33,906 [INFO] UserAuth:113 - Init User Auth plugin
2024-01-27 10:07:33,906 [INFO] PluginManage:359 - Loaded plugin userauth (category:base,tabindex:14)
2024-01-27 10:07:33,906 [INFO] PluginManage:283 - PluginManage : Loaded plugins [17]
2024-01-27 10:07:34,149 [INFO] PinOutPanel:1499 - setPackage(No Configuration,No Configuration)
2024-01-27 10:07:34,273 [INFO] CADModel:165 - CPN selected for project level
2024-01-27 10:07:34,273 [INFO] CADModel:114 - Register for checkConnection events
2024-01-27 10:07:34,291 [INFO] IPUIPlugin:80 - create IPUIPlugin
2024-01-27 10:07:34,291 [INFO] PluginManager:220 - loadIPPluginJar : add adc
2024-01-27 10:07:34,294 [INFO] IPUIPlugin:80 - create IPUIPlugin
2024-01-27 10:07:34,294 [INFO] PluginManager:220 - loadIPPluginJar : add aes
2024-01-27 10:07:34,298 [INFO] IPUIPlugin:80 - create IPUIPlugin
2024-01-27 10:07:34,298 [INFO] PluginManager:220 - loadIPPluginJar : add can
2024-01-27 10:07:34,300 [INFO] IPUIPlugin:80 - create IPUIPlugin
2024-01-27 10:07:34,301 [INFO] PluginManager:220 - loadIPPluginJar : add comp
2024-01-27 10:07:34,304 [INFO] IPUIPlugin:80 - create IPUIPlugin
2024-01-27 10:07:34,304 [INFO] PluginManager:220 - loadIPPluginJar : add cryp
2024-01-27 10:07:34,307 [INFO] IPUIPlugin:80 - create IPUIPlugin
2024-01-27 10:07:34,307 [INFO] PluginManager:220 - loadIPPluginJar : add dfsdm
2024-01-27 10:07:34,312 [INFO] IPUIPlugin:80 - create IPUIPlugin
2024-01-27 10:07:34,313 [INFO] PluginManager:220 - loadIPPluginJar : add dma
2024-01-27 10:07:34,316 [INFO] IPUIPlugin:80 - create IPUIPlugin
2024-01-27 10:07:34,316 [INFO] PluginManager:220 - loadIPPluginJar : add dma3
2024-01-27 10:07:34,318 [INFO] IPUIPlugin:80 - create IPUIPlugin
2024-01-27 10:07:34,318 [INFO] PluginManager:220 - loadIPPluginJar : add fatfs
2024-01-27 10:07:34,322 [INFO] IPUIPlugin:80 - create IPUIPlugin
2024-01-27 10:07:34,322 [INFO] PluginManager:220 - loadIPPluginJar : add fmc
2024-01-27 10:07:34,327 [INFO] IPUIPlugin:80 - create IPUIPlugin
2024-01-27 10:07:34,328 [INFO] PluginManager:220 - loadIPPluginJar : add freertos
2024-01-27 10:07:34,329 [INFO] IPUIPlugin:80 - create IPUIPlugin
2024-01-27 10:07:34,330 [INFO] PluginManager:220 - loadIPPluginJar : add genericplugin
2024-01-27 10:07:34,332 [INFO] IPUIPlugin:80 - create IPUIPlugin
2024-01-27 10:07:34,332 [INFO] PluginManager:220 - loadIPPluginJar : add gfxmmu
2024-01-27 10:07:34,337 [INFO] IPUIPlugin:80 - create IPUIPlugin
2024-01-27 10:07:34,337 [INFO] PluginManager:220 - loadIPPluginJar : add gic
2024-01-27 10:07:34,341 [INFO] IPUIPlugin:80 - create IPUIPlugin
2024-01-27 10:07:34,341 [INFO] PluginManager:220 - loadIPPluginJar : add gpio
2024-01-27 10:07:34,344 [INFO] IPUIPlugin:80 - create IPUIPlugin
2024-01-27 10:07:34,345 [INFO] PluginManager:220 - loadIPPluginJar : add gtzc
2024-01-27 10:07:34,348 [INFO] IPUIPlugin:80 - create IPUIPlugin
2024-01-27 10:07:34,348 [INFO] PluginManager:220 - loadIPPluginJar : add hash
2024-01-27 10:07:34,352 [INFO] IPUIPlugin:80 - create IPUIPlugin
2024-01-27 10:07:34,352 [INFO] PluginManager:220 - loadIPPluginJar : add i2c
2024-01-27 10:07:34,355 [INFO] IPUIPlugin:80 - create IPUIPlugin
2024-01-27 10:07:34,355 [INFO] PluginManager:220 - loadIPPluginJar : add i2s
2024-01-27 10:07:34,358 [INFO] IPUIPlugin:80 - create IPUIPlugin
2024-01-27 10:07:34,358 [INFO] PluginManager:220 - loadIPPluginJar : add i3c
2024-01-27 10:07:34,361 [INFO] IPUIPlugin:80 - create IPUIPlugin
2024-01-27 10:07:34,361 [INFO] PluginManager:220 - loadIPPluginJar : add ipddr
2024-01-27 10:07:34,369 [INFO] IPUIPlugin:80 - create IPUIPlugin
2024-01-27 10:07:34,369 [INFO] PluginManager:220 - loadIPPluginJar : add linkedlist
2024-01-27 10:07:34,372 [INFO] IPUIPlugin:80 - create IPUIPlugin
2024-01-27 10:07:34,372 [INFO] PluginManager:220 - loadIPPluginJar : add lorawan
2024-01-27 10:07:34,374 [INFO] IPUIPlugin:80 - create IPUIPlugin
2024-01-27 10:07:34,374 [INFO] PluginManager:220 - loadIPPluginJar : add ltdc
2024-01-27 10:07:34,379 [INFO] IPUIPlugin:80 - create IPUIPlugin
2024-01-27 10:07:34,380 [INFO] PluginManager:220 - loadIPPluginJar : add mdma
2024-01-27 10:07:34,383 [INFO] IPUIPlugin:80 - create IPUIPlugin
2024-01-27 10:07:34,383 [INFO] PluginManager:220 - loadIPPluginJar : add nvic
2024-01-27 10:07:34,387 [INFO] IPUIPlugin:80 - create IPUIPlugin
2024-01-27 10:07:34,387 [INFO] PluginManager:220 - loadIPPluginJar : add opamp
2024-01-27 10:07:34,391 [INFO] IPUIPlugin:80 - create IPUIPlugin
2024-01-27 10:07:34,392 [INFO] PluginManager:220 - loadIPPluginJar : add openamp
2024-01-27 10:07:34,395 [INFO] IPUIPlugin:80 - create IPUIPlugin
2024-01-27 10:07:34,395 [INFO] PluginManager:220 - loadIPPluginJar : add pdm2pcm
2024-01-27 10:07:34,402 [INFO] IPUIPlugin:80 - create IPUIPlugin
2024-01-27 10:07:34,405 [INFO] PluginManager:220 - loadIPPluginJar : add plateformsettings
2024-01-27 10:07:34,408 [INFO] IPUIPlugin:80 - create IPUIPlugin
2024-01-27 10:07:34,408 [INFO] PluginManager:220 - loadIPPluginJar : add quadspi
2024-01-27 10:07:34,413 [INFO] IPUIPlugin:80 - create IPUIPlugin
2024-01-27 10:07:34,413 [INFO] PluginManager:220 - loadIPPluginJar : add resmgrutility
2024-01-27 10:07:34,417 [INFO] IPUIPlugin:80 - create IPUIPlugin
2024-01-27 10:07:34,417 [INFO] PluginManager:220 - loadIPPluginJar : add sai
2024-01-27 10:07:34,420 [INFO] IPUIPlugin:80 - create IPUIPlugin
2024-01-27 10:07:34,420 [INFO] PluginManager:220 - loadIPPluginJar : add spi
2024-01-27 10:07:34,426 [INFO] IPUIPlugin:80 - create IPUIPlugin
2024-01-27 10:07:34,427 [INFO] PluginManager:220 - loadIPPluginJar : add stm32_wpan
2024-01-27 10:07:34,429 [INFO] IPUIPlugin:80 - create IPUIPlugin
2024-01-27 10:07:34,429 [INFO] PluginManager:220 - loadIPPluginJar : add tim
2024-01-27 10:07:34,433 [INFO] IPUIPlugin:80 - create IPUIPlugin
2024-01-27 10:07:34,433 [INFO] PluginManager:220 - loadIPPluginJar : add touchsensing
2024-01-27 10:07:34,435 [INFO] IPUIPlugin:80 - create IPUIPlugin
2024-01-27 10:07:34,436 [INFO] PluginManager:220 - loadIPPluginJar : add tracer_emb
2024-01-27 10:07:34,439 [INFO] IPUIPlugin:80 - create IPUIPlugin
2024-01-27 10:07:34,439 [INFO] PluginManager:220 - loadIPPluginJar : add ts
2024-01-27 10:07:34,441 [INFO] IPUIPlugin:80 - create IPUIPlugin
2024-01-27 10:07:34,441 [INFO] PluginManager:220 - loadIPPluginJar : add tsc
2024-01-27 10:07:34,443 [INFO] IPUIPlugin:80 - create IPUIPlugin
2024-01-27 10:07:34,444 [INFO] PluginManager:220 - loadIPPluginJar : add ucpd
2024-01-27 10:07:34,447 [INFO] IPUIPlugin:80 - create IPUIPlugin
2024-01-27 10:07:34,447 [INFO] PluginManager:220 - loadIPPluginJar : add usart
2024-01-27 10:07:34,450 [INFO] IPUIPlugin:80 - create IPUIPlugin
2024-01-27 10:07:34,450 [INFO] PluginManager:220 - loadIPPluginJar : add usbx
2024-01-27 10:07:34,586 [INFO] CADModel:165 - CPN selected for project level
2024-01-27 10:07:34,587 [INFO] CADModel:114 - Register for checkConnection events
2024-01-27 10:07:34,587 [FATAL] Updater:308 - Updater called before beeing initialized
2024-01-27 10:07:34,587 [ERROR] CADModel:125 - Updater not yet initialized, retry later 
2024-01-27 10:07:34,743 [INFO] CADModel:165 - CPN selected for project level
2024-01-27 10:07:34,743 [INFO] CADModel:114 - Register for checkConnection events
2024-01-27 10:07:34,743 [FATAL] Updater:308 - Updater called before beeing initialized
2024-01-27 10:07:34,744 [ERROR] CADModel:125 - Updater not yet initialized, retry later 
2024-01-27 10:07:34,748 [FATAL] Updater:308 - Updater called before beeing initialized
2024-01-27 10:07:34,860 [FATAL] Updater:308 - Updater called before beeing initialized
2024-01-27 10:07:34,865 [INFO] DbMcusAds:53 - JSON generation date=Wed Nov 29 11:52:27 CET 2023 (1701255147200)
2024-01-27 10:07:34,865 [FATAL] Updater:308 - Updater called before beeing initialized
2024-01-27 10:07:34,904 [WARN] DetailPanel:346 - Failed to get advertising image, set to default
2024-01-27 10:07:34,998 [FATAL] Updater:308 - Updater called before beeing initialized
2024-01-27 10:07:35,000 [FATAL] Updater:308 - Updater called before beeing initialized
2024-01-27 10:07:35,000 [FATAL] Updater:308 - Updater called before beeing initialized
2024-01-27 10:07:35,000 [WARN] DetailPanel:346 - Failed to get advertising image, set to default
2024-01-27 10:07:35,001 [FATAL] Updater:308 - Updater called before beeing initialized
2024-01-27 10:07:35,049 [ERROR] Updater:1120 - MainUpdater not yet initialized. External WinMGr cannot be set.
2024-01-27 10:07:35,051 [INFO] Updater:1056 - Updater Version found : 6.9.2
2024-01-27 10:07:35,072 [INFO] ApplicationProperties:184 - Using Application install path: C:\ST\STM32CubeIDE_1.11.2\STM32CubeIDE\plugins\com.st.stm32cube.common.mx_6.9.2.202309101412
2024-01-27 10:07:35,290 [INFO] MainUpdater:2868 - connection check result : 10
2024-01-27 10:07:35,291 [INFO] MainUpdater:285 - Updater Check For Update Now.
2024-01-27 10:07:35,291 [INFO] MicroXplorer:498 - Change Database Version : DB.6.0.92
2024-01-27 10:07:35,298 [INFO] McuFinderGlobals:63 - Set McuFinder mode to 2 (CubeIDE integrated)
2024-01-27 10:07:35,298 [INFO] UserAuth:179 - activating auth plugin
2024-01-27 10:07:35,301 [INFO] UserAuth:393 - Internet connection configuration mode: 1
2024-01-27 10:07:35,324 [INFO] JxBrowserEngine:151 - Initiate JxBrowser Engine with user profile folder
2024-01-27 10:07:35,467 [INFO] CheckServerUpdateThread:120 - End of CheckServer Thread
2024-01-27 10:07:37,142 [WARN] PackLoader:240 - Cannot read IP mode file for STMicroelectronics.X-CUBE-SMBUS.2.1.0
2024-01-27 10:07:37,156 [WARN] PackLoader:240 - Cannot read IP mode file for STMicroelectronics.X-CUBE-TOUCHGFX.4.23.0
2024-01-27 10:07:37,199 [WARN] PackLoader:240 - Cannot read IP mode file for STMicroelectronics.X-CUBE-AZRTOS-F7.1.1.0
2024-01-27 10:07:37,214 [WARN] PackLoader:240 - Cannot read IP mode file for STMicroelectronics.FP-SNS-MOTENV1.4.3.2
2024-01-27 10:07:37,229 [WARN] PackLoader:240 - Cannot read IP mode file for STMicroelectronics.X-CUBE-BLE1.6.2.4
2024-01-27 10:07:37,234 [WARN] PackLoader:240 - Cannot read IP mode file for STMicroelectronics.FP-SNS-FLIGHT1.5.0.2
2024-01-27 10:07:37,244 [WARN] PackLoader:240 - Cannot read IP mode file for STMicroelectronics.X-CUBE-DISPLAY.3.0.0
2024-01-27 10:07:37,256 [WARN] PackLoader:240 - Cannot read IP mode file for STMicroelectronics.X-CUBE-BLE1.7.0.0
2024-01-27 10:07:37,260 [WARN] PackLoader:240 - Cannot read IP mode file for STMicroelectronics.X-CUBE-TOUCHGFX.4.22.0
2024-01-27 10:07:37,272 [WARN] PackLoader:240 - Cannot read IP mode file for STMicroelectronics.X-CUBE-TOUCHGFX.4.22.1
2024-01-27 10:07:37,280 [WARN] PackLoader:240 - Cannot read IP mode file for STMicroelectronics.FP-SNS-SMARTAG2.1.2.0
2024-01-27 10:07:37,295 [INFO] LogOutputStream:77 - [STDOUT_REDIRECT] 1 : Invalid condition id : UX_CORESTACK_Condition cause : null
2024-01-27 10:07:37,296 [INFO] LogOutputStream:77 - [STDOUT_REDIRECT] 1 : Invalid condition id : UX_CORESTACK_Condition cause : null
2024-01-27 10:07:37,297 [INFO] LogOutputStream:77 - [STDOUT_REDIRECT] 1 : Invalid condition id : UX_CORESTACK_Condition cause : null
2024-01-27 10:07:37,299 [INFO] LogOutputStream:77 - [STDOUT_REDIRECT] 1 : Invalid condition id : UX_CORESTACK_Condition cause : null
2024-01-27 10:07:37,300 [INFO] LogOutputStream:77 - [STDOUT_REDIRECT] 1 : Invalid condition id : UX_CORESTACK_Condition cause : null
2024-01-27 10:07:37,304 [WARN] PackLoader:240 - Cannot read IP mode file for STMicroelectronics.X-CUBE-AZRTOS-WL.2.0.0
2024-01-27 10:07:37,318 [WARN] PackLoader:240 - Cannot read IP mode file for WES.I-CUBE-Cesium.1.3.0
2024-01-27 10:07:37,326 [WARN] PackLoader:240 - Cannot read IP mode file for STMicroelectronics.X-CUBE-BLE2.3.3.0
2024-01-27 10:07:37,353 [WARN] PackLoader:240 - Cannot read IP mode file for STMicroelectronics.X-CUBE-TOF1.3.2.0
2024-01-27 10:07:37,366 [WARN] PackLoader:240 - Cannot read IP mode file for STMicroelectronics.X-CUBE-TOUCHGFX.4.21.1
2024-01-27 10:07:37,381 [WARN] PackLoader:240 - Cannot read IP mode file for STMicroelectronics.X-CUBE-AI.7.3.0
2024-01-27 10:07:37,390 [WARN] PackLoader:240 - Cannot read IP mode file for STMicroelectronics.X-CUBE-ALGOBUILD.1.3.0
2024-01-27 10:07:37,410 [WARN] PackLoader:240 - Cannot read IP mode file for STMicroelectronics.X-CUBE-AZRTOS-G0.1.1.0
2024-01-27 10:07:37,418 [WARN] PackLoader:240 - Cannot read IP mode file for STMicroelectronics.X-CUBE-NFC4.3.0.0
2024-01-27 10:07:37,427 [INFO] WebApp:157 - Instantiating new browser for Auth
2024-01-27 10:07:37,429 [WARN] PackLoader:240 - Cannot read IP mode file for STMicroelectronics.X-CUBE-BLEMGR.3.0.0
2024-01-27 10:07:37,438 [WARN] PackLoader:240 - Cannot read IP mode file for STMicroelectronics.X-CUBE-BLEMGR.1.3.0
2024-01-27 10:07:37,447 [WARN] PackLoader:240 - Cannot read IP mode file for STMicroelectronics.FP-ATR-SIGFOX1.3.2.0
2024-01-27 10:07:37,457 [WARN] PackLoader:240 - Cannot read IP mode file for STMicroelectronics.X-CUBE-EEPRMA1.5.1.0
2024-01-27 10:07:37,507 [WARN] PackLoader:240 - Cannot read IP mode file for STMicroelectronics.X-CUBE-MEMS1.9.5.0
2024-01-27 10:07:37,703 [WARN] PackLoader:240 - Cannot read IP mode file for SEGGER.I-CUBE-embOS.1.3.1
2024-01-27 10:07:37,757 [WARN] PackLoader:240 - Cannot read IP mode file for STMicroelectronics.X-CUBE-GNSS1.6.0.0
2024-01-27 10:07:37,777 [WARN] PackLoader:240 - Cannot read IP mode file for STMicroelectronics.X-CUBE-AZRTOS-F4.1.1.0
2024-01-27 10:07:37,815 [WARN] PackLoader:240 - Cannot read IP mode file for STMicroelectronics.X-CUBE-AZRTOS-L5.2.0.0
2024-01-27 10:07:37,861 [WARN] PackLoader:240 - Cannot read IP mode file for STMicroelectronics.X-CUBE-MEMS1.9.6.0
2024-01-27 10:07:38,011 [WARN] PackLoader:240 - Cannot read IP mode file for STMicroelectronics.X-CUBE-EEPRMA1.4.2.0
2024-01-27 10:07:38,017 [WARN] PackLoader:240 - Cannot read IP mode file for ITTIA_DB.I-CUBE-ITTIADB.8.8.0
2024-01-27 10:07:38,026 [WARN] PackLoader:240 - Cannot read IP mode file for emotas.I-CUBE-CANOPEN.1.1.3
2024-01-27 10:07:38,032 [WARN] PackLoader:240 - Cannot read IP mode file for STMicroelectronics.X-CUBE-BLEMGR.2.0.0
2024-01-27 10:07:38,053 [WARN] ConditionMgr:438 - getConditionDescription Invalid condition id : UX DEVICE CLASS RTOS Condition cause : null
2024-01-27 10:07:38,053 [WARN] ConditionMgr:438 - getConditionDescription Invalid condition id : UX DEVICE CLASS RTOS Condition cause : null
2024-01-27 10:07:38,056 [WARN] PackLoader:240 - Cannot read IP mode file for STMicroelectronics.X-CUBE-AZRTOS-H7.3.1.0
2024-01-27 10:07:38,058 [WARN] ConditionMgr:1039 - genDependencies : Invalid condition id : UX DEVICE CLASS RTOS Condition cause : null
2024-01-27 10:07:38,058 [WARN] ConditionMgr:1039 - genDependencies : Invalid condition id : UX DEVICE CLASS RTOS Condition cause : null
2024-01-27 10:07:38,058 [WARN] ConditionMgr:1039 - genDependencies : Invalid condition id : UX DEVICE CLASS RTOS Condition cause : null
2024-01-27 10:07:38,059 [WARN] ConditionMgr:1039 - genDependencies : Invalid condition id : UX DEVICE CLASS RTOS Condition cause : null
2024-01-27 10:07:38,059 [WARN] ConditionMgr:1039 - genDependencies : Invalid condition id : UX DEVICE CLASS RTOS Condition cause : null
2024-01-27 10:07:38,065 [WARN] PackLoader:240 - Cannot read IP mode file for wolfSSL.I-CUBE-wolfSSL.5.5.4
2024-01-27 10:07:38,075 [WARN] PackLoader:240 - Cannot read IP mode file for STMicroelectronics.X-CUBE-NFC7.1.0.1
2024-01-27 10:07:38,085 [WARN] PackLoader:240 - Cannot read IP mode file for STMicroelectronics.X-CUBE-NFC7.1.0.0
2024-01-27 10:07:38,095 [WARN] PackLoader:240 - Cannot read IP mode file for STMicroelectronics.X-CUBE-NFC6.3.0.0
2024-01-27 10:07:38,103 [WARN] PackLoader:240 - Cannot read IP mode file for STMicroelectronics.X-CUBE-EEPRMA1.4.1.0
2024-01-27 10:07:38,108 [WARN] PackLoader:240 - Cannot read IP mode file for STMicroelectronics.X-CUBE-AI.8.1.0
2024-01-27 10:07:38,128 [WARN] ConditionMgr:438 - getConditionDescription Invalid condition id : LAN8742 Phy interface Condition cause : null
2024-01-27 10:07:38,128 [WARN] PackLoader:240 - Cannot read IP mode file for STMicroelectronics.X-CUBE-AZRTOS-L4.2.0.0
2024-01-27 10:07:38,129 [WARN] ConditionMgr:1039 - genDependencies : Invalid condition id : LAN8742 Phy interface Condition cause : null
2024-01-27 10:07:38,130 [WARN] ConditionMgr:1039 - genDependencies : Invalid condition id : LAN8742 Phy interface Condition cause : null
2024-01-27 10:07:38,130 [WARN] ConditionMgr:1039 - genDependencies : Invalid condition id : LAN8742 Phy interface Condition cause : null
2024-01-27 10:07:38,138 [WARN] PackLoader:240 - Cannot read IP mode file for STMicroelectronics.X-CUBE-SFXS2LP1.4.0.0
2024-01-27 10:07:38,154 [WARN] PackLoader:240 - Cannot read IP mode file for STMicroelectronics.X-CUBE-AZRTOS-H7.3.0.0
2024-01-27 10:07:38,161 [WARN] PackLoader:240 - Cannot read IP mode file for STMicroelectronics.X-CUBE-ISPU.1.1.0
2024-01-27 10:07:38,168 [WARN] PackLoader:240 - Cannot read IP mode file for RoweBots.I-CUBE-UNISONRTOS.5.5.0-4
2024-01-27 10:07:38,174 [WARN] PackLoader:240 - Cannot read IP mode file for STMicroelectronics.X-CUBE-AI.8.0.0
2024-01-27 10:07:38,186 [WARN] ConditionMgr:438 - getConditionDescription Invalid condition id : UX DEVICE CLASS RTOS Condition cause : null
2024-01-27 10:07:38,186 [WARN] ConditionMgr:438 - getConditionDescription Invalid condition id : UX DEVICE CLASS RTOS Condition cause : null
2024-01-27 10:07:38,187 [WARN] PackLoader:240 - Cannot read IP mode file for STMicroelectronics.X-CUBE-AZRTOS-WB.2.0.0
2024-01-27 10:07:38,188 [WARN] ConditionMgr:1039 - genDependencies : Invalid condition id : UX DEVICE CLASS RTOS Condition cause : null
2024-01-27 10:07:38,188 [WARN] ConditionMgr:1039 - genDependencies : Invalid condition id : UX DEVICE CLASS RTOS Condition cause : null
2024-01-27 10:07:38,189 [WARN] ConditionMgr:1039 - genDependencies : Invalid condition id : UX DEVICE CLASS RTOS Condition cause : null
2024-01-27 10:07:38,189 [WARN] ConditionMgr:1039 - genDependencies : Invalid condition id : UX DEVICE CLASS RTOS Condition cause : null
2024-01-27 10:07:38,189 [WARN] ConditionMgr:1039 - genDependencies : Invalid condition id : UX DEVICE CLASS RTOS Condition cause : null
2024-01-27 10:07:38,195 [WARN] PackLoader:240 - Cannot read IP mode file for STMicroelectronics.X-CUBE-FREERTOS.1.0.1
2024-01-27 10:07:38,208 [WARN] PackLoader:240 - Cannot read IP mode file for STMicroelectronics.X-CUBE-AZRTOS-L5.1.1.0
2024-01-27 10:07:38,219 [WARN] PackLoader:240 - Cannot read IP mode file for STMicroelectronics.X-CUBE-SUBG2.5.0.0
2024-01-27 10:07:38,229 [WARN] PackLoader:240 - Cannot read IP mode file for STMicroelectronics.X-CUBE-TOF1.3.3.1
2024-01-27 10:07:38,250 [WARN] PackLoader:240 - Cannot read IP mode file for STMicroelectronics.X-CUBE-AZRTOS-G4.2.0.0
2024-01-27 10:07:38,258 [WARN] PackLoader:240 - Cannot read IP mode file for STMicroelectronics.FP-ATR-ASTRA1.1.1.1
2024-01-27 10:07:38,269 [WARN] PackLoader:240 - Cannot read IP mode file for Infineon.AIROC-Wi-Fi-Bluetooth-STM32.1.5.1
2024-01-27 10:07:38,285 [WARN] PackLoader:240 - Cannot read IP mode file for STMicroelectronics.FP-SNS-MOTENVWB1.1.3.0
2024-01-27 10:07:38,290 [WARN] PackLoader:240 - Cannot read IP mode file for STMicroelectronics.FP-SNS-MOTENVWB1.1.3.1
2024-01-27 10:07:38,293 [INFO] WebApp:753 - Register for checkConnection events
2024-01-27 10:07:38,293 [INFO] WebApp:390 - Apply proxy settings
2024-01-27 10:07:38,293 [INFO] WebApp:475 - Chromium requires no authentication
2024-01-27 10:07:38,302 [WARN] PackLoader:240 - Cannot read IP mode file for STMicroelectronics.X-CUBE-AZRTOS-G4.1.0.0
2024-01-27 10:07:38,304 [INFO] WebApp:418 - Direct internet connection detected
2024-01-27 10:07:38,317 [WARN] PackLoader:240 - Cannot read IP mode file for STMicroelectronics.X-CUBE-AZRTOS-L4.1.0.0
2024-01-27 10:07:38,324 [WARN] PackLoader:240 - Cannot read IP mode file for STMicroelectronics.X-CUBE-ISPU.2.0.0
2024-01-27 10:07:38,354 [WARN] PackLoader:240 - Cannot read IP mode file for STMicroelectronics.X-CUBE-MEMS1.10.0.0
2024-01-27 10:07:38,477 [WARN] PackLoader:240 - Cannot read IP mode file for STMicroelectronics.X-CUBE-FREERTOS.1.1.0
2024-01-27 10:07:38,490 [WARN] PackLoader:240 - Cannot read IP mode file for STMicroelectronics.X-CUBE-AZRTOS-WL.1.0.0
2024-01-27 10:07:38,502 [WARN] PackLoader:240 - Cannot read IP mode file for portGmbH.I-Cube-SoM-uGOAL.1.1.0
2024-01-27 10:07:38,510 [WARN] PackLoader:240 - Cannot read IP mode file for STMicroelectronics.X-CUBE-ALS.1.0.1
2024-01-27 10:07:38,531 [WARN] PackLoader:240 - Cannot read IP mode file for STMicroelectronics.X-CUBE-AZRTOS-WB.1.1.0
2024-01-27 10:07:38,539 [WARN] PackLoader:240 - Cannot read IP mode file for STMicroelectronics.FP-ATR-ASTRA1.2.0.0
2024-01-27 10:07:38,553 [WARN] PackLoader:240 - Cannot read IP mode file for STMicroelectronics.X-CUBE-TOF1.3.4.0
2024-01-27 10:07:38,580 [INFO] WebApp:188 - Starting web application
2024-01-27 10:07:38,580 [INFO] WebApp:520 - Web application path used C:\ST\STM32CubeIDE_1.11.2\STM32CubeIDE\plugins\com.st.stm32cube.common.mx_6.9.2.202309101412\db\plugins\mcufinder\reactClient1\index.html
2024-01-27 10:07:38,583 [WARN] PackLoader:240 - Cannot read IP mode file for STMicroelectronics.X-CUBE-AZRTOS-H7.3.2.0
2024-01-27 10:07:38,588 [INFO] ThirdParty:978 - Integrity check success = true
2024-01-27 10:07:38,588 [INFO] IntegrityCheckThread:100 - exiting critical section [integrity check]
2024-01-27 10:07:38,588 [INFO] IntegrityCheckThread:103 - End integrity checks thread
2024-01-27 10:07:59,298 [ERROR] LogOutputStream:75 - [STDERR_REDIRECT] SLF4J: Failed to load class "org.slf4j.impl.StaticLoggerBinder".
2024-01-27 10:07:59,299 [ERROR] LogOutputStream:75 - [STDERR_REDIRECT] SLF4J: Defaulting to no-operation (NOP) logger implementation
2024-01-27 10:07:59,300 [ERROR] LogOutputStream:75 - [STDERR_REDIRECT] SLF4J: See http://www.slf4j.org/codes.html#StaticLoggerBinder for further details.
2024-01-27 11:07:34,503 [INFO] McuFinderGlobals:63 - Set McuFinder mode to 2 (CubeIDE integrated)
2024-01-27 11:07:34,533 [INFO] MainUpdater:2868 - connection check result : 10
2024-01-27 11:07:34,538 [INFO] MainUpdater:2868 - connection check result : 10
2024-01-27 11:07:34,742 [INFO] MicroXplorer:468 - Change Database Path : 
2024-01-27 11:07:34,742 [INFO] MicroXplorer:498 - Change Database Version : DB.6.0.92
2024-01-27 11:07:34,748 [WARN] ThirdParty:871 - waiting for thirdparty lock release [close project]
2024-01-27 11:07:34,748 [INFO] ThirdParty:873 - entering critical section [close project]
2024-01-27 11:07:34,773 [INFO] ThirdParty:883 - exiting critical section [close project]
2024-01-27 11:07:34,779 [INFO] PinOutPanel:1499 - setPackage(No Configuration,No Configuration)
2024-01-27 11:07:34,793 [INFO] UtilMem:75 - Begin LoadConfig() Used Memory: 646522112 Bytes (987758592)
2024-01-27 11:07:34,796 [INFO] MicroXplorer:468 - Change Database Path : 
2024-01-27 11:07:34,797 [INFO] MicroXplorer:498 - Change Database Version : DB.6.0.92
2024-01-27 11:07:34,797 [INFO] OpenFileManager:308 - Change cursor
2024-01-27 11:07:34,858 [INFO] Mcu:1946 - Initializing MCU STM32F407V(E-G)Tx STM32F407VGTx STM32F407VGT6
2024-01-27 11:07:36,848 [INFO] Context:659 - Trying to add GPIOservice into a context  which must be forbidden
2024-01-27 11:07:37,551 [INFO] RtosManager:555 - Registered RTOS mode: class=CMSIS, group=RTOS, mode=CMSIS_V1, owner=FREERTOS
2024-01-27 11:07:37,551 [INFO] RtosManager:555 - Registered RTOS mode: class=CMSIS, group=RTOS2, mode=CMSIS_V2, owner=FREERTOS
2024-01-27 11:07:37,551 [INFO] RtosManager:555 - Registered RTOS mode: class=RTOS, group=Core, mode=CMSIS_V1, owner=FREERTOS
2024-01-27 11:07:37,552 [INFO] RtosManager:555 - Registered RTOS mode: class=RTOS, group=Core, mode=CMSIS_V2, owner=FREERTOS
2024-01-27 11:07:37,552 [WARN] ModelIntegratedComponent:184 - Missing modes for component STMicroelectronics:FreeRTOS:0.0.1:STMicroelectronics:RTOS:FreeRTOS:Core:::10.2.0:
2024-01-27 11:07:37,567 [WARN] ModelIntegratedComponent:63 - No mode defined for component null
2024-01-27 11:07:37,567 [WARN] ModelIntegratedComponent:63 - No mode defined for component null
2024-01-27 11:07:37,567 [WARN] ModelIntegratedComponent:63 - No mode defined for component null
2024-01-27 11:07:37,567 [WARN] ModelIntegratedComponent:63 - No mode defined for component null
2024-01-27 11:07:37,567 [WARN] ModelIntegratedComponent:63 - No mode defined for component null
2024-01-27 11:07:37,567 [WARN] ModelIntegratedComponent:63 - No mode defined for component null
2024-01-27 11:07:37,567 [WARN] ModelIntegratedComponent:63 - No mode defined for component null
2024-01-27 11:07:37,567 [WARN] ModelIntegratedComponent:63 - No mode defined for component null
2024-01-27 11:07:37,567 [WARN] ModelIntegratedComponent:63 - No mode defined for component null
2024-01-27 11:07:37,567 [WARN] ModelIntegratedComponent:63 - No mode defined for component null
2024-01-27 11:07:37,567 [WARN] ModelIntegratedComponent:63 - No mode defined for component null
2024-01-27 11:07:37,567 [WARN] ModelIntegratedComponent:63 - No mode defined for component null
2024-01-27 11:07:37,567 [WARN] ModelIntegratedComponent:63 - No mode defined for component null
2024-01-27 11:07:37,567 [WARN] ModelIntegratedComponent:63 - No mode defined for component null
2024-01-27 11:07:37,567 [WARN] ModelIntegratedComponent:63 - No mode defined for component null
2024-01-27 11:07:37,567 [WARN] ModelIntegratedComponent:63 - No mode defined for component null
2024-01-27 11:07:37,567 [WARN] ModelIntegratedComponent:63 - No mode defined for component null
2024-01-27 11:07:37,567 [WARN] ModelIntegratedComponent:63 - No mode defined for component null
2024-01-27 11:07:37,567 [WARN] ModelIntegratedComponent:63 - No mode defined for component null
2024-01-27 11:07:37,568 [WARN] ModelIntegratedComponent:63 - No mode defined for component null
2024-01-27 11:07:37,568 [WARN] ModelIntegratedComponent:63 - No mode defined for component null
2024-01-27 11:07:37,568 [WARN] ModelIntegratedComponent:63 - No mode defined for component null
2024-01-27 11:07:37,568 [WARN] ModelIntegratedComponent:63 - No mode defined for component null
2024-01-27 11:07:37,568 [WARN] ModelIntegratedComponent:63 - No mode defined for component null
2024-01-27 11:07:37,568 [WARN] ModelIntegratedComponent:63 - No mode defined for component null
2024-01-27 11:07:37,568 [WARN] ModelIntegratedComponent:63 - No mode defined for component null
2024-01-27 11:07:37,568 [WARN] ModelIntegratedComponent:63 - No mode defined for component null
2024-01-27 11:07:37,568 [WARN] ModelIntegratedComponent:63 - No mode defined for component null
2024-01-27 11:07:37,568 [WARN] ModelIntegratedComponent:63 - No mode defined for component null
2024-01-27 11:07:37,568 [WARN] ModelIntegratedComponent:63 - No mode defined for component null
2024-01-27 11:07:37,568 [WARN] ModelIntegratedComponent:63 - No mode defined for component null
2024-01-27 11:07:37,568 [WARN] ModelIntegratedComponent:63 - No mode defined for component null
2024-01-27 11:07:37,568 [WARN] ModelIntegratedComponent:63 - No mode defined for component null
2024-01-27 11:07:37,745 [INFO] ThirdPartyModel:298 - Start build external matchings
2024-01-27 11:07:38,812 [INFO] ThirdPartyModel:316 - End build external matchings
2024-01-27 11:07:38,838 [INFO] ImportTextPane:194 - (OptionalMessage_ERROR) IP (RCC) : Parameter (48MHZClocksFreq_Value) has invalid value (84000000)
2024-01-27 11:07:38,839 [INFO] ImportTextPane:194 - (OptionalMessage_ERROR) IP (RCC) : Parameter (RTCHSEDivFreq_Value) has invalid value (4000000)
2024-01-27 11:07:39,248 [INFO] UtilMem:75 - End LoadConfig() Used Memory: 725642800 Bytes (1073741824)
2024-01-27 11:07:39,415 [INFO] ApiDb:581 - Connected to CubeFinder SQLite database (C:\Users\erkan\.stmcufinder\plugins\mcufinder\mcu\cube-finder-db.db)
2024-01-27 11:07:39,511 [INFO] ApiDb:668 - CubeFinder database Data Model version=2.1
2024-01-27 11:07:39,512 [INFO] ApiDb:669 - CubeFinder database Configuration version=3.0.39
2024-01-27 11:07:39,513 [INFO] ApiDb:670 - CubeFinder database generation date=2024-01-11 (1704964531)
2024-01-27 11:07:39,513 [INFO] ApiDb:671 - CubeFinder database FW Pack versions=[FP-ATR-ASTRA1_V2.0.0, FP-SNS-FLIGHT1_V5.0.1, FP-SNS-FLIGHT1_V5.0.2, FP-SNS-MOTENV1_V4.3.1, FP-SNS-MOTENV1_V4.3.2, FP-SNS-MOTENVWB1_V1.3.1, FP-SNS-SMARTAG2_V1.2.0, STM32Cube_FW_C0_V1.1.0, STM32Cube_FW_F4_V1.28.0, STM32Cube_FW_F7_V1.17.0, STM32Cube_FW_G0_V1.6.2, STM32Cube_FW_G4_V1.5.2, STM32Cube_FW_H5_V0.5.1, STM32Cube_FW_H5_V1.1.1, STM32Cube_FW_H5_V1.2.0RC2, STM32Cube_FW_H7_V1.11.0, STM32Cube_FW_L0_V1.12.2, STM32Cube_FW_L5_V1.5.0, STM32Cube_FW_U5_V1.3.0RC4, STM32Cube_FW_U5_V1.4.0, STM32Cube_FW_WBA_V1.0.0RC1, STM32Cube_FW_WBA_V1.1.0RC1, STM32Cube_FW_WBA_V1.2.0, STM32Cube_FW_WBA_V1.2.0RC2, STM32Cube_FW_WB_V1.15.0RC1, STM32Cube_FW_WB_V1.16.0, STM32Cube_FW_WB_V1.16.0RC2, STM32Cube_FW_WB_V1.18.0, STM32Cube_FW_WL_V1.3.0, X-CUBE-ALGOBUILD_V1.3.0, X-CUBE-ALS_V1.0.1, X-CUBE-AZRTOS-F4_V1.1.0, X-CUBE-AZRTOS-F7_V1.1.0, X-CUBE-AZRTOS-G0_V1.1.0, X-CUBE-AZRTOS-G4_V2.0.0, X-CUBE-AZRTOS-H7_V3.2.0, X-CUBE-AZRTOS-L4_V1.0.0, X-CUBE-AZRTOS-L4_V2.0.0, X-CUBE-AZRTOS-L5_V1.1.0, X-CUBE-AZRTOS-WB_V2.0.0, X-CUBE-AZRTOS-WL_V2.0.0, X-CUBE-BLE1_V7.0.0, X-CUBE-BLE2_V3.3.0, X-CUBE-BLEMGR_V3.0.0, X-CUBE-EEPRMA1_V4.1.0, X-CUBE-EEPRMA1_V4.2.0, X-CUBE-FREERTOS_V1.1.0, X-CUBE-GNSS1_V6.0.0, X-CUBE-MEMS1_V10.0.0, X-CUBE-MEMS1_V9.1.0, X-CUBE-MEMS1_V9.4.0, X-CUBE-MEMS1_V9.6.0, X-CUBE-NFC4_V3.0.0, X-CUBE-NFC7_V1.0.1, X-CUBE-SFXS2LP1_V4.0.0, X-CUBE-SUBG2_V5.0.0, X-CUBE-TOF1_V3.4.0]
2024-01-27 11:07:41,862 [INFO] ApiDb:240 - Found 323 in-development CPN: [B-G473E-ZEST1S, B-WB1M-WPAN1, B-WL5M-SUBG1, NUCLEO-C031C6, NUCLEO-H503RB, NUCLEO-H563ZI, NUCLEO-U545RE-Q, NUCLEO-U5A5ZJ-Q, NUCLEO-WBA52CG, STEVAL-PROTEUS1, STEVAL-SMARTAG2, STEVAL-STWINBX1, STM320518-EVAL, STM32C0116-DK, STM32C011D6Y3TR, STM32C011D6Y6TR, STM32C011F4P3, STM32C011F4P6, STM32C011F4U3, STM32C011F4U6TR, STM32C011F6P3, STM32C011F6P6, STM32C011F6U3, STM32C011F6U6TR, STM32C011J4M3, STM32C011J4M6, STM32C011J6M3, STM32C011J6M6, STM32C0316-DK, STM32C031C4T3, STM32C031C4T6, STM32C031C4U3, STM32C031C4U6, STM32C031C6T3, STM32C031C6T6, STM32C031C6U3, STM32C031C6U6, STM32C031F4P3, STM32C031F4P6, STM32C031F6P3, STM32C031F6P6, STM32C031G4U3, STM32C031G4U6, STM32C031G6U3, STM32C031G6U6, STM32C031K4T3, STM32C031K4T6, STM32C031K4U3, STM32C031K4U6, STM32C031K6T3, STM32C031K6T6, STM32C031K6U3, STM32C031K6U6, STM32G071K8TXN, STM32G071K8UXN, STM32G081GBU6N, STM32G081KBT6N, STM32G081KBUXN, STM32G0B1CCT6N, STM32G0B1KCT6, STM32G0B1NEY6TR, STM32G0B1RCT6N, STM32G0C1CCT6, STM32G0C1CCT6N, STM32G0C1CCU6N, STM32G0C1CET6N, STM32G0C1CEU6N, STM32G0C1KCT6, STM32G0C1NEY6TR, STM32G0C1RCI6N, STM32G0C1RCT6N, STM32G0C1REI6N, STM32G0C1RET6N, STM32G0C1VCI6, STM32G0C1VEI6, STM32G471CCT6, STM32G471CCU6, STM32G471CET3, STM32G471CET6, STM32G471CEU3, STM32G471CEU6, STM32G471MCT6, STM32G471MET3, STM32G471MET6, STM32G471MEY6TR, STM32G471QCT6, STM32G471QET3, STM32G471RCT6, STM32G471RET3, STM32G471RET6, STM32G471VCH6, STM32G471VCI6, STM32G471VCT6, STM32G471VEH3, STM32G471VEH6, STM32G471VEI3, STM32G471VEI6, STM32G471VET3, STM32G471VET6, STM32G474CCT6, STM32H503CBT6, STM32H503CBU6, STM32H503EBY6TR, STM32H503KBU6, STM32H503RBT6, STM32H562AGI6, STM32H562AII6, STM32H562IGK6, STM32H562IGT6, STM32H562IIK6, STM32H562IIT6, STM32H562RGT6, STM32H562RGV6, STM32H562RIT6, STM32H562RIV6, STM32H562VGT6, STM32H562VIT6, STM32H562ZGT6, STM32H562ZIT6, STM32H563AGI6, STM32H563AII3Q, STM32H563AII6, STM32H563IGK6, STM32H563IGT6, STM32H563IIK3Q, STM32H563IIK6, STM32H563IIT3Q, STM32H563IIT6, STM32H563MIY3QTR, STM32H563RGT6, STM32H563RGV6, STM32H563RIT6, STM32H563RIV6, STM32H563VGT6, STM32H563VIT3Q, STM32H563VIT6, STM32H563ZGT6, STM32H563ZIT3Q, STM32H563ZIT6, STM32H573AII3Q, STM32H573AII6, STM32H573I-DK, STM32H573IIK3Q, STM32H573IIK6, STM32H573IIT3Q, STM32H573IIT6, STM32H573MIY3QTR, STM32H573RIT6, STM32H573RIV6, STM32H573VIT3Q, STM32H573VIT6, STM32H573ZIT3Q, STM32H573ZIT6, STM32L4R5QGI6STR, STM32MP131AAE3, STM32MP131AAF3, STM32MP131AAG3, STM32MP131CAE3, STM32MP131CAF3, STM32MP131CAG3, STM32MP131DAE7, STM32MP131DAF7, STM32MP131DAG7, STM32MP131FAE7, STM32MP131FAF7, STM32MP131FAG7, STM32MP133AAE3, STM32MP133AAF3, STM32MP133AAG3, STM32MP133CAE3, STM32MP133CAF3, STM32MP133CAG3, STM32MP133DAE7, STM32MP133DAF7, STM32MP133DAG7, STM32MP133FAE7, STM32MP133FAF7, STM32MP133FAG7, STM32MP135AAE3, STM32MP135AAF3, STM32MP135AAG3, STM32MP135CAE3, STM32MP135CAF3, STM32MP135CAG3, STM32MP135DAE7, STM32MP135DAF7, STM32MP135DAG7, STM32MP135F-DK, STM32MP135FAE7, STM32MP135FAF7, STM32MP135FAF7T, STM32MP135FAF7U, STM32MP135FAG7, STM32U535CBT6, STM32U535CBT6Q, STM32U535CBU6, STM32U535CBU6Q, STM32U535CCT6, STM32U535CCT6Q, STM32U535CCU6, STM32U535CCU6Q, STM32U535CET6, STM32U535CET6Q, STM32U535CEU6, STM32U535CEU6Q, STM32U535JEY6QTR, STM32U535NCY6QTR, STM32U535NEY6QTR, STM32U535RBI6, STM32U535RBI6Q, STM32U535RBT6, STM32U535RBT6Q, STM32U535RCI6, STM32U535RCI6Q, STM32U535RCT6, STM32U535RCT6Q, STM32U535REI6, STM32U535REI6Q, STM32U535RET6, STM32U535RET6Q, STM32U535VCI6, STM32U535VCI6Q, STM32U535VCT6, STM32U535VCT6Q, STM32U535VEI6, STM32U535VEI6Q, STM32U535VET6, STM32U535VET6Q, STM32U545CET6, STM32U545CET6Q, STM32U545CEU6, STM32U545CEU6Q, STM32U545JEY6QTR, STM32U545NEY6QTR, STM32U545REI6, STM32U545REI6Q, STM32U545RET6, STM32U545RET6Q, STM32U545VEI6, STM32U545VEI6Q, STM32U545VET6, STM32U545VET6Q, STM32U595AIH6, STM32U595AIH6Q, STM32U595AJH6, STM32U595AJH6Q, STM32U595QII6, STM32U595QII6Q, STM32U595QJI6, STM32U595QJI6Q, STM32U595RIT6, STM32U595RIT6Q, STM32U595RJT6, STM32U595RJT6Q, STM32U595VIT6, STM32U595VIT6Q, STM32U595VJT6, STM32U595VJT6Q, STM32U595ZIT6, STM32U595ZIT6Q, STM32U595ZIY6QTR, STM32U595ZJT6, STM32U595ZJT6Q, STM32U595ZJY6QTR, STM32U599BJY6QTR, STM32U599NIH6Q, STM32U599NJH6Q, STM32U599VIT6Q, STM32U599VJT6, STM32U599VJT6Q, STM32U599ZIT6Q, STM32U599ZIY6QTR, STM32U599ZJT6Q, STM32U599ZJY6QTR, STM32U5A5AJH6, STM32U5A5AJH6Q, STM32U5A5QJI6, STM32U5A5QJI6Q, STM32U5A5RJT6, STM32U5A5RJT6Q, STM32U5A5VJT6, STM32U5A5VJT6Q, STM32U5A5ZJT6, STM32U5A5ZJT6Q, STM32U5A5ZJY6QTR, STM32U5A9BJY6QTR, STM32U5A9J-DK, STM32U5A9NJH6Q, STM32U5A9VJT6Q, STM32U5A9ZJT6Q, STM32U5A9ZJY6QTR, STM32U5F7VIT6, STM32U5F7VIT6Q, STM32U5F7VJT6, STM32U5F7VJT6Q, STM32U5F9BJY6QTR, STM32U5F9NJH6Q, STM32U5F9VIT6Q, STM32U5F9VJT6Q, STM32U5F9ZIJ6QTR, STM32U5F9ZIT6Q, STM32U5F9ZJJ6QTR, STM32U5F9ZJT6Q, STM32U5G7VJT6, STM32U5G7VJT6Q, STM32U5G9BJY6QTR, STM32U5G9J-DK1, STM32U5G9J-DK2, STM32U5G9NJH6Q, STM32U5G9VJT6Q, STM32U5G9ZJJ6QTR, STM32U5G9ZJT6Q, STM32WB1MMCH6, STM32WBA52CEU6, STM32WBA52CEU6T, STM32WBA52CGU6, STM32WBA52CGU6T, STM32WBA52KEU6, STM32WBA52KEU6T, STM32WBA52KGU6, STM32WBA52KGU6T, STM32WL5MOCH6, STM32WL5MOCH6TR]
2024-01-27 11:07:41,865 [INFO] DbMcus:217 - Found 3882 MCUs, 3882 are supported
2024-01-27 11:07:41,866 [INFO] ApiDb:423 - Load user favorites file C:\Users\erkan/.stm32cubeide/favorites.mcus.txt: 0 item(s)
2024-01-27 11:07:41,866 [INFO] ApiDb:427 - User favorites MCUs=[]
2024-01-27 11:07:41,866 [INFO] DbMcus:223 - Set 0 / 0 favorites MCUs
2024-01-27 11:07:42,235 [WARN] ThirdParty:833 - waiting for thirdparty lock release [change project]
2024-01-27 11:07:42,235 [INFO] ThirdParty:835 - entering critical section [change project]
2024-01-27 11:07:42,235 [INFO] ThirdParty:1030 - CMSIS Pack Vendor :STMicroelectronics X-CUBE-ISPU 1.1.0
2024-01-27 11:07:42,235 [INFO] ThirdParty:1030 - CMSIS Pack Vendor :STMicroelectronics USBPD 4.1
2024-01-27 11:07:42,235 [INFO] ThirdParty:1030 - CMSIS Pack Vendor :RoweBots I-CUBE-UNISONRTOS 5.5.0-4
2024-01-27 11:07:42,236 [INFO] ThirdParty:1030 - CMSIS Pack Vendor :STMicroelectronics X-CUBE-GNSS1 6.0.0
2024-01-27 11:07:42,236 [INFO] ThirdParty:1030 - CMSIS Pack Vendor :STMicroelectronics USB_HOST 2.0.0
2024-01-27 11:07:42,236 [INFO] ThirdParty:1030 - CMSIS Pack Vendor :STMicroelectronics X-CUBE-AZRTOS-F4 1.1.0
2024-01-27 11:07:42,236 [INFO] ThirdParty:1030 - CMSIS Pack Vendor :STMicroelectronics LIBJPEG 8.0.0
2024-01-27 11:07:42,236 [INFO] ThirdParty:1030 - CMSIS Pack Vendor :STMicroelectronics X-CUBE-SMBUS 2.1.0
2024-01-27 11:07:42,236 [INFO] ThirdParty:1030 - CMSIS Pack Vendor :STMicroelectronics USB_DEVICE 3.0.0
2024-01-27 11:07:42,236 [INFO] ThirdParty:1030 - CMSIS Pack Vendor :STMicroelectronics X-CUBE-AI 8.0.0
2024-01-27 11:07:42,236 [INFO] ThirdParty:1030 - CMSIS Pack Vendor :STMicroelectronics X-CUBE-AZRTOS-WB 2.0.0
2024-01-27 11:07:42,236 [INFO] ThirdParty:1030 - CMSIS Pack Vendor :STMicroelectronics X-CUBE-FREERTOS 1.0.1
2024-01-27 11:07:42,236 [INFO] ThirdParty:1030 - CMSIS Pack Vendor :STMicroelectronics X-CUBE-TOUCHGFX 4.21.1
2024-01-27 11:07:42,236 [INFO] ThirdParty:1030 - CMSIS Pack Vendor :STMicroelectronics X-CUBE-TOUCHGFX 4.23.0
2024-01-27 11:07:42,236 [INFO] ThirdParty:1030 - CMSIS Pack Vendor :STMicroelectronics X-CUBE-AZRTOS-F7 1.1.0
2024-01-27 11:07:42,236 [INFO] ThirdParty:1030 - CMSIS Pack Vendor :STMicroelectronics X-CUBE-AZRTOS-L5 2.0.0
2024-01-27 11:07:42,236 [INFO] ThirdParty:1030 - CMSIS Pack Vendor :STMicroelectronics USB_DEVICE 2.0.0
2024-01-27 11:07:42,236 [INFO] ThirdParty:1030 - CMSIS Pack Vendor :STMicroelectronics X-CUBE-AI 7.3.0
2024-01-27 11:07:42,236 [INFO] ThirdParty:1030 - CMSIS Pack Vendor :STMicroelectronics X-CUBE-MEMS1 9.6.0
2024-01-27 11:07:42,236 [INFO] ThirdParty:1030 - CMSIS Pack Vendor :STMicroelectronics X-CUBE-EEPRMA1 4.2.0
2024-01-27 11:07:42,236 [INFO] ThirdParty:1030 - CMSIS Pack Vendor :ITTIA_DB I-CUBE-ITTIADB 8.8.0
2024-01-27 11:07:42,236 [INFO] ThirdParty:1030 - CMSIS Pack Vendor :STMicroelectronics FP-SNS-MOTENV1 4.3.2
2024-01-27 11:07:42,236 [INFO] ThirdParty:1030 - CMSIS Pack Vendor :STMicroelectronics X-CUBE-ALGOBUILD 1.3.0
2024-01-27 11:07:42,236 [INFO] ThirdParty:1030 - CMSIS Pack Vendor :STMicroelectronics X-CUBE-BLE1 6.2.4
2024-01-27 11:07:42,236 [INFO] ThirdParty:1030 - CMSIS Pack Vendor :STMicroelectronics X-CUBE-AZRTOS-L5 1.1.0
2024-01-27 11:07:42,237 [INFO] ThirdParty:1030 - CMSIS Pack Vendor :STMicroelectronics FreeRTOS 0.0.1
2024-01-27 11:07:42,237 [INFO] ThirdParty:1030 - CMSIS Pack Vendor :STMicroelectronics X-CUBE-AZRTOS-G0 1.1.0
2024-01-27 11:07:42,237 [INFO] ThirdParty:1030 - CMSIS Pack Vendor :emotas I-CUBE-CANOPEN 1.1.3
2024-01-27 11:07:42,237 [INFO] ThirdParty:1030 - CMSIS Pack Vendor :STMicroelectronics X-CUBE-BLEMGR 2.0.0
2024-01-27 11:07:42,237 [INFO] ThirdParty:1030 - CMSIS Pack Vendor :STMicroelectronics X-CUBE-NFC4 3.0.0
2024-01-27 11:07:42,237 [INFO] ThirdParty:1030 - CMSIS Pack Vendor :STMicroelectronics X-CUBE-SUBG2 5.0.0
2024-01-27 11:07:42,237 [INFO] ThirdParty:1030 - CMSIS Pack Vendor :STMicroelectronics STM32_WPAN 1.0.0
2024-01-27 11:07:42,237 [INFO] ThirdParty:1030 - CMSIS Pack Vendor :STMicroelectronics lwIP 2.0.3
2024-01-27 11:07:42,237 [INFO] ThirdParty:1030 - CMSIS Pack Vendor :STMicroelectronics FP-SNS-FLIGHT1 5.0.2
2024-01-27 11:07:42,237 [INFO] ThirdParty:1030 - CMSIS Pack Vendor :STMicroelectronics USB_HOST 1.0.0
2024-01-27 11:07:42,237 [INFO] ThirdParty:1030 - CMSIS Pack Vendor :STMicroelectronics X-CUBE-TOF1 3.3.1
2024-01-27 11:07:42,237 [INFO] ThirdParty:1030 - CMSIS Pack Vendor :STMicroelectronics X-CUBE-AZRTOS-G4 2.0.0
2024-01-27 11:07:42,237 [INFO] ThirdParty:1030 - CMSIS Pack Vendor :STMicroelectronics PDM2PCM 3.1.0
2024-01-27 11:07:42,237 [INFO] ThirdParty:1030 - CMSIS Pack Vendor :STMicroelectronics X-CUBE-AZRTOS-H7 3.1.0
2024-01-27 11:07:42,237 [INFO] ThirdParty:1030 - CMSIS Pack Vendor :STMicroelectronics FP-ATR-ASTRA1 1.1.1
2024-01-27 11:07:42,237 [INFO] ThirdParty:1030 - CMSIS Pack Vendor :Infineon AIROC-Wi-Fi-Bluetooth-STM32 1.5.1
2024-01-27 11:07:42,237 [INFO] ThirdParty:1030 - CMSIS Pack Vendor :STMicroelectronics X-CUBE-BLEMGR 3.0.0
2024-01-27 11:07:42,237 [INFO] ThirdParty:1030 - CMSIS Pack Vendor :STMicroelectronics PDM2PCM 3.3.0
2024-01-27 11:07:42,237 [INFO] ThirdParty:1030 - CMSIS Pack Vendor :STMicroelectronics X-CUBE-DISPLAY 3.0.0
2024-01-27 11:07:42,237 [INFO] ThirdParty:1030 - CMSIS Pack Vendor :STMicroelectronics X-CUBE-BLEMGR 1.3.0
2024-01-27 11:07:42,237 [INFO] ThirdParty:1030 - CMSIS Pack Vendor :STMicroelectronics FP-SNS-MOTENVWB1 1.3.0
2024-01-27 11:07:42,237 [INFO] ThirdParty:1030 - CMSIS Pack Vendor :STMicroelectronics FP-SNS-MOTENVWB1 1.3.1
2024-01-27 11:07:42,237 [INFO] ThirdParty:1030 - CMSIS Pack Vendor :STMicroelectronics X-CUBE-BLE1 7.0.0
2024-01-27 11:07:42,237 [INFO] ThirdParty:1030 - CMSIS Pack Vendor :STMicroelectronics FP-ATR-SIGFOX1 3.2.0
2024-01-27 11:07:42,237 [INFO] ThirdParty:1030 - CMSIS Pack Vendor :STMicroelectronics X-CUBE-AZRTOS-G4 1.0.0
2024-01-27 11:07:42,237 [INFO] ThirdParty:1030 - CMSIS Pack Vendor :wolfSSL I-CUBE-wolfSSL 5.5.4
2024-01-27 11:07:42,237 [INFO] ThirdParty:1030 - CMSIS Pack Vendor :STMicroelectronics X-CUBE-AZRTOS-L4 1.0.0
2024-01-27 11:07:42,238 [INFO] ThirdParty:1030 - CMSIS Pack Vendor :STMicroelectronics X-CUBE-ISPU 2.0.0
2024-01-27 11:07:42,238 [INFO] ThirdParty:1030 - CMSIS Pack Vendor :STMicroelectronics X-CUBE-EEPRMA1 5.1.0
2024-01-27 11:07:42,238 [INFO] ThirdParty:1030 - CMSIS Pack Vendor :STMicroelectronics HAL Drivers 0.0.0
2024-01-27 11:07:42,238 [INFO] ThirdParty:1030 - CMSIS Pack Vendor :STMicroelectronics MBEDTLS 2.16.2
2024-01-27 11:07:42,238 [INFO] ThirdParty:1030 - CMSIS Pack Vendor :STMicroelectronics X-CUBE-MEMS1 10.0.0
2024-01-27 11:07:42,238 [INFO] ThirdParty:1030 - CMSIS Pack Vendor :STMicroelectronics X-CUBE-FREERTOS 1.1.0
2024-01-27 11:07:42,238 [INFO] ThirdParty:1030 - CMSIS Pack Vendor :STMicroelectronics X-CUBE-TOUCHGFX 4.22.0
2024-01-27 11:07:42,238 [INFO] ThirdParty:1030 - CMSIS Pack Vendor :STMicroelectronics X-CUBE-NFC7 1.0.1
2024-01-27 11:07:42,238 [INFO] ThirdParty:1030 - CMSIS Pack Vendor :STMicroelectronics MBEDTLS 2.14.1
2024-01-27 11:07:42,238 [INFO] ThirdParty:1030 - CMSIS Pack Vendor :STMicroelectronics X-CUBE-NFC7 1.0.0
2024-01-27 11:07:42,238 [INFO] ThirdParty:1030 - CMSIS Pack Vendor :STMicroelectronics X-CUBE-TOUCHGFX 4.22.1
2024-01-27 11:07:42,238 [INFO] ThirdParty:1030 - CMSIS Pack Vendor :STMicroelectronics X-CUBE-AZRTOS-WL 1.0.0
2024-01-27 11:07:42,238 [INFO] ThirdParty:1030 - CMSIS Pack Vendor :STMicroelectronics X-CUBE-NFC6 3.0.0
2024-01-27 11:07:42,238 [INFO] ThirdParty:1030 - CMSIS Pack Vendor :STMicroelectronics X-CUBE-EEPRMA1 4.1.0
2024-01-27 11:07:42,238 [INFO] ThirdParty:1030 - CMSIS Pack Vendor :portGmbH I-Cube-SoM-uGOAL 1.1.0
2024-01-27 11:07:42,238 [INFO] ThirdParty:1030 - CMSIS Pack Vendor :STMicroelectronics X-CUBE-ALS 1.0.1
2024-01-27 11:07:42,238 [INFO] ThirdParty:1030 - CMSIS Pack Vendor :STMicroelectronics X-CUBE-MEMS1 9.5.0
2024-01-27 11:07:42,238 [INFO] ThirdParty:1030 - CMSIS Pack Vendor :STMicroelectronics ThreadX 1.0.0
2024-01-27 11:07:42,238 [INFO] ThirdParty:1030 - CMSIS Pack Vendor :STMicroelectronics FP-SNS-SMARTAG2 1.2.0
2024-01-27 11:07:42,238 [INFO] ThirdParty:1030 - CMSIS Pack Vendor :STMicroelectronics X-CUBE-AZRTOS-WB 1.1.0
2024-01-27 11:07:42,238 [INFO] ThirdParty:1030 - CMSIS Pack Vendor :STMicroelectronics X-CUBE-AZRTOS-WL 2.0.0
2024-01-27 11:07:42,238 [INFO] ThirdParty:1030 - CMSIS Pack Vendor :SEGGER I-CUBE-embOS 1.3.1
2024-01-27 11:07:42,238 [INFO] ThirdParty:1030 - CMSIS Pack Vendor :STMicroelectronics USB_DEVICE 1.0.0
2024-01-27 11:07:42,238 [INFO] ThirdParty:1030 - CMSIS Pack Vendor :STMicroelectronics X-CUBE-AI 8.1.0
2024-01-27 11:07:42,238 [INFO] ThirdParty:1030 - CMSIS Pack Vendor :STMicroelectronics X-CUBE-AZRTOS-L4 2.0.0
2024-01-27 11:07:42,238 [INFO] ThirdParty:1030 - CMSIS Pack Vendor :STMicroelectronics ThreadX 0.0.2
2024-01-27 11:07:42,238 [INFO] ThirdParty:1030 - CMSIS Pack Vendor :WES I-CUBE-Cesium 1.3.0
2024-01-27 11:07:42,238 [INFO] ThirdParty:1030 - CMSIS Pack Vendor :STMicroelectronics FP-ATR-ASTRA1 2.0.0
2024-01-27 11:07:42,239 [INFO] ThirdParty:1030 - CMSIS Pack Vendor :STMicroelectronics lwIP 2.1.2
2024-01-27 11:07:42,239 [INFO] ThirdParty:1030 - CMSIS Pack Vendor :STMicroelectronics X-CUBE-SFXS2LP1 4.0.0
2024-01-27 11:07:42,239 [INFO] ThirdParty:1030 - CMSIS Pack Vendor :STMicroelectronics X-CUBE-BLE2 3.3.0
2024-01-27 11:07:42,239 [INFO] ThirdParty:1030 - CMSIS Pack Vendor :STMicroelectronics X-CUBE-TOF1 3.4.0
2024-01-27 11:07:42,239 [INFO] ThirdParty:1030 - CMSIS Pack Vendor :STMicroelectronics X-CUBE-TOF1 3.2.0
2024-01-27 11:07:42,239 [INFO] ThirdParty:1030 - CMSIS Pack Vendor :STMicroelectronics X-CUBE-AZRTOS-H7 3.2.0
2024-01-27 11:07:42,239 [INFO] ThirdParty:1030 - CMSIS Pack Vendor :STMicroelectronics PDM2PCM 3.2.0
2024-01-27 11:07:42,239 [INFO] ThirdParty:1030 - CMSIS Pack Vendor :STMicroelectronics X-CUBE-AZRTOS-H7 3.0.0
2024-01-27 11:07:42,239 [INFO] ThirdParty:841 - exiting critical section [change project]
2024-01-27 11:07:42,693 [INFO] PinOutPanel:1499 - setPackage(No Configuration,No Configuration)
2024-01-27 11:07:42,697 [INFO] PinOutPanel:1499 - setPackage(STM32F407VGTx,LQFP100)
2024-01-27 11:07:43,279 [INFO] UtilMem:75 - Before build in PCC Used Memory: 735055384 Bytes (1073741824)
2024-01-27 11:07:44,186 [INFO] UtilMem:75 - After build in PCC Used Memory: 831903544 Bytes (1073741824)
2024-01-27 11:07:44,219 [INFO] IPUIPlugin:80 - create IPUIPlugin
2024-01-27 11:07:44,220 [INFO] IPUIPlugin:80 - create IPUIPlugin
2024-01-27 11:07:44,220 [INFO] IPUIPlugin:80 - create IPUIPlugin
2024-01-27 11:07:44,220 [INFO] IPUIPlugin:80 - create IPUIPlugin
2024-01-27 11:07:44,220 [INFO] IPUIPlugin:80 - create IPUIPlugin
2024-01-27 11:07:44,221 [INFO] IPUIPlugin:80 - create IPUIPlugin
2024-01-27 11:07:44,221 [INFO] IPUIPlugin:80 - create IPUIPlugin
2024-01-27 11:07:44,221 [INFO] IPUIPlugin:80 - create IPUIPlugin
2024-01-27 11:07:44,221 [INFO] IPUIPlugin:80 - create IPUIPlugin
2024-01-27 11:07:44,222 [INFO] IPUIPlugin:80 - create IPUIPlugin
2024-01-27 11:07:44,222 [INFO] IPUIPlugin:80 - create IPUIPlugin
2024-01-27 11:07:44,222 [INFO] IPUIPlugin:80 - create IPUIPlugin
2024-01-27 11:07:44,222 [INFO] IPUIPlugin:80 - create IPUIPlugin
2024-01-27 11:07:44,222 [INFO] IPUIPlugin:80 - create IPUIPlugin
2024-01-27 11:07:44,222 [INFO] IPUIPlugin:80 - create IPUIPlugin
2024-01-27 11:07:44,222 [INFO] IPUIPlugin:80 - create IPUIPlugin
2024-01-27 11:07:44,222 [INFO] IPUIPlugin:80 - create IPUIPlugin
2024-01-27 11:07:44,222 [INFO] IPUIPlugin:80 - create IPUIPlugin
2024-01-27 11:07:44,223 [INFO] IPUIPlugin:80 - create IPUIPlugin
2024-01-27 11:07:44,223 [INFO] IPUIPlugin:80 - create IPUIPlugin
2024-01-27 11:07:44,223 [INFO] IPUIPlugin:80 - create IPUIPlugin
2024-01-27 11:07:44,223 [INFO] IPUIPlugin:80 - create IPUIPlugin
2024-01-27 11:07:44,223 [INFO] IPUIPlugin:80 - create IPUIPlugin
2024-01-27 11:07:44,223 [INFO] IPUIPlugin:80 - create IPUIPlugin
2024-01-27 11:07:44,224 [INFO] IPUIPlugin:80 - create IPUIPlugin
2024-01-27 11:07:44,224 [INFO] IPUIPlugin:80 - create IPUIPlugin
2024-01-27 11:07:44,224 [INFO] IPUIPlugin:80 - create IPUIPlugin
2024-01-27 11:07:44,224 [INFO] IPUIPlugin:80 - create IPUIPlugin
2024-01-27 11:07:44,224 [INFO] IPUIPlugin:80 - create IPUIPlugin
2024-01-27 11:07:44,225 [INFO] IPUIPlugin:80 - create IPUIPlugin
2024-01-27 11:07:44,225 [INFO] IPUIPlugin:80 - create IPUIPlugin
2024-01-27 11:07:44,225 [INFO] IPUIPlugin:80 - create IPUIPlugin
2024-01-27 11:07:44,225 [INFO] IPUIPlugin:80 - create IPUIPlugin
2024-01-27 11:07:44,226 [INFO] IPUIPlugin:80 - create IPUIPlugin
2024-01-27 11:07:44,226 [INFO] IPUIPlugin:80 - create IPUIPlugin
2024-01-27 11:07:44,226 [INFO] IPUIPlugin:80 - create IPUIPlugin
2024-01-27 11:07:44,226 [INFO] IPUIPlugin:80 - create IPUIPlugin
2024-01-27 11:07:44,227 [INFO] IPUIPlugin:80 - create IPUIPlugin
2024-01-27 11:07:44,227 [INFO] IPUIPlugin:80 - create IPUIPlugin
2024-01-27 11:07:44,227 [INFO] IPUIPlugin:80 - create IPUIPlugin
2024-01-27 11:07:44,227 [INFO] IPUIPlugin:80 - create IPUIPlugin
2024-01-27 11:07:44,227 [INFO] IPUIPlugin:80 - create IPUIPlugin
2024-01-27 11:07:44,228 [INFO] IPUIPlugin:80 - create IPUIPlugin
2024-01-27 11:07:44,228 [INFO] IPUIPlugin:80 - create IPUIPlugin
2024-01-27 11:07:44,228 [INFO] IPUIPlugin:80 - create IPUIPlugin
2024-01-27 11:07:44,228 [INFO] IPUIPlugin:80 - create IPUIPlugin
2024-01-27 11:07:44,228 [INFO] IPUIPlugin:80 - create IPUIPlugin
2024-01-27 11:07:44,229 [INFO] IPUIPlugin:80 - create IPUIPlugin
2024-01-27 11:07:44,229 [INFO] IPUIPlugin:80 - create IPUIPlugin
2024-01-27 11:07:44,229 [INFO] IPUIPlugin:80 - create IPUIPlugin
2024-01-27 11:07:44,229 [INFO] IPUIPlugin:80 - create IPUIPlugin
2024-01-27 11:07:44,230 [INFO] IPUIPlugin:80 - create IPUIPlugin
2024-01-27 11:07:44,230 [INFO] IPUIPlugin:80 - create IPUIPlugin
2024-01-27 11:07:44,230 [INFO] IPUIPlugin:80 - create IPUIPlugin
2024-01-27 11:07:44,231 [INFO] IPUIPlugin:80 - create IPUIPlugin
2024-01-27 11:07:44,231 [INFO] IPUIPlugin:80 - create IPUIPlugin
2024-01-27 11:07:44,232 [INFO] IPUIPlugin:80 - create IPUIPlugin
2024-01-27 11:07:44,232 [INFO] IPUIPlugin:80 - create IPUIPlugin
2024-01-27 11:07:44,338 [INFO] ApiDbMcu:507 - Load IP Config File for PDM2PCM
2024-01-27 11:07:44,357 [INFO] Can:71 - Can Add PropertyChangeListener com.st.microxplorer.plugins.ip.can.Can@19b4fd42
2024-01-27 11:07:44,856 [INFO] CADModel:165 - CPN selected for project levelSTM32F407VGT6
2024-01-27 11:07:44,857 [INFO] CADModel:114 - Register for checkConnection events
2024-01-27 11:07:44,896 [INFO] OpenFileManager:328 - Restore cursor
2024-01-27 11:25:22,027 [INFO] Gpio:273 - dependency for GPIO [CAN1, RCC, SPI1, SYS]
2024-01-27 11:25:29,191 [INFO] Gpio:273 - dependency for GPIO [CAN1, RCC, SPI1, SYS]
2024-01-27 11:26:42,755 [INFO] UtilMem:75 - End SaveConfig() Used Memory: 912584888 Bytes (1073741824)
2024-01-27 11:26:43,488 [INFO] UtilMem:75 - End SaveConfig() Used Memory: 952926496 Bytes (1073741824)
2024-01-27 11:26:44,282 [INFO] UtilMem:75 - End SaveConfig() Used Memory: 634802632 Bytes (1073741824)
2024-01-27 11:26:44,742 [INFO] BlockDiagram:2759 - set Specific Code input for plugin: SPI
2024-01-27 11:26:44,742 [INFO] BlockDiagram:2759 - set Specific Code input for plugin: CAN
2024-01-27 11:26:44,742 [INFO] BlockDiagram:2759 - set Specific Code input for plugin: SYS
2024-01-27 11:26:44,742 [INFO] BlockDiagram:2759 - set Specific Code input for plugin: RCC
2024-01-27 11:26:44,742 [INFO] BlockDiagram:2759 - set Specific Code input for plugin: NVIC
2024-01-27 11:26:44,742 [INFO] BlockDiagram:2759 - set Specific Code input for plugin: GPIO
2024-01-27 11:26:44,744 [INFO] CodeGenerator:799 - code generatio: config db path: C:\ST\STM32CubeIDE_1.11.2\STM32CubeIDE\plugins\com.st.stm32cube.common.mx_6.9.2.202309101412\\db\
2024-01-27 11:26:45,033 [INFO] CodeEngine:255 - oldGeneratedFile, C:\Users\erkan\STM32CubeIDE\workspace_1.11.2\HAL_CANBUS_004\MXTmpFiles\license.tmp_save
2024-01-27 11:26:45,613 [INFO] CodeEngine:279 - Generated code: C:\Users\erkan\STM32CubeIDE\workspace_1.11.2\HAL_CANBUS_004\MXTmpFiles\license.tmp
2024-01-27 11:26:45,693 [INFO] CodeEngine:255 - oldGeneratedFile, C:\Users\erkan\STM32CubeIDE\workspace_1.11.2\HAL_CANBUS_004\MXTmpFiles\gpio.tmp_save
2024-01-27 11:26:45,865 [INFO] CodeEngine:279 - Generated code: C:\Users\erkan\STM32CubeIDE\workspace_1.11.2\HAL_CANBUS_004\MXTmpFiles\gpio.tmp
2024-01-27 11:26:46,028 [INFO] CodeEngine:255 - oldGeneratedFile, C:\Users\erkan\STM32CubeIDE\workspace_1.11.2\HAL_CANBUS_004\Core\Src\stm32f4xx_it.c_save
2024-01-27 11:26:46,191 [INFO] CodeEngine:279 - Generated code: C:\Users\erkan\STM32CubeIDE\workspace_1.11.2\HAL_CANBUS_004\Core\Src\stm32f4xx_it.c
2024-01-27 11:26:46,219 [INFO] CodeEngine:255 - oldGeneratedFile, C:\Users\erkan\STM32CubeIDE\workspace_1.11.2\HAL_CANBUS_004\Core\Inc\stm32f4xx_it.h_save
2024-01-27 11:26:46,318 [INFO] CodeEngine:279 - Generated code: C:\Users\erkan\STM32CubeIDE\workspace_1.11.2\HAL_CANBUS_004\Core\Inc\stm32f4xx_it.h
2024-01-27 11:26:46,357 [INFO] CodeEngine:255 - oldGeneratedFile, C:\Users\erkan\STM32CubeIDE\workspace_1.11.2\HAL_CANBUS_004\Core\Src\stm32f4xx_hal_msp.c_save
2024-01-27 11:26:46,488 [INFO] CodeEngine:279 - Generated code: C:\Users\erkan\STM32CubeIDE\workspace_1.11.2\HAL_CANBUS_004\Core\Src\stm32f4xx_hal_msp.c
2024-01-27 11:26:46,503 [INFO] CodeEngine:255 - oldGeneratedFile, C:\Users\erkan\STM32CubeIDE\workspace_1.11.2\HAL_CANBUS_004\MXTmpFiles\system.tmp_save
2024-01-27 11:26:46,576 [INFO] CodeEngine:279 - Generated code: C:\Users\erkan\STM32CubeIDE\workspace_1.11.2\HAL_CANBUS_004\MXTmpFiles\system.tmp
2024-01-27 11:26:46,617 [INFO] CodeEngine:311 - oldGeneratedFile, C:\Users\erkan\STM32CubeIDE\workspace_1.11.2\HAL_CANBUS_004\Core\Inc\stm32f4xx_hal_conf.h_save
2024-01-27 11:26:46,728 [INFO] CodeEngine:335 - Generated code: C:\Users\erkan\STM32CubeIDE\workspace_1.11.2\HAL_CANBUS_004\Core\Inc\stm32f4xx_hal_conf.h
2024-01-27 11:26:46,798 [INFO] CodeEngine:255 - oldGeneratedFile, C:\Users\erkan\STM32CubeIDE\workspace_1.11.2\HAL_CANBUS_004\Core\Inc\main.h_save
2024-01-27 11:26:46,906 [INFO] CodeEngine:279 - Generated code: C:\Users\erkan\STM32CubeIDE\workspace_1.11.2\HAL_CANBUS_004\Core\Inc\main.h
2024-01-27 11:26:46,931 [INFO] CodeEngine:255 - oldGeneratedFile, C:\Users\erkan\STM32CubeIDE\workspace_1.11.2\HAL_CANBUS_004\Core\Src\main.c_save
2024-01-27 11:26:47,095 [INFO] CodeEngine:279 - Generated code: C:\Users\erkan\STM32CubeIDE\workspace_1.11.2\HAL_CANBUS_004\Core\Src\main.c
2024-01-27 11:26:47,902 [INFO] ProjectBuilder:3064 - Time for Copy HAL[1] : 303mS.
2024-01-27 11:26:47,909 [INFO] ProjectBuilder:4404 - Project Generator version: 4.1.0
2024-01-27 11:26:48,197 [INFO] ConfigFileManager:1457 - The Die is : DIE413
2024-01-27 11:26:48,220 [INFO] ApiDbMcu:507 - Load IP Config File for FATFS
2024-01-27 11:26:48,240 [INFO] ApiDbMcu:507 - Load IP Config File for FREERTOS
2024-01-27 11:26:48,254 [INFO] ApiDbMcu:507 - Load IP Config File for LIBJPEG
2024-01-27 11:26:48,272 [INFO] ApiDbMcu:507 - Load IP Config File for LWIP
2024-01-27 11:26:48,291 [INFO] ApiDbMcu:507 - Load IP Config File for MBEDTLS
2024-01-27 11:26:48,307 [INFO] ApiDbMcu:507 - Load IP Config File for USB_DEVICE
2024-01-27 11:26:48,322 [INFO] ApiDbMcu:507 - Load IP Config File for USB_HOST
2024-01-27 11:26:49,406 [INFO] LogOutputStream:77 - [STDOUT_REDIRECT] 
2024-01-27 11:26:51,027 [INFO] ProjectBuilder:4626 - Time for Generating toolchain IDE Files: 3118mS.
2024-01-27 11:26:51,029 [INFO] ProjectBuilder:2935 - Time for Copy CMSIS : 2mS.
2024-01-27 11:26:51,033 [INFO] ProjectBuilder:2935 - Time for Copy CMSIS : 0mS.
2024-01-27 11:41:41,125 [INFO] Gpio:273 - dependency for GPIO [CAN1, RCC, SPI1, SYS]
2024-01-27 11:46:24,618 [INFO] NvicIntPanel:101 - NVIC parent = com.st.microxplorer.plugins.ip.nvic.MultiNvicIntPanel[,0,0,634x316,layout=javax.swing.BoxLayout,alignmentX=0.0,alignmentY=0.0,border=,flags=9,maximumSize=,minimumSize=,preferredSize=]
2024-01-27 11:46:41,666 [INFO] NvicIntPanel:101 - NVIC parent = com.st.microxplorer.plugins.ip.nvic.MultiNvicIntPanel[,0,0,0x0,invalid,layout=javax.swing.BoxLayout,alignmentX=0.0,alignmentY=0.0,border=,flags=9,maximumSize=,minimumSize=,preferredSize=]
2024-01-27 11:46:41,749 [INFO] NvicIntPanel:101 - NVIC parent = com.st.microxplorer.plugins.ip.nvic.MultiNvicIntPanel[,0,0,0x0,invalid,layout=javax.swing.BoxLayout,alignmentX=0.0,alignmentY=0.0,border=,flags=9,maximumSize=,minimumSize=,preferredSize=]
2024-01-27 11:46:58,484 [INFO] UtilMem:75 - End SaveConfig() Used Memory: 713368936 Bytes (1073741824)
2024-01-27 11:46:59,483 [INFO] UtilMem:75 - End SaveConfig() Used Memory: 752688488 Bytes (1073741824)
2024-01-27 11:46:59,984 [INFO] UtilMem:75 - End SaveConfig() Used Memory: 796206440 Bytes (1073741824)
2024-01-27 11:47:00,216 [INFO] BlockDiagram:2759 - set Specific Code input for plugin: SPI
2024-01-27 11:47:00,216 [INFO] BlockDiagram:2759 - set Specific Code input for plugin: CAN
2024-01-27 11:47:00,216 [INFO] BlockDiagram:2759 - set Specific Code input for plugin: SYS
2024-01-27 11:47:00,216 [INFO] BlockDiagram:2759 - set Specific Code input for plugin: RCC
2024-01-27 11:47:00,216 [INFO] BlockDiagram:2759 - set Specific Code input for plugin: NVIC
2024-01-27 11:47:00,217 [INFO] BlockDiagram:2759 - set Specific Code input for plugin: GPIO
2024-01-27 11:47:00,218 [INFO] CodeGenerator:799 - code generatio: config db path: C:\ST\STM32CubeIDE_1.11.2\STM32CubeIDE\plugins\com.st.stm32cube.common.mx_6.9.2.202309101412\\db\
2024-01-27 11:47:00,413 [INFO] CodeEngine:255 - oldGeneratedFile, C:\Users\erkan\STM32CubeIDE\workspace_1.11.2\HAL_CANBUS_004\MXTmpFiles\license.tmp_save
2024-01-27 11:47:00,520 [INFO] CodeEngine:279 - Generated code: C:\Users\erkan\STM32CubeIDE\workspace_1.11.2\HAL_CANBUS_004\MXTmpFiles\license.tmp
2024-01-27 11:47:00,550 [INFO] CodeEngine:255 - oldGeneratedFile, C:\Users\erkan\STM32CubeIDE\workspace_1.11.2\HAL_CANBUS_004\MXTmpFiles\gpio.tmp_save
2024-01-27 11:47:00,682 [INFO] CodeEngine:279 - Generated code: C:\Users\erkan\STM32CubeIDE\workspace_1.11.2\HAL_CANBUS_004\MXTmpFiles\gpio.tmp
2024-01-27 11:47:00,774 [INFO] CodeEngine:255 - oldGeneratedFile, C:\Users\erkan\STM32CubeIDE\workspace_1.11.2\HAL_CANBUS_004\Core\Src\stm32f4xx_it.c_save
2024-01-27 11:47:00,970 [INFO] CodeEngine:279 - Generated code: C:\Users\erkan\STM32CubeIDE\workspace_1.11.2\HAL_CANBUS_004\Core\Src\stm32f4xx_it.c
2024-01-27 11:47:00,979 [INFO] CodeEngine:255 - oldGeneratedFile, C:\Users\erkan\STM32CubeIDE\workspace_1.11.2\HAL_CANBUS_004\Core\Inc\stm32f4xx_it.h_save
2024-01-27 11:47:01,040 [INFO] CodeEngine:279 - Generated code: C:\Users\erkan\STM32CubeIDE\workspace_1.11.2\HAL_CANBUS_004\Core\Inc\stm32f4xx_it.h
2024-01-27 11:47:01,069 [INFO] CodeEngine:255 - oldGeneratedFile, C:\Users\erkan\STM32CubeIDE\workspace_1.11.2\HAL_CANBUS_004\Core\Src\stm32f4xx_hal_msp.c_save
2024-01-27 11:47:01,174 [INFO] CodeEngine:279 - Generated code: C:\Users\erkan\STM32CubeIDE\workspace_1.11.2\HAL_CANBUS_004\Core\Src\stm32f4xx_hal_msp.c
2024-01-27 11:47:01,181 [INFO] CodeEngine:255 - oldGeneratedFile, C:\Users\erkan\STM32CubeIDE\workspace_1.11.2\HAL_CANBUS_004\MXTmpFiles\system.tmp_save
2024-01-27 11:47:01,238 [INFO] CodeEngine:279 - Generated code: C:\Users\erkan\STM32CubeIDE\workspace_1.11.2\HAL_CANBUS_004\MXTmpFiles\system.tmp
2024-01-27 11:47:01,264 [INFO] CodeEngine:311 - oldGeneratedFile, C:\Users\erkan\STM32CubeIDE\workspace_1.11.2\HAL_CANBUS_004\Core\Inc\stm32f4xx_hal_conf.h_save
2024-01-27 11:47:01,360 [INFO] CodeEngine:335 - Generated code: C:\Users\erkan\STM32CubeIDE\workspace_1.11.2\HAL_CANBUS_004\Core\Inc\stm32f4xx_hal_conf.h
2024-01-27 11:47:01,417 [INFO] CodeEngine:255 - oldGeneratedFile, C:\Users\erkan\STM32CubeIDE\workspace_1.11.2\HAL_CANBUS_004\Core\Inc\main.h_save
2024-01-27 11:47:01,516 [INFO] CodeEngine:279 - Generated code: C:\Users\erkan\STM32CubeIDE\workspace_1.11.2\HAL_CANBUS_004\Core\Inc\main.h
2024-01-27 11:47:01,536 [INFO] CodeEngine:255 - oldGeneratedFile, C:\Users\erkan\STM32CubeIDE\workspace_1.11.2\HAL_CANBUS_004\Core\Src\main.c_save
2024-01-27 11:47:01,655 [INFO] CodeEngine:279 - Generated code: C:\Users\erkan\STM32CubeIDE\workspace_1.11.2\HAL_CANBUS_004\Core\Src\main.c
2024-01-27 11:47:02,158 [INFO] ProjectBuilder:3064 - Time for Copy HAL[1] : 207mS.
2024-01-27 11:47:02,162 [INFO] ProjectBuilder:4404 - Project Generator version: 4.1.0
2024-01-27 11:47:02,405 [INFO] ConfigFileManager:1457 - The Die is : DIE413
2024-01-27 11:47:03,727 [INFO] ProjectBuilder:4626 - Time for Generating toolchain IDE Files: 1565mS.
2024-01-27 11:47:03,729 [INFO] ProjectBuilder:2935 - Time for Copy CMSIS : 1mS.
2024-01-27 11:47:03,733 [INFO] ProjectBuilder:2935 - Time for Copy CMSIS : 0mS.
2024-01-27 11:53:37,990 [INFO] Gpio:273 - dependency for GPIO [CAN1, RCC, SPI1, SYS]
2024-01-27 14:02:01,814 [ERROR] LogOutputStream:75 - [STDERR_REDIRECT] 
2024-01-27 20:51:03,781 [INFO] Activator:176 - 


2024-01-27 20:51:03,784 [INFO] Activator:177 - !SESSION log4j initialized
2024-01-27 20:51:11,096 [INFO] LogOutputStream:77 - [STDOUT_REDIRECT] 
2024-01-27 20:51:13,320 [INFO] ApplicationProperties:184 - Using Application install path: C:\ST\STM32CubeIDE_1.11.2\STM32CubeIDE\plugins\com.st.stm32cube.common.mx_6.9.2.202309101412
2024-01-27 20:51:13,340 [INFO] DbMcusXml:78 - Set database path to: C:\ST\STM32CubeIDE_1.11.2\STM32CubeIDE\plugins\com.st.stm32cube.common.mx_6.9.2.202309101412\\db\/mcu/
2024-01-27 20:51:13,340 [INFO] ApiDb:274 - Set plugin database path to: C:\ST\STM32CubeIDE_1.11.2\STM32CubeIDE\plugins\com.st.stm32cube.common.mx_6.9.2.202309101412\\db\/plugins/boardmanager/
2024-01-27 20:51:13,340 [WARN] ApiDb:259 - Overriding images path with different value:  => C:\ST\STM32CubeIDE_1.11.2\STM32CubeIDE\plugins\com.st.stm32cube.common.mx_6.9.2.202309101412\\db\/plugins/mcufinder/images/
2024-01-27 20:51:13,359 [INFO] ApiDb:250 - Set database path to: C:\Users\erkan\.stmcufinder\plugins\mcufinder//mcu/
2024-01-27 20:51:13,360 [INFO] DbMcusAds:125 - Set database path to: C:\Users\erkan\.stmcufinder\plugins\mcufinder//mcu/
2024-01-27 20:51:13,363 [INFO] CrossReferenceDbSqlite:203 - Set database path to: C:\Users\erkan\.stmcufinder\plugins\mcufinder//mcu/cs/
2024-01-27 20:51:13,474 [INFO] RulesReader:64 - Compatibility file has been processed (293 Rules)
2024-01-27 20:51:13,575 [INFO] DbMcusXml:78 - Set database path to: C:\ST\STM32CubeIDE_1.11.2\STM32CubeIDE\plugins\com.st.stm32cube.common.mx_6.9.2.202309101412\\db\/mcu/
2024-01-27 20:51:13,575 [INFO] ApiDb:274 - Set plugin database path to: C:\ST\STM32CubeIDE_1.11.2\STM32CubeIDE\plugins\com.st.stm32cube.common.mx_6.9.2.202309101412\\db\/plugins/boardmanager/
2024-01-27 20:51:13,576 [INFO] ApiDb:261 - Set plugin images path to: C:\ST\STM32CubeIDE_1.11.2\STM32CubeIDE\plugins\com.st.stm32cube.common.mx_6.9.2.202309101412\\db\/plugins/mcufinder/images/
2024-01-27 20:51:13,576 [WARN] DbFile:41 - Overriding database path with different value: C:\Users\erkan\.stmcufinder\plugins\mcufinder/ => C:\Users\erkan\.stmcufinder\plugins\mcufinder
2024-01-27 20:51:13,576 [INFO] ApiDb:250 - Set database path to: C:\Users\erkan\.stmcufinder\plugins\mcufinder//mcu/
2024-01-27 20:51:13,576 [WARN] DbFile:41 - Overriding database path with different value: C:\Users\erkan\.stmcufinder\plugins\mcufinder/ => C:\Users\erkan\.stmcufinder\plugins\mcufinder
2024-01-27 20:51:13,576 [INFO] DbMcusAds:125 - Set database path to: C:\Users\erkan\.stmcufinder\plugins\mcufinder//mcu/
2024-01-27 20:51:13,576 [WARN] DbFile:41 - Overriding database path with different value: C:\Users\erkan\.stmcufinder\plugins\mcufinder/ => C:\Users\erkan\.stmcufinder\plugins\mcufinder
2024-01-27 20:51:13,576 [WARN] DbFile:41 - Overriding database path with different value: C:\Users\erkan\.stmcufinder\plugins\mcufinder/ => C:\Users\erkan\.stmcufinder\plugins\mcufinder
2024-01-27 20:51:13,576 [INFO] CrossReferenceDbSqlite:203 - Set database path to: C:\Users\erkan\.stmcufinder\plugins\mcufinder//mcu/cs/
2024-01-27 20:51:13,663 [INFO] MainPanel:262 - HeapMemory: 268435456
2024-01-27 20:51:13,762 [INFO] DbMcusXml:78 - Set database path to: C:\ST\STM32CubeIDE_1.11.2\STM32CubeIDE\plugins\com.st.stm32cube.common.mx_6.9.2.202309101412\\db\/mcu/
2024-01-27 20:51:13,762 [INFO] ApiDb:274 - Set plugin database path to: C:\ST\STM32CubeIDE_1.11.2\STM32CubeIDE\plugins\com.st.stm32cube.common.mx_6.9.2.202309101412\\db\/plugins/boardmanager/
2024-01-27 20:51:13,762 [INFO] ApiDb:261 - Set plugin images path to: C:\ST\STM32CubeIDE_1.11.2\STM32CubeIDE\plugins\com.st.stm32cube.common.mx_6.9.2.202309101412\\db\/plugins/mcufinder/images/
2024-01-27 20:51:13,762 [WARN] DbFile:41 - Overriding database path with different value: C:\Users\erkan\.stmcufinder\plugins\mcufinder/ => C:\Users\erkan\.stmcufinder\plugins\mcufinder
2024-01-27 20:51:13,762 [INFO] ApiDb:250 - Set database path to: C:\Users\erkan\.stmcufinder\plugins\mcufinder//mcu/
2024-01-27 20:51:13,763 [WARN] DbFile:41 - Overriding database path with different value: C:\Users\erkan\.stmcufinder\plugins\mcufinder/ => C:\Users\erkan\.stmcufinder\plugins\mcufinder
2024-01-27 20:51:13,763 [INFO] DbMcusAds:125 - Set database path to: C:\Users\erkan\.stmcufinder\plugins\mcufinder//mcu/
2024-01-27 20:51:13,763 [WARN] DbFile:41 - Overriding database path with different value: C:\Users\erkan\.stmcufinder\plugins\mcufinder/ => C:\Users\erkan\.stmcufinder\plugins\mcufinder
2024-01-27 20:51:13,763 [WARN] DbFile:41 - Overriding database path with different value: C:\Users\erkan\.stmcufinder\plugins\mcufinder/ => C:\Users\erkan\.stmcufinder\plugins\mcufinder
2024-01-27 20:51:13,763 [INFO] CrossReferenceDbSqlite:203 - Set database path to: C:\Users\erkan\.stmcufinder\plugins\mcufinder//mcu/cs/
2024-01-27 20:51:13,783 [INFO] ApplicationProperties:184 - Using Application install path: C:\ST\STM32CubeIDE_1.11.2\STM32CubeIDE\plugins\com.st.stm32cube.common.mx_6.9.2.202309101412
2024-01-27 20:51:13,785 [INFO] PluginManage:196 - Search for loadable plugins [exclusion list=, ]
2024-01-27 20:51:13,786 [INFO] PluginManage:310 - Check plugin analytics
2024-01-27 20:51:13,960 [INFO] AnalyticsPlugin:253 - Accepted Software Licenses: STM32CubeMX.6.9.2
2024-01-27 20:51:13,960 [INFO] AnalyticsPlugin:255 - Accepted CMSIS Pack Licenses: 
2024-01-27 20:51:13,960 [INFO] AnalyticsPlugin:257 - Accepted Firmware Licenses: 
2024-01-27 20:51:13,964 [INFO] PluginManage:359 - Loaded plugin analytics (category:tool,tabindex:-1)
2024-01-27 20:51:13,965 [INFO] PluginManage:310 - Check plugin cadmodel
2024-01-27 20:51:13,980 [INFO] CADModel:105 - Init CAD model plugin
2024-01-27 20:51:13,980 [INFO] PluginManage:359 - Loaded plugin cadmodel (category:power,tabindex:5)
2024-01-27 20:51:13,981 [INFO] PluginManage:310 - Check plugin clock
2024-01-27 20:51:14,003 [INFO] PluginManage:359 - Loaded plugin clock (category:base,tabindex:2)
2024-01-27 20:51:14,003 [INFO] PluginManage:310 - Check plugin ddr
2024-01-27 20:51:14,006 [INFO] PluginManage:359 - Loaded plugin ddr (category:tool,tabindex:6)
2024-01-27 20:51:14,006 [INFO] PluginManage:310 - Check plugin filemanager
2024-01-27 20:51:14,162 [INFO] PluginManage:359 - Loaded plugin filemanager (category:base,tabindex:10)
2024-01-27 20:51:14,164 [INFO] PluginManage:310 - Check plugin ipmanager
2024-01-27 20:51:14,173 [INFO] PluginManage:359 - Loaded plugin ipmanager (category:base,tabindex:5)
2024-01-27 20:51:14,173 [INFO] PluginManage:310 - Check plugin lpbam
2024-01-27 20:51:14,193 [INFO] PluginManage:359 - Loaded plugin lpbam (category:base,tabindex:0)
2024-01-27 20:51:14,193 [INFO] PluginManage:310 - Check plugin memorymap
2024-01-27 20:51:14,218 [INFO] PluginManage:359 - Loaded plugin memorymap (category:base,tabindex:4)
2024-01-27 20:51:14,218 [INFO] PluginManage:310 - Check plugin pinoutandconfiguration
2024-01-27 20:51:14,234 [INFO] PluginManage:359 - Loaded plugin pinoutandconfiguration (category:base,tabindex:1)
2024-01-27 20:51:14,234 [INFO] PluginManage:310 - Check plugin pinoutconfig
2024-01-27 20:51:14,328 [WARN] SupportedApi:132 - Cannot load RTOS API schema: s4s-elt-must-match.1: The content of 'definitions' must match (annotation?, (simpleType | complexType)?, (unique | key | keyref)*)). A problem was found starting at: attribute.
2024-01-27 20:51:14,477 [INFO] PluginManage:359 - Loaded plugin pinoutconfig (category:base,tabindex:0)
2024-01-27 20:51:14,478 [INFO] PluginManage:310 - Check plugin power
2024-01-27 20:51:14,498 [INFO] PluginManage:359 - Loaded plugin power (category:power,tabindex:4)
2024-01-27 20:51:14,498 [INFO] PluginManage:310 - Check plugin projectmanager
2024-01-27 20:51:14,515 [INFO] PluginManage:359 - Loaded plugin projectmanager (category:projectmanager,tabindex:3)
2024-01-27 20:51:14,515 [INFO] PluginManage:310 - Check plugin thirdparty
2024-01-27 20:51:14,789 [INFO] PluginManage:359 - Loaded plugin thirdparty (category:base,tabindex:-1)
2024-01-27 20:51:14,789 [INFO] PluginManage:310 - Check plugin tools
2024-01-27 20:51:14,790 [WARN] IntegrityCheckThread:84 - waiting for thirdparty lock release [integrity check]
2024-01-27 20:51:14,790 [INFO] IntegrityCheckThread:86 - entering critical section [integrity check]
2024-01-27 20:51:14,790 [INFO] ThirdPartyUpdaterWithRetryManager:70 - Updater plugin not ready yet. [1/15]
2024-01-27 20:51:14,824 [INFO] PluginManage:359 - Loaded plugin tools (category:base,tabindex:7)
2024-01-27 20:51:14,824 [INFO] PluginManage:310 - Check plugin tutovideos
2024-01-27 20:51:15,049 [INFO] PluginManage:359 - Loaded plugin tutovideos (category:base,tabindex:-1)
2024-01-27 20:51:15,050 [INFO] PluginManage:310 - Check plugin updater
2024-01-27 20:51:15,063 [INFO] PluginManage:359 - Loaded plugin updater (category:base,tabindex:12)
2024-01-27 20:51:15,063 [INFO] PluginManage:310 - Check plugin userauth
2024-01-27 20:51:15,069 [INFO] UserAuth:113 - Init User Auth plugin
2024-01-27 20:51:15,069 [INFO] PluginManage:359 - Loaded plugin userauth (category:base,tabindex:14)
2024-01-27 20:51:15,069 [INFO] PluginManage:283 - PluginManage : Loaded plugins [17]
2024-01-27 20:51:15,325 [INFO] PinOutPanel:1499 - setPackage(No Configuration,No Configuration)
2024-01-27 20:51:15,446 [INFO] CADModel:165 - CPN selected for project level
2024-01-27 20:51:15,446 [INFO] CADModel:114 - Register for checkConnection events
2024-01-27 20:51:15,473 [INFO] IPUIPlugin:80 - create IPUIPlugin
2024-01-27 20:51:15,473 [INFO] PluginManager:220 - loadIPPluginJar : add adc
2024-01-27 20:51:15,508 [INFO] IPUIPlugin:80 - create IPUIPlugin
2024-01-27 20:51:15,508 [INFO] PluginManager:220 - loadIPPluginJar : add aes
2024-01-27 20:51:15,547 [INFO] IPUIPlugin:80 - create IPUIPlugin
2024-01-27 20:51:15,548 [INFO] PluginManager:220 - loadIPPluginJar : add can
2024-01-27 20:51:15,570 [INFO] IPUIPlugin:80 - create IPUIPlugin
2024-01-27 20:51:15,570 [INFO] PluginManager:220 - loadIPPluginJar : add comp
2024-01-27 20:51:15,604 [INFO] IPUIPlugin:80 - create IPUIPlugin
2024-01-27 20:51:15,604 [INFO] PluginManager:220 - loadIPPluginJar : add cryp
2024-01-27 20:51:15,633 [INFO] IPUIPlugin:80 - create IPUIPlugin
2024-01-27 20:51:15,633 [INFO] PluginManager:220 - loadIPPluginJar : add dfsdm
2024-01-27 20:51:15,648 [INFO] IPUIPlugin:80 - create IPUIPlugin
2024-01-27 20:51:15,648 [INFO] PluginManager:220 - loadIPPluginJar : add dma
2024-01-27 20:51:15,690 [INFO] IPUIPlugin:80 - create IPUIPlugin
2024-01-27 20:51:15,690 [INFO] PluginManager:220 - loadIPPluginJar : add dma3
2024-01-27 20:51:15,710 [INFO] IPUIPlugin:80 - create IPUIPlugin
2024-01-27 20:51:15,710 [INFO] PluginManager:220 - loadIPPluginJar : add fatfs
2024-01-27 20:51:15,754 [INFO] IPUIPlugin:80 - create IPUIPlugin
2024-01-27 20:51:15,754 [INFO] PluginManager:220 - loadIPPluginJar : add fmc
2024-01-27 20:51:15,769 [INFO] IPUIPlugin:80 - create IPUIPlugin
2024-01-27 20:51:15,769 [INFO] PluginManager:220 - loadIPPluginJar : add freertos
2024-01-27 20:51:15,789 [INFO] IPUIPlugin:80 - create IPUIPlugin
2024-01-27 20:51:15,790 [INFO] PluginManager:220 - loadIPPluginJar : add genericplugin
2024-01-27 20:51:15,880 [INFO] IPUIPlugin:80 - create IPUIPlugin
2024-01-27 20:51:15,880 [INFO] PluginManager:220 - loadIPPluginJar : add gfxmmu
2024-01-27 20:51:16,004 [INFO] IPUIPlugin:80 - create IPUIPlugin
2024-01-27 20:51:16,004 [INFO] PluginManager:220 - loadIPPluginJar : add gic
2024-01-27 20:51:16,017 [INFO] IPUIPlugin:80 - create IPUIPlugin
2024-01-27 20:51:16,017 [INFO] PluginManager:220 - loadIPPluginJar : add gpio
2024-01-27 20:51:16,103 [INFO] IPUIPlugin:80 - create IPUIPlugin
2024-01-27 20:51:16,103 [INFO] PluginManager:220 - loadIPPluginJar : add gtzc
2024-01-27 20:51:16,135 [INFO] IPUIPlugin:80 - create IPUIPlugin
2024-01-27 20:51:16,135 [INFO] PluginManager:220 - loadIPPluginJar : add hash
2024-01-27 20:51:16,186 [INFO] IPUIPlugin:80 - create IPUIPlugin
2024-01-27 20:51:16,186 [INFO] PluginManager:220 - loadIPPluginJar : add i2c
2024-01-27 20:51:16,224 [INFO] IPUIPlugin:80 - create IPUIPlugin
2024-01-27 20:51:16,225 [INFO] PluginManager:220 - loadIPPluginJar : add i2s
2024-01-27 20:51:16,262 [INFO] IPUIPlugin:80 - create IPUIPlugin
2024-01-27 20:51:16,264 [INFO] PluginManager:220 - loadIPPluginJar : add i3c
2024-01-27 20:51:16,360 [INFO] IPUIPlugin:80 - create IPUIPlugin
2024-01-27 20:51:16,360 [INFO] PluginManager:220 - loadIPPluginJar : add ipddr
2024-01-27 20:51:16,449 [INFO] IPUIPlugin:80 - create IPUIPlugin
2024-01-27 20:51:16,449 [INFO] PluginManager:220 - loadIPPluginJar : add linkedlist
2024-01-27 20:51:16,483 [INFO] IPUIPlugin:80 - create IPUIPlugin
2024-01-27 20:51:16,483 [INFO] PluginManager:220 - loadIPPluginJar : add lorawan
2024-01-27 20:51:16,518 [INFO] IPUIPlugin:80 - create IPUIPlugin
2024-01-27 20:51:16,519 [INFO] PluginManager:220 - loadIPPluginJar : add ltdc
2024-01-27 20:51:16,534 [INFO] IPUIPlugin:80 - create IPUIPlugin
2024-01-27 20:51:16,534 [INFO] PluginManager:220 - loadIPPluginJar : add mdma
2024-01-27 20:51:16,547 [INFO] IPUIPlugin:80 - create IPUIPlugin
2024-01-27 20:51:16,547 [INFO] PluginManager:220 - loadIPPluginJar : add nvic
2024-01-27 20:51:16,581 [INFO] IPUIPlugin:80 - create IPUIPlugin
2024-01-27 20:51:16,582 [INFO] PluginManager:220 - loadIPPluginJar : add opamp
2024-01-27 20:51:16,639 [INFO] IPUIPlugin:80 - create IPUIPlugin
2024-01-27 20:51:16,639 [INFO] PluginManager:220 - loadIPPluginJar : add openamp
2024-01-27 20:51:16,682 [INFO] IPUIPlugin:80 - create IPUIPlugin
2024-01-27 20:51:16,682 [INFO] PluginManager:220 - loadIPPluginJar : add pdm2pcm
2024-01-27 20:51:16,698 [INFO] IPUIPlugin:80 - create IPUIPlugin
2024-01-27 20:51:16,700 [INFO] PluginManager:220 - loadIPPluginJar : add plateformsettings
2024-01-27 20:51:16,724 [INFO] IPUIPlugin:80 - create IPUIPlugin
2024-01-27 20:51:16,724 [INFO] PluginManager:220 - loadIPPluginJar : add quadspi
2024-01-27 20:51:16,737 [INFO] IPUIPlugin:80 - create IPUIPlugin
2024-01-27 20:51:16,738 [INFO] PluginManager:220 - loadIPPluginJar : add resmgrutility
2024-01-27 20:51:16,784 [INFO] IPUIPlugin:80 - create IPUIPlugin
2024-01-27 20:51:16,784 [INFO] PluginManager:220 - loadIPPluginJar : add sai
2024-01-27 20:51:16,820 [INFO] IPUIPlugin:80 - create IPUIPlugin
2024-01-27 20:51:16,820 [INFO] PluginManager:220 - loadIPPluginJar : add spi
2024-01-27 20:51:16,874 [INFO] IPUIPlugin:80 - create IPUIPlugin
2024-01-27 20:51:16,874 [INFO] PluginManager:220 - loadIPPluginJar : add stm32_wpan
2024-01-27 20:51:16,896 [INFO] IPUIPlugin:80 - create IPUIPlugin
2024-01-27 20:51:16,897 [INFO] PluginManager:220 - loadIPPluginJar : add tim
2024-01-27 20:51:16,950 [INFO] IPUIPlugin:80 - create IPUIPlugin
2024-01-27 20:51:16,950 [INFO] PluginManager:220 - loadIPPluginJar : add touchsensing
2024-01-27 20:51:16,973 [INFO] IPUIPlugin:80 - create IPUIPlugin
2024-01-27 20:51:16,973 [INFO] PluginManager:220 - loadIPPluginJar : add tracer_emb
2024-01-27 20:51:16,995 [INFO] IPUIPlugin:80 - create IPUIPlugin
2024-01-27 20:51:16,996 [INFO] PluginManager:220 - loadIPPluginJar : add ts
2024-01-27 20:51:17,017 [INFO] IPUIPlugin:80 - create IPUIPlugin
2024-01-27 20:51:17,017 [INFO] PluginManager:220 - loadIPPluginJar : add tsc
2024-01-27 20:51:17,038 [INFO] IPUIPlugin:80 - create IPUIPlugin
2024-01-27 20:51:17,039 [INFO] PluginManager:220 - loadIPPluginJar : add ucpd
2024-01-27 20:51:17,081 [INFO] IPUIPlugin:80 - create IPUIPlugin
2024-01-27 20:51:17,081 [INFO] PluginManager:220 - loadIPPluginJar : add usart
2024-01-27 20:51:17,122 [INFO] IPUIPlugin:80 - create IPUIPlugin
2024-01-27 20:51:17,122 [INFO] PluginManager:220 - loadIPPluginJar : add usbx
2024-01-27 20:51:17,249 [INFO] CADModel:165 - CPN selected for project level
2024-01-27 20:51:17,249 [INFO] CADModel:114 - Register for checkConnection events
2024-01-27 20:51:17,250 [FATAL] Updater:308 - Updater called before beeing initialized
2024-01-27 20:51:17,250 [ERROR] CADModel:125 - Updater not yet initialized, retry later 
2024-01-27 20:51:17,421 [INFO] CADModel:165 - CPN selected for project level
2024-01-27 20:51:17,421 [INFO] CADModel:114 - Register for checkConnection events
2024-01-27 20:51:17,421 [FATAL] Updater:308 - Updater called before beeing initialized
2024-01-27 20:51:17,422 [ERROR] CADModel:125 - Updater not yet initialized, retry later 
2024-01-27 20:51:17,427 [FATAL] Updater:308 - Updater called before beeing initialized
2024-01-27 20:51:17,541 [FATAL] Updater:308 - Updater called before beeing initialized
2024-01-27 20:51:17,552 [INFO] DbMcusAds:53 - JSON generation date=Wed Nov 29 11:52:27 CET 2023 (1701255147200)
2024-01-27 20:51:17,553 [FATAL] Updater:308 - Updater called before beeing initialized
2024-01-27 20:51:17,633 [WARN] DetailPanel:346 - Failed to get advertising image, set to default
2024-01-27 20:51:17,733 [FATAL] Updater:308 - Updater called before beeing initialized
2024-01-27 20:51:17,735 [FATAL] Updater:308 - Updater called before beeing initialized
2024-01-27 20:51:17,735 [FATAL] Updater:308 - Updater called before beeing initialized
2024-01-27 20:51:17,735 [WARN] DetailPanel:346 - Failed to get advertising image, set to default
2024-01-27 20:51:17,735 [FATAL] Updater:308 - Updater called before beeing initialized
2024-01-27 20:51:17,793 [INFO] ThirdPartyUpdaterWithRetryManager:70 - Updater plugin not ready yet. [2/15]
2024-01-27 20:51:17,796 [ERROR] Updater:1120 - MainUpdater not yet initialized. External WinMGr cannot be set.
2024-01-27 20:51:17,808 [INFO] Updater:1056 - Updater Version found : 6.9.2
2024-01-27 20:51:17,828 [INFO] ApplicationProperties:184 - Using Application install path: C:\ST\STM32CubeIDE_1.11.2\STM32CubeIDE\plugins\com.st.stm32cube.common.mx_6.9.2.202309101412
2024-01-27 20:51:18,317 [INFO] MainUpdater:2868 - connection check result : 10
2024-01-27 20:51:18,318 [INFO] MainUpdater:285 - Updater Check For Update Now.
2024-01-27 20:51:18,318 [INFO] MicroXplorer:498 - Change Database Version : DB.6.0.92
2024-01-27 20:51:18,337 [INFO] McuFinderGlobals:63 - Set McuFinder mode to 2 (CubeIDE integrated)
2024-01-27 20:51:18,337 [INFO] UserAuth:179 - activating auth plugin
2024-01-27 20:51:18,340 [INFO] UserAuth:393 - Internet connection configuration mode: 1
2024-01-27 20:51:18,371 [INFO] JxBrowserEngine:151 - Initiate JxBrowser Engine with user profile folder
2024-01-27 20:51:18,512 [INFO] CheckServerUpdateThread:120 - End of CheckServer Thread
2024-01-27 20:51:20,772 [INFO] WebApp:157 - Instantiating new browser for Auth
2024-01-27 20:51:21,064 [WARN] PackLoader:240 - Cannot read IP mode file for STMicroelectronics.X-CUBE-SMBUS.2.1.0
2024-01-27 20:51:21,081 [WARN] PackLoader:240 - Cannot read IP mode file for STMicroelectronics.X-CUBE-TOUCHGFX.4.23.0
2024-01-27 20:51:21,124 [WARN] PackLoader:240 - Cannot read IP mode file for STMicroelectronics.X-CUBE-AZRTOS-F7.1.1.0
2024-01-27 20:51:21,144 [WARN] PackLoader:240 - Cannot read IP mode file for STMicroelectronics.FP-SNS-MOTENV1.4.3.2
2024-01-27 20:51:21,162 [WARN] PackLoader:240 - Cannot read IP mode file for STMicroelectronics.X-CUBE-BLE1.6.2.4
2024-01-27 20:51:21,178 [WARN] PackLoader:240 - Cannot read IP mode file for STMicroelectronics.FP-SNS-FLIGHT1.5.0.2
2024-01-27 20:51:21,196 [WARN] PackLoader:240 - Cannot read IP mode file for STMicroelectronics.X-CUBE-DISPLAY.3.0.0
2024-01-27 20:51:21,220 [WARN] PackLoader:240 - Cannot read IP mode file for STMicroelectronics.X-CUBE-BLE1.7.0.0
2024-01-27 20:51:21,236 [WARN] PackLoader:240 - Cannot read IP mode file for STMicroelectronics.X-CUBE-TOUCHGFX.4.22.0
2024-01-27 20:51:21,252 [WARN] PackLoader:240 - Cannot read IP mode file for STMicroelectronics.X-CUBE-TOUCHGFX.4.22.1
2024-01-27 20:51:21,271 [WARN] PackLoader:240 - Cannot read IP mode file for STMicroelectronics.FP-SNS-SMARTAG2.1.2.0
2024-01-27 20:51:21,310 [INFO] LogOutputStream:77 - [STDOUT_REDIRECT] 1 : Invalid condition id : UX_CORESTACK_Condition cause : null
2024-01-27 20:51:21,310 [INFO] LogOutputStream:77 - [STDOUT_REDIRECT] 1 : Invalid condition id : UX_CORESTACK_Condition cause : null
2024-01-27 20:51:21,311 [INFO] LogOutputStream:77 - [STDOUT_REDIRECT] 1 : Invalid condition id : UX_CORESTACK_Condition cause : null
2024-01-27 20:51:21,314 [INFO] LogOutputStream:77 - [STDOUT_REDIRECT] 1 : Invalid condition id : UX_CORESTACK_Condition cause : null
2024-01-27 20:51:21,315 [INFO] LogOutputStream:77 - [STDOUT_REDIRECT] 1 : Invalid condition id : UX_CORESTACK_Condition cause : null
2024-01-27 20:51:21,318 [WARN] PackLoader:240 - Cannot read IP mode file for STMicroelectronics.X-CUBE-AZRTOS-WL.2.0.0
2024-01-27 20:51:21,341 [WARN] PackLoader:240 - Cannot read IP mode file for WES.I-CUBE-Cesium.1.3.0
2024-01-27 20:51:21,359 [WARN] PackLoader:240 - Cannot read IP mode file for STMicroelectronics.X-CUBE-BLE2.3.3.0
2024-01-27 20:51:21,382 [WARN] PackLoader:240 - Cannot read IP mode file for STMicroelectronics.X-CUBE-TOF1.3.2.0
2024-01-27 20:51:21,402 [WARN] PackLoader:240 - Cannot read IP mode file for STMicroelectronics.X-CUBE-TOUCHGFX.4.21.1
2024-01-27 20:51:21,415 [WARN] PackLoader:240 - Cannot read IP mode file for STMicroelectronics.X-CUBE-AI.7.3.0
2024-01-27 20:51:21,430 [WARN] PackLoader:240 - Cannot read IP mode file for STMicroelectronics.X-CUBE-ALGOBUILD.1.3.0
2024-01-27 20:51:21,458 [WARN] PackLoader:240 - Cannot read IP mode file for STMicroelectronics.X-CUBE-AZRTOS-G0.1.1.0
2024-01-27 20:51:21,477 [WARN] PackLoader:240 - Cannot read IP mode file for STMicroelectronics.X-CUBE-NFC4.3.0.0
2024-01-27 20:51:21,499 [WARN] PackLoader:240 - Cannot read IP mode file for STMicroelectronics.X-CUBE-BLEMGR.3.0.0
2024-01-27 20:51:21,513 [INFO] WebApp:753 - Register for checkConnection events
2024-01-27 20:51:21,513 [INFO] WebApp:390 - Apply proxy settings
2024-01-27 20:51:21,514 [INFO] WebApp:475 - Chromium requires no authentication
2024-01-27 20:51:21,515 [WARN] PackLoader:240 - Cannot read IP mode file for STMicroelectronics.X-CUBE-BLEMGR.1.3.0
2024-01-27 20:51:21,527 [INFO] WebApp:418 - Direct internet connection detected
2024-01-27 20:51:21,531 [WARN] PackLoader:240 - Cannot read IP mode file for STMicroelectronics.FP-ATR-SIGFOX1.3.2.0
2024-01-27 20:51:21,546 [WARN] PackLoader:240 - Cannot read IP mode file for STMicroelectronics.X-CUBE-EEPRMA1.5.1.0
2024-01-27 20:51:21,596 [WARN] PackLoader:240 - Cannot read IP mode file for STMicroelectronics.X-CUBE-MEMS1.9.5.0
2024-01-27 20:51:21,777 [WARN] PackLoader:240 - Cannot read IP mode file for SEGGER.I-CUBE-embOS.1.3.1
2024-01-27 20:51:21,853 [WARN] PackLoader:240 - Cannot read IP mode file for STMicroelectronics.X-CUBE-GNSS1.6.0.0
2024-01-27 20:51:21,870 [INFO] WebApp:188 - Starting web application
2024-01-27 20:51:21,871 [INFO] WebApp:520 - Web application path used C:\ST\STM32CubeIDE_1.11.2\STM32CubeIDE\plugins\com.st.stm32cube.common.mx_6.9.2.202309101412\db\plugins\mcufinder\reactClient1\index.html
2024-01-27 20:51:21,882 [WARN] PackLoader:240 - Cannot read IP mode file for STMicroelectronics.X-CUBE-AZRTOS-F4.1.1.0
2024-01-27 20:51:21,914 [WARN] PackLoader:240 - Cannot read IP mode file for STMicroelectronics.X-CUBE-AZRTOS-L5.2.0.0
2024-01-27 20:51:21,961 [WARN] PackLoader:240 - Cannot read IP mode file for STMicroelectronics.X-CUBE-MEMS1.9.6.0
2024-01-27 20:51:22,129 [WARN] PackLoader:240 - Cannot read IP mode file for STMicroelectronics.X-CUBE-EEPRMA1.4.2.0
2024-01-27 20:51:22,146 [WARN] PackLoader:240 - Cannot read IP mode file for ITTIA_DB.I-CUBE-ITTIADB.8.8.0
2024-01-27 20:51:22,161 [WARN] PackLoader:240 - Cannot read IP mode file for emotas.I-CUBE-CANOPEN.1.1.3
2024-01-27 20:51:22,178 [WARN] PackLoader:240 - Cannot read IP mode file for STMicroelectronics.X-CUBE-BLEMGR.2.0.0
2024-01-27 20:51:22,214 [WARN] ConditionMgr:438 - getConditionDescription Invalid condition id : UX DEVICE CLASS RTOS Condition cause : null
2024-01-27 20:51:22,214 [WARN] ConditionMgr:438 - getConditionDescription Invalid condition id : UX DEVICE CLASS RTOS Condition cause : null
2024-01-27 20:51:22,217 [WARN] PackLoader:240 - Cannot read IP mode file for STMicroelectronics.X-CUBE-AZRTOS-H7.3.1.0
2024-01-27 20:51:22,218 [WARN] ConditionMgr:1039 - genDependencies : Invalid condition id : UX DEVICE CLASS RTOS Condition cause : null
2024-01-27 20:51:22,218 [WARN] ConditionMgr:1039 - genDependencies : Invalid condition id : UX DEVICE CLASS RTOS Condition cause : null
2024-01-27 20:51:22,224 [WARN] ConditionMgr:1039 - genDependencies : Invalid condition id : UX DEVICE CLASS RTOS Condition cause : null
2024-01-27 20:51:22,224 [WARN] ConditionMgr:1039 - genDependencies : Invalid condition id : UX DEVICE CLASS RTOS Condition cause : null
2024-01-27 20:51:22,224 [WARN] ConditionMgr:1039 - genDependencies : Invalid condition id : UX DEVICE CLASS RTOS Condition cause : null
2024-01-27 20:51:22,242 [WARN] PackLoader:240 - Cannot read IP mode file for wolfSSL.I-CUBE-wolfSSL.5.5.4
2024-01-27 20:51:22,261 [WARN] PackLoader:240 - Cannot read IP mode file for STMicroelectronics.X-CUBE-NFC7.1.0.1
2024-01-27 20:51:22,280 [WARN] PackLoader:240 - Cannot read IP mode file for STMicroelectronics.X-CUBE-NFC7.1.0.0
2024-01-27 20:51:22,304 [WARN] PackLoader:240 - Cannot read IP mode file for STMicroelectronics.X-CUBE-NFC6.3.0.0
2024-01-27 20:51:22,323 [WARN] PackLoader:240 - Cannot read IP mode file for STMicroelectronics.X-CUBE-EEPRMA1.4.1.0
2024-01-27 20:51:22,338 [WARN] PackLoader:240 - Cannot read IP mode file for STMicroelectronics.X-CUBE-AI.8.1.0
2024-01-27 20:51:22,374 [WARN] ConditionMgr:438 - getConditionDescription Invalid condition id : LAN8742 Phy interface Condition cause : null
2024-01-27 20:51:22,375 [WARN] PackLoader:240 - Cannot read IP mode file for STMicroelectronics.X-CUBE-AZRTOS-L4.2.0.0
2024-01-27 20:51:22,376 [WARN] ConditionMgr:1039 - genDependencies : Invalid condition id : LAN8742 Phy interface Condition cause : null
2024-01-27 20:51:22,376 [WARN] ConditionMgr:1039 - genDependencies : Invalid condition id : LAN8742 Phy interface Condition cause : null
2024-01-27 20:51:22,377 [WARN] ConditionMgr:1039 - genDependencies : Invalid condition id : LAN8742 Phy interface Condition cause : null
2024-01-27 20:51:22,394 [WARN] PackLoader:240 - Cannot read IP mode file for STMicroelectronics.X-CUBE-SFXS2LP1.4.0.0
2024-01-27 20:51:22,433 [WARN] PackLoader:240 - Cannot read IP mode file for STMicroelectronics.X-CUBE-AZRTOS-H7.3.0.0
2024-01-27 20:51:22,449 [WARN] PackLoader:240 - Cannot read IP mode file for STMicroelectronics.X-CUBE-ISPU.1.1.0
2024-01-27 20:51:22,464 [WARN] PackLoader:240 - Cannot read IP mode file for RoweBots.I-CUBE-UNISONRTOS.5.5.0-4
2024-01-27 20:51:22,480 [WARN] PackLoader:240 - Cannot read IP mode file for STMicroelectronics.X-CUBE-AI.8.0.0
2024-01-27 20:51:22,506 [WARN] ConditionMgr:438 - getConditionDescription Invalid condition id : UX DEVICE CLASS RTOS Condition cause : null
2024-01-27 20:51:22,506 [WARN] ConditionMgr:438 - getConditionDescription Invalid condition id : UX DEVICE CLASS RTOS Condition cause : null
2024-01-27 20:51:22,508 [WARN] PackLoader:240 - Cannot read IP mode file for STMicroelectronics.X-CUBE-AZRTOS-WB.2.0.0
2024-01-27 20:51:22,509 [WARN] ConditionMgr:1039 - genDependencies : Invalid condition id : UX DEVICE CLASS RTOS Condition cause : null
2024-01-27 20:51:22,509 [WARN] ConditionMgr:1039 - genDependencies : Invalid condition id : UX DEVICE CLASS RTOS Condition cause : null
2024-01-27 20:51:22,509 [WARN] ConditionMgr:1039 - genDependencies : Invalid condition id : UX DEVICE CLASS RTOS Condition cause : null
2024-01-27 20:51:22,509 [WARN] ConditionMgr:1039 - genDependencies : Invalid condition id : UX DEVICE CLASS RTOS Condition cause : null
2024-01-27 20:51:22,510 [WARN] ConditionMgr:1039 - genDependencies : Invalid condition id : UX DEVICE CLASS RTOS Condition cause : null
2024-01-27 20:51:22,525 [WARN] PackLoader:240 - Cannot read IP mode file for STMicroelectronics.X-CUBE-FREERTOS.1.0.1
2024-01-27 20:51:22,552 [WARN] PackLoader:240 - Cannot read IP mode file for STMicroelectronics.X-CUBE-AZRTOS-L5.1.1.0
2024-01-27 20:51:22,574 [WARN] PackLoader:240 - Cannot read IP mode file for STMicroelectronics.X-CUBE-SUBG2.5.0.0
2024-01-27 20:51:22,598 [WARN] PackLoader:240 - Cannot read IP mode file for STMicroelectronics.X-CUBE-TOF1.3.3.1
2024-01-27 20:51:22,633 [WARN] PackLoader:240 - Cannot read IP mode file for STMicroelectronics.X-CUBE-AZRTOS-G4.2.0.0
2024-01-27 20:51:22,647 [WARN] PackLoader:240 - Cannot read IP mode file for STMicroelectronics.FP-ATR-ASTRA1.1.1.1
2024-01-27 20:51:22,671 [WARN] PackLoader:240 - Cannot read IP mode file for Infineon.AIROC-Wi-Fi-Bluetooth-STM32.1.5.1
2024-01-27 20:51:22,690 [WARN] PackLoader:240 - Cannot read IP mode file for STMicroelectronics.FP-SNS-MOTENVWB1.1.3.0
2024-01-27 20:51:22,702 [WARN] PackLoader:240 - Cannot read IP mode file for STMicroelectronics.FP-SNS-MOTENVWB1.1.3.1
2024-01-27 20:51:22,729 [WARN] PackLoader:240 - Cannot read IP mode file for STMicroelectronics.X-CUBE-AZRTOS-G4.1.0.0
2024-01-27 20:51:22,757 [WARN] PackLoader:240 - Cannot read IP mode file for STMicroelectronics.X-CUBE-AZRTOS-L4.1.0.0
2024-01-27 20:51:22,772 [WARN] PackLoader:240 - Cannot read IP mode file for STMicroelectronics.X-CUBE-ISPU.2.0.0
2024-01-27 20:51:22,824 [WARN] PackLoader:240 - Cannot read IP mode file for STMicroelectronics.X-CUBE-MEMS1.10.0.0
2024-01-27 20:51:22,930 [WARN] PackLoader:240 - Cannot read IP mode file for STMicroelectronics.X-CUBE-FREERTOS.1.1.0
2024-01-27 20:51:22,949 [WARN] PackLoader:240 - Cannot read IP mode file for STMicroelectronics.X-CUBE-AZRTOS-WL.1.0.0
2024-01-27 20:51:22,964 [WARN] PackLoader:240 - Cannot read IP mode file for portGmbH.I-Cube-SoM-uGOAL.1.1.0
2024-01-27 20:51:22,978 [WARN] PackLoader:240 - Cannot read IP mode file for STMicroelectronics.X-CUBE-ALS.1.0.1
2024-01-27 20:51:22,999 [WARN] PackLoader:240 - Cannot read IP mode file for STMicroelectronics.X-CUBE-AZRTOS-WB.1.1.0
2024-01-27 20:51:23,013 [WARN] PackLoader:240 - Cannot read IP mode file for STMicroelectronics.FP-ATR-ASTRA1.2.0.0
2024-01-27 20:51:23,030 [WARN] PackLoader:240 - Cannot read IP mode file for STMicroelectronics.X-CUBE-TOF1.3.4.0
2024-01-27 20:51:23,063 [WARN] PackLoader:240 - Cannot read IP mode file for STMicroelectronics.X-CUBE-AZRTOS-H7.3.2.0
2024-01-27 20:51:23,067 [INFO] ThirdParty:978 - Integrity check success = true
2024-01-27 20:51:23,068 [INFO] IntegrityCheckThread:100 - exiting critical section [integrity check]
2024-01-27 20:51:23,068 [INFO] IntegrityCheckThread:103 - End integrity checks thread
2024-01-27 20:51:42,837 [ERROR] LogOutputStream:75 - [STDERR_REDIRECT] SLF4J: Failed to load class "org.slf4j.impl.StaticLoggerBinder".
2024-01-27 20:51:42,838 [ERROR] LogOutputStream:75 - [STDERR_REDIRECT] SLF4J: Defaulting to no-operation (NOP) logger implementation
2024-01-27 20:51:42,839 [ERROR] LogOutputStream:75 - [STDERR_REDIRECT] SLF4J: See http://www.slf4j.org/codes.html#StaticLoggerBinder for further details.
